[2016.01.10-19.11.45:141][  0]Log file open, 01/10/16 14:11:45
[2016.01.10-19.11.45:141][  0]LogInit:Display: Running engine for game: Projet_Dash
[2016.01.10-19.11.45:141][  0]LogInit:Display: RandInit(1161202825) SRandInit(1161202825).
[2016.01.10-19.11.45:141][  0]LogTaskGraph: Started task graph with 4 named threads and 7 total threads.
[2016.01.10-19.11.45:141][  0]LogStats: Stats thread started at 0.085896
[2016.01.10-19.11.45:141][  0]LogInit: Version: 4.9.1-2689999+++depot+UE4-Releases+4.9
[2016.01.10-19.11.45:141][  0]LogInit: API Version: 2672455
[2016.01.10-19.11.45:141][  0]LogInit: Compiled (64-bit): Sep 14 2015 04:12:03
[2016.01.10-19.11.45:141][  0]LogInit: Compiled with Visual C++: 18.00.21005.01
[2016.01.10-19.11.45:141][  0]LogInit: Build Configuration: Development
[2016.01.10-19.11.45:141][  0]LogInit: Branch Name: ++depot+UE4-Releases+4.9
[2016.01.10-19.11.45:141][  0]LogInit: Command line:  
[2016.01.10-19.11.45:141][  0]LogInit: Base directory: C:/Program Files/Epic Games/4.9/Engine/Binaries/Win64/
[2016.01.10-19.11.45:141][  0]LogInit: Rocket: 1
[2016.01.10-19.11.45:154][  0]LogInit: Using libcurl 7.41.0
[2016.01.10-19.11.45:154][  0]LogInit:  - built for x86_64-pc-win32
[2016.01.10-19.11.45:154][  0]LogInit:  - supports SSL with WinSSL
[2016.01.10-19.11.45:154][  0]LogInit:  - other features:
[2016.01.10-19.11.45:154][  0]LogInit:      CURL_VERSION_SSL
[2016.01.10-19.11.45:154][  0]LogInit:      CURL_VERSION_IPV6
[2016.01.10-19.11.45:154][  0]LogInit:      CURL_VERSION_ASYNCHDNS
[2016.01.10-19.11.45:154][  0]LogInit:      CURL_VERSION_LARGEFILE
[2016.01.10-19.11.45:154][  0]LogInit:      CURL_VERSION_IDN
[2016.01.10-19.11.45:154][  0]LogInit:  CurlRequestOptions (configurable via config and command line):
[2016.01.10-19.11.45:154][  0]LogInit:  - bVerifyPeer = true  - Libcurl will verify peer certificate
[2016.01.10-19.11.45:154][  0]LogInit:  - bUseHttpProxy = false  - Libcurl will NOT use HTTP proxy
[2016.01.10-19.11.45:154][  0]LogInit:  - bDontReuseConnections = false  - Libcurl will reuse connections
[2016.01.10-19.11.45:154][  0]LogInit:  - CertBundlePath = nullptr  - Libcurl will use whatever was configured at build time.
[2016.01.10-19.11.45:165][  0]LogInit: Presizing for 0 objects not considered by GC, pre-allocating 0 bytes.
[2016.01.10-19.11.45:174][  0]LogInit: Object subsystem initialized
[2016.01.10-19.11.45:176][  0]LogInit: Selected Device Profile: [Windows]
[2016.01.10-19.11.45:176][  0]LogInit: Applying CVar settings loaded from the selected device profile: [Windows]
[2016.01.10-19.11.45:186][  0]LogInit: Computer: YOANLESOUDER-PC
[2016.01.10-19.11.45:186][  0]LogInit: User: YoanLeSouder
[2016.01.10-19.11.45:186][  0]LogInit: CPU Page size=4096, Cores=4
[2016.01.10-19.11.45:186][  0]LogInit: High frequency timer resolution =2.141552 MHz
[2016.01.10-19.11.45:186][  0]LogMemory: Memory total: Physical=5.9GB (6GB approx)
[2016.01.10-19.11.45:186][  0]LogMemory: Platform Memory Stats for Windows
[2016.01.10-19.11.45:186][  0]LogMemory: Process Physical Memory: 55.98 MB used, 55.98 MB peak
[2016.01.10-19.11.45:186][  0]LogMemory: Process Virtual Memory: 57.75 MB used, 57.75 MB peak
[2016.01.10-19.11.45:186][  0]LogMemory: Physical Memory: 4216.94 MB used, 6091.86 MB total
[2016.01.10-19.11.45:186][  0]LogMemory: Virtual Memory: 338.92 MB used, 8388608.00 MB total
[2016.01.10-19.11.45:840][  0]LogTextLocalizationManager: No translations for ('fr-FR') exist, falling back to 'en' for localization and internationalization data.
[2016.01.10-19.11.46:993][  0]LogD3D11RHI: Found D3D11 adapter 0: NVIDIA GeForce GT 555M (Feature Level 11_0)
[2016.01.10-19.11.46:993][  0]LogD3D11RHI: Adapter has 1489MB of dedicated video memory, 0MB of dedicated system memory, and 2559MB of shared system memory, 1 output[s]
[2016.01.10-19.11.47:016][  0]LogD3D11RHI: Found D3D11 adapter 1: NVIDIA GeForce GT 555M (Feature Level 11_0)
[2016.01.10-19.11.47:016][  0]LogD3D11RHI: Adapter has 1489MB of dedicated video memory, 0MB of dedicated system memory, and 2559MB of shared system memory, 0 output[s]
[2016.01.10-19.11.47:016][  0]LogD3D11RHI: Chosen D3D11 Adapter Id = 0
[2016.01.10-19.11.47:025][  0]LogD3D11RHI: !Direct3DDevice
[2016.01.10-19.11.47:026][  0]LogRHI: Texture pool is 1361 MB (70% of 1945 MB)
[2016.01.10-19.11.47:045][  0]LogD3D11RHI: Async texture creation enabled
[2016.01.10-19.11.47:061][  0]LogShaderCompilers: Guid format shader working directory is 15 characters bigger than the processId version (../../../../../../Users/Yoan Le Souder/Desktop/ProjetDash_01/Intermediate/Shaders/WorkingDirectory/1840/).
[2016.01.10-19.11.47:062][  0]LogShaderCompilers: Cleaned the shader compiler working directory '../../../../../../Users/Yoan Le Souder/Desktop/ProjetDash_01/Intermediate/Shaders/tmp/585444004273CF6EB2DA12B853D3032F/'.
[2016.01.10-19.11.47:062][  0]LogShaderCompilers:Display: Using Local Shader Compiler.
[2016.01.10-19.11.50:229][  0]LogTemp:Display: Loaded TP AllDesktopTargetPlatform
[2016.01.10-19.11.50:237][  0]LogTemp:Display: Loaded TP WindowsClientTargetPlatform
[2016.01.10-19.11.50:245][  0]LogTemp:Display: Loaded TP WindowsNoEditorTargetPlatform
[2016.01.10-19.11.50:253][  0]LogTemp:Display: Loaded TP WindowsServerTargetPlatform
[2016.01.10-19.11.50:261][  0]LogTemp:Display: Loaded TP WindowsTargetPlatform
[2016.01.10-19.11.50:266][  0]LogTemp:Display: Loaded TP AndroidTargetPlatform
[2016.01.10-19.11.50:271][  0]LogTemp:Display: Loaded TP Android_ASTCTargetPlatform
[2016.01.10-19.11.50:276][  0]LogTemp:Display: Loaded TP Android_ATCTargetPlatform
[2016.01.10-19.11.50:281][  0]LogTemp:Display: Loaded TP Android_DXTTargetPlatform
[2016.01.10-19.11.50:286][  0]LogTemp:Display: Loaded TP Android_ETC1TargetPlatform
[2016.01.10-19.11.50:291][  0]LogTemp:Display: Loaded TP Android_ETC2TargetPlatform
[2016.01.10-19.11.50:297][  0]LogTemp:Display: Loaded TP Android_PVRTCTargetPlatform
[2016.01.10-19.11.50:298][  0]LogTemp:Display: Loaded TP HTML5TargetPlatform
[2016.01.10-19.11.50:318][  0]LogTemp:Display: Loaded TP IOSTargetPlatform
[2016.01.10-19.11.50:322][  0]LogTemp:Display: Loaded TP LinuxNoEditorTargetPlatform
[2016.01.10-19.11.50:327][  0]LogTemp:Display: Loaded TP LinuxServerTargetPlatform
[2016.01.10-19.11.50:333][  0]LogTemp:Display: Loaded TP LinuxTargetPlatform
[2016.01.10-19.11.50:333][  0]LogTargetPlatformManager:Display: Building Assets For Windows
[2016.01.10-19.11.50:466][  0]LogDerivedDataCache:Display: Max Cache Size: 512 MB
[2016.01.10-19.11.50:519][  0]LogDerivedDataCache: Loaded boot cache 0.05s 41MB C:/Users/Yoan Le Souder/AppData/Local/UnrealEngine/4.9/DerivedDataCache/Boot.ddc.
[2016.01.10-19.11.50:519][  0]LogDerivedDataCache:Display: Loaded Boot cache: C:/Users/Yoan Le Souder/AppData/Local/UnrealEngine/4.9/DerivedDataCache/Boot.ddc
[2016.01.10-19.11.50:519][  0]LogDerivedDataCache: FDerivedDataBackendGraph:  Pak pak cache file ../../../../../../Users/Yoan Le Souder/Desktop/ProjetDash_01/DerivedDataCache/DDC.ddp not found, will not use a pak cache.
[2016.01.10-19.11.50:519][  0]LogDerivedDataCache: Unable to find inner node Pak for hierarchical cache Hierarchy.
[2016.01.10-19.11.50:520][  0]LogDerivedDataCache: FDerivedDataBackendGraph:  CompressedPak pak cache file ../../../../../../Users/Yoan Le Souder/Desktop/ProjetDash_01/DerivedDataCache/Compressed.ddp not found, will not use a pak cache.
[2016.01.10-19.11.50:520][  0]LogDerivedDataCache: Unable to find inner node CompressedPak for hierarchical cache Hierarchy.
[2016.01.10-19.11.50:708][  0]LogDerivedDataCache:Display: Pak cache opened for reading ../../../Engine/DerivedDataCache/Compressed.ddp.
[2016.01.10-19.11.50:720][  0]LogDerivedDataCache: Using Local data cache path C:/Users/Yoan Le Souder/AppData/Local/UnrealEngine/Common/DerivedDataCache: Writable
[2016.01.10-19.11.52:139][  0]LogInit: Selected Device Profile: [Windows]
[2016.01.10-19.11.52:140][  0]LogContentStreaming: Texture pool size is 0.000000MB
[2016.01.10-19.11.52:177][  0]LogMeshUtilities: No automatic mesh reduction module available
[2016.01.10-19.11.52:177][  0]LogMeshUtilities: No automatic mesh merging module available
[2016.01.10-19.11.52:771][  0]LogInit: WinSock: version 1.1 (2.2), MaxSocks=32767, MaxUdp=65467
[2016.01.10-19.12.15:250][  0]UdpMessaging: Initializing bridge on interface 0.0.0.0:0 to multicast group 230.0.0.1:6666.
[2016.01.10-19.12.15:480][  0]LogAssetRegistry: FAssetRegistry took 0.0103 seconds to start up
[2016.01.10-19.12.15:726][  0]SourceControl: Info Source control is disabled
[2016.01.10-19.12.15:728][  0]SourceControl: Info Source control is disabled
[2016.01.10-19.12.15:746][  0]SourceControl: Info Source control is disabled
[2016.01.10-19.12.15:763][  0]SourceControl: Info Source control is disabled
[2016.01.10-19.12.16:104][  0]LogLinker:Warning: Asset '../../../Engine/Plugins/Runtime/LeapMotionController/Content/LM_PassthroughMaterial.uasset' has been saved with empty engine version. The asset will be loaded but may be incompatible.
[2016.01.10-19.12.16:235][  0]LogObj: 28361 objects as part of root set at end of initial load.
[2016.01.10-19.12.16:235][  0]LogUObjectAllocator: 6038872 out of 0 bytes used by permanent object pool.
[2016.01.10-19.12.16:306][  0]LogEngine: Initializing Engine...
[2016.01.10-19.12.16:311][  0]LogHMD: Can't find Oculus library dev build: is proper Runtime installed? Version: 0.7.0.0
[2016.01.10-19.12.16:311][  0]LogHMD: SteamVR failed to initialize.  Err: 110
[2016.01.10-19.12.16:479][  0]LogAIModule: Creating AISystem for world NewWorld
[2016.01.10-19.12.16:486][  0]LogInit: XAudio2 using 'Haut-parleurs/écouteurs (Realtek High Definition Audio)' : 2 channels at 48 kHz using 32 bits per sample (channel mask 0x3)
[2016.01.10-19.12.16:622][  0]LogInit: FAudioDevice initialized.
[2016.01.10-19.12.16:675][  0]LogDerivedDataCache: Saved boot cache 0.05s 41MB C:/Users/Yoan Le Souder/AppData/Local/UnrealEngine/4.9/DerivedDataCache/Boot.ddc.
[2016.01.10-19.12.16:681][  0]LogInit: Texture streaming: Enabled
[2016.01.10-19.12.16:690][  0]LogAnalytics: Creating configured Analytics provider AnalyticsET
[2016.01.10-19.12.16:690][  0]LogAnalytics: [UEEditor.Rocket.Release] APIServer = http://et2.epicgames.com/ET2/. AppVersion = 4.9.1-2689999+++depot+UE4-Releases+4.9
[2016.01.10-19.12.16:690][  0]LogAnalytics: [UEEditor.Rocket.Release] SetUserId 6e71478847d9abdb2e2760a477d6ee1d|c212bfc7f25844cc82235ea92ea15602|e0109c47-bb66-402a-bae8-a8a61ff632a4
[2016.01.10-19.12.16:690][  0]LogAnalytics: [UEEditor.Rocket.Release] AnalyticsET::StartSession
[2016.01.10-19.12.16:786][  0]LogInit: Transaction tracking system initialized
[2016.01.10-19.12.16:829][  0]BlueprintLog: New page: Editor Load
[2016.01.10-19.12.17:132][  0]LocalizationService: Info Localization service is disabled
[2016.01.10-19.12.17:450][  0]LogConsoleResponse:Display: 
[2016.01.10-19.12.17:593][  0]LogCook:Display: Done creating registry. It took  0.00s.
[2016.01.10-19.12.17:682][  0]LogFileCache: Scanning file cache for directory 'C:/Users/Yoan Le Souder/Desktop/ProjetDash_01/Content/' took 0.02s
[2016.01.10-19.12.17:682][  0]SourceControl: Info Source control is disabled
[2016.01.10-19.12.17:683][  0]Cmd: MAP LOAD FILE="../../../../../../Users/Yoan Le Souder/Desktop/ProjetDash_01/Content/FirstPersonBP/Maps/FirstPersonExampleMap.umap" TEMPLATE=0 SHOWPROGRESS=1 FEATURELEVEL=3
[2016.01.10-19.12.17:683][  0]LightingResults: New page: Lighting Build
[2016.01.10-19.12.17:688][  0]MapCheck: New page: Map Check
[2016.01.10-19.12.17:688][  0]LightingResults: New page: Lighting Build
[2016.01.10-19.12.17:700][  0]LogParticles: Destroying 0 GPU particle simulations for FXSystem 0x00000000254F9DA0
[2016.01.10-19.12.17:704][  0]LogLinker:Warning: Can't find file '/Game/FirstPersonBP/Blueprints/AI/CustomAICharacter'
[2016.01.10-19.12.17:704][  0]LogLinker:Warning: Can't find file for asset '/Game/FirstPersonBP/Blueprints/AI/CustomAICharacter' while loading ../../../../../../Users/Yoan Le Souder/Desktop/ProjetDash_01/Content/FirstPersonBP/Maps/FirstPersonExampleMap.umap.
[2016.01.10-19.12.17:704][  0]LoadErrors:Error: Error /Game/FirstPersonBP/Maps/FirstPersonExampleMap : Can't find file for asset. /Game/FirstPersonBP/Blueprints/AI/CustomAICharacter
[2016.01.10-19.12.17:914][  0]LogLinker:Warning: Asset '../../../../../../Users/Yoan Le Souder/Desktop/ProjetDash_01/Content/FirstPerson/Meshes/FirstPersonProjectileMesh.uasset' has been saved with empty engine version. The asset will be loaded but may be incompatible.
[2016.01.10-19.12.18:700][  0]LogLinker:Warning: Can't find file '/Game/FirstPersonBP/Blueprints/AI/CustomAICharacter'
[2016.01.10-19.12.18:700][  0]LogLinker:Warning: Can't find file for asset '/Game/FirstPersonBP/Blueprints/AI/CustomAICharacter' while loading ../../../../../../Users/Yoan Le Souder/Desktop/ProjetDash_01/Content/FirstPersonBP/Maps/FirstPersonExampleMap.umap.
[2016.01.10-19.12.18:700][  0]LoadErrors:Error: Error /Game/FirstPersonBP/Maps/FirstPersonExampleMap : Can't find file for asset. /Game/FirstPersonBP/Blueprints/AI/CustomAICharacter
[2016.01.10-19.12.18:792][  0]LogLinker:Warning: Can't find file '/Game/FirstPersonBP/Blueprints/AI/CustomAICharacter'
[2016.01.10-19.12.18:792][  0]LogLinker:Warning: Can't find file for asset '/Game/FirstPersonBP/Blueprints/AI/CustomAICharacter' while loading ../../../../../../Users/Yoan Le Souder/Desktop/ProjetDash_01/Content/FirstPersonBP/Maps/FirstPersonExampleMap.umap.
[2016.01.10-19.12.18:793][  0]LoadErrors:Error: Error /Game/FirstPersonBP/Maps/FirstPersonExampleMap : Can't find file for asset. /Game/FirstPersonBP/Blueprints/AI/CustomAICharacter
[2016.01.10-19.12.18:793][  0]LogLinker:Warning: Can't find file '/Game/FirstPersonBP/Blueprints/AI/CustomAICharacter'
[2016.01.10-19.12.18:793][  0]LogLinker:Warning: Can't find file for asset '/Game/FirstPersonBP/Blueprints/AI/CustomAICharacter' while loading ../../../../../../Users/Yoan Le Souder/Desktop/ProjetDash_01/Content/FirstPersonBP/Maps/FirstPersonExampleMap.umap.
[2016.01.10-19.12.18:793][  0]LoadErrors:Error: Error /Game/FirstPersonBP/Maps/FirstPersonExampleMap : Can't find file for asset. /Game/FirstPersonBP/Blueprints/AI/CustomAICharacter
[2016.01.10-19.12.18:794][  0]LogLinker:Warning: Can't find file '/Game/FirstPersonBP/Blueprints/AI/CustomAICharacter'
[2016.01.10-19.12.18:794][  0]LogLinker:Warning: Can't find file for asset '/Game/FirstPersonBP/Blueprints/AI/CustomAICharacter' while loading ../../../../../../Users/Yoan Le Souder/Desktop/ProjetDash_01/Content/FirstPersonBP/Maps/FirstPersonExampleMap.umap.
[2016.01.10-19.12.18:794][  0]LoadErrors:Error: Error /Game/FirstPersonBP/Maps/FirstPersonExampleMap : Can't find file for asset. /Game/FirstPersonBP/Blueprints/AI/CustomAICharacter
[2016.01.10-19.12.18:797][  0]LogLinker:Warning: Can't find file '/Game/FirstPersonBP/Blueprints/AI/CustomAICharacter'
[2016.01.10-19.12.18:797][  0]LogLinker:Warning: Can't find file for asset '/Game/FirstPersonBP/Blueprints/AI/CustomAICharacter' while loading ../../../../../../Users/Yoan Le Souder/Desktop/ProjetDash_01/Content/FirstPersonBP/Maps/FirstPersonExampleMap.umap.
[2016.01.10-19.12.18:797][  0]LoadErrors:Error: Error /Game/FirstPersonBP/Maps/FirstPersonExampleMap : Can't find file for asset. /Game/FirstPersonBP/Blueprints/AI/CustomAICharacter
[2016.01.10-19.12.18:803][  0]LogLinker:Warning: Can't find file '/Game/FirstPersonBP/Blueprints/AI/CustomAICharacter'
[2016.01.10-19.12.18:803][  0]LogLinker:Warning: Can't find file for asset '/Game/FirstPersonBP/Blueprints/AI/CustomAICharacter' while loading ../../../../../../Users/Yoan Le Souder/Desktop/ProjetDash_01/Content/FirstPersonBP/Maps/FirstPersonExampleMap.umap.
[2016.01.10-19.12.18:803][  0]LoadErrors:Error: Error /Game/FirstPersonBP/Maps/FirstPersonExampleMap : Can't find file for asset. /Game/FirstPersonBP/Blueprints/AI/CustomAICharacter
[2016.01.10-19.12.18:808][  0]LogLinker:Warning: Can't find file '/Game/FirstPersonBP/Blueprints/AI/CustomAICharacter'
[2016.01.10-19.12.18:809][  0]LogLinker:Warning: Can't find file for asset '/Game/FirstPersonBP/Blueprints/AI/CustomAICharacter' while loading ../../../../../../Users/Yoan Le Souder/Desktop/ProjetDash_01/Content/FirstPersonBP/Maps/FirstPersonExampleMap.umap.
[2016.01.10-19.12.18:809][  0]LoadErrors:Error: Error /Game/FirstPersonBP/Maps/FirstPersonExampleMap : Can't find file for asset. /Game/FirstPersonBP/Blueprints/AI/CustomAICharacter
[2016.01.10-19.12.18:809][  0]LogLinker:Warning: Can't find file '/Game/FirstPersonBP/Blueprints/AI/CustomAICharacter'
[2016.01.10-19.12.18:810][  0]LogLinker:Warning: Can't find file for asset '/Game/FirstPersonBP/Blueprints/AI/CustomAICharacter' while loading ../../../../../../Users/Yoan Le Souder/Desktop/ProjetDash_01/Content/FirstPersonBP/Maps/FirstPersonExampleMap.umap.
[2016.01.10-19.12.18:810][  0]LoadErrors:Error: Error /Game/FirstPersonBP/Maps/FirstPersonExampleMap : Can't find file for asset. /Game/FirstPersonBP/Blueprints/AI/CustomAICharacter
[2016.01.10-19.12.18:810][  0]LogLinker:Warning: Can't find file '/Game/FirstPersonBP/Blueprints/AI/CustomAICharacter'
[2016.01.10-19.12.18:811][  0]LogLinker:Warning: Can't find file for asset '/Game/FirstPersonBP/Blueprints/AI/CustomAICharacter' while loading ../../../../../../Users/Yoan Le Souder/Desktop/ProjetDash_01/Content/FirstPersonBP/Maps/FirstPersonExampleMap.umap.
[2016.01.10-19.12.18:811][  0]LoadErrors:Error: Error /Game/FirstPersonBP/Maps/FirstPersonExampleMap : Can't find file for asset. /Game/FirstPersonBP/Blueprints/AI/CustomAICharacter
[2016.01.10-19.12.18:812][  0]LogLinker:Warning: Can't find file '/Game/FirstPersonBP/Blueprints/AI/CustomAICharacter'
[2016.01.10-19.12.18:812][  0]LogLinker:Warning: Can't find file for asset '/Game/FirstPersonBP/Blueprints/AI/CustomAICharacter' while loading NULL.
[2016.01.10-19.12.18:813][  0]LogLinker:Warning: Can't find file '/Game/FirstPersonBP/Blueprints/AI/CustomAICharacter'
[2016.01.10-19.12.18:813][  0]LogLinker:Warning: Can't find file for asset '/Game/FirstPersonBP/Blueprints/AI/CustomAICharacter' while loading NULL.
[2016.01.10-19.12.18:813][  0]LogLinker:Warning: Can't find file '/Game/FirstPersonBP/Blueprints/AI/CustomAICharacter'
[2016.01.10-19.12.18:813][  0]LogLinker:Warning: Can't find file for asset '/Game/FirstPersonBP/Blueprints/AI/CustomAICharacter' while loading NULL.
[2016.01.10-19.12.18:813][  0]LogLinker:Warning: Can't find file '/Game/FirstPersonBP/Blueprints/AI/CustomAICharacter'
[2016.01.10-19.12.18:814][  0]LogLinker:Warning: Can't find file for asset '/Game/FirstPersonBP/Blueprints/AI/CustomAICharacter' while loading NULL.
[2016.01.10-19.12.18:814][  0]LogLinker:Warning: Can't find file '/Game/FirstPersonBP/Blueprints/AI/CustomAICharacter'
[2016.01.10-19.12.18:814][  0]LogLinker:Warning: Can't find file for asset '/Game/FirstPersonBP/Blueprints/AI/CustomAICharacter' while loading NULL.
[2016.01.10-19.12.18:814][  0]LogLinker:Warning: Can't find file '/Game/FirstPersonBP/Blueprints/AI/CustomAICharacter'
[2016.01.10-19.12.18:814][  0]LogLinker:Warning: Can't find file for asset '/Game/FirstPersonBP/Blueprints/AI/CustomAICharacter' while loading NULL.
[2016.01.10-19.12.18:815][  0]LogLinker:Warning: Can't find file '/Game/FirstPersonBP/Blueprints/AI/CustomAICharacter'
[2016.01.10-19.12.18:815][  0]LogLinker:Warning: Can't find file for asset '/Game/FirstPersonBP/Blueprints/AI/CustomAICharacter' while loading NULL.
[2016.01.10-19.12.18:815][  0]LogLinker:Warning: Can't find file '/Game/FirstPersonBP/Blueprints/AI/CustomAICharacter'
[2016.01.10-19.12.18:815][  0]LogLinker:Warning: Can't find file for asset '/Game/FirstPersonBP/Blueprints/AI/CustomAICharacter' while loading NULL.
[2016.01.10-19.12.18:815][  0]LogLinker:Warning: Can't find file '/Game/FirstPersonBP/Blueprints/AI/CustomAICharacter'
[2016.01.10-19.12.18:815][  0]LogLinker:Warning: Can't find file for asset '/Game/FirstPersonBP/Blueprints/AI/CustomAICharacter' while loading NULL.
[2016.01.10-19.12.18:816][  0]LogLinker:Warning: Can't find file '/Game/FirstPersonBP/Blueprints/AI/CustomAICharacter'
[2016.01.10-19.12.18:816][  0]LogLinker:Warning: Can't find file for asset '/Game/FirstPersonBP/Blueprints/AI/CustomAICharacter' while loading NULL.
[2016.01.10-19.12.18:818][  0]LogLinker:Warning: Can't find file '/Game/FirstPersonBP/Blueprints/AI/CustomAICharacter'
[2016.01.10-19.12.18:818][  0]LogLinker:Warning: Can't find file for asset '/Game/FirstPersonBP/Blueprints/AI/CustomAICharacter' while loading NULL.
[2016.01.10-19.12.18:818][  0]LogLinker:Warning: Can't find file '/Game/FirstPersonBP/Blueprints/AI/CustomAICharacter'
[2016.01.10-19.12.18:819][  0]LogLinker:Warning: Can't find file for asset '/Game/FirstPersonBP/Blueprints/AI/CustomAICharacter' while loading NULL.
[2016.01.10-19.12.18:829][  0]LogLinker:Warning: Can't find file '/Game/FirstPersonBP/Blueprints/AI/CustomAICharacter'
[2016.01.10-19.12.18:830][  0]LogLinker:Warning: Can't find file for asset '/Game/FirstPersonBP/Blueprints/AI/CustomAICharacter' while loading NULL.
[2016.01.10-19.12.18:830][  0]LogLinker:Warning: Can't find file '/Game/FirstPersonBP/Blueprints/AI/CustomAICharacter'
[2016.01.10-19.12.18:830][  0]LogLinker:Warning: Can't find file for asset '/Game/FirstPersonBP/Blueprints/AI/CustomAICharacter' while loading NULL.
[2016.01.10-19.12.18:830][  0]LogLinker:Warning: Can't find file '/Game/FirstPersonBP/Blueprints/AI/CustomAICharacter'
[2016.01.10-19.12.18:831][  0]LogLinker:Warning: Can't find file for asset '/Game/FirstPersonBP/Blueprints/AI/CustomAICharacter' while loading NULL.
[2016.01.10-19.12.18:831][  0]LogLinker:Warning: Can't find file '/Game/FirstPersonBP/Blueprints/AI/CustomAICharacter'
[2016.01.10-19.12.18:831][  0]LogLinker:Warning: Can't find file for asset '/Game/FirstPersonBP/Blueprints/AI/CustomAICharacter' while loading NULL.
[2016.01.10-19.12.18:831][  0]LogLinker:Warning: Can't find file '/Game/FirstPersonBP/Blueprints/AI/CustomAICharacter'
[2016.01.10-19.12.18:831][  0]LogLinker:Warning: Can't find file for asset '/Game/FirstPersonBP/Blueprints/AI/CustomAICharacter' while loading NULL.
[2016.01.10-19.12.18:832][  0]LogLinker:Warning: Can't find file '/Game/FirstPersonBP/Blueprints/AI/CustomAICharacter'
[2016.01.10-19.12.18:832][  0]LogLinker:Warning: Can't find file for asset '/Game/FirstPersonBP/Blueprints/AI/CustomAICharacter' while loading NULL.
[2016.01.10-19.12.18:835][  0]LogLinker:Warning: Can't find file '/Game/FirstPersonBP/Blueprints/AI/CustomAICharacter'
[2016.01.10-19.12.18:835][  0]LogLinker:Warning: Can't find file for asset '/Game/FirstPersonBP/Blueprints/AI/CustomAICharacter' while loading NULL.
[2016.01.10-19.12.18:835][  0]LogLinker:Warning: Can't find file '/Game/FirstPersonBP/Blueprints/AI/CustomAICharacter'
[2016.01.10-19.12.18:835][  0]LogLinker:Warning: Can't find file for asset '/Game/FirstPersonBP/Blueprints/AI/CustomAICharacter' while loading NULL.
[2016.01.10-19.12.18:839][  0]LogLinker:Warning: Can't find file '/Game/FirstPersonBP/Blueprints/AI/CustomAICharacter'
[2016.01.10-19.12.18:839][  0]LogLinker:Warning: Can't find file for asset '/Game/FirstPersonBP/Blueprints/AI/CustomAICharacter' while loading NULL.
[2016.01.10-19.12.18:840][  0]LogLinker:Warning: Can't find file '/Game/FirstPersonBP/Blueprints/AI/CustomAICharacter'
[2016.01.10-19.12.18:840][  0]LogLinker:Warning: Can't find file for asset '/Game/FirstPersonBP/Blueprints/AI/CustomAICharacter' while loading NULL.
[2016.01.10-19.12.18:844][  0]LogLinker:Warning: Can't find file '/Game/FirstPersonBP/Blueprints/AI/CustomAICharacter'
[2016.01.10-19.12.18:844][  0]LogLinker:Warning: Can't find file for asset '/Game/FirstPersonBP/Blueprints/AI/CustomAICharacter' while loading NULL.
[2016.01.10-19.12.18:844][  0]LogLinker:Warning: Can't find file '/Game/FirstPersonBP/Blueprints/AI/CustomAICharacter'
[2016.01.10-19.12.18:845][  0]LogLinker:Warning: Can't find file for asset '/Game/FirstPersonBP/Blueprints/AI/CustomAICharacter' while loading NULL.
[2016.01.10-19.12.18:847][  0]LogLinker:Warning: Can't find file '/Game/FirstPersonBP/Blueprints/AI/CustomAICharacter'
[2016.01.10-19.12.18:847][  0]LogLinker:Warning: Can't find file for asset '/Game/FirstPersonBP/Blueprints/AI/CustomAICharacter' while loading NULL.
[2016.01.10-19.12.18:847][  0]LogLinker:Warning: Can't find file '/Game/FirstPersonBP/Blueprints/AI/CustomAICharacter'
[2016.01.10-19.12.18:847][  0]LogLinker:Warning: Can't find file for asset '/Game/FirstPersonBP/Blueprints/AI/CustomAICharacter' while loading NULL.
[2016.01.10-19.12.18:862][  0]LogLinker:Warning: Can't find file '/Game/FirstPersonBP/Blueprints/AI/CustomAICharacter'
[2016.01.10-19.12.18:862][  0]LogLinker:Warning: Can't find file for asset '/Game/FirstPersonBP/Blueprints/AI/CustomAICharacter' while loading NULL.
[2016.01.10-19.12.18:863][  0]LogLinker:Warning: Can't find file '/Game/FirstPersonBP/Blueprints/AI/CustomAICharacter'
[2016.01.10-19.12.18:863][  0]LoadErrors: Info Failed to load /Game/FirstPersonBP/Blueprints/AI/CustomAICharacter.CustomAICharacter_C Referenced by PersistentLevel
[2016.01.10-19.12.18:863][  0]LogLinker:Warning: Can't find file for asset '/Game/FirstPersonBP/Blueprints/AI/CustomAICharacter' while loading NULL.
[2016.01.10-19.12.18:863][  0]LoadErrors: Info Failed to load /Game/FirstPersonBP/Blueprints/AI/CustomAICharacter.CustomAICharacter_C Referenced by PersistentLevel
[2016.01.10-19.12.19:862][  0]LogAIModule: Creating AISystem for world FirstPersonExampleMap
[2016.01.10-19.12.19:894][  0]LogEditorServer: Finished looking for orphan Actors (0.000 secs)
[2016.01.10-19.12.19:895][  0]Cmd: MAP CHECKDEP NOCLEARLOG
[2016.01.10-19.12.20:005][  0]MapCheck: Info Map check complete: 0 Error(s), 0 Warning(s), took 109.852ms to complete.
[2016.01.10-19.12.20:005][  0]LogFileHelpers: Loading map 'FirstPersonExampleMap' took 2.323
[2016.01.10-19.12.20:366][  0]LogCollectionManager: Loaded 0 collections in 0.004015 seconds
[2016.01.10-19.12.20:409][  0]LogFileCache: Scanning file cache for directory 'C:/Users/Yoan Le Souder/Desktop/ProjetDash_01/Saved/Collections/' took 0.01s
[2016.01.10-19.12.20:409][  0]LogFileCache: Scanning file cache for directory 'C:/Users/Yoan Le Souder/Desktop/ProjetDash_01/Content/Developers/YoanLeSouder/Collections/' took 0.01s
[2016.01.10-19.12.20:409][  0]LogFileCache: Scanning file cache for directory 'C:/Users/Yoan Le Souder/Desktop/ProjetDash_01/Content/Collections/' took 0.01s
[2016.01.10-19.12.20:409][  0]LogContentBrowser: Native class hierarchy populated in 0.0089 seconds. Added 1867 classes and 333 folders.
[2016.01.10-19.12.20:416][  0]LogCollectionManager: Rebuilt the GUID cache for 0 collections in 0.000003 seconds
[2016.01.10-19.12.20:426][  0]LogContentBrowser: Native class hierarchy updated for 'WidgetCarousel' in 0.0005 seconds. Added 0 classes and 0 folders.
[2016.01.10-19.12.25:115][  0]LogContentBrowser: Native class hierarchy updated for 'AddContentDialog' in 0.0016 seconds. Added 0 classes and 0 folders.
[2016.01.10-19.12.25:134][  0]LogContentBrowser: Native class hierarchy updated for 'SceneOutliner' in 0.0010 seconds. Added 1 classes and 2 folders.
[2016.01.10-19.12.25:233][  0]LogCrashTracker: Crashtracker disabled due to settings.
[2016.01.10-19.12.25:251][  0]LogUObjectGlobals:Warning: Failed to find object 'Class None.'
[2016.01.10-19.12.25:272][  0]LogLoad: Full Startup: 40.86 seconds (BP compile: 0.58 seconds)
[2016.01.10-19.12.25:294][  0]LoadErrors:Warning: Warning CreateExport: Failed to load Outer for resource 'Arrow': CustomAICharacter_C /Game/FirstPersonBP/Maps/FirstPersonExampleMap.FirstPersonExampleMap:PersistentLevel.CustomAICharacter_C_1
[2016.01.10-19.12.25:294][  0]LoadErrors:Warning: Warning CreateExport: Failed to load Outer for resource 'CollisionCylinder': CustomAICharacter_C /Game/FirstPersonBP/Maps/FirstPersonExampleMap.FirstPersonExampleMap:PersistentLevel.CustomAICharacter_C_1
[2016.01.10-19.12.25:294][  0]LoadErrors:Warning: Warning CreateExport: Failed to load Outer for resource 'ExplosionCol': CustomAICharacter_C /Game/FirstPersonBP/Maps/FirstPersonExampleMap.FirstPersonExampleMap:PersistentLevel.CustomAICharacter_C_1
[2016.01.10-19.12.25:294][  0]LoadErrors:Warning: Warning CreateExport: Failed to load Outer for resource 'CharMoveComp': CustomAICharacter_C /Game/FirstPersonBP/Maps/FirstPersonExampleMap.FirstPersonExampleMap:PersistentLevel.CustomAICharacter_C_1
[2016.01.10-19.12.25:294][  0]LoadErrors:Warning: Warning CreateExport: Failed to load Outer for resource 'PawnSensing': CustomAICharacter_C /Game/FirstPersonBP/Maps/FirstPersonExampleMap.FirstPersonExampleMap:PersistentLevel.CustomAICharacter_C_1
[2016.01.10-19.12.25:294][  0]LoadErrors:Warning: Warning CreateExport: Failed to load Outer for resource 'CharacterMesh0': CustomAICharacter_C /Game/FirstPersonBP/Maps/FirstPersonExampleMap.FirstPersonExampleMap:PersistentLevel.CustomAICharacter_C_1
[2016.01.10-19.12.25:294][  0]LoadErrors:Warning: Warning CreateExport: Failed to load Outer for resource 'StaticMesh': CustomAICharacter_C /Game/FirstPersonBP/Maps/FirstPersonExampleMap.FirstPersonExampleMap:PersistentLevel.CustomAICharacter_C_1
[2016.01.10-19.12.25:376][  0]LogContentStreaming: Texture pool size now 200 MB
[2016.01.10-19.12.26:639][  0]LogRenderer: Reallocating scene render targets to support 928x404 (Frame:2).
[2016.01.10-19.12.27:386][  7]LogAssetRegistry: Asset discovery search completed in 11.9153 seconds
[2016.01.10-19.12.27:386][  7]LogCollectionManager: Rebuilt the object cache for 0 collections in 0.000001 seconds (found 0 objects)
[2016.01.10-19.12.27:386][  7]LogCollectionManager: Fixed up redirectors for 0 collections in 0.000030 seconds (updated 0 objects)
[2016.01.10-19.15.27:728][373]LogAIModule: Creating AISystem for world Level1
[2016.01.10-19.15.27:801][373]LogActorComponent: UnregisterComponent: (/Engine/Transient.ProjectileMovementComponent_40__A6522401) Not registered. Aborting.
[2016.01.10-19.15.27:801][373]LogActorComponent: UnregisterComponent: (/Engine/Transient.ProjectileMovementComponent_0) Not registered. Aborting.
[2016.01.10-19.15.27:801][373]LogActorComponent: UnregisterComponent: (/Engine/Transient.ProjectileMovementComponent_1) Not registered. Aborting.
[2016.01.10-19.15.27:914][373]Cmd: MAP LOAD FILE="../../../../../../Users/Yoan Le Souder/Desktop/ProjetDash_01/Content/FirstPersonBP/Maps/Level1.umap" TEMPLATE=0 SHOWPROGRESS=1 FEATURELEVEL=3
[2016.01.10-19.15.27:914][373]LightingResults: New page: Lighting Build
[2016.01.10-19.15.27:981][373]LoadErrors: New page: Loading map: Level1.umap
[2016.01.10-19.15.27:984][373]MapCheck: New page: Map Check
[2016.01.10-19.15.27:984][373]LightingResults: New page: Lighting Build
[2016.01.10-19.15.28:017][373]LogParticles: Destroying 0 GPU particle simulations for FXSystem 0x000000002BD013A0
[2016.01.10-19.15.28:115][373]LogEditorServer: Finished looking for orphan Actors (0.000 secs)
[2016.01.10-19.15.28:205][373]Cmd: MAP CHECKDEP NOCLEARLOG
[2016.01.10-19.15.28:476][373]MapCheck: Info Map check complete: 0 Error(s), 0 Warning(s), took 270.499ms to complete.
[2016.01.10-19.15.28:478][373]LogFileHelpers: Loading map 'Level1' took 0.566
[2016.01.10-19.15.43:143][955]LogEditorViewport: Clicking Background
[2016.01.10-19.46.04:526][645]LogEditorViewport: Clicking Background
[2016.01.10-19.46.13:751][809]LogAIModule: Creating AISystem for world Level3
[2016.01.10-19.46.13:786][809]LogActorComponent: UnregisterComponent: (/Engine/Transient.ProjectileMovementComponent_40__A6522401) Not registered. Aborting.
[2016.01.10-19.46.13:786][809]LogActorComponent: UnregisterComponent: (/Engine/Transient.ProjectileMovementComponent_2) Not registered. Aborting.
[2016.01.10-19.46.13:786][809]LogActorComponent: UnregisterComponent: (/Engine/Transient.ProjectileMovementComponent_3) Not registered. Aborting.
[2016.01.10-19.46.13:807][809]Cmd: MAP LOAD FILE="../../../../../../Users/Yoan Le Souder/Desktop/ProjetDash_01/Content/FirstPersonBP/Maps/Level3.umap" TEMPLATE=0 SHOWPROGRESS=1 FEATURELEVEL=3
[2016.01.10-19.46.13:807][809]LightingResults: New page: Lighting Build
[2016.01.10-19.46.13:845][809]LoadErrors: New page: Loading map: Level3.umap
[2016.01.10-19.46.13:847][809]MapCheck: New page: Map Check
[2016.01.10-19.46.13:847][809]LightingResults: New page: Lighting Build
[2016.01.10-19.46.13:866][809]LogParticles: Destroying 0 GPU particle simulations for FXSystem 0x000000002BA7ECA0
[2016.01.10-19.46.13:889][809]LogEditorServer: Finished looking for orphan Actors (0.000 secs)
[2016.01.10-19.46.13:965][809]Cmd: MAP CHECKDEP NOCLEARLOG
[2016.01.10-19.46.14:149][809]MapCheck: Info Map check complete: 0 Error(s), 0 Warning(s), took 184.2ms to complete.
[2016.01.10-19.46.14:151][809]LogFileHelpers: Loading map 'Level3' took 0.345
[2016.01.10-19.46.37:427][144]LogEditorViewport: Clicking on Actor (LMB): BP_Wall_C (BP_Wall103)
[2016.01.10-19.46.39:022][226]LogEditorViewport: Clicking Background
[2016.01.10-19.47.20:553][679]LogActorComponent: UnregisterComponent: (/Engine/Transient.ProjectileMovementComponent_40__A6522401) Not registered. Aborting.
[2016.01.10-19.47.20:554][679]LogActorComponent: UnregisterComponent: (/Engine/Transient.ProjectileMovementComponent_4) Not registered. Aborting.
[2016.01.10-19.47.20:554][679]LogActorComponent: UnregisterComponent: (/Engine/Transient.ProjectileMovementComponent_5) Not registered. Aborting.
[2016.01.10-19.47.21:188][679]LogSavePackage: Save=339.265167ms
[2016.01.10-19.47.21:188][679]LogSavePackage: Moving '../../../../../../Users/Yoan Le Souder/Desktop/ProjetDash_01/Saved/Level3FE9CADD84F126984DA021C8C22006385.tmp' to '../../../../../../Users/Yoan Le Souder/Desktop/ProjetDash_01/Content/FirstPersonBP/Maps/Level3.umap'
[2016.01.10-19.47.21:249][679]LogSavePackage: Total save time: 670.947053ms
[2016.01.10-19.47.21:249][679]LogSavePackage:Warning: Finished SavePackage ../../../../../../Users/Yoan Le Souder/Desktop/ProjetDash_01/Content/FirstPersonBP/Maps/Level3.umap
[2016.01.10-19.47.22:852][738]Cmd: QUIT_EDITOR
[2016.01.10-19.47.23:232][738]LogExit: Preparing to exit.
[2016.01.10-19.47.23:525][738]LogExit: Editor shut down
[2016.01.10-19.47.23:527][738]LogExit: Transaction tracking system shut down
[2016.01.10-19.47.23:532][738]LogParticles: Destroying 0 GPU particle simulations for FXSystem 0x0000000012C54E00
[2016.01.10-19.47.23:532][738]LogParticles: Destroying 0 GPU particle simulations for FXSystem 0x000000001BB86DE0
[2016.01.10-19.47.23:532][738]LogParticles: Destroying 0 GPU particle simulations for FXSystem 0x00000000336DB880
[2016.01.10-19.47.23:532][738]LogParticles: Destroying 0 GPU particle simulations for FXSystem 0x000000002BA7CEA0
[2016.01.10-19.47.23:532][738]LogParticles: Destroying 0 GPU particle simulations for FXSystem 0x000000003F8F7E20
[2016.01.10-19.47.23:697][738]LogExit: Object subsystem successfully closed.
[2016.01.10-19.47.23:719][738]LogD3D11RHI: Shutdown
[2016.01.10-19.47.23:719][738]LogD3D11RHI: CleanupD3DDevice
[2016.01.10-19.47.23:812][738]LogD3D11RHI: ~FD3D11DynamicRHI
[2016.01.10-19.47.23:873][738]LogModuleManager: Shutting down and abandoning module CrashTracker (197)
[2016.01.10-19.47.23:873][738]LogModuleManager: Shutting down and abandoning module SceneOutliner (196)
[2016.01.10-19.47.23:873][738]LogModuleManager: Shutting down and abandoning module SuperSearch (195)
[2016.01.10-19.47.23:873][738]LogModuleManager: Shutting down and abandoning module WidgetCarousel (194)
[2016.01.10-19.47.23:873][738]LogModuleManager: Shutting down and abandoning module AddContentDialog (193)
[2016.01.10-19.47.23:875][738]LogModuleManager: Shutting down and abandoning module EditorWidgets (192)
[2016.01.10-19.47.23:875][738]LogModuleManager: Shutting down and abandoning module CollectionManager (191)
[2016.01.10-19.47.23:875][738]LogModuleManager: Shutting down and abandoning module StatsViewer (190)
[2016.01.10-19.47.23:875][738]LogModuleManager: Shutting down and abandoning module FoliageEdit (189)
[2016.01.10-19.47.23:875][738]LogModuleManager: Shutting down and abandoning module LandscapeEditor (188)
[2016.01.10-19.47.23:875][738]LogModuleManager: Shutting down and abandoning module ActorPickerMode (187)
[2016.01.10-19.47.23:875][738]LogModuleManager: Shutting down and abandoning module GeometryMode (186)
[2016.01.10-19.47.23:875][738]LogModuleManager: Shutting down and abandoning module TextureAlignMode (185)
[2016.01.10-19.47.23:875][738]LogModuleManager: Shutting down and abandoning module BspMode (184)
[2016.01.10-19.47.23:875][738]LogModuleManager: Shutting down and abandoning module PlacementMode (183)
[2016.01.10-19.47.23:875][738]LogModuleManager: Shutting down and abandoning module AutomationWorker (182)
[2016.01.10-19.47.23:875][738]LogModuleManager: Shutting down and abandoning module CharacterAI (181)
[2016.01.10-19.47.23:875][738]LogModuleManager: Shutting down and abandoning module SmartSnapping (180)
[2016.01.10-19.47.23:875][738]LogModuleManager: Shutting down and abandoning module ViewportSnapping (179)
[2016.01.10-19.47.23:875][738]LogModuleManager: Shutting down and abandoning module LogVisualizer (178)
[2016.01.10-19.47.23:875][738]LogModuleManager: Shutting down and abandoning module GameProjectGeneration (177)
[2016.01.10-19.47.23:876][738]LogModuleManager: Shutting down and abandoning module IntroTutorials (176)
[2016.01.10-19.47.23:876][738]LogModuleManager: Shutting down and abandoning module EditorLiveStreaming (175)
[2016.01.10-19.47.23:876][738]LogModuleManager: Shutting down and abandoning module IOSPlatformEditor (174)
[2016.01.10-19.47.23:876][738]LogModuleManager: Shutting down and abandoning module HTML5PlatformEditor (173)
[2016.01.10-19.47.23:876][738]LogModuleManager: Shutting down and abandoning module AndroidDeviceDetection (172)
[2016.01.10-19.47.24:313][738]LogModuleManager: Shutting down and abandoning module AndroidPlatformEditor (171)
[2016.01.10-19.47.24:313][738]LogModuleManager: Shutting down and abandoning module IOSRuntimeSettings (170)
[2016.01.10-19.47.24:313][738]LogModuleManager: Shutting down and abandoning module AndroidRuntimeSettings (169)
[2016.01.10-19.47.24:313][738]LogModuleManager: Shutting down and abandoning module MergeActors (168)
[2016.01.10-19.47.24:313][738]LogModuleManager: Shutting down and abandoning module SizeMap (167)
[2016.01.10-19.47.24:313][738]LogModuleManager: Shutting down and abandoning module TreeMap (166)
[2016.01.10-19.47.24:313][738]LogModuleManager: Shutting down and abandoning module ReferenceViewer (165)
[2016.01.10-19.47.24:313][738]LogModuleManager: Shutting down and abandoning module LocalizationService (164)
[2016.01.10-19.47.24:313][738]LogModuleManager: Shutting down and abandoning module LocalizationDashboard (163)
[2016.01.10-19.47.24:313][738]LogModuleManager: Shutting down and abandoning module HardwareTargeting (162)
[2016.01.10-19.47.24:313][738]LogModuleManager: Shutting down and abandoning module DeviceProfileEditor (161)
[2016.01.10-19.47.24:313][738]LogModuleManager: Shutting down and abandoning module UndoHistory (160)
[2016.01.10-19.47.24:313][738]LogModuleManager: Shutting down and abandoning module GameplayTagsEditor (159)
[2016.01.10-19.47.24:313][738]LogModuleManager: Shutting down and abandoning module UserFeedback (158)
[2016.01.10-19.47.24:313][738]LogModuleManager: Shutting down and abandoning module XmlParser (157)
[2016.01.10-19.47.24:313][738]LogModuleManager: Shutting down and abandoning module Blutility (156)
[2016.01.10-19.47.24:313][738]LogModuleManager: Shutting down and abandoning module ProjectTargetPlatformEditor (155)
[2016.01.10-19.47.24:313][738]LogModuleManager: Shutting down and abandoning module ProjectSettingsViewer (154)
[2016.01.10-19.47.24:313][738]LogModuleManager: Shutting down and abandoning module InputBindingEditor (153)
[2016.01.10-19.47.24:313][738]LogModuleManager: Shutting down and abandoning module EditorSettingsViewer (152)
[2016.01.10-19.47.24:313][738]LogModuleManager: Shutting down and abandoning module SettingsEditor (151)
[2016.01.10-19.47.24:313][738]LogModuleManager: Shutting down and abandoning module ProjectLauncher (150)
[2016.01.10-19.47.24:313][738]LogModuleManager: Shutting down and abandoning module SessionFrontend (149)
[2016.01.10-19.47.24:313][738]LogModuleManager: Shutting down and abandoning module ProfilerClient (148)
[2016.01.10-19.47.24:313][738]LogModuleManager: Shutting down and abandoning module TargetDeviceServices (147)
[2016.01.10-19.47.24:313][738]LogModuleManager: Shutting down and abandoning module DeviceManager (146)
[2016.01.10-19.47.24:314][738]LogModuleManager: Shutting down and abandoning module AutomationController (145)
[2016.01.10-19.47.24:314][738]LogModuleManager: Shutting down and abandoning module AutomationWindow (144)
[2016.01.10-19.47.24:314][738]LogModuleManager: Shutting down and abandoning module Layers (143)
[2016.01.10-19.47.24:314][738]LogModuleManager: Shutting down and abandoning module ComponentVisualizers (142)
[2016.01.10-19.47.24:314][738]LogModuleManager: Shutting down and abandoning module DetailCustomizations (141)
[2016.01.10-19.47.24:314][738]LogModuleManager: Shutting down and abandoning module PackagesDialog (140)
[2016.01.10-19.47.24:314][738]LogModuleManager: Shutting down and abandoning module Persona (139)
[2016.01.10-19.47.24:314][738]LogModuleManager: Shutting down and abandoning module Kismet (138)
[2016.01.10-19.47.24:314][738]LogModuleManager: Shutting down and abandoning module GraphEditor (137)
[2016.01.10-19.47.24:314][738]LogModuleManager: Shutting down and abandoning module ClassViewer (136)
[2016.01.10-19.47.24:314][738]LogModuleManager: Shutting down and abandoning module Toolbox (135)
[2016.01.10-19.47.24:314][738]LogModuleManager: Shutting down and abandoning module ModuleUI (134)
[2016.01.10-19.47.24:314][738]LogModuleManager: Shutting down and abandoning module MovieSceneTools (133)
[2016.01.10-19.47.24:314][738]LogModuleManager: Shutting down and abandoning module OutputLog (132)
[2016.01.10-19.47.24:314][738]LogModuleManager: Shutting down and abandoning module GammaUI (131)
[2016.01.10-19.47.24:314][738]LogModuleManager: Shutting down and abandoning module Documentation (130)
[2016.01.10-19.47.24:314][738]LogModuleManager: Shutting down and abandoning module GameLiveStreaming (129)
[2016.01.10-19.47.24:314][738]LogModuleManager: Shutting down and abandoning module StreamingPauseRendering (128)
[2016.01.10-19.47.24:314][738]LogModuleManager: Shutting down and abandoning module AnalyticsET (127)
[2016.01.10-19.47.24:314][738]LogModuleManager: Shutting down and abandoning module Analytics (126)
[2016.01.10-19.47.24:314][738]LogModuleManager: Shutting down and abandoning module AITestSuite (125)
[2016.01.10-19.47.24:314][738]LogModuleManager: Shutting down and abandoning module GameplayDebugger (124)
[2016.01.10-19.47.24:314][738]LogModuleManager: Shutting down and abandoning module AIModule (123)
[2016.01.10-19.47.24:314][738]LogModuleManager: Shutting down and abandoning module ProfilerService (122)
[2016.01.10-19.47.24:406][738]LogModuleManager: Shutting down and abandoning module TaskGraph (121)
[2016.01.10-19.47.24:406][738]LogModuleManager: Shutting down and abandoning module SlateRemote (120)
[2016.01.10-19.47.24:406][738]LogModuleManager: Shutting down and abandoning module SteamVRController (119)
[2016.01.10-19.47.24:406][738]LogModuleManager: Shutting down and abandoning module SteamVR (118)
[2016.01.10-19.47.24:406][738]LogModuleManager: Shutting down and abandoning module ProceduralMeshComponent (117)
[2016.01.10-19.47.24:406][738]LogModuleManager: Shutting down and abandoning module OculusRift (116)
[2016.01.10-19.47.24:406][738]LogModuleManager: Shutting down and abandoning module OculusLibrary (115)
[2016.01.10-19.47.24:406][738]LogModuleManager: Shutting down and abandoning module LeapMotionController (114)
[2016.01.10-19.47.24:422][738]LogModuleManager: Shutting down and abandoning module CustomMeshComponent (113)
[2016.01.10-19.47.24:422][738]LogModuleManager: Shutting down and abandoning module CableComponent (112)
[2016.01.10-19.47.24:422][738]LogModuleManager: Shutting down and abandoning module ArchVisCharacter (111)
[2016.01.10-19.47.24:422][738]LogModuleManager: Shutting down and abandoning module MessagingDebugger (110)
[2016.01.10-19.47.24:422][738]LogModuleManager: Shutting down and abandoning module MediaPlayerEditor (109)
[2016.01.10-19.47.24:422][738]LogModuleManager: Shutting down and abandoning module HTML5Networking (108)
[2016.01.10-19.47.24:422][738]LogModuleManager: Shutting down and abandoning module SpeedTreeImporter (107)
[2016.01.10-19.47.24:422][738]LogModuleManager: Shutting down and abandoning module PluginBrowser (106)
[2016.01.10-19.47.24:422][738]LogModuleManager: Shutting down and abandoning module EpicSurvey (105)
[2016.01.10-19.47.24:422][738]LogModuleManager: Shutting down and abandoning module DesktopPlatform (104)
[2016.01.10-19.47.24:422][738]LogModuleManager: Shutting down and abandoning module VisualStudioSourceCodeAccess (103)
[2016.01.10-19.47.24:422][738]LogModuleManager: Shutting down and abandoning module UObjectPlugin (102)
[2016.01.10-19.47.24:422][738]LogModuleManager: Shutting down and abandoning module SubversionSourceControl (101)
[2016.01.10-19.47.24:422][738]LogModuleManager: Shutting down and abandoning module PerforceSourceControl (100)
[2016.01.10-19.47.24:422][738]LogModuleManager: Shutting down and abandoning module SourceControl (99)
[2016.01.10-19.47.24:422][738]LogModuleManager: Shutting down and abandoning module GitSourceControl (98)
[2016.01.10-19.47.24:422][738]LogModuleManager: Shutting down and abandoning module LightPropagationVolumeEditor (97)
[2016.01.10-19.47.24:422][738]LogModuleManager: Shutting down and abandoning module PaperTiledImporter (96)
[2016.01.10-19.47.24:422][738]LogModuleManager: Shutting down and abandoning module PaperSpriteSheetImporter (95)
[2016.01.10-19.47.24:422][738]LogModuleManager: Shutting down and abandoning module MeshPaint (94)
[2016.01.10-19.47.24:422][738]LogModuleManager: Shutting down and abandoning module SlateReflector (93)
[2016.01.10-19.47.24:422][738]LogModuleManager: Shutting down and abandoning module HotReload (92)
[2016.01.10-19.47.24:423][738]LogModuleManager: Shutting down and abandoning module MainFrame (91)
[2016.01.10-19.47.24:423][738]LogModuleManager: Shutting down and abandoning module LevelEditor (90)
[2016.01.10-19.47.24:424][738]LogModuleManager: Shutting down and abandoning module DirectoryWatcher (89)
[2016.01.10-19.47.24:424][738]LogModuleManager: Shutting down and abandoning module AssetRegistry (88)
[2016.01.10-19.47.24:545][738]LogModuleManager: Shutting down and abandoning module ContentBrowser (87)
[2016.01.10-19.47.24:546][738]LogModuleManager: Shutting down and abandoning module Paper2DEditor (86)
[2016.01.10-19.47.24:546][738]LogModuleManager: Shutting down and abandoning module UdpMessaging (85)
[2016.01.10-19.47.24:646][738]LogModuleManager: Shutting down and abandoning module LightPropagationVolumeRuntime (84)
[2016.01.10-19.47.24:646][738]LogModuleManager: Shutting down and abandoning module Paper2D (83)
[2016.01.10-19.47.24:646][738]LogModuleManager: Shutting down and abandoning module WindowsMoviePlayer (82)
[2016.01.10-19.47.24:650][738]LogModuleManager: Shutting down and abandoning module Media (81)
[2016.01.10-19.47.24:650][738]LogModuleManager: Shutting down and abandoning module WmfMedia (80)
[2016.01.10-19.47.24:650][738]LogModuleManager: Shutting down and abandoning module OnlineBlueprintSupport (79)
[2016.01.10-19.47.24:650][738]LogModuleManager: Shutting down and abandoning module GameplayTasksEditor (78)
[2016.01.10-19.47.24:650][738]LogModuleManager: Shutting down and abandoning module PropertyEditor (77)
[2016.01.10-19.47.24:650][738]LogModuleManager: Shutting down and abandoning module BehaviorTreeEditor (76)
[2016.01.10-19.47.24:650][738]LogModuleManager: Shutting down and abandoning module FunctionalTesting (75)
[2016.01.10-19.47.24:650][738]LogModuleManager: Shutting down and abandoning module CollisionAnalyzer (74)
[2016.01.10-19.47.24:650][738]LogModuleManager: Shutting down and abandoning module WorkspaceMenuStructure (73)
[2016.01.10-19.47.24:650][738]LogModuleManager: Shutting down and abandoning module MessageLog (72)
[2016.01.10-19.47.24:650][738]LogModuleManager: Shutting down and abandoning module Sequencer (71)
[2016.01.10-19.47.24:650][738]LogModuleManager: Shutting down and abandoning module AssetTools (70)
[2016.01.10-19.47.24:650][738]LogModuleManager: Shutting down and abandoning module UMGEditor (69)
[2016.01.10-19.47.24:650][738]LogModuleManager: Shutting down and abandoning module UMG (68)
[2016.01.10-19.47.24:650][738]LogModuleManager: Shutting down and abandoning module Slate (67)
[2016.01.10-19.47.24:650][738]LogModuleManager: Shutting down and abandoning module EditorStyle (66)
[2016.01.10-19.47.24:654][738]LogModuleManager: Shutting down and abandoning module SessionServices (65)
[2016.01.10-19.47.24:654][738]LogModuleManager: Shutting down and abandoning module SourceCodeAccess (64)
[2016.01.10-19.47.24:654][738]LogModuleManager: Shutting down and abandoning module HeadMountedDisplay (63)
[2016.01.10-19.47.24:654][738]LogModuleManager: Shutting down and abandoning module XAudio2 (62)
[2016.01.10-19.47.24:654][738]LogModuleManager: Shutting down and abandoning module Networking (60)
[2016.01.10-19.47.24:654][738]LogModuleManager: Shutting down and abandoning module Core (59)
[2016.01.10-19.47.24:654][738]LogModuleManager: Shutting down and abandoning module KismetCompiler (58)
[2016.01.10-19.47.24:654][738]LogModuleManager: Shutting down and abandoning module PhysXFormats (57)
[2016.01.10-19.47.24:654][738]LogModuleManager: Shutting down and abandoning module MeshUtilities (56)
[2016.01.10-19.47.24:654][738]LogModuleManager: Shutting down and abandoning module CookingStats (55)
[2016.01.10-19.47.24:655][738]LogModuleManager: Shutting down and abandoning module DerivedDataCache (54)
[2016.01.10-19.47.24:685][738]LogDerivedDataCache: Shutdown
[2016.01.10-19.47.24:685][738]LogModuleManager: Shutting down and abandoning module ShaderFormatOpenGL (53)
[2016.01.10-19.47.24:685][738]LogModuleManager: Shutting down and abandoning module ShaderFormatD3D (52)
[2016.01.10-19.47.24:685][738]LogModuleManager: Shutting down and abandoning module MetalShaderFormat (51)
[2016.01.10-19.47.24:685][738]LogModuleManager: Shutting down and abandoning module TextureFormatUncompressed (50)
[2016.01.10-19.47.24:685][738]LogModuleManager: Shutting down and abandoning module TextureFormatPVR (49)
[2016.01.10-19.47.24:685][738]LogModuleManager: Shutting down and abandoning module TextureFormatIntelISPCTexComp (48)
[2016.01.10-19.47.24:685][738]LogModuleManager: Shutting down and abandoning module TextureFormatDXT (47)
[2016.01.10-19.47.24:685][738]LogModuleManager: Shutting down and abandoning module ImageWrapper (46)
[2016.01.10-19.47.24:685][738]LogModuleManager: Shutting down and abandoning module TextureFormatASTC (45)
[2016.01.10-19.47.24:685][738]LogModuleManager: Shutting down and abandoning module TextureFormatAndroid (44)
[2016.01.10-19.47.24:685][738]LogModuleManager: Shutting down and abandoning module AudioFormatOpus (43)
[2016.01.10-19.47.24:685][738]LogModuleManager: Shutting down and abandoning module AudioFormatOgg (42)
[2016.01.10-19.47.24:685][738]LogModuleManager: Shutting down and abandoning module AudioFormatADPCM (41)
[2016.01.10-19.47.24:685][738]LogModuleManager: Shutting down and abandoning module LinuxTargetPlatform (40)
[2016.01.10-19.47.24:685][738]LogModuleManager: Shutting down and abandoning module LinuxServerTargetPlatform (39)
[2016.01.10-19.47.24:685][738]LogModuleManager: Shutting down and abandoning module LinuxNoEditorTargetPlatform (38)
[2016.01.10-19.47.24:685][738]LogModuleManager: Shutting down and abandoning module Messaging (37)
[2016.01.10-19.47.24:685][738]LogModuleManager: Shutting down and abandoning module IOSTargetPlatform (36)
[2016.01.10-19.47.24:685][738]LogModuleManager: Shutting down and abandoning module HTML5TargetPlatform (35)
[2016.01.10-19.47.24:685][738]LogModuleManager: Shutting down and abandoning module Android_PVRTCTargetPlatform (34)
[2016.01.10-19.47.24:685][738]LogModuleManager: Shutting down and abandoning module Android_ETC2TargetPlatform (33)
[2016.01.10-19.47.24:685][738]LogModuleManager: Shutting down and abandoning module Android_ETC1TargetPlatform (32)
[2016.01.10-19.47.24:685][738]LogModuleManager: Shutting down and abandoning module Android_DXTTargetPlatform (31)
[2016.01.10-19.47.24:685][738]LogModuleManager: Shutting down and abandoning module Android_ATCTargetPlatform (30)
[2016.01.10-19.47.24:685][738]LogModuleManager: Shutting down and abandoning module Android_ASTCTargetPlatform (29)
[2016.01.10-19.47.24:685][738]LogModuleManager: Shutting down and abandoning module AndroidTargetPlatform (28)
[2016.01.10-19.47.24:685][738]LogModuleManager: Shutting down and abandoning module WindowsTargetPlatform (27)
[2016.01.10-19.47.24:685][738]LogModuleManager: Shutting down and abandoning module WindowsServerTargetPlatform (26)
[2016.01.10-19.47.24:685][738]LogModuleManager: Shutting down and abandoning module WindowsNoEditorTargetPlatform (25)
[2016.01.10-19.47.24:685][738]LogModuleManager: Shutting down and abandoning module WindowsClientTargetPlatform (24)
[2016.01.10-19.47.24:685][738]LogModuleManager: Shutting down and abandoning module AllDesktopTargetPlatform (23)
[2016.01.10-19.47.24:685][738]LogModuleManager: Shutting down and abandoning module TargetPlatform (22)
[2016.01.10-19.47.24:685][738]LogModuleManager: Shutting down and abandoning module InputCore (21)
[2016.01.10-19.47.24:686][738]LogModuleManager: Shutting down and abandoning module Settings (20)
[2016.01.10-19.47.24:686][738]LogModuleManager: Shutting down and abandoning module OnlineSubsystem (18)
[2016.01.10-19.47.24:686][738]LogModuleManager: Shutting down and abandoning module HTTP (17)
[2016.01.10-19.47.26:686][738]LogModuleManager: Shutting down and abandoning module XMPP (16)
[2016.01.10-19.47.26:687][738]LogModuleManager: Shutting down and abandoning module ExampleDeviceProfileSelector (15)
[2016.01.10-19.47.26:687][738]LogModuleManager: Shutting down and abandoning module TextureCompressor (14)
[2016.01.10-19.47.26:687][738]LogModuleManager: Shutting down and abandoning module ShaderCore (13)
[2016.01.10-19.47.26:687][738]LogModuleManager: Shutting down and abandoning module Landscape (12)
[2016.01.10-19.47.26:687][738]LogModuleManager: Shutting down and abandoning module SlateRHIRenderer (11)
[2016.01.10-19.47.26:689][738]LogModuleManager: Shutting down and abandoning module OpenGLDrv (10)
[2016.01.10-19.47.26:689][738]LogModuleManager: Shutting down and abandoning module D3D11RHI (9)
[2016.01.10-19.47.26:689][738]LogModuleManager: Shutting down and abandoning module AnimGraphRuntime (8)
[2016.01.10-19.47.26:689][738]LogModuleManager: Shutting down and abandoning module Renderer (7)
[2016.01.10-19.47.26:689][738]LogModuleManager: Shutting down and abandoning module Engine (6)
[2016.01.10-19.47.26:689][738]LogModuleManager: Shutting down and abandoning module CoreUObject (5)
[2016.01.10-19.47.26:690][738]LogModuleManager: Shutting down and abandoning module NetworkFile (4)
[2016.01.10-19.47.26:690][738]LogModuleManager: Shutting down and abandoning module StreamingFile (3)
[2016.01.10-19.47.26:690][738]LogModuleManager: Shutting down and abandoning module SandboxFile (2)
[2016.01.10-19.47.26:690][738]LogModuleManager: Shutting down and abandoning module PakFile (1)
[2016.01.10-19.47.26:691][738]LogExit: Exiting.
[2016.01.10-19.47.26:693][738]Log file closed, 01/10/16 14:47:26
