[2016.01.09-23.12.31:692][  0]Log file open, 01/09/16 18:12:31
[2016.01.09-23.12.31:692][  0]LogInit:Display: Running engine for game: Projet_Dash
[2016.01.09-23.12.31:692][  0]LogInit:Display: RandInit(1679510558) SRandInit(1679510559).
[2016.01.09-23.12.31:692][  0]LogTaskGraph: Started task graph with 4 named threads and 7 total threads.
[2016.01.09-23.12.31:692][  0]LogStats: Stats thread started at 0.797612
[2016.01.09-23.12.31:692][  0]LogInit: Version: 4.9.1-2689999+++depot+UE4-Releases+4.9
[2016.01.09-23.12.31:692][  0]LogInit: API Version: 2672455
[2016.01.09-23.12.31:692][  0]LogInit: Compiled (64-bit): Sep 14 2015 04:12:03
[2016.01.09-23.12.31:692][  0]LogInit: Compiled with Visual C++: 18.00.21005.01
[2016.01.09-23.12.31:692][  0]LogInit: Build Configuration: Development
[2016.01.09-23.12.31:692][  0]LogInit: Branch Name: ++depot+UE4-Releases+4.9
[2016.01.09-23.12.31:692][  0]LogInit: Command line:  
[2016.01.09-23.12.31:692][  0]LogInit: Base directory: C:/Program Files/Epic Games/4.9/Engine/Binaries/Win64/
[2016.01.09-23.12.31:692][  0]LogInit: Rocket: 1
[2016.01.09-23.12.32:064][  0]LogInit: Using libcurl 7.41.0
[2016.01.09-23.12.32:064][  0]LogInit:  - built for x86_64-pc-win32
[2016.01.09-23.12.32:064][  0]LogInit:  - supports SSL with WinSSL
[2016.01.09-23.12.32:064][  0]LogInit:  - other features:
[2016.01.09-23.12.32:064][  0]LogInit:      CURL_VERSION_SSL
[2016.01.09-23.12.32:064][  0]LogInit:      CURL_VERSION_IPV6
[2016.01.09-23.12.32:064][  0]LogInit:      CURL_VERSION_ASYNCHDNS
[2016.01.09-23.12.32:064][  0]LogInit:      CURL_VERSION_LARGEFILE
[2016.01.09-23.12.32:064][  0]LogInit:      CURL_VERSION_IDN
[2016.01.09-23.12.32:064][  0]LogInit:  CurlRequestOptions (configurable via config and command line):
[2016.01.09-23.12.32:064][  0]LogInit:  - bVerifyPeer = true  - Libcurl will verify peer certificate
[2016.01.09-23.12.32:064][  0]LogInit:  - bUseHttpProxy = false  - Libcurl will NOT use HTTP proxy
[2016.01.09-23.12.32:064][  0]LogInit:  - bDontReuseConnections = false  - Libcurl will reuse connections
[2016.01.09-23.12.32:064][  0]LogInit:  - CertBundlePath = nullptr  - Libcurl will use whatever was configured at build time.
[2016.01.09-23.12.33:415][  0]LogInit: Presizing for 0 objects not considered by GC, pre-allocating 0 bytes.
[2016.01.09-23.12.33:445][  0]LogInit: Object subsystem initialized
[2016.01.09-23.12.33:445][  0]LogInit: Selected Device Profile: [Windows]
[2016.01.09-23.12.33:445][  0]LogInit: Applying CVar settings loaded from the selected device profile: [Windows]
[2016.01.09-23.12.33:605][  0]LogInit: Computer: YOANLESOUDER-PC
[2016.01.09-23.12.33:605][  0]LogInit: User: YoanLeSouder
[2016.01.09-23.12.33:605][  0]LogInit: CPU Page size=4096, Cores=4
[2016.01.09-23.12.33:605][  0]LogInit: High frequency timer resolution =2.141552 MHz
[2016.01.09-23.12.33:605][  0]LogMemory: Memory total: Physical=5.9GB (6GB approx)
[2016.01.09-23.12.33:605][  0]LogMemory: Platform Memory Stats for Windows
[2016.01.09-23.12.33:605][  0]LogMemory: Process Physical Memory: 55.80 MB used, 55.80 MB peak
[2016.01.09-23.12.33:605][  0]LogMemory: Process Virtual Memory: 57.61 MB used, 57.61 MB peak
[2016.01.09-23.12.33:605][  0]LogMemory: Physical Memory: 5080.18 MB used, 6091.86 MB total
[2016.01.09-23.12.33:605][  0]LogMemory: Virtual Memory: 338.92 MB used, 8388608.00 MB total
[2016.01.09-23.12.38:304][  0]LogTextLocalizationManager: No translations for ('fr-FR') exist, falling back to 'en' for localization and internationalization data.
[2016.01.09-23.12.46:591][  0]LogD3D11RHI: Found D3D11 adapter 0: NVIDIA GeForce GT 555M (Feature Level 11_0)
[2016.01.09-23.12.46:591][  0]LogD3D11RHI: Adapter has 1489MB of dedicated video memory, 0MB of dedicated system memory, and 2559MB of shared system memory, 1 output[s]
[2016.01.09-23.12.46:633][  0]LogD3D11RHI: Found D3D11 adapter 1: NVIDIA GeForce GT 555M (Feature Level 11_0)
[2016.01.09-23.12.46:633][  0]LogD3D11RHI: Adapter has 1489MB of dedicated video memory, 0MB of dedicated system memory, and 2559MB of shared system memory, 0 output[s]
[2016.01.09-23.12.46:634][  0]LogD3D11RHI: Chosen D3D11 Adapter Id = 0
[2016.01.09-23.12.46:668][  0]LogD3D11RHI: !Direct3DDevice
[2016.01.09-23.12.46:668][  0]LogRHI: Texture pool is 1361 MB (70% of 1945 MB)
[2016.01.09-23.12.46:697][  0]LogD3D11RHI: Async texture creation enabled
[2016.01.09-23.12.46:714][  0]LogShaderCompilers: Guid format shader working directory is 14 characters bigger than the processId version (../../../../../../Users/Yoan Le Souder/Desktop/ProjetDash_01/Intermediate/Shaders/WorkingDirectory/10400/).
[2016.01.09-23.12.46:714][  0]LogShaderCompilers: Cleaned the shader compiler working directory '../../../../../../Users/Yoan Le Souder/Desktop/ProjetDash_01/Intermediate/Shaders/tmp/2EC17B6D498FC3AB4686E9A445DFFA97/'.
[2016.01.09-23.12.46:714][  0]LogShaderCompilers:Display: Using Local Shader Compiler.
[2016.01.09-23.12.59:245][  0]LogTemp:Display: Loaded TP AllDesktopTargetPlatform
[2016.01.09-23.12.59:331][  0]LogTemp:Display: Loaded TP WindowsClientTargetPlatform
[2016.01.09-23.12.59:406][  0]LogTemp:Display: Loaded TP WindowsNoEditorTargetPlatform
[2016.01.09-23.12.59:465][  0]LogTemp:Display: Loaded TP WindowsServerTargetPlatform
[2016.01.09-23.12.59:565][  0]LogTemp:Display: Loaded TP WindowsTargetPlatform
[2016.01.09-23.12.59:602][  0]LogTemp:Display: Loaded TP AndroidTargetPlatform
[2016.01.09-23.12.59:642][  0]LogTemp:Display: Loaded TP Android_ASTCTargetPlatform
[2016.01.09-23.12.59:658][  0]LogTemp:Display: Loaded TP Android_ATCTargetPlatform
[2016.01.09-23.12.59:675][  0]LogTemp:Display: Loaded TP Android_DXTTargetPlatform
[2016.01.09-23.12.59:715][  0]LogTemp:Display: Loaded TP Android_ETC1TargetPlatform
[2016.01.09-23.12.59:742][  0]LogTemp:Display: Loaded TP Android_ETC2TargetPlatform
[2016.01.09-23.12.59:764][  0]LogTemp:Display: Loaded TP Android_PVRTCTargetPlatform
[2016.01.09-23.12.59:828][  0]LogTemp:Display: Loaded TP HTML5TargetPlatform
[2016.01.09-23.13.00:096][  0]LogTemp:Display: Loaded TP IOSTargetPlatform
[2016.01.09-23.13.00:170][  0]LogTemp:Display: Loaded TP LinuxNoEditorTargetPlatform
[2016.01.09-23.13.00:195][  0]LogTemp:Display: Loaded TP LinuxServerTargetPlatform
[2016.01.09-23.13.00:263][  0]LogTemp:Display: Loaded TP LinuxTargetPlatform
[2016.01.09-23.13.00:263][  0]LogTargetPlatformManager:Display: Building Assets For Windows
[2016.01.09-23.13.01:882][  0]LogDerivedDataCache:Display: Max Cache Size: 512 MB
[2016.01.09-23.13.06:603][  0]LogDerivedDataCache: Loaded boot cache 4.69s 41MB C:/Users/Yoan Le Souder/AppData/Local/UnrealEngine/4.9/DerivedDataCache/Boot.ddc.
[2016.01.09-23.13.06:603][  0]LogDerivedDataCache:Display: Loaded Boot cache: C:/Users/Yoan Le Souder/AppData/Local/UnrealEngine/4.9/DerivedDataCache/Boot.ddc
[2016.01.09-23.13.06:604][  0]LogDerivedDataCache: FDerivedDataBackendGraph:  Pak pak cache file ../../../../../../Users/Yoan Le Souder/Desktop/ProjetDash_01/DerivedDataCache/DDC.ddp not found, will not use a pak cache.
[2016.01.09-23.13.06:604][  0]LogDerivedDataCache: Unable to find inner node Pak for hierarchical cache Hierarchy.
[2016.01.09-23.13.06:604][  0]LogDerivedDataCache: FDerivedDataBackendGraph:  CompressedPak pak cache file ../../../../../../Users/Yoan Le Souder/Desktop/ProjetDash_01/DerivedDataCache/Compressed.ddp not found, will not use a pak cache.
[2016.01.09-23.13.06:604][  0]LogDerivedDataCache: Unable to find inner node CompressedPak for hierarchical cache Hierarchy.
[2016.01.09-23.13.06:975][  0]LogDerivedDataCache:Display: Pak cache opened for reading ../../../Engine/DerivedDataCache/Compressed.ddp.
[2016.01.09-23.13.07:018][  0]LogDerivedDataCache: Using Local data cache path C:/Users/Yoan Le Souder/AppData/Local/UnrealEngine/Common/DerivedDataCache: Writable
[2016.01.09-23.13.13:996][  0]LogInit: Selected Device Profile: [Windows]
[2016.01.09-23.13.13:998][  0]LogContentStreaming: Texture pool size is 0.000000MB
[2016.01.09-23.13.14:541][  0]LogMeshUtilities: No automatic mesh reduction module available
[2016.01.09-23.13.14:541][  0]LogMeshUtilities: No automatic mesh merging module available
[2016.01.09-23.13.19:129][  0]LogInit: WinSock: version 1.1 (2.2), MaxSocks=32767, MaxUdp=65467
[2016.01.09-23.13.57:900][  0]UdpMessaging: Initializing bridge on interface 0.0.0.0:0 to multicast group 230.0.0.1:6666.
[2016.01.09-23.13.58:674][  0]LogAssetRegistry: FAssetRegistry took 0.0105 seconds to start up
[2016.01.09-23.14.08:574][  0]SourceControl: Info Source control is disabled
[2016.01.09-23.14.08:710][  0]SourceControl: Info Source control is disabled
[2016.01.09-23.14.09:278][  0]SourceControl: Info Source control is disabled
[2016.01.09-23.14.09:639][  0]SourceControl: Info Source control is disabled
[2016.01.09-23.14.14:540][  0]LogLinker:Warning: Asset '../../../Engine/Plugins/Runtime/LeapMotionController/Content/LM_PassthroughMaterial.uasset' has been saved with empty engine version. The asset will be loaded but may be incompatible.
[2016.01.09-23.14.16:954][  0]LogObj: 28361 objects as part of root set at end of initial load.
[2016.01.09-23.14.16:954][  0]LogUObjectAllocator: 6038872 out of 0 bytes used by permanent object pool.
[2016.01.09-23.14.18:582][  0]LogEngine: Initializing Engine...
[2016.01.09-23.14.18:587][  0]LogHMD: Can't find Oculus library dev build: is proper Runtime installed? Version: 0.7.0.0
[2016.01.09-23.14.18:840][  0]LogHMD: SteamVR failed to initialize.  Err: 110
[2016.01.09-23.14.21:418][  0]LogAIModule: Creating AISystem for world NewWorld
[2016.01.09-23.14.21:547][  0]LogInit: XAudio2 using 'Haut-parleurs/écouteurs (Realtek High Definition Audio)' : 2 channels at 48 kHz using 32 bits per sample (channel mask 0x3)
[2016.01.09-23.14.21:662][  0]LogInit: FAudioDevice initialized.
[2016.01.09-23.14.21:775][  0]LogDerivedDataCache: Saved boot cache 0.11s 41MB C:/Users/Yoan Le Souder/AppData/Local/UnrealEngine/4.9/DerivedDataCache/Boot.ddc.
[2016.01.09-23.14.21:782][  0]LogInit: Texture streaming: Enabled
[2016.01.09-23.14.21:845][  0]LogAnalytics: Creating configured Analytics provider AnalyticsET
[2016.01.09-23.14.21:845][  0]LogAnalytics: [UEEditor.Rocket.Release] APIServer = http://et2.epicgames.com/ET2/. AppVersion = 4.9.1-2689999+++depot+UE4-Releases+4.9
[2016.01.09-23.14.21:845][  0]LogAnalytics: [UEEditor.Rocket.Release] SetUserId 6e71478847d9abdb2e2760a477d6ee1d|c212bfc7f25844cc82235ea92ea15602|e0109c47-bb66-402a-bae8-a8a61ff632a4
[2016.01.09-23.14.21:861][  0]LogAnalytics: [UEEditor.Rocket.Release] AnalyticsET::StartSession
[2016.01.09-23.14.24:508][  0]LogInit: Transaction tracking system initialized
[2016.01.09-23.14.25:514][  0]BlueprintLog: New page: Editor Load
[2016.01.09-23.14.30:678][  0]LocalizationService: Info Localization service is disabled
[2016.01.09-23.14.34:793][  0]LogConsoleResponse:Display: 
[2016.01.09-23.14.41:908][  0]LogCook:Display: Done creating registry. It took  0.00s.
[2016.01.09-23.14.44:664][  0]LogFileCache: Scanning file cache for directory 'C:/Users/Yoan Le Souder/Desktop/ProjetDash_01/Content/' took 0.03s
[2016.01.09-23.14.45:239][  0]SourceControl: Info Source control is disabled
[2016.01.09-23.14.45:239][  0]Cmd: MAP LOAD FILE="../../../../../../Users/Yoan Le Souder/Desktop/ProjetDash_01/Content/FirstPersonBP/Maps/FirstPersonExampleMap.umap" TEMPLATE=0 SHOWPROGRESS=1 FEATURELEVEL=3
[2016.01.09-23.14.45:278][  0]LightingResults: New page: Lighting Build
[2016.01.09-23.14.45:285][  0]MapCheck: New page: Map Check
[2016.01.09-23.14.45:285][  0]LightingResults: New page: Lighting Build
[2016.01.09-23.14.45:301][  0]LogParticles: Destroying 0 GPU particle simulations for FXSystem 0x0000000024E69DA0
[2016.01.09-23.14.45:336][  0]LogLinker:Warning: Can't find file '/Game/FirstPersonBP/Blueprints/AI/CustomAICharacter'
[2016.01.09-23.14.45:336][  0]LogLinker:Warning: Can't find file for asset '/Game/FirstPersonBP/Blueprints/AI/CustomAICharacter' while loading ../../../../../../Users/Yoan Le Souder/Desktop/ProjetDash_01/Content/FirstPersonBP/Maps/FirstPersonExampleMap.umap.
[2016.01.09-23.14.45:337][  0]LoadErrors:Error: Error /Game/FirstPersonBP/Maps/FirstPersonExampleMap : Can't find file for asset. /Game/FirstPersonBP/Blueprints/AI/CustomAICharacter
[2016.01.09-23.14.47:312][  0]LogLinker:Warning: Asset '../../../../../../Users/Yoan Le Souder/Desktop/ProjetDash_01/Content/FirstPerson/Meshes/FirstPersonProjectileMesh.uasset' has been saved with empty engine version. The asset will be loaded but may be incompatible.
[2016.01.09-23.14.54:172][  0]LogLinker:Warning: Can't find file '/Game/FirstPersonBP/Blueprints/AI/CustomAICharacter'
[2016.01.09-23.14.54:172][  0]LogLinker:Warning: Can't find file for asset '/Game/FirstPersonBP/Blueprints/AI/CustomAICharacter' while loading ../../../../../../Users/Yoan Le Souder/Desktop/ProjetDash_01/Content/FirstPersonBP/Maps/FirstPersonExampleMap.umap.
[2016.01.09-23.14.54:172][  0]LoadErrors:Error: Error /Game/FirstPersonBP/Maps/FirstPersonExampleMap : Can't find file for asset. /Game/FirstPersonBP/Blueprints/AI/CustomAICharacter
[2016.01.09-23.14.56:575][  0]LogLinker:Warning: Can't find file '/Game/FirstPersonBP/Blueprints/AI/CustomAICharacter'
[2016.01.09-23.14.56:576][  0]LogLinker:Warning: Can't find file for asset '/Game/FirstPersonBP/Blueprints/AI/CustomAICharacter' while loading ../../../../../../Users/Yoan Le Souder/Desktop/ProjetDash_01/Content/FirstPersonBP/Maps/FirstPersonExampleMap.umap.
[2016.01.09-23.14.56:576][  0]LoadErrors:Error: Error /Game/FirstPersonBP/Maps/FirstPersonExampleMap : Can't find file for asset. /Game/FirstPersonBP/Blueprints/AI/CustomAICharacter
[2016.01.09-23.14.56:576][  0]LogLinker:Warning: Can't find file '/Game/FirstPersonBP/Blueprints/AI/CustomAICharacter'
[2016.01.09-23.14.56:576][  0]LogLinker:Warning: Can't find file for asset '/Game/FirstPersonBP/Blueprints/AI/CustomAICharacter' while loading ../../../../../../Users/Yoan Le Souder/Desktop/ProjetDash_01/Content/FirstPersonBP/Maps/FirstPersonExampleMap.umap.
[2016.01.09-23.14.56:576][  0]LoadErrors:Error: Error /Game/FirstPersonBP/Maps/FirstPersonExampleMap : Can't find file for asset. /Game/FirstPersonBP/Blueprints/AI/CustomAICharacter
[2016.01.09-23.14.56:577][  0]LogLinker:Warning: Can't find file '/Game/FirstPersonBP/Blueprints/AI/CustomAICharacter'
[2016.01.09-23.14.56:577][  0]LogLinker:Warning: Can't find file for asset '/Game/FirstPersonBP/Blueprints/AI/CustomAICharacter' while loading ../../../../../../Users/Yoan Le Souder/Desktop/ProjetDash_01/Content/FirstPersonBP/Maps/FirstPersonExampleMap.umap.
[2016.01.09-23.14.56:577][  0]LoadErrors:Error: Error /Game/FirstPersonBP/Maps/FirstPersonExampleMap : Can't find file for asset. /Game/FirstPersonBP/Blueprints/AI/CustomAICharacter
[2016.01.09-23.14.56:580][  0]LogLinker:Warning: Can't find file '/Game/FirstPersonBP/Blueprints/AI/CustomAICharacter'
[2016.01.09-23.14.56:580][  0]LogLinker:Warning: Can't find file for asset '/Game/FirstPersonBP/Blueprints/AI/CustomAICharacter' while loading ../../../../../../Users/Yoan Le Souder/Desktop/ProjetDash_01/Content/FirstPersonBP/Maps/FirstPersonExampleMap.umap.
[2016.01.09-23.14.56:580][  0]LoadErrors:Error: Error /Game/FirstPersonBP/Maps/FirstPersonExampleMap : Can't find file for asset. /Game/FirstPersonBP/Blueprints/AI/CustomAICharacter
[2016.01.09-23.14.56:741][  0]LogLinker:Warning: Can't find file '/Game/FirstPersonBP/Blueprints/AI/CustomAICharacter'
[2016.01.09-23.14.56:741][  0]LogLinker:Warning: Can't find file for asset '/Game/FirstPersonBP/Blueprints/AI/CustomAICharacter' while loading ../../../../../../Users/Yoan Le Souder/Desktop/ProjetDash_01/Content/FirstPersonBP/Maps/FirstPersonExampleMap.umap.
[2016.01.09-23.14.56:742][  0]LoadErrors:Error: Error /Game/FirstPersonBP/Maps/FirstPersonExampleMap : Can't find file for asset. /Game/FirstPersonBP/Blueprints/AI/CustomAICharacter
[2016.01.09-23.14.58:020][  0]LogLinker:Warning: Can't find file '/Game/FirstPersonBP/Blueprints/AI/CustomAICharacter'
[2016.01.09-23.14.58:021][  0]LogLinker:Warning: Can't find file for asset '/Game/FirstPersonBP/Blueprints/AI/CustomAICharacter' while loading ../../../../../../Users/Yoan Le Souder/Desktop/ProjetDash_01/Content/FirstPersonBP/Maps/FirstPersonExampleMap.umap.
[2016.01.09-23.14.58:022][  0]LoadErrors:Error: Error /Game/FirstPersonBP/Maps/FirstPersonExampleMap : Can't find file for asset. /Game/FirstPersonBP/Blueprints/AI/CustomAICharacter
[2016.01.09-23.14.58:023][  0]LogLinker:Warning: Can't find file '/Game/FirstPersonBP/Blueprints/AI/CustomAICharacter'
[2016.01.09-23.14.58:024][  0]LogLinker:Warning: Can't find file for asset '/Game/FirstPersonBP/Blueprints/AI/CustomAICharacter' while loading ../../../../../../Users/Yoan Le Souder/Desktop/ProjetDash_01/Content/FirstPersonBP/Maps/FirstPersonExampleMap.umap.
[2016.01.09-23.14.58:024][  0]LoadErrors:Error: Error /Game/FirstPersonBP/Maps/FirstPersonExampleMap : Can't find file for asset. /Game/FirstPersonBP/Blueprints/AI/CustomAICharacter
[2016.01.09-23.14.58:027][  0]LogLinker:Warning: Can't find file '/Game/FirstPersonBP/Blueprints/AI/CustomAICharacter'
[2016.01.09-23.14.58:027][  0]LogLinker:Warning: Can't find file for asset '/Game/FirstPersonBP/Blueprints/AI/CustomAICharacter' while loading ../../../../../../Users/Yoan Le Souder/Desktop/ProjetDash_01/Content/FirstPersonBP/Maps/FirstPersonExampleMap.umap.
[2016.01.09-23.14.58:028][  0]LoadErrors:Error: Error /Game/FirstPersonBP/Maps/FirstPersonExampleMap : Can't find file for asset. /Game/FirstPersonBP/Blueprints/AI/CustomAICharacter
[2016.01.09-23.14.58:033][  0]LogLinker:Warning: Can't find file '/Game/FirstPersonBP/Blueprints/AI/CustomAICharacter'
[2016.01.09-23.14.58:034][  0]LogLinker:Warning: Can't find file for asset '/Game/FirstPersonBP/Blueprints/AI/CustomAICharacter' while loading NULL.
[2016.01.09-23.14.58:035][  0]LogLinker:Warning: Can't find file '/Game/FirstPersonBP/Blueprints/AI/CustomAICharacter'
[2016.01.09-23.14.58:036][  0]LogLinker:Warning: Can't find file for asset '/Game/FirstPersonBP/Blueprints/AI/CustomAICharacter' while loading NULL.
[2016.01.09-23.14.58:036][  0]LogLinker:Warning: Can't find file '/Game/FirstPersonBP/Blueprints/AI/CustomAICharacter'
[2016.01.09-23.14.58:037][  0]LogLinker:Warning: Can't find file for asset '/Game/FirstPersonBP/Blueprints/AI/CustomAICharacter' while loading NULL.
[2016.01.09-23.14.58:038][  0]LogLinker:Warning: Can't find file '/Game/FirstPersonBP/Blueprints/AI/CustomAICharacter'
[2016.01.09-23.14.58:039][  0]LogLinker:Warning: Can't find file for asset '/Game/FirstPersonBP/Blueprints/AI/CustomAICharacter' while loading NULL.
[2016.01.09-23.14.58:039][  0]LogLinker:Warning: Can't find file '/Game/FirstPersonBP/Blueprints/AI/CustomAICharacter'
[2016.01.09-23.14.58:040][  0]LogLinker:Warning: Can't find file for asset '/Game/FirstPersonBP/Blueprints/AI/CustomAICharacter' while loading NULL.
[2016.01.09-23.14.58:040][  0]LogLinker:Warning: Can't find file '/Game/FirstPersonBP/Blueprints/AI/CustomAICharacter'
[2016.01.09-23.14.58:040][  0]LogLinker:Warning: Can't find file for asset '/Game/FirstPersonBP/Blueprints/AI/CustomAICharacter' while loading NULL.
[2016.01.09-23.14.58:041][  0]LogLinker:Warning: Can't find file '/Game/FirstPersonBP/Blueprints/AI/CustomAICharacter'
[2016.01.09-23.14.58:041][  0]LogLinker:Warning: Can't find file for asset '/Game/FirstPersonBP/Blueprints/AI/CustomAICharacter' while loading NULL.
[2016.01.09-23.14.58:041][  0]LogLinker:Warning: Can't find file '/Game/FirstPersonBP/Blueprints/AI/CustomAICharacter'
[2016.01.09-23.14.58:041][  0]LogLinker:Warning: Can't find file for asset '/Game/FirstPersonBP/Blueprints/AI/CustomAICharacter' while loading NULL.
[2016.01.09-23.14.58:042][  0]LogLinker:Warning: Can't find file '/Game/FirstPersonBP/Blueprints/AI/CustomAICharacter'
[2016.01.09-23.14.58:042][  0]LogLinker:Warning: Can't find file for asset '/Game/FirstPersonBP/Blueprints/AI/CustomAICharacter' while loading NULL.
[2016.01.09-23.14.58:042][  0]LogLinker:Warning: Can't find file '/Game/FirstPersonBP/Blueprints/AI/CustomAICharacter'
[2016.01.09-23.14.58:043][  0]LogLinker:Warning: Can't find file for asset '/Game/FirstPersonBP/Blueprints/AI/CustomAICharacter' while loading NULL.
[2016.01.09-23.14.58:132][  0]LogLinker:Warning: Can't find file '/Game/FirstPersonBP/Blueprints/AI/CustomAICharacter'
[2016.01.09-23.14.58:133][  0]LogLinker:Warning: Can't find file for asset '/Game/FirstPersonBP/Blueprints/AI/CustomAICharacter' while loading NULL.
[2016.01.09-23.14.58:134][  0]LogLinker:Warning: Can't find file '/Game/FirstPersonBP/Blueprints/AI/CustomAICharacter'
[2016.01.09-23.14.58:134][  0]LogLinker:Warning: Can't find file for asset '/Game/FirstPersonBP/Blueprints/AI/CustomAICharacter' while loading NULL.
[2016.01.09-23.14.58:160][  0]LogLinker:Warning: Can't find file '/Game/FirstPersonBP/Blueprints/AI/CustomAICharacter'
[2016.01.09-23.14.58:160][  0]LogLinker:Warning: Can't find file for asset '/Game/FirstPersonBP/Blueprints/AI/CustomAICharacter' while loading NULL.
[2016.01.09-23.14.58:161][  0]LogLinker:Warning: Can't find file '/Game/FirstPersonBP/Blueprints/AI/CustomAICharacter'
[2016.01.09-23.14.58:161][  0]LogLinker:Warning: Can't find file for asset '/Game/FirstPersonBP/Blueprints/AI/CustomAICharacter' while loading NULL.
[2016.01.09-23.14.58:162][  0]LogLinker:Warning: Can't find file '/Game/FirstPersonBP/Blueprints/AI/CustomAICharacter'
[2016.01.09-23.14.58:163][  0]LogLinker:Warning: Can't find file for asset '/Game/FirstPersonBP/Blueprints/AI/CustomAICharacter' while loading NULL.
[2016.01.09-23.14.58:163][  0]LogLinker:Warning: Can't find file '/Game/FirstPersonBP/Blueprints/AI/CustomAICharacter'
[2016.01.09-23.14.58:164][  0]LogLinker:Warning: Can't find file for asset '/Game/FirstPersonBP/Blueprints/AI/CustomAICharacter' while loading NULL.
[2016.01.09-23.14.58:165][  0]LogLinker:Warning: Can't find file '/Game/FirstPersonBP/Blueprints/AI/CustomAICharacter'
[2016.01.09-23.14.58:165][  0]LogLinker:Warning: Can't find file for asset '/Game/FirstPersonBP/Blueprints/AI/CustomAICharacter' while loading NULL.
[2016.01.09-23.14.58:166][  0]LogLinker:Warning: Can't find file '/Game/FirstPersonBP/Blueprints/AI/CustomAICharacter'
[2016.01.09-23.14.58:166][  0]LogLinker:Warning: Can't find file for asset '/Game/FirstPersonBP/Blueprints/AI/CustomAICharacter' while loading NULL.
[2016.01.09-23.14.58:174][  0]LogLinker:Warning: Can't find file '/Game/FirstPersonBP/Blueprints/AI/CustomAICharacter'
[2016.01.09-23.14.58:174][  0]LogLinker:Warning: Can't find file for asset '/Game/FirstPersonBP/Blueprints/AI/CustomAICharacter' while loading NULL.
[2016.01.09-23.14.58:175][  0]LogLinker:Warning: Can't find file '/Game/FirstPersonBP/Blueprints/AI/CustomAICharacter'
[2016.01.09-23.14.58:176][  0]LogLinker:Warning: Can't find file for asset '/Game/FirstPersonBP/Blueprints/AI/CustomAICharacter' while loading NULL.
[2016.01.09-23.14.58:185][  0]LogLinker:Warning: Can't find file '/Game/FirstPersonBP/Blueprints/AI/CustomAICharacter'
[2016.01.09-23.14.58:186][  0]LogLinker:Warning: Can't find file for asset '/Game/FirstPersonBP/Blueprints/AI/CustomAICharacter' while loading NULL.
[2016.01.09-23.14.58:186][  0]LogLinker:Warning: Can't find file '/Game/FirstPersonBP/Blueprints/AI/CustomAICharacter'
[2016.01.09-23.14.58:187][  0]LogLinker:Warning: Can't find file for asset '/Game/FirstPersonBP/Blueprints/AI/CustomAICharacter' while loading NULL.
[2016.01.09-23.14.58:198][  0]LogLinker:Warning: Can't find file '/Game/FirstPersonBP/Blueprints/AI/CustomAICharacter'
[2016.01.09-23.14.58:198][  0]LogLinker:Warning: Can't find file for asset '/Game/FirstPersonBP/Blueprints/AI/CustomAICharacter' while loading NULL.
[2016.01.09-23.14.58:199][  0]LogLinker:Warning: Can't find file '/Game/FirstPersonBP/Blueprints/AI/CustomAICharacter'
[2016.01.09-23.14.58:199][  0]LogLinker:Warning: Can't find file for asset '/Game/FirstPersonBP/Blueprints/AI/CustomAICharacter' while loading NULL.
[2016.01.09-23.14.58:204][  0]LogLinker:Warning: Can't find file '/Game/FirstPersonBP/Blueprints/AI/CustomAICharacter'
[2016.01.09-23.14.58:205][  0]LogLinker:Warning: Can't find file for asset '/Game/FirstPersonBP/Blueprints/AI/CustomAICharacter' while loading NULL.
[2016.01.09-23.14.58:205][  0]LogLinker:Warning: Can't find file '/Game/FirstPersonBP/Blueprints/AI/CustomAICharacter'
[2016.01.09-23.14.58:206][  0]LogLinker:Warning: Can't find file for asset '/Game/FirstPersonBP/Blueprints/AI/CustomAICharacter' while loading NULL.
[2016.01.09-23.14.58:230][  0]LogLinker:Warning: Can't find file '/Game/FirstPersonBP/Blueprints/AI/CustomAICharacter'
[2016.01.09-23.14.58:230][  0]LogLinker:Warning: Can't find file for asset '/Game/FirstPersonBP/Blueprints/AI/CustomAICharacter' while loading NULL.
[2016.01.09-23.14.58:230][  0]LogLinker:Warning: Can't find file '/Game/FirstPersonBP/Blueprints/AI/CustomAICharacter'
[2016.01.09-23.14.58:230][  0]LoadErrors: Info Failed to load /Game/FirstPersonBP/Blueprints/AI/CustomAICharacter.CustomAICharacter_C Referenced by PersistentLevel
[2016.01.09-23.14.58:230][  0]LogLinker:Warning: Can't find file for asset '/Game/FirstPersonBP/Blueprints/AI/CustomAICharacter' while loading NULL.
[2016.01.09-23.14.58:230][  0]LoadErrors: Info Failed to load /Game/FirstPersonBP/Blueprints/AI/CustomAICharacter.CustomAICharacter_C Referenced by PersistentLevel
[2016.01.09-23.15.13:384][  0]LogAIModule: Creating AISystem for world FirstPersonExampleMap
[2016.01.09-23.15.18:247][  0]LogEditorServer: Finished looking for orphan Actors (0.109 secs)
[2016.01.09-23.15.19:233][  0]Cmd: MAP CHECKDEP NOCLEARLOG
[2016.01.09-23.15.19:431][  0]MapCheck: Info Map check complete: 0 Error(s), 0 Warning(s), took 197.223ms to complete.
[2016.01.09-23.15.19:477][  0]LogFileHelpers: Loading map 'FirstPersonExampleMap' took 34.236
[2016.01.09-23.15.24:839][  0]LogCollectionManager: Loaded 0 collections in 0.005038 seconds
[2016.01.09-23.15.24:887][  0]LogFileCache: Scanning file cache for directory 'C:/Users/Yoan Le Souder/Desktop/ProjetDash_01/Saved/Collections/' took 0.01s
[2016.01.09-23.15.24:887][  0]LogFileCache: Scanning file cache for directory 'C:/Users/Yoan Le Souder/Desktop/ProjetDash_01/Content/Developers/YoanLeSouder/Collections/' took 0.01s
[2016.01.09-23.15.24:887][  0]LogFileCache: Scanning file cache for directory 'C:/Users/Yoan Le Souder/Desktop/ProjetDash_01/Content/Collections/' took 0.01s
[2016.01.09-23.15.24:887][  0]LogContentBrowser: Native class hierarchy populated in 0.0130 seconds. Added 1867 classes and 333 folders.
[2016.01.09-23.15.24:997][  0]LogCollectionManager: Rebuilt the GUID cache for 0 collections in 0.000011 seconds
[2016.01.09-23.15.25:027][  0]LogContentBrowser: Native class hierarchy updated for 'WidgetCarousel' in 0.0005 seconds. Added 0 classes and 0 folders.
[2016.01.09-23.15.32:713][  0]LogContentBrowser: Native class hierarchy updated for 'AddContentDialog' in 0.0015 seconds. Added 0 classes and 0 folders.
[2016.01.09-23.15.33:440][  0]LogContentBrowser: Native class hierarchy updated for 'SceneOutliner' in 0.0015 seconds. Added 1 classes and 2 folders.
[2016.01.09-23.15.35:856][  0]LogCrashTracker: Crashtracker disabled due to settings.
[2016.01.09-23.15.36:089][  0]LogUObjectGlobals:Warning: Failed to find object 'Class None.'
[2016.01.09-23.15.36:218][  0]LogLoad: Full Startup: 192.25 seconds (BP compile: 0.79 seconds)
[2016.01.09-23.15.36:588][  0]LoadErrors:Warning: Warning CreateExport: Failed to load Outer for resource 'Arrow': CustomAICharacter_C /Game/FirstPersonBP/Maps/FirstPersonExampleMap.FirstPersonExampleMap:PersistentLevel.CustomAICharacter_C_1
[2016.01.09-23.15.36:588][  0]LoadErrors:Warning: Warning CreateExport: Failed to load Outer for resource 'CollisionCylinder': CustomAICharacter_C /Game/FirstPersonBP/Maps/FirstPersonExampleMap.FirstPersonExampleMap:PersistentLevel.CustomAICharacter_C_1
[2016.01.09-23.15.36:588][  0]LoadErrors:Warning: Warning CreateExport: Failed to load Outer for resource 'ExplosionCol': CustomAICharacter_C /Game/FirstPersonBP/Maps/FirstPersonExampleMap.FirstPersonExampleMap:PersistentLevel.CustomAICharacter_C_1
[2016.01.09-23.15.36:588][  0]LoadErrors:Warning: Warning CreateExport: Failed to load Outer for resource 'CharMoveComp': CustomAICharacter_C /Game/FirstPersonBP/Maps/FirstPersonExampleMap.FirstPersonExampleMap:PersistentLevel.CustomAICharacter_C_1
[2016.01.09-23.15.36:588][  0]LoadErrors:Warning: Warning CreateExport: Failed to load Outer for resource 'PawnSensing': CustomAICharacter_C /Game/FirstPersonBP/Maps/FirstPersonExampleMap.FirstPersonExampleMap:PersistentLevel.CustomAICharacter_C_1
[2016.01.09-23.15.36:588][  0]LoadErrors:Warning: Warning CreateExport: Failed to load Outer for resource 'CharacterMesh0': CustomAICharacter_C /Game/FirstPersonBP/Maps/FirstPersonExampleMap.FirstPersonExampleMap:PersistentLevel.CustomAICharacter_C_1
[2016.01.09-23.15.36:589][  0]LoadErrors:Warning: Warning CreateExport: Failed to load Outer for resource 'StaticMesh': CustomAICharacter_C /Game/FirstPersonBP/Maps/FirstPersonExampleMap.FirstPersonExampleMap:PersistentLevel.CustomAICharacter_C_1
[2016.01.09-23.15.40:355][  0]LogContentStreaming: Texture pool size now 200 MB
[2016.01.09-23.15.46:751][  0]LogRenderer: Reallocating scene render targets to support 928x404 (Frame:2).
[2016.01.09-23.15.55:736][  8]LogAssetRegistry: Asset discovery search completed in 117.0696 seconds
[2016.01.09-23.15.55:736][  8]LogCollectionManager: Rebuilt the object cache for 0 collections in 0.000002 seconds (found 0 objects)
[2016.01.09-23.15.55:736][  8]LogCollectionManager: Fixed up redirectors for 0 collections in 0.000064 seconds (updated 0 objects)
[2016.01.09-23.16.37:321][197]LogAIModule: Creating AISystem for world Level1
[2016.01.09-23.16.37:523][197]LogActorComponent: UnregisterComponent: (/Engine/Transient.ProjectileMovementComponent_40__A6522401) Not registered. Aborting.
[2016.01.09-23.16.37:523][197]LogActorComponent: UnregisterComponent: (/Engine/Transient.ProjectileMovementComponent_0) Not registered. Aborting.
[2016.01.09-23.16.37:523][197]LogActorComponent: UnregisterComponent: (/Engine/Transient.ProjectileMovementComponent_1) Not registered. Aborting.
[2016.01.09-23.16.42:012][197]Cmd: MAP LOAD FILE="../../../../../../Users/Yoan Le Souder/Desktop/ProjetDash_01/Content/FirstPersonBP/Maps/Level1.umap" TEMPLATE=0 SHOWPROGRESS=1 FEATURELEVEL=3
[2016.01.09-23.16.42:013][197]LightingResults: New page: Lighting Build
[2016.01.09-23.16.42:047][197]LoadErrors: New page: Loading map: Level1.umap
[2016.01.09-23.16.42:464][197]MapCheck: New page: Map Check
[2016.01.09-23.16.42:464][197]LightingResults: New page: Lighting Build
[2016.01.09-23.16.43:212][197]LogParticles: Destroying 0 GPU particle simulations for FXSystem 0x0000000023F96840
[2016.01.09-23.16.45:856][197]LogEditorServer: Finished looking for orphan Actors (0.000 secs)
[2016.01.09-23.16.46:757][197]Cmd: MAP CHECKDEP NOCLEARLOG
[2016.01.09-23.16.46:923][197]MapCheck: Info Map check complete: 0 Error(s), 0 Warning(s), took 166.362ms to complete.
[2016.01.09-23.16.46:923][197]LogFileHelpers: Loading map 'Level1' took 5.124
[2016.01.10-00.40.50:303][520]LogEditorViewport: Clicking Background
[2016.01.10-00.40.54:388][704]LogEditorViewport: Clicking Background
[2016.01.10-00.40.56:003][797]LogEditorViewport: Clicking Background
[2016.01.10-00.47.54:193][971]LogEditorViewport: Clicking Background
[2016.01.10-00.47.59:474][149]LogActorComponent: UnregisterComponent: (/Engine/Transient.ProjectileMovementComponent_40__A6522401) Not registered. Aborting.
[2016.01.10-00.47.59:474][149]LogActorComponent: UnregisterComponent: (/Engine/Transient.ProjectileMovementComponent_2) Not registered. Aborting.
[2016.01.10-00.47.59:474][149]LogActorComponent: UnregisterComponent: (/Engine/Transient.ProjectileMovementComponent_3) Not registered. Aborting.
[2016.01.10-00.48.03:489][150]Cmd: QUIT_EDITOR
[2016.01.10-00.48.06:732][150]LogExit: Preparing to exit.
[2016.01.10-00.48.12:348][150]LogExit: Editor shut down
[2016.01.10-00.48.12:350][150]LogExit: Transaction tracking system shut down
[2016.01.10-00.48.12:424][150]LogParticles: Destroying 0 GPU particle simulations for FXSystem 0x000000002D9765C0
[2016.01.10-00.48.12:442][150]LogParticles: Destroying 0 GPU particle simulations for FXSystem 0x000000003480B880
[2016.01.10-00.48.12:442][150]LogParticles: Destroying 0 GPU particle simulations for FXSystem 0x00000000349BEB60
[2016.01.10-00.48.12:442][150]LogParticles: Destroying 0 GPU particle simulations for FXSystem 0x000000003B0E3BA0
[2016.01.10-00.48.12:744][150]LogParticles: Destroying 0 GPU particle simulations for FXSystem 0x000000001A75FEC0
[2016.01.10-00.48.18:727][150]LogExit: Object subsystem successfully closed.
[2016.01.10-00.48.19:727][150]LogD3D11RHI: Shutdown
[2016.01.10-00.48.19:727][150]LogD3D11RHI: CleanupD3DDevice
[2016.01.10-00.48.20:668][150]LogD3D11RHI: ~FD3D11DynamicRHI
[2016.01.10-00.48.23:810][150]LogModuleManager: Shutting down and abandoning module CrashTracker (197)
[2016.01.10-00.48.23:842][150]LogModuleManager: Shutting down and abandoning module SceneOutliner (196)
[2016.01.10-00.48.23:859][150]LogModuleManager: Shutting down and abandoning module SuperSearch (195)
[2016.01.10-00.48.23:879][150]LogModuleManager: Shutting down and abandoning module WidgetCarousel (194)
[2016.01.10-00.48.23:888][150]LogModuleManager: Shutting down and abandoning module AddContentDialog (193)
[2016.01.10-00.48.23:998][150]LogModuleManager: Shutting down and abandoning module EditorWidgets (192)
[2016.01.10-00.48.23:998][150]LogModuleManager: Shutting down and abandoning module CollectionManager (191)
[2016.01.10-00.48.24:048][150]LogModuleManager: Shutting down and abandoning module StatsViewer (190)
[2016.01.10-00.48.24:066][150]LogModuleManager: Shutting down and abandoning module FoliageEdit (189)
[2016.01.10-00.48.24:094][150]LogModuleManager: Shutting down and abandoning module LandscapeEditor (188)
[2016.01.10-00.48.24:145][150]LogModuleManager: Shutting down and abandoning module ActorPickerMode (187)
[2016.01.10-00.48.24:145][150]LogModuleManager: Shutting down and abandoning module GeometryMode (186)
[2016.01.10-00.48.24:145][150]LogModuleManager: Shutting down and abandoning module TextureAlignMode (185)
[2016.01.10-00.48.24:145][150]LogModuleManager: Shutting down and abandoning module BspMode (184)
[2016.01.10-00.48.24:145][150]LogModuleManager: Shutting down and abandoning module PlacementMode (183)
[2016.01.10-00.48.24:145][150]LogModuleManager: Shutting down and abandoning module AutomationWorker (182)
[2016.01.10-00.48.24:169][150]LogModuleManager: Shutting down and abandoning module CharacterAI (181)
[2016.01.10-00.48.24:169][150]LogModuleManager: Shutting down and abandoning module SmartSnapping (180)
[2016.01.10-00.48.24:184][150]LogModuleManager: Shutting down and abandoning module ViewportSnapping (179)
[2016.01.10-00.48.24:192][150]LogModuleManager: Shutting down and abandoning module LogVisualizer (178)
[2016.01.10-00.48.24:288][150]LogModuleManager: Shutting down and abandoning module GameProjectGeneration (177)
[2016.01.10-00.48.24:320][150]LogModuleManager: Shutting down and abandoning module IntroTutorials (176)
[2016.01.10-00.48.24:377][150]LogModuleManager: Shutting down and abandoning module EditorLiveStreaming (175)
[2016.01.10-00.48.24:378][150]LogModuleManager: Shutting down and abandoning module IOSPlatformEditor (174)
[2016.01.10-00.48.24:389][150]LogModuleManager: Shutting down and abandoning module HTML5PlatformEditor (173)
[2016.01.10-00.48.24:389][150]LogModuleManager: Shutting down and abandoning module AndroidDeviceDetection (172)
[2016.01.10-00.48.25:371][150]LogModuleManager: Shutting down and abandoning module AndroidPlatformEditor (171)
[2016.01.10-00.48.25:371][150]LogModuleManager: Shutting down and abandoning module IOSRuntimeSettings (170)
[2016.01.10-00.48.25:371][150]LogModuleManager: Shutting down and abandoning module AndroidRuntimeSettings (169)
[2016.01.10-00.48.25:371][150]LogModuleManager: Shutting down and abandoning module MergeActors (168)
[2016.01.10-00.48.25:394][150]LogModuleManager: Shutting down and abandoning module SizeMap (167)
[2016.01.10-00.48.25:402][150]LogModuleManager: Shutting down and abandoning module TreeMap (166)
[2016.01.10-00.48.25:421][150]LogModuleManager: Shutting down and abandoning module ReferenceViewer (165)
[2016.01.10-00.48.25:421][150]LogModuleManager: Shutting down and abandoning module LocalizationService (164)
[2016.01.10-00.48.25:450][150]LogModuleManager: Shutting down and abandoning module LocalizationDashboard (163)
[2016.01.10-00.48.25:485][150]LogModuleManager: Shutting down and abandoning module HardwareTargeting (162)
[2016.01.10-00.48.25:485][150]LogModuleManager: Shutting down and abandoning module DeviceProfileEditor (161)
[2016.01.10-00.48.25:498][150]LogModuleManager: Shutting down and abandoning module UndoHistory (160)
[2016.01.10-00.48.25:514][150]LogModuleManager: Shutting down and abandoning module GameplayTagsEditor (159)
[2016.01.10-00.48.25:526][150]LogModuleManager: Shutting down and abandoning module UserFeedback (158)
[2016.01.10-00.48.25:527][150]LogModuleManager: Shutting down and abandoning module XmlParser (157)
[2016.01.10-00.48.25:544][150]LogModuleManager: Shutting down and abandoning module Blutility (156)
[2016.01.10-00.48.25:544][150]LogModuleManager: Shutting down and abandoning module ProjectTargetPlatformEditor (155)
[2016.01.10-00.48.25:554][150]LogModuleManager: Shutting down and abandoning module ProjectSettingsViewer (154)
[2016.01.10-00.48.25:554][150]LogModuleManager: Shutting down and abandoning module InputBindingEditor (153)
[2016.01.10-00.48.25:584][150]LogModuleManager: Shutting down and abandoning module EditorSettingsViewer (152)
[2016.01.10-00.48.25:585][150]LogModuleManager: Shutting down and abandoning module SettingsEditor (151)
[2016.01.10-00.48.25:642][150]LogModuleManager: Shutting down and abandoning module ProjectLauncher (150)
[2016.01.10-00.48.25:663][150]LogModuleManager: Shutting down and abandoning module SessionFrontend (149)
[2016.01.10-00.48.25:671][150]LogModuleManager: Shutting down and abandoning module ProfilerClient (148)
[2016.01.10-00.48.25:682][150]LogModuleManager: Shutting down and abandoning module TargetDeviceServices (147)
[2016.01.10-00.48.25:694][150]LogModuleManager: Shutting down and abandoning module DeviceManager (146)
[2016.01.10-00.48.25:768][150]LogModuleManager: Shutting down and abandoning module AutomationController (145)
[2016.01.10-00.48.25:840][150]LogModuleManager: Shutting down and abandoning module AutomationWindow (144)
[2016.01.10-00.48.25:896][150]LogModuleManager: Shutting down and abandoning module Layers (143)
[2016.01.10-00.48.25:967][150]LogModuleManager: Shutting down and abandoning module ComponentVisualizers (142)
[2016.01.10-00.48.25:967][150]LogModuleManager: Shutting down and abandoning module DetailCustomizations (141)
[2016.01.10-00.48.25:968][150]LogModuleManager: Shutting down and abandoning module PackagesDialog (140)
[2016.01.10-00.48.25:980][150]LogModuleManager: Shutting down and abandoning module Persona (139)
[2016.01.10-00.48.26:027][150]LogModuleManager: Shutting down and abandoning module Kismet (138)
[2016.01.10-00.48.26:053][150]LogModuleManager: Shutting down and abandoning module GraphEditor (137)
[2016.01.10-00.48.26:087][150]LogModuleManager: Shutting down and abandoning module ClassViewer (136)
[2016.01.10-00.48.26:103][150]LogModuleManager: Shutting down and abandoning module Toolbox (135)
[2016.01.10-00.48.26:103][150]LogModuleManager: Shutting down and abandoning module ModuleUI (134)
[2016.01.10-00.48.26:113][150]LogModuleManager: Shutting down and abandoning module MovieSceneTools (133)
[2016.01.10-00.48.26:179][150]LogModuleManager: Shutting down and abandoning module OutputLog (132)
[2016.01.10-00.48.26:179][150]LogModuleManager: Shutting down and abandoning module GammaUI (131)
[2016.01.10-00.48.26:192][150]LogModuleManager: Shutting down and abandoning module Documentation (130)
[2016.01.10-00.48.26:192][150]LogModuleManager: Shutting down and abandoning module GameLiveStreaming (129)
[2016.01.10-00.48.26:205][150]LogModuleManager: Shutting down and abandoning module StreamingPauseRendering (128)
[2016.01.10-00.48.26:217][150]LogModuleManager: Shutting down and abandoning module AnalyticsET (127)
[2016.01.10-00.48.26:217][150]LogModuleManager: Shutting down and abandoning module Analytics (126)
[2016.01.10-00.48.26:217][150]LogModuleManager: Shutting down and abandoning module AITestSuite (125)
[2016.01.10-00.48.26:234][150]LogModuleManager: Shutting down and abandoning module GameplayDebugger (124)
[2016.01.10-00.48.26:234][150]LogModuleManager: Shutting down and abandoning module AIModule (123)
[2016.01.10-00.48.26:246][150]LogModuleManager: Shutting down and abandoning module ProfilerService (122)
[2016.01.10-00.48.26:464][150]LogModuleManager: Shutting down and abandoning module TaskGraph (121)
[2016.01.10-00.48.26:479][150]LogModuleManager: Shutting down and abandoning module SlateRemote (120)
[2016.01.10-00.48.26:479][150]LogModuleManager: Shutting down and abandoning module SteamVRController (119)
[2016.01.10-00.48.26:479][150]LogModuleManager: Shutting down and abandoning module SteamVR (118)
[2016.01.10-00.48.26:479][150]LogModuleManager: Shutting down and abandoning module ProceduralMeshComponent (117)
[2016.01.10-00.48.26:479][150]LogModuleManager: Shutting down and abandoning module OculusRift (116)
[2016.01.10-00.48.26:479][150]LogModuleManager: Shutting down and abandoning module OculusLibrary (115)
[2016.01.10-00.48.26:479][150]LogModuleManager: Shutting down and abandoning module LeapMotionController (114)
[2016.01.10-00.48.26:648][150]LogModuleManager: Shutting down and abandoning module CustomMeshComponent (113)
[2016.01.10-00.48.26:648][150]LogModuleManager: Shutting down and abandoning module CableComponent (112)
[2016.01.10-00.48.26:648][150]LogModuleManager: Shutting down and abandoning module ArchVisCharacter (111)
[2016.01.10-00.48.26:648][150]LogModuleManager: Shutting down and abandoning module MessagingDebugger (110)
[2016.01.10-00.48.26:674][150]LogModuleManager: Shutting down and abandoning module MediaPlayerEditor (109)
[2016.01.10-00.48.26:706][150]LogModuleManager: Shutting down and abandoning module HTML5Networking (108)
[2016.01.10-00.48.26:706][150]LogModuleManager: Shutting down and abandoning module SpeedTreeImporter (107)
[2016.01.10-00.48.26:706][150]LogModuleManager: Shutting down and abandoning module PluginBrowser (106)
[2016.01.10-00.48.26:712][150]LogModuleManager: Shutting down and abandoning module EpicSurvey (105)
[2016.01.10-00.48.26:724][150]LogModuleManager: Shutting down and abandoning module DesktopPlatform (104)
[2016.01.10-00.48.26:743][150]LogModuleManager: Shutting down and abandoning module VisualStudioSourceCodeAccess (103)
[2016.01.10-00.48.26:754][150]LogModuleManager: Shutting down and abandoning module UObjectPlugin (102)
[2016.01.10-00.48.26:754][150]LogModuleManager: Shutting down and abandoning module SubversionSourceControl (101)
[2016.01.10-00.48.26:772][150]LogModuleManager: Shutting down and abandoning module PerforceSourceControl (100)
[2016.01.10-00.48.26:793][150]LogModuleManager: Shutting down and abandoning module SourceControl (99)
[2016.01.10-00.48.26:804][150]LogModuleManager: Shutting down and abandoning module GitSourceControl (98)
[2016.01.10-00.48.26:817][150]LogModuleManager: Shutting down and abandoning module LightPropagationVolumeEditor (97)
[2016.01.10-00.48.26:817][150]LogModuleManager: Shutting down and abandoning module PaperTiledImporter (96)
[2016.01.10-00.48.26:823][150]LogModuleManager: Shutting down and abandoning module PaperSpriteSheetImporter (95)
[2016.01.10-00.48.26:841][150]LogModuleManager: Shutting down and abandoning module MeshPaint (94)
[2016.01.10-00.48.26:849][150]LogModuleManager: Shutting down and abandoning module SlateReflector (93)
[2016.01.10-00.48.26:857][150]LogModuleManager: Shutting down and abandoning module HotReload (92)
[2016.01.10-00.48.26:866][150]LogModuleManager: Shutting down and abandoning module MainFrame (91)
[2016.01.10-00.48.26:866][150]LogModuleManager: Shutting down and abandoning module LevelEditor (90)
[2016.01.10-00.48.26:945][150]LogModuleManager: Shutting down and abandoning module DirectoryWatcher (89)
[2016.01.10-00.48.26:948][150]LogModuleManager: Shutting down and abandoning module AssetRegistry (88)
[2016.01.10-00.48.27:294][150]LogModuleManager: Shutting down and abandoning module ContentBrowser (87)
[2016.01.10-00.48.27:294][150]LogModuleManager: Shutting down and abandoning module Paper2DEditor (86)
[2016.01.10-00.48.27:369][150]LogModuleManager: Shutting down and abandoning module UdpMessaging (85)
[2016.01.10-00.48.27:469][150]LogModuleManager: Shutting down and abandoning module LightPropagationVolumeRuntime (84)
[2016.01.10-00.48.27:469][150]LogModuleManager: Shutting down and abandoning module Paper2D (83)
[2016.01.10-00.48.27:490][150]LogModuleManager: Shutting down and abandoning module WindowsMoviePlayer (82)
[2016.01.10-00.48.27:570][150]LogModuleManager: Shutting down and abandoning module Media (81)
[2016.01.10-00.48.27:591][150]LogModuleManager: Shutting down and abandoning module WmfMedia (80)
[2016.01.10-00.48.27:623][150]LogModuleManager: Shutting down and abandoning module OnlineBlueprintSupport (79)
[2016.01.10-00.48.27:623][150]LogModuleManager: Shutting down and abandoning module GameplayTasksEditor (78)
[2016.01.10-00.48.27:623][150]LogModuleManager: Shutting down and abandoning module PropertyEditor (77)
[2016.01.10-00.48.27:680][150]LogModuleManager: Shutting down and abandoning module BehaviorTreeEditor (76)
[2016.01.10-00.48.27:712][150]LogModuleManager: Shutting down and abandoning module FunctionalTesting (75)
[2016.01.10-00.48.27:712][150]LogModuleManager: Shutting down and abandoning module CollisionAnalyzer (74)
[2016.01.10-00.48.27:741][150]LogModuleManager: Shutting down and abandoning module WorkspaceMenuStructure (73)
[2016.01.10-00.48.27:761][150]LogModuleManager: Shutting down and abandoning module MessageLog (72)
[2016.01.10-00.48.27:761][150]LogModuleManager: Shutting down and abandoning module Sequencer (71)
[2016.01.10-00.48.27:778][150]LogModuleManager: Shutting down and abandoning module AssetTools (70)
[2016.01.10-00.48.27:811][150]LogModuleManager: Shutting down and abandoning module UMGEditor (69)
[2016.01.10-00.48.27:826][150]LogModuleManager: Shutting down and abandoning module UMG (68)
[2016.01.10-00.48.27:844][150]LogModuleManager: Shutting down and abandoning module Slate (67)
[2016.01.10-00.48.27:844][150]LogModuleManager: Shutting down and abandoning module EditorStyle (66)
[2016.01.10-00.48.27:964][150]LogModuleManager: Shutting down and abandoning module SessionServices (65)
[2016.01.10-00.48.27:964][150]LogModuleManager: Shutting down and abandoning module SourceCodeAccess (64)
[2016.01.10-00.48.27:965][150]LogModuleManager: Shutting down and abandoning module HeadMountedDisplay (63)
[2016.01.10-00.48.27:965][150]LogModuleManager: Shutting down and abandoning module XAudio2 (62)
[2016.01.10-00.48.27:965][150]LogModuleManager: Shutting down and abandoning module Networking (60)
[2016.01.10-00.48.27:965][150]LogModuleManager: Shutting down and abandoning module Core (59)
[2016.01.10-00.48.27:965][150]LogModuleManager: Shutting down and abandoning module KismetCompiler (58)
[2016.01.10-00.48.27:988][150]LogModuleManager: Shutting down and abandoning module PhysXFormats (57)
[2016.01.10-00.48.27:993][150]LogModuleManager: Shutting down and abandoning module MeshUtilities (56)
[2016.01.10-00.48.28:010][150]LogModuleManager: Shutting down and abandoning module CookingStats (55)
[2016.01.10-00.48.28:023][150]LogModuleManager: Shutting down and abandoning module DerivedDataCache (54)
[2016.01.10-00.48.28:086][150]LogDerivedDataCache: Shutdown
[2016.01.10-00.48.28:086][150]LogModuleManager: Shutting down and abandoning module ShaderFormatOpenGL (53)
[2016.01.10-00.48.28:116][150]LogModuleManager: Shutting down and abandoning module ShaderFormatD3D (52)
[2016.01.10-00.48.28:177][150]LogModuleManager: Shutting down and abandoning module MetalShaderFormat (51)
[2016.01.10-00.48.28:195][150]LogModuleManager: Shutting down and abandoning module TextureFormatUncompressed (50)
[2016.01.10-00.48.28:195][150]LogModuleManager: Shutting down and abandoning module TextureFormatPVR (49)
[2016.01.10-00.48.28:237][150]LogModuleManager: Shutting down and abandoning module TextureFormatIntelISPCTexComp (48)
[2016.01.10-00.48.28:251][150]LogModuleManager: Shutting down and abandoning module TextureFormatDXT (47)
[2016.01.10-00.48.28:282][150]LogModuleManager: Shutting down and abandoning module ImageWrapper (46)
[2016.01.10-00.48.28:282][150]LogModuleManager: Shutting down and abandoning module TextureFormatASTC (45)
[2016.01.10-00.48.28:282][150]LogModuleManager: Shutting down and abandoning module TextureFormatAndroid (44)
[2016.01.10-00.48.28:282][150]LogModuleManager: Shutting down and abandoning module AudioFormatOpus (43)
[2016.01.10-00.48.28:312][150]LogModuleManager: Shutting down and abandoning module AudioFormatOgg (42)
[2016.01.10-00.48.28:330][150]LogModuleManager: Shutting down and abandoning module AudioFormatADPCM (41)
[2016.01.10-00.48.28:345][150]LogModuleManager: Shutting down and abandoning module LinuxTargetPlatform (40)
[2016.01.10-00.48.28:346][150]LogModuleManager: Shutting down and abandoning module LinuxServerTargetPlatform (39)
[2016.01.10-00.48.28:366][150]LogModuleManager: Shutting down and abandoning module LinuxNoEditorTargetPlatform (38)
[2016.01.10-00.48.28:446][150]LogModuleManager: Shutting down and abandoning module Messaging (37)
[2016.01.10-00.48.28:446][150]LogModuleManager: Shutting down and abandoning module IOSTargetPlatform (36)
[2016.01.10-00.48.28:446][150]LogModuleManager: Shutting down and abandoning module HTML5TargetPlatform (35)
[2016.01.10-00.48.28:446][150]LogModuleManager: Shutting down and abandoning module Android_PVRTCTargetPlatform (34)
[2016.01.10-00.48.28:527][150]LogModuleManager: Shutting down and abandoning module Android_ETC2TargetPlatform (33)
[2016.01.10-00.48.28:542][150]LogModuleManager: Shutting down and abandoning module Android_ETC1TargetPlatform (32)
[2016.01.10-00.48.28:588][150]LogModuleManager: Shutting down and abandoning module Android_DXTTargetPlatform (31)
[2016.01.10-00.48.28:619][150]LogModuleManager: Shutting down and abandoning module Android_ATCTargetPlatform (30)
[2016.01.10-00.48.28:717][150]LogModuleManager: Shutting down and abandoning module Android_ASTCTargetPlatform (29)
[2016.01.10-00.48.28:749][150]LogModuleManager: Shutting down and abandoning module AndroidTargetPlatform (28)
[2016.01.10-00.48.28:780][150]LogModuleManager: Shutting down and abandoning module WindowsTargetPlatform (27)
[2016.01.10-00.48.28:792][150]LogModuleManager: Shutting down and abandoning module WindowsServerTargetPlatform (26)
[2016.01.10-00.48.28:830][150]LogModuleManager: Shutting down and abandoning module WindowsNoEditorTargetPlatform (25)
[2016.01.10-00.48.28:872][150]LogModuleManager: Shutting down and abandoning module WindowsClientTargetPlatform (24)
[2016.01.10-00.48.28:890][150]LogModuleManager: Shutting down and abandoning module AllDesktopTargetPlatform (23)
[2016.01.10-00.48.28:924][150]LogModuleManager: Shutting down and abandoning module TargetPlatform (22)
[2016.01.10-00.48.28:980][150]LogModuleManager: Shutting down and abandoning module InputCore (21)
[2016.01.10-00.48.28:980][150]LogModuleManager: Shutting down and abandoning module Settings (20)
[2016.01.10-00.48.28:981][150]LogModuleManager: Shutting down and abandoning module OnlineSubsystem (18)
[2016.01.10-00.48.28:981][150]LogModuleManager: Shutting down and abandoning module HTTP (17)
[2016.01.10-00.48.30:982][150]LogModuleManager: Shutting down and abandoning module XMPP (16)
[2016.01.10-00.48.31:042][150]LogModuleManager: Shutting down and abandoning module ExampleDeviceProfileSelector (15)
[2016.01.10-00.48.31:042][150]LogModuleManager: Shutting down and abandoning module TextureCompressor (14)
[2016.01.10-00.48.31:138][150]LogModuleManager: Shutting down and abandoning module ShaderCore (13)
[2016.01.10-00.48.31:138][150]LogModuleManager: Shutting down and abandoning module Landscape (12)
[2016.01.10-00.48.31:162][150]LogModuleManager: Shutting down and abandoning module SlateRHIRenderer (11)
[2016.01.10-00.48.31:246][150]LogModuleManager: Shutting down and abandoning module OpenGLDrv (10)
[2016.01.10-00.48.31:272][150]LogModuleManager: Shutting down and abandoning module D3D11RHI (9)
[2016.01.10-00.48.31:273][150]LogModuleManager: Shutting down and abandoning module AnimGraphRuntime (8)
[2016.01.10-00.48.31:273][150]LogModuleManager: Shutting down and abandoning module Renderer (7)
[2016.01.10-00.48.31:273][150]LogModuleManager: Shutting down and abandoning module Engine (6)
[2016.01.10-00.48.31:319][150]LogModuleManager: Shutting down and abandoning module CoreUObject (5)
[2016.01.10-00.48.31:319][150]LogModuleManager: Shutting down and abandoning module NetworkFile (4)
[2016.01.10-00.48.31:349][150]LogModuleManager: Shutting down and abandoning module StreamingFile (3)
[2016.01.10-00.48.31:374][150]LogModuleManager: Shutting down and abandoning module SandboxFile (2)
[2016.01.10-00.48.31:398][150]LogModuleManager: Shutting down and abandoning module PakFile (1)
[2016.01.10-00.48.31:647][150]LogExit: Exiting.
[2016.01.10-00.48.31:866][150]Log file closed, 01/09/16 19:48:31
