[2016.01.10-21.32.55:521][  0]Log file open, 01/10/16 16:32:55
[2016.01.10-21.32.55:521][  0]LogInit:Display: Running engine for game: ShadowFall
[2016.01.10-21.32.55:521][  0]LogInit:Display: RandInit(1257356496) SRandInit(1257356497).
[2016.01.10-21.32.55:521][  0]LogTaskGraph: Started task graph with 4 named threads and 7 total threads.
[2016.01.10-21.32.55:521][  0]LogStats: Stats thread started at 0.082353
[2016.01.10-21.32.55:521][  0]LogInit: Version: 4.9.2-2707645+++depot+UE4-Releases+4.9
[2016.01.10-21.32.55:521][  0]LogInit: API Version: 2672455
[2016.01.10-21.32.55:521][  0]LogInit: Compiled (64-bit): Sep 28 2015 10:25:44
[2016.01.10-21.32.55:521][  0]LogInit: Compiled with Visual C++: 18.00.21005.01
[2016.01.10-21.32.55:521][  0]LogInit: Build Configuration: Development
[2016.01.10-21.32.55:521][  0]LogInit: Branch Name: ++depot+UE4-Releases+4.9
[2016.01.10-21.32.55:521][  0]LogInit: Command line:  
[2016.01.10-21.32.55:521][  0]LogInit: Base directory: D:/Program Files/Epic Games/4.9/Engine/Binaries/Win64/
[2016.01.10-21.32.55:521][  0]LogInit: Rocket: 1
[2016.01.10-21.32.55:530][  0]LogInit: Using libcurl 7.41.0
[2016.01.10-21.32.55:530][  0]LogInit:  - built for x86_64-pc-win32
[2016.01.10-21.32.55:530][  0]LogInit:  - supports SSL with WinSSL
[2016.01.10-21.32.55:530][  0]LogInit:  - other features:
[2016.01.10-21.32.55:530][  0]LogInit:      CURL_VERSION_SSL
[2016.01.10-21.32.55:530][  0]LogInit:      CURL_VERSION_IPV6
[2016.01.10-21.32.55:530][  0]LogInit:      CURL_VERSION_ASYNCHDNS
[2016.01.10-21.32.55:530][  0]LogInit:      CURL_VERSION_LARGEFILE
[2016.01.10-21.32.55:530][  0]LogInit:      CURL_VERSION_IDN
[2016.01.10-21.32.55:530][  0]LogInit:  CurlRequestOptions (configurable via config and command line):
[2016.01.10-21.32.55:530][  0]LogInit:  - bVerifyPeer = true  - Libcurl will verify peer certificate
[2016.01.10-21.32.55:530][  0]LogInit:  - bUseHttpProxy = false  - Libcurl will NOT use HTTP proxy
[2016.01.10-21.32.55:530][  0]LogInit:  - bDontReuseConnections = false  - Libcurl will reuse connections
[2016.01.10-21.32.55:530][  0]LogInit:  - CertBundlePath = nullptr  - Libcurl will use whatever was configured at build time.
[2016.01.10-21.32.55:538][  0]LogInit: Presizing for 0 objects not considered by GC, pre-allocating 0 bytes.
[2016.01.10-21.32.55:546][  0]LogInit: Object subsystem initialized
[2016.01.10-21.32.55:548][  0]LogInit: Selected Device Profile: [Windows]
[2016.01.10-21.32.55:548][  0]LogInit: Applying CVar settings loaded from the selected device profile: [Windows]
[2016.01.10-21.32.55:559][  0]LogInit: Computer: PCMAXIME
[2016.01.10-21.32.55:559][  0]LogInit: User: Maxime
[2016.01.10-21.32.55:559][  0]LogInit: CPU Page size=4096, Cores=4
[2016.01.10-21.32.55:559][  0]LogInit: High frequency timer resolution =2.338448 MHz
[2016.01.10-21.32.55:559][  0]LogMemory: Memory total: Physical=7.9GB (8GB approx)
[2016.01.10-21.32.55:559][  0]LogMemory: Platform Memory Stats for Windows
[2016.01.10-21.32.55:559][  0]LogMemory: Process Physical Memory: 56.17 MB used, 56.17 MB peak
[2016.01.10-21.32.55:559][  0]LogMemory: Process Virtual Memory: 57.17 MB used, 57.17 MB peak
[2016.01.10-21.32.55:559][  0]LogMemory: Physical Memory: 3631.25 MB used, 8123.55 MB total
[2016.01.10-21.32.55:559][  0]LogMemory: Virtual Memory: 352.14 MB used, 134217728.00 MB total
[2016.01.10-21.32.55:598][  0]LogTextLocalizationManager: No translations for ('fr-FR') exist, falling back to 'en' for localization and internationalization data.
[2016.01.10-21.32.56:410][  0]LogD3D11RHI: Found D3D11 adapter 0: AMD Radeon HD 7570M (Feature Level 11_0)
[2016.01.10-21.32.56:410][  0]LogD3D11RHI: Adapter has 1004MB of dedicated video memory, 0MB of dedicated system memory, and 3840MB of shared system memory, 1 output[s]
[2016.01.10-21.32.56:412][  0]LogD3D11RHI: Found D3D11 adapter 1: Microsoft Basic Render Driver (Feature Level 11_0)
[2016.01.10-21.32.56:412][  0]LogD3D11RHI: Adapter has 0MB of dedicated video memory, 0MB of dedicated system memory, and 4061MB of shared system memory, 0 output[s]
[2016.01.10-21.32.56:452][  0]LogD3D11RHI: Chosen D3D11 Adapter Id = 0
[2016.01.10-21.32.56:456][  0]LogD3D11RHI: !Direct3DDevice
[2016.01.10-21.32.56:456][  0]LogRHI: Texture pool is 702 MB (70% of 1004 MB)
[2016.01.10-21.32.56:463][  0]LogD3D11RHI: Async texture creation disabled: no driver support
[2016.01.10-21.32.56:475][  0]LogShaderCompilers: Guid format shader working directory is 15 characters bigger than the processId version (../../../../../../Bibliothèques/Documents/Unreal Projects/ShadowerFall/Intermediate/Shaders/WorkingDirectory/6232/).
[2016.01.10-21.32.56:475][  0]LogShaderCompilers: Cleaned the shader compiler working directory '../../../../../../Bibliothèques/Documents/Unreal Projects/ShadowerFall/Intermediate/Shaders/tmp/26634B224292FE1B96C9C581B1FEDD55/'.
[2016.01.10-21.32.56:475][  0]LogShaderCompilers:Display: Using Local Shader Compiler.
[2016.01.10-21.32.57:817][  0]LogTemp:Display: Loaded TP AllDesktopTargetPlatform
[2016.01.10-21.32.57:823][  0]LogTemp:Display: Loaded TP WindowsClientTargetPlatform
[2016.01.10-21.32.57:829][  0]LogTemp:Display: Loaded TP WindowsNoEditorTargetPlatform
[2016.01.10-21.32.57:835][  0]LogTemp:Display: Loaded TP WindowsServerTargetPlatform
[2016.01.10-21.32.57:841][  0]LogTemp:Display: Loaded TP WindowsTargetPlatform
[2016.01.10-21.32.57:845][  0]LogTemp:Display: Loaded TP AndroidTargetPlatform
[2016.01.10-21.32.57:848][  0]LogTemp:Display: Loaded TP Android_ASTCTargetPlatform
[2016.01.10-21.32.57:852][  0]LogTemp:Display: Loaded TP Android_ATCTargetPlatform
[2016.01.10-21.32.57:856][  0]LogTemp:Display: Loaded TP Android_DXTTargetPlatform
[2016.01.10-21.32.57:860][  0]LogTemp:Display: Loaded TP Android_ETC1TargetPlatform
[2016.01.10-21.32.57:864][  0]LogTemp:Display: Loaded TP Android_ETC2TargetPlatform
[2016.01.10-21.32.57:868][  0]LogTemp:Display: Loaded TP Android_PVRTCTargetPlatform
[2016.01.10-21.32.57:869][  0]LogTemp:Display: Loaded TP HTML5TargetPlatform
[2016.01.10-21.32.57:887][  0]LogTemp:Display: Loaded TP IOSTargetPlatform
[2016.01.10-21.32.57:891][  0]LogTemp:Display: Loaded TP LinuxNoEditorTargetPlatform
[2016.01.10-21.32.57:894][  0]LogTemp:Display: Loaded TP LinuxServerTargetPlatform
[2016.01.10-21.32.57:898][  0]LogTemp:Display: Loaded TP LinuxTargetPlatform
[2016.01.10-21.32.57:898][  0]LogTargetPlatformManager:Display: Building Assets For Windows
[2016.01.10-21.32.58:004][  0]LogDerivedDataCache:Display: Max Cache Size: 512 MB
[2016.01.10-21.32.58:045][  0]LogDerivedDataCache: Loaded boot cache 0.04s 41MB C:/Users/Maxime/AppData/Local/UnrealEngine/4.9/DerivedDataCache/Boot.ddc.
[2016.01.10-21.32.58:045][  0]LogDerivedDataCache:Display: Loaded Boot cache: C:/Users/Maxime/AppData/Local/UnrealEngine/4.9/DerivedDataCache/Boot.ddc
[2016.01.10-21.32.58:045][  0]LogDerivedDataCache: FDerivedDataBackendGraph:  Pak pak cache file ../../../../../../Bibliothèques/Documents/Unreal Projects/ShadowerFall/DerivedDataCache/DDC.ddp not found, will not use a pak cache.
[2016.01.10-21.32.58:045][  0]LogDerivedDataCache: Unable to find inner node Pak for hierarchical cache Hierarchy.
[2016.01.10-21.32.58:045][  0]LogDerivedDataCache: FDerivedDataBackendGraph:  CompressedPak pak cache file ../../../../../../Bibliothèques/Documents/Unreal Projects/ShadowerFall/DerivedDataCache/Compressed.ddp not found, will not use a pak cache.
[2016.01.10-21.32.58:045][  0]LogDerivedDataCache: Unable to find inner node CompressedPak for hierarchical cache Hierarchy.
[2016.01.10-21.32.58:201][  0]LogDerivedDataCache:Display: Pak cache opened for reading ../../../Engine/DerivedDataCache/Compressed.ddp.
[2016.01.10-21.32.58:214][  0]LogDerivedDataCache: Using Local data cache path C:/Users/Maxime/AppData/Local/UnrealEngine/Common/DerivedDataCache: Writable
[2016.01.10-21.32.58:433][  0]LogInit: Selected Device Profile: [Windows]
[2016.01.10-21.32.58:436][  0]LogContentStreaming: Texture pool size is 0.000000MB
[2016.01.10-21.32.58:578][  0]LogMeshUtilities: No automatic mesh reduction module available
[2016.01.10-21.32.58:578][  0]LogMeshUtilities: No automatic mesh merging module available
[2016.01.10-21.32.58:854][  0]LogInit: WinSock: version 1.1 (2.2), MaxSocks=32767, MaxUdp=65467
[2016.01.10-21.32.59:669][  0]UdpMessaging: Initializing bridge on interface 0.0.0.0:0 to multicast group 230.0.0.1:6666.
[2016.01.10-21.32.59:775][  0]LogAssetRegistry: FAssetRegistry took 0.0112 seconds to start up
[2016.01.10-21.32.59:987][  0]SourceControl: Info Source control is disabled
[2016.01.10-21.32.59:988][  0]SourceControl: Info Source control is disabled
[2016.01.10-21.33.00:006][  0]SourceControl: Info Source control is disabled
[2016.01.10-21.33.00:021][  0]SourceControl: Info Source control is disabled
[2016.01.10-21.33.00:223][  0]LogLinker:Warning: Asset '../../../Engine/Plugins/Runtime/LeapMotionController/Content/LM_PassthroughMaterial.uasset' has been saved with empty engine version. The asset will be loaded but may be incompatible.
[2016.01.10-21.33.00:328][  0]LogObj: 28361 objects as part of root set at end of initial load.
[2016.01.10-21.33.00:328][  0]LogUObjectAllocator: 6038872 out of 0 bytes used by permanent object pool.
[2016.01.10-21.33.00:394][  0]LogEngine: Initializing Engine...
[2016.01.10-21.33.00:397][  0]LogHMD: Can't find Oculus library dev build: is proper Runtime installed? Version: 0.7.0.0
[2016.01.10-21.33.00:398][  0]LogHMD: SteamVR failed to initialize.  Err: 110
[2016.01.10-21.33.00:533][  0]LogAIModule: Creating AISystem for world NewWorld
[2016.01.10-21.33.00:538][  0]LogInit: XAudio2 using 'Haut-parleurs (Périphérique High Definition Audio)' : 2 channels at 44.1 kHz using 16 bits per sample (channel mask 0x3)
[2016.01.10-21.33.00:553][  0]LogInit: FAudioDevice initialized.
[2016.01.10-21.33.00:574][  0]LogDerivedDataCache: Saved boot cache 0.02s 41MB C:/Users/Maxime/AppData/Local/UnrealEngine/4.9/DerivedDataCache/Boot.ddc.
[2016.01.10-21.33.00:576][  0]LogInit: Texture streaming: Enabled
[2016.01.10-21.33.00:582][  0]LogAnalytics: Creating configured Analytics provider AnalyticsET
[2016.01.10-21.33.00:582][  0]LogAnalytics: [UEEditor.Rocket.Release] APIServer = http://et2.epicgames.com/ET2/. AppVersion = 4.9.2-2707645+++depot+UE4-Releases+4.9
[2016.01.10-21.33.00:583][  0]LogAnalytics: [UEEditor.Rocket.Release] SetUserId 9a9effe84c4b08c90696e581cd7488a3|06ed4f6a0f4048debc1b07e05a99303a|05176c3f-19e8-4dc1-8202-ec95daad005f
[2016.01.10-21.33.00:583][  0]LogAnalytics: [UEEditor.Rocket.Release] AnalyticsET::StartSession
[2016.01.10-21.33.00:621][  0]LogInit: Transaction tracking system initialized
[2016.01.10-21.33.00:652][  0]BlueprintLog: New page: Editor Load
[2016.01.10-21.33.00:747][  0]LocalizationService: Info Localization service is disabled
[2016.01.10-21.33.01:004][  0]LogConsoleResponse:Display: 
[2016.01.10-21.33.01:144][  0]LogCook:Display: Done creating registry. It took  0.00s.
[2016.01.10-21.33.01:216][  0]LogFileCache: Scanning file cache for directory 'D:/Bibliothèques/Documents/Unreal Projects/ShadowerFall/Content/' took 0.02s
[2016.01.10-21.33.01:216][  0]SourceControl: Info Source control is disabled
[2016.01.10-21.33.01:217][  0]Cmd: MAP LOAD FILE="../../../../../../Bibliothèques/Documents/Unreal Projects/ShadowerFall/Content/FirstPersonBP/Maps/FirstPersonExampleMap.umap" TEMPLATE=0 SHOWPROGRESS=1 FEATURELEVEL=3
[2016.01.10-21.33.01:217][  0]LightingResults: New page: Lighting Build
[2016.01.10-21.33.01:222][  0]MapCheck: New page: Map Check
[2016.01.10-21.33.01:222][  0]LightingResults: New page: Lighting Build
[2016.01.10-21.33.01:235][  0]LogParticles: Destroying 0 GPU particle simulations for FXSystem 0x00000011212B0400
[2016.01.10-21.33.01:239][  0]LogLinker:Warning: Can't find file '/Game/FirstPersonBP/Blueprints/AI/CustomAICharacter'
[2016.01.10-21.33.01:239][  0]LogLinker:Warning: Can't find file for asset '/Game/FirstPersonBP/Blueprints/AI/CustomAICharacter' while loading ../../../../../../Bibliothèques/Documents/Unreal Projects/ShadowerFall/Content/FirstPersonBP/Maps/FirstPersonExampleMap.umap.
[2016.01.10-21.33.01:239][  0]LoadErrors:Error: Error /Game/FirstPersonBP/Maps/FirstPersonExampleMap : Can't find file for asset. /Game/FirstPersonBP/Blueprints/AI/CustomAICharacter
[2016.01.10-21.33.01:417][  0]LogLinker:Warning: Asset '../../../../../../Bibliothèques/Documents/Unreal Projects/ShadowerFall/Content/FirstPerson/Meshes/FirstPersonProjectileMesh.uasset' has been saved with empty engine version. The asset will be loaded but may be incompatible.
[2016.01.10-21.33.02:291][  0]LogLinker:Warning: Can't find file '/Game/FirstPersonBP/Blueprints/AI/CustomAICharacter'
[2016.01.10-21.33.02:291][  0]LogLinker:Warning: Can't find file for asset '/Game/FirstPersonBP/Blueprints/AI/CustomAICharacter' while loading ../../../../../../Bibliothèques/Documents/Unreal Projects/ShadowerFall/Content/FirstPersonBP/Maps/FirstPersonExampleMap.umap.
[2016.01.10-21.33.02:292][  0]LoadErrors:Error: Error /Game/FirstPersonBP/Maps/FirstPersonExampleMap : Can't find file for asset. /Game/FirstPersonBP/Blueprints/AI/CustomAICharacter
[2016.01.10-21.33.02:390][  0]LogLinker:Warning: Can't find file '/Game/FirstPersonBP/Blueprints/AI/CustomAICharacter'
[2016.01.10-21.33.02:390][  0]LogLinker:Warning: Can't find file for asset '/Game/FirstPersonBP/Blueprints/AI/CustomAICharacter' while loading ../../../../../../Bibliothèques/Documents/Unreal Projects/ShadowerFall/Content/FirstPersonBP/Maps/FirstPersonExampleMap.umap.
[2016.01.10-21.33.02:390][  0]LoadErrors:Error: Error /Game/FirstPersonBP/Maps/FirstPersonExampleMap : Can't find file for asset. /Game/FirstPersonBP/Blueprints/AI/CustomAICharacter
[2016.01.10-21.33.02:390][  0]LogLinker:Warning: Can't find file '/Game/FirstPersonBP/Blueprints/AI/CustomAICharacter'
[2016.01.10-21.33.02:391][  0]LogLinker:Warning: Can't find file for asset '/Game/FirstPersonBP/Blueprints/AI/CustomAICharacter' while loading ../../../../../../Bibliothèques/Documents/Unreal Projects/ShadowerFall/Content/FirstPersonBP/Maps/FirstPersonExampleMap.umap.
[2016.01.10-21.33.02:391][  0]LoadErrors:Error: Error /Game/FirstPersonBP/Maps/FirstPersonExampleMap : Can't find file for asset. /Game/FirstPersonBP/Blueprints/AI/CustomAICharacter
[2016.01.10-21.33.02:391][  0]LogLinker:Warning: Can't find file '/Game/FirstPersonBP/Blueprints/AI/CustomAICharacter'
[2016.01.10-21.33.02:391][  0]LogLinker:Warning: Can't find file for asset '/Game/FirstPersonBP/Blueprints/AI/CustomAICharacter' while loading ../../../../../../Bibliothèques/Documents/Unreal Projects/ShadowerFall/Content/FirstPersonBP/Maps/FirstPersonExampleMap.umap.
[2016.01.10-21.33.02:392][  0]LoadErrors:Error: Error /Game/FirstPersonBP/Maps/FirstPersonExampleMap : Can't find file for asset. /Game/FirstPersonBP/Blueprints/AI/CustomAICharacter
[2016.01.10-21.33.02:395][  0]LogLinker:Warning: Can't find file '/Game/FirstPersonBP/Blueprints/AI/CustomAICharacter'
[2016.01.10-21.33.02:395][  0]LogLinker:Warning: Can't find file for asset '/Game/FirstPersonBP/Blueprints/AI/CustomAICharacter' while loading ../../../../../../Bibliothèques/Documents/Unreal Projects/ShadowerFall/Content/FirstPersonBP/Maps/FirstPersonExampleMap.umap.
[2016.01.10-21.33.02:395][  0]LoadErrors:Error: Error /Game/FirstPersonBP/Maps/FirstPersonExampleMap : Can't find file for asset. /Game/FirstPersonBP/Blueprints/AI/CustomAICharacter
[2016.01.10-21.33.02:400][  0]LogLinker:Warning: Can't find file '/Game/FirstPersonBP/Blueprints/AI/CustomAICharacter'
[2016.01.10-21.33.02:401][  0]LogLinker:Warning: Can't find file for asset '/Game/FirstPersonBP/Blueprints/AI/CustomAICharacter' while loading ../../../../../../Bibliothèques/Documents/Unreal Projects/ShadowerFall/Content/FirstPersonBP/Maps/FirstPersonExampleMap.umap.
[2016.01.10-21.33.02:401][  0]LoadErrors:Error: Error /Game/FirstPersonBP/Maps/FirstPersonExampleMap : Can't find file for asset. /Game/FirstPersonBP/Blueprints/AI/CustomAICharacter
[2016.01.10-21.33.02:407][  0]LogLinker:Warning: Can't find file '/Game/FirstPersonBP/Blueprints/AI/CustomAICharacter'
[2016.01.10-21.33.02:407][  0]LogLinker:Warning: Can't find file for asset '/Game/FirstPersonBP/Blueprints/AI/CustomAICharacter' while loading ../../../../../../Bibliothèques/Documents/Unreal Projects/ShadowerFall/Content/FirstPersonBP/Maps/FirstPersonExampleMap.umap.
[2016.01.10-21.33.02:407][  0]LoadErrors:Error: Error /Game/FirstPersonBP/Maps/FirstPersonExampleMap : Can't find file for asset. /Game/FirstPersonBP/Blueprints/AI/CustomAICharacter
[2016.01.10-21.33.02:407][  0]LogLinker:Warning: Can't find file '/Game/FirstPersonBP/Blueprints/AI/CustomAICharacter'
[2016.01.10-21.33.02:407][  0]LogLinker:Warning: Can't find file for asset '/Game/FirstPersonBP/Blueprints/AI/CustomAICharacter' while loading ../../../../../../Bibliothèques/Documents/Unreal Projects/ShadowerFall/Content/FirstPersonBP/Maps/FirstPersonExampleMap.umap.
[2016.01.10-21.33.02:407][  0]LoadErrors:Error: Error /Game/FirstPersonBP/Maps/FirstPersonExampleMap : Can't find file for asset. /Game/FirstPersonBP/Blueprints/AI/CustomAICharacter
[2016.01.10-21.33.02:408][  0]LogLinker:Warning: Can't find file '/Game/FirstPersonBP/Blueprints/AI/CustomAICharacter'
[2016.01.10-21.33.02:408][  0]LogLinker:Warning: Can't find file for asset '/Game/FirstPersonBP/Blueprints/AI/CustomAICharacter' while loading ../../../../../../Bibliothèques/Documents/Unreal Projects/ShadowerFall/Content/FirstPersonBP/Maps/FirstPersonExampleMap.umap.
[2016.01.10-21.33.02:408][  0]LoadErrors:Error: Error /Game/FirstPersonBP/Maps/FirstPersonExampleMap : Can't find file for asset. /Game/FirstPersonBP/Blueprints/AI/CustomAICharacter
[2016.01.10-21.33.02:410][  0]LogLinker:Warning: Can't find file '/Game/FirstPersonBP/Blueprints/AI/CustomAICharacter'
[2016.01.10-21.33.02:410][  0]LogLinker:Warning: Can't find file for asset '/Game/FirstPersonBP/Blueprints/AI/CustomAICharacter' while loading NULL.
[2016.01.10-21.33.02:410][  0]LogLinker:Warning: Can't find file '/Game/FirstPersonBP/Blueprints/AI/CustomAICharacter'
[2016.01.10-21.33.02:410][  0]LogLinker:Warning: Can't find file for asset '/Game/FirstPersonBP/Blueprints/AI/CustomAICharacter' while loading NULL.
[2016.01.10-21.33.02:411][  0]LogLinker:Warning: Can't find file '/Game/FirstPersonBP/Blueprints/AI/CustomAICharacter'
[2016.01.10-21.33.02:411][  0]LogLinker:Warning: Can't find file for asset '/Game/FirstPersonBP/Blueprints/AI/CustomAICharacter' while loading NULL.
[2016.01.10-21.33.02:411][  0]LogLinker:Warning: Can't find file '/Game/FirstPersonBP/Blueprints/AI/CustomAICharacter'
[2016.01.10-21.33.02:411][  0]LogLinker:Warning: Can't find file for asset '/Game/FirstPersonBP/Blueprints/AI/CustomAICharacter' while loading NULL.
[2016.01.10-21.33.02:411][  0]LogLinker:Warning: Can't find file '/Game/FirstPersonBP/Blueprints/AI/CustomAICharacter'
[2016.01.10-21.33.02:412][  0]LogLinker:Warning: Can't find file for asset '/Game/FirstPersonBP/Blueprints/AI/CustomAICharacter' while loading NULL.
[2016.01.10-21.33.02:412][  0]LogLinker:Warning: Can't find file '/Game/FirstPersonBP/Blueprints/AI/CustomAICharacter'
[2016.01.10-21.33.02:412][  0]LogLinker:Warning: Can't find file for asset '/Game/FirstPersonBP/Blueprints/AI/CustomAICharacter' while loading NULL.
[2016.01.10-21.33.02:412][  0]LogLinker:Warning: Can't find file '/Game/FirstPersonBP/Blueprints/AI/CustomAICharacter'
[2016.01.10-21.33.02:412][  0]LogLinker:Warning: Can't find file for asset '/Game/FirstPersonBP/Blueprints/AI/CustomAICharacter' while loading NULL.
[2016.01.10-21.33.02:413][  0]LogLinker:Warning: Can't find file '/Game/FirstPersonBP/Blueprints/AI/CustomAICharacter'
[2016.01.10-21.33.02:413][  0]LogLinker:Warning: Can't find file for asset '/Game/FirstPersonBP/Blueprints/AI/CustomAICharacter' while loading NULL.
[2016.01.10-21.33.02:413][  0]LogLinker:Warning: Can't find file '/Game/FirstPersonBP/Blueprints/AI/CustomAICharacter'
[2016.01.10-21.33.02:413][  0]LogLinker:Warning: Can't find file for asset '/Game/FirstPersonBP/Blueprints/AI/CustomAICharacter' while loading NULL.
[2016.01.10-21.33.02:413][  0]LogLinker:Warning: Can't find file '/Game/FirstPersonBP/Blueprints/AI/CustomAICharacter'
[2016.01.10-21.33.02:413][  0]LogLinker:Warning: Can't find file for asset '/Game/FirstPersonBP/Blueprints/AI/CustomAICharacter' while loading NULL.
[2016.01.10-21.33.02:415][  0]LogLinker:Warning: Can't find file '/Game/FirstPersonBP/Blueprints/AI/CustomAICharacter'
[2016.01.10-21.33.02:415][  0]LogLinker:Warning: Can't find file for asset '/Game/FirstPersonBP/Blueprints/AI/CustomAICharacter' while loading NULL.
[2016.01.10-21.33.02:415][  0]LogLinker:Warning: Can't find file '/Game/FirstPersonBP/Blueprints/AI/CustomAICharacter'
[2016.01.10-21.33.02:415][  0]LogLinker:Warning: Can't find file for asset '/Game/FirstPersonBP/Blueprints/AI/CustomAICharacter' while loading NULL.
[2016.01.10-21.33.02:430][  0]LogLinker:Warning: Can't find file '/Game/FirstPersonBP/Blueprints/AI/CustomAICharacter'
[2016.01.10-21.33.02:430][  0]LogLinker:Warning: Can't find file for asset '/Game/FirstPersonBP/Blueprints/AI/CustomAICharacter' while loading NULL.
[2016.01.10-21.33.02:431][  0]LogLinker:Warning: Can't find file '/Game/FirstPersonBP/Blueprints/AI/CustomAICharacter'
[2016.01.10-21.33.02:431][  0]LogLinker:Warning: Can't find file for asset '/Game/FirstPersonBP/Blueprints/AI/CustomAICharacter' while loading NULL.
[2016.01.10-21.33.02:431][  0]LogLinker:Warning: Can't find file '/Game/FirstPersonBP/Blueprints/AI/CustomAICharacter'
[2016.01.10-21.33.02:431][  0]LogLinker:Warning: Can't find file for asset '/Game/FirstPersonBP/Blueprints/AI/CustomAICharacter' while loading NULL.
[2016.01.10-21.33.02:432][  0]LogLinker:Warning: Can't find file '/Game/FirstPersonBP/Blueprints/AI/CustomAICharacter'
[2016.01.10-21.33.02:432][  0]LogLinker:Warning: Can't find file for asset '/Game/FirstPersonBP/Blueprints/AI/CustomAICharacter' while loading NULL.
[2016.01.10-21.33.02:433][  0]LogLinker:Warning: Can't find file '/Game/FirstPersonBP/Blueprints/AI/CustomAICharacter'
[2016.01.10-21.33.02:433][  0]LogLinker:Warning: Can't find file for asset '/Game/FirstPersonBP/Blueprints/AI/CustomAICharacter' while loading NULL.
[2016.01.10-21.33.02:433][  0]LogLinker:Warning: Can't find file '/Game/FirstPersonBP/Blueprints/AI/CustomAICharacter'
[2016.01.10-21.33.02:433][  0]LogLinker:Warning: Can't find file for asset '/Game/FirstPersonBP/Blueprints/AI/CustomAICharacter' while loading NULL.
[2016.01.10-21.33.02:436][  0]LogLinker:Warning: Can't find file '/Game/FirstPersonBP/Blueprints/AI/CustomAICharacter'
[2016.01.10-21.33.02:436][  0]LogLinker:Warning: Can't find file for asset '/Game/FirstPersonBP/Blueprints/AI/CustomAICharacter' while loading NULL.
[2016.01.10-21.33.02:436][  0]LogLinker:Warning: Can't find file '/Game/FirstPersonBP/Blueprints/AI/CustomAICharacter'
[2016.01.10-21.33.02:437][  0]LogLinker:Warning: Can't find file for asset '/Game/FirstPersonBP/Blueprints/AI/CustomAICharacter' while loading NULL.
[2016.01.10-21.33.02:440][  0]LogLinker:Warning: Can't find file '/Game/FirstPersonBP/Blueprints/AI/CustomAICharacter'
[2016.01.10-21.33.02:440][  0]LogLinker:Warning: Can't find file for asset '/Game/FirstPersonBP/Blueprints/AI/CustomAICharacter' while loading NULL.
[2016.01.10-21.33.02:440][  0]LogLinker:Warning: Can't find file '/Game/FirstPersonBP/Blueprints/AI/CustomAICharacter'
[2016.01.10-21.33.02:440][  0]LogLinker:Warning: Can't find file for asset '/Game/FirstPersonBP/Blueprints/AI/CustomAICharacter' while loading NULL.
[2016.01.10-21.33.02:446][  0]LogLinker:Warning: Can't find file '/Game/FirstPersonBP/Blueprints/AI/CustomAICharacter'
[2016.01.10-21.33.02:446][  0]LogLinker:Warning: Can't find file for asset '/Game/FirstPersonBP/Blueprints/AI/CustomAICharacter' while loading NULL.
[2016.01.10-21.33.02:446][  0]LogLinker:Warning: Can't find file '/Game/FirstPersonBP/Blueprints/AI/CustomAICharacter'
[2016.01.10-21.33.02:447][  0]LogLinker:Warning: Can't find file for asset '/Game/FirstPersonBP/Blueprints/AI/CustomAICharacter' while loading NULL.
[2016.01.10-21.33.02:449][  0]LogLinker:Warning: Can't find file '/Game/FirstPersonBP/Blueprints/AI/CustomAICharacter'
[2016.01.10-21.33.02:449][  0]LogLinker:Warning: Can't find file for asset '/Game/FirstPersonBP/Blueprints/AI/CustomAICharacter' while loading NULL.
[2016.01.10-21.33.02:450][  0]LogLinker:Warning: Can't find file '/Game/FirstPersonBP/Blueprints/AI/CustomAICharacter'
[2016.01.10-21.33.02:450][  0]LogLinker:Warning: Can't find file for asset '/Game/FirstPersonBP/Blueprints/AI/CustomAICharacter' while loading NULL.
[2016.01.10-21.33.02:467][  0]LogLinker:Warning: Can't find file '/Game/FirstPersonBP/Blueprints/AI/CustomAICharacter'
[2016.01.10-21.33.02:467][  0]LogLinker:Warning: Can't find file for asset '/Game/FirstPersonBP/Blueprints/AI/CustomAICharacter' while loading NULL.
[2016.01.10-21.33.02:467][  0]LogLinker:Warning: Can't find file '/Game/FirstPersonBP/Blueprints/AI/CustomAICharacter'
[2016.01.10-21.33.02:467][  0]LoadErrors: Info Failed to load /Game/FirstPersonBP/Blueprints/AI/CustomAICharacter.CustomAICharacter_C Referenced by PersistentLevel
[2016.01.10-21.33.02:467][  0]LogLinker:Warning: Can't find file for asset '/Game/FirstPersonBP/Blueprints/AI/CustomAICharacter' while loading NULL.
[2016.01.10-21.33.02:467][  0]LoadErrors: Info Failed to load /Game/FirstPersonBP/Blueprints/AI/CustomAICharacter.CustomAICharacter_C Referenced by PersistentLevel
[2016.01.10-21.33.02:803][  0]LogAIModule: Creating AISystem for world FirstPersonExampleMap
[2016.01.10-21.33.02:832][  0]LogEditorServer: Finished looking for orphan Actors (0.000 secs)
[2016.01.10-21.33.02:833][  0]Cmd: MAP CHECKDEP NOCLEARLOG
[2016.01.10-21.33.02:929][  0]MapCheck: Info Map check complete: 0 Error(s), 0 Warning(s), took 95.887ms to complete.
[2016.01.10-21.33.02:929][  0]LogFileHelpers: Loading map 'FirstPersonExampleMap' took 1.712
[2016.01.10-21.33.03:046][  0]LogCollectionManager: Loaded 0 collections in 0.003386 seconds
[2016.01.10-21.33.03:093][  0]LogFileCache: Scanning file cache for directory 'D:/Bibliothèques/Documents/Unreal Projects/ShadowerFall/Saved/Collections/' took 0.01s
[2016.01.10-21.33.03:093][  0]LogFileCache: Scanning file cache for directory 'D:/Bibliothèques/Documents/Unreal Projects/ShadowerFall/Content/Developers/Maxime/Collections/' took 0.01s
[2016.01.10-21.33.03:093][  0]LogFileCache: Scanning file cache for directory 'D:/Bibliothèques/Documents/Unreal Projects/ShadowerFall/Content/Collections/' took 0.01s
[2016.01.10-21.33.03:093][  0]LogContentBrowser: Native class hierarchy populated in 0.0103 seconds. Added 1867 classes and 333 folders.
[2016.01.10-21.33.03:098][  0]LogCollectionManager: Rebuilt the GUID cache for 0 collections in 0.000003 seconds
[2016.01.10-21.33.03:106][  0]LogContentBrowser: Native class hierarchy updated for 'WidgetCarousel' in 0.0005 seconds. Added 0 classes and 0 folders.
[2016.01.10-21.33.03:177][  0]LogContentBrowser: Native class hierarchy updated for 'AddContentDialog' in 0.0006 seconds. Added 0 classes and 0 folders.
[2016.01.10-21.33.03:183][  0]LogContentBrowser: Native class hierarchy updated for 'SceneOutliner' in 0.0006 seconds. Added 1 classes and 2 folders.
[2016.01.10-21.33.03:278][  0]LogCrashTracker: Crashtracker disabled due to settings.
[2016.01.10-21.33.03:282][  0]LogUObjectGlobals:Warning: Failed to find object 'Class None.'
[2016.01.10-21.33.03:305][  0]LogLoad: Full Startup: 8.44 seconds (BP compile: 0.55 seconds)
[2016.01.10-21.33.03:323][  0]LoadErrors:Warning: Warning CreateExport: Failed to load Outer for resource 'Arrow': CustomAICharacter_C /Game/FirstPersonBP/Maps/FirstPersonExampleMap.FirstPersonExampleMap:PersistentLevel.CustomAICharacter_C_1
[2016.01.10-21.33.03:323][  0]LoadErrors:Warning: Warning CreateExport: Failed to load Outer for resource 'CollisionCylinder': CustomAICharacter_C /Game/FirstPersonBP/Maps/FirstPersonExampleMap.FirstPersonExampleMap:PersistentLevel.CustomAICharacter_C_1
[2016.01.10-21.33.03:323][  0]LoadErrors:Warning: Warning CreateExport: Failed to load Outer for resource 'ExplosionCol': CustomAICharacter_C /Game/FirstPersonBP/Maps/FirstPersonExampleMap.FirstPersonExampleMap:PersistentLevel.CustomAICharacter_C_1
[2016.01.10-21.33.03:323][  0]LoadErrors:Warning: Warning CreateExport: Failed to load Outer for resource 'CharMoveComp': CustomAICharacter_C /Game/FirstPersonBP/Maps/FirstPersonExampleMap.FirstPersonExampleMap:PersistentLevel.CustomAICharacter_C_1
[2016.01.10-21.33.03:323][  0]LoadErrors:Warning: Warning CreateExport: Failed to load Outer for resource 'PawnSensing': CustomAICharacter_C /Game/FirstPersonBP/Maps/FirstPersonExampleMap.FirstPersonExampleMap:PersistentLevel.CustomAICharacter_C_1
[2016.01.10-21.33.03:323][  0]LoadErrors:Warning: Warning CreateExport: Failed to load Outer for resource 'CharacterMesh0': CustomAICharacter_C /Game/FirstPersonBP/Maps/FirstPersonExampleMap.FirstPersonExampleMap:PersistentLevel.CustomAICharacter_C_1
[2016.01.10-21.33.03:323][  0]LoadErrors:Warning: Warning CreateExport: Failed to load Outer for resource 'StaticMesh': CustomAICharacter_C /Game/FirstPersonBP/Maps/FirstPersonExampleMap.FirstPersonExampleMap:PersistentLevel.CustomAICharacter_C_1
[2016.01.10-21.33.03:403][  0]LogContentStreaming: Texture pool size now 200 MB
[2016.01.10-21.33.03:572][  0]LogRenderer: Reallocating scene render targets to support 1252x668 (Frame:2).
[2016.01.10-21.33.03:824][  2]LogCollectionManager: Rebuilt the object cache for 0 collections in 0.000001 seconds (found 0 objects)
[2016.01.10-21.33.04:184][  6]LogAssetRegistry: Asset discovery search completed in 4.4207 seconds
[2016.01.10-21.33.04:184][  6]LogCollectionManager: Fixed up redirectors for 0 collections in 0.000008 seconds (updated 0 objects)
[2016.01.10-21.33.07:008][ 62]LogLinker:Warning: Can't find file '/Game/FirstPersonBP/Blueprints/JumpPad'
[2016.01.10-21.33.07:009][ 62]LogLinker:Warning: Can't find file for asset '/Game/FirstPersonBP/Blueprints/JumpPad' while loading ../../../../../../Bibliothèques/Documents/Unreal Projects/ShadowerFall/Content/FirstPersonBP/Maps/Level2.umap.
[2016.01.10-21.33.07:009][ 62]LoadErrors:Error: Error /Game/FirstPersonBP/Maps/Level2 : Can't find file for asset. /Game/FirstPersonBP/Blueprints/JumpPad
[2016.01.10-21.33.07:015][ 62]LogLinker:Warning: Can't find file '/Game/FirstPersonBP/Blueprints/JumpPad'
[2016.01.10-21.33.07:015][ 62]LogLinker:Warning: Can't find file for asset '/Game/FirstPersonBP/Blueprints/JumpPad' while loading ../../../../../../Bibliothèques/Documents/Unreal Projects/ShadowerFall/Content/FirstPersonBP/Maps/Level2.umap.
[2016.01.10-21.33.07:015][ 62]LogLinker:Warning: Can't find file '/Game/FirstPersonBP/Blueprints/JumpPad'
[2016.01.10-21.33.07:016][ 62]LogLinker:Warning: Can't find file for asset '/Game/FirstPersonBP/Blueprints/JumpPad' while loading ../../../../../../Bibliothèques/Documents/Unreal Projects/ShadowerFall/Content/FirstPersonBP/Maps/Level2.umap.
[2016.01.10-21.33.07:016][ 62]LogLinker:Warning: Can't find file '/Game/FirstPersonBP/Blueprints/JumpPad'
[2016.01.10-21.33.07:016][ 62]LogLinker:Warning: Can't find file for asset '/Game/FirstPersonBP/Blueprints/JumpPad' while loading ../../../../../../Bibliothèques/Documents/Unreal Projects/ShadowerFall/Content/FirstPersonBP/Maps/Level2.umap.
[2016.01.10-21.33.07:047][ 62]LogLinker:Warning: Can't find file '/Game/FirstPersonBP/Blueprints/JumpPad'
[2016.01.10-21.33.07:047][ 62]LogLinker:Warning: Can't find file for asset '/Game/FirstPersonBP/Blueprints/JumpPad' while loading NULL.
[2016.01.10-21.33.07:047][ 62]LogLinker:Warning: Can't find file '/Game/FirstPersonBP/Blueprints/JumpPad'
[2016.01.10-21.33.07:047][ 62]LogLinker:Warning: Can't find file for asset '/Game/FirstPersonBP/Blueprints/JumpPad' while loading NULL.
[2016.01.10-21.33.07:048][ 62]LogLinker:Warning: Can't find file '/Game/FirstPersonBP/Blueprints/JumpPad'
[2016.01.10-21.33.07:048][ 62]LogLinker:Warning: Can't find file for asset '/Game/FirstPersonBP/Blueprints/JumpPad' while loading NULL.
[2016.01.10-21.33.07:048][ 62]LogLinker:Warning: Can't find file '/Game/FirstPersonBP/Blueprints/JumpPad'
[2016.01.10-21.33.07:048][ 62]LogLinker:Warning: Can't find file for asset '/Game/FirstPersonBP/Blueprints/JumpPad' while loading NULL.
[2016.01.10-21.33.07:132][ 62]LogLinker:Warning: Can't find file '/Game/FirstPersonBP/Blueprints/JumpPad'
[2016.01.10-21.33.07:132][ 62]LogLinker:Warning: Can't find file for asset '/Game/FirstPersonBP/Blueprints/JumpPad' while loading NULL.
[2016.01.10-21.33.07:132][ 62]LogLinker:Warning: Can't find file '/Game/FirstPersonBP/Blueprints/JumpPad'
[2016.01.10-21.33.07:132][ 62]LogLinker:Warning: Can't find file for asset '/Game/FirstPersonBP/Blueprints/JumpPad' while loading NULL.
[2016.01.10-21.33.07:132][ 62]LogLinker:Warning: Can't find file '/Game/FirstPersonBP/Blueprints/JumpPad'
[2016.01.10-21.33.07:133][ 62]LogLinker:Warning: Can't find file for asset '/Game/FirstPersonBP/Blueprints/JumpPad' while loading NULL.
[2016.01.10-21.33.07:133][ 62]LogLinker:Warning: Can't find file '/Game/FirstPersonBP/Blueprints/JumpPad'
[2016.01.10-21.33.07:133][ 62]LogLinker:Warning: Can't find file for asset '/Game/FirstPersonBP/Blueprints/JumpPad' while loading NULL.
[2016.01.10-21.33.07:148][ 62]LogLinker:Warning: Can't find file '/Game/FirstPersonBP/Blueprints/JumpPad'
[2016.01.10-21.33.07:148][ 62]LogLinker:Warning: Can't find file for asset '/Game/FirstPersonBP/Blueprints/JumpPad' while loading NULL.
[2016.01.10-21.33.07:148][ 62]LogLinker:Warning: Can't find file '/Game/FirstPersonBP/Blueprints/JumpPad'
[2016.01.10-21.33.07:149][ 62]LogLinker:Warning: Can't find file for asset '/Game/FirstPersonBP/Blueprints/JumpPad' while loading NULL.
[2016.01.10-21.33.07:149][ 62]LogLinker:Warning: Can't find file '/Game/FirstPersonBP/Blueprints/JumpPad'
[2016.01.10-21.33.07:149][ 62]LogLinker:Warning: Can't find file for asset '/Game/FirstPersonBP/Blueprints/JumpPad' while loading NULL.
[2016.01.10-21.33.07:150][ 62]LogLinker:Warning: Can't find file '/Game/FirstPersonBP/Blueprints/JumpPad'
[2016.01.10-21.33.07:150][ 62]LogLinker:Warning: Can't find file for asset '/Game/FirstPersonBP/Blueprints/JumpPad' while loading NULL.
[2016.01.10-21.33.07:156][ 62]LogLinker:Warning: Can't find file '/Game/FirstPersonBP/Blueprints/JumpPad'
[2016.01.10-21.33.07:156][ 62]LogLinker:Warning: Can't find file for asset '/Game/FirstPersonBP/Blueprints/JumpPad' while loading NULL.
[2016.01.10-21.33.07:156][ 62]LogLinker:Warning: Can't find file '/Game/FirstPersonBP/Blueprints/JumpPad'
[2016.01.10-21.33.07:156][ 62]LogLinker:Warning: Can't find file for asset '/Game/FirstPersonBP/Blueprints/JumpPad' while loading NULL.
[2016.01.10-21.33.07:156][ 62]LogLinker:Warning: Can't find file '/Game/FirstPersonBP/Blueprints/JumpPad'
[2016.01.10-21.33.07:157][ 62]LogLinker:Warning: Can't find file for asset '/Game/FirstPersonBP/Blueprints/JumpPad' while loading NULL.
[2016.01.10-21.33.07:157][ 62]LogLinker:Warning: Can't find file '/Game/FirstPersonBP/Blueprints/JumpPad'
[2016.01.10-21.33.07:157][ 62]LogLinker:Warning: Can't find file for asset '/Game/FirstPersonBP/Blueprints/JumpPad' while loading NULL.
[2016.01.10-21.33.07:185][ 62]LogLinker:Warning: Can't find file '/Game/FirstPersonBP/Blueprints/JumpPad'
[2016.01.10-21.33.07:185][ 62]LogLinker:Warning: Can't find file for asset '/Game/FirstPersonBP/Blueprints/JumpPad' while loading NULL.
[2016.01.10-21.33.07:186][ 62]LogLinker:Warning: Can't find file '/Game/FirstPersonBP/Blueprints/JumpPad'
[2016.01.10-21.33.07:186][ 62]LoadErrors: Info Failed to load /Game/FirstPersonBP/Blueprints/JumpPad.JumpPad_C Referenced by PersistentLevel
[2016.01.10-21.33.07:186][ 62]LogLinker:Warning: Can't find file for asset '/Game/FirstPersonBP/Blueprints/JumpPad' while loading NULL.
[2016.01.10-21.33.07:186][ 62]LogLinker:Warning: Can't find file '/Game/FirstPersonBP/Blueprints/JumpPad'
[2016.01.10-21.33.07:186][ 62]LogLinker:Warning: Can't find file for asset '/Game/FirstPersonBP/Blueprints/JumpPad' while loading NULL.
[2016.01.10-21.33.07:187][ 62]LogLinker:Warning: Can't find file '/Game/FirstPersonBP/Blueprints/JumpPad'
[2016.01.10-21.33.07:187][ 62]LogLinker:Warning: Can't find file for asset '/Game/FirstPersonBP/Blueprints/JumpPad' while loading NULL.
[2016.01.10-21.33.07:371][ 62]LogAIModule: Creating AISystem for world Level2
[2016.01.10-21.33.07:468][ 62]LogUObjectGlobals:Warning: Failed to find object 'Object /Game/FirstPersonBP/Maps/Level2.Level2v2'
[2016.01.10-21.33.07:478][ 62]LoadErrors:Warning: Warning CreateExport: Failed to load Outer for resource 'SceneComp': JumpPad_C /Game/FirstPersonBP/Maps/Level2.Level2v2:PersistentLevel.JumpPad2
[2016.01.10-21.33.07:478][ 62]LoadErrors:Warning: Warning CreateExport: Failed to load Outer for resource 'SceneComp': JumpPad_C /Game/FirstPersonBP/Maps/Level2.Level2v2:PersistentLevel.JumpPad_C_2
[2016.01.10-21.33.07:478][ 62]LoadErrors:Warning: Warning CreateExport: Failed to load Outer for resource 'JumpadMesh': JumpPad_C /Game/FirstPersonBP/Maps/Level2.Level2v2:PersistentLevel.JumpPad2
[2016.01.10-21.33.07:478][ 62]LoadErrors:Warning: Warning CreateExport: Failed to load Outer for resource 'JumpadMesh': JumpPad_C /Game/FirstPersonBP/Maps/Level2.Level2v2:PersistentLevel.JumpPad_C_2
[2016.01.10-21.33.09:365][108]LogUObjectGlobals:Warning: Failed to find object 'Object /Game/FirstPersonBP/Maps/Level2.Level2v2'
[2016.01.10-21.33.11:529][135]LogTexture:Display: Building textures: HQ_Lightmap0_10 (AutoDXT)
[2016.01.10-21.33.11:592][135]LogTexture:Display: Building textures: HQ_Lightmap0_11 (AutoDXT)
[2016.01.10-21.33.11:600][135]LogTexture:Display: Building textures: HQ_Lightmap0_12 (AutoDXT)
[2016.01.10-21.33.11:610][135]LogTexture:Display: Building textures: HQ_Lightmap0_13 (AutoDXT)
[2016.01.10-21.33.11:618][135]LogTexture:Display: Building textures: HQ_Lightmap0_14 (AutoDXT)
[2016.01.10-21.33.11:626][135]LogTexture:Display: Building textures: HQ_Lightmap0_15 (AutoDXT)
[2016.01.10-21.33.11:639][135]LogTexture:Display: Building textures: HQ_Lightmap0_16 (AutoDXT)
[2016.01.10-21.33.11:648][135]LogTexture:Display: Building textures: HQ_Lightmap0_17 (AutoDXT)
[2016.01.10-21.33.11:658][135]LogTexture:Display: Building textures: HQ_Lightmap0_18 (AutoDXT)
[2016.01.10-21.33.11:668][135]LogTexture:Display: Building textures: HQ_Lightmap0_21 (AutoDXT)
[2016.01.10-21.33.11:678][135]LogTexture:Display: Building textures: HQ_Lightmap0_22 (AutoDXT)
[2016.01.10-21.33.11:685][135]LogTexture:Display: Building textures: HQ_Lightmap0_23 (AutoDXT)
[2016.01.10-21.33.11:695][135]LogTexture:Display: Building textures: HQ_Lightmap0_3 (AutoDXT)
[2016.01.10-21.33.11:714][135]LogTexture:Display: Building textures: HQ_Lightmap0_4 (AutoDXT)
[2016.01.10-21.33.11:738][135]LogTexture:Display: Building textures: HQ_Lightmap0_5 (AutoDXT)
[2016.01.10-21.33.11:751][135]LogTexture:Display: Building textures: HQ_Lightmap0_6 (AutoDXT)
[2016.01.10-21.33.11:768][135]LogTexture:Display: Building textures: HQ_Lightmap0_7 (AutoDXT)
[2016.01.10-21.33.11:781][135]LogTexture:Display: Building textures: HQ_Lightmap0_8 (AutoDXT)
[2016.01.10-21.33.11:790][135]LogTexture:Display: Building textures: HQ_Lightmap0_9 (AutoDXT)
[2016.01.10-21.33.11:798][135]LogTexture:Display: Building textures: LQ_Lightmap_0_10 (DXT1)
[2016.01.10-21.33.11:802][135]LogTexture:Display: Building textures: LQ_Lightmap_0_11 (DXT1)
[2016.01.10-21.33.11:806][135]LogTexture:Display: Building textures: LQ_Lightmap_0_12 (DXT1)
[2016.01.10-21.33.11:811][135]LogTexture:Display: Building textures: LQ_Lightmap_0_13 (DXT1)
[2016.01.10-21.33.11:815][135]LogTexture:Display: Building textures: LQ_Lightmap_0_14 (DXT1)
[2016.01.10-21.33.11:818][135]LogTexture:Display: Building textures: LQ_Lightmap_0_15 (DXT1)
[2016.01.10-21.33.11:822][135]LogTexture:Display: Building textures: LQ_Lightmap_0_16 (DXT1)
[2016.01.10-21.33.11:826][135]LogTexture:Display: Building textures: LQ_Lightmap_0_17 (DXT1)
[2016.01.10-21.33.11:830][135]LogTexture:Display: Building textures: LQ_Lightmap_0_18 (DXT1)
[2016.01.10-21.33.11:834][135]LogTexture:Display: Building textures: LQ_Lightmap_0_21 (DXT1)
[2016.01.10-21.33.11:837][135]LogTexture:Display: Building textures: LQ_Lightmap_0_22 (DXT1)
[2016.01.10-21.33.11:841][135]LogTexture:Display: Building textures: LQ_Lightmap_0_23 (DXT1)
[2016.01.10-21.33.11:845][135]LogTexture:Display: Building textures: LQ_Lightmap_0_3 (DXT1)
[2016.01.10-21.33.11:855][135]LogTexture:Display: Building textures: LQ_Lightmap_0_4 (DXT1)
[2016.01.10-21.33.11:869][135]LogTexture:Display: Building textures: LQ_Lightmap_0_5 (DXT1)
[2016.01.10-21.33.11:875][135]LogTexture:Display: Building textures: LQ_Lightmap_0_6 (DXT1)
[2016.01.10-21.33.11:884][135]LogTexture:Display: Building textures: LQ_Lightmap_0_7 (DXT1)
[2016.01.10-21.33.11:889][135]LogTexture:Display: Building textures: LQ_Lightmap_0_8 (DXT1)
[2016.01.10-21.33.11:893][135]LogTexture:Display: Building textures: LQ_Lightmap_0_9 (DXT1)
[2016.01.10-21.33.11:900][135]LogTexture:Display: Building textures: ShadowMapTexture2D_1 (G8)
[2016.01.10-21.33.11:900][135]LogTexture:Display: Building textures: ShadowMapTexture2D_10 (G8)
[2016.01.10-21.33.11:901][135]LogTexture:Display: Building textures: ShadowMapTexture2D_11 (G8)
[2016.01.10-21.33.11:902][135]LogTexture:Display: Building textures: ShadowMapTexture2D_12 (G8)
[2016.01.10-21.33.11:903][135]LogTexture:Display: Building textures: ShadowMapTexture2D_13 (G8)
[2016.01.10-21.33.11:904][135]LogTexture:Display: Building textures: ShadowMapTexture2D_14 (G8)
[2016.01.10-21.33.11:905][135]LogTexture:Display: Building textures: ShadowMapTexture2D_15 (G8)
[2016.01.10-21.33.11:906][135]LogTexture:Display: Building textures: ShadowMapTexture2D_17 (G8)
[2016.01.10-21.33.11:906][135]LogTexture:Display: Building textures: ShadowMapTexture2D_18 (G8)
[2016.01.10-21.33.11:907][135]LogTexture:Display: Building textures: ShadowMapTexture2D_2 (G8)
[2016.01.10-21.33.11:910][135]LogTexture:Display: Building textures: ShadowMapTexture2D_3 (G8)
[2016.01.10-21.33.11:911][135]LogTexture:Display: Building textures: ShadowMapTexture2D_4 (G8)
[2016.01.10-21.33.11:914][135]LogTexture:Display: Building textures: ShadowMapTexture2D_5 (G8)
[2016.01.10-21.33.11:915][135]LogTexture:Display: Building textures: ShadowMapTexture2D_6 (G8)
[2016.01.10-21.33.11:916][135]LogTexture:Display: Building textures: ShadowMapTexture2D_7 (G8)
[2016.01.10-21.33.11:917][135]LogTexture:Display: Building textures: ShadowMapTexture2D_8 (G8)
[2016.01.10-21.33.11:918][135]LogTexture:Display: Building textures: ShadowMapTexture2D_9 (G8)
[2016.01.10-21.33.11:931][135]LogMaterial: Missing cached shader map for material M_GlassSF, compiling. 
[2016.01.10-21.33.12:102][135]LogAIModule: Creating AISystem for world Level1
[2016.01.10-21.33.12:189][135]LogActorComponent: UnregisterComponent: (/Engine/Transient.ProjectileMovementComponent_40__A6522401) Not registered. Aborting.
[2016.01.10-21.33.12:189][135]LogActorComponent: UnregisterComponent: (/Engine/Transient.ProjectileMovementComponent_0) Not registered. Aborting.
[2016.01.10-21.33.12:189][135]LogActorComponent: UnregisterComponent: (/Engine/Transient.ProjectileMovementComponent_1) Not registered. Aborting.
[2016.01.10-21.33.12:263][135]Cmd: MAP LOAD FILE="../../../../../../Bibliothèques/Documents/Unreal Projects/ShadowerFall/Content/FirstPersonBP/Maps/Level1.umap" TEMPLATE=0 SHOWPROGRESS=1 FEATURELEVEL=3
[2016.01.10-21.33.12:263][135]LightingResults: New page: Lighting Build
[2016.01.10-21.33.12:290][135]LoadErrors: New page: Loading map: Level1.umap
[2016.01.10-21.33.12:292][135]MapCheck: New page: Map Check
[2016.01.10-21.33.12:292][135]LightingResults: New page: Lighting Build
[2016.01.10-21.33.12:315][135]LogParticles: Destroying 0 GPU particle simulations for FXSystem 0x00000011108E5940
[2016.01.10-21.33.12:550][135]LogEditorServer: Finished looking for orphan Actors (0.000 secs)
[2016.01.10-21.33.12:592][135]Cmd: MAP CHECKDEP NOCLEARLOG
[2016.01.10-21.33.12:709][135]MapCheck: Info Map check complete: 0 Error(s), 0 Warning(s), took 117.292ms to complete.
[2016.01.10-21.33.12:710][135]LogFileHelpers: Loading map 'Level1' took 0.449
[2016.01.10-21.33.13:521][148]LogLinker:Warning: Can't find file '/Game/FirstPersonBP/Blueprints/JumpPad'
[2016.01.10-21.33.13:521][148]LogLinker:Warning: Can't find file for asset '/Game/FirstPersonBP/Blueprints/JumpPad' while loading ../../../../../../Bibliothèques/Documents/Unreal Projects/ShadowerFall/Content/FirstPersonBP/Maps/Level2.umap.
[2016.01.10-21.33.13:521][148]LoadErrors:Error: Error /Game/FirstPersonBP/Maps/Level2 : Can't find file for asset. /Game/FirstPersonBP/Blueprints/JumpPad
[2016.01.10-21.33.13:532][148]LogLinker:Warning: Can't find file '/Game/FirstPersonBP/Blueprints/JumpPad'
[2016.01.10-21.33.13:533][148]LogLinker:Warning: Can't find file for asset '/Game/FirstPersonBP/Blueprints/JumpPad' while loading ../../../../../../Bibliothèques/Documents/Unreal Projects/ShadowerFall/Content/FirstPersonBP/Maps/Level2.umap.
[2016.01.10-21.33.13:534][148]LogLinker:Warning: Can't find file '/Game/FirstPersonBP/Blueprints/JumpPad'
[2016.01.10-21.33.13:534][148]LogLinker:Warning: Can't find file for asset '/Game/FirstPersonBP/Blueprints/JumpPad' while loading ../../../../../../Bibliothèques/Documents/Unreal Projects/ShadowerFall/Content/FirstPersonBP/Maps/Level2.umap.
[2016.01.10-21.33.13:535][148]LogLinker:Warning: Can't find file '/Game/FirstPersonBP/Blueprints/JumpPad'
[2016.01.10-21.33.13:536][148]LogLinker:Warning: Can't find file for asset '/Game/FirstPersonBP/Blueprints/JumpPad' while loading ../../../../../../Bibliothèques/Documents/Unreal Projects/ShadowerFall/Content/FirstPersonBP/Maps/Level2.umap.
[2016.01.10-21.33.13:539][148]LogLinker:Warning: Can't find file '/Game/FirstPersonBP/Blueprints/JumpPad'
[2016.01.10-21.33.13:540][148]LogLinker:Warning: Can't find file for asset '/Game/FirstPersonBP/Blueprints/JumpPad' while loading NULL.
[2016.01.10-21.33.13:540][148]LogLinker:Warning: Can't find file '/Game/FirstPersonBP/Blueprints/JumpPad'
[2016.01.10-21.33.13:540][148]LogLinker:Warning: Can't find file for asset '/Game/FirstPersonBP/Blueprints/JumpPad' while loading NULL.
[2016.01.10-21.33.13:541][148]LogLinker:Warning: Can't find file '/Game/FirstPersonBP/Blueprints/JumpPad'
[2016.01.10-21.33.13:541][148]LogLinker:Warning: Can't find file for asset '/Game/FirstPersonBP/Blueprints/JumpPad' while loading NULL.
[2016.01.10-21.33.13:541][148]LogLinker:Warning: Can't find file '/Game/FirstPersonBP/Blueprints/JumpPad'
[2016.01.10-21.33.13:541][148]LogLinker:Warning: Can't find file for asset '/Game/FirstPersonBP/Blueprints/JumpPad' while loading NULL.
[2016.01.10-21.33.13:682][148]LogLinker:Warning: Can't find file '/Game/FirstPersonBP/Blueprints/JumpPad'
[2016.01.10-21.33.13:682][148]LogLinker:Warning: Can't find file for asset '/Game/FirstPersonBP/Blueprints/JumpPad' while loading NULL.
[2016.01.10-21.33.13:683][148]LogLinker:Warning: Can't find file '/Game/FirstPersonBP/Blueprints/JumpPad'
[2016.01.10-21.33.13:683][148]LogLinker:Warning: Can't find file for asset '/Game/FirstPersonBP/Blueprints/JumpPad' while loading NULL.
[2016.01.10-21.33.13:683][148]LogLinker:Warning: Can't find file '/Game/FirstPersonBP/Blueprints/JumpPad'
[2016.01.10-21.33.13:684][148]LogLinker:Warning: Can't find file for asset '/Game/FirstPersonBP/Blueprints/JumpPad' while loading NULL.
[2016.01.10-21.33.13:684][148]LogLinker:Warning: Can't find file '/Game/FirstPersonBP/Blueprints/JumpPad'
[2016.01.10-21.33.13:684][148]LogLinker:Warning: Can't find file for asset '/Game/FirstPersonBP/Blueprints/JumpPad' while loading NULL.
[2016.01.10-21.33.13:710][148]LogLinker:Warning: Can't find file '/Game/FirstPersonBP/Blueprints/JumpPad'
[2016.01.10-21.33.13:710][148]LogLinker:Warning: Can't find file for asset '/Game/FirstPersonBP/Blueprints/JumpPad' while loading NULL.
[2016.01.10-21.33.13:711][148]LogLinker:Warning: Can't find file '/Game/FirstPersonBP/Blueprints/JumpPad'
[2016.01.10-21.33.13:711][148]LogLinker:Warning: Can't find file for asset '/Game/FirstPersonBP/Blueprints/JumpPad' while loading NULL.
[2016.01.10-21.33.13:711][148]LogLinker:Warning: Can't find file '/Game/FirstPersonBP/Blueprints/JumpPad'
[2016.01.10-21.33.13:712][148]LogLinker:Warning: Can't find file for asset '/Game/FirstPersonBP/Blueprints/JumpPad' while loading NULL.
[2016.01.10-21.33.13:712][148]LogLinker:Warning: Can't find file '/Game/FirstPersonBP/Blueprints/JumpPad'
[2016.01.10-21.33.13:712][148]LogLinker:Warning: Can't find file for asset '/Game/FirstPersonBP/Blueprints/JumpPad' while loading NULL.
[2016.01.10-21.33.13:719][148]LogLinker:Warning: Can't find file '/Game/FirstPersonBP/Blueprints/JumpPad'
[2016.01.10-21.33.13:719][148]LogLinker:Warning: Can't find file for asset '/Game/FirstPersonBP/Blueprints/JumpPad' while loading NULL.
[2016.01.10-21.33.13:719][148]LogLinker:Warning: Can't find file '/Game/FirstPersonBP/Blueprints/JumpPad'
[2016.01.10-21.33.13:719][148]LogLinker:Warning: Can't find file for asset '/Game/FirstPersonBP/Blueprints/JumpPad' while loading NULL.
[2016.01.10-21.33.13:720][148]LogLinker:Warning: Can't find file '/Game/FirstPersonBP/Blueprints/JumpPad'
[2016.01.10-21.33.13:720][148]LogLinker:Warning: Can't find file for asset '/Game/FirstPersonBP/Blueprints/JumpPad' while loading NULL.
[2016.01.10-21.33.13:720][148]LogLinker:Warning: Can't find file '/Game/FirstPersonBP/Blueprints/JumpPad'
[2016.01.10-21.33.13:721][148]LogLinker:Warning: Can't find file for asset '/Game/FirstPersonBP/Blueprints/JumpPad' while loading NULL.
[2016.01.10-21.33.13:752][148]LogLinker:Warning: Can't find file '/Game/FirstPersonBP/Blueprints/JumpPad'
[2016.01.10-21.33.13:753][148]LogLinker:Warning: Can't find file for asset '/Game/FirstPersonBP/Blueprints/JumpPad' while loading NULL.
[2016.01.10-21.33.13:753][148]LogLinker:Warning: Can't find file '/Game/FirstPersonBP/Blueprints/JumpPad'
[2016.01.10-21.33.13:753][148]LoadErrors: Info Failed to load /Game/FirstPersonBP/Blueprints/JumpPad.JumpPad_C Referenced by PersistentLevel
[2016.01.10-21.33.13:753][148]LogLinker:Warning: Can't find file for asset '/Game/FirstPersonBP/Blueprints/JumpPad' while loading NULL.
[2016.01.10-21.33.13:754][148]LogLinker:Warning: Can't find file '/Game/FirstPersonBP/Blueprints/JumpPad'
[2016.01.10-21.33.13:754][148]LogLinker:Warning: Can't find file for asset '/Game/FirstPersonBP/Blueprints/JumpPad' while loading NULL.
[2016.01.10-21.33.13:754][148]LogLinker:Warning: Can't find file '/Game/FirstPersonBP/Blueprints/JumpPad'
[2016.01.10-21.33.13:755][148]LogLinker:Warning: Can't find file for asset '/Game/FirstPersonBP/Blueprints/JumpPad' while loading NULL.
[2016.01.10-21.33.13:877][148]LogAIModule: Creating AISystem for world Level2
[2016.01.10-21.33.13:945][148]LogUObjectGlobals:Warning: Failed to find object 'Object /Game/FirstPersonBP/Maps/Level2.Level2v2'
[2016.01.10-21.33.13:963][148]LoadErrors:Warning: Warning CreateExport: Failed to load Outer for resource 'SceneComp': JumpPad_C /Game/FirstPersonBP/Maps/Level2.Level2v2:PersistentLevel.JumpPad2
[2016.01.10-21.33.13:963][148]LoadErrors:Warning: Warning CreateExport: Failed to load Outer for resource 'SceneComp': JumpPad_C /Game/FirstPersonBP/Maps/Level2.Level2v2:PersistentLevel.JumpPad_C_2
[2016.01.10-21.33.13:963][148]LoadErrors:Warning: Warning CreateExport: Failed to load Outer for resource 'JumpadMesh': JumpPad_C /Game/FirstPersonBP/Maps/Level2.Level2v2:PersistentLevel.JumpPad2
[2016.01.10-21.33.13:963][148]LoadErrors:Warning: Warning CreateExport: Failed to load Outer for resource 'JumpadMesh': JumpPad_C /Game/FirstPersonBP/Maps/Level2.Level2v2:PersistentLevel.JumpPad_C_2
[2016.01.10-21.33.42:695][307]LogActorComponent: UnregisterComponent: (/Engine/Transient.ProjectileMovementComponent_40__A6522401) Not registered. Aborting.
[2016.01.10-21.33.42:695][307]LogActorComponent: UnregisterComponent: (/Engine/Transient.ProjectileMovementComponent_2) Not registered. Aborting.
[2016.01.10-21.33.42:695][307]LogActorComponent: UnregisterComponent: (/Engine/Transient.ProjectileMovementComponent_3) Not registered. Aborting.
[2016.01.10-21.33.42:826][307]LogWindowsTextInputMethodSystem:Display: IME system now deactivated.
[2016.01.10-21.33.43:120][308]Cmd: QUIT_EDITOR
[2016.01.10-21.33.43:401][308]LogExit: Preparing to exit.
[2016.01.10-21.33.43:803][308]LogExit: Editor shut down
[2016.01.10-21.33.43:803][308]LogExit: Transaction tracking system shut down
[2016.01.10-21.33.43:804][308]LogParticles: Destroying 0 GPU particle simulations for FXSystem 0x000000112D94B880
[2016.01.10-21.33.43:805][308]LogParticles: Destroying 0 GPU particle simulations for FXSystem 0x0000001121B7A980
[2016.01.10-21.33.43:805][308]LogParticles: Destroying 0 GPU particle simulations for FXSystem 0x00000011367A2B60
[2016.01.10-21.33.43:805][308]LogParticles: Destroying 0 GPU particle simulations for FXSystem 0x0000001136400360
[2016.01.10-21.33.43:806][308]LogParticles: Destroying 0 GPU particle simulations for FXSystem 0x00000011498A4AE0
[2016.01.10-21.33.43:953][308]LogExit: Object subsystem successfully closed.
[2016.01.10-21.33.43:967][308]LogD3D11RHI: Shutdown
[2016.01.10-21.33.43:967][308]LogD3D11RHI: CleanupD3DDevice
[2016.01.10-21.33.44:070][308]LogD3D11RHI: ~FD3D11DynamicRHI
[2016.01.10-21.33.44:096][308]LogModuleManager: Shutting down and abandoning module CrashTracker (197)
[2016.01.10-21.33.44:096][308]LogModuleManager: Shutting down and abandoning module SceneOutliner (196)
[2016.01.10-21.33.44:096][308]LogModuleManager: Shutting down and abandoning module SuperSearch (195)
[2016.01.10-21.33.44:096][308]LogModuleManager: Shutting down and abandoning module WidgetCarousel (194)
[2016.01.10-21.33.44:096][308]LogModuleManager: Shutting down and abandoning module AddContentDialog (193)
[2016.01.10-21.33.44:097][308]LogModuleManager: Shutting down and abandoning module EditorWidgets (192)
[2016.01.10-21.33.44:097][308]LogModuleManager: Shutting down and abandoning module CollectionManager (191)
[2016.01.10-21.33.44:097][308]LogModuleManager: Shutting down and abandoning module StatsViewer (190)
[2016.01.10-21.33.44:097][308]LogModuleManager: Shutting down and abandoning module FoliageEdit (189)
[2016.01.10-21.33.44:097][308]LogModuleManager: Shutting down and abandoning module LandscapeEditor (188)
[2016.01.10-21.33.44:097][308]LogModuleManager: Shutting down and abandoning module ActorPickerMode (187)
[2016.01.10-21.33.44:097][308]LogModuleManager: Shutting down and abandoning module GeometryMode (186)
[2016.01.10-21.33.44:097][308]LogModuleManager: Shutting down and abandoning module TextureAlignMode (185)
[2016.01.10-21.33.44:097][308]LogModuleManager: Shutting down and abandoning module BspMode (184)
[2016.01.10-21.33.44:097][308]LogModuleManager: Shutting down and abandoning module PlacementMode (183)
[2016.01.10-21.33.44:097][308]LogModuleManager: Shutting down and abandoning module AutomationWorker (182)
[2016.01.10-21.33.44:097][308]LogModuleManager: Shutting down and abandoning module CharacterAI (181)
[2016.01.10-21.33.44:097][308]LogModuleManager: Shutting down and abandoning module SmartSnapping (180)
[2016.01.10-21.33.44:097][308]LogModuleManager: Shutting down and abandoning module ViewportSnapping (179)
[2016.01.10-21.33.44:097][308]LogModuleManager: Shutting down and abandoning module LogVisualizer (178)
[2016.01.10-21.33.44:097][308]LogModuleManager: Shutting down and abandoning module GameProjectGeneration (177)
[2016.01.10-21.33.44:097][308]LogModuleManager: Shutting down and abandoning module IntroTutorials (176)
[2016.01.10-21.33.44:097][308]LogModuleManager: Shutting down and abandoning module EditorLiveStreaming (175)
[2016.01.10-21.33.44:097][308]LogModuleManager: Shutting down and abandoning module IOSPlatformEditor (174)
[2016.01.10-21.33.44:097][308]LogModuleManager: Shutting down and abandoning module HTML5PlatformEditor (173)
[2016.01.10-21.33.44:097][308]LogModuleManager: Shutting down and abandoning module AndroidDeviceDetection (172)
[2016.01.10-21.33.44:841][308]LogModuleManager: Shutting down and abandoning module AndroidPlatformEditor (171)
[2016.01.10-21.33.44:841][308]LogModuleManager: Shutting down and abandoning module IOSRuntimeSettings (170)
[2016.01.10-21.33.44:841][308]LogModuleManager: Shutting down and abandoning module AndroidRuntimeSettings (169)
[2016.01.10-21.33.44:841][308]LogModuleManager: Shutting down and abandoning module MergeActors (168)
[2016.01.10-21.33.44:841][308]LogModuleManager: Shutting down and abandoning module SizeMap (167)
[2016.01.10-21.33.44:841][308]LogModuleManager: Shutting down and abandoning module TreeMap (166)
[2016.01.10-21.33.44:841][308]LogModuleManager: Shutting down and abandoning module ReferenceViewer (165)
[2016.01.10-21.33.44:841][308]LogModuleManager: Shutting down and abandoning module LocalizationService (164)
[2016.01.10-21.33.44:841][308]LogModuleManager: Shutting down and abandoning module LocalizationDashboard (163)
[2016.01.10-21.33.44:841][308]LogModuleManager: Shutting down and abandoning module HardwareTargeting (162)
[2016.01.10-21.33.44:841][308]LogModuleManager: Shutting down and abandoning module DeviceProfileEditor (161)
[2016.01.10-21.33.44:841][308]LogModuleManager: Shutting down and abandoning module UndoHistory (160)
[2016.01.10-21.33.44:841][308]LogModuleManager: Shutting down and abandoning module GameplayTagsEditor (159)
[2016.01.10-21.33.44:841][308]LogModuleManager: Shutting down and abandoning module UserFeedback (158)
[2016.01.10-21.33.44:841][308]LogModuleManager: Shutting down and abandoning module XmlParser (157)
[2016.01.10-21.33.44:841][308]LogModuleManager: Shutting down and abandoning module Blutility (156)
[2016.01.10-21.33.44:841][308]LogModuleManager: Shutting down and abandoning module ProjectTargetPlatformEditor (155)
[2016.01.10-21.33.44:841][308]LogModuleManager: Shutting down and abandoning module ProjectSettingsViewer (154)
[2016.01.10-21.33.44:841][308]LogModuleManager: Shutting down and abandoning module InputBindingEditor (153)
[2016.01.10-21.33.44:841][308]LogModuleManager: Shutting down and abandoning module EditorSettingsViewer (152)
[2016.01.10-21.33.44:841][308]LogModuleManager: Shutting down and abandoning module SettingsEditor (151)
[2016.01.10-21.33.44:841][308]LogModuleManager: Shutting down and abandoning module ProjectLauncher (150)
[2016.01.10-21.33.44:841][308]LogModuleManager: Shutting down and abandoning module SessionFrontend (149)
[2016.01.10-21.33.44:841][308]LogModuleManager: Shutting down and abandoning module ProfilerClient (148)
[2016.01.10-21.33.44:841][308]LogModuleManager: Shutting down and abandoning module TargetDeviceServices (147)
[2016.01.10-21.33.44:841][308]LogModuleManager: Shutting down and abandoning module DeviceManager (146)
[2016.01.10-21.33.44:841][308]LogModuleManager: Shutting down and abandoning module AutomationController (145)
[2016.01.10-21.33.44:841][308]LogModuleManager: Shutting down and abandoning module AutomationWindow (144)
[2016.01.10-21.33.44:841][308]LogModuleManager: Shutting down and abandoning module Layers (143)
[2016.01.10-21.33.44:842][308]LogModuleManager: Shutting down and abandoning module ComponentVisualizers (142)
[2016.01.10-21.33.44:842][308]LogModuleManager: Shutting down and abandoning module DetailCustomizations (141)
[2016.01.10-21.33.44:842][308]LogModuleManager: Shutting down and abandoning module PackagesDialog (140)
[2016.01.10-21.33.44:842][308]LogModuleManager: Shutting down and abandoning module Persona (139)
[2016.01.10-21.33.44:842][308]LogModuleManager: Shutting down and abandoning module Kismet (138)
[2016.01.10-21.33.44:842][308]LogModuleManager: Shutting down and abandoning module GraphEditor (137)
[2016.01.10-21.33.44:842][308]LogModuleManager: Shutting down and abandoning module ClassViewer (136)
[2016.01.10-21.33.44:842][308]LogModuleManager: Shutting down and abandoning module Toolbox (135)
[2016.01.10-21.33.44:842][308]LogModuleManager: Shutting down and abandoning module ModuleUI (134)
[2016.01.10-21.33.44:842][308]LogModuleManager: Shutting down and abandoning module MovieSceneTools (133)
[2016.01.10-21.33.44:842][308]LogModuleManager: Shutting down and abandoning module OutputLog (132)
[2016.01.10-21.33.44:842][308]LogModuleManager: Shutting down and abandoning module GammaUI (131)
[2016.01.10-21.33.44:842][308]LogModuleManager: Shutting down and abandoning module Documentation (130)
[2016.01.10-21.33.44:842][308]LogModuleManager: Shutting down and abandoning module GameLiveStreaming (129)
[2016.01.10-21.33.44:842][308]LogModuleManager: Shutting down and abandoning module StreamingPauseRendering (128)
[2016.01.10-21.33.44:842][308]LogModuleManager: Shutting down and abandoning module AnalyticsET (127)
[2016.01.10-21.33.44:842][308]LogModuleManager: Shutting down and abandoning module Analytics (126)
[2016.01.10-21.33.44:842][308]LogModuleManager: Shutting down and abandoning module AITestSuite (125)
[2016.01.10-21.33.44:842][308]LogModuleManager: Shutting down and abandoning module GameplayDebugger (124)
[2016.01.10-21.33.44:842][308]LogModuleManager: Shutting down and abandoning module AIModule (123)
[2016.01.10-21.33.44:842][308]LogModuleManager: Shutting down and abandoning module ProfilerService (122)
[2016.01.10-21.33.44:875][308]LogModuleManager: Shutting down and abandoning module TaskGraph (121)
[2016.01.10-21.33.44:875][308]LogModuleManager: Shutting down and abandoning module SlateRemote (120)
[2016.01.10-21.33.44:875][308]LogModuleManager: Shutting down and abandoning module SteamVRController (119)
[2016.01.10-21.33.44:875][308]LogModuleManager: Shutting down and abandoning module SteamVR (118)
[2016.01.10-21.33.44:875][308]LogModuleManager: Shutting down and abandoning module ProceduralMeshComponent (117)
[2016.01.10-21.33.44:875][308]LogModuleManager: Shutting down and abandoning module OculusRift (116)
[2016.01.10-21.33.44:875][308]LogModuleManager: Shutting down and abandoning module OculusLibrary (115)
[2016.01.10-21.33.44:875][308]LogModuleManager: Shutting down and abandoning module LeapMotionController (114)
[2016.01.10-21.33.44:893][308]LogModuleManager: Shutting down and abandoning module CustomMeshComponent (113)
[2016.01.10-21.33.44:893][308]LogModuleManager: Shutting down and abandoning module CableComponent (112)
[2016.01.10-21.33.44:893][308]LogModuleManager: Shutting down and abandoning module ArchVisCharacter (111)
[2016.01.10-21.33.44:893][308]LogModuleManager: Shutting down and abandoning module MessagingDebugger (110)
[2016.01.10-21.33.44:893][308]LogModuleManager: Shutting down and abandoning module MediaPlayerEditor (109)
[2016.01.10-21.33.44:893][308]LogModuleManager: Shutting down and abandoning module HTML5Networking (108)
[2016.01.10-21.33.44:893][308]LogModuleManager: Shutting down and abandoning module SpeedTreeImporter (107)
[2016.01.10-21.33.44:893][308]LogModuleManager: Shutting down and abandoning module PluginBrowser (106)
[2016.01.10-21.33.44:893][308]LogModuleManager: Shutting down and abandoning module EpicSurvey (105)
[2016.01.10-21.33.44:893][308]LogModuleManager: Shutting down and abandoning module DesktopPlatform (104)
[2016.01.10-21.33.44:893][308]LogModuleManager: Shutting down and abandoning module VisualStudioSourceCodeAccess (103)
[2016.01.10-21.33.44:893][308]LogModuleManager: Shutting down and abandoning module UObjectPlugin (102)
[2016.01.10-21.33.44:893][308]LogModuleManager: Shutting down and abandoning module SubversionSourceControl (101)
[2016.01.10-21.33.44:893][308]LogModuleManager: Shutting down and abandoning module PerforceSourceControl (100)
[2016.01.10-21.33.44:893][308]LogModuleManager: Shutting down and abandoning module SourceControl (99)
[2016.01.10-21.33.44:893][308]LogModuleManager: Shutting down and abandoning module GitSourceControl (98)
[2016.01.10-21.33.44:893][308]LogModuleManager: Shutting down and abandoning module LightPropagationVolumeEditor (97)
[2016.01.10-21.33.44:893][308]LogModuleManager: Shutting down and abandoning module PaperTiledImporter (96)
[2016.01.10-21.33.44:893][308]LogModuleManager: Shutting down and abandoning module PaperSpriteSheetImporter (95)
[2016.01.10-21.33.44:893][308]LogModuleManager: Shutting down and abandoning module MeshPaint (94)
[2016.01.10-21.33.44:893][308]LogModuleManager: Shutting down and abandoning module SlateReflector (93)
[2016.01.10-21.33.44:893][308]LogModuleManager: Shutting down and abandoning module HotReload (92)
[2016.01.10-21.33.44:893][308]LogModuleManager: Shutting down and abandoning module MainFrame (91)
[2016.01.10-21.33.44:893][308]LogModuleManager: Shutting down and abandoning module LevelEditor (90)
[2016.01.10-21.33.44:894][308]LogModuleManager: Shutting down and abandoning module DirectoryWatcher (89)
[2016.01.10-21.33.44:894][308]LogModuleManager: Shutting down and abandoning module AssetRegistry (88)
[2016.01.10-21.33.44:950][308]LogModuleManager: Shutting down and abandoning module ContentBrowser (87)
[2016.01.10-21.33.44:951][308]LogModuleManager: Shutting down and abandoning module Paper2DEditor (86)
[2016.01.10-21.33.44:951][308]LogModuleManager: Shutting down and abandoning module UdpMessaging (85)
[2016.01.10-21.33.45:052][308]LogModuleManager: Shutting down and abandoning module LightPropagationVolumeRuntime (84)
[2016.01.10-21.33.45:052][308]LogModuleManager: Shutting down and abandoning module Paper2D (83)
[2016.01.10-21.33.45:052][308]LogModuleManager: Shutting down and abandoning module WindowsMoviePlayer (82)
[2016.01.10-21.33.45:055][308]LogModuleManager: Shutting down and abandoning module Media (81)
[2016.01.10-21.33.45:055][308]LogModuleManager: Shutting down and abandoning module WmfMedia (80)
[2016.01.10-21.33.45:055][308]LogModuleManager: Shutting down and abandoning module OnlineBlueprintSupport (79)
[2016.01.10-21.33.45:055][308]LogModuleManager: Shutting down and abandoning module GameplayTasksEditor (78)
[2016.01.10-21.33.45:055][308]LogModuleManager: Shutting down and abandoning module PropertyEditor (77)
[2016.01.10-21.33.45:055][308]LogModuleManager: Shutting down and abandoning module BehaviorTreeEditor (76)
[2016.01.10-21.33.45:055][308]LogModuleManager: Shutting down and abandoning module FunctionalTesting (75)
[2016.01.10-21.33.45:055][308]LogModuleManager: Shutting down and abandoning module CollisionAnalyzer (74)
[2016.01.10-21.33.45:055][308]LogModuleManager: Shutting down and abandoning module WorkspaceMenuStructure (73)
[2016.01.10-21.33.45:055][308]LogModuleManager: Shutting down and abandoning module MessageLog (72)
[2016.01.10-21.33.45:055][308]LogModuleManager: Shutting down and abandoning module Sequencer (71)
[2016.01.10-21.33.45:055][308]LogModuleManager: Shutting down and abandoning module AssetTools (70)
[2016.01.10-21.33.45:055][308]LogModuleManager: Shutting down and abandoning module UMGEditor (69)
[2016.01.10-21.33.45:055][308]LogModuleManager: Shutting down and abandoning module UMG (68)
[2016.01.10-21.33.45:055][308]LogModuleManager: Shutting down and abandoning module Slate (67)
[2016.01.10-21.33.45:055][308]LogModuleManager: Shutting down and abandoning module EditorStyle (66)
[2016.01.10-21.33.45:057][308]LogModuleManager: Shutting down and abandoning module SessionServices (65)
[2016.01.10-21.33.45:057][308]LogModuleManager: Shutting down and abandoning module SourceCodeAccess (64)
[2016.01.10-21.33.45:057][308]LogModuleManager: Shutting down and abandoning module HeadMountedDisplay (63)
[2016.01.10-21.33.45:057][308]LogModuleManager: Shutting down and abandoning module XAudio2 (62)
[2016.01.10-21.33.45:057][308]LogModuleManager: Shutting down and abandoning module Networking (60)
[2016.01.10-21.33.45:057][308]LogModuleManager: Shutting down and abandoning module Core (59)
[2016.01.10-21.33.45:057][308]LogModuleManager: Shutting down and abandoning module KismetCompiler (58)
[2016.01.10-21.33.45:057][308]LogModuleManager: Shutting down and abandoning module PhysXFormats (57)
[2016.01.10-21.33.45:057][308]LogModuleManager: Shutting down and abandoning module MeshUtilities (56)
[2016.01.10-21.33.45:057][308]LogModuleManager: Shutting down and abandoning module CookingStats (55)
[2016.01.10-21.33.45:058][308]LogModuleManager: Shutting down and abandoning module DerivedDataCache (54)
[2016.01.10-21.33.45:236][308]LogDerivedDataCache: Shutdown
[2016.01.10-21.33.45:236][308]LogModuleManager: Shutting down and abandoning module ShaderFormatOpenGL (53)
[2016.01.10-21.33.45:236][308]LogModuleManager: Shutting down and abandoning module ShaderFormatD3D (52)
[2016.01.10-21.33.45:236][308]LogModuleManager: Shutting down and abandoning module MetalShaderFormat (51)
[2016.01.10-21.33.45:236][308]LogModuleManager: Shutting down and abandoning module TextureFormatUncompressed (50)
[2016.01.10-21.33.45:236][308]LogModuleManager: Shutting down and abandoning module TextureFormatPVR (49)
[2016.01.10-21.33.45:237][308]LogModuleManager: Shutting down and abandoning module TextureFormatIntelISPCTexComp (48)
[2016.01.10-21.33.45:237][308]LogModuleManager: Shutting down and abandoning module TextureFormatDXT (47)
[2016.01.10-21.33.45:237][308]LogModuleManager: Shutting down and abandoning module ImageWrapper (46)
[2016.01.10-21.33.45:237][308]LogModuleManager: Shutting down and abandoning module TextureFormatASTC (45)
[2016.01.10-21.33.45:237][308]LogModuleManager: Shutting down and abandoning module TextureFormatAndroid (44)
[2016.01.10-21.33.45:237][308]LogModuleManager: Shutting down and abandoning module AudioFormatOpus (43)
[2016.01.10-21.33.45:237][308]LogModuleManager: Shutting down and abandoning module AudioFormatOgg (42)
[2016.01.10-21.33.45:237][308]LogModuleManager: Shutting down and abandoning module AudioFormatADPCM (41)
[2016.01.10-21.33.45:237][308]LogModuleManager: Shutting down and abandoning module LinuxTargetPlatform (40)
[2016.01.10-21.33.45:237][308]LogModuleManager: Shutting down and abandoning module LinuxServerTargetPlatform (39)
[2016.01.10-21.33.45:237][308]LogModuleManager: Shutting down and abandoning module LinuxNoEditorTargetPlatform (38)
[2016.01.10-21.33.45:237][308]LogModuleManager: Shutting down and abandoning module Messaging (37)
[2016.01.10-21.33.45:237][308]LogModuleManager: Shutting down and abandoning module IOSTargetPlatform (36)
[2016.01.10-21.33.45:237][308]LogModuleManager: Shutting down and abandoning module HTML5TargetPlatform (35)
[2016.01.10-21.33.45:237][308]LogModuleManager: Shutting down and abandoning module Android_PVRTCTargetPlatform (34)
[2016.01.10-21.33.45:237][308]LogModuleManager: Shutting down and abandoning module Android_ETC2TargetPlatform (33)
[2016.01.10-21.33.45:237][308]LogModuleManager: Shutting down and abandoning module Android_ETC1TargetPlatform (32)
[2016.01.10-21.33.45:237][308]LogModuleManager: Shutting down and abandoning module Android_DXTTargetPlatform (31)
[2016.01.10-21.33.45:237][308]LogModuleManager: Shutting down and abandoning module Android_ATCTargetPlatform (30)
[2016.01.10-21.33.45:237][308]LogModuleManager: Shutting down and abandoning module Android_ASTCTargetPlatform (29)
[2016.01.10-21.33.45:237][308]LogModuleManager: Shutting down and abandoning module AndroidTargetPlatform (28)
[2016.01.10-21.33.45:237][308]LogModuleManager: Shutting down and abandoning module WindowsTargetPlatform (27)
[2016.01.10-21.33.45:237][308]LogModuleManager: Shutting down and abandoning module WindowsServerTargetPlatform (26)
[2016.01.10-21.33.45:237][308]LogModuleManager: Shutting down and abandoning module WindowsNoEditorTargetPlatform (25)
[2016.01.10-21.33.45:237][308]LogModuleManager: Shutting down and abandoning module WindowsClientTargetPlatform (24)
[2016.01.10-21.33.45:237][308]LogModuleManager: Shutting down and abandoning module AllDesktopTargetPlatform (23)
[2016.01.10-21.33.45:237][308]LogModuleManager: Shutting down and abandoning module TargetPlatform (22)
[2016.01.10-21.33.45:237][308]LogModuleManager: Shutting down and abandoning module InputCore (21)
[2016.01.10-21.33.45:237][308]LogModuleManager: Shutting down and abandoning module Settings (20)
[2016.01.10-21.33.45:237][308]LogModuleManager: Shutting down and abandoning module OnlineSubsystem (18)
[2016.01.10-21.33.45:237][308]LogModuleManager: Shutting down and abandoning module HTTP (17)
[2016.01.10-21.33.47:239][308]LogModuleManager: Shutting down and abandoning module XMPP (16)
[2016.01.10-21.33.47:239][308]LogModuleManager: Shutting down and abandoning module ExampleDeviceProfileSelector (15)
[2016.01.10-21.33.47:239][308]LogModuleManager: Shutting down and abandoning module TextureCompressor (14)
[2016.01.10-21.33.47:239][308]LogModuleManager: Shutting down and abandoning module ShaderCore (13)
[2016.01.10-21.33.47:239][308]LogModuleManager: Shutting down and abandoning module Landscape (12)
[2016.01.10-21.33.47:239][308]LogModuleManager: Shutting down and abandoning module SlateRHIRenderer (11)
[2016.01.10-21.33.47:239][308]LogModuleManager: Shutting down and abandoning module OpenGLDrv (10)
[2016.01.10-21.33.47:240][308]LogModuleManager: Shutting down and abandoning module D3D11RHI (9)
[2016.01.10-21.33.47:240][308]LogModuleManager: Shutting down and abandoning module AnimGraphRuntime (8)
[2016.01.10-21.33.47:240][308]LogModuleManager: Shutting down and abandoning module Renderer (7)
[2016.01.10-21.33.47:240][308]LogModuleManager: Shutting down and abandoning module Engine (6)
[2016.01.10-21.33.47:240][308]LogModuleManager: Shutting down and abandoning module CoreUObject (5)
[2016.01.10-21.33.47:240][308]LogModuleManager: Shutting down and abandoning module NetworkFile (4)
[2016.01.10-21.33.47:240][308]LogModuleManager: Shutting down and abandoning module StreamingFile (3)
[2016.01.10-21.33.47:240][308]LogModuleManager: Shutting down and abandoning module SandboxFile (2)
[2016.01.10-21.33.47:240][308]LogModuleManager: Shutting down and abandoning module PakFile (1)
[2016.01.10-21.33.47:240][308]LogExit: Exiting.
[2016.01.10-21.33.47:258][308]Log file closed, 01/10/16 16:33:47
