[2016.01.14-18.47.57:688][  0]Log file open, 01/14/16 13:47:57
[2016.01.14-18.47.57:688][  0]LogInit:Display: Running engine for game: ShadowFall
[2016.01.14-18.47.57:688][  0]LogInit:Display: RandInit(-1717636181) SRandInit(-1717636181).
[2016.01.14-18.47.57:688][  0]LogTaskGraph: Started task graph with 4 named threads and 7 total threads.
[2016.01.14-18.47.57:688][  0]LogStats: Stats thread started at 0.085763
[2016.01.14-18.47.57:688][  0]LogInit: Version: 4.9.2-2707645+++depot+UE4-Releases+4.9
[2016.01.14-18.47.57:688][  0]LogInit: API Version: 2672455
[2016.01.14-18.47.57:688][  0]LogInit: Compiled (64-bit): Sep 28 2015 10:25:44
[2016.01.14-18.47.57:688][  0]LogInit: Compiled with Visual C++: 18.00.21005.01
[2016.01.14-18.47.57:688][  0]LogInit: Build Configuration: Development
[2016.01.14-18.47.57:688][  0]LogInit: Branch Name: ++depot+UE4-Releases+4.9
[2016.01.14-18.47.57:688][  0]LogInit: Command line:  
[2016.01.14-18.47.57:688][  0]LogInit: Base directory: D:/Program Files/Epic Games/4.9/Engine/Binaries/Win64/
[2016.01.14-18.47.57:688][  0]LogInit: Rocket: 1
[2016.01.14-18.47.57:701][  0]LogInit: Using libcurl 7.41.0
[2016.01.14-18.47.57:701][  0]LogInit:  - built for x86_64-pc-win32
[2016.01.14-18.47.57:702][  0]LogInit:  - supports SSL with WinSSL
[2016.01.14-18.47.57:702][  0]LogInit:  - other features:
[2016.01.14-18.47.57:702][  0]LogInit:      CURL_VERSION_SSL
[2016.01.14-18.47.57:702][  0]LogInit:      CURL_VERSION_IPV6
[2016.01.14-18.47.57:702][  0]LogInit:      CURL_VERSION_ASYNCHDNS
[2016.01.14-18.47.57:702][  0]LogInit:      CURL_VERSION_LARGEFILE
[2016.01.14-18.47.57:702][  0]LogInit:      CURL_VERSION_IDN
[2016.01.14-18.47.57:702][  0]LogInit:  CurlRequestOptions (configurable via config and command line):
[2016.01.14-18.47.57:702][  0]LogInit:  - bVerifyPeer = true  - Libcurl will verify peer certificate
[2016.01.14-18.47.57:702][  0]LogInit:  - bUseHttpProxy = false  - Libcurl will NOT use HTTP proxy
[2016.01.14-18.47.57:702][  0]LogInit:  - bDontReuseConnections = false  - Libcurl will reuse connections
[2016.01.14-18.47.57:702][  0]LogInit:  - CertBundlePath = nullptr  - Libcurl will use whatever was configured at build time.
[2016.01.14-18.47.57:710][  0]LogInit: Presizing for 0 objects not considered by GC, pre-allocating 0 bytes.
[2016.01.14-18.47.57:719][  0]LogInit: Object subsystem initialized
[2016.01.14-18.47.57:720][  0]LogInit: Selected Device Profile: [Windows]
[2016.01.14-18.47.57:720][  0]LogInit: Applying CVar settings loaded from the selected device profile: [Windows]
[2016.01.14-18.47.57:732][  0]LogInit: Computer: PCMAXIME
[2016.01.14-18.47.57:732][  0]LogInit: User: Maxime
[2016.01.14-18.47.57:732][  0]LogInit: CPU Page size=4096, Cores=4
[2016.01.14-18.47.57:732][  0]LogInit: High frequency timer resolution =2.338452 MHz
[2016.01.14-18.47.57:732][  0]LogMemory: Memory total: Physical=7.9GB (8GB approx)
[2016.01.14-18.47.57:732][  0]LogMemory: Platform Memory Stats for Windows
[2016.01.14-18.47.57:732][  0]LogMemory: Process Physical Memory: 56.27 MB used, 56.27 MB peak
[2016.01.14-18.47.57:732][  0]LogMemory: Process Virtual Memory: 57.38 MB used, 57.38 MB peak
[2016.01.14-18.47.57:732][  0]LogMemory: Physical Memory: 3282.59 MB used, 8123.55 MB total
[2016.01.14-18.47.57:732][  0]LogMemory: Virtual Memory: 352.34 MB used, 134217728.00 MB total
[2016.01.14-18.47.57:782][  0]LogTextLocalizationManager: No translations for ('fr-FR') exist, falling back to 'en' for localization and internationalization data.
[2016.01.14-18.47.58:496][  0]LogD3D11RHI: Found D3D11 adapter 0: AMD Radeon HD 7570M (Feature Level 11_0)
[2016.01.14-18.47.58:496][  0]LogD3D11RHI: Adapter has 1004MB of dedicated video memory, 0MB of dedicated system memory, and 3840MB of shared system memory, 1 output[s]
[2016.01.14-18.47.58:498][  0]LogD3D11RHI: Found D3D11 adapter 1: Microsoft Basic Render Driver (Feature Level 11_0)
[2016.01.14-18.47.58:499][  0]LogD3D11RHI: Adapter has 0MB of dedicated video memory, 0MB of dedicated system memory, and 4061MB of shared system memory, 0 output[s]
[2016.01.14-18.47.58:499][  0]LogD3D11RHI: Chosen D3D11 Adapter Id = 0
[2016.01.14-18.47.58:503][  0]LogD3D11RHI: !Direct3DDevice
[2016.01.14-18.47.58:503][  0]LogRHI: Texture pool is 702 MB (70% of 1004 MB)
[2016.01.14-18.47.58:511][  0]LogD3D11RHI: Async texture creation disabled: no driver support
[2016.01.14-18.47.58:522][  0]LogShaderCompilers: Guid format shader working directory is 15 characters bigger than the processId version (../../../../../../Bibliothèques/Documents/Unreal Projects/ShadowerFall/Intermediate/Shaders/WorkingDirectory/8616/).
[2016.01.14-18.47.58:522][  0]LogShaderCompilers: Cleaned the shader compiler working directory '../../../../../../Bibliothèques/Documents/Unreal Projects/ShadowerFall/Intermediate/Shaders/tmp/02BB109D4B12FAAA3F4CCE89D07A7FAA/'.
[2016.01.14-18.47.58:522][  0]LogShaderCompilers:Display: Using Local Shader Compiler.
[2016.01.14-18.47.59:888][  0]LogTemp:Display: Loaded TP AllDesktopTargetPlatform
[2016.01.14-18.47.59:894][  0]LogTemp:Display: Loaded TP WindowsClientTargetPlatform
[2016.01.14-18.47.59:900][  0]LogTemp:Display: Loaded TP WindowsNoEditorTargetPlatform
[2016.01.14-18.47.59:906][  0]LogTemp:Display: Loaded TP WindowsServerTargetPlatform
[2016.01.14-18.47.59:912][  0]LogTemp:Display: Loaded TP WindowsTargetPlatform
[2016.01.14-18.47.59:916][  0]LogTemp:Display: Loaded TP AndroidTargetPlatform
[2016.01.14-18.47.59:920][  0]LogTemp:Display: Loaded TP Android_ASTCTargetPlatform
[2016.01.14-18.47.59:924][  0]LogTemp:Display: Loaded TP Android_ATCTargetPlatform
[2016.01.14-18.47.59:927][  0]LogTemp:Display: Loaded TP Android_DXTTargetPlatform
[2016.01.14-18.47.59:931][  0]LogTemp:Display: Loaded TP Android_ETC1TargetPlatform
[2016.01.14-18.47.59:935][  0]LogTemp:Display: Loaded TP Android_ETC2TargetPlatform
[2016.01.14-18.47.59:939][  0]LogTemp:Display: Loaded TP Android_PVRTCTargetPlatform
[2016.01.14-18.47.59:940][  0]LogTemp:Display: Loaded TP HTML5TargetPlatform
[2016.01.14-18.47.59:959][  0]LogTemp:Display: Loaded TP IOSTargetPlatform
[2016.01.14-18.47.59:963][  0]LogTemp:Display: Loaded TP LinuxNoEditorTargetPlatform
[2016.01.14-18.47.59:966][  0]LogTemp:Display: Loaded TP LinuxServerTargetPlatform
[2016.01.14-18.47.59:971][  0]LogTemp:Display: Loaded TP LinuxTargetPlatform
[2016.01.14-18.47.59:971][  0]LogTargetPlatformManager:Display: Building Assets For Windows
[2016.01.14-18.48.00:081][  0]LogDerivedDataCache:Display: Max Cache Size: 512 MB
[2016.01.14-18.48.00:125][  0]LogDerivedDataCache: Loaded boot cache 0.04s 41MB C:/Users/Maxime/AppData/Local/UnrealEngine/4.9/DerivedDataCache/Boot.ddc.
[2016.01.14-18.48.00:125][  0]LogDerivedDataCache:Display: Loaded Boot cache: C:/Users/Maxime/AppData/Local/UnrealEngine/4.9/DerivedDataCache/Boot.ddc
[2016.01.14-18.48.00:125][  0]LogDerivedDataCache: FDerivedDataBackendGraph:  Pak pak cache file ../../../../../../Bibliothèques/Documents/Unreal Projects/ShadowerFall/DerivedDataCache/DDC.ddp not found, will not use a pak cache.
[2016.01.14-18.48.00:125][  0]LogDerivedDataCache: Unable to find inner node Pak for hierarchical cache Hierarchy.
[2016.01.14-18.48.00:125][  0]LogDerivedDataCache: FDerivedDataBackendGraph:  CompressedPak pak cache file ../../../../../../Bibliothèques/Documents/Unreal Projects/ShadowerFall/DerivedDataCache/Compressed.ddp not found, will not use a pak cache.
[2016.01.14-18.48.00:125][  0]LogDerivedDataCache: Unable to find inner node CompressedPak for hierarchical cache Hierarchy.
[2016.01.14-18.48.00:282][  0]LogDerivedDataCache:Display: Pak cache opened for reading ../../../Engine/DerivedDataCache/Compressed.ddp.
[2016.01.14-18.48.00:295][  0]LogDerivedDataCache: Using Local data cache path C:/Users/Maxime/AppData/Local/UnrealEngine/Common/DerivedDataCache: Writable
[2016.01.14-18.48.00:516][  0]LogInit: Selected Device Profile: [Windows]
[2016.01.14-18.48.00:519][  0]LogContentStreaming: Texture pool size is 0.000000MB
[2016.01.14-18.48.00:664][  0]LogMeshUtilities: No automatic mesh reduction module available
[2016.01.14-18.48.00:664][  0]LogMeshUtilities: No automatic mesh merging module available
[2016.01.14-18.48.00:944][  0]LogInit: WinSock: version 1.1 (2.2), MaxSocks=32767, MaxUdp=65467
[2016.01.14-18.48.01:756][  0]UdpMessaging: Initializing bridge on interface 0.0.0.0:0 to multicast group 230.0.0.1:6666.
[2016.01.14-18.48.01:862][  0]LogAssetRegistry: FAssetRegistry took 0.0112 seconds to start up
[2016.01.14-18.48.02:075][  0]SourceControl: Info Source control is disabled
[2016.01.14-18.48.02:076][  0]SourceControl: Info Source control is disabled
[2016.01.14-18.48.02:092][  0]SourceControl: Info Source control is disabled
[2016.01.14-18.48.02:107][  0]SourceControl: Info Source control is disabled
[2016.01.14-18.48.02:322][  0]LogLinker:Warning: Asset '../../../Engine/Plugins/Runtime/LeapMotionController/Content/LM_PassthroughMaterial.uasset' has been saved with empty engine version. The asset will be loaded but may be incompatible.
[2016.01.14-18.48.02:435][  0]LogObj: 28361 objects as part of root set at end of initial load.
[2016.01.14-18.48.02:435][  0]LogUObjectAllocator: 6038864 out of 0 bytes used by permanent object pool.
[2016.01.14-18.48.02:499][  0]LogEngine: Initializing Engine...
[2016.01.14-18.48.02:502][  0]LogHMD: Can't find Oculus library dev build: is proper Runtime installed? Version: 0.7.0.0
[2016.01.14-18.48.02:503][  0]LogHMD: SteamVR failed to initialize.  Err: 110
[2016.01.14-18.48.02:644][  0]LogAIModule: Creating AISystem for world NewWorld
[2016.01.14-18.48.02:649][  0]LogInit: XAudio2 using 'Haut-parleurs (Périphérique High Definition Audio)' : 2 channels at 44.1 kHz using 16 bits per sample (channel mask 0x3)
[2016.01.14-18.48.02:699][  0]LogInit: FAudioDevice initialized.
[2016.01.14-18.48.02:721][  0]LogDerivedDataCache: Saved boot cache 0.02s 41MB C:/Users/Maxime/AppData/Local/UnrealEngine/4.9/DerivedDataCache/Boot.ddc.
[2016.01.14-18.48.02:724][  0]LogInit: Texture streaming: Enabled
[2016.01.14-18.48.02:732][  0]LogAnalytics: Creating configured Analytics provider AnalyticsET
[2016.01.14-18.48.02:733][  0]LogAnalytics: [UEEditor.Rocket.Release] APIServer = http://et2.epicgames.com/ET2/. AppVersion = 4.9.2-2707645+++depot+UE4-Releases+4.9
[2016.01.14-18.48.02:733][  0]LogAnalytics: [UEEditor.Rocket.Release] SetUserId 9a9effe84c4b08c90696e581cd7488a3|06ed4f6a0f4048debc1b07e05a99303a|05176c3f-19e8-4dc1-8202-ec95daad005f
[2016.01.14-18.48.02:733][  0]LogAnalytics: [UEEditor.Rocket.Release] AnalyticsET::StartSession
[2016.01.14-18.48.02:779][  0]LogInit: Transaction tracking system initialized
[2016.01.14-18.48.02:818][  0]BlueprintLog: New page: Editor Load
[2016.01.14-18.48.02:935][  0]LocalizationService: Info Localization service is disabled
[2016.01.14-18.48.03:166][  0]LogConsoleResponse:Display: 
[2016.01.14-18.48.03:322][  0]LogCook:Display: Done creating registry. It took  0.00s.
[2016.01.14-18.48.03:411][  0]LogFileCache: Scanning file cache for directory 'D:/Bibliothèques/Documents/Unreal Projects/ShadowerFall/Content/' took 0.02s
[2016.01.14-18.48.03:411][  0]SourceControl: Info Source control is disabled
[2016.01.14-18.48.08:429][  0]LogWindowsTextInputMethodSystem:Display: IME system now deactivated.
[2016.01.14-18.48.08:456][  0]LogWindowsTextInputMethodSystem:Display: IME system now deactivated.
[2016.01.14-18.48.10:053][  0]LogWindowsTextInputMethodSystem:Display: IME system now deactivated.
[2016.01.14-18.48.10:064][  0]LogWindowsTextInputMethodSystem:Display: IME system now deactivated.
[2016.01.14-18.48.10:065][  0]Cmd: MAP LOAD FILE="../../../../../../Bibliothèques/Documents/Unreal Projects/ShadowerFall/Content/FirstPersonBP/Maps/FirstPersonExampleMap.umap" TEMPLATE=0 SHOWPROGRESS=1 FEATURELEVEL=3
[2016.01.14-18.48.10:134][  0]LightingResults: New page: Lighting Build
[2016.01.14-18.48.10:138][  0]MapCheck: New page: Map Check
[2016.01.14-18.48.10:138][  0]LightingResults: New page: Lighting Build
[2016.01.14-18.48.10:150][  0]LogParticles: Destroying 0 GPU particle simulations for FXSystem 0x00000041C1060400
[2016.01.14-18.48.10:287][  0]L