[2016.01.10-21.28.15:425][  0]Log file open, 01/10/16 16:28:15
[2016.01.10-21.28.15:425][  0]LogInit:Display: Running engine for game: ShadowFall
[2016.01.10-21.28.15:425][  0]LogInit:Display: RandInit(602424778) SRandInit(602424779).
[2016.01.10-21.28.15:425][  0]LogTaskGraph: Started task graph with 4 named threads and 7 total threads.
[2016.01.10-21.28.15:425][  0]LogStats: Stats thread started at 0.084096
[2016.01.10-21.28.15:426][  0]LogInit: Version: 4.9.2-2707645+++depot+UE4-Releases+4.9
[2016.01.10-21.28.15:426][  0]LogInit: API Version: 2672455
[2016.01.10-21.28.15:426][  0]LogInit: Compiled (64-bit): Sep 28 2015 10:25:44
[2016.01.10-21.28.15:426][  0]LogInit: Compiled with Visual C++: 18.00.21005.01
[2016.01.10-21.28.15:426][  0]LogInit: Build Configuration: Development
[2016.01.10-21.28.15:426][  0]LogInit: Branch Name: ++depot+UE4-Releases+4.9
[2016.01.10-21.28.15:426][  0]LogInit: Command line:  
[2016.01.10-21.28.15:426][  0]LogInit: Base directory: D:/Program Files/Epic Games/4.9/Engine/Binaries/Win64/
[2016.01.10-21.28.15:426][  0]LogInit: Rocket: 1
[2016.01.10-21.28.15:435][  0]LogInit: Using libcurl 7.41.0
[2016.01.10-21.28.15:435][  0]LogInit:  - built for x86_64-pc-win32
[2016.01.10-21.28.15:435][  0]LogInit:  - supports SSL with WinSSL
[2016.01.10-21.28.15:435][  0]LogInit:  - other features:
[2016.01.10-21.28.15:435][  0]LogInit:      CURL_VERSION_SSL
[2016.01.10-21.28.15:436][  0]LogInit:      CURL_VERSION_IPV6
[2016.01.10-21.28.15:436][  0]LogInit:      CURL_VERSION_ASYNCHDNS
[2016.01.10-21.28.15:436][  0]LogInit:      CURL_VERSION_LARGEFILE
[2016.01.10-21.28.15:436][  0]LogInit:      CURL_VERSION_IDN
[2016.01.10-21.28.15:436][  0]LogInit:  CurlRequestOptions (configurable via config and command line):
[2016.01.10-21.28.15:436][  0]LogInit:  - bVerifyPeer = true  - Libcurl will verify peer certificate
[2016.01.10-21.28.15:436][  0]LogInit:  - bUseHttpProxy = false  - Libcurl will NOT use HTTP proxy
[2016.01.10-21.28.15:436][  0]LogInit:  - bDontReuseConnections = false  - Libcurl will reuse connections
[2016.01.10-21.28.15:436][  0]LogInit:  - CertBundlePath = nullptr  - Libcurl will use whatever was configured at build time.
[2016.01.10-21.28.15:445][  0]LogInit: Presizing for 0 objects not considered by GC, pre-allocating 0 bytes.
[2016.01.10-21.28.15:453][  0]LogInit: Object subsystem initialized
[2016.01.10-21.28.15:455][  0]LogInit: Selected Device Profile: [Windows]
[2016.01.10-21.28.15:455][  0]LogInit: Applying CVar settings loaded from the selected device profile: [Windows]
[2016.01.10-21.28.15:463][  0]LogInit: Computer: PCMAXIME
[2016.01.10-21.28.15:463][  0]LogInit: User: Maxime
[2016.01.10-21.28.15:463][  0]LogInit: CPU Page size=4096, Cores=4
[2016.01.10-21.28.15:463][  0]LogInit: High frequency timer resolution =2.338448 MHz
[2016.01.10-21.28.15:463][  0]LogMemory: Memory total: Physical=7.9GB (8GB approx)
[2016.01.10-21.28.15:463][  0]LogMemory: Platform Memory Stats for Windows
[2016.01.10-21.28.15:463][  0]LogMemory: Process Physical Memory: 56.14 MB used, 56.14 MB peak
[2016.01.10-21.28.15:463][  0]LogMemory: Process Virtual Memory: 57.15 MB used, 57.15 MB peak
[2016.01.10-21.28.15:463][  0]LogMemory: Physical Memory: 3708.56 MB used, 8123.55 MB total
[2016.01.10-21.28.15:463][  0]LogMemory: Virtual Memory: 352.10 MB used, 134217728.00 MB total
[2016.01.10-21.28.15:503][  0]LogTextLocalizationManager: No translations for ('fr-FR') exist, falling back to 'en' for localization and internationalization data.
[2016.01.10-21.28.16:316][  0]LogD3D11RHI: Found D3D11 adapter 0: AMD Radeon HD 7570M (Feature Level 11_0)
[2016.01.10-21.28.16:316][  0]LogD3D11RHI: Adapter has 1004MB of dedicated video memory, 0MB of dedicated system memory, and 3840MB of shared system memory, 1 output[s]
[2016.01.10-21.28.16:318][  0]LogD3D11RHI: Found D3D11 adapter 1: Microsoft Basic Render Driver (Feature Level 11_0)
[2016.01.10-21.28.16:318][  0]LogD3D11RHI: Adapter has 0MB of dedicated video memory, 0MB of dedicated system memory, and 4061MB of shared system memory, 0 output[s]
[2016.01.10-21.28.16:318][  0]LogD3D11RHI: Chosen D3D11 Adapter Id = 0
[2016.01.10-21.28.16:321][  0]LogD3D11RHI: !Direct3DDevice
[2016.01.10-21.28.16:322][  0]LogRHI: Texture pool is 702 MB (70% of 1004 MB)
[2016.01.10-21.28.16:329][  0]LogD3D11RHI: Async texture creation disabled: no driver support
[2016.01.10-21.28.16:343][  0]LogShaderCompilers: Guid format shader working directory is 15 characters bigger than the processId version (../../../../../../Bibliothèques/Documents/Unreal Projects/ShadowerFall/Intermediate/Shaders/WorkingDirectory/6320/).
[2016.01.10-21.28.16:343][  0]LogShaderCompilers: Cleaned the shader compiler working directory '../../../../../../Bibliothèques/Documents/Unreal Projects/ShadowerFall/Intermediate/Shaders/tmp/738BE5D5454C0A05729C8F86DF16EF36/'.
[2016.01.10-21.28.16:343][  0]LogShaderCompilers:Display: Using Local Shader Compiler.
[2016.01.10-21.28.17:625][  0]LogTemp:Display: Loaded TP AllDesktopTargetPlatform
[2016.01.10-21.28.17:631][  0]LogTemp:Display: Loaded TP WindowsClientTargetPlatform
[2016.01.10-21.28.17:637][  0]LogTemp:Display: Loaded TP WindowsNoEditorTargetPlatform
[2016.01.10-21.28.17:643][  0]LogTemp:Display: Loaded TP WindowsServerTargetPlatform
[2016.01.10-21.28.17:649][  0]LogTemp:Display: Loaded TP WindowsTargetPlatform
[2016.01.10-21.28.17:653][  0]LogTemp:Display: Loaded TP AndroidTargetPlatform
[2016.01.10-21.28.17:657][  0]LogTemp:Display: Loaded TP Android_ASTCTargetPlatform
[2016.01.10-21.28.17:660][  0]LogTemp:Display: Loaded TP Android_ATCTargetPlatform
[2016.01.10-21.28.17:664][  0]LogTemp:Display: Loaded TP Android_DXTTargetPlatform
[2016.01.10-21.28.17:668][  0]LogTemp:Display: Loaded TP Android_ETC1TargetPlatform
[2016.01.10-21.28.17:673][  0]LogTemp:Display: Loaded TP Android_ETC2TargetPlatform
[2016.01.10-21.28.17:677][  0]LogTemp:Display: Loaded TP Android_PVRTCTargetPlatform
[2016.01.10-21.28.17:677][  0]LogTemp:Display: Loaded TP HTML5TargetPlatform
[2016.01.10-21.28.17:696][  0]LogTemp:Display: Loaded TP IOSTargetPlatform
[2016.01.10-21.28.17:700][  0]LogTemp:Display: Loaded TP LinuxNoEditorTargetPlatform
[2016.01.10-21.28.17:703][  0]LogTemp:Display: Loaded TP LinuxServerTargetPlatform
[2016.01.10-21.28.17:707][  0]LogTemp:Display: Loaded TP LinuxTargetPlatform
[2016.01.10-21.28.17:707][  0]LogTargetPlatformManager:Display: Building Assets For Windows
[2016.01.10-21.28.17:821][  0]LogDerivedDataCache:Display: Max Cache Size: 512 MB
[2016.01.10-21.28.17:864][  0]LogDerivedDataCache: Loaded boot cache 0.04s 41MB C:/Users/Maxime/AppData/Local/UnrealEngine/4.9/DerivedDataCache/Boot.ddc.
[2016.01.10-21.28.17:864][  0]LogDerivedDataCache:Display: Loaded Boot cache: C:/Users/Maxime/AppData/Local/UnrealEngine/4.9/DerivedDataCache/Boot.ddc
[2016.01.10-21.28.17:864][  0]LogDerivedDataCache: FDerivedDataBackendGraph:  Pak pak cache file ../../../../../../Bibliothèques/Documents/Unreal Projects/ShadowerFall/DerivedDataCache/DDC.ddp not found, will not use a pak cache.
[2016.01.10-21.28.17:864][  0]LogDerivedDataCache: Unable to find inner node Pak for hierarchical cache Hierarchy.
[2016.01.10-21.28.17:864][  0]LogDerivedDataCache: FDerivedDataBackendGraph:  CompressedPak pak cache file ../../../../../../Bibliothèques/Documents/Unreal Projects/ShadowerFall/DerivedDataCache/Compressed.ddp not found, will not use a pak cache.
[2016.01.10-21.28.17:864][  0]LogDerivedDataCache: Unable to find inner node CompressedPak for hierarchical cache Hierarchy.
[2016.01.10-21.28.18:023][  0]LogDerivedDataCache:Display: Pak cache opened for reading ../../../Engine/DerivedDataCache/Compressed.ddp.
[2016.01.10-21.28.18:036][  0]LogDerivedDataCache: Using Local data cache path C:/Users/Maxime/AppData/Local/UnrealEngine/Common/DerivedDataCache: Writable
[2016.01.10-21.28.18:252][  0]LogInit: Selected Device Profile: [Windows]
[2016.01.10-21.28.18:253][  0]LogContentStreaming: Texture pool size is 0.000000MB
[2016.01.10-21.28.18:390][  0]LogMeshUtilities: No automatic mesh reduction module available
[2016.01.10-21.28.18:390][  0]LogMeshUtilities: No automatic mesh merging module available
[2016.01.10-21.28.18:673][  0]LogInit: WinSock: version 1.1 (2.2), MaxSocks=32767, MaxUdp=65467
[2016.01.10-21.28.19:473][  0]UdpMessaging: Initializing bridge on interface 0.0.0.0:0 to multicast group 230.0.0.1:6666.
[2016.01.10-21.28.19:579][  0]LogAssetRegistry: FAssetRegistry took 0.0110 seconds to start up
[2016.01.10-21.28.19:794][  0]SourceControl: Info Source control is disabled
[2016.01.10-21.28.19:795][  0]SourceControl: Info Source control is disabled
[2016.01.10-21.28.19:810][  0]SourceControl: Info Source control is disabled
[2016.01.10-21.28.19:826][  0]SourceControl: Info Source control is disabled
[2016.01.10-21.28.20:026][  0]LogLinker:Warning: Asset '../../../Engine/Plugins/Runtime/LeapMotionController/Content/LM_PassthroughMaterial.uasset' has been saved with empty engine version. The asset will be loaded but may be incompatible.
[2016.01.10-21.28.20:133][  0]LogObj: 28361 objects as part of root set at end of initial load.
[2016.01.10-21.28.20:133][  0]LogUObjectAllocator: 6038872 out of 0 bytes used by permanent object pool.
[2016.01.10-21.28.20:193][  0]LogEngine: Initializing Engine...
[2016.01.10-21.28.20:196][  0]LogHMD: Can't find Oculus library dev build: is proper Runtime installed? Version: 0.7.0.0
[2016.01.10-21.28.20:197][  0]LogHMD: SteamVR failed to initialize.  Err: 110
[2016.01.10-21.28.20:332][  0]LogAIModule: Creating AISystem for world NewWorld
[2016.01.10-21.28.20:337][  0]LogInit: XAudio2 using 'Haut-parleurs (Périphérique High Definition Audio)' : 2 channels at 44.1 kHz using 16 bits per sample (channel mask 0x3)
[2016.01.10-21.28.20:351][  0]LogInit: FAudioDevice initialized.
[2016.01.10-21.28.20:372][  0]LogDerivedDataCache: Saved boot cache 0.02s 41MB C:/Users/Maxime/AppData/Local/UnrealEngine/4.9/DerivedDataCache/Boot.ddc.
[2016.01.10-21.28.20:375][  0]LogInit: Texture streaming: Enabled
[2016.01.10-21.28.20:383][  0]LogAnalytics: Creating configured Analytics provider AnalyticsET
[2016.01.10-21.28.20:383][  0]LogAnalytics: [UEEditor.Rocket.Release] APIServer = http://et2.epicgames.com/ET2/. AppVersion = 4.9.2-2707645+++depot+UE4-Releases+4.9
[2016.01.10-21.28.20:383][  0]LogAnalytics: [UEEditor.Rocket.Release] SetUserId 9a9effe84c4b08c90696e581cd7488a3|06ed4f6a0f4048debc1b07e05a99303a|05176c3f-19e8-4dc1-8202-ec95daad005f
[2016.01.10-21.28.20:383][  0]LogAnalytics: [UEEditor.Rocket.Release] AnalyticsET::StartSession
[2016.01.10-21.28.20:423][  0]LogInit: Transaction tracking system initialized
[2016.01.10-21.28.20:456][  0]BlueprintLog: New page: Editor Load
[2016.01.10-21.28.20:552][  0]LocalizationService: Info Localization service is disabled
[2016.01.10-21.28.20:788][  0]LogConsoleResponse:Display: 
[2016.01.10-21.28.20:914][  0]LogCook:Display: Done creating registry. It took  0.00s.
[2016.01.10-21.28.20:998][  0]LogFileCache: Scanning file cache for directory 'D:/Bibliothèques/Documents/Unreal Projects/ShadowerFall/Content/' took 0.02s
[2016.01.10-21.28.20:998][  0]SourceControl: Info Source control is disabled
[2016.01.10-21.28.20:998][  0]Cmd: MAP LOAD FILE="../../../../../../Bibliothèques/Documents/Unreal Projects/ShadowerFall/Content/FirstPersonBP/Maps/FirstPersonExampleMap.umap" TEMPLATE=0 SHOWPROGRESS=1 FEATURELEVEL=3
[2016.01.10-21.28.21:044][  0]LightingResults: New page: Lighting Build
[2016.01.10-21.28.21:048][  0]MapCheck: New page: Map Check
[2016.01.10-21.28.21:048][  0]LightingResults: New page: Lighting Build
[2016.01.10-21.28.21:058][  0]LogParticles: Destroying 0 GPU particle simulations for FXSystem 0x000000540F1EC400
[2016.01.10-21.28.21:089][  0]LogLinker:Warning: Can't find file '/Game/FirstPersonBP/Blueprints/AI/CustomAICharacter'
[2016.01.10-21.28.21:089][  0]LogLinker:Warning: Can't find file for asset '/Game/FirstPersonBP/Blueprints/AI/CustomAICharacter' while loading ../../../../../../Bibliothèques/Documents/Unreal Projects/ShadowerFall/Content/FirstPersonBP/Maps/FirstPersonExampleMap.umap.
[2016.01.10-21.28.21:089][  0]LoadErrors:Error: Error /Game/FirstPersonBP/Maps/FirstPersonExampleMap : Can't find file for asset. /Game/FirstPersonBP/Blueprints/AI/CustomAICharacter
[2016.01.10-21.28.22:812][  0]LogLinker:Warning: Asset '../../../../../../Bibliothèques/Documents/Unreal Projects/ShadowerFall/Content/FirstPerson/Meshes/FirstPersonProjectileMesh.uasset' has been saved with empty engine version. The asset will be loaded but may be incompatible.
[2016.01.10-21.28.26:597][  0]LogLinker:Warning: Can't find file '/Game/FirstPersonBP/Blueprints/AI/CustomAICharacter'
[2016.01.10-21.28.26:597][  0]LogLinker:Warning: Can't find file for asset '/Game/FirstPersonBP/Blueprints/AI/CustomAICharacter' while loading ../../../../../../Bibliothèques/Documents/Unreal Projects/ShadowerFall/Content/FirstPersonBP/Maps/FirstPersonExampleMap.umap.
[2016.01.10-21.28.26:597][  0]LoadErrors:Error: Error /Game/FirstPersonBP/Maps/FirstPersonExampleMap : Can't find file for asset. /Game/FirstPersonBP/Blueprints/AI/CustomAICharacter
[2016.01.10-21.28.26:928][  0]LogLinker:Warning: Can't find file '/Game/FirstPersonBP/Blueprints/AI/CustomAICharacter'
[2016.01.10-21.28.26:929][  0]LogLinker:Warning: Can't find file for asset '/Game/FirstPersonBP/Blueprints/AI/CustomAICharacter' while loading ../../../../../../Bibliothèques/Documents/Unreal Projects/ShadowerFall/Content/FirstPersonBP/Maps/FirstPersonExampleMap.umap.
[2016.01.10-21.28.26:929][  0]LoadErrors:Error: Error /Game/FirstPersonBP/Maps/FirstPersonExampleMap : Can't find file for asset. /Game/FirstPersonBP/Blueprints/AI/CustomAICharacter
[2016.01.10-21.28.26:929][  0]LogLinker:Warning: Can't find file '/Game/FirstPersonBP/Blueprints/AI/CustomAICharacter'
[2016.01.10-21.28.26:929][  0]LogLinker:Warning: Can't find file for asset '/Game/FirstPersonBP/Blueprints/AI/CustomAICharacter' while loading ../../../../../../Bibliothèques/Documents/Unreal Projects/ShadowerFall/Content/FirstPersonBP/Maps/FirstPersonExampleMap.umap.
[2016.01.10-21.28.26:929][  0]LoadErrors:Error: Error /Game/FirstPersonBP/Maps/FirstPersonExampleMap : Can't find file for asset. /Game/FirstPersonBP/Blueprints/AI/CustomAICharacter
[2016.01.10-21.28.26:930][  0]LogLinker:Warning: Can't find file '/Game/FirstPersonBP/Blueprints/AI/CustomAICharacter'
[2016.01.10-21.28.26:930][  0]LogLinker:Warning: Can't find file for asset '/Game/FirstPersonBP/Blueprints/AI/CustomAICharacter' while loading ../../../../../../Bibliothèques/Documents/Unreal Projects/ShadowerFall/Content/FirstPersonBP/Maps/FirstPersonExampleMap.umap.
[2016.01.10-21.28.26:930][  0]LoadErrors:Error: Error /Game/FirstPersonBP/Maps/FirstPersonExampleMap : Can't find file for asset. /Game/FirstPersonBP/Blueprints/AI/CustomAICharacter
[2016.01.10-21.28.26:932][  0]LogLinker:Warning: Can't find file '/Game/FirstPersonBP/Blueprints/AI/CustomAICharacter'
[2016.01.10-21.28.26:932][  0]LogLinker:Warning: Can't find file for asset '/Game/FirstPersonBP/Blueprints/AI/CustomAICharacter' while loading ../../../../../../Bibliothèques/Documents/Unreal Projects/ShadowerFall/Content/FirstPersonBP/Maps/FirstPersonExampleMap.umap.
[2016.01.10-21.28.26:932][  0]LoadErrors:Error: Error /Game/FirstPersonBP/Maps/FirstPersonExampleMap : Can't find file for asset. /Game/FirstPersonBP/Blueprints/AI/CustomAICharacter
[2016.01.10-21.28.26:964][  0]LogLinker:Warning: Can't find file '/Game/FirstPersonBP/Blueprints/AI/CustomAICharacter'
[2016.01.10-21.28.26:964][  0]LogLinker:Warning: Can't find file for asset '/Game/FirstPersonBP/Blueprints/AI/CustomAICharacter' while loading ../../../../../../Bibliothèques/Documents/Unreal Projects/ShadowerFall/Content/FirstPersonBP/Maps/FirstPersonExampleMap.umap.
[2016.01.10-21.28.26:964][  0]LoadErrors:Error: Error /Game/FirstPersonBP/Maps/FirstPersonExampleMap : Can't find file for asset. /Game/FirstPersonBP/Blueprints/AI/CustomAICharacter
[2016.01.10-21.28.27:219][  0]LogLinker:Warning: Can't find file '/Game/FirstPersonBP/Blueprints/AI/CustomAICharacter'
[2016.01.10-21.28.27:219][  0]LogLinker:Warning: Can't find file for asset '/Game/FirstPersonBP/Blueprints/AI/CustomAICharacter' while loading ../../../../../../Bibliothèques/Documents/Unreal Projects/ShadowerFall/Content/FirstPersonBP/Maps/FirstPersonExampleMap.umap.
[2016.01.10-21.28.27:219][  0]LoadErrors:Error: Error /Game/FirstPersonBP/Maps/FirstPersonExampleMap : Can't find file for asset. /Game/FirstPersonBP/Blueprints/AI/CustomAICharacter
[2016.01.10-21.28.27:220][  0]LogLinker:Warning: Can't find file '/Game/FirstPersonBP/Blueprints/AI/CustomAICharacter'
[2016.01.10-21.28.27:220][  0]LogLinker:Warning: Can't find file for asset '/Game/FirstPersonBP/Blueprints/AI/CustomAICharacter' while loading ../../../../../../Bibliothèques/Documents/Unreal Projects/ShadowerFall/Content/FirstPersonBP/Maps/FirstPersonExampleMap.umap.
[2016.01.10-21.28.27:220][  0]LoadErrors:Error: Error /Game/FirstPersonBP/Maps/FirstPersonExampleMap : Can't find file for asset. /Game/FirstPersonBP/Blueprints/AI/CustomAICharacter
[2016.01.10-21.28.27:220][  0]LogLinker:Warning: Can't find file '/Game/FirstPersonBP/Blueprints/AI/CustomAICharacter'
[2016.01.10-21.28.27:221][  0]LogLinker:Warning: Can't find file for asset '/Game/FirstPersonBP/Blueprints/AI/CustomAICharacter' while loading ../../../../../../Bibliothèques/Documents/Unreal Projects/ShadowerFall/Content/FirstPersonBP/Maps/FirstPersonExampleMap.umap.
[2016.01.10-21.28.27:221][  0]LoadErrors:Error: Error /Game/FirstPersonBP/Maps/FirstPersonExampleMap : Can't find file for asset. /Game/FirstPersonBP/Blueprints/AI/CustomAICharacter
[2016.01.10-21.28.27:222][  0]LogLinker:Warning: Can't find file '/Game/FirstPersonBP/Blueprints/AI/CustomAICharacter'
[2016.01.10-21.28.27:223][  0]LogLinker:Warning: Can't find file for asset '/Game/FirstPersonBP/Blueprints/AI/CustomAICharacter' while loading NULL.
[2016.01.10-21.28.27:223][  0]LogLinker:Warning: Can't find file '/Game/FirstPersonBP/Blueprints/AI/CustomAICharacter'
[2016.01.10-21.28.27:223][  0]LogLinker:Warning: Can't find file for asset '/Game/FirstPersonBP/Blueprints/AI/CustomAICharacter' while loading NULL.
[2016.01.10-21.28.27:223][  0]LogLinker:Warning: Can't find file '/Game/FirstPersonBP/Blueprints/AI/CustomAICharacter'
[2016.01.10-21.28.27:223][  0]LogLinker:Warning: Can't find file for asset '/Game/FirstPersonBP/Blueprints/AI/CustomAICharacter' while loading NULL.
[2016.01.10-21.28.27:224][  0]LogLinker:Warning: Can't find file '/Game/FirstPersonBP/Blueprints/AI/CustomAICharacter'
[2016.01.10-21.28.27:224][  0]LogLinker:Warning: Can't find file for asset '/Game/FirstPersonBP/Blueprints/AI/CustomAICharacter' while loading NULL.
[2016.01.10-21.28.27:224][  0]LogLinker:Warning: Can't find file '/Game/FirstPersonBP/Blueprints/AI/CustomAICharacter'
[2016.01.10-21.28.27:224][  0]LogLinker:Warning: Can't find file for asset '/Game/FirstPersonBP/Blueprints/AI/CustomAICharacter' while loading NULL.
[2016.01.10-21.28.27:225][  0]LogLinker:Warning: Can't find file '/Game/FirstPersonBP/Blueprints/AI/CustomAICharacter'
[2016.01.10-21.28.27:225][  0]LogLinker:Warning: Can't find file for asset '/Game/FirstPersonBP/Blueprints/AI/CustomAICharacter' while loading NULL.
[2016.01.10-21.28.27:225][  0]LogLinker:Warning: Can't find file '/Game/FirstPersonBP/Blueprints/AI/CustomAICharacter'
[2016.01.10-21.28.27:225][  0]LogLinker:Warning: Can't find file for asset '/Game/FirstPersonBP/Blueprints/AI/CustomAICharacter' while loading NULL.
[2016.01.10-21.28.27:225][  0]LogLinker:Warning: Can't find file '/Game/FirstPersonBP/Blueprints/AI/CustomAICharacter'
[2016.01.10-21.28.27:226][  0]LogLinker:Warning: Can't find file for asset '/Game/FirstPersonBP/Blueprints/AI/CustomAICharacter' while loading NULL.
[2016.01.10-21.28.27:226][  0]LogLinker:Warning: Can't find file '/Game/FirstPersonBP/Blueprints/AI/CustomAICharacter'
[2016.01.10-21.28.27:226][  0]LogLinker:Warning: Can't find file for asset '/Game/FirstPersonBP/Blueprints/AI/CustomAICharacter' while loading NULL.
[2016.01.10-21.28.27:226][  0]LogLinker:Warning: Can't find file '/Game/FirstPersonBP/Blueprints/AI/CustomAICharacter'
[2016.01.10-21.28.27:226][  0]LogLinker:Warning: Can't find file for asset '/Game/FirstPersonBP/Blueprints/AI/CustomAICharacter' while loading NULL.
[2016.01.10-21.28.27:292][  0]LogLinker:Warning: Can't find file '/Game/FirstPersonBP/Blueprints/AI/CustomAICharacter'
[2016.01.10-21.28.27:292][  0]LogLinker:Warning: Can't find file for asset '/Game/FirstPersonBP/Blueprints/AI/CustomAICharacter' while loading NULL.
[2016.01.10-21.28.27:293][  0]LogLinker:Warning: Can't find file '/Game/FirstPersonBP/Blueprints/AI/CustomAICharacter'
[2016.01.10-21.28.27:293][  0]LogLinker:Warning: Can't find file for asset '/Game/FirstPersonBP/Blueprints/AI/CustomAICharacter' while loading NULL.
[2016.01.10-21.28.27:304][  0]LogLinker:Warning: Can't find file '/Game/FirstPersonBP/Blueprints/AI/CustomAICharacter'
[2016.01.10-21.28.27:305][  0]LogLinker:Warning: Can't find file for asset '/Game/FirstPersonBP/Blueprints/AI/CustomAICharacter' while loading NULL.
[2016.01.10-21.28.27:305][  0]LogLinker:Warning: Can't find file '/Game/FirstPersonBP/Blueprints/AI/CustomAICharacter'
[2016.01.10-21.28.27:305][  0]LogLinker:Warning: Can't find file for asset '/Game/FirstPersonBP/Blueprints/AI/CustomAICharacter' while loading NULL.
[2016.01.10-21.28.27:305][  0]LogLinker:Warning: Can't find file '/Game/FirstPersonBP/Blueprints/AI/CustomAICharacter'
[2016.01.10-21.28.27:306][  0]LogLinker:Warning: Can't find file for asset '/Game/FirstPersonBP/Blueprints/AI/CustomAICharacter' while loading NULL.
[2016.01.10-21.28.27:306][  0]LogLinker:Warning: Can't find file '/Game/FirstPersonBP/Blueprints/AI/CustomAICharacter'
[2016.01.10-21.28.27:306][  0]LogLinker:Warning: Can't find file for asset '/Game/FirstPersonBP/Blueprints/AI/CustomAICharacter' while loading NULL.
[2016.01.10-21.28.27:306][  0]LogLinker:Warning: Can't find file '/Game/FirstPersonBP/Blueprints/AI/CustomAICharacter'
[2016.01.10-21.28.27:307][  0]LogLinker:Warning: Can't find file for asset '/Game/FirstPersonBP/Blueprints/AI/CustomAICharacter' while loading NULL.
[2016.01.10-21.28.27:307][  0]LogLinker:Warning: Can't find file '/Game/FirstPersonBP/Blueprints/AI/CustomAICharacter'
[2016.01.10-21.28.27:307][  0]LogLinker:Warning: Can't find file for asset '/Game/FirstPersonBP/Blueprints/AI/CustomAICharacter' while loading NULL.
[2016.01.10-21.28.27:310][  0]LogLinker:Warning: Can't find file '/Game/FirstPersonBP/Blueprints/AI/CustomAICharacter'
[2016.01.10-21.28.27:310][  0]LogLinker:Warning: Can't find file for asset '/Game/FirstPersonBP/Blueprints/AI/CustomAICharacter' while loading NULL.
[2016.01.10-21.28.27:310][  0]LogLinker:Warning: Can't find file '/Game/FirstPersonBP/Blueprints/AI/CustomAICharacter'
[2016.01.10-21.28.27:310][  0]LogLinker:Warning: Can't find file for asset '/Game/FirstPersonBP/Blueprints/AI/CustomAICharacter' while loading NULL.
[2016.01.10-21.28.27:313][  0]LogLinker:Warning: Can't find file '/Game/FirstPersonBP/Blueprints/AI/CustomAICharacter'
[2016.01.10-21.28.27:314][  0]LogLinker:Warning: Can't find file for asset '/Game/FirstPersonBP/Blueprints/AI/CustomAICharacter' while loading NULL.
[2016.01.10-21.28.27:314][  0]LogLinker:Warning: Can't find file '/Game/FirstPersonBP/Blueprints/AI/CustomAICharacter'
[2016.01.10-21.28.27:314][  0]LogLinker:Warning: Can't find file for asset '/Game/FirstPersonBP/Blueprints/AI/CustomAICharacter' while loading NULL.
[2016.01.10-21.28.27:318][  0]LogLinker:Warning: Can't find file '/Game/FirstPersonBP/Blueprints/AI/CustomAICharacter'
[2016.01.10-21.28.27:318][  0]LogLinker:Warning: Can't find file for asset '/Game/FirstPersonBP/Blueprints/AI/CustomAICharacter' while loading NULL.
[2016.01.10-21.28.27:318][  0]LogLinker:Warning: Can't find file '/Game/FirstPersonBP/Blueprints/AI/CustomAICharacter'
[2016.01.10-21.28.27:318][  0]LogLinker:Warning: Can't find file for asset '/Game/FirstPersonBP/Blueprints/AI/CustomAICharacter' while loading NULL.
[2016.01.10-21.28.27:320][  0]LogLinker:Warning: Can't find file '/Game/FirstPersonBP/Blueprints/AI/CustomAICharacter'
[2016.01.10-21.28.27:320][  0]LogLinker:Warning: Can't find file for asset '/Game/FirstPersonBP/Blueprints/AI/CustomAICharacter' while loading NULL.
[2016.01.10-21.28.27:320][  0]LogLinker:Warning: Can't find file '/Game/FirstPersonBP/Blueprints/AI/CustomAICharacter'
[2016.01.10-21.28.27:321][  0]LogLinker:Warning: Can't find file for asset '/Game/FirstPersonBP/Blueprints/AI/CustomAICharacter' while loading NULL.
[2016.01.10-21.28.28:463][  0]LogLinker:Warning: Can't find file '/Game/FirstPersonBP/Blueprints/AI/CustomAICharacter'
[2016.01.10-21.28.28:464][  0]LogLinker:Warning: Can't find file for asset '/Game/FirstPersonBP/Blueprints/AI/CustomAICharacter' while loading NULL.
[2016.01.10-21.28.28:464][  0]LogLinker:Warning: Can't find file '/Game/FirstPersonBP/Blueprints/AI/CustomAICharacter'
[2016.01.10-21.28.28:464][  0]LoadErrors: Info Failed to load /Game/FirstPersonBP/Blueprints/AI/CustomAICharacter.CustomAICharacter_C Referenced by PersistentLevel
[2016.01.10-21.28.28:464][  0]LogLinker:Warning: Can't find file for asset '/Game/FirstPersonBP/Blueprints/AI/CustomAICharacter' while loading NULL.
[2016.01.10-21.28.28:464][  0]LoadErrors: Info Failed to load /Game/FirstPersonBP/Blueprints/AI/CustomAICharacter.CustomAICharacter_C Referenced by PersistentLevel
[2016.01.10-21.28.29:963][  0]LogAIModule: Creating AISystem for world FirstPersonExampleMap
[2016.01.10-21.28.29:985][  0]LogEditorServer: Finished looking for orphan Actors (0.000 secs)
[2016.01.10-21.28.29:986][  0]Cmd: MAP CHECKDEP NOCLEARLOG
[2016.01.10-21.28.30:072][  0]MapCheck: Info Map check complete: 0 Error(s), 0 Warning(s), took 86.225ms to complete.
[2016.01.10-21.28.30:072][  0]LogFileHelpers: Loading map 'FirstPersonExampleMap' took 9.074
[2016.01.10-21.28.30:184][  0]LogCollectionManager: Loaded 0 collections in 0.002343 seconds
[2016.01.10-21.28.30:240][  0]LogFileCache: Scanning file cache for directory 'D:/Bibliothèques/Documents/Unreal Projects/ShadowerFall/Saved/Collections/' took 0.01s
[2016.01.10-21.28.30:240][  0]LogFileCache: Scanning file cache for directory 'D:/Bibliothèques/Documents/Unreal Projects/ShadowerFall/Content/Developers/Maxime/Collections/' took 0.01s
[2016.01.10-21.28.30:240][  0]LogFileCache: Scanning file cache for directory 'D:/Bibliothèques/Documents/Unreal Projects/ShadowerFall/Content/Collections/' took 0.01s
[2016.01.10-21.28.30:240][  0]LogContentBrowser: Native class hierarchy populated in 0.0083 seconds. Added 1867 classes and 333 folders.
[2016.01.10-21.28.30:245][  0]LogCollectionManager: Rebuilt the GUID cache for 0 collections in 0.000003 seconds
[2016.01.10-21.28.30:252][  0]LogContentBrowser: Native class hierarchy updated for 'WidgetCarousel' in 0.0005 seconds. Added 0 classes and 0 folders.
[2016.01.10-21.28.30:310][  0]LogContentBrowser: Native class hierarchy updated for 'AddContentDialog' in 0.0005 seconds. Added 0 classes and 0 folders.
[2016.01.10-21.28.30:315][  0]LogContentBrowser: Native class hierarchy updated for 'SceneOutliner' in 0.0005 seconds. Added 1 classes and 2 folders.
[2016.01.10-21.28.30:406][  0]LogCrashTracker: Crashtracker disabled due to settings.
[2016.01.10-21.28.30:409][  0]LogUObjectGlobals:Warning: Failed to find object 'Class None.'
[2016.01.10-21.28.30:432][  0]LogLoad: Full Startup: 15.64 seconds (BP compile: 0.46 seconds)
[2016.01.10-21.28.30:449][  0]LoadErrors:Warning: Warning CreateExport: Failed to load Outer for resource 'Arrow': CustomAICharacter_C /Game/FirstPersonBP/Maps/FirstPersonExampleMap.FirstPersonExampleMap:PersistentLevel.CustomAICharacter_C_1
[2016.01.10-21.28.30:449][  0]LoadErrors:Warning: Warning CreateExport: Failed to load Outer for resource 'CollisionCylinder': CustomAICharacter_C /Game/FirstPersonBP/Maps/FirstPersonExampleMap.FirstPersonExampleMap:PersistentLevel.CustomAICharacter_C_1
[2016.01.10-21.28.30:449][  0]LoadErrors:Warning: Warning CreateExport: Failed to load Outer for resource 'ExplosionCol': CustomAICharacter_C /Game/FirstPersonBP/Maps/FirstPersonExampleMap.FirstPersonExampleMap:PersistentLevel.CustomAICharacter_C_1
[2016.01.10-21.28.30:449][  0]LoadErrors:Warning: Warning CreateExport: Failed to load Outer for resource 'CharMoveComp': CustomAICharacter_C /Game/FirstPersonBP/Maps/FirstPersonExampleMap.FirstPersonExampleMap:PersistentLevel.CustomAICharacter_C_1
[2016.01.10-21.28.30:449][  0]LoadErrors:Warning: Warning CreateExport: Failed to load Outer for resource 'PawnSensing': CustomAICharacter_C /Game/FirstPersonBP/Maps/FirstPersonExampleMap.FirstPersonExampleMap:PersistentLevel.CustomAICharacter_C_1
[2016.01.10-21.28.30:450][  0]LoadErrors:Warning: Warning CreateExport: Failed to load Outer for resource 'CharacterMesh0': CustomAICharacter_C /Game/FirstPersonBP/Maps/FirstPersonExampleMap.FirstPersonExampleMap:PersistentLevel.CustomAICharacter_C_1
[2016.01.10-21.28.30:450][  0]LoadErrors:Warning: Warning CreateExport: Failed to load Outer for resource 'StaticMesh': CustomAICharacter_C /Game/FirstPersonBP/Maps/FirstPersonExampleMap.FirstPersonExampleMap:PersistentLevel.CustomAICharacter_C_1
[2016.01.10-21.28.30:516][  0]LogContentStreaming: Texture pool size now 200 MB
[2016.01.10-21.28.30:745][  0]LogRenderer: Reallocating scene render targets to support 1252x668 (Frame:2).
[2016.01.10-21.28.36:310][151]LogAssetRegistry: Asset discovery search completed in 16.7427 seconds
[2016.01.10-21.28.36:310][151]LogCollectionManager: Rebuilt the object cache for 0 collections in 0.000002 seconds (found 0 objects)
[2016.01.10-21.28.36:310][151]LogCollectionManager: Fixed up redirectors for 0 collections in 0.000027 seconds (updated 0 objects)
[2016.01.10-21.29.04:721][973]LogLinker:Warning: Can't find file '/Game/FirstPersonBP/Blueprints/JumpPad'
[2016.01.10-21.29.04:721][973]LogLinker:Warning: Can't find file for asset '/Game/FirstPersonBP/Blueprints/JumpPad' while loading ../../../../../../Bibliothèques/Documents/Unreal Projects/ShadowerFall/Content/FirstPersonBP/Maps/Level2.umap.
[2016.01.10-21.29.04:721][973]LoadErrors:Error: Error /Game/FirstPersonBP/Maps/Level2 : Can't find file for asset. /Game/FirstPersonBP/Blueprints/JumpPad
[2016.01.10-21.29.04:727][973]LogLinker:Warning: Can't find file '/Game/FirstPersonBP/Blueprints/JumpPad'
[2016.01.10-21.29.04:727][973]LogLinker:Warning: Can't find file for asset '/Game/FirstPersonBP/Blueprints/JumpPad' while loading ../../../../../../Bibliothèques/Documents/Unreal Projects/ShadowerFall/Content/FirstPersonBP/Maps/Level2.umap.
[2016.01.10-21.29.04:728][973]LogLinker:Warning: Can't find file '/Game/FirstPersonBP/Blueprints/JumpPad'
[2016.01.10-21.29.04:728][973]LogLinker:Warning: Can't find file for asset '/Game/FirstPersonBP/Blueprints/JumpPad' while loading ../../../../../../Bibliothèques/Documents/Unreal Projects/ShadowerFall/Content/FirstPersonBP/Maps/Level2.umap.
[2016.01.10-21.29.04:729][973]LogLinker:Warning: Can't find file '/Game/FirstPersonBP/Blueprints/JumpPad'
[2016.01.10-21.29.04:729][973]LogLinker:Warning: Can't find file for asset '/Game/FirstPersonBP/Blueprints/JumpPad' while loading ../../../../../../Bibliothèques/Documents/Unreal Projects/ShadowerFall/Content/FirstPersonBP/Maps/Level2.umap.
[2016.01.10-21.29.04:745][973]LogLinker:Warning: Can't find file '/Game/FirstPersonBP/Blueprints/JumpPad'
[2016.01.10-21.29.04:745][973]LogLinker:Warning: Can't find file for asset '/Game/FirstPersonBP/Blueprints/JumpPad' while loading NULL.
[2016.01.10-21.29.04:746][973]LogLinker:Warning: Can't find file '/Game/FirstPersonBP/Blueprints/JumpPad'
[2016.01.10-21.29.04:746][973]LogLinker:Warning: Can't find file for asset '/Game/FirstPersonBP/Blueprints/JumpPad' while loading NULL.
[2016.01.10-21.29.04:746][973]LogLinker:Warning: Can't find file '/Game/FirstPersonBP/Blueprints/JumpPad'
[2016.01.10-21.29.04:746][973]LogLinker:Warning: Can't find file for asset '/Game/FirstPersonBP/Blueprints/JumpPad' while loading NULL.
[2016.01.10-21.29.04:746][973]LogLinker:Warning: Can't find file '/Game/FirstPersonBP/Blueprints/JumpPad'
[2016.01.10-21.29.04:747][973]LogLinker:Warning: Can't find file for asset '/Game/FirstPersonBP/Blueprints/JumpPad' while loading NULL.
[2016.01.10-21.29.04:826][973]LogLinker:Warning: Can't find file '/Game/FirstPersonBP/Blueprints/JumpPad'
[2016.01.10-21.29.04:827][973]LogLinker:Warning: Can't find file for asset '/Game/FirstPersonBP/Blueprints/JumpPad' while loading NULL.
[2016.01.10-21.29.04:827][973]LogLinker:Warning: Can't find file '/Game/FirstPersonBP/Blueprints/JumpPad'
[2016.01.10-21.29.04:827][973]LogLinker:Warning: Can't find file for asset '/Game/FirstPersonBP/Blueprints/JumpPad' while loading NULL.
[2016.01.10-21.29.04:827][973]LogLinker:Warning: Can't find file '/Game/FirstPersonBP/Blueprints/JumpPad'
[2016.01.10-21.29.04:827][973]LogLinker:Warning: Can't find file for asset '/Game/FirstPersonBP/Blueprints/JumpPad' while loading NULL.
[2016.01.10-21.29.04:828][973]LogLinker:Warning: Can't find file '/Game/FirstPersonBP/Blueprints/JumpPad'
[2016.01.10-21.29.04:828][973]LogLinker:Warning: Can't find file for asset '/Game/FirstPersonBP/Blueprints/JumpPad' while loading NULL.
[2016.01.10-21.29.04:842][973]LogLinker:Warning: Can't find file '/Game/FirstPersonBP/Blueprints/JumpPad'
[2016.01.10-21.29.04:842][973]LogLinker:Warning: Can't find file for asset '/Game/FirstPersonBP/Blueprints/JumpPad' while loading NULL.
[2016.01.10-21.29.04:842][973]LogLinker:Warning: Can't find file '/Game/FirstPersonBP/Blueprints/JumpPad'
[2016.01.10-21.29.04:842][973]LogLinker:Warning: Can't find file for asset '/Game/FirstPersonBP/Blueprints/JumpPad' while loading NULL.
[2016.01.10-21.29.04:843][973]LogLinker:Warning: Can't find file '/Game/FirstPersonBP/Blueprints/JumpPad'
[2016.01.10-21.29.04:843][973]LogLinker:Warning: Can't find file for asset '/Game/FirstPersonBP/Blueprints/JumpPad' while loading NULL.
[2016.01.10-21.29.04:843][973]LogLinker:Warning: Can't find file '/Game/FirstPersonBP/Blueprints/JumpPad'
[2016.01.10-21.29.04:843][973]LogLinker:Warning: Can't find file for asset '/Game/FirstPersonBP/Blueprints/JumpPad' while loading NULL.
[2016.01.10-21.29.04:847][973]LogLinker:Warning: Can't find file '/Game/FirstPersonBP/Blueprints/JumpPad'
[2016.01.10-21.29.04:847][973]LogLinker:Warning: Can't find file for asset '/Game/FirstPersonBP/Blueprints/JumpPad' while loading NULL.
[2016.01.10-21.29.04:847][973]LogLinker:Warning: Can't find file '/Game/FirstPersonBP/Blueprints/JumpPad'
[2016.01.10-21.29.04:847][973]LogLinker:Warning: Can't find file for asset '/Game/FirstPersonBP/Blueprints/JumpPad' while loading NULL.
[2016.01.10-21.29.04:848][973]LogLinker:Warning: Can't find file '/Game/FirstPersonBP/Blueprints/JumpPad'
[2016.01.10-21.29.04:848][973]LogLinker:Warning: Can't find file for asset '/Game/FirstPersonBP/Blueprints/JumpPad' while loading NULL.
[2016.01.10-21.29.04:848][973]LogLinker:Warning: Can't find file '/Game/FirstPersonBP/Blueprints/JumpPad'
[2016.01.10-21.29.04:848][973]LogLinker:Warning: Can't find file for asset '/Game/FirstPersonBP/Blueprints/JumpPad' while loading NULL.
[2016.01.10-21.29.04:879][973]LogLinker:Warning: Can't find file '/Game/FirstPersonBP/Blueprints/JumpPad'
[2016.01.10-21.29.04:879][973]LogLinker:Warning: Can't find file for asset '/Game/FirstPersonBP/Blueprints/JumpPad' while loading NULL.
[2016.01.10-21.29.04:880][973]LogLinker:Warning: Can't find file '/Game/FirstPersonBP/Blueprints/JumpPad'
[2016.01.10-21.29.04:880][973]LoadErrors: Info Failed to load /Game/FirstPersonBP/Blueprints/JumpPad.JumpPad_C Referenced by PersistentLevel
[2016.01.10-21.29.04:880][973]LogLinker:Warning: Can't find file for asset '/Game/FirstPersonBP/Blueprints/JumpPad' while loading NULL.
[2016.01.10-21.29.04:880][973]LogLinker:Warning: Can't find file '/Game/FirstPersonBP/Blueprints/JumpPad'
[2016.01.10-21.29.04:880][973]LogLinker:Warning: Can't find file for asset '/Game/FirstPersonBP/Blueprints/JumpPad' while loading NULL.
[2016.01.10-21.29.04:881][973]LogLinker:Warning: Can't find file '/Game/FirstPersonBP/Blueprints/JumpPad'
[2016.01.10-21.29.04:881][973]LogLinker:Warning: Can't find file for asset '/Game/FirstPersonBP/Blueprints/JumpPad' while loading NULL.
[2016.01.10-21.29.05:064][973]LogAIModule: Creating AISystem for world Level2
[2016.01.10-21.29.05:170][973]LogUObjectGlobals:Warning: Failed to find object 'Object /Game/FirstPersonBP/Maps/Level2.Level2v2'
[2016.01.10-21.29.05:177][973]LoadErrors:Warning: Warning CreateExport: Failed to load Outer for resource 'SceneComp': JumpPad_C /Game/FirstPersonBP/Maps/Level2.Level2v2:PersistentLevel.JumpPad2
[2016.01.10-21.29.05:177][973]LoadErrors:Warning: Warning CreateExport: Failed to load Outer for resource 'SceneComp': JumpPad_C /Game/FirstPersonBP/Maps/Level2.Level2v2:PersistentLevel.JumpPad_C_2
[2016.01.10-21.29.05:177][973]LoadErrors:Warning: Warning CreateExport: Failed to load Outer for resource 'JumpadMesh': JumpPad_C /Game/FirstPersonBP/Maps/Level2.Level2v2:PersistentLevel.JumpPad2
[2016.01.10-21.29.05:177][973]LoadErrors:Warning: Warning CreateExport: Failed to load Outer for resource 'JumpadMesh': JumpPad_C /Game/FirstPersonBP/Maps/Level2.Level2v2:PersistentLevel.JumpPad_C_2
[2016.01.10-21.29.44:061][838]LogUObjectGlobals:Warning: Failed to find object 'Object /Game/FirstPersonBP/Maps/Level2.Level2v2'
[2016.01.10-21.29.45:833][911]LogUObjectGlobals:Warning: Failed to find object 'Object /Game/FirstPersonBP/Maps/Level2.Level2v2'
[2016.01.10-21.29.51:552][ 46]LogAIModule: Creating AISystem for world Level3
[2016.01.10-21.31.23:524][569]LogUObjectGlobals:Warning: Failed to find object 'Object /Game/FirstPersonBP/Maps/Level2.Level2v2'
[2016.01.10-21.31.59:210][ 37]LogActorComponent: UnregisterComponent: (/Engine/Transient.ProjectileMovementComponent_40__A6522401) Not registered. Aborting.
[2016.01.10-21.31.59:210][ 37]LogActorComponent: UnregisterComponent: (/Engine/Transient.ProjectileMovementComponent_0) Not registered. Aborting.
[2016.01.10-21.31.59:210][ 37]LogActorComponent: UnregisterComponent: (/Engine/Transient.ProjectileMovementComponent_1) Not registered. Aborting.
[2016.01.10-21.31.59:374][ 37]LogWindowsTextInputMethodSystem:Display: IME system now deactivated.
[2016.01.10-21.31.59:662][ 38]Cmd: QUIT_EDITOR
[2016.01.10-21.31.59:935][ 38]LogExit: Preparing to exit.
[2016.01.10-21.32.00:643][ 38]LogExit: Editor shut down
[2016.01.10-21.32.00:643][ 38]LogExit: Transaction tracking system shut down
[2016.01.10-21.32.00:645][ 38]LogParticles: Destroying 0 GPU particle simulations for FXSystem 0x0000005410640400
[2016.01.10-21.32.00:646][ 38]LogParticles: Destroying 0 GPU particle simulations for FXSystem 0x000000541C98B560
[2016.01.10-21.32.00:646][ 38]LogParticles: Destroying 0 GPU particle simulations for FXSystem 0x000000541C84E840
[2016.01.10-21.32.00:646][ 38]LogParticles: Destroying 0 GPU particle simulations for FXSystem 0x0000005426F07BA0
[2016.01.10-21.32.00:789][ 38]LogExit: Object subsystem successfully closed.
[2016.01.10-21.32.00:802][ 38]LogD3D11RHI: Shutdown
[2016.01.10-21.32.00:802][ 38]LogD3D11RHI: CleanupD3DDevice
[2016.01.10-21.32.00:873][ 38]LogD3D11RHI: ~FD3D11DynamicRHI
[2016.01.10-21.32.00:901][ 38]LogModuleManager: Shutting down and abandoning module CrashTracker (197)
[2016.01.10-21.32.00:901][ 38]LogModuleManager: Shutting down and abandoning module SceneOutliner (196)
[2016.01.10-21.32.00:901][ 38]LogModuleManager: Shutting down and abandoning module SuperSearch (195)
[2016.01.10-21.32.00:901][ 38]LogModuleManager: Shutting down and abandoning module WidgetCarousel (194)
[2016.01.10-21.32.00:901][ 38]LogModuleManager: Shutting down and abandoning module AddContentDialog (193)
[2016.01.10-21.32.00:902][ 38]LogModuleManager: Shutting down and abandoning module EditorWidgets (192)
[2016.01.10-21.32.00:902][ 38]LogModuleManager: Shutting down and abandoning module CollectionManager (191)
[2016.01.10-21.32.00:902][ 38]LogModuleManager: Shutting down and abandoning module StatsViewer (190)
[2016.01.10-21.32.00:902][ 38]LogModuleManager: Shutting down and abandoning module FoliageEdit (189)
[2016.01.10-21.32.00:902][ 38]LogModuleManager: Shutting down and abandoning module LandscapeEditor (188)
[2016.01.10-21.32.00:902][ 38]LogModuleManager: Shutting down and abandoning module ActorPickerMode (187)
[2016.01.10-21.32.00:902][ 38]LogModuleManager: Shutting down and abandoning module GeometryMode (186)
[2016.01.10-21.32.00:902][ 38]LogModuleManager: Shutting down and abandoning module TextureAlignMode (185)
[2016.01.10-21.32.00:902][ 38]LogModuleManager: Shutting down and abandoning module BspMode (184)
[2016.01.10-21.32.00:902][ 38]LogModuleManager: Shutting down and abandoning module PlacementMode (183)
[2016.01.10-21.32.00:902][ 38]LogModuleManager: Shutting down and abandoning module AutomationWorker (182)
[2016.01.10-21.32.00:902][ 38]LogModuleManager: Shutting down and abandoning module CharacterAI (181)
[2016.01.10-21.32.00:902][ 38]LogModuleManager: Shutting down and abandoning module SmartSnapping (180)
[2016.01.10-21.32.00:902][ 38]LogModuleManager: Shutting down and abandoning module ViewportSnapping (179)
[2016.01.10-21.32.00:902][ 38]LogModuleManager: Shutting down and abandoning module LogVisualizer (178)
[2016.01.10-21.32.00:903][ 38]LogModuleManager: Shutting down and abandoning module GameProjectGeneration (177)
[2016.01.10-21.32.00:903][ 38]LogModuleManager: Shutting down and abandoning module IntroTutorials (176)
[2016.01.10-21.32.00:903][ 38]LogModuleManager: Shutting down and abandoning module EditorLiveStreaming (175)
[2016.01.10-21.32.00:903][ 38]LogModuleManager: Shutting down and abandoning module IOSPlatformEditor (174)
[2016.01.10-21.32.00:903][ 38]LogModuleManager: Shutting down and abandoning module HTML5PlatformEditor (173)
[2016.01.10-21.32.00:903][ 38]LogModuleManager: Shutting down and abandoning module AndroidDeviceDetection (172)
[2016.01.10-21.32.01:729][ 38]LogModuleManager: Shutting down and abandoning module AndroidPlatformEditor (171)
[2016.01.10-21.32.01:729][ 38]LogModuleManager: Shutting down and abandoning module IOSRuntimeSettings (170)
[2016.01.10-21.32.01:729][ 38]LogModuleManager: Shutting down and abandoning module AndroidRuntimeSettings (169)
[2016.01.10-21.32.01:729][ 38]LogModuleManager: Shutting down and abandoning module MergeActors (168)
[2016.01.10-21.32.01:729][ 38]LogModuleManager: Shutting down and abandoning module SizeMap (167)
[2016.01.10-21.32.01:729][ 38]LogModuleManager: Shutting down and abandoning module TreeMap (166)
[2016.01.10-21.32.01:729][ 38]LogModuleManager: Shutting down and abandoning module ReferenceViewer (165)
[2016.01.10-21.32.01:729][ 38]LogModuleManager: Shutting down and abandoning module LocalizationService (164)
[2016.01.10-21.32.01:729][ 38]LogModuleManager: Shutting down and abandoning module LocalizationDashboard (163)
[2016.01.10-21.32.01:729][ 38]LogModuleManager: Shutting down and abandoning module HardwareTargeting (162)
[2016.01.10-21.32.01:729][ 38]LogModuleManager: Shutting down and abandoning module DeviceProfileEditor (161)
[2016.01.10-21.32.01:729][ 38]LogModuleManager: Shutting down and abandoning module UndoHistory (160)
[2016.01.10-21.32.01:729][ 38]LogModuleManager: Shutting down and abandoning module GameplayTagsEditor (159)
[2016.01.10-21.32.01:729][ 38]LogModuleManager: Shutting down and abandoning module UserFeedback (158)
[2016.01.10-21.32.01:729][ 38]LogModuleManager: Shutting down and abandoning module XmlParser (157)
[2016.01.10-21.32.01:729][ 38]LogModuleManager: Shutting down and abandoning module Blutility (156)
[2016.01.10-21.32.01:729][ 38]LogModuleManager: Shutting down and abandoning module ProjectTargetPlatformEditor (155)
[2016.01.10-21.32.01:729][ 38]LogModuleManager: Shutting down and abandoning module ProjectSettingsViewer (154)
[2016.01.10-21.32.01:729][ 38]LogModuleManager: Shutting down and abandoning module InputBindingEditor (153)
[2016.01.10-21.32.01:729][ 38]LogModuleManager: Shutting down and abandoning module EditorSettingsViewer (152)
[2016.01.10-21.32.01:729][ 38]LogModuleManager: Shutting down and abandoning module SettingsEditor (151)
[2016.01.10-21.32.01:729][ 38]LogModuleManager: Shutting down and abandoning module ProjectLauncher (150)
[2016.01.10-21.32.01:729][ 38]LogModuleManager: Shutting down and abandoning module SessionFrontend (149)
[2016.01.10-21.32.01:729][ 38]LogModuleManager: Shutting down and abandoning module ProfilerClient (148)
[2016.01.10-21.32.01:729][ 38]LogModuleManager: Shutting down and abandoning module TargetDeviceServices (147)
[2016.01.10-21.32.01:729][ 38]LogModuleManager: Shutting down and abandoning module DeviceManager (146)
[2016.01.10-21.32.01:730][ 38]LogModuleManager: Shutting down and abandoning module AutomationController (145)
[2016.01.10-21.32.01:730][ 38]LogModuleManager: Shutting down and abandoning module AutomationWindow (144)
[2016.01.10-21.32.01:730][ 38]LogModuleManager: Shutting down and abandoning module Layers (143)
[2016.01.10-21.32.01:730][ 38]LogModuleManager: Shutting down and abandoning module ComponentVisualizers (142)
[2016.01.10-21.32.01:730][ 38]LogModuleManager: Shutting down and abandoning module DetailCustomizations (141)
[2016.01.10-21.32.01:730][ 38]LogModuleManager: Shutting down and abandoning module PackagesDialog (140)
[2016.01.10-21.32.01:730][ 38]LogModuleManager: Shutting down and abandoning module Persona (139)
[2016.01.10-21.32.01:730][ 38]LogModuleManager: Shutting down and abandoning module Kismet (138)
[2016.01.10-21.32.01:730][ 38]LogModuleManager: Shutting down and abandoning module GraphEditor (137)
[2016.01.10-21.32.01:730][ 38]LogModuleManager: Shutting down and abandoning module ClassViewer (136)
[2016.01.10-21.32.01:730][ 38]LogModuleManager: Shutting down and abandoning module Toolbox (135)
[2016.01.10-21.32.01:730][ 38]LogModuleManager: Shutting down and abandoning module ModuleUI (134)
[2016.01.10-21.32.01:730][ 38]LogModuleManager: Shutting down and abandoning module MovieSceneTools (133)
[2016.01.10-21.32.01:730][ 38]LogModuleManager: Shutting down and abandoning module OutputLog (132)
[2016.01.10-21.32.01:730][ 38]LogModuleManager: Shutting down and abandoning module GammaUI (131)
[2016.01.10-21.32.01:730][ 38]LogModuleManager: Shutting down and abandoning module Documentation (130)
[2016.01.10-21.32.01:730][ 38]LogModuleManager: Shutting down and abandoning module GameLiveStreaming (129)
[2016.01.10-21.32.01:730][ 38]LogModuleManager: Shutting down and abandoning module StreamingPauseRendering (128)
[2016.01.10-21.32.01:730][ 38]LogModuleManager: Shutting down and abandoning module AnalyticsET (127)
[2016.01.10-21.32.01:730][ 38]LogModuleManager: Shutting down and abandoning module Analytics (126)
[2016.01.10-21.32.01:730][ 38]LogModuleManager: Shutting down and abandoning module AITestSuite (125)
[2016.01.10-21.32.01:730][ 38]LogModuleManager: Shutting down and abandoning module GameplayDebugger (124)
[2016.01.10-21.32.01:730][ 38]LogModuleManager: Shutting down and abandoning module AIModule (123)
[2016.01.10-21.32.01:730][ 38]LogModuleManager: Shutting down and abandoning module ProfilerService (122)
[2016.01.10-21.32.01:947][ 38]LogModuleManager: Shutting down and abandoning module TaskGraph (121)
[2016.01.10-21.32.01:947][ 38]LogModuleManager: Shutting down and abandoning module SlateRemote (120)
[2016.01.10-21.32.01:947][ 38]LogModuleManager: Shutting down and abandoning module SteamVRController (119)
[2016.01.10-21.32.01:947][ 38]LogModuleManager: Shutting down and abandoning module SteamVR (118)
[2016.01.10-21.32.01:947][ 38]LogModuleManager: Shutting down and abandoning module ProceduralMeshComponent (117)
[2016.01.10-21.32.01:947][ 38]LogModuleManager: Shutting down and abandoning module OculusRift (116)
[2016.01.10-21.32.01:947][ 38]LogModuleManager: Shutting down and abandoning module OculusLibrary (115)
[2016.01.10-21.32.01:947][ 38]LogModuleManager: Shutting down and abandoning module LeapMotionController (114)
[2016.01.10-21.32.01:962][ 38]LogModuleManager: Shutting down and abandoning module CustomMeshComponent (113)
[2016.01.10-21.32.01:962][ 38]LogModuleManager: Shutting down and abandoning module CableComponent (112)
[2016.01.10-21.32.01:962][ 38]LogModuleManager: Shutting down and abandoning module ArchVisCharacter (111)
[2016.01.10-21.32.01:962][ 38]LogModuleManager: Shutting down and abandoning module MessagingDebugger (110)
[2016.01.10-21.32.01:962][ 38]LogModuleManager: Shutting down and abandoning module MediaPlayerEditor (109)
[2016.01.10-21.32.01:962][ 38]LogModuleManager: Shutting down and abandoning module HTML5Networking (108)
[2016.01.10-21.32.01:962][ 38]LogModuleManager: Shutting down and abandoning module SpeedTreeImporter (107)
[2016.01.10-21.32.01:962][ 38]LogModuleManager: Shutting down and abandoning module PluginBrowser (106)
[2016.01.10-21.32.01:962][ 38]LogModuleManager: Shutting down and abandoning module EpicSurvey (105)
[2016.01.10-21.32.01:962][ 38]LogModuleManager: Shutting down and abandoning module DesktopPlatform (104)
[2016.01.10-21.32.01:962][ 38]LogModuleManager: Shutting down and abandoning module VisualStudioSourceCodeAccess (103)
[2016.01.10-21.32.01:962][ 38]LogModuleManager: Shutting down and abandoning module UObjectPlugin (102)
[2016.01.10-21.32.01:962][ 38]LogModuleManager: Shutting down and abandoning module SubversionSourceControl (101)
[2016.01.10-21.32.01:962][ 38]LogModuleManager: Shutting down and abandoning module PerforceSourceControl (100)
[2016.01.10-21.32.01:962][ 38]LogModuleManager: Shutting down and abandoning module SourceControl (99)
[2016.01.10-21.32.01:962][ 38]LogModuleManager: Shutting down and abandoning module GitSourceControl (98)
[2016.01.10-21.32.01:962][ 38]LogModuleManager: Shutting down and abandoning module LightPropagationVolumeEditor (97)
[2016.01.10-21.32.01:962][ 38]LogModuleManager: Shutting down and abandoning module PaperTiledImporter (96)
[2016.01.10-21.32.01:962][ 38]LogModuleManager: Shutting down and abandoning module PaperSpriteSheetImporter (95)
[2016.01.10-21.32.01:962][ 38]LogModuleManager: Shutting down and abandoning module MeshPaint (94)
[2016.01.10-21.32.01:962][ 38]LogModuleManager: Shutting down and abandoning module SlateReflector (93)
[2016.01.10-21.32.01:962][ 38]LogModuleManager: Shutting down and abandoning module HotReload (92)
[2016.01.10-21.32.01:962][ 38]LogModuleManager: Shutting down and abandoning module MainFrame (91)
[2016.01.10-21.32.01:962][ 38]LogModuleManager: Shutting down and abandoning module LevelEditor (90)
[2016.01.10-21.32.01:963][ 38]LogModuleManager: Shutting down and abandoning module DirectoryWatcher (89)
[2016.01.10-21.32.01:964][ 38]LogModuleManager: Shutting down and abandoning module AssetRegistry (88)
[2016.01.10-21.32.02:065][ 38]LogModuleManager: Shutting down and abandoning module ContentBrowser (87)
[2016.01.10-21.32.02:065][ 38]LogModuleManager: Shutting down and abandoning module Paper2DEditor (86)
[2016.01.10-21.32.02:066][ 38]LogModuleManager: Shutting down and abandoning module UdpMessaging (85)
[2016.01.10-21.32.02:166][ 38]LogModuleManager: Shutting down and abandoning module LightPropagationVolumeRuntime (84)
[2016.01.10-21.32.02:166][ 38]LogModuleManager: Shutting down and abandoning module Paper2D (83)
[2016.01.10-21.32.02:166][ 38]LogModuleManager: Shutting down and abandoning module WindowsMoviePlayer (82)
[2016.01.10-21.32.02:169][ 38]LogModuleManager: Shutting down and abandoning module Media (81)
[2016.01.10-21.32.02:169][ 38]LogModuleManager: Shutting down and abandoning module WmfMedia (80)
[2016.01.10-21.32.02:169][ 38]LogModuleManager: Shutting down and abandoning module OnlineBlueprintSupport (79)
[2016.01.10-21.32.02:169][ 38]LogModuleManager: Shutting down and abandoning module GameplayTasksEditor (78)
[2016.01.10-21.32.02:169][ 38]LogModuleManager: Shutting down and abandoning module PropertyEditor (77)
[2016.01.10-21.32.02:169][ 38]LogModuleManager: Shutting down and abandoning module BehaviorTreeEditor (76)
[2016.01.10-21.32.02:169][ 38]LogModuleManager: Shutting down and abandoning module FunctionalTesting (75)
[2016.01.10-21.32.02:169][ 38]LogModuleManager: Shutting down and abandoning module CollisionAnalyzer (74)
[2016.01.10-21.32.02:169][ 38]LogModuleManager: Shutting down and abandoning module WorkspaceMenuStructure (73)
[2016.01.10-21.32.02:169][ 38]LogModuleManager: Shutting down and abandoning module MessageLog (72)
[2016.01.10-21.32.02:169][ 38]LogModuleManager: Shutting down and abandoning module Sequencer (71)
[2016.01.10-21.32.02:169][ 38]LogModuleManager: Shutting down and abandoning module AssetTools (70)
[2016.01.10-21.32.02:169][ 38]LogModuleManager: Shutting down and abandoning module UMGEditor (69)
[2016.01.10-21.32.02:169][ 38]LogModuleManager: Shutting down and abandoning module UMG (68)
[2016.01.10-21.32.02:169][ 38]LogModuleManager: Shutting down and abandoning module Slate (67)
[2016.01.10-21.32.02:169][ 38]LogModuleManager: Shutting down and abandoning module EditorStyle (66)
[2016.01.10-21.32.02:171][ 38]LogModuleManager: Shutting down and abandoning module SessionServices (65)
[2016.01.10-21.32.02:171][ 38]LogModuleManager: Shutting down and abandoning module SourceCodeAccess (64)
[2016.01.10-21.32.02:171][ 38]LogModuleManager: Shutting down and abandoning module HeadMountedDisplay (63)
[2016.01.10-21.32.02:171][ 38]LogModuleManager: Shutting down and abandoning module XAudio2 (62)
[2016.01.10-21.32.02:171][ 38]LogModuleManager: Shutting down and abandoning module Networking (60)
[2016.01.10-21.32.02:171][ 38]LogModuleManager: Shutting down and abandoning module Core (59)
[2016.01.10-21.32.02:171][ 38]LogModuleManager: Shutting down and abandoning module KismetCompiler (58)
[2016.01.10-21.32.02:171][ 38]LogModuleManager: Shutting down and abandoning module PhysXFormats (57)
[2016.01.10-21.32.02:171][ 38]LogModuleManager: Shutting down and abandoning module MeshUtilities (56)
[2016.01.10-21.32.02:171][ 38]LogModuleManager: Shutting down and abandoning module CookingStats (55)
[2016.01.10-21.32.02:172][ 38]LogModuleManager: Shutting down and abandoning module DerivedDataCache (54)
[2016.01.10-21.32.02:186][ 38]LogDerivedDataCache: Shutdown
[2016.01.10-21.32.02:186][ 38]LogModuleManager: Shutting down and abandoning module ShaderFormatOpenGL (53)
[2016.01.10-21.32.02:186][ 38]LogModuleManager: Shutting down and abandoning module ShaderFormatD3D (52)
[2016.01.10-21.32.02:186][ 38]LogModuleManager: Shutting down and abandoning module MetalShaderFormat (51)
[2016.01.10-21.32.02:186][ 38]LogModuleManager: Shutting down and abandoning module TextureFormatUncompressed (50)
[2016.01.10-21.32.02:186][ 38]LogModuleManager: Shutting down and abandoning module TextureFormatPVR (49)
[2016.01.10-21.32.02:186][ 38]LogModuleManager: Shutting down and abandoning module TextureFormatIntelISPCTexComp (48)
[2016.01.10-21.32.02:186][ 38]LogModuleManager: Shutting down and abandoning module TextureFormatDXT (47)
[2016.01.10-21.32.02:186][ 38]LogModuleManager: Shutting down and abandoning module ImageWrapper (46)
[2016.01.10-21.32.02:186][ 38]LogModuleManager: Shutting down and abandoning module TextureFormatASTC (45)
[2016.01.10-21.32.02:186][ 38]LogModuleManager: Shutting down and abandoning module TextureFormatAndroid (44)
[2016.01.10-21.32.02:186][ 38]LogModuleManager: Shutting down and abandoning module AudioFormatOpus (43)
[2016.01.10-21.32.02:186][ 38]LogModuleManager: Shutting down and abandoning module AudioFormatOgg (42)
[2016.01.10-21.32.02:186][ 38]LogModuleManager: Shutting down and abandoning module AudioFormatADPCM (41)
[2016.01.10-21.32.02:186][ 38]LogModuleManager: Shutting down and abandoning module LinuxTargetPlatform (40)
[2016.01.10-21.32.02:186][ 38]LogModuleManager: Shutting down and abandoning module LinuxServerTargetPlatform (39)
[2016.01.10-21.32.02:186][ 38]LogModuleManager: Shutting down and abandoning module LinuxNoEditorTargetPlatform (38)
[2016.01.10-21.32.02:186][ 38]LogModuleManager: Shutting down and abandoning module Messaging (37)
[2016.01.10-21.32.02:186][ 38]LogModuleManager: Shutting down and abandoning module IOSTargetPlatform (36)
[2016.01.10-21.32.02:186][ 38]LogModuleManager: Shutting down and abandoning module HTML5TargetPlatform (35)
[2016.01.10-21.32.02:186][ 38]LogModuleManager: Shutting down and abandoning module Android_PVRTCTargetPlatform (34)
[2016.01.10-21.32.02:186][ 38]LogModuleManager: Shutting down and abandoning module Android_ETC2TargetPlatform (33)
[2016.01.10-21.32.02:186][ 38]LogModuleManager: Shutting down and abandoning module Android_ETC1TargetPlatform (32)
[2016.01.10-21.32.02:186][ 38]LogModuleManager: Shutting down and abandoning module Android_DXTTargetPlatform (31)
[2016.01.10-21.32.02:186][ 38]LogModuleManager: Shutting down and abandoning module Android_ATCTargetPlatform (30)
[2016.01.10-21.32.02:186][ 38]LogModuleManager: Shutting down and abandoning module Android_ASTCTargetPlatform (29)
[2016.01.10-21.32.02:186][ 38]LogModuleManager: Shutting down and abandoning module AndroidTargetPlatform (28)
[2016.01.10-21.32.02:186][ 38]LogModuleManager: Shutting down and abandoning module WindowsTargetPlatform (27)
[2016.01.10-21.32.02:186][ 38]LogModuleManager: Shutting down and abandoning module WindowsServerTargetPlatform (26)
[2016.01.10-21.32.02:186][ 38]LogModuleManager: Shutting down and abandoning module WindowsNoEditorTargetPlatform (25)
[2016.01.10-21.32.02:186][ 38]LogModuleManager: Shutting down and abandoning module WindowsClientTargetPlatform (24)
[2016.01.10-21.32.02:186][ 38]LogModuleManager: Shutting down and abandoning module AllDesktopTargetPlatform (23)
[2016.01.10-21.32.02:186][ 38]LogModuleManager: Shutting down and abandoning module TargetPlatform (22)
[2016.01.10-21.32.02:186][ 38]LogModuleManager: Shutting down and abandoning module InputCore (21)
[2016.01.10-21.32.02:186][ 38]LogModuleManager: Shutting down and abandoning module Settings (20)
[2016.01.10-21.32.02:186][ 38]LogModuleManager: Shutting down and abandoning module OnlineSubsystem (18)
[2016.01.10-21.32.02:186][ 38]LogModuleManager: Shutting down and abandoning module HTTP (17)
[2016.01.10-21.32.04:190][ 38]LogModuleManager: Shutting down and abandoning module XMPP (16)
[2016.01.10-21.32.04:190][ 38]LogModuleManager: Shutting down and abandoning module ExampleDeviceProfileSelector (15)
[2016.01.10-21.32.04:190][ 38]LogModuleManager: Shutting down and abandoning module TextureCompressor (14)
[2016.01.10-21.32.04:190][ 38]LogModuleManager: Shutting down and abandoning module ShaderCore (13)
[2016.01.10-21.32.04:190][ 38]LogModuleManager: Shutting down and abandoning module Landscape (12)
[2016.01.10-21.32.04:190][ 38]LogModuleManager: Shutting down and abandoning module SlateRHIRenderer (11)
[2016.01.10-21.32.04:191][ 38]LogModuleManager: Shutting down and abandoning module OpenGLDrv (10)
[2016.01.10-21.32.04:191][ 38]LogModuleManager: Shutting down and abandoning module D3D11RHI (9)
[2016.01.10-21.32.04:191][ 38]LogModuleManager: Shutting down and abandoning module AnimGraphRuntime (8)
[2016.01.10-21.32.04:191][ 38]LogModuleManager: Shutting down and abandoning module Renderer (7)
[2016.01.10-21.32.04:191][ 38]LogModuleManager: Shutting down and abandoning module Engine (6)
[2016.01.10-21.32.04:191][ 38]LogModuleManager: Shutting down and abandoning module CoreUObject (5)
[2016.01.10-21.32.04:191][ 38]LogModuleManager: Shutting down and abandoning module NetworkFile (4)
[2016.01.10-21.32.04:191][ 38]LogModuleManager: Shutting down and abandoning module StreamingFile (3)
[2016.01.10-21.32.04:191][ 38]LogModuleManager: Shutting down and abandoning module SandboxFile (2)
[2016.01.10-21.32.04:191][ 38]LogModuleManager: Shutting down and abandoning module PakFile (1)
[2016.01.10-21.32.04:192][ 38]LogExit: Exiting.
[2016.01.10-21.32.04:209][ 38]Log file closed, 01/10/16 16:32:04
