[2016.01.15-00.34.48:024][  0]Log file open, 01/14/16 19:34:48
[2016.01.15-00.34.48:024][  0]LogInit:Display: Running engine for game: ShadowFall
[2016.01.15-00.34.48:024][  0]LogInit:Display: RandInit(-278593898) SRandInit(-278593898).
[2016.01.15-00.34.48:024][  0]LogTaskGraph: Started task graph with 4 named threads and 7 total threads.
[2016.01.15-00.34.48:025][  0]LogStats: Stats thread started at 0.086777
[2016.01.15-00.34.48:025][  0]LogInit: Version: 4.9.2-2707645+++depot+UE4-Releases+4.9
[2016.01.15-00.34.48:025][  0]LogInit: API Version: 2672455
[2016.01.15-00.34.48:025][  0]LogInit: Compiled (64-bit): Sep 28 2015 10:25:44
[2016.01.15-00.34.48:025][  0]LogInit: Compiled with Visual C++: 18.00.21005.01
[2016.01.15-00.34.48:025][  0]LogInit: Build Configuration: Development
[2016.01.15-00.34.48:025][  0]LogInit: Branch Name: ++depot+UE4-Releases+4.9
[2016.01.15-00.34.48:025][  0]LogInit: Command line:  
[2016.01.15-00.34.48:025][  0]LogInit: Base directory: D:/Program Files/Epic Games/4.9/Engine/Binaries/Win64/
[2016.01.15-00.34.48:025][  0]LogInit: Rocket: 1
[2016.01.15-00.34.48:040][  0]LogInit: Using libcurl 7.41.0
[2016.01.15-00.34.48:040][  0]LogInit:  - built for x86_64-pc-win32
[2016.01.15-00.34.48:040][  0]LogInit:  - supports SSL with WinSSL
[2016.01.15-00.34.48:040][  0]LogInit:  - other features:
[2016.01.15-00.34.48:040][  0]LogInit:      CURL_VERSION_SSL
[2016.01.15-00.34.48:040][  0]LogInit:      CURL_VERSION_IPV6
[2016.01.15-00.34.48:040][  0]LogInit:      CURL_VERSION_ASYNCHDNS
[2016.01.15-00.34.48:040][  0]LogInit:      CURL_VERSION_LARGEFILE
[2016.01.15-00.34.48:040][  0]LogInit:      CURL_VERSION_IDN
[2016.01.15-00.34.48:040][  0]LogInit:  CurlRequestOptions (configurable via config and command line):
[2016.01.15-00.34.48:040][  0]LogInit:  - bVerifyPeer = true  - Libcurl will verify peer certificate
[2016.01.15-00.34.48:040][  0]LogInit:  - bUseHttpProxy = false  - Libcurl will NOT use HTTP proxy
[2016.01.15-00.34.48:040][  0]LogInit:  - bDontReuseConnections = false  - Libcurl will reuse connections
[2016.01.15-00.34.48:040][  0]LogInit:  - CertBundlePath = nullptr  - Libcurl will use whatever was configured at build time.
[2016.01.15-00.34.48:048][  0]LogInit: Presizing for 0 objects not considered by GC, pre-allocating 0 bytes.
[2016.01.15-00.34.48:056][  0]LogInit: Object subsystem initialized
[2016.01.15-00.34.48:058][  0]LogInit: Selected Device Profile: [Windows]
[2016.01.15-00.34.48:058][  0]LogInit: Applying CVar settings loaded from the selected device profile: [Windows]
[2016.01.15-00.34.48:069][  0]LogInit: Computer: PCMAXIME
[2016.01.15-00.34.48:069][  0]LogInit: User: Maxime
[2016.01.15-00.34.48:069][  0]LogInit: CPU Page size=4096, Cores=4
[2016.01.15-00.34.48:069][  0]LogInit: High frequency timer resolution =2.338452 MHz
[2016.01.15-00.34.48:069][  0]LogMemory: Memory total: Physical=7.9GB (8GB approx)
[2016.01.15-00.34.48:069][  0]LogMemory: Platform Memory Stats for Windows
[2016.01.15-00.34.48:069][  0]LogMemory: Process Physical Memory: 55.92 MB used, 55.92 MB peak
[2016.01.15-00.34.48:069][  0]LogMemory: Process Virtual Memory: 59.02 MB used, 59.02 MB peak
[2016.01.15-00.34.48:069][  0]LogMemory: Physical Memory: 3258.86 MB used, 8123.55 MB total
[2016.01.15-00.34.48:069][  0]LogMemory: Virtual Memory: 354.00 MB used, 134217728.00 MB total
[2016.01.15-00.34.48:111][  0]LogTextLocalizationManager: No translations for ('fr-FR') exist, falling back to 'en' for localization and internationalization data.
[2016.01.15-00.34.48:921][  0]LogD3D11RHI: Found D3D11 adapter 0: AMD Radeon HD 7570M (Feature Level 11_0)
[2016.01.15-00.34.48:921][  0]LogD3D11RHI: Adapter has 1004MB of dedicated video memory, 0MB of dedicated system memory, and 3840MB of shared system memory, 1 output[s]
[2016.01.15-00.34.48:923][  0]LogD3D11RHI: Found D3D11 adapter 1: Microsoft Basic Render Driver (Feature Level 11_0)
[2016.01.15-00.34.48:923][  0]LogD3D11RHI: Adapter has 0MB of dedicated video memory, 0MB of dedicated system memory, and 4061MB of shared system memory, 0 output[s]
[2016.01.15-00.34.48:923][  0]LogD3D11RHI: Chosen D3D11 Adapter Id = 0
[2016.01.15-00.34.48:927][  0]LogD3D11RHI: !Direct3DDevice
[2016.01.15-00.34.48:927][  0]LogRHI: Texture pool is 702 MB (70% of 1004 MB)
[2016.01.15-00.34.48:935][  0]LogD3D11RHI: Async texture creation disabled: no driver support
[2016.01.15-00.34.48:946][  0]LogShaderCompilers: Guid format shader working directory is 15 characters bigger than the processId version (../../../../../../Bibliothèques/Documents/Unreal Projects/ShadowerFall/Intermediate/Shaders/WorkingDirectory/2904/).
[2016.01.15-00.34.48:946][  0]LogShaderCompilers: Cleaned the shader compiler working directory '../../../../../../Bibliothèques/Documents/Unreal Projects/ShadowerFall/Intermediate/Shaders/tmp/AF9B6C5F447A84191F8766A493E51367/'.
[2016.01.15-00.34.48:946][  0]LogShaderCompilers:Display: Using Local Shader Compiler.
[2016.01.15-00.34.50:070][  0]LogTemp:Display: Loaded TP AllDesktopTargetPlatform
[2016.01.15-00.34.50:076][  0]LogTemp:Display: Loaded TP WindowsClientTargetPlatform
[2016.01.15-00.34.50:082][  0]LogTemp:Display: Loaded TP WindowsNoEditorTargetPlatform
[2016.01.15-00.34.50:088][  0]LogTemp:Display: Loaded TP WindowsServerTargetPlatform
[2016.01.15-00.34.50:094][  0]LogTemp:Display: Loaded TP WindowsTargetPlatform
[2016.01.15-00.34.50:098][  0]LogTemp:Display: Loaded TP AndroidTargetPlatform
[2016.01.15-00.34.50:101][  0]LogTemp:Display: Loaded TP Android_ASTCTargetPlatform
[2016.01.15-00.34.50:105][  0]LogTemp:Display: Loaded TP Android_ATCTargetPlatform
[2016.01.15-00.34.50:109][  0]LogTemp:Display: Loaded TP Android_DXTTargetPlatform
[2016.01.15-00.34.50:113][  0]LogTemp:Display: Loaded TP Android_ETC1TargetPlatform
[2016.01.15-00.34.50:117][  0]LogTemp:Display: Loaded TP Android_ETC2TargetPlatform
[2016.01.15-00.34.50:121][  0]LogTemp:Display: Loaded TP Android_PVRTCTargetPlatform
[2016.01.15-00.34.50:122][  0]LogTemp:Display: Loaded TP HTML5TargetPlatform
[2016.01.15-00.34.50:141][  0]LogTemp:Display: Loaded TP IOSTargetPlatform
[2016.01.15-00.34.50:145][  0]LogTemp:Display: Loaded TP LinuxNoEditorTargetPlatform
[2016.01.15-00.34.50:148][  0]LogTemp:Display: Loaded TP LinuxServerTargetPlatform
[2016.01.15-00.34.50:153][  0]LogTemp:Display: Loaded TP LinuxTargetPlatform
[2016.01.15-00.34.50:153][  0]LogTargetPlatformManager:Display: Building Assets For Windows
[2016.01.15-00.34.50:260][  0]LogDerivedDataCache:Display: Max Cache Size: 512 MB
[2016.01.15-00.34.50:301][  0]LogDerivedDataCache: Loaded boot cache 0.04s 41MB C:/Users/Maxime/AppData/Local/UnrealEngine/4.9/DerivedDataCache/Boot.ddc.
[2016.01.15-00.34.50:302][  0]LogDerivedDataCache:Display: Loaded Boot cache: C:/Users/Maxime/AppData/Local/UnrealEngine/4.9/DerivedDataCache/Boot.ddc
[2016.01.15-00.34.50:302][  0]LogDerivedDataCache: FDerivedDataBackendGraph:  Pak pak cache file ../../../../../../Bibliothèques/Documents/Unreal Projects/ShadowerFall/DerivedDataCache/DDC.ddp not found, will not use a pak cache.
[2016.01.15-00.34.50:302][  0]LogDerivedDataCache: Unable to find inner node Pak for hierarchical cache Hierarchy.
[2016.01.15-00.34.50:302][  0]LogDerivedDataCache: FDerivedDataBackendGraph:  CompressedPak pak cache file ../../../../../../Bibliothèques/Documents/Unreal Projects/ShadowerFall/DerivedDataCache/Compressed.ddp not found, will not use a pak cache.
[2016.01.15-00.34.50:302][  0]LogDerivedDataCache: Unable to find inner node CompressedPak for hierarchical cache Hierarchy.
[2016.01.15-00.34.50:459][  0]LogDerivedDataCache:Display: Pak cache opened for reading ../../../Engine/DerivedDataCache/Compressed.ddp.
[2016.01.15-00.34.50:472][  0]LogDerivedDataCache: Using Local data cache path C:/Users/Maxime/AppData/Local/UnrealEngine/Common/DerivedDataCache: Writable
[2016.01.15-00.34.50:690][  0]LogInit: Selected Device Profile: [Windows]
[2016.01.15-00.34.50:692][  0]LogContentStreaming: Texture pool size is 0.000000MB
[2016.01.15-00.34.50:832][  0]LogMeshUtilities: No automatic mesh reduction module available
[2016.01.15-00.34.50:832][  0]LogMeshUtilities: No automatic mesh merging module available
[2016.01.15-00.34.51:105][  0]LogInit: WinSock: version 1.1 (2.2), MaxSocks=32767, MaxUdp=65467
[2016.01.15-00.34.51:894][  0]UdpMessaging: Initializing bridge on interface 0.0.0.0:0 to multicast group 230.0.0.1:6666.
[2016.01.15-00.34.51:998][  0]LogAssetRegistry: FAssetRegistry took 0.0111 seconds to start up
[2016.01.15-00.34.52:195][  0]SourceControl: Info Source control is disabled
[2016.01.15-00.34.52:196][  0]SourceControl: Info Source control is disabled
[2016.01.15-00.34.52:213][  0]SourceControl: Info Source control is disabled
[2016.01.15-00.34.52:228][  0]SourceControl: Info Source control is disabled
[2016.01.15-00.34.52:433][  0]LogLinker:Warning: Asset '../../../Engine/Plugins/Runtime/LeapMotionController/Content/LM_PassthroughMaterial.uasset' has been saved with empty engine version. The asset will be loaded but may be incompatible.
[2016.01.15-00.34.52:539][  0]LogObj: 28361 objects as part of root set at end of initial load.
[2016.01.15-00.34.52:539][  0]LogUObjectAllocator: 6038872 out of 0 bytes used by permanent object pool.
[2016.01.15-00.34.52:600][  0]LogEngine: Initializing Engine...
[2016.01.15-00.34.52:603][  0]LogHMD: Can't find Oculus library dev build: is proper Runtime installed? Version: 0.7.0.0
[2016.01.15-00.34.52:604][  0]LogHMD: SteamVR failed to initialize.  Err: 110
[2016.01.15-00.34.52:740][  0]LogAIModule: Creating AISystem for world NewWorld
[2016.01.15-00.34.52:745][  0]LogInit: XAudio2 using 'Haut-parleurs (Périphérique High Definition Audio)' : 2 channels at 44.1 kHz using 16 bits per sample (channel mask 0x3)
[2016.01.15-00.34.52:759][  0]LogInit: FAudioDevice initialized.
[2016.01.15-00.34.52:781][  0]LogDerivedDataCache: Saved boot cache 0.02s 41MB C:/Users/Maxime/AppData/Local/UnrealEngine/4.9/DerivedDataCache/Boot.ddc.
[2016.01.15-00.34.52:784][  0]LogInit: Texture streaming: Enabled
[2016.01.15-00.34.52:790][  0]LogAnalytics: Creating configured Analytics provider AnalyticsET
[2016.01.15-00.34.52:790][  0]LogAnalytics: [UEEditor.Rocket.Release] APIServer = http://et2.epicgames.com/ET2/. AppVersion = 4.9.2-2707645+++depot+UE4-Releases+4.9
[2016.01.15-00.34.52:790][  0]LogAnalytics: [UEEditor.Rocket.Release] SetUserId 9a9effe84c4b08c90696e581cd7488a3|06ed4f6a0f4048debc1b07e05a99303a|05176c3f-19e8-4dc1-8202-ec95daad005f
[2016.01.15-00.34.52:790][  0]LogAnalytics: [UEEditor.Rocket.Release] AnalyticsET::StartSession
[2016.01.15-00.34.52:830][  0]LogInit: Transaction tracking system initialized
[2016.01.15-00.34.52:865][  0]BlueprintLog: New page: Editor Load
[2016.01.15-00.34.52:960][  0]LocalizationService: Info Localization service is disabled
[2016.01.15-00.34.53:188][  0]LogConsoleResponse:Display: 
[2016.01.15-00.34.53:318][  0]LogCook:Display: Done creating registry. It took  0.00s.
[2016.01.15-00.34.53:389][  0]LogFileCache: Scanning file cache for directory 'D:/Bibliothèques/Documents/Unreal Projects/ShadowerFall/Content/' took 0.02s
[2016.01.15-00.34.53:389][  0]SourceControl: Info Source control is disabled
[2016.01.15-00.34.53:389][  0]Cmd: MAP LOAD FILE="../../../../../../Bibliothèques/Documents/Unreal Projects/ShadowerFall/Content/FirstPersonBP/Maps/FirstPersonExampleMap.umap" TEMPLATE=0 SHOWPROGRESS=1 FEATURELEVEL=3
[2016.01.15-00.34.53:390][  0]LightingResults: New page: Lighting Build
[2016.01.15-00.34.53:393][  0]MapCheck: New page: Map Check
[2016.01.15-00.34.53:393][  0]LightingResults: New page: Lighting Build
[2016.01.15-00.34.53:406][  0]LogParticles: Destroying 0 GPU particle simulations for FXSystem 0x00000075CF15C400
[2016.01.15-00.34.53:429][  0]LogLinker:Warning: Asset '../../../../../../Bibliothèques/Documents/Unreal Projects/ShadowerFall/Content/FirstPerson/Meshes/FirstPersonProjectileMesh.uasset' has been saved with empty engine version. The asset will be loaded but may be incompatible.
[2016.01.15-00.34.55:556][  0]LogAIModule: Creating AISystem for world FirstPersonExampleMap
[2016.01.15-00.34.55:586][  0]LogEditorServer: Finished looking for orphan Actors (0.000 secs)
[2016.01.15-00.34.55:587][  0]Cmd: MAP CHECKDEP NOCLEARLOG
[2016.01.15-00.34.55:696][  0]MapCheck: Info Map check complete: 0 Error(s), 0 Warning(s), took 108.088ms to complete.
[2016.01.15-00.34.55:696][  0]LogFileHelpers: Loading map 'FirstPersonExampleMap' took 2.307
[2016.01.15-00.34.55:806][  0]LogCollectionManager: Loaded 0 collections in 0.002477 seconds
[2016.01.15-00.34.55:850][  0]LogFileCache: Scanning file cache for directory 'D:/Bibliothèques/Documents/Unreal Projects/ShadowerFall/Saved/Collections/' took 0.01s
[2016.01.15-00.34.55:851][  0]LogFileCache: Scanning file cache for directory 'D:/Bibliothèques/Documents/Unreal Projects/ShadowerFall/Content/Developers/Maxime/Collections/' took 0.01s
[2016.01.15-00.34.55:851][  0]LogFileCache: Scanning file cache for directory 'D:/Bibliothèques/Documents/Unreal Projects/ShadowerFall/Content/Collections/' took 0.01s
[2016.01.15-00.34.55:851][  0]LogContentBrowser: Native class hierarchy populated in 0.0081 seconds. Added 1867 classes and 333 folders.
[2016.01.15-00.34.55:856][  0]LogCollectionManager: Rebuilt the GUID cache for 0 collections in 0.000003 seconds
[2016.01.15-00.34.55:863][  0]LogContentBrowser: Native class hierarchy updated for 'WidgetCarousel' in 0.0005 seconds. Added 0 classes and 0 folders.
[2016.01.15-00.34.55:921][  0]LogContentBrowser: Native class hierarchy updated for 'AddContentDialog' in 0.0005 seconds. Added 0 classes and 0 folders.
[2016.01.15-00.34.55:926][  0]LogContentBrowser: Native class hierarchy updated for 'SceneOutliner' in 0.0005 seconds. Added 1 classes and 2 folders.
[2016.01.15-00.34.55:995][  0]LogCrashTracker: Crashtracker disabled due to settings.
[2016.01.15-00.34.55:998][  0]LogUObjectGlobals:Warning: Failed to find object 'Class None.'
[2016.01.15-00.34.56:020][  0]LogLoad: Full Startup: 8.62 seconds (BP compile: 0.78 seconds)
[2016.01.15-00.34.56:085][  0]LogContentStreaming: Texture pool size now 200 MB
[2016.01.15-00.34.56:224][  0]LogRenderer: Reallocating scene render targets to support 1252x668 (Frame:2).
[2016.01.15-00.34.56:899][  9]LogAssetRegistry: Asset discovery search completed in 4.9127 seconds
[2016.01.15-00.34.56:899][  9]LogCollectionManager: Rebuilt the object cache for 0 collections in 0.000001 seconds (found 0 objects)
[2016.01.15-00.34.56:899][  9]LogCollectionManager: Fixed up redirectors for 0 collections in 0.000025 seconds (updated 0 objects)
[2016.01.15-00.35.06:985][288]LogBlueprintUserMessages: Early PlayInEditor Detection: Level '/Game/FirstPersonBP/Maps/FirstPersonExampleMap.FirstPersonExampleMap:PersistentLevel' has LevelScriptBlueprint '/Game/FirstPersonBP/Maps/FirstPersonExampleMap.FirstPersonExampleMap:PersistentLevel.FirstPersonExampleMap' with GeneratedClass '/Game/FirstPersonBP/Maps/FirstPersonExampleMap.FirstPersonExampleMap_C' with ClassGeneratedBy '/Game/FirstPersonBP/Maps/FirstPersonExampleMap.FirstPersonExampleMap:PersistentLevel.FirstPersonExampleMap'
[2016.01.15-00.35.06:985][288]LogPlayLevel: PlayLevel: No blueprints needed recompiling
[2016.01.15-00.35.06:986][288]PIE: New page: PIE session: FirstPersonExampleMap (Jan 14, 2016, 2:35:06 PM)
[2016.01.15-00.35.06:986][288]LogPlayLevel: Creating play world package: /Game/FirstPersonBP/Maps/UEDPIE_0_FirstPersonExampleMap
[2016.01.15-00.35.07:037][288]LogPlayLevel: PIE: StaticDuplicateObject took: (0.051170s)
[2016.01.15-00.35.07:038][288]LogAIModule: Creating AISystem for world FirstPersonExampleMap
[2016.01.15-00.35.07:038][288]LogPlayLevel: PIE: World Init took: (0.000763s)
[2016.01.15-00.35.07:038][288]LogPlayLevel: PIE: Created PIE world by copying editor world from /Game/FirstPersonBP/Maps/FirstPersonExampleMap.FirstPersonExampleMap to /Game/FirstPersonBP/Maps/UEDPIE_0_FirstPersonExampleMap.FirstPersonExampleMap (0.052213s)
[2016.01.15-00.35.07:038][288]LogActorComponent: UnregisterComponent: (/Engine/Transient.CharMoveComp) Not registered. Aborting.
[2016.01.15-00.35.07:038][288]LogActorComponent: UnregisterComponent: (/Engine/Transient.CharacterMovementComponent_0) Not registered. Aborting.
[2016.01.15-00.35.07:100][288]LogInit: XAudio2 using 'Haut-parleurs (Périphérique High Definition Audio)' : 2 channels at 44.1 kHz using 16 bits per sample (channel mask 0x3)
[2016.01.15-00.35.07:107][288]LogInit: FAudioDevice initialized.
[2016.01.15-00.35.07:198][288]LogWorld: Game class is 'FirstPersonGameMode_C'
[2016.01.15-00.35.07:224][288]LogWorld:Warning: *** WARNING - PATHS MAY NOT BE VALID ***
[2016.01.15-00.35.07:224][288]LogWorld: Bringing World /Game/FirstPersonBP/Maps/UEDPIE_0_FirstPersonExampleMap.FirstPersonExampleMap up for play (max tick rate 60) at 2016.01.14-19.35.07
[2016.01.15-00.35.07:224][288]LogActor:Warning: GameSession /Game/FirstPersonBP/Maps/UEDPIE_0_FirstPersonExampleMap.FirstPersonExampleMap:PersistentLevel.GameSession_0 has natively added scene component(s), but none of them were set as the actor's RootComponent - picking one arbitrarily
[2016.01.15-00.35.07:225][288]LogActor:Warning: GameNetworkManager /Game/FirstPersonBP/Maps/UEDPIE_0_FirstPersonExampleMap.FirstPersonExampleMap:PersistentLevel.GameNetworkManager_0 has natively added scene component(s), but none of them were set as the actor's RootComponent - picking one arbitrarily
[2016.01.15-00.35.07:228][288]LogWorld: Bringing up level for play took: 0.028246
[2016.01.15-00.35.07:232][288]PIE: Info Play in editor start time for /Game/FirstPersonBP/Maps/UEDPIE_0_FirstPersonExampleMap 0.815
[2016.01.15-00.35.07:232][288]LogBlueprintUserMessages: Late PlayInEditor Detection: Level '/Game/FirstPersonBP/Maps/FirstPersonExampleMap.FirstPersonExampleMap:PersistentLevel' has LevelScriptBlueprint '/Game/FirstPersonBP/Maps/FirstPersonExampleMap.FirstPersonExampleMap:PersistentLevel.FirstPersonExampleMap' with GeneratedClass '/Game/FirstPersonBP/Maps/FirstPersonExampleMap.FirstPersonExampleMap_C' with ClassGeneratedBy '/Game/FirstPersonBP/Maps/FirstPersonExampleMap.FirstPersonExampleMap:PersistentLevel.FirstPersonExampleMap'
[2016.01.15-00.35.36:399][371]LogBlueprintUserMessages: [FirstPersonCharacter_C_0] Dash
[2016.01.15-00.35.36:531][376]LogScript:Warning: Accessed None 'CallFunc_GetBlackboard_ReturnValue'
	NewKamikaze_C /Game/FirstPersonBP/Maps/UEDPIE_0_FirstPersonExampleMap.FirstPersonExampleMap:PersistentLevel.NewKamikaze_34
	Function /Game/FirstPersonBP/Blueprints/AI/NewKamikaze.NewKamikaze_C:ExecuteUbergraph_NewKamikaze:0430
[2016.01.15-00.35.36:531][376]PIE:Error: Error Accessed None 'CallFunc_GetBlackboard_ReturnValue' from node Set Value as Bool in graph 'EventGraph' in blueprint NewKamikaze
[2016.01.15-00.35.36:657][378]LogBlueprintUserMessages: [FirstPersonCharacter_C_0] En L'air
[2016.01.15-00.35.38:441][440]LogBlueprintUserMessages: [FirstPersonCharacter_C_0] Dash
[2016.01.15-00.35.38:684][449]LogBlueprintUserMessages: [FirstPersonCharacter_C_0] En L'air
[2016.01.15-00.35.41:538][559]LogBlueprintUserMessages: Early EndPlayMap Detection: Level '/Game/FirstPersonBP/Maps/FirstPersonExampleMap.FirstPersonExampleMap:PersistentLevel' has LevelScriptBlueprint '/Game/FirstPersonBP/Maps/FirstPersonExampleMap.FirstPersonExampleMap:PersistentLevel.FirstPersonExampleMap' with GeneratedClass '/Game/FirstPersonBP/Maps/FirstPersonExampleMap.FirstPersonExampleMap_C' with ClassGeneratedBy '/Game/FirstPersonBP/Maps/FirstPersonExampleMap.FirstPersonExampleMap:PersistentLevel.FirstPersonExampleMap'
[2016.01.15-00.35.41:591][559]LogBlueprintUserMessages: Late EndPlayMap Detection: Level '/Game/FirstPersonBP/Maps/FirstPersonExampleMap.FirstPersonExampleMap:PersistentLevel' has LevelScriptBlueprint '/Game/FirstPersonBP/Maps/FirstPersonExampleMap.FirstPersonExampleMap:PersistentLevel.FirstPersonExampleMap' with GeneratedClass '/Game/FirstPersonBP/Maps/FirstPersonExampleMap.FirstPersonExampleMap_C' with ClassGeneratedBy '/Game/FirstPersonBP/Maps/FirstPersonExampleMap.FirstPersonExampleMap:PersistentLevel.FirstPersonExampleMap'
[2016.01.15-00.35.41:608][559]LogParticles: Destroying 0 GPU particle simulations for FXSystem 0x00000075DDDBE3E0
[2016.01.15-00.35.47:702][704]LogBlueprintUserMessages: Early PlayInEditor Detection: Level '/Game/FirstPersonBP/Maps/FirstPersonExampleMap.FirstPersonExampleMap:PersistentLevel' has LevelScriptBlueprint '/Game/FirstPersonBP/Maps/FirstPersonExampleMap.FirstPersonExampleMap:PersistentLevel.FirstPersonExampleMap' with GeneratedClass '/Game/FirstPersonBP/Maps/FirstPersonExampleMap.FirstPersonExampleMap_C' with ClassGeneratedBy '/Game/FirstPersonBP/Maps/FirstPersonExampleMap.FirstPersonExampleMap:PersistentLevel.FirstPersonExampleMap'
[2016.01.15-00.35.47:702][704]LogPlayLevel: PlayLevel: No blueprints needed recompiling
[2016.01.15-00.35.47:703][704]PIE: New page: PIE session: FirstPersonExampleMap (Jan 14, 2016, 2:35:47 PM)
[2016.01.15-00.35.47:703][704]LogPlayLevel: Creating play world package: /Game/FirstPersonBP/Maps/UEDPIE_0_FirstPersonExampleMap
[2016.01.15-00.35.47:744][704]LogPlayLevel: PIE: StaticDuplicateObject took: (0.041832s)
[2016.01.15-00.35.47:745][704]LogAIModule: Creating AISystem for world FirstPersonExampleMap
[2016.01.15-00.35.47:745][704]LogPlayLevel: PIE: World Init took: (0.000705s)
[2016.01.15-00.35.47:745][704]LogPlayLevel: PIE: Created PIE world by copying editor world from /Game/FirstPersonBP/Maps/FirstPersonExampleMap.FirstPersonExampleMap to /Game/FirstPersonBP/Maps/UEDPIE_0_FirstPersonExampleMap.FirstPersonExampleMap (0.042771s)
[2016.01.15-00.35.47:806][704]LogInit: XAudio2 using 'Haut-parleurs (Périphérique High Definition Audio)' : 2 channels at 44.1 kHz using 16 bits per sample (channel mask 0x3)
[2016.01.15-00.35.47:813][704]LogInit: FAudioDevice initialized.
[2016.01.15-00.35.47:848][704]LogWorld: Game class is 'FirstPersonGameMode_C'
[2016.01.15-00.35.47:874][704]LogWorld:Warning: *** WARNING - PATHS MAY NOT BE VALID ***
[2016.01.15-00.35.47:874][704]LogWorld: Bringing World /Game/FirstPersonBP/Maps/UEDPIE_0_FirstPersonExampleMap.FirstPersonExampleMap up for play (max tick rate 60) at 2016.01.14-19.35.47
[2016.01.15-00.35.47:874][704]LogActor:Warning: GameSession /Game/FirstPersonBP/Maps/UEDPIE_0_FirstPersonExampleMap.FirstPersonExampleMap:PersistentLevel.GameSession_1 has natively added scene component(s), but none of them were set as the actor's RootComponent - picking one arbitrarily
[2016.01.15-00.35.47:875][704]LogActor:Warning: GameNetworkManager /Game/FirstPersonBP/Maps/UEDPIE_0_FirstPersonExampleMap.FirstPersonExampleMap:PersistentLevel.GameNetworkManager_1 has natively added scene component(s), but none of them were set as the actor's RootComponent - picking one arbitrarily
[2016.01.15-00.35.47:878][704]LogWorld: Bringing up level for play took: 0.027680
[2016.01.15-00.35.47:881][704]PIE: Info Play in editor start time for /Game/FirstPersonBP/Maps/UEDPIE_0_FirstPersonExampleMap -0.536
[2016.01.15-00.35.47:881][704]LogBlueprintUserMessages: Late PlayInEditor Detection: Level '/Game/FirstPersonBP/Maps/FirstPersonExampleMap.FirstPersonExampleMap:PersistentLevel' has LevelScriptBlueprint '/Game/FirstPersonBP/Maps/FirstPersonExampleMap.FirstPersonExampleMap:PersistentLevel.FirstPersonExampleMap' with GeneratedClass '/Game/FirstPersonBP/Maps/FirstPersonExampleMap.FirstPersonExampleMap_C' with ClassGeneratedBy '/Game/FirstPersonBP/Maps/FirstPersonExampleMap.FirstPersonExampleMap:PersistentLevel.FirstPersonExampleMap'
[2016.01.15-00.35.50:271][790]LogBlueprintUserMessages: [FirstPersonCharacter_C_0] Dash
[2016.01.15-00.35.50:387][794]LogBlueprintUserMessages: [CoffreTranspercante2_113] 6
[2016.01.15-00.35.50:387][794]LogBlueprintUserMessages: [CoffreTranspercante3_194] PLEIN
[2016.01.15-00.35.50:481][797]LogBlueprintUserMessages: [CoffreTranspercante_44] PLEIN
[2016.01.15-00.35.51:357][827]LogBlueprintUserMessages: [FirstPersonCharacter_C_0] Dash
[2016.01.15-00.35.51:834][845]LogBlueprintUserMessages: [CoffreExplosion2_105] PLEIN
[2016.01.15-00.35.52:399][867]LogBlueprintUserMessages: [FirstPersonCharacter_C_0] Dash
[2016.01.15-00.35.56:142][  8]LogBlueprintUserMessages: [FirstPersonCharacter_C_0] Dash
[2016.01.15-00.35.56:374][ 17]LogBlueprintUserMessages: [FirstPersonCharacter_C_0] En L'air
[2016.01.15-00.35.56:565][ 24]LogBlueprintUserMessages: [FirstPersonCharacter_C_0] Can't Dash
[2016.01.15-00.35.57:647][ 63]LogBlueprintUserMessages: [FirstPersonCharacter_C_0] Dash
[2016.01.15-00.35.57:878][ 71]LogBlueprintUserMessages: [FirstPersonCharacter_C_0] En L'air
[2016.01.15-00.36.04:448][304]LogBlueprintUserMessages: Early EndPlayMap Detection: Level '/Game/FirstPersonBP/Maps/FirstPersonExampleMap.FirstPersonExampleMap:PersistentLevel' has LevelScriptBlueprint '/Game/FirstPersonBP/Maps/FirstPersonExampleMap.FirstPersonExampleMap:PersistentLevel.FirstPersonExampleMap' with GeneratedClass '/Game/FirstPersonBP/Maps/FirstPersonExampleMap.FirstPersonExampleMap_C' with ClassGeneratedBy '/Game/FirstPersonBP/Maps/FirstPersonExampleMap.FirstPersonExampleMap:PersistentLevel.FirstPersonExampleMap'
[2016.01.15-00.36.04:498][304]LogBlueprintUserMessages: Late EndPlayMap Detection: Level '/Game/FirstPersonBP/Maps/FirstPersonExampleMap.FirstPersonExampleMap:PersistentLevel' has LevelScriptBlueprint '/Game/FirstPersonBP/Maps/FirstPersonExampleMap.FirstPersonExampleMap:PersistentLevel.FirstPersonExampleMap' with GeneratedClass '/Game/FirstPersonBP/Maps/FirstPersonExampleMap.FirstPersonExampleMap_C' with ClassGeneratedBy '/Game/FirstPersonBP/Maps/FirstPersonExampleMap.FirstPersonExampleMap:PersistentLevel.FirstPersonExampleMap'
[2016.01.15-00.36.04:533][305]LogParticles: Destroying 0 GPU particle simulations for FXSystem 0x00000075D63BC220
[2016.01.15-00.36.12:540][483]LogEditorViewport: Clicking Background
[2016.01.15-00.36.13:048][492]LogEditorViewport: Clicking on Actor (LMB): NavMeshBoundsVolume (NavMeshBoundsVolume)
[2016.01.15-00.36.17:940][588]LogBlueprintUserMessages: Early PlayInEditor Detection: Level '/Game/FirstPersonBP/Maps/FirstPersonExampleMap.FirstPersonExampleMap:PersistentLevel' has LevelScriptBlueprint '/Game/FirstPersonBP/Maps/FirstPersonExampleMap.FirstPersonExampleMap:PersistentLevel.FirstPersonExampleMap' with GeneratedClass '/Game/FirstPersonBP/Maps/FirstPersonExampleMap.FirstPersonExampleMap_C' with ClassGeneratedBy '/Game/FirstPersonBP/Maps/FirstPersonExampleMap.FirstPersonExampleMap:PersistentLevel.FirstPersonExampleMap'
[2016.01.15-00.36.17:941][588]LogPlayLevel: PlayLevel: No blueprints needed recompiling
[2016.01.15-00.36.17:941][588]PIE: New page: PIE session: FirstPersonExampleMap (Jan 14, 2016, 2:36:17 PM)
[2016.01.15-00.36.17:941][588]LogPlayLevel: Creating play world package: /Game/FirstPersonBP/Maps/UEDPIE_0_FirstPersonExampleMap
[2016.01.15-00.36.17:987][588]LogPlayLevel: PIE: StaticDuplicateObject took: (0.046525s)
[2016.01.15-00.36.17:988][588]LogAIModule: Creating AISystem for world FirstPersonExampleMap
[2016.01.15-00.36.17:988][588]LogPlayLevel: PIE: World Init took: (0.000764s)
[2016.01.15-00.36.17:988][588]LogPlayLevel: PIE: Created PIE world by copying editor world from /Game/FirstPersonBP/Maps/FirstPersonExampleMap.FirstPersonExampleMap to /Game/FirstPersonBP/Maps/UEDPIE_0_FirstPersonExampleMap.FirstPersonExampleMap (0.047575s)
[2016.01.15-00.36.18:037][588]LogInit: XAudio2 using 'Haut-parleurs (Périphérique High Definition Audio)' : 2 channels at 44.1 kHz using 16 bits per sample (channel mask 0x3)
[2016.01.15-00.36.18:043][588]LogInit: FAudioDevice initialized.
[2016.01.15-00.36.18:078][588]LogWorld: Game class is 'FirstPersonGameMode_C'
[2016.01.15-00.36.18:104][588]LogWorld:Warning: *** WARNING - PATHS MAY NOT BE VALID ***
[2016.01.15-00.36.18:104][588]LogWorld: Bringing World /Game/FirstPersonBP/Maps/UEDPIE_0_FirstPersonExampleMap.FirstPersonExampleMap up for play (max tick rate 60) at 2016.01.14-19.36.18
[2016.01.15-00.36.18:104][588]LogActor:Warning: GameSession /Game/FirstPersonBP/Maps/UEDPIE_0_FirstPersonExampleMap.FirstPersonExampleMap:PersistentLevel.GameSession_2 has natively added scene component(s), but none of them were set as the actor's RootComponent - picking one arbitrarily
[2016.01.15-00.36.18:104][588]LogActor:Warning: GameNetworkManager /Game/FirstPersonBP/Maps/UEDPIE_0_FirstPersonExampleMap.FirstPersonExampleMap:PersistentLevel.GameNetworkManager_2 has natively added scene component(s), but none of them were set as the actor's RootComponent - picking one arbitrarily
[2016.01.15-00.36.18:107][588]LogWorld: Bringing up level for play took: 0.027547
[2016.01.15-00.36.18:110][588]PIE: Info Play in editor start time for /Game/FirstPersonBP/Maps/UEDPIE_0_FirstPersonExampleMap -0.306
[2016.01.15-00.36.18:111][588]LogBlueprintUserMessages: Late PlayInEditor Detection: Level '/Game/FirstPersonBP/Maps/FirstPersonExampleMap.FirstPersonExampleMap:PersistentLevel' has LevelScriptBlueprint '/Game/FirstPersonBP/Maps/FirstPersonExampleMap.FirstPersonExampleMap:PersistentLevel.FirstPersonExampleMap' with GeneratedClass '/Game/FirstPersonBP/Maps/FirstPersonExampleMap.FirstPersonExampleMap_C' with ClassGeneratedBy '/Game/FirstPersonBP/Maps/FirstPersonExampleMap.FirstPersonExampleMap:PersistentLevel.FirstPersonExampleMap'
[2016.01.15-00.36.20:401][673]LogBlueprintUserMessages: [CoffreTranspercante3_194] 6
[2016.01.15-00.36.20:530][678]LogBlueprintUserMessages: [CoffreTranspercante2_113] PLEIN
[2016.01.15-00.36.20:719][685]LogBlueprintUserMessages: [CoffreTranspercante_44] PLEIN
[2016.01.15-00.36.21:280][705]LogBlueprintUserMessages: [CoffreNormal2_117] PLEIN
[2016.01.15-00.36.21:389][709]LogBlueprintUserMessages: [CoffreNormal3_273] PLEIN
[2016.01.15-00.36.21:802][724]LogBlueprintUserMessages: [FirstPersonCharacter_C_0] 2
[2016.01.15-00.36.21:802][724]LogBlueprintUserMessages: [FirstPersonCharacter_C_0] 5
[2016.01.15-00.36.22:691][757]LogBlueprintUserMessages: [FirstPersonCharacter_C_0] 1
[2016.01.15-00.36.22:691][757]LogBlueprintUserMessages: [FirstPersonCharacter_C_0] 4
[2016.01.15-00.36.23:787][796]LogBlueprintUserMessages: Early EndPlayMap Detection: Level '/Game/FirstPersonBP/Maps/FirstPersonExampleMap.FirstPersonExampleMap:PersistentLevel' has LevelScriptBlueprint '/Game/FirstPersonBP/Maps/FirstPersonExampleMap.FirstPersonExampleMap:PersistentLevel.FirstPersonExampleMap' with GeneratedClass '/Game/FirstPersonBP/Maps/FirstPersonExampleMap.FirstPersonExampleMap_C' with ClassGeneratedBy '/Game/FirstPersonBP/Maps/FirstPersonExampleMap.FirstPersonExampleMap:PersistentLevel.FirstPersonExampleMap'
[2016.01.15-00.36.23:860][796]LogBlueprintUserMessages: Late EndPlayMap Detection: Level '/Game/FirstPersonBP/Maps/FirstPersonExampleMap.FirstPersonExampleMap:PersistentLevel' has LevelScriptBlueprint '/Game/FirstPersonBP/Maps/FirstPersonExampleMap.FirstPersonExampleMap:PersistentLevel.FirstPersonExampleMap' with GeneratedClass '/Game/FirstPersonBP/Maps/FirstPersonExampleMap.FirstPersonExampleMap_C' with ClassGeneratedBy '/Game/FirstPersonBP/Maps/FirstPersonExampleMap.FirstPersonExampleMap:PersistentLevel.FirstPersonExampleMap'
[2016.01.15-00.36.23:908][797]LogParticles: Destroying 0 GPU particle simulations for FXSystem 0x00000075BF2744A0
[2016.01.15-00.36.39:366][123]LogLinker:Warning: Asset '../../../Engine/Content/ArtTools/RenderToTexture/Macros/RenderToTextureMacros.uasset' has been saved with empty engine version. The asset will be loaded but may be incompatible.
[2016.01.15-00.36.39:985][123]LogContentBrowser: Native class hierarchy updated for 'BlueprintGraph' in 0.0009 seconds. Added 107 classes and 0 folders.
[2016.01.15-00.36.46:164][283]LogActorComponent: UnregisterComponent: (/Engine/Transient.CharMoveComp) Not registered. Aborting.
[2016.01.15-00.36.46:164][283]LogActorComponent: UnregisterComponent: (/Engine/Transient.CharacterMovementComponent_1) Not registered. Aborting.
[2016.01.15-00.36.46:427][283]LogSavePackage: Save=229.008759ms
[2016.01.15-00.36.46:427][283]LogSavePackage: Moving '../../../../../../Bibliothèques/Documents/Unreal Projects/ShadowerFall/Saved/FirstPersonExampleMap08BE5CDA4B10866C3F37BE90569B9040.tmp' to '../../../../../../Bibliothèques/Documents/Unreal Projects/ShadowerFall/Content/FirstPersonBP/Maps/FirstPersonExampleMap.umap'
[2016.01.15-00.36.46:431][283]LogSavePackage: Total save time: 243.341751ms
[2016.01.15-00.36.46:431][283]LogSavePackage:Warning: Finished SavePackage ../../../../../../Bibliothèques/Documents/Unreal Projects/ShadowerFall/Content/FirstPersonBP/Maps/FirstPersonExampleMap.umap
[2016.01.15-00.37.19:165][113]LogEditorTransaction: Undo Paste clipboard contents
[2016.01.15-00.37.19:182][113]LogActorComponent: UnregisterComponent: (/Engine/Transient.CharMoveComp) Not registered. Aborting.
[2016.01.15-00.37.19:182][113]LogActorComponent: UnregisterComponent: (/Engine/Transient.CharacterMovementComponent_2) Not registered. Aborting.
[2016.01.15-00.37.35:307][ 65]LogUObjectHash:Warning: Ambiguous search, could be K2Node_ExecutionSequence /Game/FirstPersonBP/Blueprints/AI/NewKamikaze.NewKamikaze:EventGraph.K2Node_ExecutionSequence_138 or K2Node_ExecutionSequence /Game/FirstPersonBP/Blueprints/AI/Tourelle.Tourelle:EventGraph.K2Node_ExecutionSequence_138
[2016.01.15-00.37.35:307][ 65]LogProperty:Warning: Illegal TEXT reference to a private object in external package (EdGraphPin /Game/FirstPersonBP/Blueprints/AI/NewKamikaze.NewKamikaze:EventGraph.K2Node_ExecutionSequence_138.EdGraphPin_9526) from referencer (EdGraphPin /Game/FirstPersonBP/Blueprints/AI/Tourelle.Tourelle:EventGraph.K2Node_DynamicCast_515.EdGraphPin_10291).  Import failed...
[2016.01.15-00.37.35:307][ 65]LogProperty:Warning: ObjectProperty /Script/Engine.EdGraphPin:LinkedTo.LinkedTo: unresolved reference to 'EdGraphPin'K2Node_ExecutionSequence_138.EdGraphPin_9526''
[2016.01.15-00.37.35:307][ 65]LogUObjectHash:Warning: Ambiguous search, could be K2Node_CallFunction /Game/FirstPersonBP/Blueprints/Arrows/ArrowEXPLO.ArrowEXPLO:EventGraph.K2Node_CallFunction_3055 or K2Node_CallFunction /Engine/Transient.PROTO_BP_Blueprint_0:UserConstructionScript.K2Node_CallFunction_3055
[2016.01.15-00.37.35:307][ 65]LogUObjectHash:Warning: Ambiguous search, could be K2Node_CallFunction /Game/FirstPersonBP/Blueprints/Arrows/ArrowEXPLO.ArrowEXPLO:EventGraph.K2Node_CallFunction_3055 or K2Node_CallFunction /Game/FirstPersonBP/Blueprints/AI/Tourelle.Tourelle:EventGraph.K2Node_CallFunction_3055
[2016.01.15-00.37.35:307][ 65]LogUObjectHash:Warning: Ambiguous search, could be K2Node_CallFunction /Game/FirstPersonBP/Blueprints/Arrows/ArrowEXPLO.ArrowEXPLO:EventGraph.K2Node_CallFunction_3055 or K2Node_CallFunction /Game/FirstPersonBP/Blueprints/AI/NewKamikaze.NewKamikaze:EventGraph.K2Node_CallFunction_3055
[2016.01.15-00.37.35:307][ 65]LogProperty:Warning: Illegal TEXT reference to a private object in external package (EdGraphPin /Game/FirstPersonBP/Blueprints/AI/NewKamikaze.NewKamikaze:EventGraph.K2Node_CallFunction_3055.EdGraphPin_10609) from referencer (EdGraphPin /Game/FirstPersonBP/Blueprints/AI/Tourelle.Tourelle:EventGraph.K2Node_DynamicCast_515.EdGraphPin_10292).  Import failed...
[2016.01.15-00.37.35:307][ 65]LogProperty:Warning: ObjectProperty /Script/Engine.EdGraphPin:LinkedTo.LinkedTo: unresolved reference to 'EdGraphPin'K2Node_CallFunction_3055.EdGraphPin_10609''
[2016.01.15-00.37.35:307][ 65]LogUObjectHash:Warning: Ambiguous search, could be K2Node_Event /Game/FirstPersonBP/Blueprints/AI/NewKamikaze.NewKamikaze:EventGraph.K2Node_Event_330 or K2Node_Event /Game/FirstPersonBP/Blueprints/AI/Tourelle.Tourelle:EventGraph.K2Node_Event_330
[2016.01.15-00.37.35:307][ 65]LogProperty:Warning: Illegal TEXT reference to a private object in external package (EdGraphPin /Game/FirstPersonBP/Blueprints/AI/NewKamikaze.NewKamikaze:EventGraph.K2Node_Event_330.EdGraphPin_10479) from referencer (EdGraphPin /Game/FirstPersonBP/Blueprints/AI/Tourelle.Tourelle:EventGraph.K2Node_DynamicCast_515.EdGraphPin_10294).  Import failed...
[2016.01.15-00.37.35:307][ 65]LogProperty:Warning: ObjectProperty /Script/Engine.EdGraphPin:LinkedTo.LinkedTo: unresolved reference to 'EdGraphPin'K2Node_Event_330.EdGraphPin_10479''
[2016.01.15-00.37.35:308][ 65]LogUObjectHash:Warning: Ambiguous search, could be K2Node_ExecutionSequence /Game/FirstPersonBP/Blueprints/AI/NewKamikaze.NewKamikaze:EventGraph.K2Node_ExecutionSequence_138 or K2Node_ExecutionSequence /Game/FirstPersonBP/Blueprints/AI/Tourelle.Tourelle:EventGraph.K2Node_ExecutionSequence_138
[2016.01.15-00.37.35:308][ 65]LogProperty:Warning: Illegal TEXT reference to a private object in external package (EdGraphPin /Game/FirstPersonBP/Blueprints/AI/NewKamikaze.NewKamikaze:EventGraph.K2Node_ExecutionSequence_138.EdGraphPin_9527) from referencer (EdGraphPin /Game/FirstPersonBP/Blueprints/AI/Tourelle.Tourelle:EventGraph.K2Node_DynamicCast_665.EdGraphPin_10309).  Import failed...
[2016.01.15-00.37.35:308][ 65]LogProperty:Warning: ObjectProperty /Script/Engine.EdGraphPin:LinkedTo.LinkedTo: unresolved reference to 'EdGraphPin'K2Node_ExecutionSequence_138.EdGraphPin_9527''
[2016.01.15-00.37.35:308][ 65]LogUObjectHash:Warning: Ambiguous search, could be K2Node_CallFunction /Game/FirstPersonBP/Blueprints/Arrows/ArrowEXPLO.ArrowEXPLO:EventGraph.K2Node_CallFunction_3055 or K2Node_CallFunction /Engine/Transient.PROTO_BP_Blueprint_0:UserConstructionScript.K2Node_CallFunction_3055
[2016.01.15-00.37.35:308][ 65]LogUObjectHash:Warning: Ambiguous search, could be K2Node_CallFunction /Game/FirstPersonBP/Blueprints/Arrows/ArrowEXPLO.ArrowEXPLO:EventGraph.K2Node_CallFunction_3055 or K2Node_CallFunction /Game/FirstPersonBP/Blueprints/AI/Tourelle.Tourelle:EventGraph.K2Node_CallFunction_3055
[2016.01.15-00.37.35:308][ 65]LogUObjectHash:Warning: Ambiguous search, could be K2Node_CallFunction /Game/FirstPersonBP/Blueprints/Arrows/ArrowEXPLO.ArrowEXPLO:EventGraph.K2Node_CallFunction_3055 or K2Node_CallFunction /Game/FirstPersonBP/Blueprints/AI/NewKamikaze.NewKamikaze:EventGraph.K2Node_CallFunction_3055
[2016.01.15-00.37.35:308][ 65]LogProperty:Warning: Illegal TEXT reference to a private object in external package (EdGraphPin /Game/FirstPersonBP/Blueprints/AI/NewKamikaze.NewKamikaze:EventGraph.K2Node_CallFunction_3055.EdGraphPin_10609) from referencer (EdGraphPin /Game/FirstPersonBP/Blueprints/AI/Tourelle.Tourelle:EventGraph.K2Node_DynamicCast_665.EdGraphPin_10310).  Import failed...
[2016.01.15-00.37.35:308][ 65]LogProperty:Warning: ObjectProperty /Script/Engine.EdGraphPin:LinkedTo.LinkedTo: unresolved reference to 'EdGraphPin'K2Node_CallFunction_3055.EdGraphPin_10609''
[2016.01.15-00.37.35:308][ 65]LogUObjectHash:Warning: Ambiguous search, could be K2Node_Event /Game/FirstPersonBP/Blueprints/AI/NewKamikaze.NewKamikaze:EventGraph.K2Node_Event_330 or K2Node_Event /Game/FirstPersonBP/Blueprints/AI/Tourelle.Tourelle:EventGraph.K2Node_Event_330
[2016.01.15-00.37.35:308][ 65]LogProperty:Warning: Illegal TEXT reference to a private object in external package (EdGraphPin /Game/FirstPersonBP/Blueprints/AI/NewKamikaze.NewKamikaze:EventGraph.K2Node_Event_330.EdGraphPin_10479) from referencer (EdGraphPin /Game/FirstPersonBP/Blueprints/AI/Tourelle.Tourelle:EventGraph.K2Node_DynamicCast_665.EdGraphPin_10312).  Import failed...
[2016.01.15-00.37.35:308][ 65]LogProperty:Warning: ObjectProperty /Script/Engine.EdGraphPin:LinkedTo.LinkedTo: unresolved reference to 'EdGraphPin'K2Node_Event_330.EdGraphPin_10479''
[2016.01.15-00.37.35:309][ 65]LogUObjectHash:Warning: Ambiguous search, could be K2Node_ExecutionSequence /Engine/EditorBlueprintResources/StandardMacros.StandardMacros:Gate.K2Node_ExecutionSequence_39 or K2Node_ExecutionSequence /Game/FirstPersonBP/Blueprints/AI/NewKamikaze.NewKamikaze:EventGraph.K2Node_ExecutionSequence_39
[2016.01.15-00.37.35:309][ 65]LogUObjectHash:Warning: Ambiguous search, could be K2Node_ExecutionSequence /Engine/EditorBlueprintResources/StandardMacros.StandardMacros:Gate.K2Node_ExecutionSequence_39 or K2Node_ExecutionSequence /Game/FirstPersonBP/Blueprints/AI/Tourelle.Tourelle:EventGraph.K2Node_ExecutionSequence_39
[2016.01.15-00.37.35:309][ 65]LogProperty:Warning: Illegal TEXT reference to a private object in external package (EdGraphPin /Game/FirstPersonBP/Blueprints/AI/NewKamikaze.NewKamikaze:EventGraph.K2Node_ExecutionSequence_39.EdGraphPin_9685) from referencer (EdGraphPin /Game/FirstPersonBP/Blueprints/AI/Tourelle.Tourelle:EventGraph.K2Node_DynamicCast_517.EdGraphPin_10327).  Import failed...
[2016.01.15-00.37.35:309][ 65]LogProperty:Warning: ObjectProperty /Script/Engine.EdGraphPin:LinkedTo.LinkedTo: unresolved reference to 'EdGraphPin'K2Node_ExecutionSequence_39.EdGraphPin_9685''
[2016.01.15-00.37.35:309][ 65]LogUObjectHash:Warning: Ambiguous search, could be K2Node_CallFunction /Game/FirstPersonBP/Blueprints/Arrows/ArrowEXPLO.ArrowEXPLO:EventGraph.K2Node_CallFunction_3055 or K2Node_CallFunction /Engine/Transient.PROTO_BP_Blueprint_0:UserConstructionScript.K2Node_CallFunction_3055
[2016.01.15-00.37.35:309][ 65]LogUObjectHash:Warning: Ambiguous search, could be K2Node_CallFunction /Game/FirstPersonBP/Blueprints/Arrows/ArrowEXPLO.ArrowEXPLO:EventGraph.K2Node_CallFunction_3055 or K2Node_CallFunction /Game/FirstPersonBP/Blueprints/AI/Tourelle.Tourelle:EventGraph.K2Node_CallFunction_3055
[2016.01.15-00.37.35:309][ 65]LogUObjectHash:Warning: Ambiguous search, could be K2Node_CallFunction /Game/FirstPersonBP/Blueprints/Arrows/ArrowEXPLO.ArrowEXPLO:EventGraph.K2Node_CallFunction_3055 or K2Node_CallFunction /Game/FirstPersonBP/Blueprints/AI/NewKamikaze.NewKamikaze:EventGraph.K2Node_CallFunction_3055
[2016.01.15-00.37.35:309][ 65]LogProperty:Warning: Illegal TEXT reference to a private object in external package (EdGraphPin /Game/FirstPersonBP/Blueprints/AI/NewKamikaze.NewKamikaze:EventGraph.K2Node_CallFunction_3055.EdGraphPin_10609) from referencer (EdGraphPin /Game/FirstPersonBP/Blueprints/AI/Tourelle.Tourelle:EventGraph.K2Node_DynamicCast_517.EdGraphPin_10328).  Import failed...
[2016.01.15-00.37.35:309][ 65]LogProperty:Warning: ObjectProperty /Script/Engine.EdGraphPin:LinkedTo.LinkedTo: unresolved reference to 'EdGraphPin'K2Node_CallFunction_3055.EdGraphPin_10609''
[2016.01.15-00.37.35:309][ 65]LogUObjectHash:Warning: Ambiguous search, could be K2Node_Event /Game/FirstPersonBP/Blueprints/AI/NewKamikaze.NewKamikaze:EventGraph.K2Node_Event_300 or K2Node_Event /Game/FirstPersonBP/Blueprints/AI/Tourelle.Tourelle:EventGraph.K2Node_Event_300
[2016.01.15-00.37.35:309][ 65]LogProperty:Warning: Illegal TEXT reference to a private object in external package (EdGraphPin /Game/FirstPersonBP/Blueprints/AI/NewKamikaze.NewKamikaze:EventGraph.K2Node_Event_300.EdGraphPin_10450) from referencer (EdGraphPin /Game/FirstPersonBP/Blueprints/AI/Tourelle.Tourelle:EventGraph.K2Node_DynamicCast_517.EdGraphPin_10330).  Import failed...
[2016.01.15-00.37.35:309][ 65]LogProperty:Warning: ObjectProperty /Script/Engine.EdGraphPin:LinkedTo.LinkedTo: unresolved reference to 'EdGraphPin'K2Node_Event_300.EdGraphPin_10450''
[2016.01.15-00.37.35:309][ 65]LogUObjectHash:Warning: Ambiguous search, could be K2Node_CallFunction /Game/FirstPersonBP/Blueprints/Arrows/ArrowEXPLO.ArrowEXPLO:EventGraph.K2Node_CallFunction_3096 or K2Node_CallFunction /Game/FirstPersonBP/Blueprints/AI/Tourelle.Tourelle:EventGraph.K2Node_CallFunction_3096
[2016.01.15-00.37.35:309][ 65]LogUObjectHash:Warning: Ambiguous search, could be K2Node_CallFunction /Game/FirstPersonBP/Blueprints/Arrows/ArrowEXPLO.ArrowEXPLO:EventGraph.K2Node_CallFunction_3096 or K2Node_CallFunction /Engine/Transient.PROTO_BP_Blueprint_0:UserConstructionScript.K2Node_CallFunction_3096
[2016.01.15-00.37.35:309][ 65]LogUObjectHash:Warning: Ambiguous search, could be K2Node_CallFunction /Game/FirstPersonBP/Blueprints/Arrows/ArrowEXPLO.ArrowEXPLO:EventGraph.K2Node_CallFunction_3096 or K2Node_CallFunction /Game/FirstPersonBP/Blueprints/AI/NewKamikaze.NewKamikaze:EventGraph.K2Node_CallFunction_3096
[2016.01.15-00.37.35:309][ 65]LogProperty:Warning: Illegal TEXT reference to a private object in external package (EdGraphPin /Game/FirstPersonBP/Blueprints/AI/NewKamikaze.NewKamikaze:EventGraph.K2Node_CallFunction_3096.EdGraphPin_10637) from referencer (EdGraphPin /Game/FirstPersonBP/Blueprints/AI/Tourelle.Tourelle:EventGraph.K2Node_CallFunction_3103.EdGraphPin_10345).  Import failed...
[2016.01.15-00.37.35:309][ 65]LogProperty:Warning: ObjectProperty /Script/Engine.EdGraphPin:LinkedTo.LinkedTo: unresolved reference to 'EdGraphPin'K2Node_CallFunction_3096.EdGraphPin_10637''
[2016.01.15-00.37.35:310][ 65]LogUObjectHash:Warning: Ambiguous search, could be K2Node_ExecutionSequence /Engine/EditorBlueprintResources/StandardMacros.StandardMacros:Gate.K2Node_ExecutionSequence_39 or K2Node_ExecutionSequence /Game/FirstPersonBP/Blueprints/AI/NewKamikaze.NewKamikaze:EventGraph.K2Node_ExecutionSequence_39
[2016.01.15-00.37.35:310][ 65]LogUObjectHash:Warning: Ambiguous search, could be K2Node_ExecutionSequence /Engine/EditorBlueprintResources/StandardMacros.StandardMacros:Gate.K2Node_ExecutionSequence_39 or K2Node_ExecutionSequence /Game/FirstPersonBP/Blueprints/AI/Tourelle.Tourelle:EventGraph.K2Node_ExecutionSequence_39
[2016.01.15-00.37.35:310][ 65]LogProperty:Warning: Illegal TEXT reference to a private object in external package (EdGraphPin /Game/FirstPersonBP/Blueprints/AI/NewKamikaze.NewKamikaze:EventGraph.K2Node_ExecutionSequence_39.EdGraphPin_9684) from referencer (EdGraphPin /Game/FirstPersonBP/Blueprints/AI/Tourelle.Tourelle:EventGraph.K2Node_Event_300.EdGraphPin_10448).  Import failed...
[2016.01.15-00.37.35:310][ 65]LogProperty:Warning: ObjectProperty /Script/Engine.EdGraphPin:LinkedTo.LinkedTo: unresolved reference to 'EdGraphPin'K2Node_ExecutionSequence_39.EdGraphPin_9684''
[2016.01.15-00.37.35:310][ 65]LogUObjectHash:Warning: Ambiguous search, could be K2Node_DynamicCast /Game/FirstPersonBP/Blueprints/AI/NewKamikaze.NewKamikaze:EventGraph.K2Node_DynamicCast_516 or K2Node_DynamicCast /Engine/Transient.PROTO_BP_Blueprint_0:UserConstructionScript.K2Node_DynamicCast_516
[2016.01.15-00.37.35:310][ 65]LogUObjectHash:Warning: Ambiguous search, could be K2Node_DynamicCast /Game/FirstPersonBP/Blueprints/AI/NewKamikaze.NewKamikaze:EventGraph.K2Node_DynamicCast_516 or K2Node_DynamicCast /Game/FirstPersonBP/Blueprints/AI/Tourelle.Tourelle:EventGraph.K2Node_DynamicCast_516
[2016.01.15-00.37.35:310][ 65]LogProperty:Warning: Illegal TEXT reference to a private object in external package (EdGraphPin /Game/FirstPersonBP/Blueprints/AI/NewKamikaze.NewKamikaze:EventGraph.K2Node_DynamicCast_516.EdGraphPin_10489) from referencer (EdGraphPin /Game/FirstPersonBP/Blueprints/AI/Tourelle.Tourelle:EventGraph.K2Node_Event_300.EdGraphPin_10450).  Import failed...
[2016.01.15-00.37.35:310][ 65]LogProperty:Warning: ObjectProperty /Script/Engine.EdGraphPin:LinkedTo.LinkedTo: unresolved reference to 'EdGraphPin'K2Node_DynamicCast_516.EdGraphPin_10489''
[2016.01.15-00.37.35:311][ 65]LogUObjectHash:Warning: Ambiguous search, could be K2Node_ExecutionSequence /Game/FirstPersonBP/Blueprints/AI/NewKamikaze.NewKamikaze:EventGraph.K2Node_ExecutionSequence_138 or K2Node_ExecutionSequence /Game/FirstPersonBP/Blueprints/AI/Tourelle.Tourelle:EventGraph.K2Node_ExecutionSequence_138
[2016.01.15-00.37.35:311][ 65]LogProperty:Warning: Illegal TEXT reference to a private object in external package (EdGraphPin /Game/FirstPersonBP/Blueprints/AI/NewKamikaze.NewKamikaze:EventGraph.K2Node_ExecutionSequence_138.EdGraphPin_9525) from referencer (EdGraphPin /Game/FirstPersonBP/Blueprints/AI/Tourelle.Tourelle:EventGraph.K2Node_Event_330.EdGraphPin_10478).  Import failed...
[2016.01.15-00.37.35:311][ 65]LogProperty:Warning: ObjectProperty /Script/Engine.EdGraphPin:LinkedTo.LinkedTo: unresolved reference to 'EdGraphPin'K2Node_ExecutionSequence_138.EdGraphPin_9525''
[2016.01.15-00.37.35:311][ 65]LogUObjectHash:Warning: Ambiguous search, could be K2Node_ExecutionSequence /Engine/EditorBlueprintResources/StandardMacros.StandardMacros:Gate.K2Node_ExecutionSequence_39 or K2Node_ExecutionSequence /Game/FirstPersonBP/Blueprints/AI/NewKamikaze.NewKamikaze:EventGraph.K2Node_ExecutionSequence_39
[2016.01.15-00.37.35:311][ 65]LogUObjectHash:Warning: Ambiguous search, could be K2Node_ExecutionSequence /Engine/EditorBlueprintResources/StandardMacros.StandardMacros:Gate.K2Node_ExecutionSequence_39 or K2Node_ExecutionSequence /Game/FirstPersonBP/Blueprints/AI/Tourelle.Tourelle:EventGraph.K2Node_ExecutionSequence_39
[2016.01.15-00.37.35:311][ 65]LogProperty:Warning: Illegal TEXT reference to a private object in external package (EdGraphPin /Game/FirstPersonBP/Blueprints/AI/NewKamikaze.NewKamikaze:EventGraph.K2Node_ExecutionSequence_39.EdGraphPin_9686) from referencer (EdGraphPin /Game/FirstPersonBP/Blueprints/AI/Tourelle.Tourelle:EventGraph.K2Node_DynamicCast_516.EdGraphPin_10486).  Import failed...
[2016.01.15-00.37.35:311][ 65]LogProperty:Warning: ObjectProperty /Script/Engine.EdGraphPin:LinkedTo.LinkedTo: unresolved reference to 'EdGraphPin'K2Node_ExecutionSequence_39.EdGraphPin_9686''
[2016.01.15-00.37.35:312][ 65]LogUObjectHash:Warning: Ambiguous search, could be K2Node_CallFunction /Game/FirstPersonBP/Blueprints/Arrows/ArrowEXPLO.ArrowEXPLO:EventGraph.K2Node_CallFunction_3055 or K2Node_CallFunction /Engine/Transient.PROTO_BP_Blueprint_0:UserConstructionScript.K2Node_CallFunction_3055
[2016.01.15-00.37.35:312][ 65]LogUObjectHash:Warning: Ambiguous search, could be K2Node_CallFunction /Game/FirstPersonBP/Blueprints/Arrows/ArrowEXPLO.ArrowEXPLO:EventGraph.K2Node_CallFunction_3055 or K2Node_CallFunction /Game/FirstPersonBP/Blueprints/AI/Tourelle.Tourelle:EventGraph.K2Node_CallFunction_3055
[2016.01.15-00.37.35:312][ 65]LogUObjectHash:Warning: Ambiguous search, could be K2Node_CallFunction /Game/FirstPersonBP/Blueprints/Arrows/ArrowEXPLO.ArrowEXPLO:EventGraph.K2Node_CallFunction_3055 or K2Node_CallFunction /Game/FirstPersonBP/Blueprints/AI/NewKamikaze.NewKamikaze:EventGraph.K2Node_CallFunction_3055
[2016.01.15-00.37.35:312][ 65]LogProperty:Warning: Illegal TEXT reference to a private object in external package (EdGraphPin /Game/FirstPersonBP/Blueprints/AI/NewKamikaze.NewKamikaze:EventGraph.K2Node_CallFunction_3055.EdGraphPin_10609) from referencer (EdGraphPin /Game/FirstPersonBP/Blueprints/AI/Tourelle.Tourelle:EventGraph.K2Node_DynamicCast_516.EdGraphPin_10487).  Import failed...
[2016.01.15-00.37.35:312][ 65]LogProperty:Warning: ObjectProperty /Script/Engine.EdGraphPin:LinkedTo.LinkedTo: unresolved reference to 'EdGraphPin'K2Node_CallFunction_3055.EdGraphPin_10609''
[2016.01.15-00.37.35:312][ 65]LogUObjectHash:Warning: Ambiguous search, could be K2Node_CallFunction /Game/FirstPersonBP/Blueprints/Arrows/ArrowEXPLO.ArrowEXPLO:EventGraph.K2Node_CallFunction_3096 or K2Node_CallFunction /Game/FirstPersonBP/Blueprints/AI/Tourelle.Tourelle:EventGraph.K2Node_CallFunction_3096
[2016.01.15-00.37.35:312][ 65]LogUObjectHash:Warning: Ambiguous search, could be K2Node_CallFunction /Game/FirstPersonBP/Blueprints/Arrows/ArrowEXPLO.ArrowEXPLO:EventGraph.K2Node_CallFunction_3096 or K2Node_CallFunction /Engine/Transient.PROTO_BP_Blueprint_0:UserConstructionScript.K2Node_CallFunction_3096
[2016.01.15-00.37.35:312][ 65]LogUObjectHash:Warning: Ambiguous search, could be K2Node_CallFunction /Game/FirstPersonBP/Blueprints/Arrows/ArrowEXPLO.ArrowEXPLO:EventGraph.K2Node_CallFunction_3096 or K2Node_CallFunction /Game/FirstPersonBP/Blueprints/AI/NewKamikaze.NewKamikaze:EventGraph.K2Node_CallFunction_3096
[2016.01.15-00.37.35:313][ 65]LogProperty:Warning: Illegal TEXT reference to a private object in external package (EdGraphPin /Game/FirstPersonBP/Blueprints/AI/NewKamikaze.NewKamikaze:EventGraph.K2Node_CallFunction_3096.EdGraphPin_10636) from referencer (EdGraphPin /Game/FirstPersonBP/Blueprints/AI/Tourelle.Tourelle:EventGraph.K2Node_CallFunction_3055.EdGraphPin_10610).  Import failed...
[2016.01.15-00.37.35:313][ 65]LogProperty:Warning: ObjectProperty /Script/Engine.EdGraphPin:LinkedTo.LinkedTo: unresolved reference to 'EdGraphPin'K2Node_CallFunction_3096.EdGraphPin_10636''
[2016.01.15-00.37.35:313][ 65]LogUObjectHash:Warning: Ambiguous search, could be K2Node_CallFunction /Game/FirstPersonBP/Blueprints/AI/NewKamikaze.NewKamikaze:EventGraph.K2Node_CallFunction_3060 or K2Node_CallFunction /Engine/Transient.PROTO_BP_Blueprint_0:UserConstructionScript.K2Node_CallFunction_3060
[2016.01.15-00.37.35:313][ 65]LogProperty:Warning: Illegal TEXT reference to a private object in external package (EdGraphPin /Game/FirstPersonBP/Blueprints/AI/NewKamikaze.NewKamikaze:EventGraph.K2Node_CallFunction_3060.EdGraphPin_10409) from referencer (EdGraphPin /Game/FirstPersonBP/Blueprints/AI/Tourelle.Tourelle:EventGraph.K2Node_CallFunction_3055.EdGraphPin_10614).  Import failed...
[2016.01.15-00.37.35:313][ 65]LogProperty:Warning: ObjectProperty /Script/Engine.EdGraphPin:LinkedTo.LinkedTo: unresolved reference to 'EdGraphPin'K2Node_CallFunction_3060.EdGraphPin_10409''
[2016.01.15-00.37.35:313][ 65]LogUObjectHash:Warning: Ambiguous search, could be K2Node_CallFunction /Game/FirstPersonBP/Blueprints/Arrows/ArrowEXPLO.ArrowEXPLO:EventGraph.K2Node_CallFunction_3096 or K2Node_CallFunction /Game/FirstPersonBP/Blueprints/AI/Tourelle.Tourelle:EventGraph.K2Node_CallFunction_3096
[2016.01.15-00.37.35:313][ 65]LogUObjectHash:Warning: Ambiguous search, could be K2Node_CallFunction /Game/FirstPersonBP/Blueprints/Arrows/ArrowEXPLO.ArrowEXPLO:EventGraph.K2Node_CallFunction_3096 or K2Node_CallFunction /Engine/Transient.PROTO_BP_Blueprint_0:UserConstructionScript.K2Node_CallFunction_3096
[2016.01.15-00.37.35:313][ 65]LogUObjectHash:Warning: Ambiguous search, could be K2Node_CallFunction /Game/FirstPersonBP/Blueprints/Arrows/ArrowEXPLO.ArrowEXPLO:EventGraph.K2Node_CallFunction_3096 or K2Node_CallFunction /Game/FirstPersonBP/Blueprints/AI/NewKamikaze.NewKamikaze:EventGraph.K2Node_CallFunction_3096
[2016.01.15-00.37.35:313][ 65]LogProperty:Warning: Illegal TEXT reference to a private object in external package (EdGraphPin /Game/FirstPersonBP/Blueprints/AI/NewKamikaze.NewKamikaze:EventGraph.K2Node_CallFunction_3096.EdGraphPin_10638) from referencer (EdGraphPin /Game/FirstPersonBP/Blueprints/AI/Tourelle.Tourelle:EventGraph.K2Node_CallFunction_3055.EdGraphPin_10617).  Import failed...
[2016.01.15-00.37.35:313][ 65]LogProperty:Warning: ObjectProperty /Script/Engine.EdGraphPin:LinkedTo.LinkedTo: unresolved reference to 'EdGraphPin'K2Node_CallFunction_3096.EdGraphPin_10638''
[2016.01.15-00.37.35:341][ 65]LogActorComponent: UnregisterComponent: (/Engine/Transient.CharacterMovementComponent_3) Not registered. Aborting.
[2016.01.15-00.37.40:146][347]LogActorComponent: UnregisterComponent: (/Engine/Transient.CharacterMovementComponent_4) Not registered. Aborting.
[2016.01.15-00.37.50:367][939]LogBlueprintUserMessages: Early PlayInEditor Detection: Level '/Game/FirstPersonBP/Maps/FirstPersonExampleMap.FirstPersonExampleMap:PersistentLevel' has LevelScriptBlueprint '/Game/FirstPersonBP/Maps/FirstPersonExampleMap.FirstPersonExampleMap:PersistentLevel.FirstPersonExampleMap' with GeneratedClass '/Game/FirstPersonBP/Maps/FirstPersonExampleMap.FirstPersonExampleMap_C' with ClassGeneratedBy '/Game/FirstPersonBP/Maps/FirstPersonExampleMap.FirstPersonExampleMap:PersistentLevel.FirstPersonExampleMap'
[2016.01.15-00.37.50:367][939]BlueprintLog: New page: Pre-Play auto-recompile
[2016.01.15-00.37.50:373][939]LogActorComponent: UnregisterComponent: (/Engine/Transient.CharacterMovementComponent_5) Not registered. Aborting.
[2016.01.15-00.37.50:381][939]LogPlayLevel: [PlayLevel] Compiling Tourelle before play...
[2016.01.15-00.37.50:478][939]LogPlayLevel: PlayLevel: Blueprint regeneration took 111 ms (1 blueprints)
[2016.01.15-00.37.50:507][939]PIE: New page: PIE session: FirstPersonExampleMap (Jan 14, 2016, 2:37:50 PM)
[2016.01.15-00.37.50:507][939]LogPlayLevel: Creating play world package: /Game/FirstPersonBP/Maps/UEDPIE_0_FirstPersonExampleMap
[2016.01.15-00.37.50:553][939]LogPlayLevel: PIE: StaticDuplicateObject took: (0.046141s)
[2016.01.15-00.37.50:554][939]LogAIModule: Creating AISystem for world FirstPersonExampleMap
[2016.01.15-00.37.50:554][939]LogPlayLevel: PIE: World Init took: (0.000921s)
[2016.01.15-00.37.50:554][939]LogPlayLevel: PIE: Created PIE world by copying editor world from /Game/FirstPersonBP/Maps/FirstPersonExampleMap.FirstPersonExampleMap to /Game/FirstPersonBP/Maps/UEDPIE_0_FirstPersonExampleMap.FirstPersonExampleMap (0.047365s)
[2016.01.15-00.37.50:583][939]LogInit: XAudio2 using 'Haut-parleurs (Périphérique High Definition Audio)' : 2 channels at 44.1 kHz using 16 bits per sample (channel mask 0x3)
[2016.01.15-00.37.50:590][939]LogInit: FAudioDevice initialized.
[2016.01.15-00.37.50:623][939]LogWorld: Game class is 'FirstPersonGameMode_C'
[2016.01.15-00.37.50:649][939]LogWorld:Warning: *** WARNING - PATHS MAY NOT BE VALID ***
[2016.01.15-00.37.50:649][939]LogWorld: Bringing World /Game/FirstPersonBP/Maps/UEDPIE_0_FirstPersonExampleMap.FirstPersonExampleMap up for play (max tick rate 60) at 2016.01.14-19.37.50
[2016.01.15-00.37.50:649][939]LogActor:Warning: GameSession /Game/FirstPersonBP/Maps/UEDPIE_0_FirstPersonExampleMap.FirstPersonExampleMap:PersistentLevel.GameSession_3 has natively added scene component(s), but none of them were set as the actor's RootComponent - picking one arbitrarily
[2016.01.15-00.37.50:650][939]LogActor:Warning: GameNetworkManager /Game/FirstPersonBP/Maps/UEDPIE_0_FirstPersonExampleMap.FirstPersonExampleMap:PersistentLevel.GameNetworkManager_3 has natively added scene component(s), but none of them were set as the actor's RootComponent - picking one arbitrarily
[2016.01.15-00.37.50:653][939]LogWorld: Bringing up level for play took: 0.027748
[2016.01.15-00.37.50:665][939]PIE: Info Play in editor start time for /Game/FirstPersonBP/Maps/UEDPIE_0_FirstPersonExampleMap 0.249
[2016.01.15-00.37.50:666][939]LogBlueprintUserMessages: Late PlayInEditor Detection: Level '/Game/FirstPersonBP/Maps/FirstPersonExampleMap.FirstPersonExampleMap:PersistentLevel' has LevelScriptBlueprint '/Game/FirstPersonBP/Maps/FirstPersonExampleMap.FirstPersonExampleMap:PersistentLevel.FirstPersonExampleMap' with GeneratedClass '/Game/FirstPersonBP/Maps/FirstPersonExampleMap.FirstPersonExampleMap_C' with ClassGeneratedBy '/Game/FirstPersonBP/Maps/FirstPersonExampleMap.FirstPersonExampleMap:PersistentLevel.FirstPersonExampleMap'
[2016.01.15-00.37.53:585][ 19]LogBlueprintUserMessages: [FirstPersonCharacter_C_0] 2
[2016.01.15-00.37.53:585][ 19]LogBlueprintUserMessages: [FirstPersonCharacter_C_0] 3
[2016.01.15-00.37.54:736][ 53]LogBlueprintUserMessages: [FirstPersonCharacter_C_0] 1
[2016.01.15-00.37.54:736][ 53]LogBlueprintUserMessages: [FirstPersonCharacter_C_0] 2
[2016.01.15-00.37.56:086][ 91]LogBlueprintUserMessages: Early EndPlayMap Detection: Level '/Game/FirstPersonBP/Maps/FirstPersonExampleMap.FirstPersonExampleMap:PersistentLevel' has LevelScriptBlueprint '/Game/FirstPersonBP/Maps/FirstPersonExampleMap.FirstPersonExampleMap:PersistentLevel.FirstPersonExampleMap' with GeneratedClass '/Game/FirstPersonBP/Maps/FirstPersonExampleMap.FirstPersonExampleMap_C' with ClassGeneratedBy '/Game/FirstPersonBP/Maps/FirstPersonExampleMap.FirstPersonExampleMap:PersistentLevel.FirstPersonExampleMap'
[2016.01.15-00.37.56:181][ 91]LogBlueprintUserMessages: Late EndPlayMap Detection: Level '/Game/FirstPersonBP/Maps/FirstPersonExampleMap.FirstPersonExampleMap:PersistentLevel' has LevelScriptBlueprint '/Game/FirstPersonBP/Maps/FirstPersonExampleMap.FirstPersonExampleMap:PersistentLevel.FirstPersonExampleMap' with GeneratedClass '/Game/FirstPersonBP/Maps/FirstPersonExampleMap.FirstPersonExampleMap_C' with ClassGeneratedBy '/Game/FirstPersonBP/Maps/FirstPersonExampleMap.FirstPersonExampleMap:PersistentLevel.FirstPersonExampleMap'
[2016.01.15-00.37.56:181][ 91]LogActorComponent: UnregisterComponent: (/Engine/Transient.CharMoveComp) Not registered. Aborting.
[2016.01.15-00.37.56:305][ 92]LogParticles: Destroying 0 GPU particle simulations for FXSystem 0x00000075E7029940
[2016.01.15-00.39.33:744][803]BlueprintLog: New page: Compile Tourelle
[2016.01.15-00.39.33:831][803]LogActorComponent: UnregisterComponent: (/Engine/Transient.CharMoveComp) Not registered. Aborting.
[2016.01.15-00.39.33:831][803]LogActorComponent: UnregisterComponent: (/Engine/Transient.CharacterMovementComponent_6) Not registered. Aborting.
[2016.01.15-00.39.33:867][803]BlueprintEditorCompileResults: Info [0286.47] Compile of Tourelle successful! [in 122 ms]
[2016.01.15-00.39.34:455][827]LogSavePackage: Save=113.274506ms
[2016.01.15-00.39.34:455][827]LogSavePackage: Moving '../../../../../../Bibliothèques/Documents/Unreal Projects/ShadowerFall/Saved/Tourelle73C0C78742B03F4B145D459772C36D32.tmp' to '../../../../../../Bibliothèques/Documents/Unreal Projects/ShadowerFall/Content/FirstPersonBP/Blueprints/AI/Tourelle.uasset'
[2016.01.15-00.39.34:494][827]LogSavePackage: Total save time: 162.028555ms
[2016.01.15-00.39.34:494][827]LogSavePackage:Warning: Finished SavePackage ../../../../../../Bibliothèques/Documents/Unreal Projects/ShadowerFall/Content/FirstPersonBP/Blueprints/AI/Tourelle.uasset
[2016.01.15-00.39.35:921][910]LogBlueprintUserMessages: Early PlayInEditor Detection: Level '/Game/FirstPersonBP/Maps/FirstPersonExampleMap.FirstPersonExampleMap:PersistentLevel' has LevelScriptBlueprint '/Game/FirstPersonBP/Maps/FirstPersonExampleMap.FirstPersonExampleMap:PersistentLevel.FirstPersonExampleMap' with GeneratedClass '/Game/FirstPersonBP/Maps/FirstPersonExampleMap.FirstPersonExampleMap_C' with ClassGeneratedBy '/Game/FirstPersonBP/Maps/FirstPersonExampleMap.FirstPersonExampleMap:PersistentLevel.FirstPersonExampleMap'
[2016.01.15-00.39.35:921][910]BlueprintLog: New page: Pre-Play auto-recompile
[2016.01.15-00.39.35:925][910]LogActorComponent: UnregisterComponent: (/Engine/Transient.CharMoveComp) Not registered. Aborting.
[2016.01.15-00.39.35:928][910]LogPlayLevel: [PlayLevel] Compiling NewKamikaze before play...
[2016.01.15-00.39.36:024][910]LogPlayLevel: PlayLevel: Blueprint regeneration took 103 ms (3 blueprints)
[2016.01.15-00.39.36:024][910]LogPlayLevel: [PlayLevel] Compiling Chase before play...
[2016.01.15-00.39.36:072][910]LogPlayLevel: PlayLevel: Blueprint regeneration took 151 ms (3 blueprints)
[2016.01.15-00.39.36:073][910]LogPlayLevel: [PlayLevel] Compiling RandomMovement before play...
[2016.01.15-00.39.36:123][910]LogPlayLevel: PlayLevel: Blueprint regeneration took 202 ms (3 blueprints)
[2016.01.15-00.39.36:152][910]PIE: New page: PIE session: FirstPersonExampleMap (Jan 14, 2016, 2:39:36 PM)
[2016.01.15-00.39.36:152][910]LogPlayLevel: Creating play world package: /Game/FirstPersonBP/Maps/UEDPIE_0_FirstPersonExampleMap
[2016.01.15-00.39.36:199][910]LogPlayLevel: PIE: StaticDuplicateObject took: (0.046849s)
[2016.01.15-00.39.36:199][910]LogAIModule: Creating AISystem for world FirstPersonExampleMap
[2016.01.15-00.39.36:201][910]LogPlayLevel: PIE: World Init took: (0.000801s)
[2016.01.15-00.39.36:201][910]LogPlayLevel: PIE: Created PIE world by copying editor world from /Game/FirstPersonBP/Maps/FirstPersonExampleMap.FirstPersonExampleMap to /Game/FirstPersonBP/Maps/UEDPIE_0_FirstPersonExampleMap.FirstPersonExampleMap (0.047887s)
[2016.01.15-00.39.36:230][910]LogInit: XAudio2 using 'Haut-parleurs (Périphérique High Definition Audio)' : 2 channels at 44.1 kHz using 16 bits per sample (channel mask 0x3)
[2016.01.15-00.39.36:236][910]LogInit: FAudioDevice initialized.
[2016.01.15-00.39.36:269][910]LogWorld: Game class is 'FirstPersonGameMode_C'
[2016.01.15-00.39.36:295][910]LogWorld:Warning: *** WARNING - PATHS MAY NOT BE VALID ***
[2016.01.15-00.39.36:295][910]LogWorld: Bringing World /Game/FirstPersonBP/Maps/UEDPIE_0_FirstPersonExampleMap.FirstPersonExampleMap up for play (max tick rate 60) at 2016.01.14-19.39.36
[2016.01.15-00.39.36:295][910]LogActor:Warning: GameSession /Game/FirstPersonBP/Maps/UEDPIE_0_FirstPersonExampleMap.FirstPersonExampleMap:PersistentLevel.GameSession_4 has natively added scene component(s), but none of them were set as the actor's RootComponent - picking one arbitrarily
[2016.01.15-00.39.36:296][910]LogActor:Warning: GameNetworkManager /Game/FirstPersonBP/Maps/UEDPIE_0_FirstPersonExampleMap.FirstPersonExampleMap:PersistentLevel.GameNetworkManager_4 has natively added scene component(s), but none of them were set as the actor's RootComponent - picking one arbitrarily
[2016.01.15-00.39.36:299][910]LogWorld: Bringing up level for play took: 0.027599
[2016.01.15-00.39.36:312][910]PIE: Info Play in editor start time for /Game/FirstPersonBP/Maps/UEDPIE_0_FirstPersonExampleMap -0.105
[2016.01.15-00.39.36:312][910]LogBlueprintUserMessages: Late PlayInEditor Detection: Level '/Game/FirstPersonBP/Maps/FirstPersonExampleMap.FirstPersonExampleMap:PersistentLevel' has LevelScriptBlueprint '/Game/FirstPersonBP/Maps/FirstPersonExampleMap.FirstPersonExampleMap:PersistentLevel.FirstPersonExampleMap' with GeneratedClass '/Game/FirstPersonBP/Maps/FirstPersonExampleMap.FirstPersonExampleMap_C' with ClassGeneratedBy '/Game/FirstPersonBP/Maps/FirstPersonExampleMap.FirstPersonExampleMap:PersistentLevel.FirstPersonExampleMap'
[2016.01.15-00.39.38:149][960]LogBlueprintUserMessages: [FirstPersonCharacter_C_0] 2
[2016.01.15-00.39.38:149][960]LogBlueprintUserMessages: [FirstPersonCharacter_C_0] 3
[2016.01.15-00.39.39:976][ 12]LogBlueprintUserMessages: [FirstPersonCharacter_C_0] Dash
[2016.01.15-00.39.40:226][ 19]LogBlueprintUserMessages: [FirstPersonCharacter_C_0] En L'air
[2016.01.15-00.39.42:324][ 81]LogBlueprintUserMessages: [FirstPersonCharacter_C_0] 2
[2016.01.15-00.39.42:324][ 81]LogBlueprintUserMessages: [FirstPersonCharacter_C_0] 3
[2016.01.15-00.39.44:184][134]LogBlueprintUserMessages: Early EndPlayMap Detection: Level '/Game/FirstPersonBP/Maps/FirstPersonExampleMap.FirstPersonExampleMap:PersistentLevel' has LevelScriptBlueprint '/Game/FirstPersonBP/Maps/FirstPersonExampleMap.FirstPersonExampleMap:PersistentLevel.FirstPersonExampleMap' with GeneratedClass '/Game/FirstPersonBP/Maps/FirstPersonExampleMap.FirstPersonExampleMap_C' with ClassGeneratedBy '/Game/FirstPersonBP/Maps/FirstPersonExampleMap.FirstPersonExampleMap:PersistentLevel.FirstPersonExampleMap'
[2016.01.15-00.39.44:272][134]LogBlueprintUserMessages: Late EndPlayMap Detection: Level '/Game/FirstPersonBP/Maps/FirstPersonExampleMap.FirstPersonExampleMap:PersistentLevel' has LevelScriptBlueprint '/Game/FirstPersonBP/Maps/FirstPersonExampleMap.FirstPersonExampleMap:PersistentLevel.FirstPersonExampleMap' with GeneratedClass '/Game/FirstPersonBP/Maps/FirstPersonExampleMap.FirstPersonExampleMap_C' with ClassGeneratedBy '/Game/FirstPersonBP/Maps/FirstPersonExampleMap.FirstPersonExampleMap:PersistentLevel.FirstPersonExampleMap'
[2016.01.15-00.39.44:273][134]LogActorComponent: UnregisterComponent: (/Engine/Transient.CharMoveComp) Not registered. Aborting.
[2016.01.15-00.39.44:377][135]LogParticles: Destroying 0 GPU particle simulations for FXSystem 0x00000075BF6387C0
[2016.01.15-00.39.46:714][273]LogBlueprintUserMessages: Early PlayInEditor Detection: Level '/Game/FirstPersonBP/Maps/FirstPersonExampleMap.FirstPersonExampleMap:PersistentLevel' has LevelScriptBlueprint '/Game/FirstPersonBP/Maps/FirstPersonExampleMap.FirstPersonExampleMap:PersistentLevel.FirstPersonExampleMap' with GeneratedClass '/Game/FirstPersonBP/Maps/FirstPersonExampleMap.FirstPersonExampleMap_C' with ClassGeneratedBy '/Game/FirstPersonBP/Maps/FirstPersonExampleMap.FirstPersonExampleMap:PersistentLevel.FirstPersonExampleMap'
[2016.01.15-00.39.46:714][273]LogPlayLevel: PlayLevel: No blueprints needed recompiling
[2016.01.15-00.39.46:714][273]PIE: New page: PIE session: FirstPersonExampleMap (Jan 14, 2016, 2:39:46 PM)
[2016.01.15-00.39.46:714][273]LogPlayLevel: Creating play world package: /Game/FirstPersonBP/Maps/UEDPIE_0_FirstPersonExampleMap
[2016.01.15-00.39.46:759][273]LogPlayLevel: PIE: StaticDuplicateObject took: (0.044588s)
[2016.01.15-00.39.46:759][273]LogAIModule: Creating AISystem for world FirstPersonExampleMap
[2016.01.15-00.39.46:759][273]LogPlayLevel: PIE: World Init took: (0.000788s)
[2016.01.15-00.39.46:760][273]LogPlayLevel: PIE: Created PIE world by copying editor world from /Game/FirstPersonBP/Maps/FirstPersonExampleMap.FirstPersonExampleMap to /Game/FirstPersonBP/Maps/UEDPIE_0_FirstPersonExampleMap.FirstPersonExampleMap (0.045651s)
[2016.01.15-00.39.46:789][273]LogInit: XAudio2 using 'Haut-parleurs (Périphérique High Definition Audio)' : 2 channels at 44.1 kHz using 16 bits per sample (channel mask 0x3)
[2016.01.15-00.39.46:795][273]LogInit: FAudioDevice initialized.
[2016.01.15-00.39.46:828][273]LogWorld: Game class is 'FirstPersonGameMode_C'
[2016.01.15-00.39.46:853][273]LogWorld:Warning: *** WARNING - PATHS MAY NOT BE VALID ***
[2016.01.15-00.39.46:854][273]LogWorld: Bringing World /Game/FirstPersonBP/Maps/UEDPIE_0_FirstPersonExampleMap.FirstPersonExampleMap up for play (max tick rate 60) at 2016.01.14-19.39.46
[2016.01.15-00.39.46:854][273]LogActor:Warning: GameSession /Game/FirstPersonBP/Maps/UEDPIE_0_FirstPersonExampleMap.FirstPersonExampleMap:PersistentLevel.GameSession_5 has natively added scene component(s), but none of them were set as the actor's RootComponent - picking one arbitrarily
[2016.01.15-00.39.46:854][273]LogActor:Warning: GameNetworkManager /Game/FirstPersonBP/Maps/UEDPIE_0_FirstPersonExampleMap.FirstPersonExampleMap:PersistentLevel.GameNetworkManager_5 has natively added scene component(s), but none of them were set as the actor's RootComponent - picking one arbitrarily
[2016.01.15-00.39.46:857][273]LogWorld: Bringing up level for play took: 0.027738
[2016.01.15-00.39.46:870][273]PIE: Info Play in editor start time for /Game/FirstPersonBP/Maps/UEDPIE_0_FirstPersonExampleMap 0.453
[2016.01.15-00.39.46:870][273]LogBlueprintUserMessages: Late PlayInEditor Detection: Level '/Game/FirstPersonBP/Maps/FirstPersonExampleMap.FirstPersonExampleMap:PersistentLevel' has LevelScriptBlueprint '/Game/FirstPersonBP/Maps/FirstPersonExampleMap.FirstPersonExampleMap:PersistentLevel.FirstPersonExampleMap' with GeneratedClass '/Game/FirstPersonBP/Maps/FirstPersonExampleMap.FirstPersonExampleMap_C' with ClassGeneratedBy '/Game/FirstPersonBP/Maps/FirstPersonExampleMap.FirstPersonExampleMap:PersistentLevel.FirstPersonExampleMap'
[2016.01.15-00.39.48:935][331]LogBlueprintUserMessages: [FirstPersonCharacter_C_0] 2
[2016.01.15-00.39.48:935][331]LogBlueprintUserMessages: [FirstPersonCharacter_C_0] 3
[2016.01.15-00.39.54:988][512]LogBlueprintUserMessages: [FirstPersonCharacter_C_0] Dash
[2016.01.15-00.39.56:059][544]LogBlueprintUserMessages: [FirstPersonCharacter_C_0] Dash
[2016.01.15-00.39.56:285][551]LogBlueprintUserMessages: [FirstPersonCharacter_C_0] En L'air
[2016.01.15-00.39.56:962][571]LogScript:Warning: Accessed None 'CallFunc_GetBlackboard_ReturnValue'
	NewKamikaze_C /Game/FirstPersonBP/Maps/UEDPIE_0_FirstPersonExampleMap.FirstPersonExampleMap:PersistentLevel.NewKamikaze_34
	Function /Game/FirstPersonBP/Blueprints/AI/NewKamikaze.NewKamikaze_C:ExecuteUbergraph_NewKamikaze:0430
[2016.01.15-00.39.56:963][571]PIE:Error: Error Accessed None 'CallFunc_GetBlackboard_ReturnValue' from node Set Value as Bool in graph 'EventGraph' in blueprint NewKamikaze
[2016.01.15-00.39.58:299][609]LogBlueprintUserMessages: [FirstPersonCharacter_C_0] Dash
[2016.01.15-00.39.58:534][616]LogBlueprintUserMessages: [FirstPersonCharacter_C_0] En L'air
[2016.01.15-00.40.04:032][777]LogBlueprintUserMessages: [FirstPersonCharacter_C_0] 2
[2016.01.15-00.40.04:032][777]LogBlueprintUserMessages: [FirstPersonCharacter_C_0] 3
[2016.01.15-00.40.08:094][890]LogBlueprintUserMessages: [FirstPersonCharacter_C_0] 2
[2016.01.15-00.40.08:094][890]LogBlueprintUserMessages: [FirstPersonCharacter_C_0] 3
[2016.01.15-00.40.10:488][959]LogBlueprintUserMessages: [FirstPersonCharacter_C_0] 2
[2016.01.15-00.40.10:488][959]LogBlueprintUserMessages: [FirstPersonCharacter_C_0] 3
[2016.01.15-00.40.11:416][985]LogBlueprintUserMessages: Early EndPlayMap Detection: Level '/Game/FirstPersonBP/Maps/FirstPersonExampleMap.FirstPersonExampleMap:PersistentLevel' has LevelScriptBlueprint '/Game/FirstPersonBP/Maps/FirstPersonExampleMap.FirstPersonExampleMap:PersistentLevel.FirstPersonExampleMap' with GeneratedClass '/Game/FirstPersonBP/Maps/FirstPersonExampleMap.FirstPersonExampleMap_C' with ClassGeneratedBy '/Game/FirstPersonBP/Maps/FirstPersonExampleMap.FirstPersonExampleMap:PersistentLevel.FirstPersonExampleMap'
[2016.01.15-00.40.11:506][985]LogBlueprintUserMessages: Late EndPlayMap Detection: Level '/Game/FirstPersonBP/Maps/FirstPersonExampleMap.FirstPersonExampleMap:PersistentLevel' has LevelScriptBlueprint '/Game/FirstPersonBP/Maps/FirstPersonExampleMap.FirstPersonExampleMap:PersistentLevel.FirstPersonExampleMap' with GeneratedClass '/Game/FirstPersonBP/Maps/FirstPersonExampleMap.FirstPersonExampleMap_C' with ClassGeneratedBy '/Game/FirstPersonBP/Maps/FirstPersonExampleMap.FirstPersonExampleMap:PersistentLevel.FirstPersonExampleMap'
[2016.01.15-00.40.11:546][985]LogParticles: Destroying 0 GPU particle simulations for FXSystem 0x0000007592B83380
[2016.01.15-00.43.32:441][848]LogEditorViewport: Clicking Background
[2016.01.15-00.47.25:566][816]LogActorComponent: UnregisterComponent: (/Engine/Transient.CharMoveComp) Not registered. Aborting.
[2016.01.15-00.47.25:566][816]LogActorComponent: UnregisterComponent: (/Engine/Transient.CharacterMovementComponent_7) Not registered. Aborting.
[2016.01.15-00.47.25:596][816]LogParticles: Destroying 0 GPU particle simulations for FXSystem 0x0000007593040680
[2016.01.15-00.47.25:876][816]LogSavePackage: Save=237.401917ms
[2016.01.15-00.47.25:876][816]LogSavePackage: Moving '../../../../../../Bibliothèques/Documents/Unreal Projects/ShadowerFall/Saved/FirstPersonExampleMap_Auto1AF7D731E4652EDF67E83BC9CE4C13716.tmp' to '../../../../../../Bibliothèques/Documents/Unreal Projects/ShadowerFall/Saved/Autosaves/Game/FirstPersonBP/Maps/FirstPersonExampleMap_Auto1.umap'
[2016.01.15-00.47.25:878][816]LogSavePackage: Total save time: 270.406660ms
[2016.01.15-00.47.25:878][816]LogSavePackage:Warning: Finished SavePackage ../../../../../../Bibliothèques/Documents/Unreal Projects/ShadowerFall/Saved/Autosaves/Game/FirstPersonBP/Maps/FirstPersonExampleMap_Auto1.umap
[2016.01.15-00.47.25:880][816]LogFileHelpers: Editor autosave (incl. sublevels) for '/Game/FirstPersonBP/Maps/FirstPersonExampleMap' took 0.313
[2016.01.15-00.47.25:880][816]LogFileHelpers: Editor autosave (incl. sublevels) for all levels took 0.313
[2016.01.15-00.47.25:887][816]OBJ SavePackage: Generating thumbnails for [1] asset(s) in package [/Game/FirstPersonBP/Blueprints/AI/NewKamikaze] ([1] browsable assets)...
[2016.01.15-00.47.25:908][816]OBJ SavePackage:     Rendered thumbnail for [Blueprint /Game/FirstPersonBP/Blueprints/AI/NewKamikaze.NewKamikaze]
[2016.01.15-00.47.25:908][816]OBJ SavePackage: Finished generating thumbnails for package [/Game/FirstPersonBP/Blueprints/AI/NewKamikaze]
[2016.01.15-00.47.26:040][816]LogSavePackage: Save=118.818344ms
[2016.01.15-00.47.26:040][816]LogSavePackage: Moving '../../../../../../Bibliothèques/Documents/Unreal Projects/ShadowerFall/Saved/NewKamikaze_Auto1CF65A90146A521BCE897B7BA48A4DE83.tmp' to '../../../../../../Bibliothèques/Documents/Unreal Projects/ShadowerFall/Saved/Autosaves/Game/FirstPersonBP/Blueprints/AI/NewKamikaze_Auto1.uasset'
[2016.01.15-00.47.26:042][816]LogSavePackage: Total save time: 132.985413ms
[2016.01.15-00.47.26:042][816]LogSavePackage:Warning: Finished SavePackage ../../../../../../Bibliothèques/Documents/Unreal Projects/ShadowerFall/Saved/Autosaves/Game/FirstPersonBP/Blueprints/AI/NewKamikaze_Auto1.uasset
[2016.01.15-00.47.26:042][816]LogFileHelpers: Auto-saving content packages took 0.161
[2016.01.15-00.54.26:107][435]LogActorComponent: UnregisterComponent: (/Engine/Transient.CharMoveComp) Not registered. Aborting.
[2016.01.15-00.54.26:107][435]LogActorComponent: UnregisterComponent: (/Engine/Transient.CharacterMovementComponent_8) Not registered. Aborting.
[2016.01.15-00.54.28:380][435]LogActorComponent: UnregisterComponent: (/Engine/Transient.EditorFloorComp) Not registered. Aborting.
[2016.01.15-00.54.28:428][435]LogWindowsTextInputMethodSystem:Display: IME system now deactivated.
[2016.01.15-00.54.28:708][436]Cmd: QUIT_EDITOR
[2016.01.15-00.54.29:373][436]LogExit: Preparing to exit.
[2016.01.15-00.54.29:599][436]LogExit: Editor shut down
[2016.01.15-00.54.29:599][436]LogExit: Transaction tracking system shut down
[2016.01.15-00.54.29:606][436]LogParticles: Destroying 0 GPU particle simulations for FXSystem 0x00000075D72C6840
[2016.01.15-00.54.29:606][436]LogParticles: Destroying 0 GPU particle simulations for FXSystem 0x00000075DE1EB880
[2016.01.15-00.54.29:607][436]LogParticles: Destroying 0 GPU particle simulations for FXSystem 0x00000075DDED5940
[2016.01.15-00.54.29:608][436]LogParticles: Destroying 0 GPU particle simulations for FXSystem 0x00000075BF9344A0
[2016.01.15-00.54.29:608][436]LogParticles: Destroying 0 GPU particle simulations for FXSystem 0x00000075D63BD800
[2016.01.15-00.54.29:790][436]LogExit: Object subsystem successfully closed.
[2016.01.15-00.54.29:805][436]LogD3D11RHI: Shutdown
[2016.01.15-00.54.29:805][436]LogD3D11RHI: CleanupD3DDevice
[2016.01.15-00.54.29:846][436]LogD3D11RHI: ~FD3D11DynamicRHI
[2016.01.15-00.54.29:869][436]LogModuleManager: Shutting down and abandoning module BlueprintGraph (198)
[2016.01.15-00.54.29:869][436]LogModuleManager: Shutting down and abandoning module CrashTracker (197)
[2016.01.15-00.54.29:869][436]LogModuleManager: Shutting down and abandoning module SceneOutliner (196)
[2016.01.15-00.54.29:869][436]LogModuleManager: Shutting down and abandoning module SuperSearch (195)
[2016.01.15-00.54.29:869][436]LogModuleManager: Shutting down and abandoning module WidgetCarousel (194)
[2016.01.15-00.54.29:869][436]LogModuleManager: Shutting down and abandoning module AddContentDialog (193)
[2016.01.15-00.54.29:871][436]LogModuleManager: Shutting down and abandoning module EditorWidgets (192)
[2016.01.15-00.54.29:871][436]LogModuleManager: Shutting down and abandoning module CollectionManager (191)
[2016.01.15-00.54.29:871][436]LogModuleManager: Shutting down and abandoning module StatsViewer (190)
[2016.01.15-00.54.29:871][436]LogModuleManager: Shutting down and abandoning module FoliageEdit (189)
[2016.01.15-00.54.29:871][436]LogModuleManager: Shutting down and abandoning module LandscapeEditor (188)
[2016.01.15-00.54.29:871][436]LogModuleManager: Shutting down and abandoning module ActorPickerMode (187)
[2016.01.15-00.54.29:871][436]LogModuleManager: Shutting down and abandoning module GeometryMode (186)
[2016.01.15-00.54.29:871][436]LogModuleManager: Shutting down and abandoning module TextureAlignMode (185)
[2016.01.15-00.54.29:872][436]LogModuleManager: Shutting down and abandoning module BspMode (184)
[2016.01.15-00.54.29:872][436]LogModuleManager: Shutting down and abandoning module PlacementMode (183)
[2016.01.15-00.54.29:872][436]LogModuleManager: Shutting down and abandoning module AutomationWorker (182)
[2016.01.15-00.54.29:872][436]LogModuleManager: Shutting down and abandoning module CharacterAI (181)
[2016.01.15-00.54.29:872][436]LogModuleManager: Shutting down and abandoning module SmartSnapping (180)
[2016.01.15-00.54.29:872][436]LogModuleManager: Shutting down and abandoning module ViewportSnapping (179)
[2016.01.15-00.54.29:872][436]LogModuleManager: Shutting down and abandoning module LogVisualizer (178)
[2016.01.15-00.54.29:872][436]LogModuleManager: Shutting down and abandoning module GameProjectGeneration (177)
[2016.01.15-00.54.29:872][436]LogModuleManager: Shutting down and abandoning module IntroTutorials (176)
[2016.01.15-00.54.29:872][436]LogModuleManager: Shutting down and abandoning module EditorLiveStreaming (175)
[2016.01.15-00.54.29:872][436]LogModuleManager: Shutting down and abandoning module IOSPlatformEditor (174)
[2016.01.15-00.54.29:872][436]LogModuleManager: Shutting down and abandoning module HTML5PlatformEditor (173)
[2016.01.15-00.54.29:872][436]LogModuleManager: Shutting down and abandoning module AndroidDeviceDetection (172)
[2016.01.15-00.54.30:646][436]LogModuleManager: Shutting down and abandoning module AndroidPlatformEditor (171)
[2016.01.15-00.54.30:646][436]LogModuleManager: Shutting down and abandoning module IOSRuntimeSettings (170)
[2016.01.15-00.54.30:646][436]LogModuleManager: Shutting down and abandoning module AndroidRuntimeSettings (169)
[2016.01.15-00.54.30:646][436]LogModuleManager: Shutting down and abandoning module MergeActors (168)
[2016.01.15-00.54.30:646][436]LogModuleManager: Shutting down and abandoning module SizeMap (167)
[2016.01.15-00.54.30:646][436]LogModuleManager: Shutting down and abandoning module TreeMap (166)
[2016.01.15-00.54.30:646][436]LogModuleManager: Shutting down and abandoning module ReferenceViewer (165)
[2016.01.15-00.54.30:646][436]LogModuleManager: Shutting down and abandoning module LocalizationService (164)
[2016.01.15-00.54.30:646][436]LogModuleManager: Shutting down and abandoning module LocalizationDashboard (163)
[2016.01.15-00.54.30:646][436]LogModuleManager: Shutting down and abandoning module HardwareTargeting (162)
[2016.01.15-00.54.30:646][436]LogModuleManager: Shutting down and abandoning module DeviceProfileEditor (161)
[2016.01.15-00.54.30:646][436]LogModuleManager: Shutting down and abandoning module UndoHistory (160)
[2016.01.15-00.54.30:646][436]LogModuleManager: Shutting down and abandoning module GameplayTagsEditor (159)
[2016.01.15-00.54.30:646][436]LogModuleManager: Shutting down and abandoning module UserFeedback (158)
[2016.01.15-00.54.30:646][436]LogModuleManager: Shutting down and abandoning module XmlParser (157)
[2016.01.15-00.54.30:646][436]LogModuleManager: Shutting down and abandoning module Blutility (156)
[2016.01.15-00.54.30:646][436]LogModuleManager: Shutting down and abandoning module ProjectTargetPlatformEditor (155)
[2016.01.15-00.54.30:646][436]LogModuleManager: Shutting down and abandoning module ProjectSettingsViewer (154)
[2016.01.15-00.54.30:646][436]LogModuleManager: Shutting down and abandoning module InputBindingEditor (153)
[2016.01.15-00.54.30:646][436]LogModuleManager: Shutting down and abandoning module EditorSettingsViewer (152)
[2016.01.15-00.54.30:646][436]LogModuleManager: Shutting down and abandoning module SettingsEditor (151)
[2016.01.15-00.54.30:646][436]LogModuleManager: Shutting down and abandoning module ProjectLauncher (150)
[2016.01.15-00.54.30:646][436]LogModuleManager: Shutting down and abandoning module SessionFrontend (149)
[2016.01.15-00.54.30:646][436]LogModuleManager: Shutting down and abandoning module ProfilerClient (148)
[2016.01.15-00.54.30:646][436]LogModuleManager: Shutting down and abandoning module TargetDeviceServices (147)
[2016.01.15-00.54.30:646][436]LogModuleManager: Shutting down and abandoning module DeviceManager (146)
[2016.01.15-00.54.30:647][436]LogModuleManager: Shutting down and abandoning module AutomationController (145)
[2016.01.15-00.54.30:647][436]LogModuleManager: Shutting down and abandoning module AutomationWindow (144)
[2016.01.15-00.54.30:647][436]LogModuleManager: Shutting down and abandoning module Layers (143)
[2016.01.15-00.54.30:647][436]LogModuleManager: Shutting down and abandoning module ComponentVisualizers (142)
[2016.01.15-00.54.30:647][436]LogModuleManager: Shutting down and abandoning module DetailCustomizations (141)
[2016.01.15-00.54.30:647][436]LogModuleManager: Shutting down and abandoning module PackagesDialog (140)
[2016.01.15-00.54.30:647][436]LogModuleManager: Shutting down and abandoning module Persona (139)
[2016.01.15-00.54.30:647][436]LogModuleManager: Shutting down and abandoning module Kismet (138)
[2016.01.15-00.54.30:647][436]LogModuleManager: Shutting down and abandoning module GraphEditor (137)
[2016.01.15-00.54.30:647][436]LogModuleManager: Shutting down and abandoning module ClassViewer (136)
[2016.01.15-00.54.30:647][436]LogModuleManager: Shutting down and abandoning module Toolbox (135)
[2016.01.15-00.54.30:647][436]LogModuleManager: Shutting down and abandoning module ModuleUI (134)
[2016.01.15-00.54.30:647][436]LogModuleManager: Shutting down and abandoning module MovieSceneTools (133)
[2016.01.15-00.54.30:647][436]LogModuleManager: Shutting down and abandoning module OutputLog (132)
[2016.01.15-00.54.30:647][436]LogModuleManager: Shutting down and abandoning module GammaUI (131)
[2016.01.15-00.54.30:647][436]LogModuleManager: Shutting down and abandoning module Documentation (130)
[2016.01.15-00.54.30:647][436]LogModuleManager: Shutting down and abandoning module GameLiveStreaming (129)
[2016.01.15-00.54.30:647][436]LogModuleManager: Shutting down and abandoning module StreamingPauseRendering (128)
[2016.01.15-00.54.30:647][436]LogModuleManager: Shutting down and abandoning module AnalyticsET (127)
[2016.01.15-00.54.30:647][436]LogModuleManager: Shutting down and abandoning module Analytics (126)
[2016.01.15-00.54.30:647][436]LogModuleManager: Shutting down and abandoning module AITestSuite (125)
[2016.01.15-00.54.30:647][436]LogModuleManager: Shutting down and abandoning module GameplayDebugger (124)
[2016.01.15-00.54.30:647][436]LogModuleManager: Shutting down and abandoning module AIModule (123)
[2016.01.15-00.54.30:647][436]LogModuleManager: Shutting down and abandoning module ProfilerService (122)
[2016.01.15-00.54.30:655][436]LogModuleManager: Shutting down and abandoning module TaskGraph (121)
[2016.01.15-00.54.30:655][436]LogModuleManager: Shutting down and abandoning module SlateRemote (120)
[2016.01.15-00.54.30:655][436]LogModuleManager: Shutting down and abandoning module SteamVRController (119)
[2016.01.15-00.54.30:655][436]LogModuleManager: Shutting down and abandoning module SteamVR (118)
[2016.01.15-00.54.30:655][436]LogModuleManager: Shutting down and abandoning module ProceduralMeshComponent (117)
[2016.01.15-00.54.30:655][436]LogModuleManager: Shutting down and abandoning module OculusRift (116)
[2016.01.15-00.54.30:655][436]LogModuleManager: Shutting down and abandoning module OculusLibrary (115)
[2016.01.15-00.54.30:655][436]LogModuleManager: Shutting down and abandoning module LeapMotionController (114)
[2016.01.15-00.54.30:671][436]LogModuleManager: Shutting down and abandoning module CustomMeshComponent (113)
[2016.01.15-00.54.30:671][436]LogModuleManager: Shutting down and abandoning module CableComponent (112)
[2016.01.15-00.54.30:671][436]LogModuleManager: Shutting down and abandoning module ArchVisCharacter (111)
[2016.01.15-00.54.30:671][436]LogModuleManager: Shutting down and abandoning module MessagingDebugger (110)
[2016.01.15-00.54.30:671][436]LogModuleManager: Shutting down and abandoning module MediaPlayerEditor (109)
[2016.01.15-00.54.30:671][436]LogModuleManager: Shutting down and abandoning module HTML5Networking (108)
[2016.01.15-00.54.30:671][436]LogModuleManager: Shutting down and abandoning module SpeedTreeImporter (107)
[2016.01.15-00.54.30:671][436]LogModuleManager: Shutting down and abandoning module PluginBrowser (106)
[2016.01.15-00.54.30:671][436]LogModuleManager: Shutting down and abandoning module EpicSurvey (105)
[2016.01.15-00.54.30:671][436]LogModuleManager: Shutting down and abandoning module DesktopPlatform (104)
[2016.01.15-00.54.30:671][436]LogModuleManager: Shutting down and abandoning module VisualStudioSourceCodeAccess (103)
[2016.01.15-00.54.30:671][436]LogModuleManager: Shutting down and abandoning module UObjectPlugin (102)
[2016.01.15-00.54.30:671][436]LogModuleManager: Shutting down and abandoning module SubversionSourceControl (101)
[2016.01.15-00.54.30:671][436]LogModuleManager: Shutting down and abandoning module PerforceSourceControl (100)
[2016.01.15-00.54.30:671][436]LogModuleManager: Shutting down and abandoning module SourceControl (99)
[2016.01.15-00.54.30:671][436]LogModuleManager: Shutting down and abandoning module GitSourceControl (98)
[2016.01.15-00.54.30:672][436]LogModuleManager: Shutting down and abandoning module LightPropagationVolumeEditor (97)
[2016.01.15-00.54.30:672][436]LogModuleManager: Shutting down and abandoning module PaperTiledImporter (96)
[2016.01.15-00.54.30:672][436]LogModuleManager: Shutting down and abandoning module PaperSpriteSheetImporter (95)
[2016.01.15-00.54.30:672][436]LogModuleManager: Shutting down and abandoning module MeshPaint (94)
[2016.01.15-00.54.30:672][436]LogModuleManager: Shutting down and abandoning module SlateReflector (93)
[2016.01.15-00.54.30:672][436]LogModuleManager: Shutting down and abandoning module HotReload (92)
[2016.01.15-00.54.30:672][436]LogModuleManager: Shutting down and abandoning module MainFrame (91)
[2016.01.15-00.54.30:672][436]LogModuleManager: Shutting down and abandoning module LevelEditor (90)
[2016.01.15-00.54.30:673][436]LogModuleManager: Shutting down and abandoning module DirectoryWatcher (89)
[2016.01.15-00.54.30:674][436]LogModuleManager: Shutting down and abandoning module AssetRegistry (88)
[2016.01.15-00.54.30:804][436]LogModuleManager: Shutting down and abandoning module ContentBrowser (87)
[2016.01.15-00.54.30:805][436]LogModuleManager: Shutting down and abandoning module Paper2DEditor (86)
[2016.01.15-00.54.30:805][436]LogModuleManager: Shutting down and abandoning module UdpMessaging (85)
[2016.01.15-00.54.30:906][436]LogModuleManager: Shutting down and abandoning module LightPropagationVolumeRuntime (84)
[2016.01.15-00.54.30:906][436]LogModuleManager: Shutting down and abandoning module Paper2D (83)
[2016.01.15-00.54.30:906][436]LogModuleManager: Shutting down and abandoning module WindowsMoviePlayer (82)
[2016.01.15-00.54.30:909][436]LogModuleManager: Shutting down and abandoning module Media (81)
[2016.01.15-00.54.30:909][436]LogModuleManager: Shutting down and abandoning module WmfMedia (80)
[2016.01.15-00.54.30:909][436]LogModuleManager: Shutting down and abandoning module OnlineBlueprintSupport (79)
[2016.01.15-00.54.30:909][436]LogModuleManager: Shutting down and abandoning module GameplayTasksEditor (78)
[2016.01.15-00.54.30:909][436]LogModuleManager: Shutting down and abandoning module PropertyEditor (77)
[2016.01.15-00.54.30:909][436]LogModuleManager: Shutting down and abandoning module BehaviorTreeEditor (76)
[2016.01.15-00.54.30:909][436]LogModuleManager: Shutting down and abandoning module FunctionalTesting (75)
[2016.01.15-00.54.30:909][436]LogModuleManager: Shutting down and abandoning module CollisionAnalyzer (74)
[2016.01.15-00.54.30:909][436]LogModuleManager: Shutting down and abandoning module WorkspaceMenuStructure (73)
[2016.01.15-00.54.30:909][436]LogModuleManager: Shutting down and abandoning module MessageLog (72)
[2016.01.15-00.54.30:909][436]LogModuleManager: Shutting down and abandoning module Sequencer (71)
[2016.01.15-00.54.30:909][436]LogModuleManager: Shutting down and abandoning module AssetTools (70)
[2016.01.15-00.54.30:909][436]LogModuleManager: Shutting down and abandoning module UMGEditor (69)
[2016.01.15-00.54.30:909][436]LogModuleManager: Shutting down and abandoning module UMG (68)
[2016.01.15-00.54.30:909][436]LogModuleManager: Shutting down and abandoning module Slate (67)
[2016.01.15-00.54.30:909][436]LogModuleManager: Shutting down and abandoning module EditorStyle (66)
[2016.01.15-00.54.30:911][436]LogModuleManager: Shutting down and abandoning module SessionServices (65)
[2016.01.15-00.54.30:911][436]LogModuleManager: Shutting down and abandoning module SourceCodeAccess (64)
[2016.01.15-00.54.30:911][436]LogModuleManager: Shutting down and abandoning module HeadMountedDisplay (63)
[2016.01.15-00.54.30:911][436]LogModuleManager: Shutting down and abandoning module XAudio2 (62)
[2016.01.15-00.54.30:911][436]LogModuleManager: Shutting down and abandoning module Networking (60)
[2016.01.15-00.54.30:911][436]LogModuleManager: Shutting down and abandoning module Core (59)
[2016.01.15-00.54.30:911][436]LogModuleManager: Shutting down and abandoning module KismetCompiler (58)
[2016.01.15-00.54.30:911][436]LogModuleManager: Shutting down and abandoning module PhysXFormats (57)
[2016.01.15-00.54.30:911][436]LogModuleManager: Shutting down and abandoning module MeshUtilities (56)
[2016.01.15-00.54.30:911][436]LogModuleManager: Shutting down and abandoning module CookingStats (55)
[2016.01.15-00.54.30:912][436]LogModuleManager: Shutting down and abandoning module DerivedDataCache (54)
[2016.01.15-00.54.30:961][436]LogDerivedDataCache: Shutdown
[2016.01.15-00.54.30:961][436]LogModuleManager: Shutting down and abandoning module ShaderFormatOpenGL (53)
[2016.01.15-00.54.30:961][436]LogModuleManager: Shutting down and abandoning module ShaderFormatD3D (52)
[2016.01.15-00.54.30:961][436]LogModuleManager: Shutting down and abandoning module MetalShaderFormat (51)
[2016.01.15-00.54.30:961][436]LogModuleManager: Shutting down and abandoning module TextureFormatUncompressed (50)
[2016.01.15-00.54.30:961][436]LogModuleManager: Shutting down and abandoning module TextureFormatPVR (49)
[2016.01.15-00.54.30:961][436]LogModuleManager: Shutting down and abandoning module TextureFormatIntelISPCTexComp (48)
[2016.01.15-00.54.30:961][436]LogModuleManager: Shutting down and abandoning module TextureFormatDXT (47)
[2016.01.15-00.54.30:961][436]LogModuleManager: Shutting down and abandoning module ImageWrapper (46)
[2016.01.15-00.54.30:961][436]LogModuleManager: Shutting down and abandoning module TextureFormatASTC (45)
[2016.01.15-00.54.30:961][436]LogModuleManager: Shutting down and abandoning module TextureFormatAndroid (44)
[2016.01.15-00.54.30:961][436]LogModuleManager: Shutting down and abandoning module AudioFormatOpus (43)
[2016.01.15-00.54.30:961][436]LogModuleManager: Shutting down and abandoning module AudioFormatOgg (42)
[2016.01.15-00.54.30:961][436]LogModuleManager: Shutting down and abandoning module AudioFormatADPCM (41)
[2016.01.15-00.54.30:961][436]LogModuleManager: Shutting down and abandoning module LinuxTargetPlatform (40)
[2016.01.15-00.54.30:961][436]LogModuleManager: Shutting down and abandoning module LinuxServerTargetPlatform (39)
[2016.01.15-00.54.30:961][436]LogModuleManager: Shutting down and abandoning module LinuxNoEditorTargetPlatform (38)
[2016.01.15-00.54.30:961][436]LogModuleManager: Shutting down and abandoning module Messaging (37)
[2016.01.15-00.54.30:961][436]LogModuleManager: Shutting down and abandoning module IOSTargetPlatform (36)
[2016.01.15-00.54.30:961][436]LogModuleManager: Shutting down and abandoning module HTML5TargetPlatform (35)
[2016.01.15-00.54.30:961][436]LogModuleManager: Shutting down and abandoning module Android_PVRTCTargetPlatform (34)
[2016.01.15-00.54.30:961][436]LogModuleManager: Shutting down and abandoning module Android_ETC2TargetPlatform (33)
[2016.01.15-00.54.30:961][436]LogModuleManager: Shutting down and abandoning module Android_ETC1TargetPlatform (32)
[2016.01.15-00.54.30:961][436]LogModuleManager: Shutting down and abandoning module Android_DXTTargetPlatform (31)
[2016.01.15-00.54.30:961][436]LogModuleManager: Shutting down and abandoning module Android_ATCTargetPlatform (30)
[2016.01.15-00.54.30:961][436]LogModuleManager: Shutting down and abandoning module Android_ASTCTargetPlatform (29)
[2016.01.15-00.54.30:961][436]LogModuleManager: Shutting down and abandoning module AndroidTargetPlatform (28)
[2016.01.15-00.54.30:961][436]LogModuleManager: Shutting down and abandoning module WindowsTargetPlatform (27)
[2016.01.15-00.54.30:961][436]LogModuleManager: Shutting down and abandoning module WindowsServerTargetPlatform (26)
[2016.01.15-00.54.30:961][436]LogModuleManager: Shutting down and abandoning module WindowsNoEditorTargetPlatform (25)
[2016.01.15-00.54.30:961][436]LogModuleManager: Shutting down and abandoning module WindowsClientTargetPlatform (24)
[2016.01.15-00.54.30:961][436]LogModuleManager: Shutting down and abandoning module AllDesktopTargetPlatform (23)
[2016.01.15-00.54.30:961][436]LogModuleManager: Shutting down and abandoning module TargetPlatform (22)
[2016.01.15-00.54.30:962][436]LogModuleManager: Shutting down and abandoning module InputCore (21)
[2016.01.15-00.54.30:962][436]LogModuleManager: Shutting down and abandoning module Settings (20)
[2016.01.15-00.54.30:962][436]LogModuleManager: Shutting down and abandoning module OnlineSubsystem (18)
[2016.01.15-00.54.30:962][436]LogModuleManager: Shutting down and abandoning module HTTP (17)
[2016.01.15-00.54.32:964][436]LogModuleManager: Shutting down and abandoning module XMPP (16)
[2016.01.15-00.54.32:964][436]LogModuleManager: Shutting down and abandoning module ExampleDeviceProfileSelector (15)
[2016.01.15-00.54.32:964][436]LogModuleManager: Shutting down and abandoning module TextureCompressor (14)
[2016.01.15-00.54.32:964][436]LogModuleManager: Shutting down and abandoning module ShaderCore (13)
[2016.01.15-00.54.32:964][436]LogModuleManager: Shutting down and abandoning module Landscape (12)
[2016.01.15-00.54.32:964][436]LogModuleManager: Shutting down and abandoning module SlateRHIRenderer (11)
[2016.01.15-00.54.32:968][436]LogModuleManager: Shutting down and abandoning module OpenGLDrv (10)
[2016.01.15-00.54.32:968][436]LogModuleManager: Shutting down and abandoning module D3D11RHI (9)
[2016.01.15-00.54.32:968][436]LogModuleManager: Shutting down and abandoning module AnimGraphRuntime (8)
[2016.01.15-00.54.32:968][436]LogModuleManager: Shutting down and abandoning module Renderer (7)
[2016.01.15-00.54.32:968][436]LogModuleManager: Shutting down and abandoning module Engine (6)
[2016.01.15-00.54.32:968][436]LogModuleManager: Shutting down and abandoning module CoreUObject (5)
[2016.01.15-00.54.32:968][436]LogModuleManager: Shutting down and abandoning module NetworkFile (4)
[2016.01.15-00.54.32:968][436]LogModuleManager: Shutting down and abandoning module StreamingFile (3)
[2016.01.15-00.54.32:968][436]LogModuleManager: Shutting down and abandoning module SandboxFile (2)
[2016.01.15-00.54.32:968][436]LogModuleManager: Shutting down and abandoning module PakFile (1)
[2016.01.15-00.54.32:969][436]LogExit: Exiting.
[2016.01.15-00.54.32:970][436]Log file closed, 01/14/16 19:54:32
