[2016.01.15-12.20.12:107][  0]Log file open, 01/15/16 07:20:12
[2016.01.15-12.20.12:107][  0]LogInit:Display: Running engine for game: ShadowFall
[2016.01.15-12.20.12:107][  0]LogInit:Display: RandInit(1545384570) SRandInit(1545384570).
[2016.01.15-12.20.12:107][  0]LogTaskGraph: Started task graph with 4 named threads and 7 total threads.
[2016.01.15-12.20.12:107][  0]LogStats: Stats thread started at 0.095469
[2016.01.15-12.20.12:107][  0]LogInit: Version: 4.9.2-2707645+++depot+UE4-Releases+4.9
[2016.01.15-12.20.12:107][  0]LogInit: API Version: 2672455
[2016.01.15-12.20.12:107][  0]LogInit: Compiled (64-bit): Sep 28 2015 10:25:44
[2016.01.15-12.20.12:107][  0]LogInit: Compiled with Visual C++: 18.00.21005.01
[2016.01.15-12.20.12:107][  0]LogInit: Build Configuration: Development
[2016.01.15-12.20.12:107][  0]LogInit: Branch Name: ++depot+UE4-Releases+4.9
[2016.01.15-12.20.12:107][  0]LogInit: Command line:  
[2016.01.15-12.20.12:107][  0]LogInit: Base directory: C:/Program Files/Epic Games/4.9/Engine/Binaries/Win64/
[2016.01.15-12.20.12:107][  0]LogInit: Rocket: 1
[2016.01.15-12.20.12:123][  0]LogInit: Using libcurl 7.41.0
[2016.01.15-12.20.12:123][  0]LogInit:  - built for x86_64-pc-win32
[2016.01.15-12.20.12:123][  0]LogInit:  - supports SSL with WinSSL
[2016.01.15-12.20.12:123][  0]LogInit:  - other features:
[2016.01.15-12.20.12:123][  0]LogInit:      CURL_VERSION_SSL
[2016.01.15-12.20.12:123][  0]LogInit:      CURL_VERSION_IPV6
[2016.01.15-12.20.12:123][  0]LogInit:      CURL_VERSION_ASYNCHDNS
[2016.01.15-12.20.12:123][  0]LogInit:      CURL_VERSION_LARGEFILE
[2016.01.15-12.20.12:123][  0]LogInit:      CURL_VERSION_IDN
[2016.01.15-12.20.12:123][  0]LogInit:  CurlRequestOptions (configurable via config and command line):
[2016.01.15-12.20.12:123][  0]LogInit:  - bVerifyPeer = true  - Libcurl will verify peer certificate
[2016.01.15-12.20.12:123][  0]LogInit:  - bUseHttpProxy = false  - Libcurl will NOT use HTTP proxy
[2016.01.15-12.20.12:123][  0]LogInit:  - bDontReuseConnections = false  - Libcurl will reuse connections
[2016.01.15-12.20.12:123][  0]LogInit:  - CertBundlePath = nullptr  - Libcurl will use whatever was configured at build time.
[2016.01.15-12.20.12:139][  0]LogInit: Presizing for 0 objects not considered by GC, pre-allocating 0 bytes.
[2016.01.15-12.20.12:139][  0]LogInit: Object subsystem initialized
[2016.01.15-12.20.12:139][  0]LogInit: Selected Device Profile: [Windows]
[2016.01.15-12.20.12:139][  0]LogInit: Applying CVar settings loaded from the selected device profile: [Windows]
[2016.01.15-12.20.12:155][  0]LogInit: Computer: MELCOM
[2016.01.15-12.20.12:155][  0]LogInit: User: Melcom
[2016.01.15-12.20.12:155][  0]LogInit: CPU Page size=4096, Cores=4
[2016.01.15-12.20.12:155][  0]LogInit: High frequency timer resolution =2.728072 MHz
[2016.01.15-12.20.12:155][  0]LogMemory: Memory total: Physical=15.9GB (16GB approx)
[2016.01.15-12.20.12:155][  0]LogMemory: Platform Memory Stats for Windows
[2016.01.15-12.20.12:155][  0]LogMemory: Process Physical Memory: 54.00 MB used, 54.00 MB peak
[2016.01.15-12.20.12:155][  0]LogMemory: Process Virtual Memory: 56.66 MB used, 56.66 MB peak
[2016.01.15-12.20.12:155][  0]LogMemory: Physical Memory: 3437.98 MB used, 16302.69 MB total
[2016.01.15-12.20.12:155][  0]LogMemory: Virtual Memory: 353.99 MB used, 134217728.00 MB total
[2016.01.15-12.20.12:500][  0]LogTextLocalizationManager: No translations for ('fr-CA') exist, falling back to 'en' for localization and internationalization data.
[2016.01.15-12.20.13:151][  0]LogD3D11RHI: Found D3D11 adapter 0: Intel(R) HD Graphics 4600 (Feature Level 11_0)
[2016.01.15-12.20.13:151][  0]LogD3D11RHI: Adapter has 128MB of dedicated video memory, 0MB of dedicated system memory, and 1792MB of shared system memory, 1 output[s]
[2016.01.15-12.20.13:168][  0]LogD3D11RHI: Found D3D11 adapter 1: NVIDIA GeForce GTX 870M  (Feature Level 11_0)
[2016.01.15-12.20.13:168][  0]LogD3D11RHI: Adapter has 6031MB of dedicated video memory, 0MB of dedicated system memory, and 8151MB of shared system memory, 0 output[s]
[2016.01.15-12.20.13:169][  0]LogD3D11RHI: Found D3D11 adapter 2: Microsoft Basic Render Driver (Feature Level 11_0)
[2016.01.15-12.20.13:169][  0]LogD3D11RHI: Adapter has 0MB of dedicated video memory, 0MB of dedicated system memory, and 256MB of shared system memory, 0 output[s]
[2016.01.15-12.20.13:169][  0]LogD3D11RHI: Chosen D3D11 Adapter Id = 0
[2016.01.15-12.20.13:174][  0]LogD3D11RHI: !Direct3DDevice
[2016.01.15-12.20.13:174][  0]LogRHI: Texture pool is 1361 MB (70% of 1945 MB)
[2016.01.15-12.20.13:191][  0]LogD3D11RHI: Async texture creation enabled
[2016.01.15-12.20.13:208][  0]LogShaderCompilers: Guid format shader working directory is 15 characters bigger than the processId version (D:/Disque C/Isart GD2/Level Design/Travaux/ShadowerFall/Intermediate/Shaders/WorkingDirectory/7024/).
[2016.01.15-12.20.13:208][  0]LogShaderCompilers: Cleaned the shader compiler working directory 'D:/Disque C/Isart GD2/Level Design/Travaux/ShadowerFall/Intermediate/Shaders/tmp/AA62A5EE4480F2291A333B9759BC4D61/'.
[2016.01.15-12.20.13:208][  0]LogShaderCompilers:Display: Using Local Shader Compiler.
[2016.01.15-12.20.14:197][  0]LogTemp:Display: Loaded TP AllDesktopTargetPlatform
[2016.01.15-12.20.14:203][  0]LogTemp:Display: Loaded TP WindowsClientTargetPlatform
[2016.01.15-12.20.14:208][  0]LogTemp:Display: Loaded TP WindowsNoEditorTargetPlatform
[2016.01.15-12.20.14:213][  0]LogTemp:Display: Loaded TP WindowsServerTargetPlatform
[2016.01.15-12.20.14:218][  0]LogTemp:Display: Loaded TP WindowsTargetPlatform
[2016.01.15-12.20.14:222][  0]LogTemp:Display: Loaded TP AndroidTargetPlatform
[2016.01.15-12.20.14:225][  0]LogTemp:Display: Loaded TP Android_ASTCTargetPlatform
[2016.01.15-12.20.14:228][  0]LogTemp:Display: Loaded TP Android_ATCTargetPlatform
[2016.01.15-12.20.14:231][  0]LogTemp:Display: Loaded TP Android_DXTTargetPlatform
[2016.01.15-12.20.14:235][  0]LogTemp:Display: Loaded TP Android_ETC1TargetPlatform
[2016.01.15-12.20.14:238][  0]LogTemp:Display: Loaded TP Android_ETC2TargetPlatform
[2016.01.15-12.20.14:242][  0]LogTemp:Display: Loaded TP Android_PVRTCTargetPlatform
[2016.01.15-12.20.14:243][  0]LogTemp:Display: Loaded TP HTML5TargetPlatform
[2016.01.15-12.20.14:261][  0]LogTemp:Display: Loaded TP IOSTargetPlatform
[2016.01.15-12.20.14:264][  0]LogTemp:Display: Loaded TP LinuxNoEditorTargetPlatform
[2016.01.15-12.20.14:268][  0]LogTemp:Display: Loaded TP LinuxServerTargetPlatform
[2016.01.15-12.20.14:271][  0]LogTemp:Display: Loaded TP LinuxTargetPlatform
[2016.01.15-12.20.14:271][  0]LogTargetPlatformManager:Display: Building Assets For Windows
[2016.01.15-12.20.14:355][  0]LogDerivedDataCache:Display: Max Cache Size: 512 MB
[2016.01.15-12.20.14:399][  0]LogDerivedDataCache: Loaded boot cache 0.04s 41MB C:/Users/Melcom/AppData/Local/UnrealEngine/4.9/DerivedDataCache/Boot.ddc.
[2016.01.15-12.20.14:399][  0]LogDerivedDataCache:Display: Loaded Boot cache: C:/Users/Melcom/AppData/Local/UnrealEngine/4.9/DerivedDataCache/Boot.ddc
[2016.01.15-12.20.14:399][  0]LogDerivedDataCache: FDerivedDataBackendGraph:  Pak pak cache file D:/Disque C/Isart GD2/Level Design/Travaux/ShadowerFall/DerivedDataCache/DDC.ddp not found, will not use a pak cache.
[2016.01.15-12.20.14:399][  0]LogDerivedDataCache: Unable to find inner node Pak for hierarchical cache Hierarchy.
[2016.01.15-12.20.14:399][  0]LogDerivedDataCache: FDerivedDataBackendGraph:  CompressedPak pak cache file D:/Disque C/Isart GD2/Level Design/Travaux/ShadowerFall/DerivedDataCache/Compressed.ddp not found, will not use a pak cache.
[2016.01.15-12.20.14:399][  0]LogDerivedDataCache: Unable to find inner node CompressedPak for hierarchical cache Hierarchy.
[2016.01.15-12.20.14:517][  0]LogDerivedDataCache:Display: Pak cache opened for reading ../../../Engine/DerivedDataCache/Compressed.ddp.
[2016.01.15-12.20.14:529][  0]LogDerivedDataCache: Using Local data cache path C:/Users/Melcom/AppData/Local/UnrealEngine/Common/DerivedDataCache: Writable
[2016.01.15-12.20.14:695][  0]LogInit: Selected Device Profile: [Windows]
[2016.01.15-12.20.14:697][  0]LogContentStreaming: Texture pool size is 0.000000MB
[2016.01.15-12.20.14:806][  0]LogMeshUtilities: No automatic mesh reduction module available
[2016.01.15-12.20.14:806][  0]LogMeshUtilities: No automatic mesh merging module available
[2016.01.15-12.20.15:024][  0]LogInit: WinSock: version 1.1 (2.2), MaxSocks=32767, MaxUdp=65467
[2016.01.15-12.20.15:698][  0]UdpMessaging: Initializing bridge on interface 0.0.0.0:0 to multicast group 230.0.0.1:6666.
[2016.01.15-12.20.15:838][  0]LogAssetRegistry: FAssetRegistry took 0.0111 seconds to start up
[2016.01.15-12.20.16:004][  0]SourceControl: Info Source control is disabled
[2016.01.15-12.20.16:005][  0]SourceControl: Info Source control is disabled
[2016.01.15-12.20.16:017][  0]SourceControl: Info Source control is disabled
[2016.01.15-12.20.16:030][  0]SourceControl: Info Source control is disabled
[2016.01.15-12.20.16:201][  0]LogLinker:Warning: Asset '../../../Engine/Plugins/Runtime/LeapMotionController/Content/LM_PassthroughMaterial.uasset' has been saved with empty engine version. The asset will be loaded but may be incompatible.
[2016.01.15-12.20.16:282][  0]LogObj: 28361 objects as part of root set at end of initial load.
[2016.01.15-12.20.16:282][  0]LogUObjectAllocator: 6038864 out of 0 bytes used by permanent object pool.
[2016.01.15-12.20.16:330][  0]LogEngine: Initializing Engine...
[2016.01.15-12.20.16:336][  0]LogHMD: Can't find Oculus library dev build: is proper Runtime installed? Version: 0.7.0.0
[2016.01.15-12.20.16:336][  0]LogHMD: SteamVR failed to initialize.  Err: 110
[2016.01.15-12.20.16:436][  0]LogAIModule: Creating AISystem for world NewWorld
[2016.01.15-12.20.16:439][  0]LogInit: XAudio2 using 'Haut-parleurs (Realtek High Definition Audio)' : 2 channels at 48 kHz using 32 bits per sample (channel mask 0x3)
[2016.01.15-12.20.16:458][  0]LogInit: FAudioDevice initialized.
[2016.01.15-12.20.16:483][  0]LogDerivedDataCache: Saved boot cache 0.02s 41MB C:/Users/Melcom/AppData/Local/UnrealEngine/4.9/DerivedDataCache/Boot.ddc.
[2016.01.15-12.20.16:487][  0]LogInit: Texture streaming: Enabled
[2016.01.15-12.20.16:493][  0]LogAnalytics: Creating configured Analytics provider AnalyticsET
[2016.01.15-12.20.16:493][  0]LogAnalytics: [UEEditor.Rocket.Release] APIServer = http://et2.epicgames.com/ET2/. AppVersion = 4.9.2-2707645+++depot+UE4-Releases+4.9
[2016.01.15-12.20.16:493][  0]LogAnalytics: [UEEditor.Rocket.Release] SetUserId 647851c54a12d752e992f5bf4e7e53fb|b55a08fdee9c4555a13251bfef6368e4|069fc93a-90c1-4301-80d1-b5aa819ae568
[2016.01.15-12.20.16:493][  0]LogAnalytics: [UEEditor.Rocket.Release] AnalyticsET::StartSession
[2016.01.15-12.20.16:502][  0]LogWindowsTextInputMethodSystem:Display: IME system now deactivated.
[2016.01.15-12.20.16:518][  0]LogInit: Transaction tracking system initialized
[2016.01.15-12.20.16:544][  0]BlueprintLog: New page: Editor Load
[2016.01.15-12.20.16:615][  0]LocalizationService: Info Localization service is disabled
[2016.01.15-12.20.16:690][  0]LogConsoleResponse:Display: 
[2016.01.15-12.20.16:790][  0]LogCook:Display: Done creating registry. It took  0.00s.
[2016.01.15-12.20.16:846][  0]LogFileCache: Scanning file cache for directory 'D:/Disque C/Isart GD2/Level Design/Travaux/ShadowerFall/Content/' took 0.02s
[2016.01.15-12.20.16:846][  0]SourceControl: Info Source control is disabled
[2016.01.15-12.20.16:846][  0]Cmd: MAP LOAD FILE="D:/Disque C/Isart GD2/Level Design/Travaux/ShadowerFall/Content/FirstPersonBP/Maps/FirstPersonExampleMap.umap" TEMPLATE=0 SHOWPROGRESS=1 FEATURELEVEL=3
[2016.01.15-12.20.16:847][  0]LightingResults: New page: Lighting Build
[2016.01.15-12.20.16:849][  0]MapCheck: New page: Map Check
[2016.01.15-12.20.16:849][  0]LightingResults: New page: Lighting Build
[2016.01.15-12.20.16:860][  0]LogParticles: Destroying 0 GPU particle simulations for FXSystem 0x000000C555B04400
[2016.01.15-12.20.16:989][  0]LogLinker:Warning: Asset 'D:/Disque C/Isart GD2/Level Design/Travaux/ShadowerFall/Content/FirstPerson/Meshes/FirstPersonProjectileMesh.uasset' has been saved with empty engine version. The asset will be loaded but may be incompatible.
[2016.01.15-12.20.17:165][  0]LogLinker:Warning: Can't find file '/Game/FirstPersonBP/Picture/Arrows'
[2016.01.15-12.20.17:165][  0]LogLinker:Warning: Can't find file for asset '/Game/FirstPersonBP/Picture/Arrows' while loading D:/Disque C/Isart GD2/Level Design/Travaux/ShadowerFall/Content/FirstPersonBP/Blueprints/HUD/CustomHUD.uasset.
[2016.01.15-12.20.17:165][  0]LoadErrors:Error: Error /Game/FirstPersonBP/Blueprints/HUD/CustomHUD : Can't find file for asset. /Game/FirstPersonBP/Picture/Arrows
[2016.01.15-12.20.17:166][  0]LogLinker:Warning: Can't find file '/Game/FirstPersonBP/Picture/Arrows'
[2016.01.15-12.20.17:166][  0]LogLinker:Warning: Can't find file for asset '/Game/FirstPersonBP/Picture/Arrows' while loading D:/Disque C/Isart GD2/Level Design/Travaux/ShadowerFall/Content/FirstPersonBP/Blueprints/HUD/CustomHUD.uasset.
[2016.01.15-12.20.17:166][  0]LoadErrors:Error: Error /Game/FirstPersonBP/Blueprints/HUD/CustomHUD : Can't find file for asset. /Game/FirstPersonBP/Picture/Arrows
[2016.01.15-12.20.17:196][  0]LogLinker:Warning: Can't find file '/Game/FirstPersonBP/Picture/Arrows'
[2016.01.15-12.20.17:196][  0]LogLinker:Warning: Can't find file for asset '/Game/FirstPersonBP/Picture/Arrows' while loading D:/Disque C/Isart GD2/Level Design/Travaux/ShadowerFall/Content/FirstPersonBP/Blueprints/Arrows/ArrowNORMAL.uasset.
[2016.01.15-12.20.17:196][  0]LoadErrors:Error: Error /Game/FirstPersonBP/Blueprints/Arrows/ArrowNORMAL : Can't find file for asset. /Game/FirstPersonBP/Picture/Arrows
[2016.01.15-12.20.17:196][  0]LogLinker:Warning: Can't find file '/Game/FirstPersonBP/Picture/Arrows'
[2016.01.15-12.20.17:197][  0]LogLinker:Warning: Can't find file for asset '/Game/FirstPersonBP/Picture/Arrows' while loading D:/Disque C/Isart GD2/Level Design/Travaux/ShadowerFall/Content/FirstPersonBP/Blueprints/Arrows/ArrowNORMAL.uasset.
[2016.01.15-12.20.17:197][  0]LoadErrors:Error: Error /Game/FirstPersonBP/Blueprints/Arrows/ArrowNORMAL : Can't find file for asset. /Game/FirstPersonBP/Picture/Arrows
[2016.01.15-12.20.17:197][  0]LogLinker:Warning: Can't find file '/Game/FirstPersonBP/Picture/Arrows'
[2016.01.15-12.20.17:197][  0]LoadErrors: Info Failed to load /Game/FirstPersonBP/Blueprints/Arrows/ArrowNORMAL.ArrowNORMAL_C Referenced by ProgressBar_134
[2016.01.15-12.20.17:197][  0]LogLinker:Warning: Can't find file for asset '/Game/FirstPersonBP/Picture/Arrows' while loading D:/Disque C/Isart GD2/Level Design/Travaux/ShadowerFall/Content/FirstPersonBP/Blueprints/Arrows/ArrowNORMAL.uasset.
[2016.01.15-12.20.17:197][  0]LoadErrors: Info Failed to load /Game/FirstPersonBP/Blueprints/Arrows/ArrowNORMAL.ArrowNORMAL_C Referenced by ProgressBar_134
[2016.01.15-12.20.17:197][  0]LoadErrors:Error: Error /Game/FirstPersonBP/Blueprints/Arrows/ArrowNORMAL : Can't find file for asset. /Game/FirstPersonBP/Picture/Arrows
[2016.01.15-12.20.17:197][  0]LogLinker:Warning: Can't find file '/Game/FirstPersonBP/Picture/Arrows'
[2016.01.15-12.20.17:197][  0]LoadErrors: Info Failed to load /Game/FirstPersonBP/Blueprints/Arrows/ArrowNORMAL.ArrowNORMAL_C Referenced by ProgressBar_135
[2016.01.15-12.20.17:197][  0]LogLinker:Warning: Can't find file for asset '/Game/FirstPersonBP/Picture/Arrows' while loading D:/Disque C/Isart GD2/Level Design/Travaux/ShadowerFall/Content/FirstPersonBP/Blueprints/Arrows/ArrowNORMAL.uasset.
[2016.01.15-12.20.17:197][  0]LoadErrors: Info Failed to load /Game/FirstPersonBP/Blueprints/Arrows/ArrowNORMAL.ArrowNORMAL_C Referenced by ProgressBar_135
[2016.01.15-12.20.17:197][  0]LoadErrors:Error: Error /Game/FirstPersonBP/Blueprints/Arrows/ArrowNORMAL : Can't find file for asset. /Game/FirstPersonBP/Picture/Arrows
[2016.01.15-12.20.17:198][  0]LogLinker:Warning: Can't find file '/Game/FirstPersonBP/Picture/Arrows'
[2016.01.15-12.20.17:198][  0]LoadErrors: Info Failed to load /Game/FirstPersonBP/Blueprints/Arrows/ArrowNORMAL.ArrowNORMAL_C Referenced by ProgressBar_136
[2016.01.15-12.20.17:198][  0]LogLinker:Warning: Can't find file for asset '/Game/FirstPersonBP/Picture/Arrows' while loading D:/Disque C/Isart GD2/Level Design/Travaux/ShadowerFall/Content/FirstPersonBP/Blueprints/Arrows/ArrowNORMAL.uasset.
[2016.01.15-12.20.17:198][  0]LoadErrors: Info Failed to load /Game/FirstPersonBP/Blueprints/Arrows/ArrowNORMAL.ArrowNORMAL_C Referenced by ProgressBar_136
[2016.01.15-12.20.17:198][  0]LoadErrors:Error: Error /Game/FirstPersonBP/Blueprints/Arrows/ArrowNORMAL : Can't find file for asset. /Game/FirstPersonBP/Picture/Arrows
[2016.01.15-12.20.17:199][  0]LogLinker:Warning: Can't find file '/Game/FirstPersonBP/Picture/Arrows'
[2016.01.15-12.20.17:199][  0]LoadErrors: Info Failed to load /Game/FirstPersonBP/Blueprints/Arrows/ArrowNORMAL.ArrowNORMAL_C Referenced by ProgressBar_134
[2016.01.15-12.20.17:199][  0]LogLinker:Warning: Can't find file for asset '/Game/FirstPersonBP/Picture/Arrows' while loading D:/Disque C/Isart GD2/Level Design/Travaux/ShadowerFall/Content/FirstPersonBP/Blueprints/Arrows/ArrowNORMAL.uasset.
[2016.01.15-12.20.17:199][  0]LoadErrors: Info Failed to load /Game/FirstPersonBP/Blueprints/Arrows/ArrowNORMAL.ArrowNORMAL_C Referenced by ProgressBar_134
[2016.01.15-12.20.17:199][  0]LoadErrors:Error: Error /Game/FirstPersonBP/Blueprints/Arrows/ArrowNORMAL : Can't find file for asset. /Game/FirstPersonBP/Picture/Arrows
[2016.01.15-12.20.17:199][  0]LogLinker:Warning: Can't find file '/Game/FirstPersonBP/Picture/Arrows'
[2016.01.15-12.20.17:199][  0]LoadErrors: Info Failed to load /Game/FirstPersonBP/Blueprints/Arrows/ArrowNORMAL.ArrowNORMAL_C Referenced by ProgressBar_136
[2016.01.15-12.20.17:199][  0]LogLinker:Warning: Can't find file for asset '/Game/FirstPersonBP/Picture/Arrows' while loading D:/Disque C/Isart GD2/Level Design/Travaux/ShadowerFall/Content/FirstPersonBP/Blueprints/Arrows/ArrowNORMAL.uasset.
[2016.01.15-12.20.17:199][  0]LoadErrors: Info Failed to load /Game/FirstPersonBP/Blueprints/Arrows/ArrowNORMAL.ArrowNORMAL_C Referenced by ProgressBar_136
[2016.01.15-12.20.17:199][  0]LoadErrors:Error: Error /Game/FirstPersonBP/Blueprints/Arrows/ArrowNORMAL : Can't find file for asset. /Game/FirstPersonBP/Picture/Arrows
[2016.01.15-12.20.17:199][  0]LogLinker:Warning: Can't find file '/Game/FirstPersonBP/Picture/Arrows'
[2016.01.15-12.20.17:200][  0]LoadErrors: Info Failed to load /Game/FirstPersonBP/Blueprints/Arrows/ArrowNORMAL.ArrowNORMAL_C Referenced by ProgressBar_135
[2016.01.15-12.20.17:200][  0]LogLinker:Warning: Can't find file for asset '/Game/FirstPersonBP/Picture/Arrows' while loading D:/Disque C/Isart GD2/Level Design/Travaux/ShadowerFall/Content/FirstPersonBP/Blueprints/Arrows/ArrowNORMAL.uasset.
[2016.01.15-12.20.17:200][  0]LoadErrors: Info Failed to load /Game/FirstPersonBP/Blueprints/Arrows/ArrowNORMAL.ArrowNORMAL_C Referenced by ProgressBar_135
[2016.01.15-12.20.17:200][  0]LoadErrors:Error: Error /Game/FirstPersonBP/Blueprints/Arrows/ArrowNORMAL : Can't find file for asset. /Game/FirstPersonBP/Picture/Arrows
[2016.01.15-12.20.18:669][  0]LogAIModule: Creating AISystem for world FirstPersonExampleMap
[2016.01.15-12.20.18:686][  0]LogEditorServer: Finished looking for orphan Actors (0.000 secs)
[2016.01.15-12.20.18:687][  0]Cmd: MAP CHECKDEP NOCLEARLOG
[2016.01.15-12.20.18:766][  0]MapCheck: Info Map check complete: 0 Error(s), 0 Warning(s), took 78.518ms to complete.
[2016.01.15-12.20.18:766][  0]LogFileHelpers: Loading map 'FirstPersonExampleMap' took 1.919
[2016.01.15-12.20.18:861][  0]LogCollectionManager: Loaded 0 collections in 0.001937 seconds
[2016.01.15-12.20.18:905][  0]LogFileCache: Scanning file cache for directory 'D:/Disque C/Isart GD2/Level Design/Travaux/ShadowerFall/Saved/Collections/' took 0.01s
[2016.01.15-12.20.18:905][  0]LogFileCache: Scanning file cache for directory 'D:/Disque C/Isart GD2/Level Design/Travaux/ShadowerFall/Content/Developers/Melcom/Collections/' took 0.01s
[2016.01.15-12.20.18:905][  0]LogFileCache: Scanning file cache for directory 'D:/Disque C/Isart GD2/Level Design/Travaux/ShadowerFall/Content/Collections/' took 0.01s
[2016.01.15-12.20.18:905][  0]LogContentBrowser: Native class hierarchy populated in 0.0077 seconds. Added 1867 classes and 333 folders.
[2016.01.15-12.20.18:910][  0]LogCollectionManager: Rebuilt the GUID cache for 0 collections in 0.000002 seconds
[2016.01.15-12.20.18:917][  0]LogContentBrowser: Native class hierarchy updated for 'WidgetCarousel' in 0.0004 seconds. Added 0 classes and 0 folders.
[2016.01.15-12.20.18:969][  0]LogContentBrowser: Native class hierarchy updated for 'AddContentDialog' in 0.0004 seconds. Added 0 classes and 0 folders.
[2016.01.15-12.20.18:973][  0]LogContentBrowser: Native class hierarchy updated for 'SceneOutliner' in 0.0004 seconds. Added 1 classes and 2 folders.
[2016.01.15-12.20.18:998][  0]LogCrashTracker: Crashtracker disabled due to settings.
[2016.01.15-12.20.19:002][  0]LogUObjectGlobals:Warning: Failed to find object 'Class None.'
[2016.01.15-12.20.19:025][  0]LogLoad: Full Startup: 7.50 seconds (BP compile: 0.69 seconds)
[2016.01.15-12.20.19:125][  0]LogContentStreaming: Texture pool size now 1000 MB
[2016.01.15-12.20.19:234][  0]LogRenderer: Reallocating scene render targets to support 1068x556 (Frame:2).
[2016.01.15-12.20.19:341][  1]LogFileCache: Retrieving MD5 hashes for directory 'D:/Disque C/Isart GD2/Level Design/Travaux/ShadowerFall/Content/' took 0.29s
[2016.01.15-12.20.19:759][  9]LogAssetRegistry: Asset discovery search completed in 3.9323 seconds
[2016.01.15-12.20.19:759][  9]LogCollectionManager: Rebuilt the object cache for 0 collections in 0.000001 seconds (found 0 objects)
[2016.01.15-12.20.19:759][  9]LogCollectionManager: Fixed up redirectors for 0 collections in 0.000020 seconds (updated 0 objects)
[2016.01.15-12.20.34:506][874]LogAIModule: Creating AISystem for world Tutorial_Hub
[2016.01.15-12.20.34:522][874]LogActorComponent: UnregisterComponent: (/Engine/Transient.CharMoveComp) Not registered. Aborting.
[2016.01.15-12.20.34:522][874]LogActorComponent: UnregisterComponent: (/Engine/Transient.CharacterMovementComponent_0) Not registered. Aborting.
[2016.01.15-12.20.34:522][874]LogActorComponent: UnregisterComponent: (/Engine/Transient.CharacterMovementComponent_1) Not registered. Aborting.
[2016.01.15-12.20.34:522][874]LogActorComponent: UnregisterComponent: (/Engine/Transient.PawnSensing_GEN_VARIABLE) Not registered. Aborting.
[2016.01.15-12.20.34:522][874]LogActorComponent: UnregisterComponent: (/Engine/Transient.ProjectileMovementComponent_40__A6522401) Not registered. Aborting.
[2016.01.15-12.20.34:609][874]Cmd: MAP LOAD FILE="D:/Disque C/Isart GD2/Level Design/Travaux/ShadowerFall/Content/FirstPersonBP/Maps/Tutorial_Hub.umap" TEMPLATE=0 SHOWPROGRESS=1 FEATURELEVEL=3
[2016.01.15-12.20.34:609][874]LightingResults: New page: Lighting Build
[2016.01.15-12.20.34:635][874]LoadErrors: New page: Loading map: Tutorial_Hub.umap
[2016.01.15-12.20.34:636][874]MapCheck: New page: Map Check
[2016.01.15-12.20.34:636][874]LightingResults: New page: Lighting Build
[2016.01.15-12.20.34:654][874]LogParticles: Destroying 0 GPU particle simulations for FXSystem 0x000000C55E80B240
[2016.01.15-12.20.34:664][874]LogEditorServer: Finished looking for orphan Actors (0.000 secs)
[2016.01.15-12.20.34:690][874]Cmd: MAP CHECKDEP NOCLEARLOG
[2016.01.15-12.20.34:780][874]MapCheck: Info Map check complete: 0 Error(s), 0 Warning(s), took 89.024ms to complete.
[2016.01.15-12.20.34:781][874]LogFileHelpers: Loading map 'Tutorial_Hub' took 0.174
[2016.01.15-12.20.44:176][426]MapCheck: New page: Map Check
[2016.01.15-12.20.44:192][426]Cmd: MAP REBUILD ALLVISIBLE
[2016.01.15-12.20.44:193][426]LogEditorServer: Rebuildmap Clear paths rebuilt
[2016.01.15-12.20.44:232][426]LogActorComponent: UnregisterComponent: (/Engine/Transient.CharMoveComp) Not registered. Aborting.
[2016.01.15-12.20.44:232][426]LogActorComponent: UnregisterComponent: (/Engine/Transient.CharacterMovementComponent_2) Not registered. Aborting.
[2016.01.15-12.20.44:232][426]LogActorComponent: UnregisterComponent: (/Engine/Transient.CharacterMovementComponent_3) Not registered. Aborting.
[2016.01.15-12.20.44:232][426]LogActorComponent: UnregisterComponent: (/Engine/Transient.PawnSensing_GEN_VARIABLE) Not registered. Aborting.
[2016.01.15-12.20.44:232][426]LogActorComponent: UnregisterComponent: (/Engine/Transient.ProjectileMovementComponent_40__A6522401) Not registered. Aborting.
[2016.01.15-12.20.44:251][426]MapCheck:Warning: Warning WorldSettings_1 Hierarchical LOD System is disabled or no HLOD level settings available, unable to build LOD actors. 
[2016.01.15-12.20.44:251][426]LogStats:          STAT_HLOD_BuildClusters - 19.298 ms
[2016.01.15-12.20.44:251][426]LightingResults: New page: Lighting Build - Jan 15, 2016, 2:20:44 AM
[2016.01.15-12.20.47:127][426]LogStaticLightingSystem:Warning: No importance volume found, so the scene bounding box was used.  You can optimize your scene's quality and lighting build times by adding importance volumes.
[2016.01.15-12.20.47:128][426]LogStaticLightingSystem: Running Lightmass w/ ImmediateImport mode ENABLED
[2016.01.15-12.20.47:128][426]LogStaticLightingSystem: Running Lightmass w/ ImmediateProcess mode ENABLED
[2016.01.15-12.20.47:128][426]LogStaticLightingSystem: Running Lightmass w/ Sorting mode ENABLED
[2016.01.15-12.20.47:128][426]LogStaticLightingSystem: Running Lightmass w/ Mapping paddings ENABLED
[2016.01.15-12.20.47:128][426]LogStaticLightingSystem: Running Lightmass w/ Mapping debug paddings DISABLED
[2016.01.15-12.20.47:358][426]LogEditorBuildUtils: Build time 0:00:03
[2016.01.15-12.20.47:367][426]LogMaterial: Missing cached shader map for material FLightmassMaterialRenderer MaterialInstanceDynamic_25, compiling. 
[2016.01.15-12.20.47:376][426]LogMaterial: Missing cached shader map for material FLightmassMaterialRenderer MaterialInstanceDynamic_25, compiling. 
[2016.01.15-12.20.47:448][427]LogMaterial: Missing cached shader map for material FLightmassMaterialRenderer Blanc, compiling. 
[2016.01.15-12.20.47:455][427]LogMaterial: Missing cached shader map for material FLightmassMaterialRenderer Blanc, compiling. 
[2016.01.15-12.20.47:566][429]LogMaterial: Missing cached shader map for material FLightmassMaterialRenderer HUBPILLIERS, compiling. 
[2016.01.15-12.20.47:571][429]LogMaterial: Missing cached shader map for material FLightmassMaterialRenderer HUBPILLIERS, compiling. 
[2016.01.15-12.20.47:611][430]LogMaterial: Missing cached shader map for material FLightmassMaterialRenderer HUB, compiling. 
[2016.01.15-12.20.47:617][430]LogMaterial: Missing cached shader map for material FLightmassMaterialRenderer HUB, compiling. 
[2016.01.15-12.20.55:388][759]Job is a success!
[2016.01.15-12.20.55:699][760]LogTexture:Display: Building textures: HQ_Lightmap0_1 (AutoDXT)
[2016.01.15-12.20.55:788][760]LogTexture:Display: Building textures: LQ_Lightmap_1_17 (DXT1)
[2016.01.15-12.20.55:788][760]LogTexture:Display: Building textures: HQ_Lightmap1_17 (AutoDXT)
[2016.01.15-12.20.55:789][760]LogTexture:Display: Building textures: LQ_Lightmap_1_16 (DXT1)
[2016.01.15-12.20.55:790][760]LogTexture:Display: Building textures: HQ_Lightmap1_16 (AutoDXT)
[2016.01.15-12.20.55:793][760]LogTexture:Display: Building textures: LQ_Lightmap_1_15 (DXT1)
[2016.01.15-12.20.55:794][760]LogTexture:Display: Building textures: HQ_Lightmap1_15 (AutoDXT)
[2016.01.15-12.20.55:797][760]LogTexture:Display: Building textures: LQ_Lightmap_1_14 (DXT1)
[2016.01.15-12.20.55:800][760]LogTexture:Display: Building textures: HQ_Lightmap1_14 (AutoDXT)
[2016.01.15-12.20.55:805][760]LogTexture:Display: Building textures: LQ_Lightmap_1_13 (DXT1)
[2016.01.15-12.20.55:806][760]LogTexture:Display: Building textures: HQ_Lightmap1_13 (AutoDXT)
[2016.01.15-12.20.55:807][760]LogTexture:Display: Building textures: LQ_Lightmap_1_12 (DXT1)
[2016.01.15-12.20.55:810][760]LogTexture:Display: Building textures: HQ_Lightmap1_12 (AutoDXT)
[2016.01.15-12.20.55:817][760]LogTexture:Display: Building textures: LQ_Lightmap_1_11 (DXT1)
[2016.01.15-12.20.55:819][760]LogTexture:Display: Building textures: HQ_Lightmap1_11 (AutoDXT)
[2016.01.15-12.20.55:823][760]LogTexture:Display: Building textures: LQ_Lightmap_1_10 (DXT1)
[2016.01.15-12.20.55:825][760]LogTexture:Display: Building textures: HQ_Lightmap1_10 (AutoDXT)
[2016.01.15-12.20.55:830][760]LogTexture:Display: Building textures: LQ_Lightmap_1_9 (DXT1)
[2016.01.15-12.20.55:833][760]LogTexture:Display: Building textures: HQ_Lightmap1_9 (AutoDXT)
[2016.01.15-12.20.55:837][760]LogTexture:Display: Building textures: LQ_Lightmap_1_8 (DXT1)
[2016.01.15-12.20.55:838][760]LogTexture:Display: Building textures: HQ_Lightmap1_8 (AutoDXT)
[2016.01.15-12.20.55:842][760]LogTexture:Display: Building textures: LQ_Lightmap_1_7 (DXT1)
[2016.01.15-12.20.55:853][760]LogTexture:Display: Building textures: HQ_Lightmap1_7 (AutoDXT)
[2016.01.15-12.20.55:864][760]LogTexture:Display: Building textures: LQ_Lightmap_1_6 (DXT1)
[2016.01.15-12.20.55:875][760]LogTexture:Display: Building textures: HQ_Lightmap1_6 (AutoDXT)
[2016.01.15-12.20.55:904][760]LogTexture:Display: Building textures: LQ_Lightmap_1_5 (DXT1)
[2016.01.15-12.20.55:908][760]LogTexture:Display: Building textures: HQ_Lightmap1_5 (AutoDXT)
[2016.01.15-12.20.55:914][760]LogTexture:Display: Building textures: LQ_Lightmap_1_4 (DXT1)
[2016.01.15-12.20.55:915][760]LogTexture:Display: Building textures: HQ_Lightmap1_4 (AutoDXT)
[2016.01.15-12.20.55:916][760]LogTexture:Display: Building textures: LQ_Lightmap_1_3 (DXT1)
[2016.01.15-12.20.55:917][760]LogTexture:Display: Building textures: HQ_Lightmap1_3 (AutoDXT)
[2016.01.15-12.20.55:918][760]LogTexture:Display: Building textures: LQ_Lightmap_0_2 (DXT1)
[2016.01.15-12.20.55:920][760]LogTexture:Display: Building textures: HQ_Lightmap0_2 (AutoDXT)
[2016.01.15-12.20.55:926][760]LogTexture:Display: Building textures: LQ_Lightmap_0_1 (DXT1)
[2016.01.15-12.20.56:099][760]LogTexture:Display: Building textures: ShadowMapTexture2D_0 (G8)
[2016.01.15-12.20.56:132][760]LogTexture:Display: Building textures: ShadowMapTexture2D_1 (G8)
[2016.01.15-12.20.56:136][760]LogTexture:Display: Building textures: ShadowMapTexture2D_2 (G8)
[2016.01.15-12.20.56:139][760]LogTexture:Display: Building textures: ShadowMapTexture2D_3 (G8)
[2016.01.15-12.20.56:143][760]LogTexture:Display: Building textures: ShadowMapTexture2D_4 (G8)
[2016.01.15-12.20.56:145][760]LogTexture:Display: Building textures: ShadowMapTexture2D_5 (G8)
[2016.01.15-12.20.56:148][760]LogTexture:Display: Building textures: ShadowMapTexture2D_6 (G8)
[2016.01.15-12.20.56:150][760]LogTexture:Display: Building textures: ShadowMapTexture2D_7 (G8)
[2016.01.15-12.20.56:153][760]LogTexture:Display: Building textures: ShadowMapTexture2D_8 (G8)
[2016.01.15-12.20.56:155][760]LogTexture:Display: Building textures: ShadowMapTexture2D_9 (G8)
[2016.01.15-12.20.56:158][760]LogTexture:Display: Building textures: ShadowMapTexture2D_10 (G8)
[2016.01.15-12.20.56:159][760]LogTexture:Display: Building textures: ShadowMapTexture2D_11 (G8)
[2016.01.15-12.20.56:189][760]Lightmass on MELCOM: 6.33 sec total, 254 ms importing, 6 ms setup, 880 ms photons, 5.16 sec processing, 0 ms extra exporting [122/122 mappings]. Threads: 35.9 sec total, 24.4 sec processing.
[2016.01.15-12.20.56:230][760]LogStaticLightingSystem: Illumination: 11.9 sec (574 ms encoding lightmaps)
[2016.01.15-12.20.56:230][760]LogStaticLightingSystem: Lightmap texture memory:  2.1 MB (0.8 MB streaming, 1.3 MB non-streaming), 34 textures
[2016.01.15-12.20.56:230][760]LogStaticLightingSystem: Shadowmap texture memory: 0.8 MB (0.1 MB streaming, 0.7 MB non-streaming), 12 textures
[2016.01.15-12.20.57:138][761]Cmd: MAP CHECK NOTIFYRESULTS
[2016.01.15-12.20.57:138][761]MapCheck: New page: Tutorial_Hub - Jan 15, 2016, 2:20:57 AM
[2016.01.15-12.20.57:238][761]MapCheck: Info Map check complete: 0 Error(s), 0 Warning(s), took 99.378ms to complete.
[2016.01.15-12.21.04:479][166]LogSavePackage: Save=260.740906ms
[2016.01.15-12.21.04:479][166]LogSavePackage: Moving 'D:/Disque C/Isart GD2/Level Design/Travaux/ShadowerFall/Saved/UEDPCTutorial_HubB5CC015448538CE5F2897BBCB8B7D4AB.tmp' to 'D:/Disque C/Isart GD2/Level Design/Travaux/ShadowerFall/Saved/Autosaves/Game/FirstPersonBP/Maps/UEDPCTutorial_Hub.umap'
[2016.01.15-12.21.04:480][166]LogSavePackage: Total save time: 269.528810ms
[2016.01.15-12.21.04:480][166]LogSavePackage:Warning: Finished SavePackage D:/Disque C/Isart GD2/Level Design/Travaux/ShadowerFall/Saved/Autosaves/Game/FirstPersonBP/Maps/UEDPCTutorial_Hub.umap
[2016.01.15-12.24.32:989][619]LogSavePackage: Save=251.142929ms
[2016.01.15-12.24.32:989][619]LogSavePackage: Moving 'D:/Disque C/Isart GD2/Level Design/Travaux/ShadowerFall/Saved/Tutorial_Hub46B1AF514646784DEA5007BB569D9594.tmp' to 'D:/Disque C/Isart GD2/Level Design/Travaux/ShadowerFall/Content/FirstPersonBP/Maps/Tutorial_Hub.umap'
[2016.01.15-12.24.32:990][619]LogSavePackage: Total save time: 259.382818ms
[2016.01.15-12.24.32:990][619]LogSavePackage:Warning: Finished SavePackage D:/Disque C/Isart GD2/Level Design/Travaux/ShadowerFall/Content/FirstPersonBP/Maps/Tutorial_Hub.umap
[2016.01.15-12.24.33:014][619]LogFileHelpers: Saving map 'Tutorial_Hub' took 0.397
[2016.01.15-12.24.33:022][619]Cmd: MAP LOAD FILE="D:/Disque C/Isart GD2/Level Design/Travaux/ShadowerFall/Content/FirstPersonBP/Maps/Tutorial_Hub.umap" TEMPLATE=0 SHOWPROGRESS=1 FEATURELEVEL=3
[2016.01.15-12.24.33:022][619]LightingResults: New page: Lighting Build
[2016.01.15-12.24.33:049][619]LoadErrors: New page: Loading map: Tutorial_Hub.umap
[2016.01.15-12.24.33:050][619]MapCheck: New page: Map Check
[2016.01.15-12.24.33:050][619]LightingResults: New page: Lighting Build
[2016.01.15-12.24.33:071][619]LogParticles: Destroying 0 GPU particle simulations for FXSystem 0x000000C55E7D91C0
[2016.01.15-12.24.33:155][619]LogAIModule: Creating AISystem for world Tutorial_Hub
[2016.01.15-12.24.33:162][619]LogEditorServer: Finished looking for orphan Actors (0.000 secs)
[2016.01.15-12.24.33:190][619]Cmd: MAP CHECKDEP NOCLEARLOG
[2016.01.15-12.24.33:277][619]MapCheck: Info Map check complete: 0 Error(s), 0 Warning(s), took 86.763ms to complete.
[2016.01.15-12.24.33:278][619]LogFileHelpers: Loading map 'Tutorial_Hub' took 0.259
[2016.01.15-12.24.39:075][959]LogActorComponent: UnregisterComponent: (/Engine/Transient.CharMoveComp) Not registered. Aborting.
[2016.01.15-12.24.39:075][959]LogActorComponent: UnregisterComponent: (/Engine/Transient.CharacterMovementComponent_4) Not registered. Aborting.
[2016.01.15-12.24.39:075][959]LogActorComponent: UnregisterComponent: (/Engine/Transient.CharacterMovementComponent_5) Not registered. Aborting.
[2016.01.15-12.24.39:075][959]LogActorComponent: UnregisterComponent: (/Engine/Transient.PawnSensing_GEN_VARIABLE) Not registered. Aborting.
[2016.01.15-12.24.39:075][959]LogActorComponent: UnregisterComponent: (/Engine/Transient.ProjectileMovementComponent_40__A6522401) Not registered. Aborting.
[2016.01.15-12.24.39:398][959]LogSavePackage: Save=253.149841ms
[2016.01.15-12.24.39:398][959]LogSavePackage: Moving 'D:/Disque C/Isart GD2/Level Design/Travaux/ShadowerFall/Saved/UEDPCTutorial_Hub9EDA3D8D489C205AF4EF8A89058E0A05.tmp' to 'D:/Disque C/Isart GD2/Level Design/Travaux/ShadowerFall/Saved/Autosaves/Game/FirstPersonBP/Maps/UEDPCTutorial_Hub.umap'
[2016.01.15-12.24.39:399][959]LogSavePackage: Total save time: 260.181919ms
[2016.01.15-12.24.39:399][959]LogSavePackage:Warning: Finished SavePackage D:/Disque C/Isart GD2/Level Design/Travaux/ShadowerFall/Saved/Autosaves/Game/FirstPersonBP/Maps/UEDPCTutorial_Hub.umap
[2016.01.15-12.28.19:343][600]LogAIModule: Creating AISystem for world Tutorial_Weapons
[2016.01.15-12.28.19:408][600]Cmd: MAP LOAD FILE="D:/Disque C/Isart GD2/Level Design/Travaux/ShadowerFall/Content/FirstPersonBP/Maps/Tutorial_Weapons.umap" TEMPLATE=0 SHOWPROGRESS=1 FEATURELEVEL=3
[2016.01.15-12.28.19:408][600]LightingResults: New page: Lighting Build
[2016.01.15-12.28.19:434][600]LoadErrors: New page: Loading map: Tutorial_Weapons.umap
[2016.01.15-12.28.19:435][600]MapCheck: New page: Map Check
[2016.01.15-12.28.19:435][600]LightingResults: New page: Lighting Build
[2016.01.15-12.28.19:490][600]LogParticles: Destroying 0 GPU particle simulations for FXSystem 0x000000C56A125BC0
[2016.01.15-12.28.19:490][600]LogEditorServer: Finished looking for orphan Actors (0.000 secs)
[2016.01.15-12.28.19:517][600]Cmd: MAP CHECKDEP NOCLEARLOG
[2016.01.15-12.28.19:608][600]MapCheck: Info Map check complete: 0 Error(s), 0 Warning(s), took 90.367ms to complete.
[2016.01.15-12.28.19:609][600]LogFileHelpers: Loading map 'Tutorial_Weapons' took 0.204
[2016.01.15-12.28.25:440][920]LogLinker:Warning: Asset '../../../Engine/Content/ArtTools/RenderToTexture/Macros/RenderToTextureMacros.uasset' has been saved with empty engine version. The asset will be loaded but may be incompatible.
[2016.01.15-12.28.25:943][920]LogContentBrowser: Native class hierarchy updated for 'BlueprintGraph' in 0.0007 seconds. Added 107 classes and 0 folders.
[2016.01.15-12.28.44:108][636]LogBlueprintUserMessages: CustomizeDetails for Blueprint 'Tutorial_Weapons', cached variable property's owner is '/Game/FirstPersonBP/Blueprints/FirstPersonCharacter.FirstPersonCharacter_C'
[2016.01.15-12.28.55:220][115]BlueprintLog: New page: Compile Tutorial_Weapons
[2016.01.15-12.28.55:346][115]LogBlueprint:Error: [compiler Tutorial_Weapons] Error This blueprint (self) is not a FirstPersonCharacter_C, therefore ' Target ' must have a connection.
[2016.01.15-12.28.55:346][115]LogBlueprint:Error: [compiler Tutorial_Weapons] Error Variable node  Set Fleche_Ammo_Global  uses an invalid target.  It may depend on a node that is not connected to the execution chain, and got purged.
[2016.01.15-12.28.55:500][115]LogActorComponent: UnregisterComponent: (/Engine/Transient.CharMoveComp) Not registered. Aborting.
[2016.01.15-12.28.55:500][115]LogActorComponent: UnregisterComponent: (/Engine/Transient.CharacterMovementComponent_6) Not registered. Aborting.
[2016.01.15-12.28.55:500][115]LogActorComponent: UnregisterComponent: (/Engine/Transient.CharacterMovementComponent_7) Not registered. Aborting.
[2016.01.15-12.28.55:500][115]LogActorComponent: UnregisterComponent: (/Engine/Transient.PawnSensing_GEN_VARIABLE) Not registered. Aborting.
[2016.01.15-12.28.55:500][115]LogActorComponent: UnregisterComponent: (/Engine/Transient.ProjectileMovementComponent_40__A6522401) Not registered. Aborting.
[2016.01.15-12.28.55:500][115]LogActorComponent: UnregisterComponent: (/Engine/Transient.ProjectileMovementComponent_0) Not registered. Aborting.
[2016.01.15-12.28.55:500][115]LogActorComponent: UnregisterComponent: (/Engine/Transient.ProjectileMovementComponent_1) Not registered. Aborting.
[2016.01.15-12.28.55:500][115]LogActorComponent: UnregisterComponent: (/Engine/Transient.ProjectileMovementComponent_2) Not registered. Aborting.
[2016.01.15-12.28.55:500][115]LogActorComponent: UnregisterComponent: (/Engine/Transient.ProjectileMovementComponent_3) Not registered. Aborting.
[2016.01.15-12.28.55:500][115]LogActorComponent: UnregisterComponent: (/Engine/Transient.CharacterMovementComponent_8) Not registered. Aborting.
[2016.01.15-12.28.55:551][115]LogBlueprint:Warning: [compiler Tutorial_Weapons] Warning [0524.02] Compile of Tutorial_Weapons failed. 2 Fatal Issue(s) 0 Warning(s) [in 330 ms]
[2016.01.15-12.28.55:551][115]BlueprintEditorCompileResults:Error: Error This blueprint (self) is not a FirstPersonCharacter_C, therefore ' Target ' must have a connection.
[2016.01.15-12.28.55:551][115]BlueprintEditorCompileResults:Error: Error Variable node  Set Fleche_Ammo_Global  uses an invalid target.  It may depend on a node that is not connected to the execution chain, and got purged.
[2016.01.15-12.28.55:551][115]BlueprintEditorCompileResults:Warning: Warning [0524.02] Compile of Tutorial_Weapons failed. 2 Fatal Issue(s) 0 Warning(s) [in 330 ms]
[2016.01.15-12.29.11:174][806]LogBlueprintUserMessages: CustomizeDetails for Blueprint 'Tutorial_Weapons', cached variable property's owner is '/Game/FirstPersonBP/Blueprints/FirstPersonCharacter.FirstPersonCharacter_C'
[2016.01.15-12.29.24:100][356]LogBlueprintUserMessages: CustomizeDetails for Blueprint 'Tutorial_Weapons', cached variable property's owner is '/Game/FirstPersonBP/Blueprints/FirstPersonCharacter.FirstPersonCharacter_C'
[2016.01.15-12.29.25:794][441]LogBlueprintUserMessages: CustomizeDetails for Blueprint 'Tutorial_Weapons', cached variable property's owner is '/Game/FirstPersonBP/Blueprints/FirstPersonCharacter.FirstPersonCharacter_C'
[2016.01.15-12.29.31:514][715]LogBlueprintUserMessages: CustomizeDetails for Blueprint 'Tutorial_Weapons', cached variable property's owner is '/Game/FirstPersonBP/Blueprints/FirstPersonCharacter.FirstPersonCharacter_C'
[2016.01.15-12.29.48:202][341]LogBlueprint:Error: [compiler Tutorial_Weapons] Error This blueprint (self) is not a FirstPersonCharacter_C, therefore ' Target ' must have a connection.
[2016.01.15-12.29.48:203][341]LogBlueprint:Error: [compiler Tutorial_Weapons] Error This blueprint (self) is not a FirstPersonCharacter_C, therefore ' Target ' must have a connection.
[2016.01.15-12.29.48:203][341]LogBlueprint:Error: [compiler Tutorial_Weapons] Error This blueprint (self) is not a FirstPersonCharacter_C, therefore ' Target ' must have a connection.
[2016.01.15-12.29.48:203][341]LogBlueprint:Error: [compiler Tutorial_Weapons] Error This blueprint (self) is not a FirstPersonCharacter_C, therefore ' Target ' must have a connection.
[2016.01.15-12.29.48:203][341]LogBlueprint:Error: [compiler Tutorial_Weapons] Error Variable node  Set Fleche_Ammo_Global  uses an invalid target.  It may depend on a node that is not connected to the execution chain, and got purged.
[2016.01.15-12.29.48:204][341]LogBlueprint:Error: [compiler Tutorial_Weapons] Error Variable node  Set Fleche_Ammo_Global  uses an invalid target.  It may depend on a node that is not connected to the execution chain, and got purged.
[2016.01.15-12.29.48:205][341]LogBlueprint:Error: [compiler Tutorial_Weapons] Error Variable node  Set Fleche_Ammo_Global  uses an invalid target.  It may depend on a node that is not connected to the execution chain, and got purged.
[2016.01.15-12.29.48:205][341]LogBlueprint:Error: [compiler Tutorial_Weapons] Error Variable node  Set Fleche_Ammo_Global  uses an invalid target.  It may depend on a node that is not connected to the execution chain, and got purged.
[2016.01.15-12.29.48:350][341]LogBlueprint:Warning: [compiler Tutorial_Weapons] Warning [0576.82] Compile of Tutorial_Weapons failed. 8 Fatal Issue(s) 0 Warning(s) [in 222 ms]
[2016.01.15-12.29.48:351][341]LogBlueprint:Warning: [compiler Tutorial_Weapons] Warning [0576.82] Compile of Tutorial_Weapons failed. 8 Fatal Issue(s) 1 Warning(s) [in 0 ms]
[2016.01.15-12.29.48:351][341]LogBlueprint:Warning: [compiler Tutorial_Weapons] Warning [0576.82] Compile of Tutorial_Weapons failed. 8 Fatal Issue(s) 2 Warning(s) [in 0 ms]
[2016.01.15-12.29.48:351][341]LogBlueprint:Warning: [compiler Tutorial_Weapons] Warning [0576.82] Compile of Tutorial_Weapons failed. 8 Fatal Issue(s) 3 Warning(s) [in 0 ms]
[2016.01.15-12.29.48:354][341]LogBlueprint:Warning: [compiler Tutorial_Weapons] Warning [0576.83] Compile of Tutorial_Weapons failed. 8 Fatal Issue(s) 4 Warning(s) [in 2 ms]
[2016.01.15-12.29.48:355][341]LogBlueprint:Warning: [compiler Tutorial_Weapons] Warning [0576.83] Compile of Tutorial_Weapons failed. 8 Fatal Issue(s) 5 Warning(s) [in 0 ms]
[2016.01.15-12.29.48:961][341]LogSavePackage: Save=865.444519ms
[2016.01.15-12.29.48:961][341]LogSavePackage: Moving 'D:/Disque C/Isart GD2/Level Design/Travaux/ShadowerFall/Saved/UEDPCTutorial_Weapons471BE6494F24DB78F28B4BB181BB61A5.tmp' to 'D:/Disque C/Isart GD2/Level Design/Travaux/ShadowerFall/Saved/Autosaves/Game/FirstPersonBP/Maps/UEDPCTutorial_Weapons.umap'
[2016.01.15-12.29.48:962][341]LogSavePackage: Total save time: 879.052311ms
[2016.01.15-12.29.48:962][341]LogSavePackage:Warning: Finished SavePackage D:/Disque C/Isart GD2/Level Design/Travaux/ShadowerFall/Saved/Autosaves/Game/FirstPersonBP/Maps/UEDPCTutorial_Weapons.umap
[2016.01.15-12.30.18:935][392]LogBlueprintUserMessages: CustomizeDetails for Blueprint 'Tutorial_Weapons', cached variable property's owner is '/Game/FirstPersonBP/Blueprints/FirstPersonCharacter.FirstPersonCharacter_C'
[2016.01.15-12.30.25:100][651]LogBlueprintUserMessages: CustomizeDetails for Blueprint 'Tutorial_Weapons', cached variable property's owner is '/Game/FirstPersonBP/Blueprints/FirstPersonCharacter.FirstPersonCharacter_C'
[2016.01.15-12.30.30:432][832]BlueprintLog: New page: Compile Tutorial_Weapons
[2016.01.15-12.30.30:652][832]BlueprintEditorCompileResults: Info [0619.13] Compile of Tutorial_Weapons successful! [in 219 ms]
[2016.01.15-12.30.42:227][469]LogBlueprintUserMessages: Early PlayInEditor Detection: Level '/Game/FirstPersonBP/Maps/Tutorial_Weapons.Tutorial_Weapons:PersistentLevel' has LevelScriptBlueprint '/Game/FirstPersonBP/Maps/Tutorial_Weapons.Tutorial_Weapons:PersistentLevel.Tutorial_Weapons' with GeneratedClass '/Game/FirstPersonBP/Maps/Tutorial_Weapons.Tutorial_Weapons_C' with ClassGeneratedBy '/Game/FirstPersonBP/Maps/Tutorial_Weapons.Tutorial_Weapons:PersistentLevel.Tutorial_Weapons'
[2016.01.15-12.30.42:227][469]LogPlayLevel: PlayLevel: No blueprints needed recompiling
[2016.01.15-12.30.42:227][469]PIE: New page: SIE session: Tutorial_Weapons (Jan 15, 2016, 2:30:42 AM)
[2016.01.15-12.30.42:227][469]LogPlayLevel: Creating play world package: /Game/FirstPersonBP/Maps/UEDPIE_0_Tutorial_Weapons
[2016.01.15-12.30.42:344][469]LogPlayLevel: PIE: StaticDuplicateObject took: (0.116908s)
[2016.01.15-12.30.42:345][469]LogAIModule: Creating AISystem for world Tutorial_Weapons
[2016.01.15-12.30.42:345][469]LogPlayLevel: PIE: World Init took: (0.000919s)
[2016.01.15-12.30.42:345][469]LogPlayLevel: PIE: Created PIE world by copying editor world from /Game/FirstPersonBP/Maps/Tutorial_Weapons.Tutorial_Weapons to /Game/FirstPersonBP/Maps/UEDPIE_0_Tutorial_Weapons.Tutorial_Weapons (0.118094s)
[2016.01.15-12.30.42:382][469]LogInit: XAudio2 using 'Haut-parleurs (Realtek High Definition Audio)' : 2 channels at 48 kHz using 32 bits per sample (channel mask 0x3)
[2016.01.15-12.30.42:390][469]LogInit: FAudioDevice initialized.
[2016.01.15-12.30.42:441][469]LogWorld: Game class is 'FirstPersonGameMode_C'
[2016.01.15-12.30.42:481][469]LogWorld: Bringing World /Game/FirstPersonBP/Maps/UEDPIE_0_Tutorial_Weapons.Tutorial_Weapons up for play (max tick rate 60) at 2016.01.15-07.30.42
[2016.01.15-12.30.42:481][469]LogActor:Warning: GameSession /Game/FirstPersonBP/Maps/UEDPIE_0_Tutorial_Weapons.Tutorial_Weapons:PersistentLevel.GameSession_0 has natively added scene component(s), but none of them were set as the actor's RootComponent - picking one arbitrarily
[2016.01.15-12.30.42:481][469]LogActor:Warning: GameNetworkManager /Game/FirstPersonBP/Maps/UEDPIE_0_Tutorial_Weapons.Tutorial_Weapons:PersistentLevel.GameNetworkManager_0 has natively added scene component(s), but none of them were set as the actor's RootComponent - picking one arbitrarily
[2016.01.15-12.30.42:491][469]LogWorld: Bringing up level for play took: 0.048297
[2016.01.15-12.30.42:493][469]PIE: Info Play in editor start time for /Game/FirstPersonBP/Maps/UEDPIE_0_Tutorial_Weapons 0.512
[2016.01.15-12.30.42:503][469]LogBlueprintUserMessages: Late PlayInEditor Detection: Level '/Game/FirstPersonBP/Maps/Tutorial_Weapons.Tutorial_Weapons:PersistentLevel' has LevelScriptBlueprint '/Game/FirstPersonBP/Maps/Tutorial_Weapons.Tutorial_Weapons:PersistentLevel.Tutorial_Weapons' with GeneratedClass '/Game/FirstPersonBP/Maps/Tutorial_Weapons.Tutorial_Weapons_C' with ClassGeneratedBy '/Game/FirstPersonBP/Maps/Tutorial_Weapons.Tutorial_Weapons:PersistentLevel.Tutorial_Weapons'
[2016.01.15-12.30.42:506][469]LogNavigation:Warning: UNavigationSystem::SimpleMoveToActor called for NavSys:NavigationSystem_5 Controller:CustomAIController_C_0 controlling Pawn:NewKamikaze_762 with goal actor None (if any of these is None then there's your problem
[2016.01.15-12.30.42:506][469]LogNavigation:Warning: UNavigationSystem::SimpleMoveToActor called for NavSys:NavigationSystem_5 Controller:CustomAIController_C_1 controlling Pawn:NewKamikaze2_1290 with goal actor None (if any of these is None then there's your problem
[2016.01.15-12.30.42:506][469]LogNavigation:Warning: UNavigationSystem::SimpleMoveToActor called for NavSys:NavigationSystem_5 Controller:CustomAIController_C_2 controlling Pawn:NewKamikaze3 with goal actor None (if any of these is None then there's your problem
[2016.01.15-12.30.42:506][469]LogNavigation:Warning: UNavigationSystem::SimpleMoveToActor called for NavSys:NavigationSystem_5 Controller:CustomAIController_C_3 controlling Pawn:NewKamikaze4 with goal actor None (if any of these is None then there's your problem
[2016.01.15-12.30.42:506][469]LogNavigation:Warning: UNavigationSystem::SimpleMoveToActor called for NavSys:NavigationSystem_5 Controller:CustomAIController_C_4 controlling Pawn:NewKamikaze5_2065 with goal actor None (if any of these is None then there's your problem
[2016.01.15-12.30.42:506][469]LogNavigation:Warning: UNavigationSystem::SimpleMoveToActor called for NavSys:NavigationSystem_5 Controller:CustomAIController_C_5 controlling Pawn:NewKamikaze6_2613 with goal actor None (if any of these is None then there's your problem
[2016.01.15-12.30.42:506][469]LogNavigation:Warning: UNavigationSystem::SimpleMoveToActor called for NavSys:NavigationSystem_5 Controller:CustomAIController_C_6 controlling Pawn:NewKamikaze7_3061 with goal actor None (if any of these is None then there's your problem
[2016.01.15-12.30.42:506][469]LogNavigation:Warning: UNavigationSystem::SimpleMoveToActor called for NavSys:NavigationSystem_5 Controller:CustomAIController_C_7 controlling Pawn:NewKamikaze8_3691 with goal actor None (if any of these is None then there's your problem
[2016.01.15-12.30.46:955][735]LogBlueprintUserMessages: Early EndPlayMap Detection: Level '/Game/FirstPersonBP/Maps/Tutorial_Weapons.Tutorial_Weapons:PersistentLevel' has LevelScriptBlueprint '/Game/FirstPersonBP/Maps/Tutorial_Weapons.Tutorial_Weapons:PersistentLevel.Tutorial_Weapons' with GeneratedClass '/Game/FirstPersonBP/Maps/Tutorial_Weapons.Tutorial_Weapons_C' with ClassGeneratedBy '/Game/FirstPersonBP/Maps/Tutorial_Weapons.Tutorial_Weapons:PersistentLevel.Tutorial_Weapons'
[2016.01.15-12.30.47:006][735]LogBlueprintUserMessages: Late EndPlayMap Detection: Level '/Game/FirstPersonBP/Maps/Tutorial_Weapons.Tutorial_Weapons:PersistentLevel' has LevelScriptBlueprint '/Game/FirstPersonBP/Maps/Tutorial_Weapons.Tutorial_Weapons:PersistentLevel.Tutorial_Weapons' with GeneratedClass '/Game/FirstPersonBP/Maps/Tutorial_Weapons.Tutorial_Weapons_C' with ClassGeneratedBy '/Game/FirstPersonBP/Maps/Tutorial_Weapons.Tutorial_Weapons:PersistentLevel.Tutorial_Weapons'
[2016.01.15-12.30.47:064][736]LogParticles: Destroying 0 GPU particle simulations for FXSystem 0x000000C56B6CEA20
[2016.01.15-12.31.04:341][759]LogBlueprintUserMessages: Early PlayInEditor Detection: Level '/Game/FirstPersonBP/Maps/Tutorial_Weapons.Tutorial_Weapons:PersistentLevel' has LevelScriptBlueprint '/Game/FirstPersonBP/Maps/Tutorial_Weapons.Tutorial_Weapons:PersistentLevel.Tutorial_Weapons' with GeneratedClass '/Game/FirstPersonBP/Maps/Tutorial_Weapons.Tutorial_Weapons_C' with ClassGeneratedBy '/Game/FirstPersonBP/Maps/Tutorial_Weapons.Tutorial_Weapons:PersistentLevel.Tutorial_Weapons'
[2016.01.15-12.31.04:341][759]LogPlayLevel: PlayLevel: No blueprints needed recompiling
[2016.01.15-12.31.04:341][759]PIE: New page: SIE session: Tutorial_Weapons (Jan 15, 2016, 2:31:04 AM)
[2016.01.15-12.31.04:341][759]LogPlayLevel: Creating play world package: /Game/FirstPersonBP/Maps/UEDPIE_0_Tutorial_Weapons
[2016.01.15-12.31.04:457][759]LogPlayLevel: PIE: StaticDuplicateObject took: (0.115377s)
[2016.01.15-12.31.04:457][759]LogAIModule: Creating AISystem for world Tutorial_Weapons
[2016.01.15-12.31.04:458][759]LogPlayLevel: PIE: World Init took: (0.000825s)
[2016.01.15-12.31.04:458][759]LogPlayLevel: PIE: Created PIE world by copying editor world from /Game/FirstPersonBP/Maps/Tutorial_Weapons.Tutorial_Weapons to /Game/FirstPersonBP/Maps/UEDPIE_0_Tutorial_Weapons.Tutorial_Weapons (0.116429s)
[2016.01.15-12.31.04:493][759]LogInit: XAudio2 using 'Haut-parleurs (Realtek High Definition Audio)' : 2 channels at 48 kHz using 32 bits per sample (channel mask 0x3)
[2016.01.15-12.31.04:500][759]LogInit: FAudioDevice initialized.
[2016.01.15-12.31.04:538][759]LogWorld: Game class is 'FirstPersonGameMode_C'
[2016.01.15-12.31.04:577][759]LogWorld: Bringing World /Game/FirstPersonBP/Maps/UEDPIE_0_Tutorial_Weapons.Tutorial_Weapons up for play (max tick rate 60) at 2016.01.15-07.31.04
[2016.01.15-12.31.04:577][759]LogActor:Warning: GameSession /Game/FirstPersonBP/Maps/UEDPIE_0_Tutorial_Weapons.Tutorial_Weapons:PersistentLevel.GameSession_1 has natively added scene component(s), but none of them were set as the actor's RootComponent - picking one arbitrarily
[2016.01.15-12.31.04:577][759]LogActor:Warning: GameNetworkManager /Game/FirstPersonBP/Maps/UEDPIE_0_Tutorial_Weapons.Tutorial_Weapons:PersistentLevel.GameNetworkManager_1 has natively added scene component(s), but none of them were set as the actor's RootComponent - picking one arbitrarily
[2016.01.15-12.31.04:587][759]LogWorld: Bringing up level for play took: 0.047262
[2016.01.15-12.31.04:590][759]PIE: Info Play in editor start time for /Game/FirstPersonBP/Maps/UEDPIE_0_Tutorial_Weapons 0.609
[2016.01.15-12.31.04:592][759]LogBlueprintUserMessages: Late PlayInEditor Detection: Level '/Game/FirstPersonBP/Maps/Tutorial_Weapons.Tutorial_Weapons:PersistentLevel' has LevelScriptBlueprint '/Game/FirstPersonBP/Maps/Tutorial_Weapons.Tutorial_Weapons:PersistentLevel.Tutorial_Weapons' with GeneratedClass '/Game/FirstPersonBP/Maps/Tutorial_Weapons.Tutorial_Weapons_C' with ClassGeneratedBy '/Game/FirstPersonBP/Maps/Tutorial_Weapons.Tutorial_Weapons:PersistentLevel.Tutorial_Weapons'
[2016.01.15-12.31.04:593][759]LogNavigation:Warning: UNavigationSystem::SimpleMoveToActor called for NavSys:NavigationSystem_6 Controller:CustomAIController_C_8 controlling Pawn:NewKamikaze_762 with goal actor None (if any of these is None then there's your problem
[2016.01.15-12.31.04:593][759]LogNavigation:Warning: UNavigationSystem::SimpleMoveToActor called for NavSys:NavigationSystem_6 Controller:CustomAIController_C_9 controlling Pawn:NewKamikaze2_1290 with goal actor None (if any of these is None then there's your problem
[2016.01.15-12.31.04:593][759]LogNavigation:Warning: UNavigationSystem::SimpleMoveToActor called for NavSys:NavigationSystem_6 Controller:CustomAIController_C_10 controlling Pawn:NewKamikaze3 with goal actor None (if any of these is None then there's your problem
[2016.01.15-12.31.04:593][759]LogNavigation:Warning: UNavigationSystem::SimpleMoveToActor called for NavSys:NavigationSystem_6 Controller:CustomAIController_C_11 controlling Pawn:NewKamikaze4 with goal actor None (if any of these is None then there's your problem
[2016.01.15-12.31.04:593][759]LogNavigation:Warning: UNavigationSystem::SimpleMoveToActor called for NavSys:NavigationSystem_6 Controller:CustomAIController_C_12 controlling Pawn:NewKamikaze5_2065 with goal actor None (if any of these is None then there's your problem
[2016.01.15-12.31.04:593][759]LogNavigation:Warning: UNavigationSystem::SimpleMoveToActor called for NavSys:NavigationSystem_6 Controller:CustomAIController_C_13 controlling Pawn:NewKamikaze6_2613 with goal actor None (if any of these is None then there's your problem
[2016.01.15-12.31.04:593][759]LogNavigation:Warning: UNavigationSystem::SimpleMoveToActor called for NavSys:NavigationSystem_6 Controller:CustomAIController_C_14 controlling Pawn:NewKamikaze7_3061 with goal actor None (if any of these is None then there's your problem
[2016.01.15-12.31.04:593][759]LogNavigation:Warning: UNavigationSystem::SimpleMoveToActor called for NavSys:NavigationSystem_6 Controller:CustomAIController_C_15 controlling Pawn:NewKamikaze8_3691 with goal actor None (if any of these is None then there's your problem
[2016.01.15-12.31.07:899][956]LogEditorViewport: Clicking Background
[2016.01.15-12.31.09:092][ 27]LogBlueprintUserMessages: Early EndPlayMap Detection: Level '/Game/FirstPersonBP/Maps/Tutorial_Weapons.Tutorial_Weapons:PersistentLevel' has LevelScriptBlueprint '/Game/FirstPersonBP/Maps/Tutorial_Weapons.Tutorial_Weapons:PersistentLevel.Tutorial_Weapons' with GeneratedClass '/Game/FirstPersonBP/Maps/Tutorial_Weapons.Tutorial_Weapons_C' with ClassGeneratedBy '/Game/FirstPersonBP/Maps/Tutorial_Weapons.Tutorial_Weapons:PersistentLevel.Tutorial_Weapons'
[2016.01.15-12.31.09:160][ 27]LogBlueprintUserMessages: Late EndPlayMap Detection: Level '/Game/FirstPersonBP/Maps/Tutorial_Weapons.Tutorial_Weapons:PersistentLevel' has LevelScriptBlueprint '/Game/FirstPersonBP/Maps/Tutorial_Weapons.Tutorial_Weapons:PersistentLevel.Tutorial_Weapons' with GeneratedClass '/Game/FirstPersonBP/Maps/Tutorial_Weapons.Tutorial_Weapons_C' with ClassGeneratedBy '/Game/FirstPersonBP/Maps/Tutorial_Weapons.Tutorial_Weapons:PersistentLevel.Tutorial_Weapons'
[2016.01.15-12.31.09:217][ 28]LogParticles: Destroying 0 GPU particle simulations for FXSystem 0x000000C50A7CEAC0
[2016.01.15-12.32.06:972][281]LogActorComponent: UnregisterComponent: (/Engine/Transient.CharMoveComp) Not registered. Aborting.
[2016.01.15-12.32.06:973][281]LogActorComponent: UnregisterComponent: (/Engine/Transient.CharacterMovementComponent_9) Not registered. Aborting.
[2016.01.15-12.32.06:973][281]LogActorComponent: UnregisterComponent: (/Engine/Transient.CharacterMovementComponent_10) Not registered. Aborting.
[2016.01.15-12.32.06:974][281]LogActorComponent: UnregisterComponent: (/Engine/Transient.ProjectileMovementComponent_40__A6522401) Not registered. Aborting.
[2016.01.15-12.32.06:974][281]LogActorComponent: UnregisterComponent: (/Engine/Transient.CharacterMovementComponent_11) Not registered. Aborting.
[2016.01.15-12.32.06:974][281]LogActorComponent: UnregisterComponent: (/Engine/Transient.PawnSensing_GEN_VARIABLE) Not registered. Aborting.
[2016.01.15-12.32.06:974][281]LogActorComponent: UnregisterComponent: (/Engine/Transient.ProjectileMovementComponent_4) Not registered. Aborting.
[2016.01.15-12.32.08:028][281]LogSavePackage: Save=808.168213ms
[2016.01.15-12.32.08:028][281]LogSavePackage: Moving 'D:/Disque C/Isart GD2/Level Design/Travaux/ShadowerFall/Saved/Tutorial_Weapons080F8D9B46343DB43F21DB970ACBD603.tmp' to 'D:/Disque C/Isart GD2/Level Design/Travaux/ShadowerFall/Content/FirstPersonBP/Maps/Tutorial_Weapons.umap'
[2016.01.15-12.32.08:030][281]LogSavePackage: Total save time: 816.594284ms
[2016.01.15-12.32.08:030][281]LogSavePackage:Warning: Finished SavePackage D:/Disque C/Isart GD2/Level Design/Travaux/ShadowerFall/Content/FirstPersonBP/Maps/Tutorial_Weapons.umap
[2016.01.15-12.32.08:062][281]LogFileHelpers: Saving map 'Tutorial_Weapons' took 0.995
[2016.01.15-12.33.02:532][181]LogActorComponent: UnregisterComponent: (/Engine/Transient.CharMoveComp) Not registered. Aborting.
[2016.01.15-12.33.02:532][181]LogActorComponent: UnregisterComponent: (/Engine/Transient.PawnSensing_GEN_VARIABLE) Not registered. Aborting.
[2016.01.15-12.33.02:532][181]LogActorComponent: UnregisterComponent: (/Engine/Transient.CharacterMovementComponent_12) Not registered. Aborting.
[2016.01.15-12.33.02:532][181]LogActorComponent: UnregisterComponent: (/Engine/Transient.CharacterMovementComponent_13) Not registered. Aborting.
[2016.01.15-12.33.02:532][181]LogActorComponent: UnregisterComponent: (/Engine/Transient.ProjectileMovementComponent_40__A6522401) Not registered. Aborting.
[2016.01.15-12.33.02:675][181]LogWindowsTextInputMethodSystem:Display: IME system now deactivated.
[2016.01.15-12.33.02:971][182]Cmd: QUIT_EDITOR
[2016.01.15-12.33.04:151][182]LogExit: Preparing to exit.
[2016.01.15-12.33.05:264][182]LogExit: Editor shut down
[2016.01.15-12.33.05:264][182]LogExit: Transaction tracking system shut down
[2016.01.15-12.33.05:271][182]LogParticles: Destroying 0 GPU particle simulations for FXSystem 0x000000C56BABF880
[2016.01.15-12.33.05:271][182]LogParticles: Destroying 0 GPU particle simulations for FXSystem 0x000000C56B764540
[2016.01.15-12.33.05:271][182]LogParticles: Destroying 0 GPU particle simulations for FXSystem 0x000000C578AC7420
[2016.01.15-12.33.05:273][182]LogParticles: Destroying 0 GPU particle simulations for FXSystem 0x000000C56BABC900
[2016.01.15-12.33.05:273][182]LogParticles: Destroying 0 GPU particle simulations for FXSystem 0x000000C55C966660
[2016.01.15-12.33.05:273][182]LogParticles: Destroying 0 GPU particle simulations for FXSystem 0x000000C55CCCAC00
[2016.01.15-12.33.05:426][182]LogExit: Object subsystem successfully closed.
[2016.01.15-12.33.05:440][182]LogD3D11RHI: Shutdown
[2016.01.15-12.33.05:440][182]LogD3D11RHI: CleanupD3DDevice
[2016.01.15-12.33.05:496][182]LogD3D11RHI: ~FD3D11DynamicRHI
[2016.01.15-12.33.05:522][182]LogModuleManager: Shutting down and abandoning module BlueprintGraph (198)
[2016.01.15-12.33.05:522][182]LogModuleManager: Shutting down and abandoning module CrashTracker (197)
[2016.01.15-12.33.05:522][182]LogModuleManager: Shutting down and abandoning module SceneOutliner (196)
[2016.01.15-12.33.05:522][182]LogModuleManager: Shutting down and abandoning module SuperSearch (195)
[2016.01.15-12.33.05:522][182]LogModuleManager: Shutting down and abandoning module WidgetCarousel (194)
[2016.01.15-12.33.05:522][182]LogModuleManager: Shutting down and abandoning module AddContentDialog (193)
[2016.01.15-12.33.05:523][182]LogModuleManager: Shutting down and abandoning module EditorWidgets (192)
[2016.01.15-12.33.05:523][182]LogModuleManager: Shutting down and abandoning module CollectionManager (191)
[2016.01.15-12.33.05:523][182]LogModuleManager: Shutting down and abandoning module StatsViewer (190)
[2016.01.15-12.33.05:523][182]LogModuleManager: Shutting down and abandoning module FoliageEdit (189)
[2016.01.15-12.33.05:523][182]LogModuleManager: Shutting down and abandoning module LandscapeEditor (188)
[2016.01.15-12.33.05:524][182]LogModuleManager: Shutting down and abandoning module ActorPickerMode (187)
[2016.01.15-12.33.05:524][182]LogModuleManager: Shutting down and abandoning module GeometryMode (186)
[2016.01.15-12.33.05:524][182]LogModuleManager: Shutting down and abandoning module TextureAlignMode (185)
[2016.01.15-12.33.05:524][182]LogModuleManager: Shutting down and abandoning module BspMode (184)
[2016.01.15-12.33.05:524][182]LogModuleManager: Shutting down and abandoning module PlacementMode (183)
[2016.01.15-12.33.05:524][182]LogModuleManager: Shutting down and abandoning module AutomationWorker (182)
[2016.01.15-12.33.05:524][182]LogModuleManager: Shutting down and abandoning module CharacterAI (181)
[2016.01.15-12.33.05:524][182]LogModuleManager: Shutting down and abandoning module SmartSnapping (180)
[2016.01.15-12.33.05:524][182]LogModuleManager: Shutting down and abandoning module ViewportSnapping (179)
[2016.01.15-12.33.05:524][182]LogModuleManager: Shutting down and abandoning module LogVisualizer (178)
[2016.01.15-12.33.05:524][182]LogModuleManager: Shutting down and abandoning module GameProjectGeneration (177)
[2016.01.15-12.33.05:524][182]LogModuleManager: Shutting down and abandoning module IntroTutorials (176)
[2016.01.15-12.33.05:524][182]LogModuleManager: Shutting down and abandoning module EditorLiveStreaming (175)
[2016.01.15-12.33.05:524][182]LogModuleManager: Shutting down and abandoning module IOSPlatformEditor (174)
[2016.01.15-12.33.05:524][182]LogModuleManager: Shutting down and abandoning module HTML5PlatformEditor (173)
[2016.01.15-12.33.05:524][182]LogModuleManager: Shutting down and abandoning module AndroidDeviceDetection (172)
[2016.01.15-12.33.06:055][182]LogModuleManager: Shutting down and abandoning module AndroidPlatformEditor (171)
[2016.01.15-12.33.06:055][182]LogModuleManager: Shutting down and abandoning module IOSRuntimeSettings (170)
[2016.01.15-12.33.06:055][182]LogModuleManager: Shutting down and abandoning module AndroidRuntimeSettings (169)
[2016.01.15-12.33.06:055][182]LogModuleManager: Shutting down and abandoning module MergeActors (168)
[2016.01.15-12.33.06:055][182]LogModuleManager: Shutting down and abandoning module SizeMap (167)
[2016.01.15-12.33.06:055][182]LogModuleManager: Shutting down and abandoning module TreeMap (166)
[2016.01.15-12.33.06:055][182]LogModuleManager: Shutting down and abandoning module ReferenceViewer (165)
[2016.01.15-12.33.06:055][182]LogModuleManager: Shutting down and abandoning module LocalizationService (164)
[2016.01.15-12.33.06:055][182]LogModuleManager: Shutting down and abandoning module LocalizationDashboard (163)
[2016.01.15-12.33.06:056][182]LogModuleManager: Shutting down and abandoning module HardwareTargeting (162)
[2016.01.15-12.33.06:056][182]LogModuleManager: Shutting down and abandoning module DeviceProfileEditor (161)
[2016.01.15-12.33.06:056][182]LogModuleManager: Shutting down and abandoning module UndoHistory (160)
[2016.01.15-12.33.06:056][182]LogModuleManager: Shutting down and abandoning module GameplayTagsEditor (159)
[2016.01.15-12.33.06:056][182]LogModuleManager: Shutting down and abandoning module UserFeedback (158)
[2016.01.15-12.33.06:056][182]LogModuleManager: Shutting down and abandoning module XmlParser (157)
[2016.01.15-12.33.06:056][182]LogModuleManager: Shutting down and abandoning module Blutility (156)
[2016.01.15-12.33.06:056][182]LogModuleManager: Shutting down and abandoning module ProjectTargetPlatformEditor (155)
[2016.01.15-12.33.06:056][182]LogModuleManager: Shutting down and abandoning module ProjectSettingsViewer (154)
[2016.01.15-12.33.06:056][182]LogModuleManager: Shutting down and abandoning module InputBindingEditor (153)
[2016.01.15-12.33.06:057][182]LogModuleManager: Shutting down and abandoning module EditorSettingsViewer (152)
[2016.01.15-12.33.06:057][182]LogModuleManager: Shutting down and abandoning module SettingsEditor (151)
[2016.01.15-12.33.06:058][182]LogModuleManager: Shutting down and abandoning module ProjectLauncher (150)
[2016.01.15-12.33.06:058][182]LogModuleManager: Shutting down and abandoning module SessionFrontend (149)
[2016.01.15-12.33.06:058][182]LogModuleManager: Shutting down and abandoning module ProfilerClient (148)
[2016.01.15-12.33.06:058][182]LogModuleManager: Shutting down and abandoning module TargetDeviceServices (147)
[2016.01.15-12.33.06:058][182]LogModuleManager: Shutting down and abandoning module DeviceManager (146)
[2016.01.15-12.33.06:058][182]LogModuleManager: Shutting down and abandoning module AutomationController (145)
[2016.01.15-12.33.06:058][182]LogModuleManager: Shutting down and abandoning module AutomationWindow (144)
[2016.01.15-12.33.06:058][182]LogModuleManager: Shutting down and abandoning module Layers (143)
[2016.01.15-12.33.06:058][182]LogModuleManager: Shutting down and abandoning module ComponentVisualizers (142)
[2016.01.15-12.33.06:058][182]LogModuleManager: Shutting down and abandoning module DetailCustomizations (141)
[2016.01.15-12.33.06:058][182]LogModuleManager: Shutting down and abandoning module PackagesDialog (140)
[2016.01.15-12.33.06:059][182]LogModuleManager: Shutting down and abandoning module Persona (139)
[2016.01.15-12.33.06:059][182]LogModuleManager: Shutting down and abandoning module Kismet (138)
[2016.01.15-12.33.06:059][182]LogModuleManager: Shutting down and abandoning module GraphEditor (137)
[2016.01.15-12.33.06:059][182]LogModuleManager: Shutting down and abandoning module ClassViewer (136)
[2016.01.15-12.33.06:059][182]LogModuleManager: Shutting down and abandoning module Toolbox (135)
[2016.01.15-12.33.06:059][182]LogModuleManager: Shutting down and abandoning module ModuleUI (134)
[2016.01.15-12.33.06:059][182]LogModuleManager: Shutting down and abandoning module MovieSceneTools (133)
[2016.01.15-12.33.06:059][182]LogModuleManager: Shutting down and abandoning module OutputLog (132)
[2016.01.15-12.33.06:059][182]LogModuleManager: Shutting down and abandoning module GammaUI (131)
[2016.01.15-12.33.06:059][182]LogModuleManager: Shutting down and abandoning module Documentation (130)
[2016.01.15-12.33.06:060][182]LogModuleManager: Shutting down and abandoning module GameLiveStreaming (129)
[2016.01.15-12.33.06:060][182]LogModuleManager: Shutting down and abandoning module StreamingPauseRendering (128)
[2016.01.15-12.33.06:060][182]LogModuleManager: Shutting down and abandoning module AnalyticsET (127)
[2016.01.15-12.33.06:060][182]LogModuleManager: Shutting down and abandoning module Analytics (126)
[2016.01.15-12.33.06:060][182]LogModuleManager: Shutting down and abandoning module AITestSuite (125)
[2016.01.15-12.33.06:060][182]LogModuleManager: Shutting down and abandoning module GameplayDebugger (124)
[2016.01.15-12.33.06:060][182]LogModuleManager: Shutting down and abandoning module AIModule (123)
[2016.01.15-12.33.06:060][182]LogModuleManager: Shutting down and abandoning module ProfilerService (122)
[2016.01.15-12.33.06:113][182]LogModuleManager: Shutting down and abandoning module TaskGraph (121)
[2016.01.15-12.33.06:113][182]LogModuleManager: Shutting down and abandoning module SlateRemote (120)
[2016.01.15-12.33.06:113][182]LogModuleManager: Shutting down and abandoning module SteamVRController (119)
[2016.01.15-12.33.06:113][182]LogModuleManager: Shutting down and abandoning module SteamVR (118)
[2016.01.15-12.33.06:113][182]LogModuleManager: Shutting down and abandoning module ProceduralMeshComponent (117)
[2016.01.15-12.33.06:113][182]LogModuleManager: Shutting down and abandoning module OculusRift (116)
[2016.01.15-12.33.06:113][182]LogModuleManager: Shutting down and abandoning module OculusLibrary (115)
[2016.01.15-12.33.06:113][182]LogModuleManager: Shutting down and abandoning module LeapMotionController (114)
[2016.01.15-12.33.06:133][182]LogModuleManager: Shutting down and abandoning module CustomMeshComponent (113)
[2016.01.15-12.33.06:133][182]LogModuleManager: Shutting down and abandoning module CableComponent (112)
[2016.01.15-12.33.06:133][182]LogModuleManager: Shutting down and abandoning module ArchVisCharacter (111)
[2016.01.15-12.33.06:133][182]LogModuleManager: Shutting down and abandoning module MessagingDebugger (110)
[2016.01.15-12.33.06:133][182]LogModuleManager: Shutting down and abandoning module MediaPlayerEditor (109)
[2016.01.15-12.33.06:133][182]LogModuleManager: Shutting down and abandoning module HTML5Networking (108)
[2016.01.15-12.33.06:133][182]LogModuleManager: Shutting down and abandoning module SpeedTreeImporter (107)
[2016.01.15-12.33.06:133][182]LogModuleManager: Shutting down and abandoning module PluginBrowser (106)
[2016.01.15-12.33.06:133][182]LogModuleManager: Shutting down and abandoning module EpicSurvey (105)
[2016.01.15-12.33.06:133][182]LogModuleManager: Shutting down and abandoning module DesktopPlatform (104)
[2016.01.15-12.33.06:133][182]LogModuleManager: Shutting down and abandoning module VisualStudioSourceCodeAccess (103)
[2016.01.15-12.33.06:133][182]LogModuleManager: Shutting down and abandoning module UObjectPlugin (102)
[2016.01.15-12.33.06:133][182]LogModuleManager: Shutting down and abandoning module SubversionSourceControl (101)
[2016.01.15-12.33.06:133][182]LogModuleManager: Shutting down and abandoning module PerforceSourceControl (100)
[2016.01.15-12.33.06:133][182]LogModuleManager: Shutting down and abandoning module SourceControl (99)
[2016.01.15-12.33.06:134][182]LogModuleManager: Shutting down and abandoning module GitSourceControl (98)
[2016.01.15-12.33.06:134][182]LogModuleManager: Shutting down and abandoning module LightPropagationVolumeEditor (97)
[2016.01.15-12.33.06:134][182]LogModuleManager: Shutting down and abandoning module PaperTiledImporter (96)
[2016.01.15-12.33.06:134][182]LogModuleManager: Shutting down and abandoning module PaperSpriteSheetImporter (95)
[2016.01.15-12.33.06:134][182]LogModuleManager: Shutting down and abandoning module MeshPaint (94)
[2016.01.15-12.33.06:134][182]LogModuleManager: Shutting down and abandoning module SlateReflector (93)
[2016.01.15-12.33.06:134][182]LogModuleManager: Shutting down and abandoning module HotReload (92)
[2016.01.15-12.33.06:134][182]LogModuleManager: Shutting down and abandoning module MainFrame (91)
[2016.01.15-12.33.06:134][182]LogModuleManager: Shutting down and abandoning module LevelEditor (90)
[2016.01.15-12.33.06:135][182]LogModuleManager: Shutting down and abandoning module DirectoryWatcher (89)
[2016.01.15-12.33.06:135][182]LogModuleManager: Shutting down and abandoning module AssetRegistry (88)
[2016.01.15-12.33.06:295][182]LogModuleManager: Shutting down and abandoning module ContentBrowser (87)
[2016.01.15-12.33.06:296][182]LogModuleManager: Shutting down and abandoning module Paper2DEditor (86)
[2016.01.15-12.33.06:296][182]LogModuleManager: Shutting down and abandoning module UdpMessaging (85)
[2016.01.15-12.33.06:396][182]LogModuleManager: Shutting down and abandoning module LightPropagationVolumeRuntime (84)
[2016.01.15-12.33.06:396][182]LogModuleManager: Shutting down and abandoning module Paper2D (83)
[2016.01.15-12.33.06:396][182]LogModuleManager: Shutting down and abandoning module WindowsMoviePlayer (82)
[2016.01.15-12.33.06:405][182]LogModuleManager: Shutting down and abandoning module Media (81)
[2016.01.15-12.33.06:405][182]LogModuleManager: Shutting down and abandoning module WmfMedia (80)
[2016.01.15-12.33.06:405][182]LogModuleManager: Shutting down and abandoning module OnlineBlueprintSupport (79)
[2016.01.15-12.33.06:405][182]LogModuleManager: Shutting down and abandoning module GameplayTasksEditor (78)
[2016.01.15-12.33.06:405][182]LogModuleManager: Shutting down and abandoning module PropertyEditor (77)
[2016.01.15-12.33.06:405][182]LogModuleManager: Shutting down and abandoning module BehaviorTreeEditor (76)
[2016.01.15-12.33.06:406][182]LogModuleManager: Shutting down and abandoning module FunctionalTesting (75)
[2016.01.15-12.33.06:406][182]LogModuleManager: Shutting down and abandoning module CollisionAnalyzer (74)
[2016.01.15-12.33.06:406][182]LogModuleManager: Shutting down and abandoning module WorkspaceMenuStructure (73)
[2016.01.15-12.33.06:406][182]LogModuleManager: Shutting down and abandoning module MessageLog (72)
[2016.01.15-12.33.06:406][182]LogModuleManager: Shutting down and abandoning module Sequencer (71)
[2016.01.15-12.33.06:406][182]LogModuleManager: Shutting down and abandoning module AssetTools (70)
[2016.01.15-12.33.06:406][182]LogModuleManager: Shutting down and abandoning module UMGEditor (69)
[2016.01.15-12.33.06:406][182]LogModuleManager: Shutting down and abandoning module UMG (68)
[2016.01.15-12.33.06:406][182]LogModuleManager: Shutting down and abandoning module Slate (67)
[2016.01.15-12.33.06:406][182]LogModuleManager: Shutting down and abandoning module EditorStyle (66)
[2016.01.15-12.33.06:417][182]LogModuleManager: Shutting down and abandoning module SessionServices (65)
[2016.01.15-12.33.06:417][182]LogModuleManager: Shutting down and abandoning module SourceCodeAccess (64)
[2016.01.15-12.33.06:417][182]LogModuleManager: Shutting down and abandoning module HeadMountedDisplay (63)
[2016.01.15-12.33.06:417][182]LogModuleManager: Shutting down and abandoning module XAudio2 (62)
[2016.01.15-12.33.06:417][182]LogModuleManager: Shutting down and abandoning module Networking (60)
[2016.01.15-12.33.06:417][182]LogModuleManager: Shutting down and abandoning module Core (59)
[2016.01.15-12.33.06:417][182]LogModuleManager: Shutting down and abandoning module KismetCompiler (58)
[2016.01.15-12.33.06:417][182]LogModuleManager: Shutting down and abandoning module PhysXFormats (57)
[2016.01.15-12.33.06:417][182]LogModuleManager: Shutting down and abandoning module MeshUtilities (56)
[2016.01.15-12.33.06:417][182]LogModuleManager: Shutting down and abandoning module CookingStats (55)
[2016.01.15-12.33.06:424][182]LogModuleManager: Shutting down and abandoning module DerivedDataCache (54)
[2016.01.15-12.33.06:522][182]LogDerivedDataCache: Shutdown
[2016.01.15-12.33.06:522][182]LogModuleManager: Shutting down and abandoning module ShaderFormatOpenGL (53)
[2016.01.15-12.33.06:522][182]LogModuleManager: Shutting down and abandoning module ShaderFormatD3D (52)
[2016.01.15-12.33.06:522][182]LogModuleManager: Shutting down and abandoning module MetalShaderFormat (51)
[2016.01.15-12.33.06:522][182]LogModuleManager: Shutting down and abandoning module TextureFormatUncompressed (50)
[2016.01.15-12.33.06:522][182]LogModuleManager: Shutting down and abandoning module TextureFormatPVR (49)
[2016.01.15-12.33.06:522][182]LogModuleManager: Shutting down and abandoning module TextureFormatIntelISPCTexComp (48)
[2016.01.15-12.33.06:522][182]LogModuleManager: Shutting down and abandoning module TextureFormatDXT (47)
[2016.01.15-12.33.06:522][182]LogModuleManager: Shutting down and abandoning module ImageWrapper (46)
[2016.01.15-12.33.06:522][182]LogModuleManager: Shutting down and abandoning module TextureFormatASTC (45)
[2016.01.15-12.33.06:522][182]LogModuleManager: Shutting down and abandoning module TextureFormatAndroid (44)
[2016.01.15-12.33.06:522][182]LogModuleManager: Shutting down and abandoning module AudioFormatOpus (43)
[2016.01.15-12.33.06:522][182]LogModuleManager: Shutting down and abandoning module AudioFormatOgg (42)
[2016.01.15-12.33.06:522][182]LogModuleManager: Shutting down and abandoning module AudioFormatADPCM (41)
[2016.01.15-12.33.06:522][182]LogModuleManager: Shutting down and abandoning module LinuxTargetPlatform (40)
[2016.01.15-12.33.06:522][182]LogModuleManager: Shutting down and abandoning module LinuxServerTargetPlatform (39)
[2016.01.15-12.33.06:522][182]LogModuleManager: Shutting down and abandoning module LinuxNoEditorTargetPlatform (38)
[2016.01.15-12.33.06:522][182]LogModuleManager: Shutting down and abandoning module Messaging (37)
[2016.01.15-12.33.06:522][182]LogModuleManager: Shutting down and abandoning module IOSTargetPlatform (36)
[2016.01.15-12.33.06:522][182]LogModuleManager: Shutting down and abandoning module HTML5TargetPlatform (35)
[2016.01.15-12.33.06:522][182]LogModuleManager: Shutting down and abandoning module Android_PVRTCTargetPlatform (34)
[2016.01.15-12.33.06:522][182]LogModuleManager: Shutting down and abandoning module Android_ETC2TargetPlatform (33)
[2016.01.15-12.33.06:522][182]LogModuleManager: Shutting down and abandoning module Android_ETC1TargetPlatform (32)
[2016.01.15-12.33.06:522][182]LogModuleManager: Shutting down and abandoning module Android_DXTTargetPlatform (31)
[2016.01.15-12.33.06:522][182]LogModuleManager: Shutting down and abandoning module Android_ATCTargetPlatform (30)
[2016.01.15-12.33.06:522][182]LogModuleManager: Shutting down and abandoning module Android_ASTCTargetPlatform (29)
[2016.01.15-12.33.06:523][182]LogModuleManager: Shutting down and abandoning module AndroidTargetPlatform (28)
[2016.01.15-12.33.06:523][182]LogModuleManager: Shutting down and abandoning module WindowsTargetPlatform (27)
[2016.01.15-12.33.06:523][182]LogModuleManager: Shutting down and abandoning module WindowsServerTargetPlatform (26)
[2016.01.15-12.33.06:523][182]LogModuleManager: Shutting down and abandoning module WindowsNoEditorTargetPlatform (25)
[2016.01.15-12.33.06:523][182]LogModuleManager: Shutting down and abandoning module WindowsClientTargetPlatform (24)
[2016.01.15-12.33.06:523][182]LogModuleManager: Shutting down and abandoning module AllDesktopTargetPlatform (23)
[2016.01.15-12.33.06:523][182]LogModuleManager: Shutting down and abandoning module TargetPlatform (22)
[2016.01.15-12.33.06:523][182]LogModuleManager: Shutting down and abandoning module InputCore (21)
[2016.01.15-12.33.06:523][182]LogModuleManager: Shutting down and abandoning module Settings (20)
[2016.01.15-12.33.06:523][182]LogModuleManager: Shutting down and abandoning module OnlineSubsystem (18)
[2016.01.15-12.33.06:523][182]LogModuleManager: Shutting down and abandoning module HTTP (17)
[2016.01.15-12.33.08:527][182]LogModuleManager: Shutting down and abandoning module XMPP (16)
[2016.01.15-12.33.08:527][182]LogModuleManager: Shutting down and abandoning module ExampleDeviceProfileSelector (15)
[2016.01.15-12.33.08:527][182]LogModuleManager: Shutting down and abandoning module TextureCompressor (14)
[2016.01.15-12.33.08:527][182]LogModuleManager: Shutting down and abandoning module ShaderCore (13)
[2016.01.15-12.33.08:527][182]LogModuleManager: Shutting down and abandoning module Landscape (12)
[2016.01.15-12.33.08:527][182]LogModuleManager: Shutting down and abandoning module SlateRHIRenderer (11)
[2016.01.15-12.33.08:528][182]LogModuleManager: Shutting down and abandoning module OpenGLDrv (10)
[2016.01.15-12.33.08:528][182]LogModuleManager: Shutting down and abandoning module D3D11RHI (9)
[2016.01.15-12.33.08:528][182]LogModuleManager: Shutting down and abandoning module AnimGraphRuntime (8)
[2016.01.15-12.33.08:528][182]LogModuleManager: Shutting down and abandoning module Renderer (7)
[2016.01.15-12.33.08:528][182]LogModuleManager: Shutting down and abandoning module Engine (6)
[2016.01.15-12.33.08:528][182]LogModuleManager: Shutting down and abandoning module CoreUObject (5)
[2016.01.15-12.33.08:528][182]LogModuleManager: Shutting down and abandoning module NetworkFile (4)
[2016.01.15-12.33.08:528][182]LogModuleManager: Shutting down and abandoning module StreamingFile (3)
[2016.01.15-12.33.08:528][182]LogModuleManager: Shutting down and abandoning module SandboxFile (2)
[2016.01.15-12.33.08:528][182]LogModuleManager: Shutting down and abandoning module PakFile (1)
[2016.01.15-12.33.08:529][182]LogExit: Exiting.
[2016.01.15-12.33.08:543][182]Log file closed, 01/15/16 07:33:08
