[2016.01.11-14.22.23:747][  0]Log file open, 01/11/16 09:22:23
[2016.01.11-14.22.23:747][  0]LogInit:Display: Running engine for game: ShadowFall
[2016.01.11-14.22.23:747][  0]LogInit:Display: RandInit(-1880053090) SRandInit(-1880053089).
[2016.01.11-14.22.23:747][  0]LogTaskGraph: Started task graph with 4 named threads and 7 total threads.
[2016.01.11-14.22.23:747][  0]LogStats: Stats thread started at 0.091654
[2016.01.11-14.22.23:747][  0]LogInit: Version: 4.9.2-2707645+++depot+UE4-Releases+4.9
[2016.01.11-14.22.23:747][  0]LogInit: API Version: 2672455
[2016.01.11-14.22.23:747][  0]LogInit: Compiled (64-bit): Sep 28 2015 10:25:44
[2016.01.11-14.22.23:747][  0]LogInit: Compiled with Visual C++: 18.00.21005.01
[2016.01.11-14.22.23:747][  0]LogInit: Build Configuration: Development
[2016.01.11-14.22.23:747][  0]LogInit: Branch Name: ++depot+UE4-Releases+4.9
[2016.01.11-14.22.23:747][  0]LogInit: Command line:  
[2016.01.11-14.22.23:747][  0]LogInit: Base directory: D:/Program Files/Epic Games/4.9/Engine/Binaries/Win64/
[2016.01.11-14.22.23:747][  0]LogInit: Rocket: 1
[2016.01.11-14.22.23:757][  0]LogInit: Using libcurl 7.41.0
[2016.01.11-14.22.23:757][  0]LogInit:  - built for x86_64-pc-win32
[2016.01.11-14.22.23:757][  0]LogInit:  - supports SSL with WinSSL
[2016.01.11-14.22.23:757][  0]LogInit:  - other features:
[2016.01.11-14.22.23:757][  0]LogInit:      CURL_VERSION_SSL
[2016.01.11-14.22.23:757][  0]LogInit:      CURL_VERSION_IPV6
[2016.01.11-14.22.23:757][  0]LogInit:      CURL_VERSION_ASYNCHDNS
[2016.01.11-14.22.23:757][  0]LogInit:      CURL_VERSION_LARGEFILE
[2016.01.11-14.22.23:757][  0]LogInit:      CURL_VERSION_IDN
[2016.01.11-14.22.23:757][  0]LogInit:  CurlRequestOptions (configurable via config and command line):
[2016.01.11-14.22.23:757][  0]LogInit:  - bVerifyPeer = true  - Libcurl will verify peer certificate
[2016.01.11-14.22.23:757][  0]LogInit:  - bUseHttpProxy = false  - Libcurl will NOT use HTTP proxy
[2016.01.11-14.22.23:757][  0]LogInit:  - bDontReuseConnections = false  - Libcurl will reuse connections
[2016.01.11-14.22.23:757][  0]LogInit:  - CertBundlePath = nullptr  - Libcurl will use whatever was configured at build time.
[2016.01.11-14.22.23:766][  0]LogInit: Presizing for 0 objects not considered by GC, pre-allocating 0 bytes.
[2016.01.11-14.22.23:774][  0]LogInit: Object subsystem initialized
[2016.01.11-14.22.23:775][  0]LogInit: Selected Device Profile: [Windows]
[2016.01.11-14.22.23:776][  0]LogInit: Applying CVar settings loaded from the selected device profile: [Windows]
[2016.01.11-14.22.23:784][  0]LogInit: Computer: PCMAXIME
[2016.01.11-14.22.23:784][  0]LogInit: User: Maxime
[2016.01.11-14.22.23:784][  0]LogInit: CPU Page size=4096, Cores=4
[2016.01.11-14.22.23:784][  0]LogInit: High frequency timer resolution =2.338448 MHz
[2016.01.11-14.22.23:784][  0]LogMemory: Memory total: Physical=7.9GB (8GB approx)
[2016.01.11-14.22.23:784][  0]LogMemory: Platform Memory Stats for Windows
[2016.01.11-14.22.23:784][  0]LogMemory: Process Physical Memory: 55.84 MB used, 55.84 MB peak
[2016.01.11-14.22.23:784][  0]LogMemory: Process Virtual Memory: 57.01 MB used, 57.01 MB peak
[2016.01.11-14.22.23:784][  0]LogMemory: Physical Memory: 3488.61 MB used, 8123.55 MB total
[2016.01.11-14.22.23:784][  0]LogMemory: Virtual Memory: 351.98 MB used, 134217728.00 MB total
[2016.01.11-14.22.23:827][  0]LogTextLocalizationManager: No translations for ('fr-FR') exist, falling back to 'en' for localization and internationalization data.
[2016.01.11-14.22.24:641][  0]LogD3D11RHI: Found D3D11 adapter 0: AMD Radeon HD 7570M (Feature Level 11_0)
[2016.01.11-14.22.24:641][  0]LogD3D11RHI: Adapter has 1004MB of dedicated video memory, 0MB of dedicated system memory, and 3840MB of shared system memory, 1 output[s]
[2016.01.11-14.22.24:642][  0]LogD3D11RHI: Found D3D11 adapter 1: Microsoft Basic Render Driver (Feature Level 11_0)
[2016.01.11-14.22.24:642][  0]LogD3D11RHI: Adapter has 0MB of dedicated video memory, 0MB of dedicated system memory, and 4061MB of shared system memory, 0 output[s]
[2016.01.11-14.22.24:642][  0]LogD3D11RHI: Chosen D3D11 Adapter Id = 0
[2016.01.11-14.22.24:646][  0]LogD3D11RHI: !Direct3DDevice
[2016.01.11-14.22.24:646][  0]LogRHI: Texture pool is 702 MB (70% of 1004 MB)
[2016.01.11-14.22.24:653][  0]LogD3D11RHI: Async texture creation disabled: no driver support
[2016.01.11-14.22.24:667][  0]LogShaderCompilers: Guid format shader working directory is 14 characters bigger than the processId version (../../../../../../Bibliothèques/Documents/Unreal Projects/ShadowerFall/Intermediate/Shaders/WorkingDirectory/10056/).
[2016.01.11-14.22.24:667][  0]LogShaderCompilers: Cleaned the shader compiler working directory '../../../../../../Bibliothèques/Documents/Unreal Projects/ShadowerFall/Intermediate/Shaders/tmp/FD6656CA4968E8936BE77B99B291DDBD/'.
[2016.01.11-14.22.24:667][  0]LogShaderCompilers:Display: Using Local Shader Compiler.
[2016.01.11-14.22.26:072][  0]LogTemp:Display: Loaded TP AllDesktopTargetPlatform
[2016.01.11-14.22.26:078][  0]LogTemp:Display: Loaded TP WindowsClientTargetPlatform
[2016.01.11-14.22.26:084][  0]LogTemp:Display: Loaded TP WindowsNoEditorTargetPlatform
[2016.01.11-14.22.26:090][  0]LogTemp:Display: Loaded TP WindowsServerTargetPlatform
[2016.01.11-14.22.26:096][  0]LogTemp:Display: Loaded TP WindowsTargetPlatform
[2016.01.11-14.22.26:100][  0]LogTemp:Display: Loaded TP AndroidTargetPlatform
[2016.01.11-14.22.26:103][  0]LogTemp:Display: Loaded TP Android_ASTCTargetPlatform
[2016.01.11-14.22.26:107][  0]LogTemp:Display: Loaded TP Android_ATCTargetPlatform
[2016.01.11-14.22.26:111][  0]LogTemp:Display: Loaded TP Android_DXTTargetPlatform
[2016.01.11-14.22.26:115][  0]LogTemp:Display: Loaded TP Android_ETC1TargetPlatform
[2016.01.11-14.22.26:119][  0]LogTemp:Display: Loaded TP Android_ETC2TargetPlatform
[2016.01.11-14.22.26:124][  0]LogTemp:Display: Loaded TP Android_PVRTCTargetPlatform
[2016.01.11-14.22.26:124][  0]LogTemp:Display: Loaded TP HTML5TargetPlatform
[2016.01.11-14.22.26:143][  0]LogTemp:Display: Loaded TP IOSTargetPlatform
[2016.01.11-14.22.26:147][  0]LogTemp:Display: Loaded TP LinuxNoEditorTargetPlatform
[2016.01.11-14.22.26:150][  0]LogTemp:Display: Loaded TP LinuxServerTargetPlatform
[2016.01.11-14.22.26:155][  0]LogTemp:Display: Loaded TP LinuxTargetPlatform
[2016.01.11-14.22.26:155][  0]LogTargetPlatformManager:Display: Building Assets For Windows
[2016.01.11-14.22.26:265][  0]LogDerivedDataCache:Display: Max Cache Size: 512 MB
[2016.01.11-14.22.26:684][  0]LogDerivedDataCache: Loaded boot cache 0.42s 41MB C:/Users/Maxime/AppData/Local/UnrealEngine/4.9/DerivedDataCache/Boot.ddc.
[2016.01.11-14.22.26:684][  0]LogDerivedDataCache:Display: Loaded Boot cache: C:/Users/Maxime/AppData/Local/UnrealEngine/4.9/DerivedDataCache/Boot.ddc
[2016.01.11-14.22.26:684][  0]LogDerivedDataCache: FDerivedDataBackendGraph:  Pak pak cache file ../../../../../../Bibliothèques/Documents/Unreal Projects/ShadowerFall/DerivedDataCache/DDC.ddp not found, will not use a pak cache.
[2016.01.11-14.22.26:684][  0]LogDerivedDataCache: Unable to find inner node Pak for hierarchical cache Hierarchy.
[2016.01.11-14.22.26:684][  0]LogDerivedDataCache: FDerivedDataBackendGraph:  CompressedPak pak cache file ../../../../../../Bibliothèques/Documents/Unreal Projects/ShadowerFall/DerivedDataCache/Compressed.ddp not found, will not use a pak cache.
[2016.01.11-14.22.26:684][  0]LogDerivedDataCache: Unable to find inner node CompressedPak for hierarchical cache Hierarchy.
[2016.01.11-14.22.26:896][  0]LogDerivedDataCache:Display: Pak cache opened for reading ../../../Engine/DerivedDataCache/Compressed.ddp.
[2016.01.11-14.22.26:909][  0]LogDerivedDataCache: Using Local data cache path C:/Users/Maxime/AppData/Local/UnrealEngine/Common/DerivedDataCache: Writable
[2016.01.11-14.22.27:142][  0]LogInit: Selected Device Profile: [Windows]
[2016.01.11-14.22.27:145][  0]LogContentStreaming: Texture pool size is 0.000000MB
[2016.01.11-14.22.27:281][  0]LogMeshUtilities: No automatic mesh reduction module available
[2016.01.11-14.22.27:281][  0]LogMeshUtilities: No automatic mesh merging module available
[2016.01.11-14.22.27:548][  0]LogInit: WinSock: version 1.1 (2.2), MaxSocks=32767, MaxUdp=65467
[2016.01.11-14.22.28:457][  0]UdpMessaging: Initializing bridge on interface 0.0.0.0:0 to multicast group 230.0.0.1:6666.
[2016.01.11-14.22.28:567][  0]LogAssetRegistry: FAssetRegistry took 0.0111 seconds to start up
[2016.01.11-14.22.28:783][  0]SourceControl: Info Source control is disabled
[2016.01.11-14.22.28:784][  0]SourceControl: Info Source control is disabled
[2016.01.11-14.22.28:799][  0]SourceControl: Info Source control is disabled
[2016.01.11-14.22.28:814][  0]SourceControl: Info Source control is disabled
[2016.01.11-14.22.29:023][  0]LogLinker:Warning: Asset '../../../Engine/Plugins/Runtime/LeapMotionController/Content/LM_PassthroughMaterial.uasset' has been saved with empty engine version. The asset will be loaded but may be incompatible.
[2016.01.11-14.22.29:139][  0]LogObj: 28361 objects as part of root set at end of initial load.
[2016.01.11-14.22.29:139][  0]LogUObjectAllocator: 6038864 out of 0 bytes used by permanent object pool.
[2016.01.11-14.22.29:201][  0]LogEngine: Initializing Engine...
[2016.01.11-14.22.29:204][  0]LogHMD: Can't find Oculus library dev build: is proper Runtime installed? Version: 0.7.0.0
[2016.01.11-14.22.29:205][  0]LogHMD: SteamVR failed to initialize.  Err: 110
[2016.01.11-14.22.29:341][  0]LogAIModule: Creating AISystem for world NewWorld
[2016.01.11-14.22.29:347][  0]LogInit: XAudio2 using 'Haut-parleurs (Périphérique High Definition Audio)' : 2 channels at 44.1 kHz using 16 bits per sample (channel mask 0x3)
[2016.01.11-14.22.29:392][  0]LogInit: FAudioDevice initialized.
[2016.01.11-14.22.29:412][  0]LogDerivedDataCache: Saved boot cache 0.02s 41MB C:/Users/Maxime/AppData/Local/UnrealEngine/4.9/DerivedDataCache/Boot.ddc.
[2016.01.11-14.22.29:414][  0]LogInit: Texture streaming: Enabled
[2016.01.11-14.22.29:420][  0]LogAnalytics: Creating configured Analytics provider AnalyticsET
[2016.01.11-14.22.29:420][  0]LogAnalytics: [UEEditor.Rocket.Release] APIServer = http://et2.epicgames.com/ET2/. AppVersion = 4.9.2-2707645+++depot+UE4-Releases+4.9
[2016.01.11-14.22.29:421][  0]LogAnalytics: [UEEditor.Rocket.Release] SetUserId 9a9effe84c4b08c90696e581cd7488a3|06ed4f6a0f4048debc1b07e05a99303a|05176c3f-19e8-4dc1-8202-ec95daad005f
[2016.01.11-14.22.29:421][  0]LogAnalytics: [UEEditor.Rocket.Release] AnalyticsET::StartSession
[2016.01.11-14.22.29:458][  0]LogInit: Transaction tracking system initialized
[2016.01.11-14.22.29:491][  0]BlueprintLog: New page: Editor Load
[2016.01.11-14.22.29:588][  0]LocalizationService: Info Localization service is disabled
[2016.01.11-14.22.29:856][  0]LogConsoleResponse:Display: 
[2016.01.11-14.22.30:432][  0]LogCook:Display: Done creating registry. It took  0.00s.
[2016.01.11-14.22.30:506][  0]LogFileCache: Scanning file cache for directory 'D:/Bibliothèques/Documents/Unreal Projects/ShadowerFall/Content/' took 0.02s
[2016.01.11-14.22.30:599][  0]SourceControl: Info Source control is disabled
[2016.01.11-14.22.30:599][  0]Cmd: MAP LOAD FILE="../../../../../../Bibliothèques/Documents/Unreal Projects/ShadowerFall/Content/FirstPersonBP/Maps/FirstPersonExampleMap.umap" TEMPLATE=0 SHOWPROGRESS=1 FEATURELEVEL=3
[2016.01.11-14.22.30:617][  0]LightingResults: New page: Lighting Build
[2016.01.11-14.22.30:622][  0]MapCheck: New page: Map Check
[2016.01.11-14.22.30:622][  0]LightingResults: New page: Lighting Build
[2016.01.11-14.22.30:636][  0]LogParticles: Destroying 0 GPU particle simulations for FXSystem 0x000000FA02748400
[2016.01.11-14.22.30:654][  0]LogLinker:Warning: Can't find file '/Game/FirstPersonBP/Blueprints/AI/CustomAICharacter'
[2016.01.11-14.22.30:654][  0]LogLinker:Warning: Can't find file for asset '/Game/FirstPersonBP/Blueprints/AI/CustomAICharacter' while loading ../../../../../../Bibliothèques/Documents/Unreal Projects/ShadowerFall/Content/FirstPersonBP/Maps/FirstPersonExampleMap.umap.
[2016.01.11-14.22.30:654][  0]LoadErrors:Error: Error /Game/FirstPersonBP/Maps/FirstPersonExampleMap : Can't find file for asset. /Game/FirstPersonBP/Blueprints/AI/CustomAICharacter
[2016.01.11-14.22.30:998][  0]LogLinker:Warning: Asset '../../../../../../Bibliothèques/Documents/Unreal Projects/ShadowerFall/Content/FirstPerson/Meshes/FirstPersonProjectileMesh.uasset' has been saved with empty engine version. The asset will be loaded but may be incompatible.
[2016.01.11-14.22.32:236][  0]LogLinker:Warning: Can't find file '/Game/FirstPersonBP/Blueprints/AI/CustomAICharacter'
[2016.01.11-14.22.32:236][  0]LogLinker:Warning: Can't find file for asset '/Game/FirstPersonBP/Blueprints/AI/CustomAICharacter' while loading ../../../../../../Bibliothèques/Documents/Unreal Projects/ShadowerFall/Content/FirstPersonBP/Maps/FirstPersonExampleMap.umap.
[2016.01.11-14.22.32:236][  0]LoadErrors:Error: Error /Game/FirstPersonBP/Maps/FirstPersonExampleMap : Can't find file for asset. /Game/FirstPersonBP/Blueprints/AI/CustomAICharacter
[2016.01.11-14.22.32:409][  0]LogLinker:Warning: Can't find file '/Game/FirstPersonBP/Blueprints/AI/CustomAICharacter'
[2016.01.11-14.22.32:409][  0]LogLinker:Warning: Can't find file for asset '/Game/FirstPersonBP/Blueprints/AI/CustomAICharacter' while loading ../../../../../../Bibliothèques/Documents/Unreal Projects/ShadowerFall/Content/FirstPersonBP/Maps/FirstPersonExampleMap.umap.
[2016.01.11-14.22.32:409][  0]LoadErrors:Error: Error /Game/FirstPersonBP/Maps/FirstPersonExampleMap : Can't find file for asset. /Game/FirstPersonBP/Blueprints/AI/CustomAICharacter
[2016.01.11-14.22.32:409][  0]LogLinker:Warning: Can't find file '/Game/FirstPersonBP/Blueprints/AI/CustomAICharacter'
[2016.01.11-14.22.32:410][  0]LogLinker:Warning: Can't find file for asset '/Game/FirstPersonBP/Blueprints/AI/CustomAICharacter' while loading ../../../../../../Bibliothèques/Documents/Unreal Projects/ShadowerFall/Content/FirstPersonBP/Maps/FirstPersonExampleMap.umap.
[2016.01.11-14.22.32:410][  0]LoadErrors:Error: Error /Game/FirstPersonBP/Maps/FirstPersonExampleMap : Can't find file for asset. /Game/FirstPersonBP/Blueprints/AI/CustomAICharacter
[2016.01.11-14.22.32:410][  0]LogLinker:Warning: Can't find file '/Game/FirstPersonBP/Blueprints/AI/CustomAICharacter'
[2016.01.11-14.22.32:410][  0]LogLinker:Warning: Can't find file for asset '/Game/FirstPersonBP/Blueprints/AI/CustomAICharacter' while loading ../../../../../../Bibliothèques/Documents/Unreal Projects/ShadowerFall/Content/FirstPersonBP/Maps/FirstPersonExampleMap.umap.
[2016.01.11-14.22.32:410][  0]LoadErrors:Error: Error /Game/FirstPersonBP/Maps/FirstPersonExampleMap : Can't find file for asset. /Game/FirstPersonBP/Blueprints/AI/CustomAICharacter
[2016.01.11-14.22.32:413][  0]LogLinker:Warning: Can't find file '/Game/FirstPersonBP/Blueprints/AI/CustomAICharacter'
[2016.01.11-14.22.32:413][  0]LogLinker:Warning: Can't find file for asset '/Game/FirstPersonBP/Blueprints/AI/CustomAICharacter' while loading ../../../../../../Bibliothèques/Documents/Unreal Projects/ShadowerFall/Content/FirstPersonBP/Maps/FirstPersonExampleMap.umap.
[2016.01.11-14.22.32:413][  0]LoadErrors:Error: Error /Game/FirstPersonBP/Maps/FirstPersonExampleMap : Can't find file for asset. /Game/FirstPersonBP/Blueprints/AI/CustomAICharacter
[2016.01.11-14.22.32:418][  0]LogLinker:Warning: Can't find file '/Game/FirstPersonBP/Blueprints/AI/CustomAICharacter'
[2016.01.11-14.22.32:418][  0]LogLinker:Warning: Can't find file for asset '/Game/FirstPersonBP/Blueprints/AI/CustomAICharacter' while loading ../../../../../../Bibliothèques/Documents/Unreal Projects/ShadowerFall/Content/FirstPersonBP/Maps/FirstPersonExampleMap.umap.
[2016.01.11-14.22.32:418][  0]LoadErrors:Error: Error /Game/FirstPersonBP/Maps/FirstPersonExampleMap : Can't find file for asset. /Game/FirstPersonBP/Blueprints/AI/CustomAICharacter
[2016.01.11-14.22.32:519][  0]LogLinker:Warning: Can't find file '/Game/FirstPersonBP/Blueprints/AI/CustomAICharacter'
[2016.01.11-14.22.32:519][  0]LogLinker:Warning: Can't find file for asset '/Game/FirstPersonBP/Blueprints/AI/CustomAICharacter' while loading ../../../../../../Bibliothèques/Documents/Unreal Projects/ShadowerFall/Content/FirstPersonBP/Maps/FirstPersonExampleMap.umap.
[2016.01.11-14.22.32:519][  0]LoadErrors:Error: Error /Game/FirstPersonBP/Maps/FirstPersonExampleMap : Can't find file for asset. /Game/FirstPersonBP/Blueprints/AI/CustomAICharacter
[2016.01.11-14.22.32:519][  0]LogLinker:Warning: Can't find file '/Game/FirstPersonBP/Blueprints/AI/CustomAICharacter'
[2016.01.11-14.22.32:519][  0]LogLinker:Warning: Can't find file for asset '/Game/FirstPersonBP/Blueprints/AI/CustomAICharacter' while loading ../../../../../../Bibliothèques/Documents/Unreal Projects/ShadowerFall/Content/FirstPersonBP/Maps/FirstPersonExampleMap.umap.
[2016.01.11-14.22.32:519][  0]LoadErrors:Error: Error /Game/FirstPersonBP/Maps/FirstPersonExampleMap : Can't find file for asset. /Game/FirstPersonBP/Blueprints/AI/CustomAICharacter
[2016.01.11-14.22.32:520][  0]LogLinker:Warning: Can't find file '/Game/FirstPersonBP/Blueprints/AI/CustomAICharacter'
[2016.01.11-14.22.32:520][  0]LogLinker:Warning: Can't find file for asset '/Game/FirstPersonBP/Blueprints/AI/CustomAICharacter' while loading ../../../../../../Bibliothèques/Documents/Unreal Projects/ShadowerFall/Content/FirstPersonBP/Maps/FirstPersonExampleMap.umap.
[2016.01.11-14.22.32:520][  0]LoadErrors:Error: Error /Game/FirstPersonBP/Maps/FirstPersonExampleMap : Can't find file for asset. /Game/FirstPersonBP/Blueprints/AI/CustomAICharacter
[2016.01.11-14.22.32:522][  0]LogLinker:Warning: Can't find file '/Game/FirstPersonBP/Blueprints/AI/CustomAICharacter'
[2016.01.11-14.22.32:522][  0]LogLinker:Warning: Can't find file for asset '/Game/FirstPersonBP/Blueprints/AI/CustomAICharacter' while loading NULL.
[2016.01.11-14.22.32:522][  0]LogLinker:Warning: Can't find file '/Game/FirstPersonBP/Blueprints/AI/CustomAICharacter'
[2016.01.11-14.22.32:522][  0]LogLinker:Warning: Can't find file for asset '/Game/FirstPersonBP/Blueprints/AI/CustomAICharacter' while loading NULL.
[2016.01.11-14.22.32:523][  0]LogLinker:Warning: Can't find file '/Game/FirstPersonBP/Blueprints/AI/CustomAICharacter'
[2016.01.11-14.22.32:523][  0]LogLinker:Warning: Can't find file for asset '/Game/FirstPersonBP/Blueprints/AI/CustomAICharacter' while loading NULL.
[2016.01.11-14.22.32:523][  0]LogLinker:Warning: Can't find file '/Game/FirstPersonBP/Blueprints/AI/CustomAICharacter'
[2016.01.11-14.22.32:523][  0]LogLinker:Warning: Can't find file for asset '/Game/FirstPersonBP/Blueprints/AI/CustomAICharacter' while loading NULL.
[2016.01.11-14.22.32:523][  0]LogLinker:Warning: Can't find file '/Game/FirstPersonBP/Blueprints/AI/CustomAICharacter'
[2016.01.11-14.22.32:524][  0]LogLinker:Warning: Can't find file for asset '/Game/FirstPersonBP/Blueprints/AI/CustomAICharacter' while loading NULL.
[2016.01.11-14.22.32:524][  0]LogLinker:Warning: Can't find file '/Game/FirstPersonBP/Blueprints/AI/CustomAICharacter'
[2016.01.11-14.22.32:524][  0]LogLinker:Warning: Can't find file for asset '/Game/FirstPersonBP/Blueprints/AI/CustomAICharacter' while loading NULL.
[2016.01.11-14.22.32:524][  0]LogLinker:Warning: Can't find file '/Game/FirstPersonBP/Blueprints/AI/CustomAICharacter'
[2016.01.11-14.22.32:524][  0]LogLinker:Warning: Can't find file for asset '/Game/FirstPersonBP/Blueprints/AI/CustomAICharacter' while loading NULL.
[2016.01.11-14.22.32:525][  0]LogLinker:Warning: Can't find file '/Game/FirstPersonBP/Blueprints/AI/CustomAICharacter'
[2016.01.11-14.22.32:525][  0]LogLinker:Warning: Can't find file for asset '/Game/FirstPersonBP/Blueprints/AI/CustomAICharacter' while loading NULL.
[2016.01.11-14.22.32:525][  0]LogLinker:Warning: Can't find file '/Game/FirstPersonBP/Blueprints/AI/CustomAICharacter'
[2016.01.11-14.22.32:525][  0]LogLinker:Warning: Can't find file for asset '/Game/FirstPersonBP/Blueprints/AI/CustomAICharacter' while loading NULL.
[2016.01.11-14.22.32:525][  0]LogLinker:Warning: Can't find file '/Game/FirstPersonBP/Blueprints/AI/CustomAICharacter'
[2016.01.11-14.22.32:525][  0]LogLinker:Warning: Can't find file for asset '/Game/FirstPersonBP/Blueprints/AI/CustomAICharacter' while loading NULL.
[2016.01.11-14.22.32:556][  0]LogLinker:Warning: Can't find file '/Game/FirstPersonBP/Blueprints/AI/CustomAICharacter'
[2016.01.11-14.22.32:556][  0]LogLinker:Warning: Can't find file for asset '/Game/FirstPersonBP/Blueprints/AI/CustomAICharacter' while loading NULL.
[2016.01.11-14.22.32:556][  0]LogLinker:Warning: Can't find file '/Game/FirstPersonBP/Blueprints/AI/CustomAICharacter'
[2016.01.11-14.22.32:557][  0]LogLinker:Warning: Can't find file for asset '/Game/FirstPersonBP/Blueprints/AI/CustomAICharacter' while loading NULL.
[2016.01.11-14.22.32:565][  0]LogLinker:Warning: Can't find file '/Game/FirstPersonBP/Blueprints/AI/CustomAICharacter'
[2016.01.11-14.22.32:565][  0]LogLinker:Warning: Can't find file for asset '/Game/FirstPersonBP/Blueprints/AI/CustomAICharacter' while loading NULL.
[2016.01.11-14.22.32:565][  0]LogLinker:Warning: Can't find file '/Game/FirstPersonBP/Blueprints/AI/CustomAICharacter'
[2016.01.11-14.22.32:566][  0]LogLinker:Warning: Can't find file for asset '/Game/FirstPersonBP/Blueprints/AI/CustomAICharacter' while loading NULL.
[2016.01.11-14.22.32:566][  0]LogLinker:Warning: Can't find file '/Game/FirstPersonBP/Blueprints/AI/CustomAICharacter'
[2016.01.11-14.22.32:566][  0]LogLinker:Warning: Can't find file for asset '/Game/FirstPersonBP/Blueprints/AI/CustomAICharacter' while loading NULL.
[2016.01.11-14.22.32:566][  0]LogLinker:Warning: Can't find file '/Game/FirstPersonBP/Blueprints/AI/CustomAICharacter'
[2016.01.11-14.22.32:566][  0]LogLinker:Warning: Can't find file for asset '/Game/FirstPersonBP/Blueprints/AI/CustomAICharacter' while loading NULL.
[2016.01.11-14.22.32:567][  0]LogLinker:Warning: Can't find file '/Game/FirstPersonBP/Blueprints/AI/CustomAICharacter'
[2016.01.11-14.22.32:567][  0]LogLinker:Warning: Can't find file for asset '/Game/FirstPersonBP/Blueprints/AI/CustomAICharacter' while loading NULL.
[2016.01.11-14.22.32:567][  0]LogLinker:Warning: Can't find file '/Game/FirstPersonBP/Blueprints/AI/CustomAICharacter'
[2016.01.11-14.22.32:567][  0]LogLinker:Warning: Can't find file for asset '/Game/FirstPersonBP/Blueprints/AI/CustomAICharacter' while loading NULL.
[2016.01.11-14.22.32:570][  0]LogLinker:Warning: Can't find file '/Game/FirstPersonBP/Blueprints/AI/CustomAICharacter'
[2016.01.11-14.22.32:570][  0]LogLinker:Warning: Can't find file for asset '/Game/FirstPersonBP/Blueprints/AI/CustomAICharacter' while loading NULL.
[2016.01.11-14.22.32:570][  0]LogLinker:Warning: Can't find file '/Game/FirstPersonBP/Blueprints/AI/CustomAICharacter'
[2016.01.11-14.22.32:570][  0]LogLinker:Warning: Can't find file for asset '/Game/FirstPersonBP/Blueprints/AI/CustomAICharacter' while loading NULL.
[2016.01.11-14.22.32:573][  0]LogLinker:Warning: Can't find file '/Game/FirstPersonBP/Blueprints/AI/CustomAICharacter'
[2016.01.11-14.22.32:574][  0]LogLinker:Warning: Can't find file for asset '/Game/FirstPersonBP/Blueprints/AI/CustomAICharacter' while loading NULL.
[2016.01.11-14.22.32:574][  0]LogLinker:Warning: Can't find file '/Game/FirstPersonBP/Blueprints/AI/CustomAICharacter'
[2016.01.11-14.22.32:574][  0]LogLinker:Warning: Can't find file for asset '/Game/FirstPersonBP/Blueprints/AI/CustomAICharacter' while loading NULL.
[2016.01.11-14.22.32:577][  0]LogLinker:Warning: Can't find file '/Game/FirstPersonBP/Blueprints/AI/CustomAICharacter'
[2016.01.11-14.22.32:578][  0]LogLinker:Warning: Can't find file for asset '/Game/FirstPersonBP/Blueprints/AI/CustomAICharacter' while loading NULL.
[2016.01.11-14.22.32:578][  0]LogLinker:Warning: Can't find file '/Game/FirstPersonBP/Blueprints/AI/CustomAICharacter'
[2016.01.11-14.22.32:578][  0]LogLinker:Warning: Can't find file for asset '/Game/FirstPersonBP/Blueprints/AI/CustomAICharacter' while loading NULL.
[2016.01.11-14.22.32:580][  0]LogLinker:Warning: Can't find file '/Game/FirstPersonBP/Blueprints/AI/CustomAICharacter'
[2016.01.11-14.22.32:580][  0]LogLinker:Warning: Can't find file for asset '/Game/FirstPersonBP/Blueprints/AI/CustomAICharacter' while loading NULL.
[2016.01.11-14.22.32:580][  0]LogLinker:Warning: Can't find file '/Game/FirstPersonBP/Blueprints/AI/CustomAICharacter'
[2016.01.11-14.22.32:580][  0]LogLinker:Warning: Can't find file for asset '/Game/FirstPersonBP/Blueprints/AI/CustomAICharacter' while loading NULL.
[2016.01.11-14.22.32:651][  0]LogLinker:Warning: Can't find file '/Game/FirstPersonBP/Blueprints/AI/CustomAICharacter'
[2016.01.11-14.22.32:651][  0]LogLinker:Warning: Can't find file for asset '/Game/FirstPersonBP/Blueprints/AI/CustomAICharacter' while loading NULL.
[2016.01.11-14.22.32:651][  0]LogLinker:Warning: Can't find file '/Game/FirstPersonBP/Blueprints/AI/CustomAICharacter'
[2016.01.11-14.22.32:651][  0]LoadErrors: Info Failed to load /Game/FirstPersonBP/Blueprints/AI/CustomAICharacter.CustomAICharacter_C Referenced by PersistentLevel
[2016.01.11-14.22.32:652][  0]LogLinker:Warning: Can't find file for asset '/Game/FirstPersonBP/Blueprints/AI/CustomAICharacter' while loading NULL.
[2016.01.11-14.22.32:652][  0]LoadErrors: Info Failed to load /Game/FirstPersonBP/Blueprints/AI/CustomAICharacter.CustomAICharacter_C Referenced by PersistentLevel
[2016.01.11-14.22.33:574][  0]LogAIModule: Creating AISystem for world FirstPersonExampleMap
[2016.01.11-14.22.33:755][  0]LogEditorServer: Finished looking for orphan Actors (0.000 secs)
[2016.01.11-14.22.33:756][  0]Cmd: MAP CHECKDEP NOCLEARLOG
[2016.01.11-14.22.33:842][  0]MapCheck: Info Map check complete: 0 Error(s), 0 Warning(s), took 86.152ms to complete.
[2016.01.11-14.22.33:842][  0]LogFileHelpers: Loading map 'FirstPersonExampleMap' took 3.243
[2016.01.11-14.22.33:988][  0]LogCollectionManager: Loaded 0 collections in 0.002355 seconds
[2016.01.11-14.22.34:035][  0]LogFileCache: Scanning file cache for directory 'D:/Bibliothèques/Documents/Unreal Projects/ShadowerFall/Saved/Collections/' took 0.01s
[2016.01.11-14.22.34:035][  0]LogFileCache: Scanning file cache for directory 'D:/Bibliothèques/Documents/Unreal Projects/ShadowerFall/Content/Developers/Maxime/Collections/' took 0.01s
[2016.01.11-14.22.34:035][  0]LogFileCache: Scanning file cache for directory 'D:/Bibliothèques/Documents/Unreal Projects/ShadowerFall/Content/Collections/' took 0.01s
[2016.01.11-14.22.34:035][  0]LogContentBrowser: Native class hierarchy populated in 0.0117 seconds. Added 1867 classes and 333 folders.
[2016.01.11-14.22.34:040][  0]LogCollectionManager: Rebuilt the GUID cache for 0 collections in 0.000003 seconds
[2016.01.11-14.22.34:048][  0]LogContentBrowser: Native class hierarchy updated for 'WidgetCarousel' in 0.0005 seconds. Added 0 classes and 0 folders.
[2016.01.11-14.22.34:859][  0]LogContentBrowser: Native class hierarchy updated for 'AddContentDialog' in 0.0005 seconds. Added 0 classes and 0 folders.
[2016.01.11-14.22.34:864][  0]LogContentBrowser: Native class hierarchy updated for 'SceneOutliner' in 0.0005 seconds. Added 1 classes and 2 folders.
[2016.01.11-14.22.35:066][  0]LogCrashTracker: Crashtracker disabled due to settings.
[2016.01.11-14.22.35:069][  0]LogUObjectGlobals:Warning: Failed to find object 'Class None.'
[2016.01.11-14.22.35:092][  0]LogLoad: Full Startup: 11.94 seconds (BP compile: 0.47 seconds)
[2016.01.11-14.22.35:109][  0]LoadErrors:Warning: Warning CreateExport: Failed to load Outer for resource 'Arrow': CustomAICharacter_C /Game/FirstPersonBP/Maps/FirstPersonExampleMap.FirstPersonExampleMap:PersistentLevel.CustomAICharacter_C_1
[2016.01.11-14.22.35:109][  0]LoadErrors:Warning: Warning CreateExport: Failed to load Outer for resource 'CollisionCylinder': CustomAICharacter_C /Game/FirstPersonBP/Maps/FirstPersonExampleMap.FirstPersonExampleMap:PersistentLevel.CustomAICharacter_C_1
[2016.01.11-14.22.35:109][  0]LoadErrors:Warning: Warning CreateExport: Failed to load Outer for resource 'ExplosionCol': CustomAICharacter_C /Game/FirstPersonBP/Maps/FirstPersonExampleMap.FirstPersonExampleMap:PersistentLevel.CustomAICharacter_C_1
[2016.01.11-14.22.35:109][  0]LoadErrors:Warning: Warning CreateExport: Failed to load Outer for resource 'CharMoveComp': CustomAICharacter_C /Game/FirstPersonBP/Maps/FirstPersonExampleMap.FirstPersonExampleMap:PersistentLevel.CustomAICharacter_C_1
[2016.01.11-14.22.35:109][  0]LoadErrors:Warning: Warning CreateExport: Failed to load Outer for resource 'PawnSensing': CustomAICharacter_C /Game/FirstPersonBP/Maps/FirstPersonExampleMap.FirstPersonExampleMap:PersistentLevel.CustomAICharacter_C_1
[2016.01.11-14.22.35:109][  0]LoadErrors:Warning: Warning CreateExport: Failed to load Outer for resource 'CharacterMesh0': CustomAICharacter_C /Game/FirstPersonBP/Maps/FirstPersonExampleMap.FirstPersonExampleMap:PersistentLevel.CustomAICharacter_C_1
[2016.01.11-14.22.35:109][  0]LoadErrors:Warning: Warning CreateExport: Failed to load Outer for resource 'StaticMesh': CustomAICharacter_C /Game/FirstPersonBP/Maps/FirstPersonExampleMap.FirstPersonExampleMap:PersistentLevel.CustomAICharacter_C_1
[2016.01.11-14.22.35:177][  0]LogContentStreaming: Texture pool size now 200 MB
[2016.01.11-14.22.35:606][  0]LogRenderer: Reallocating scene render targets to support 1252x668 (Frame:2).
[2016.01.11-14.22.35:979][  5]LogAssetRegistry: Asset discovery search completed in 7.4234 seconds
[2016.01.11-14.22.35:979][  5]LogCollectionManager: Rebuilt the object cache for 0 collections in 0.000001 seconds (found 0 objects)
[2016.01.11-14.22.35:979][  5]LogCollectionManager: Fixed up redirectors for 0 collections in 0.000025 seconds (updated 0 objects)
[2016.01.11-14.23.22:057][ 50]LogAIModule: Creating AISystem for world Level2
[2016.01.11-14.23.22:160][ 50]LogActorComponent: UnregisterComponent: (/Engine/Transient.ProjectileMovementComponent_40__A6522401) Not registered. Aborting.
[2016.01.11-14.23.22:160][ 50]LogActorComponent: UnregisterComponent: (/Engine/Transient.ProjectileMovementComponent_0) Not registered. Aborting.
[2016.01.11-14.23.22:160][ 50]LogActorComponent: UnregisterComponent: (/Engine/Transient.ProjectileMovementComponent_1) Not registered. Aborting.
[2016.01.11-14.23.22:211][ 50]Cmd: MAP LOAD FILE="../../../../../../Bibliothèques/Documents/Unreal Projects/ShadowerFall/Content/FirstPersonBP/Maps/Level2.umap" TEMPLATE=0 SHOWPROGRESS=1 FEATURELEVEL=3
[2016.01.11-14.23.22:211][ 50]LightingResults: New page: Lighting Build
[2016.01.11-14.23.22:234][ 50]LoadErrors: New page: Loading map: Level2.umap
[2016.01.11-14.23.22:235][ 50]MapCheck: New page: Map Check
[2016.01.11-14.23.22:235][ 50]LightingResults: New page: Lighting Build
[2016.01.11-14.23.22:249][ 50]LogParticles: Destroying 0 GPU particle simulations for FXSystem 0x000000FA032A6B60
[2016.01.11-14.23.22:364][ 50]LogEditorServer: Finished looking for orphan Actors (0.000 secs)
[2016.01.11-14.23.22:409][ 50]Cmd: MAP CHECKDEP NOCLEARLOG
[2016.01.11-14.23.22:499][ 50]MapCheck: Info Map check complete: 0 Error(s), 0 Warning(s), took 89.301ms to complete.
[2016.01.11-14.23.22:499][ 50]LogFileHelpers: Loading map 'Level2' took 0.288
[2016.01.11-14.28.57:788][367]LogAIModule: Creating AISystem for world Level3
[2016.01.11-14.28.57:845][367]LogActorComponent: UnregisterComponent: (/Engine/Transient.ProjectileMovementComponent_40__A6522401) Not registered. Aborting.
[2016.01.11-14.28.57:845][367]LogActorComponent: UnregisterComponent: (/Engine/Transient.ProjectileMovementComponent_2) Not registered. Aborting.
[2016.01.11-14.28.57:845][367]LogActorComponent: UnregisterComponent: (/Engine/Transient.ProjectileMovementComponent_3) Not registered. Aborting.
[2016.01.11-14.28.57:864][367]Cmd: MAP LOAD FILE="../../../../../../Bibliothèques/Documents/Unreal Projects/ShadowerFall/Content/FirstPersonBP/Maps/Level3.umap" TEMPLATE=0 SHOWPROGRESS=1 FEATURELEVEL=3
[2016.01.11-14.28.57:864][367]LightingResults: New page: Lighting Build
[2016.01.11-14.28.57:886][367]LoadErrors: New page: Loading map: Level3.umap
[2016.01.11-14.28.57:888][367]MapCheck: New page: Map Check
[2016.01.11-14.28.57:889][367]LightingResults: New page: Lighting Build
[2016.01.11-14.28.57:903][367]LogParticles: Destroying 0 GPU particle simulations for FXSystem 0x000000FA0F757F60
[2016.01.11-14.28.57:980][367]LogEditorServer: Finished looking for orphan Actors (0.000 secs)
[2016.01.11-14.28.58:019][367]Cmd: MAP CHECKDEP NOCLEARLOG
[2016.01.11-14.28.58:111][367]MapCheck: Info Map check complete: 0 Error(s), 0 Warning(s), took 91.914ms to complete.
[2016.01.11-14.28.58:112][367]LogFileHelpers: Loading map 'Level3' took 0.250
[2016.01.11-14.29.01:768][462]LogTexture:Display: Building textures: Forcefield (AutoDXT)
[2016.01.11-14.29.01:861][462]LogMaterial: Missing cached shader map for material Forcefield, compiling. 
[2016.01.11-14.29.01:929][462]LogMaterial: Missing cached shader map for material GlowEnhenced, compiling. 
[2016.01.11-14.29.02:154][462]LogTexture:Display: Building textures: HQ_Lightmap0_1 (AutoDXT)
[2016.01.11-14.29.02:459][462]LogTexture:Display: Building textures: HQ_Lightmap0_10 (AutoDXT)
[2016.01.11-14.29.02:472][462]LogTexture:Display: Building textures: HQ_Lightmap0_11 (AutoDXT)
[2016.01.11-14.29.02:502][462]LogTexture:Display: Building textures: HQ_Lightmap0_3 (AutoDXT)
[2016.01.11-14.29.02:512][462]LogTexture:Display: Building textures: HQ_Lightmap0_4 (AutoDXT)
[2016.01.11-14.29.02:520][462]LogTexture:Display: Building textures: HQ_Lightmap0_5 (AutoDXT)
[2016.01.11-14.29.02:527][462]LogTexture:Display: Building textures: HQ_Lightmap0_6 (AutoDXT)
[2016.01.11-14.29.02:540][462]LogTexture:Display: Building textures: HQ_Lightmap0_7 (AutoDXT)
[2016.01.11-14.29.02:548][462]LogTexture:Display: Building textures: HQ_Lightmap0_8 (AutoDXT)
[2016.01.11-14.29.02:558][462]LogTexture:Display: Building textures: HQ_Lightmap0_9 (AutoDXT)
[2016.01.11-14.29.02:567][462]LogTexture:Display: Building textures: HQ_Lightmap1_2 (AutoDXT)
[2016.01.11-14.29.02:587][462]LogTexture:Display: Building textures: LQ_Lightmap_0_1 (DXT1)
[2016.01.11-14.29.02:698][462]LogTexture:Display: Building textures: LQ_Lightmap_0_10 (DXT1)
[2016.01.11-14.29.02:703][462]LogTexture:Display: Building textures: LQ_Lightmap_0_11 (DXT1)
[2016.01.11-14.29.02:722][462]LogTexture:Display: Building textures: LQ_Lightmap_0_3 (DXT1)
[2016.01.11-14.29.02:726][462]LogTexture:Display: Building textures: LQ_Lightmap_0_4 (DXT1)
[2016.01.11-14.29.02:730][462]LogTexture:Display: Building textures: LQ_Lightmap_0_5 (DXT1)
[2016.01.11-14.29.02:734][462]LogTexture:Display: Building textures: LQ_Lightmap_0_6 (DXT1)
[2016.01.11-14.29.02:739][462]LogTexture:Display: Building textures: LQ_Lightmap_0_7 (DXT1)
[2016.01.11-14.29.02:742][462]LogTexture:Display: Building textures: LQ_Lightmap_0_8 (DXT1)
[2016.01.11-14.29.02:746][462]LogTexture:Display: Building textures: LQ_Lightmap_0_9 (DXT1)
[2016.01.11-14.29.02:750][462]LogTexture:Display: Building textures: LQ_Lightmap_1_2 (DXT1)
[2016.01.11-14.29.02:756][462]LogMaterial: Missing cached shader map for material Mat_Beam, compiling. 
[2016.01.11-14.29.02:817][462]LogTexture:Display: Building textures: ShadowMapTexture2D_0 (G8)
[2016.01.11-14.29.02:841][462]LogTexture:Display: Building textures: ShadowMapTexture2D_1 (G8)
[2016.01.11-14.29.02:842][462]LogTexture:Display: Building textures: ShadowMapTexture2D_2 (G8)
[2016.01.11-14.29.02:843][462]LogTexture:Display: Building textures: ShadowMapTexture2D_3 (G8)
[2016.01.11-14.29.02:844][462]LogTexture:Display: Building textures: ShadowMapTexture2D_4 (G8)
[2016.01.11-14.29.02:844][462]LogTexture:Display: Building textures: ShadowMapTexture2D_5 (G8)
[2016.01.11-14.29.02:845][462]LogTexture:Display: Building textures: ShadowMapTexture2D_6 (G8)
[2016.01.11-14.29.02:846][462]LogTexture:Display: Building textures: ShadowMapTexture2D_7 (G8)
[2016.01.11-14.29.02:847][462]LogTexture:Display: Building textures: ShadowMapTexture2D_8 (G8)
[2016.01.11-14.29.02:848][462]LogTexture:Display: Building textures: ShadowMapTexture2D_9 (G8)
[2016.01.11-14.29.02:854][462]LogAIModule: Creating AISystem for world Boss
[2016.01.11-14.29.02:866][462]LogParticles:Warning: InitializeSystem called on an unregistered component. Template=/Game/Boss/Beam/P_Beam.P_Beam Component=/Game/FirstPersonBP/Maps/Boss.Boss:PersistentLevel.P_Beam_7.ParticleSystemComponent0
[2016.01.11-14.29.02:867][462]LogParticles:Warning: InitializeSystem called on an unregistered component. Template=/Game/Boss/Beam/P_Beam.P_Beam Component=/Game/FirstPersonBP/Maps/Boss.Boss:PersistentLevel.P_Beam2_11.ParticleSystemComponent0
[2016.01.11-14.29.02:867][462]LogParticles:Warning: InitializeSystem called on an unregistered component. Template=/Game/Boss/Beam/P_Beam.P_Beam Component=/Game/FirstPersonBP/Maps/Boss.Boss:PersistentLevel.P_Beam3_14.ParticleSystemComponent0
[2016.01.11-14.29.02:868][462]LogParticles:Warning: InitializeSystem called on an unregistered component. Template=/Game/Boss/Beam/P_Beam.P_Beam Component=/Game/FirstPersonBP/Maps/Boss.Boss:PersistentLevel.P_Beam4.ParticleSystemComponent0
[2016.01.11-14.29.02:869][462]LogParticles:Warning: InitializeSystem called on an unregistered component. Template=/Game/Boss/Beam/P_Beam.P_Beam Component=/Game/FirstPersonBP/Maps/Boss.Boss:PersistentLevel.P_Beam5.ParticleSystemComponent0
[2016.01.11-14.29.02:869][462]LogParticles:Warning: InitializeSystem called on an unregistered component. Template=/Game/Boss/Beam/P_Beam.P_Beam Component=/Game/FirstPersonBP/Maps/Boss.Boss:PersistentLevel.P_Beam6.ParticleSystemComponent0
[2016.01.11-14.29.02:870][462]LogParticles:Warning: InitializeSystem called on an unregistered component. Template=/Game/Boss/Beam/P_Beam.P_Beam Component=/Game/FirstPersonBP/Maps/Boss.Boss:PersistentLevel.P_Beam7_2.ParticleSystemComponent0
[2016.01.11-14.29.02:871][462]LogParticles:Warning: InitializeSystem called on an unregistered component. Template=/Game/Boss/Beam/P_Beam.P_Beam Component=/Game/FirstPersonBP/Maps/Boss.Boss:PersistentLevel.P_Beam8.ParticleSystemComponent0
[2016.01.11-14.29.02:901][462]LogActorComponent: UnregisterComponent: (/Engine/Transient.ProjectileMovementComponent_40__A6522401) Not registered. Aborting.
[2016.01.11-14.29.02:901][462]LogActorComponent: UnregisterComponent: (/Engine/Transient.ProjectileMovementComponent_4) Not registered. Aborting.
[2016.01.11-14.29.02:901][462]LogActorComponent: UnregisterComponent: (/Engine/Transient.ProjectileMovementComponent_5) Not registered. Aborting.
[2016.01.11-14.29.02:936][462]Cmd: MAP LOAD FILE="../../../../../../Bibliothèques/Documents/Unreal Projects/ShadowerFall/Content/FirstPersonBP/Maps/Boss.umap" TEMPLATE=0 SHOWPROGRESS=1 FEATURELEVEL=3
[2016.01.11-14.29.02:936][462]LightingResults: New page: Lighting Build
[2016.01.11-14.29.02:968][462]LoadErrors: New page: Loading map: Boss.umap
[2016.01.11-14.29.02:970][462]MapCheck: New page: Map Check
[2016.01.11-14.29.02:970][462]LightingResults: New page: Lighting Build
[2016.01.11-14.29.02:992][462]LogParticles: Destroying 0 GPU particle simulations for FXSystem 0x000000FA02FEA480
[2016.01.11-14.29.03:223][462]LogEditorServer: Finished looking for orphan Actors (0.000 secs)
[2016.01.11-14.29.03:288][462]Cmd: MAP CHECKDEP NOCLEARLOG
[2016.01.11-14.29.03:424][462]MapCheck: Info Map check complete: 0 Error(s), 0 Warning(s), took 136.36ms to complete.
[2016.01.11-14.29.03:426][462]LogFileHelpers: Loading map 'Boss' took 0.492
[2016.01.11-14.29.10:803][627]LogBlueprintUserMessages: Early PlayInEditor Detection: Level '/Game/FirstPersonBP/Maps/Boss.Boss:PersistentLevel' has LevelScriptBlueprint '/Game/FirstPersonBP/Maps/Boss.Boss:PersistentLevel.Boss' with GeneratedClass '/Game/FirstPersonBP/Maps/Boss.Boss_C' with ClassGeneratedBy '/Game/FirstPersonBP/Maps/Boss.Boss:PersistentLevel.Boss'
[2016.01.11-14.29.10:803][627]LogPlayLevel: PlayLevel: No blueprints needed recompiling
[2016.01.11-14.29.10:803][627]PIE: New page: PIE session: Boss (Jan 11, 2016, 4:29:10 AM)
[2016.01.11-14.29.10:804][627]LogPlayLevel: Creating play world package: /Game/FirstPersonBP/Maps/UEDPIE_0_Boss
[2016.01.11-14.29.10:910][627]LogPlayLevel: PIE: StaticDuplicateObject took: (0.106235s)
[2016.01.11-14.29.10:910][627]LogAIModule: Creating AISystem for world Boss
[2016.01.11-14.29.10:910][627]LogPlayLevel: PIE: World Init took: (0.000686s)
[2016.01.11-14.29.10:911][627]LogPlayLevel: PIE: Created PIE world by copying editor world from /Game/FirstPersonBP/Maps/Boss.Boss to /Game/FirstPersonBP/Maps/UEDPIE_0_Boss.Boss (0.107132s)
[2016.01.11-14.29.10:911][627]LogActorComponent: UnregisterComponent: (/Engine/Transient.ProjectileMovementComponent_40__A6522401) Not registered. Aborting.
[2016.01.11-14.29.10:911][627]LogActorComponent: UnregisterComponent: (/Engine/Transient.ProjectileMovementComponent_6) Not registered. Aborting.
[2016.01.11-14.29.10:911][627]LogActorComponent: UnregisterComponent: (/Engine/Transient.ProjectileMovementComponent_7) Not registered. Aborting.
[2016.01.11-14.29.10:928][627]LogInit: XAudio2 using 'Haut-parleurs (Périphérique High Definition Audio)' : 2 channels at 44.1 kHz using 16 bits per sample (channel mask 0x3)
[2016.01.11-14.29.10:935][627]LogInit: FAudioDevice initialized.
[2016.01.11-14.29.11:000][627]LogLinker:Warning: Asset '../../../../../../Bibliothèques/Documents/Unreal Projects/ShadowerFall/Content/FirstPersonBP/Blueprints/FirstPersonHUD.uasset' has been saved with empty engine version. The asset will be loaded but may be incompatible.
[2016.01.11-14.29.11:042][627]LogWorld: Game class is 'FirstPersonGameMode_C'
[2016.01.11-14.29.11:058][627]LogWorld: Bringing World /Game/FirstPersonBP/Maps/UEDPIE_0_Boss.Boss up for play (max tick rate 60) at 2016.01.11-09.29.11
[2016.01.11-14.29.11:058][627]LogActor:Warning: GameSession /Game/FirstPersonBP/Maps/UEDPIE_0_Boss.Boss:PersistentLevel.GameSession_0 has natively added scene component(s), but none of them were set as the actor's RootComponent - picking one arbitrarily
[2016.01.11-14.29.11:058][627]LogActor:Warning: GameNetworkManager /Game/FirstPersonBP/Maps/UEDPIE_0_Boss.Boss:PersistentLevel.GameNetworkManager_0 has natively added scene component(s), but none of them were set as the actor's RootComponent - picking one arbitrarily
[2016.01.11-14.29.11:059][627]LogWorld: Bringing up level for play took: 0.015898
[2016.01.11-14.29.11:097][627]PIE: Info Play in editor start time for /Game/FirstPersonBP/Maps/UEDPIE_0_Boss -0.518
[2016.01.11-14.29.11:097][627]LogBlueprintUserMessages: Late PlayInEditor Detection: Level '/Game/FirstPersonBP/Maps/Boss.Boss:PersistentLevel' has LevelScriptBlueprint '/Game/FirstPersonBP/Maps/Boss.Boss:PersistentLevel.Boss' with GeneratedClass '/Game/FirstPersonBP/Maps/Boss.Boss_C' with ClassGeneratedBy '/Game/FirstPersonBP/Maps/Boss.Boss:PersistentLevel.Boss'
[2016.01.11-14.29.16:794][861]LogBlueprintUserMessages: [FirstPersonCharacter_C_18] 2
[2016.01.11-14.29.16:794][861]LogBlueprintUserMessages: [FirstPersonCharacter_C_18] 3
[2016.01.11-14.29.17:136][875]LogBlueprintUserMessages: [FirstPersonCharacter_C_18] 1
[2016.01.11-14.29.17:136][875]LogBlueprintUserMessages: [FirstPersonCharacter_C_18] 2
[2016.01.11-14.29.17:235][879]LogBlueprintUserMessages: [FirstPersonCharacter_C_18] 0
[2016.01.11-14.29.17:235][879]LogBlueprintUserMessages: [FirstPersonCharacter_C_18] 1
[2016.01.11-14.29.17:781][901]LogBlueprintUserMessages: [BP_Wall3] OnTOUCH
[2016.01.11-14.29.17:781][901]LogBlueprintUserMessages: [BP_Wall3] NoTouch
[2016.01.11-14.29.17:805][902]LogBlueprintUserMessages: [BP_Wall3] OnTOUCH
[2016.01.11-14.29.18:297][922]LogBlueprintUserMessages: [BP_Wall3] NoTouch
[2016.01.11-14.29.20:306][  2]LogBlueprintUserMessages: [FirstPersonCharacter_C_18] Dash
[2016.01.11-14.29.20:447][  8]LogBlueprintUserMessages: [BP_Wall3] OnTOUCH
[2016.01.11-14.29.20:448][  8]LogBlueprintUserMessages: [BP_Wall3] NoTouch
[2016.01.11-14.29.20:476][  9]LogBlueprintUserMessages: [BP_Wall3] OnTOUCH
[2016.01.11-14.29.20:747][ 20]LogBlueprintUserMessages: [BP_Wall3] NoTouch
[2016.01.11-14.29.26:154][237]LogBlueprintUserMessages: [BP_Wall3] OnTOUCH
[2016.01.11-14.29.26:154][237]LogBlueprintUserMessages: [BP_Wall3] NoTouch
[2016.01.11-14.29.26:180][238]LogBlueprintUserMessages: [BP_Wall3] OnTOUCH
[2016.01.11-14.29.26:352][245]LogBlueprintUserMessages: [BP_Wall3] NoTouch
[2016.01.11-14.29.29:802][383]LogBlueprintUserMessages: [FirstPersonCharacter_C_18] Dash
[2016.01.11-14.29.30:052][393]LogBlueprintUserMessages: [FirstPersonCharacter_C_18] En L'air
[2016.01.11-14.29.31:719][459]LogCharacter: FirstPersonCharacter_C_18 is trying to crouch, but crouching is disabled on this character! (check CharacterMovement NavAgentSettings)
[2016.01.11-14.29.41:300][847]Cmd: LevelEditor.ToggleImmersive
[2016.01.11-14.29.45:354][ 21]LogBlueprintUserMessages: [FirstPersonCharacter_C_18] NoNormalAmmo
[2016.01.11-14.29.50:264][243]LogCharacter: FirstPersonCharacter_C_18 is trying to crouch, but crouching is disabled on this character! (check CharacterMovement NavAgentSettings)
[2016.01.11-14.29.51:352][292]LogBlueprintUserMessages: Early EndPlayMap Detection: Level '/Game/FirstPersonBP/Maps/Boss.Boss:PersistentLevel' has LevelScriptBlueprint '/Game/FirstPersonBP/Maps/Boss.Boss:PersistentLevel.Boss' with GeneratedClass '/Game/FirstPersonBP/Maps/Boss.Boss_C' with ClassGeneratedBy '/Game/FirstPersonBP/Maps/Boss.Boss:PersistentLevel.Boss'
[2016.01.11-14.29.51:454][292]LogBlueprintUserMessages: Late EndPlayMap Detection: Level '/Game/FirstPersonBP/Maps/Boss.Boss:PersistentLevel' has LevelScriptBlueprint '/Game/FirstPersonBP/Maps/Boss.Boss:PersistentLevel.Boss' with GeneratedClass '/Game/FirstPersonBP/Maps/Boss.Boss_C' with ClassGeneratedBy '/Game/FirstPersonBP/Maps/Boss.Boss:PersistentLevel.Boss'
[2016.01.11-14.29.51:493][292]LogParticles: Destroying 0 GPU particle simulations for FXSystem 0x000000FA73B60360
[2016.01.11-14.29.51:517][293]LogRenderer: Reallocating scene render targets to support 1920x1040 (Frame:6873).
[2016.01.11-14.29.52:935][318]LogEditorViewport: Clicking on Actor (context menu): StaticMeshActor (Sol)
[2016.01.11-14.29.54:061][334]LogBlueprintUserMessages: Early PlayInEditor Detection: Level '/Game/FirstPersonBP/Maps/Boss.Boss:PersistentLevel' has LevelScriptBlueprint '/Game/FirstPersonBP/Maps/Boss.Boss:PersistentLevel.Boss' with GeneratedClass '/Game/FirstPersonBP/Maps/Boss.Boss_C' with ClassGeneratedBy '/Game/FirstPersonBP/Maps/Boss.Boss:PersistentLevel.Boss'
[2016.01.11-14.29.54:061][334]LogPlayLevel: PlayLevel: No blueprints needed recompiling
[2016.01.11-14.29.54:061][334]PIE: New page: PIE session: Boss (Jan 11, 2016, 4:29:54 AM)
[2016.01.11-14.29.54:061][334]LogPlayLevel: Creating play world package: /Game/FirstPersonBP/Maps/UEDPIE_0_Boss
[2016.01.11-14.29.54:123][334]LogPlayLevel: PIE: StaticDuplicateObject took: (0.061451s)
[2016.01.11-14.29.54:123][334]LogAIModule: Creating AISystem for world Boss
[2016.01.11-14.29.54:123][334]LogPlayLevel: PIE: World Init took: (0.000632s)
[2016.01.11-14.29.54:123][334]LogPlayLevel: PIE: Created PIE world by copying editor world from /Game/FirstPersonBP/Maps/Boss.Boss to /Game/FirstPersonBP/Maps/UEDPIE_0_Boss.Boss (0.062282s)
[2016.01.11-14.29.54:141][334]LogInit: XAudio2 using 'Haut-parleurs (Périphérique High Definition Audio)' : 2 channels at 44.1 kHz using 16 bits per sample (channel mask 0x3)
[2016.01.11-14.29.54:147][334]LogInit: FAudioDevice initialized.
[2016.01.11-14.29.54:183][334]LogWorld: Game class is 'FirstPersonGameMode_C'
[2016.01.11-14.29.54:197][334]LogWorld: Bringing World /Game/FirstPersonBP/Maps/UEDPIE_0_Boss.Boss up for play (max tick rate 60) at 2016.01.11-09.29.54
[2016.01.11-14.29.54:198][334]LogActor:Warning: GameSession /Game/FirstPersonBP/Maps/UEDPIE_0_Boss.Boss:PersistentLevel.GameSession_1 has natively added scene component(s), but none of them were set as the actor's RootComponent - picking one arbitrarily
[2016.01.11-14.29.54:198][334]LogActor:Warning: GameNetworkManager /Game/FirstPersonBP/Maps/UEDPIE_0_Boss.Boss:PersistentLevel.GameNetworkManager_1 has natively added scene component(s), but none of them were set as the actor's RootComponent - picking one arbitrarily
[2016.01.11-14.29.54:199][334]LogWorld: Bringing up level for play took: 0.014720
[2016.01.11-14.29.54:203][334]PIE: Info Play in editor start time for /Game/FirstPersonBP/Maps/UEDPIE_0_Boss 0.588
[2016.01.11-14.29.54:203][334]LogBlueprintUserMessages: Late PlayInEditor Detection: Level '/Game/FirstPersonBP/Maps/Boss.Boss:PersistentLevel' has LevelScriptBlueprint '/Game/FirstPersonBP/Maps/Boss.Boss:PersistentLevel.Boss' with GeneratedClass '/Game/FirstPersonBP/Maps/Boss.Boss_C' with ClassGeneratedBy '/Game/FirstPersonBP/Maps/Boss.Boss:PersistentLevel.Boss'
[2016.01.11-14.30.02:932][679]LogBlueprintUserMessages: [BP_Wall4] OnTOUCH
[2016.01.11-14.30.02:932][679]LogBlueprintUserMessages: [BP_Wall4] NoTouch
[2016.01.11-14.30.02:963][680]LogBlueprintUserMessages: [BP_Wall4] OnTOUCH
[2016.01.11-14.30.03:070][684]LogCharacter: FirstPersonCharacter_C_19 is trying to crouch, but crouching is disabled on this character! (check CharacterMovement NavAgentSettings)
[2016.01.11-14.30.03:760][712]LogBlueprintUserMessages: [BP_Wall4] NoTouch
[2016.01.11-14.30.04:486][740]LogBlueprintUserMessages: [BP_Wall4] OnTOUCH
[2016.01.11-14.30.04:818][753]LogBlueprintUserMessages: [BP_Wall4] NoTouch
[2016.01.11-14.30.05:779][790]LogBlueprintUserMessages: [FirstPersonCharacter_C_19] Dash
[2016.01.11-14.30.06:777][829]LogBlueprintUserMessages: [BP_Wall6] OnTOUCH
[2016.01.11-14.30.07:042][839]LogBlueprintUserMessages: [BP_Wall6] NoTouch
[2016.01.11-14.30.07:352][851]LogBlueprintUserMessages: [FirstPersonCharacter_C_19] Dash
[2016.01.11-14.30.08:315][888]LogCharacter: FirstPersonCharacter_C_19 is trying to crouch, but crouching is disabled on this character! (check CharacterMovement NavAgentSettings)
[2016.01.11-14.30.20:146][347]LogBlueprintUserMessages: [FirstPersonCharacter_C_19] 2
[2016.01.11-14.30.20:146][347]LogBlueprintUserMessages: [FirstPersonCharacter_C_19] 3
[2016.01.11-14.30.24:264][507]LogBlueprintUserMessages: [FirstPersonCharacter_C_19] Dash
[2016.01.11-14.30.24:497][516]LogBlueprintUserMessages: [FirstPersonCharacter_C_19] En L'air
[2016.01.11-14.30.27:884][645]LogBlueprintUserMessages: [ArrowNORMAL_C_43] 3
[2016.01.11-14.30.27:884][645]LogBlueprintUserMessages: [ArrowNORMAL_C_43] 4
[2016.01.11-14.30.31:095][771]LogBlueprintUserMessages: [FirstPersonCharacter_C_19] Dash
[2016.01.11-14.30.31:327][780]LogBlueprintUserMessages: [FirstPersonCharacter_C_19] En L'air
[2016.01.11-14.30.34:725][910]LogBlueprintUserMessages: [FirstPersonCharacter_C_19] 2
[2016.01.11-14.30.34:725][910]LogBlueprintUserMessages: [FirstPersonCharacter_C_19] 3
[2016.01.11-14.30.42:328][201]LogBlueprintUserMessages: [BP_Wall_997] OnTOUCH
[2016.01.11-14.30.42:689][215]LogBlueprintUserMessages: [BP_Wall_997] NoTouch
[2016.01.11-14.30.45:832][336]LogBlueprintUserMessages: [FirstPersonCharacter_C_19] Dash
[2016.01.11-14.30.46:069][345]LogBlueprintUserMessages: [FirstPersonCharacter_C_19] En L'air
[2016.01.11-14.30.47:655][405]LogBlueprintUserMessages: [FirstPersonCharacter_C_19] Dash
[2016.01.11-14.30.47:889][414]LogBlueprintUserMessages: [FirstPersonCharacter_C_19] En L'air
[2016.01.11-14.30.49:575][479]LogBlueprintUserMessages: [FirstPersonCharacter_C_19] 1
[2016.01.11-14.30.49:575][479]LogBlueprintUserMessages: [FirstPersonCharacter_C_19] 2
[2016.01.11-14.30.53:467][636]LogBlueprintUserMessages: [FirstPersonCharacter_C_19] Dash
[2016.01.11-14.30.53:711][646]LogBlueprintUserMessages: [FirstPersonCharacter_C_19] En L'air
[2016.01.11-14.30.55:614][723]LogBlueprintUserMessages: [BP_Wall2] OnTOUCH
[2016.01.11-14.30.55:614][723]LogBlueprintUserMessages: [BP_Wall2] NoTouch
[2016.01.11-14.30.55:642][724]LogBlueprintUserMessages: [BP_Wall2] OnTOUCH
[2016.01.11-14.30.55:642][724]LogBlueprintUserMessages: [BP_Wall2] NoTouch
[2016.01.11-14.30.55:689][726]LogBlueprintUserMessages: [BP_Wall2] OnTOUCH
[2016.01.11-14.30.55:844][732]LogBlueprintUserMessages: [ArrowNORMAL_349] 2
[2016.01.11-14.30.55:844][732]LogBlueprintUserMessages: [ArrowNORMAL_349] 3
[2016.01.11-14.30.55:983][738]LogBlueprintUserMessages: [FirstPersonCharacter_C_19] touchWall
[2016.01.11-14.30.55:983][738]LogBlueprintUserMessages: [FirstPersonCharacter_C_19] true
[2016.01.11-14.30.56:327][752]LogBlueprintUserMessages: [ArrowNORMAL3_975] 3
[2016.01.11-14.30.56:327][752]LogBlueprintUserMessages: [ArrowNORMAL3_975] 4
[2016.01.11-14.30.56:528][760]LogBlueprintUserMessages: [ArrowNORMAL2_667] 4
[2016.01.11-14.30.56:528][760]LogBlueprintUserMessages: [ArrowNORMAL2_667] 5
[2016.01.11-14.30.56:605][763]LogBlueprintUserMessages: [BP_Wall2] NoTouch
[2016.01.11-14.30.57:457][798]LogBlueprintUserMessages: [BP_Wall2] OnTOUCH
[2016.01.11-14.30.57:764][810]LogBlueprintUserMessages: [BP_Wall2] NoTouch
[2016.01.11-14.31.02:540][  0]LogBlueprintUserMessages: [FirstPersonCharacter_C_19] 3
[2016.01.11-14.31.02:541][  0]LogBlueprintUserMessages: [FirstPersonCharacter_C_19] 4
[2016.01.11-14.31.05:306][110]LogBlueprintUserMessages: [BP_Wall7] OnTOUCH
[2016.01.11-14.31.07:457][196]LogBlueprintUserMessages: [FirstPersonCharacter_C_19] 2
[2016.01.11-14.31.07:457][196]LogBlueprintUserMessages: [FirstPersonCharacter_C_19] 3
[2016.01.11-14.31.08:760][248]LogBlueprintUserMessages: [FirstPersonCharacter_C_19] 1
[2016.01.11-14.31.08:760][248]LogBlueprintUserMessages: [FirstPersonCharacter_C_19] 2
[2016.01.11-14.31.09:902][294]LogBlueprintUserMessages: [BP_Wall7] NoTouch
[2016.01.11-14.31.10:215][307]LogBlueprintUserMessages: [FirstPersonCharacter_C_19] 0
[2016.01.11-14.31.10:215][307]LogBlueprintUserMessages: [FirstPersonCharacter_C_19] 1
[2016.01.11-14.31.10:656][324]LogBlueprintUserMessages: [BP_Wall7] OnTOUCH
[2016.01.11-14.31.11:331][351]LogBlueprintUserMessages: [FirstPersonCharacter_C_19] NoNormalAmmo
[2016.01.11-14.31.11:631][363]LogBlueprintUserMessages: [FirstPersonCharacter_C_19] NoNormalAmmo
[2016.01.11-14.31.11:734][367]LogBlueprintUserMessages: [FirstPersonCharacter_C_19] NoNormalAmmo
[2016.01.11-14.31.12:308][390]LogBlueprintUserMessages: [BP_Wall7] NoTouch
[2016.01.11-14.31.13:117][422]LogBlueprintUserMessages: [BP_Wall7] OnTOUCH
[2016.01.11-14.31.13:524][438]LogBlueprintUserMessages: [BP_Wall7] NoTouch
[2016.01.11-14.31.14:663][482]LogBlueprintUserMessages: Early EndPlayMap Detection: Level '/Game/FirstPersonBP/Maps/Boss.Boss:PersistentLevel' has LevelScriptBlueprint '/Game/FirstPersonBP/Maps/Boss.Boss:PersistentLevel.Boss' with GeneratedClass '/Game/FirstPersonBP/Maps/Boss.Boss_C' with ClassGeneratedBy '/Game/FirstPersonBP/Maps/Boss.Boss:PersistentLevel.Boss'
[2016.01.11-14.31.14:729][482]LogBlueprintUserMessages: Late EndPlayMap Detection: Level '/Game/FirstPersonBP/Maps/Boss.Boss:PersistentLevel' has LevelScriptBlueprint '/Game/FirstPersonBP/Maps/Boss.Boss:PersistentLevel.Boss' with GeneratedClass '/Game/FirstPersonBP/Maps/Boss.Boss_C' with ClassGeneratedBy '/Game/FirstPersonBP/Maps/Boss.Boss:PersistentLevel.Boss'
[2016.01.11-14.31.14:756][483]LogParticles: Destroying 0 GPU particle simulations for FXSystem 0x000000FA71EC02C0
[2016.01.11-14.31.26:413][690]LogContentStreaming: Texture pool size now 1000 MB
[2016.01.11-14.31.26:434][692]LogRenderer: Reallocating scene render targets to support 1920x1040 (Frame:10291).
[2016.01.11-14.31.29:445][719]LogBlueprintUserMessages: Early PlayInEditor Detection: Level '/Game/FirstPersonBP/Maps/Boss.Boss:PersistentLevel' has LevelScriptBlueprint '/Game/FirstPersonBP/Maps/Boss.Boss:PersistentLevel.Boss' with GeneratedClass '/Game/FirstPersonBP/Maps/Boss.Boss_C' with ClassGeneratedBy '/Game/FirstPersonBP/Maps/Boss.Boss:PersistentLevel.Boss'
[2016.01.11-14.31.29:445][719]LogPlayLevel: PlayLevel: No blueprints needed recompiling
[2016.01.11-14.31.29:445][719]PIE: New page: PIE session: Boss (Jan 11, 2016, 4:31:29 AM)
[2016.01.11-14.31.29:445][719]LogPlayLevel: Creating play world package: /Game/FirstPersonBP/Maps/UEDPIE_0_Boss
[2016.01.11-14.31.29:516][719]LogPlayLevel: PIE: StaticDuplicateObject took: (0.069430s)
[2016.01.11-14.31.29:516][719]LogAIModule: Creating AISystem for world Boss
[2016.01.11-14.31.29:516][719]LogPlayLevel: PIE: World Init took: (0.000674s)
[2016.01.11-14.31.29:516][719]LogPlayLevel: PIE: Created PIE world by copying editor world from /Game/FirstPersonBP/Maps/Boss.Boss to /Game/FirstPersonBP/Maps/UEDPIE_0_Boss.Boss (0.070306s)
[2016.01.11-14.31.29:534][719]LogInit: XAudio2 using 'Haut-parleurs (Périphérique High Definition Audio)' : 2 channels at 44.1 kHz using 16 bits per sample (channel mask 0x3)
[2016.01.11-14.31.29:540][719]LogInit: FAudioDevice initialized.
[2016.01.11-14.31.29:577][719]LogWorld: Game class is 'FirstPersonGameMode_C'
[2016.01.11-14.31.29:592][719]LogWorld: Bringing World /Game/FirstPersonBP/Maps/UEDPIE_0_Boss.Boss up for play (max tick rate 60) at 2016.01.11-09.31.29
[2016.01.11-14.31.29:592][719]LogActor:Warning: GameSession /Game/FirstPersonBP/Maps/UEDPIE_0_Boss.Boss:PersistentLevel.GameSession_2 has natively added scene component(s), but none of them were set as the actor's RootComponent - picking one arbitrarily
[2016.01.11-14.31.29:592][719]LogActor:Warning: GameNetworkManager /Game/FirstPersonBP/Maps/UEDPIE_0_Boss.Boss:PersistentLevel.GameNetworkManager_2 has natively added scene component(s), but none of them were set as the actor's RootComponent - picking one arbitrarily
[2016.01.11-14.31.29:593][719]LogWorld: Bringing up level for play took: 0.014521
[2016.01.11-14.31.29:598][719]PIE: Info Play in editor start time for /Game/FirstPersonBP/Maps/UEDPIE_0_Boss -0.018
[2016.01.11-14.31.29:598][719]LogBlueprintUserMessages: Late PlayInEditor Detection: Level '/Game/FirstPersonBP/Maps/Boss.Boss:PersistentLevel' has LevelScriptBlueprint '/Game/FirstPersonBP/Maps/Boss.Boss:PersistentLevel.Boss' with GeneratedClass '/Game/FirstPersonBP/Maps/Boss.Boss_C' with ClassGeneratedBy '/Game/FirstPersonBP/Maps/Boss.Boss:PersistentLevel.Boss'
[2016.01.11-14.31.34:196][777]Cmd: LevelEditor.ToggleImmersive
[2016.01.11-14.31.35:627][790]LogBlueprintUserMessages: [BP_Wall3] OnTOUCH
[2016.01.11-14.31.35:628][790]LogBlueprintUserMessages: [BP_Wall3] NoTouch
[2016.01.11-14.31.35:840][792]LogBlueprintUserMessages: [FirstPersonCharacter_C_20] 2
[2016.01.11-14.31.35:840][792]LogBlueprintUserMessages: [FirstPersonCharacter_C_20] 3
[2016.01.11-14.31.36:054][794]LogBlueprintUserMessages: [BP_Wall3] OnTOUCH
[2016.01.11-14.31.36:054][794]LogBlueprintUserMessages: [BP_Wall3] NoTouch
[2016.01.11-14.31.36:281][796]LogBlueprintUserMessages: [BP_Wall3] OnTOUCH
[2016.01.11-14.31.36:281][796]LogBlueprintUserMessages: [BP_Wall3] NoTouch
[2016.01.11-14.31.36:867][801]LogBlueprintUserMessages: [BP_Wall3] OnTOUCH
[2016.01.11-14.31.37:890][810]LogBlueprintUserMessages: [BP_Wall3] NoTouch
[2016.01.11-14.31.38:110][812]LogBlueprintUserMessages: [BP_Wall3] OnTOUCH
[2016.01.11-14.31.38:864][819]LogBlueprintUserMessages: [BP_Wall3] NoTouch
[2016.01.11-14.31.39:201][822]LogBlueprintUserMessages: [FirstPersonCharacter_C_20] Dash
[2016.01.11-14.31.39:416][824]LogBlueprintUserMessages: [FirstPersonCharacter_C_20] En L'air
[2016.01.11-14.31.45:216][876]LogBlueprintUserMessages: [FirstPersonCharacter_C_20] Dash
[2016.01.11-14.31.45:443][878]LogBlueprintUserMessages: [FirstPersonCharacter_C_20] En L'air
[2016.01.11-14.31.47:020][892]LogBlueprintUserMessages: [BP_Wall3] OnTOUCH
[2016.01.11-14.31.47:020][892]LogBlueprintUserMessages: [BP_Wall3] NoTouch
[2016.01.11-14.31.47:247][894]LogBlueprintUserMessages: [FirstPersonCharacter_C_20] Dash
[2016.01.11-14.31.47:464][896]LogBlueprintUserMessages: [FirstPersonCharacter_C_20] En L'air
[2016.01.11-14.31.49:956][918]LogBlueprintUserMessages: Early EndPlayMap Detection: Level '/Game/FirstPersonBP/Maps/Boss.Boss:PersistentLevel' has LevelScriptBlueprint '/Game/FirstPersonBP/Maps/Boss.Boss:PersistentLevel.Boss' with GeneratedClass '/Game/FirstPersonBP/Maps/Boss.Boss_C' with ClassGeneratedBy '/Game/FirstPersonBP/Maps/Boss.Boss:PersistentLevel.Boss'
[2016.01.11-14.31.50:144][918]LogBlueprintUserMessages: Late EndPlayMap Detection: Level '/Game/FirstPersonBP/Maps/Boss.Boss:PersistentLevel' has LevelScriptBlueprint '/Game/FirstPersonBP/Maps/Boss.Boss:PersistentLevel.Boss' with GeneratedClass '/Game/FirstPersonBP/Maps/Boss.Boss_C' with ClassGeneratedBy '/Game/FirstPersonBP/Maps/Boss.Boss:PersistentLevel.Boss'
[2016.01.11-14.31.50:177][918]LogParticles: Destroying 0 GPU particle simulations for FXSystem 0x000000FA17D5CC20
[2016.01.11-14.31.59:174][989]LogEditorViewport: Clicking on Actor (LMB): Emitter (P_Beam4)
[2016.01.11-14.39.09:372][217]LogLinker:Warning: Asset '../../../Engine/Content/ArtTools/RenderToTexture/Macros/RenderToTextureMacros.uasset' has been saved with empty engine version. The asset will be loaded but may be incompatible.
[2016.01.11-14.39.10:137][217]LogContentBrowser: Native class hierarchy updated for 'BlueprintGraph' in 0.0009 seconds. Added 107 classes and 0 folders.
[2016.01.11-14.39.17:731][582]LogBlueprintUserMessages: CustomizeDetails for Blueprint 'FirstPersonCharacter', cached variable property's owner is '/Game/FirstPersonBP/Blueprints/FirstPersonCharacter.SKEL_FirstPersonCharacter_C'
[2016.01.11-14.40.02:508][468]LogMaterial: Missing cached shader map for material Mat_Beam, compiling. 
[2016.01.11-14.40.02:738][468]LogMaterial: Missing cached shader map for material Mat_Beam, compiling. 
[2016.01.11-14.40.02:741][468]LogMaterial: 0.000053 seconds spent updating 1 materials, 1 interfaces, 0 instances, 0 with static permutations.
[2016.01.11-14.40.02:772][468]LogMaterial: Missing cached shader map for material FMatExpressionPreview MaterialExpressionTextureCoordinate_0, compiling. 
[2016.01.11-14.40.02:777][468]LogMaterial: Missing cached shader map for material FMatExpressionPreview MaterialExpressionComponentMask_0, compiling. 
[2016.01.11-14.40.02:782][468]LogMaterial: Missing cached shader map for material FMatExpressionPreview MaterialExpressionSine_0, compiling. 
[2016.01.11-14.40.02:786][468]LogMaterial: Missing cached shader map for material FMatExpressionPreview MaterialExpressionPower_0, compiling. 
[2016.01.11-14.40.04:523][481]MaterialEditorStats: Info Base pass shader without light map: 10 instructions
[2016.01.11-14.40.04:523][481]MaterialEditorStats: Info Vertex shader: 70 instructions
[2016.01.11-14.40.04:523][481]MaterialEditorStats: Info Texture samplers: 3/16
[2016.01.11-14.40.09:483][517]LogContentBrowser: Native class hierarchy updated for 'Cascade' in 0.0005 seconds. Added 2 classes and 2 folders.
[2016.01.11-14.40.12:234][533]LogCascade: Quitting Cascade. FXSystem=0x000000FA59CF0680
[2016.01.11-14.42.03:410][568]LogEditorTransaction: Undo Create Pin Link
[2016.01.11-14.42.03:494][568]LogActorComponent: UnregisterComponent: (/Engine/Transient.CharMoveComp) Not registered. Aborting.
[2016.01.11-14.42.04:109][587]LogEditorTransaction: Undo Break Pin Link
[2016.01.11-14.42.04:185][587]LogActorComponent: UnregisterComponent: (/Engine/Transient.CharacterMovementComponent_0) Not registered. Aborting.
[2016.01.11-14.42.04:833][612]LogEditorTransaction: Undo Clicking on Actors
[2016.01.11-14.42.06:036][682]LogEditorTransaction: Undo Clicking on Actors (context menu)
[2016.01.11-14.42.35:647][379]LogActorComponent: UnregisterComponent: (/Engine/Transient.CharacterMovementComponent_1) Not registered. Aborting.
[2016.01.11-14.44.24:371][823]LogActorComponent: UnregisterComponent: (/Engine/Transient.CharacterMovementComponent_2) Not registered. Aborting.
[2016.01.11-14.44.24:469][823]LogParticles: Destroying 0 GPU particle simulations for FXSystem 0x000000FA72C44680
[2016.01.11-14.44.24:469][823]LogParticles: Destroying 0 GPU particle simulations for FXSystem 0x000000FA59CF0680
[2016.01.11-14.44.27:927][823]LogWindowsTextInputMethodSystem:Display: IME system now deactivated.
[2016.01.11-14.44.28:266][824]Cmd: QUIT_EDITOR
[2016.01.11-14.44.28:542][824]LogExit: Preparing to exit.
[2016.01.11-14.44.29:395][824]LogExit: Editor shut down
[2016.01.11-14.44.29:395][824]LogExit: Transaction tracking system shut down
[2016.01.11-14.44.29:399][824]LogParticles: Destroying 0 GPU particle simulations for FXSystem 0x000000FA0F307880
[2016.01.11-14.44.29:399][824]LogParticles: Destroying 0 GPU particle simulations for FXSystem 0x000000FA0F755D00
[2016.01.11-14.44.29:399][824]LogParticles: Destroying 0 GPU particle simulations for FXSystem 0x000000FA206F4AE0
[2016.01.11-14.44.29:402][824]LogParticles: Destroying 0 GPU particle simulations for FXSystem 0x000000FA71BE0E00
[2016.01.11-14.44.29:403][824]LogParticles: Destroying 0 GPU particle simulations for FXSystem 0x000000FA71A9A340
[2016.01.11-14.44.29:404][824]LogParticles: Destroying 0 GPU particle simulations for FXSystem 0x000000FA721A3D80
[2016.01.11-14.44.29:609][824]LogExit: Object subsystem successfully closed.
[2016.01.11-14.44.29:616][824]LogD3D11RHI: Shutdown
[2016.01.11-14.44.29:616][824]LogD3D11RHI: CleanupD3DDevice
[2016.01.11-14.44.29:706][824]LogD3D11RHI: ~FD3D11DynamicRHI
[2016.01.11-14.44.29:732][824]LogModuleManager: Shutting down and abandoning module DistCurveEditor (201)
[2016.01.11-14.44.29:732][824]LogModuleManager: Shutting down and abandoning module Cascade (200)
[2016.01.11-14.44.29:732][824]LogModuleManager: Shutting down and abandoning module MaterialEditor (199)
[2016.01.11-14.44.29:732][824]LogModuleManager: Shutting down and abandoning module BlueprintGraph (198)
[2016.01.11-14.44.29:732][824]LogModuleManager: Shutting down and abandoning module CrashTracker (197)
[2016.01.11-14.44.29:732][824]LogModuleManager: Shutting down and abandoning module SceneOutliner (196)
[2016.01.11-14.44.29:732][824]LogModuleManager: Shutting down and abandoning module SuperSearch (195)
[2016.01.11-14.44.29:732][824]LogModuleManager: Shutting down and abandoning module WidgetCarousel (194)
[2016.01.11-14.44.29:732][824]LogModuleManager: Shutting down and abandoning module AddContentDialog (193)
[2016.01.11-14.44.29:735][824]LogModuleManager: Shutting down and abandoning module EditorWidgets (192)
[2016.01.11-14.44.29:735][824]LogModuleManager: Shutting down and abandoning module CollectionManager (191)
[2016.01.11-14.44.29:735][824]LogModuleManager: Shutting down and abandoning module StatsViewer (190)
[2016.01.11-14.44.29:735][824]LogModuleManager: Shutting down and abandoning module FoliageEdit (189)
[2016.01.11-14.44.29:735][824]LogModuleManager: Shutting down and abandoning module LandscapeEditor (188)
[2016.01.11-14.44.29:736][824]LogModuleManager: Shutting down and abandoning module ActorPickerMode (187)
[2016.01.11-14.44.29:736][824]LogModuleManager: Shutting down and abandoning module GeometryMode (186)
[2016.01.11-14.44.29:736][824]LogModuleManager: Shutting down and abandoning module TextureAlignMode (185)
[2016.01.11-14.44.29:736][824]LogModuleManager: Shutting down and abandoning module BspMode (184)
[2016.01.11-14.44.29:736][824]LogModuleManager: Shutting down and abandoning module PlacementMode (183)
[2016.01.11-14.44.29:736][824]LogModuleManager: Shutting down and abandoning module AutomationWorker (182)
[2016.01.11-14.44.29:736][824]LogModuleManager: Shutting down and abandoning module CharacterAI (181)
[2016.01.11-14.44.29:736][824]LogModuleManager: Shutting down and abandoning module SmartSnapping (180)
[2016.01.11-14.44.29:736][824]LogModuleManager: Shutting down and abandoning module ViewportSnapping (179)
[2016.01.11-14.44.29:736][824]LogModuleManager: Shutting down and abandoning module LogVisualizer (178)
[2016.01.11-14.44.29:736][824]LogModuleManager: Shutting down and abandoning module GameProjectGeneration (177)
[2016.01.11-14.44.29:736][824]LogModuleManager: Shutting down and abandoning module IntroTutorials (176)
[2016.01.11-14.44.29:736][824]LogModuleManager: Shutting down and abandoning module EditorLiveStreaming (175)
[2016.01.11-14.44.29:736][824]LogModuleManager: Shutting down and abandoning module IOSPlatformEditor (174)
[2016.01.11-14.44.29:736][824]LogModuleManager: Shutting down and abandoning module HTML5PlatformEditor (173)
[2016.01.11-14.44.29:736][824]LogModuleManager: Shutting down and abandoning module AndroidDeviceDetection (172)
[2016.01.11-14.44.30:474][824]LogModuleManager: Shutting down and abandoning module AndroidPlatformEditor (171)
[2016.01.11-14.44.30:474][824]LogModuleManager: Shutting down and abandoning module IOSRuntimeSettings (170)
[2016.01.11-14.44.30:474][824]LogModuleManager: Shutting down and abandoning module AndroidRuntimeSettings (169)
[2016.01.11-14.44.30:474][824]LogModuleManager: Shutting down and abandoning module MergeActors (168)
[2016.01.11-14.44.30:474][824]LogModuleManager: Shutting down and abandoning module SizeMap (167)
[2016.01.11-14.44.30:474][824]LogModuleManager: Shutting down and abandoning module TreeMap (166)
[2016.01.11-14.44.30:474][824]LogModuleManager: Shutting down and abandoning module ReferenceViewer (165)
[2016.01.11-14.44.30:474][824]LogModuleManager: Shutting down and abandoning module LocalizationService (164)
[2016.01.11-14.44.30:474][824]LogModuleManager: Shutting down and abandoning module LocalizationDashboard (163)
[2016.01.11-14.44.30:474][824]LogModuleManager: Shutting down and abandoning module HardwareTargeting (162)
[2016.01.11-14.44.30:474][824]LogModuleManager: Shutting down and abandoning module DeviceProfileEditor (161)
[2016.01.11-14.44.30:474][824]LogModuleManager: Shutting down and abandoning module UndoHistory (160)
[2016.01.11-14.44.30:474][824]LogModuleManager: Shutting down and abandoning module GameplayTagsEditor (159)
[2016.01.11-14.44.30:474][824]LogModuleManager: Shutting down and abandoning module UserFeedback (158)
[2016.01.11-14.44.30:474][824]LogModuleManager: Shutting down and abandoning module XmlParser (157)
[2016.01.11-14.44.30:474][824]LogModuleManager: Shutting down and abandoning module Blutility (156)
[2016.01.11-14.44.30:474][824]LogModuleManager: Shutting down and abandoning module ProjectTargetPlatformEditor (155)
[2016.01.11-14.44.30:474][824]LogModuleManager: Shutting down and abandoning module ProjectSettingsViewer (154)
[2016.01.11-14.44.30:474][824]LogModuleManager: Shutting down and abandoning module InputBindingEditor (153)
[2016.01.11-14.44.30:474][824]LogModuleManager: Shutting down and abandoning module EditorSettingsViewer (152)
[2016.01.11-14.44.30:474][824]LogModuleManager: Shutting down and abandoning module SettingsEditor (151)
[2016.01.11-14.44.30:474][824]LogModuleManager: Shutting down and abandoning module ProjectLauncher (150)
[2016.01.11-14.44.30:474][824]LogModuleManager: Shutting down and abandoning module SessionFrontend (149)
[2016.01.11-14.44.30:474][824]LogModuleManager: Shutting down and abandoning module ProfilerClient (148)
[2016.01.11-14.44.30:474][824]LogModuleManager: Shutting down and abandoning module TargetDeviceServices (147)
[2016.01.11-14.44.30:474][824]LogModuleManager: Shutting down and abandoning module DeviceManager (146)
[2016.01.11-14.44.30:475][824]LogModuleManager: Shutting down and abandoning module AutomationController (145)
[2016.01.11-14.44.30:475][824]LogModuleManager: Shutting down and abandoning module AutomationWindow (144)
[2016.01.11-14.44.30:475][824]LogModuleManager: Shutting down and abandoning module Layers (143)
[2016.01.11-14.44.30:475][824]LogModuleManager: Shutting down and abandoning module ComponentVisualizers (142)
[2016.01.11-14.44.30:475][824]LogModuleManager: Shutting down and abandoning module DetailCustomizations (141)
[2016.01.11-14.44.30:475][824]LogModuleManager: Shutting down and abandoning module PackagesDialog (140)
[2016.01.11-14.44.30:475][824]LogModuleManager: Shutting down and abandoning module Persona (139)
[2016.01.11-14.44.30:475][824]LogModuleManager: Shutting down and abandoning module Kismet (138)
[2016.01.11-14.44.30:475][824]LogModuleManager: Shutting down and abandoning module GraphEditor (137)
[2016.01.11-14.44.30:475][824]LogModuleManager: Shutting down and abandoning module ClassViewer (136)
[2016.01.11-14.44.30:475][824]LogModuleManager: Shutting down and abandoning module Toolbox (135)
[2016.01.11-14.44.30:475][824]LogModuleManager: Shutting down and abandoning module ModuleUI (134)
[2016.01.11-14.44.30:475][824]LogModuleManager: Shutting down and abandoning module MovieSceneTools (133)
[2016.01.11-14.44.30:475][824]LogModuleManager: Shutting down and abandoning module OutputLog (132)
[2016.01.11-14.44.30:475][824]LogModuleManager: Shutting down and abandoning module GammaUI (131)
[2016.01.11-14.44.30:475][824]LogModuleManager: Shutting down and abandoning module Documentation (130)
[2016.01.11-14.44.30:475][824]LogModuleManager: Shutting down and abandoning module GameLiveStreaming (129)
[2016.01.11-14.44.30:475][824]LogModuleManager: Shutting down and abandoning module StreamingPauseRendering (128)
[2016.01.11-14.44.30:475][824]LogModuleManager: Shutting down and abandoning module AnalyticsET (127)
[2016.01.11-14.44.30:475][824]LogModuleManager: Shutting down and abandoning module Analytics (126)
[2016.01.11-14.44.30:475][824]LogModuleManager: Shutting down and abandoning module AITestSuite (125)
[2016.01.11-14.44.30:475][824]LogModuleManager: Shutting down and abandoning module GameplayDebugger (124)
[2016.01.11-14.44.30:475][824]LogModuleManager: Shutting down and abandoning module AIModule (123)
[2016.01.11-14.44.30:475][824]LogModuleManager: Shutting down and abandoning module ProfilerService (122)
[2016.01.11-14.44.30:588][824]LogModuleManager: Shutting down and abandoning module TaskGraph (121)
[2016.01.11-14.44.30:588][824]LogModuleManager: Shutting down and abandoning module SlateRemote (120)
[2016.01.11-14.44.30:588][824]LogModuleManager: Shutting down and abandoning module SteamVRController (119)
[2016.01.11-14.44.30:588][824]LogModuleManager: Shutting down and abandoning module SteamVR (118)
[2016.01.11-14.44.30:588][824]LogModuleManager: Shutting down and abandoning module ProceduralMeshComponent (117)
[2016.01.11-14.44.30:588][824]LogModuleManager: Shutting down and abandoning module OculusRift (116)
[2016.01.11-14.44.30:588][824]LogModuleManager: Shutting down and abandoning module OculusLibrary (115)
[2016.01.11-14.44.30:588][824]LogModuleManager: Shutting down and abandoning module LeapMotionController (114)
[2016.01.11-14.44.30:603][824]LogModuleManager: Shutting down and abandoning module CustomMeshComponent (113)
[2016.01.11-14.44.30:603][824]LogModuleManager: Shutting down and abandoning module CableComponent (112)
[2016.01.11-14.44.30:603][824]LogModuleManager: Shutting down and abandoning module ArchVisCharacter (111)
[2016.01.11-14.44.30:603][824]LogModuleManager: Shutting down and abandoning module MessagingDebugger (110)
[2016.01.11-14.44.30:603][824]LogModuleManager: Shutting down and abandoning module MediaPlayerEditor (109)
[2016.01.11-14.44.30:603][824]LogModuleManager: Shutting down and abandoning module HTML5Networking (108)
[2016.01.11-14.44.30:603][824]LogModuleManager: Shutting down and abandoning module SpeedTreeImporter (107)
[2016.01.11-14.44.30:603][824]LogModuleManager: Shutting down and abandoning module PluginBrowser (106)
[2016.01.11-14.44.30:603][824]LogModuleManager: Shutting down and abandoning module EpicSurvey (105)
[2016.01.11-14.44.30:603][824]LogModuleManager: Shutting down and abandoning module DesktopPlatform (104)
[2016.01.11-14.44.30:603][824]LogModuleManager: Shutting down and abandoning module VisualStudioSourceCodeAccess (103)
[2016.01.11-14.44.30:603][824]LogModuleManager: Shutting down and abandoning module UObjectPlugin (102)
[2016.01.11-14.44.30:603][824]LogModuleManager: Shutting down and abandoning module SubversionSourceControl (101)
[2016.01.11-14.44.30:603][824]LogModuleManager: Shutting down and abandoning module PerforceSourceControl (100)
[2016.01.11-14.44.30:603][824]LogModuleManager: Shutting down and abandoning module SourceControl (99)
[2016.01.11-14.44.30:603][824]LogModuleManager: Shutting down and abandoning module GitSourceControl (98)
[2016.01.11-14.44.30:603][824]LogModuleManager: Shutting down and abandoning module LightPropagationVolumeEditor (97)
[2016.01.11-14.44.30:603][824]LogModuleManager: Shutting down and abandoning module PaperTiledImporter (96)
[2016.01.11-14.44.30:603][824]LogModuleManager: Shutting down and abandoning module PaperSpriteSheetImporter (95)
[2016.01.11-14.44.30:603][824]LogModuleManager: Shutting down and abandoning module MeshPaint (94)
[2016.01.11-14.44.30:603][824]LogModuleManager: Shutting down and abandoning module SlateReflector (93)
[2016.01.11-14.44.30:603][824]LogModuleManager: Shutting down and abandoning module HotReload (92)
[2016.01.11-14.44.30:603][824]LogModuleManager: Shutting down and abandoning module MainFrame (91)
[2016.01.11-14.44.30:603][824]LogModuleManager: Shutting down and abandoning module LevelEditor (90)
[2016.01.11-14.44.30:604][824]LogModuleManager: Shutting down and abandoning module DirectoryWatcher (89)
[2016.01.11-14.44.30:606][824]LogModuleManager: Shutting down and abandoning module AssetRegistry (88)
[2016.01.11-14.44.30:718][824]LogModuleManager: Shutting down and abandoning module ContentBrowser (87)
[2016.01.11-14.44.30:719][824]LogModuleManager: Shutting down and abandoning module Paper2DEditor (86)
[2016.01.11-14.44.30:719][824]LogModuleManager: Shutting down and abandoning module UdpMessaging (85)
[2016.01.11-14.44.30:819][824]LogModuleManager: Shutting down and abandoning module LightPropagationVolumeRuntime (84)
[2016.01.11-14.44.30:819][824]LogModuleManager: Shutting down and abandoning module Paper2D (83)
[2016.01.11-14.44.30:819][824]LogModuleManager: Shutting down and abandoning module WindowsMoviePlayer (82)
[2016.01.11-14.44.30:822][824]LogModuleManager: Shutting down and abandoning module Media (81)
[2016.01.11-14.44.30:822][824]LogModuleManager: Shutting down and abandoning module WmfMedia (80)
[2016.01.11-14.44.30:822][824]LogModuleManager: Shutting down and abandoning module OnlineBlueprintSupport (79)
[2016.01.11-14.44.30:822][824]LogModuleManager: Shutting down and abandoning module GameplayTasksEditor (78)
[2016.01.11-14.44.30:822][824]LogModuleManager: Shutting down and abandoning module PropertyEditor (77)
[2016.01.11-14.44.30:822][824]LogModuleManager: Shutting down and abandoning module BehaviorTreeEditor (76)
[2016.01.11-14.44.30:822][824]LogModuleManager: Shutting down and abandoning module FunctionalTesting (75)
[2016.01.11-14.44.30:822][824]LogModuleManager: Shutting down and abandoning module CollisionAnalyzer (74)
[2016.01.11-14.44.30:822][824]LogModuleManager: Shutting down and abandoning module WorkspaceMenuStructure (73)
[2016.01.11-14.44.30:822][824]LogModuleManager: Shutting down and abandoning module MessageLog (72)
[2016.01.11-14.44.30:822][824]LogModuleManager: Shutting down and abandoning module Sequencer (71)
[2016.01.11-14.44.30:822][824]LogModuleManager: Shutting down and abandoning module AssetTools (70)
[2016.01.11-14.44.30:822][824]LogModuleManager: Shutting down and abandoning module UMGEditor (69)
[2016.01.11-14.44.30:822][824]LogModuleManager: Shutting down and abandoning module UMG (68)
[2016.01.11-14.44.30:822][824]LogModuleManager: Shutting down and abandoning module Slate (67)
[2016.01.11-14.44.30:822][824]LogModuleManager: Shutting down and abandoning module EditorStyle (66)
[2016.01.11-14.44.30:824][824]LogModuleManager: Shutting down and abandoning module SessionServices (65)
[2016.01.11-14.44.30:824][824]LogModuleManager: Shutting down and abandoning module SourceCodeAccess (64)
[2016.01.11-14.44.30:824][824]LogModuleManager: Shutting down and abandoning module HeadMountedDisplay (63)
[2016.01.11-14.44.30:824][824]LogModuleManager: Shutting down and abandoning module XAudio2 (62)
[2016.01.11-14.44.30:824][824]LogModuleManager: Shutting down and abandoning module Networking (60)
[2016.01.11-14.44.30:824][824]LogModuleManager: Shutting down and abandoning module Core (59)
[2016.01.11-14.44.30:824][824]LogModuleManager: Shutting down and abandoning module KismetCompiler (58)
[2016.01.11-14.44.30:824][824]LogModuleManager: Shutting down and abandoning module PhysXFormats (57)
[2016.01.11-14.44.30:824][824]LogModuleManager: Shutting down and abandoning module MeshUtilities (56)
[2016.01.11-14.44.30:824][824]LogModuleManager: Shutting down and abandoning module CookingStats (55)
[2016.01.11-14.44.30:826][824]LogModuleManager: Shutting down and abandoning module DerivedDataCache (54)
[2016.01.11-14.44.30:887][824]LogDerivedDataCache: Shutdown
[2016.01.11-14.44.30:887][824]LogModuleManager: Shutting down and abandoning module ShaderFormatOpenGL (53)
[2016.01.11-14.44.30:887][824]LogModuleManager: Shutting down and abandoning module ShaderFormatD3D (52)
[2016.01.11-14.44.30:887][824]LogModuleManager: Shutting down and abandoning module MetalShaderFormat (51)
[2016.01.11-14.44.30:887][824]LogModuleManager: Shutting down and abandoning module TextureFormatUncompressed (50)
[2016.01.11-14.44.30:887][824]LogModuleManager: Shutting down and abandoning module TextureFormatPVR (49)
[2016.01.11-14.44.30:887][824]LogModuleManager: Shutting down and abandoning module TextureFormatIntelISPCTexComp (48)
[2016.01.11-14.44.30:887][824]LogModuleManager: Shutting down and abandoning module TextureFormatDXT (47)
[2016.01.11-14.44.30:887][824]LogModuleManager: Shutting down and abandoning module ImageWrapper (46)
[2016.01.11-14.44.30:887][824]LogModuleManager: Shutting down and abandoning module TextureFormatASTC (45)
[2016.01.11-14.44.30:887][824]LogModuleManager: Shutting down and abandoning module TextureFormatAndroid (44)
[2016.01.11-14.44.30:887][824]LogModuleManager: Shutting down and abandoning module AudioFormatOpus (43)
[2016.01.11-14.44.30:887][824]LogModuleManager: Shutting down and abandoning module AudioFormatOgg (42)
[2016.01.11-14.44.30:887][824]LogModuleManager: Shutting down and abandoning module AudioFormatADPCM (41)
[2016.01.11-14.44.30:887][824]LogModuleManager: Shutting down and abandoning module LinuxTargetPlatform (40)
[2016.01.11-14.44.30:887][824]LogModuleManager: Shutting down and abandoning module LinuxServerTargetPlatform (39)
[2016.01.11-14.44.30:887][824]LogModuleManager: Shutting down and abandoning module LinuxNoEditorTargetPlatform (38)
[2016.01.11-14.44.30:887][824]LogModuleManager: Shutting down and abandoning module Messaging (37)
[2016.01.11-14.44.30:887][824]LogModuleManager: Shutting down and abandoning module IOSTargetPlatform (36)
[2016.01.11-14.44.30:887][824]LogModuleManager: Shutting down and abandoning module HTML5TargetPlatform (35)
[2016.01.11-14.44.30:887][824]LogModuleManager: Shutting down and abandoning module Android_PVRTCTargetPlatform (34)
[2016.01.11-14.44.30:887][824]LogModuleManager: Shutting down and abandoning module Android_ETC2TargetPlatform (33)
[2016.01.11-14.44.30:887][824]LogModuleManager: Shutting down and abandoning module Android_ETC1TargetPlatform (32)
[2016.01.11-14.44.30:887][824]LogModuleManager: Shutting down and abandoning module Android_DXTTargetPlatform (31)
[2016.01.11-14.44.30:887][824]LogModuleManager: Shutting down and abandoning module Android_ATCTargetPlatform (30)
[2016.01.11-14.44.30:887][824]LogModuleManager: Shutting down and abandoning module Android_ASTCTargetPlatform (29)
[2016.01.11-14.44.30:887][824]LogModuleManager: Shutting down and abandoning module AndroidTargetPlatform (28)
[2016.01.11-14.44.30:887][824]LogModuleManager: Shutting down and abandoning module WindowsTargetPlatform (27)
[2016.01.11-14.44.30:887][824]LogModuleManager: Shutting down and abandoning module WindowsServerTargetPlatform (26)
[2016.01.11-14.44.30:887][824]LogModuleManager: Shutting down and abandoning module WindowsNoEditorTargetPlatform (25)
[2016.01.11-14.44.30:887][824]LogModuleManager: Shutting down and abandoning module WindowsClientTargetPlatform (24)
[2016.01.11-14.44.30:887][824]LogModuleManager: Shutting down and abandoning module AllDesktopTargetPlatform (23)
[2016.01.11-14.44.30:887][824]LogModuleManager: Shutting down and abandoning module TargetPlatform (22)
[2016.01.11-14.44.30:887][824]LogModuleManager: Shutting down and abandoning module InputCore (21)
[2016.01.11-14.44.30:887][824]LogModuleManager: Shutting down and abandoning module Settings (20)
[2016.01.11-14.44.30:887][824]LogModuleManager: Shutting down and abandoning module OnlineSubsystem (18)
[2016.01.11-14.44.30:887][824]LogModuleManager: Shutting down and abandoning module HTTP (17)
[2016.01.11-14.44.31:889][824]LogModuleManager: Shutting down and abandoning module XMPP (16)
[2016.01.11-14.44.31:889][824]LogModuleManager: Shutting down and abandoning module ExampleDeviceProfileSelector (15)
[2016.01.11-14.44.31:889][824]LogModuleManager: Shutting down and abandoning module TextureCompressor (14)
[2016.01.11-14.44.31:889][824]LogModuleManager: Shutting down and abandoning module ShaderCore (13)
[2016.01.11-14.44.31:889][824]LogModuleManager: Shutting down and abandoning module Landscape (12)
[2016.01.11-14.44.31:889][824]LogModuleManager: Shutting down and abandoning module SlateRHIRenderer (11)
[2016.01.11-14.44.31:892][824]LogModuleManager: Shutting down and abandoning module OpenGLDrv (10)
[2016.01.11-14.44.31:892][824]LogModuleManager: Shutting down and abandoning module D3D11RHI (9)
[2016.01.11-14.44.31:892][824]LogModuleManager: Shutting down and abandoning module AnimGraphRuntime (8)
[2016.01.11-14.44.31:892][824]LogModuleManager: Shutting down and abandoning module Renderer (7)
[2016.01.11-14.44.31:892][824]LogModuleManager: Shutting down and abandoning module Engine (6)
[2016.01.11-14.44.31:892][824]LogModuleManager: Shutting down and abandoning module CoreUObject (5)
[2016.01.11-14.44.31:892][824]LogModuleManager: Shutting down and abandoning module NetworkFile (4)
[2016.01.11-14.44.31:892][824]LogModuleManager: Shutting down and abandoning module StreamingFile (3)
[2016.01.11-14.44.31:892][824]LogModuleManager: Shutting down and abandoning module SandboxFile (2)
[2016.01.11-14.44.31:892][824]LogModuleManager: Shutting down and abandoning module PakFile (1)
[2016.01.11-14.44.31:893][824]LogExit: Exiting.
[2016.01.11-14.44.31:912][824]Log file closed, 01/11/16 09:44:31
