[2016.01.10-21.34.00:898][  0]Log file open, 01/10/16 16:34:00
[2016.01.10-21.34.00:898][  0]LogInit:Display: Running engine for game: ShadowFall
[2016.01.10-21.34.00:898][  0]LogInit:Display: RandInit(1409918031) SRandInit(1409918032).
[2016.01.10-21.34.00:898][  0]LogTaskGraph: Started task graph with 4 named threads and 7 total threads.
[2016.01.10-21.34.00:898][  0]LogStats: Stats thread started at 0.083947
[2016.01.10-21.34.00:898][  0]LogInit: Version: 4.9.2-2707645+++depot+UE4-Releases+4.9
[2016.01.10-21.34.00:898][  0]LogInit: API Version: 2672455
[2016.01.10-21.34.00:898][  0]LogInit: Compiled (64-bit): Sep 28 2015 10:25:44
[2016.01.10-21.34.00:898][  0]LogInit: Compiled with Visual C++: 18.00.21005.01
[2016.01.10-21.34.00:898][  0]LogInit: Build Configuration: Development
[2016.01.10-21.34.00:898][  0]LogInit: Branch Name: ++depot+UE4-Releases+4.9
[2016.01.10-21.34.00:898][  0]LogInit: Command line:  
[2016.01.10-21.34.00:898][  0]LogInit: Base directory: D:/Program Files/Epic Games/4.9/Engine/Binaries/Win64/
[2016.01.10-21.34.00:898][  0]LogInit: Rocket: 1
[2016.01.10-21.34.00:908][  0]LogInit: Using libcurl 7.41.0
[2016.01.10-21.34.00:908][  0]LogInit:  - built for x86_64-pc-win32
[2016.01.10-21.34.00:908][  0]LogInit:  - supports SSL with WinSSL
[2016.01.10-21.34.00:908][  0]LogInit:  - other features:
[2016.01.10-21.34.00:908][  0]LogInit:      CURL_VERSION_SSL
[2016.01.10-21.34.00:908][  0]LogInit:      CURL_VERSION_IPV6
[2016.01.10-21.34.00:908][  0]LogInit:      CURL_VERSION_ASYNCHDNS
[2016.01.10-21.34.00:908][  0]LogInit:      CURL_VERSION_LARGEFILE
[2016.01.10-21.34.00:908][  0]LogInit:      CURL_VERSION_IDN
[2016.01.10-21.34.00:908][  0]LogInit:  CurlRequestOptions (configurable via config and command line):
[2016.01.10-21.34.00:908][  0]LogInit:  - bVerifyPeer = true  - Libcurl will verify peer certificate
[2016.01.10-21.34.00:908][  0]LogInit:  - bUseHttpProxy = false  - Libcurl will NOT use HTTP proxy
[2016.01.10-21.34.00:908][  0]LogInit:  - bDontReuseConnections = false  - Libcurl will reuse connections
[2016.01.10-21.34.00:908][  0]LogInit:  - CertBundlePath = nullptr  - Libcurl will use whatever was configured at build time.
[2016.01.10-21.34.00:916][  0]LogInit: Presizing for 0 objects not considered by GC, pre-allocating 0 bytes.
[2016.01.10-21.34.00:925][  0]LogInit: Object subsystem initialized
[2016.01.10-21.34.00:927][  0]LogInit: Selected Device Profile: [Windows]
[2016.01.10-21.34.00:927][  0]LogInit: Applying CVar settings loaded from the selected device profile: [Windows]
[2016.01.10-21.34.00:938][  0]LogInit: Computer: PCMAXIME
[2016.01.10-21.34.00:938][  0]LogInit: User: Maxime
[2016.01.10-21.34.00:938][  0]LogInit: CPU Page size=4096, Cores=4
[2016.01.10-21.34.00:938][  0]LogInit: High frequency timer resolution =2.338448 MHz
[2016.01.10-21.34.00:938][  0]LogMemory: Memory total: Physical=7.9GB (8GB approx)
[2016.01.10-21.34.00:938][  0]LogMemory: Platform Memory Stats for Windows
[2016.01.10-21.34.00:938][  0]LogMemory: Process Physical Memory: 56.11 MB used, 56.11 MB peak
[2016.01.10-21.34.00:938][  0]LogMemory: Process Virtual Memory: 57.15 MB used, 57.15 MB peak
[2016.01.10-21.34.00:938][  0]LogMemory: Physical Memory: 3645.45 MB used, 8123.55 MB total
[2016.01.10-21.34.00:938][  0]LogMemory: Virtual Memory: 352.14 MB used, 134217728.00 MB total
[2016.01.10-21.34.01:005][  0]LogTextLocalizationManager: No translations for ('fr-FR') exist, falling back to 'en' for localization and internationalization data.
[2016.01.10-21.34.01:963][  0]LogD3D11RHI: Found D3D11 adapter 0: AMD Radeon HD 7570M (Feature Level 11_0)
[2016.01.10-21.34.01:963][  0]LogD3D11RHI: Adapter has 1004MB of dedicated video memory, 0MB of dedicated system memory, and 3840MB of shared system memory, 1 output[s]
[2016.01.10-21.34.01:965][  0]LogD3D11RHI: Found D3D11 adapter 1: Microsoft Basic Render Driver (Feature Level 11_0)
[2016.01.10-21.34.01:965][  0]LogD3D11RHI: Adapter has 0MB of dedicated video memory, 0MB of dedicated system memory, and 4061MB of shared system memory, 0 output[s]
[2016.01.10-21.34.01:965][  0]LogD3D11RHI: Chosen D3D11 Adapter Id = 0
[2016.01.10-21.34.01:970][  0]LogD3D11RHI: !Direct3DDevice
[2016.01.10-21.34.01:970][  0]LogRHI: Texture pool is 702 MB (70% of 1004 MB)
[2016.01.10-21.34.01:979][  0]LogD3D11RHI: Async texture creation disabled: no driver support
[2016.01.10-21.34.01:991][  0]LogShaderCompilers: Guid format shader working directory is 15 characters bigger than the processId version (../../../../../../Bibliothèques/Documents/Unreal Projects/ShadowerFall/Intermediate/Shaders/WorkingDirectory/5468/).
[2016.01.10-21.34.01:991][  0]LogShaderCompilers: Cleaned the shader compiler working directory '../../../../../../Bibliothèques/Documents/Unreal Projects/ShadowerFall/Intermediate/Shaders/tmp/D04D50164F77F803AC65568E67805557/'.
[2016.01.10-21.34.01:991][  0]LogShaderCompilers:Display: Using Local Shader Compiler.
[2016.01.10-21.34.03:453][  0]LogTemp:Display: Loaded TP AllDesktopTargetPlatform
[2016.01.10-21.34.03:459][  0]LogTemp:Display: Loaded TP WindowsClientTargetPlatform
[2016.01.10-21.34.03:465][  0]LogTemp:Display: Loaded TP WindowsNoEditorTargetPlatform
[2016.01.10-21.34.03:471][  0]LogTemp:Display: Loaded TP WindowsServerTargetPlatform
[2016.01.10-21.34.03:477][  0]LogTemp:Display: Loaded TP WindowsTargetPlatform
[2016.01.10-21.34.03:481][  0]LogTemp:Display: Loaded TP AndroidTargetPlatform
[2016.01.10-21.34.03:485][  0]LogTemp:Display: Loaded TP Android_ASTCTargetPlatform
[2016.01.10-21.34.03:488][  0]LogTemp:Display: Loaded TP Android_ATCTargetPlatform
[2016.01.10-21.34.03:492][  0]LogTemp:Display: Loaded TP Android_DXTTargetPlatform
[2016.01.10-21.34.03:496][  0]LogTemp:Display: Loaded TP Android_ETC1TargetPlatform
[2016.01.10-21.34.03:500][  0]LogTemp:Display: Loaded TP Android_ETC2TargetPlatform
[2016.01.10-21.34.03:504][  0]LogTemp:Display: Loaded TP Android_PVRTCTargetPlatform
[2016.01.10-21.34.03:505][  0]LogTemp:Display: Loaded TP HTML5TargetPlatform
[2016.01.10-21.34.03:523][  0]LogTemp:Display: Loaded TP IOSTargetPlatform
[2016.01.10-21.34.03:527][  0]LogTemp:Display: Loaded TP LinuxNoEditorTargetPlatform
[2016.01.10-21.34.03:531][  0]LogTemp:Display: Loaded TP LinuxServerTargetPlatform
[2016.01.10-21.34.03:535][  0]LogTemp:Display: Loaded TP LinuxTargetPlatform
[2016.01.10-21.34.03:535][  0]LogTargetPlatformManager:Display: Building Assets For Windows
[2016.01.10-21.34.03:640][  0]LogDerivedDataCache:Display: Max Cache Size: 512 MB
[2016.01.10-21.34.03:682][  0]LogDerivedDataCache: Loaded boot cache 0.04s 41MB C:/Users/Maxime/AppData/Local/UnrealEngine/4.9/DerivedDataCache/Boot.ddc.
[2016.01.10-21.34.03:682][  0]LogDerivedDataCache:Display: Loaded Boot cache: C:/Users/Maxime/AppData/Local/UnrealEngine/4.9/DerivedDataCache/Boot.ddc
[2016.01.10-21.34.03:682][  0]LogDerivedDataCache: FDerivedDataBackendGraph:  Pak pak cache file ../../../../../../Bibliothèques/Documents/Unreal Projects/ShadowerFall/DerivedDataCache/DDC.ddp not found, will not use a pak cache.
[2016.01.10-21.34.03:682][  0]LogDerivedDataCache: Unable to find inner node Pak for hierarchical cache Hierarchy.
[2016.01.10-21.34.03:682][  0]LogDerivedDataCache: FDerivedDataBackendGraph:  CompressedPak pak cache file ../../../../../../Bibliothèques/Documents/Unreal Projects/ShadowerFall/DerivedDataCache/Compressed.ddp not found, will not use a pak cache.
[2016.01.10-21.34.03:682][  0]LogDerivedDataCache: Unable to find inner node CompressedPak for hierarchical cache Hierarchy.
[2016.01.10-21.34.03:838][  0]LogDerivedDataCache:Display: Pak cache opened for reading ../../../Engine/DerivedDataCache/Compressed.ddp.
[2016.01.10-21.34.03:851][  0]LogDerivedDataCache: Using Local data cache path C:/Users/Maxime/AppData/Local/UnrealEngine/Common/DerivedDataCache: Writable
[2016.01.10-21.34.04:063][  0]LogInit: Selected Device Profile: [Windows]
[2016.01.10-21.34.04:065][  0]LogContentStreaming: Texture pool size is 0.000000MB
[2016.01.10-21.34.04:202][  0]LogMeshUtilities: No automatic mesh reduction module available
[2016.01.10-21.34.04:202][  0]LogMeshUtilities: No automatic mesh merging module available
[2016.01.10-21.34.04:536][  0]LogInit: WinSock: version 1.1 (2.2), MaxSocks=32767, MaxUdp=65467
[2016.01.10-21.34.05:343][  0]UdpMessaging: Initializing bridge on interface 0.0.0.0:0 to multicast group 230.0.0.1:6666.
[2016.01.10-21.34.05:449][  0]LogAssetRegistry: FAssetRegistry took 0.0111 seconds to start up
[2016.01.10-21.34.05:655][  0]SourceControl: Info Source control is disabled
[2016.01.10-21.34.05:656][  0]SourceControl: Info Source control is disabled
[2016.01.10-21.34.05:672][  0]SourceControl: Info Source control is disabled
[2016.01.10-21.34.05:687][  0]SourceControl: Info Source control is disabled
[2016.01.10-21.34.05:888][  0]LogLinker:Warning: Asset '../../../Engine/Plugins/Runtime/LeapMotionController/Content/LM_PassthroughMaterial.uasset' has been saved with empty engine version. The asset will be loaded but may be incompatible.
[2016.01.10-21.34.05:992][  0]LogObj: 28361 objects as part of root set at end of initial load.
[2016.01.10-21.34.05:992][  0]LogUObjectAllocator: 6038872 out of 0 bytes used by permanent object pool.
[2016.01.10-21.34.06:053][  0]LogEngine: Initializing Engine...
[2016.01.10-21.34.06:056][  0]LogHMD: Can't find Oculus library dev build: is proper Runtime installed? Version: 0.7.0.0
[2016.01.10-21.34.06:057][  0]LogHMD: SteamVR failed to initialize.  Err: 110
[2016.01.10-21.34.06:198][  0]LogAIModule: Creating AISystem for world NewWorld
[2016.01.10-21.34.06:204][  0]LogInit: XAudio2 using 'Haut-parleurs (Périphérique High Definition Audio)' : 2 channels at 44.1 kHz using 16 bits per sample (channel mask 0x3)
[2016.01.10-21.34.06:220][  0]LogInit: FAudioDevice initialized.
[2016.01.10-21.34.06:241][  0]LogDerivedDataCache: Saved boot cache 0.02s 41MB C:/Users/Maxime/AppData/Local/UnrealEngine/4.9/DerivedDataCache/Boot.ddc.
[2016.01.10-21.34.06:243][  0]LogInit: Texture streaming: Enabled
[2016.01.10-21.34.06:250][  0]LogAnalytics: Creating configured Analytics provider AnalyticsET
[2016.01.10-21.34.06:250][  0]LogAnalytics: [UEEditor.Rocket.Release] APIServer = http://et2.epicgames.com/ET2/. AppVersion = 4.9.2-2707645+++depot+UE4-Releases+4.9
[2016.01.10-21.34.06:250][  0]LogAnalytics: [UEEditor.Rocket.Release] SetUserId 9a9effe84c4b08c90696e581cd7488a3|06ed4f6a0f4048debc1b07e05a99303a|05176c3f-19e8-4dc1-8202-ec95daad005f
[2016.01.10-21.34.06:250][  0]LogAnalytics: [UEEditor.Rocket.Release] AnalyticsET::StartSession
[2016.01.10-21.34.06:287][  0]LogInit: Transaction tracking system initialized
[2016.01.10-21.34.06:322][  0]BlueprintLog: New page: Editor Load
[2016.01.10-21.34.06:414][  0]LocalizationService: Info Localization service is disabled
[2016.01.10-21.34.06:647][  0]LogConsoleResponse:Display: 
[2016.01.10-21.34.06:775][  0]LogCook:Display: Done creating registry. It took  0.00s.
[2016.01.10-21.34.06:855][  0]LogFileCache: Scanning file cache for directory 'D:/Bibliothèques/Documents/Unreal Projects/ShadowerFall/Content/' took 0.02s
[2016.01.10-21.34.06:855][  0]SourceControl: Info Source control is disabled
[2016.01.10-21.34.06:855][  0]Cmd: MAP LOAD FILE="../../../../../../Bibliothèques/Documents/Unreal Projects/ShadowerFall/Content/FirstPersonBP/Maps/FirstPersonExampleMap.umap" TEMPLATE=0 SHOWPROGRESS=1 FEATURELEVEL=3
[2016.01.10-21.34.06:856][  0]LightingResults: New page: Lighting Build
[2016.01.10-21.34.06:859][  0]MapCheck: New page: Map Check
[2016.01.10-21.34.06:859][  0]LightingResults: New page: Lighting Build
[2016.01.10-21.34.06:872][  0]LogParticles: Destroying 0 GPU particle simulations for FXSystem 0x0000008143488400
[2016.01.10-21.34.06:875][  0]LogLinker:Warning: Can't find file '/Game/FirstPersonBP/Blueprints/AI/CustomAICharacter'
[2016.01.10-21.34.06:876][  0]LogLinker:Warning: Can't find file for asset '/Game/FirstPersonBP/Blueprints/AI/CustomAICharacter' while loading ../../../../../../Bibliothèques/Documents/Unreal Projects/ShadowerFall/Content/FirstPersonBP/Maps/FirstPersonExampleMap.umap.
[2016.01.10-21.34.06:876][  0]LoadErrors:Error: Error /Game/FirstPersonBP/Maps/FirstPersonExampleMap : Can't find file for asset. /Game/FirstPersonBP/Blueprints/AI/CustomAICharacter
[2016.01.10-21.34.07:077][  0]LogLinker:Warning: Asset '../../../../../../Bibliothèques/Documents/Unreal Projects/ShadowerFall/Content/FirstPerson/Meshes/FirstPersonProjectileMesh.uasset' has been saved with empty engine version. The asset will be loaded but may be incompatible.
[2016.01.10-21.34.07:901][  0]LogLinker:Warning: Can't find file '/Game/FirstPersonBP/Blueprints/AI/CustomAICharacter'
[2016.01.10-21.34.07:901][  0]LogLinker:Warning: Can't find file for asset '/Game/FirstPersonBP/Blueprints/AI/CustomAICharacter' while loading ../../../../../../Bibliothèques/Documents/Unreal Projects/ShadowerFall/Content/FirstPersonBP/Maps/FirstPersonExampleMap.umap.
[2016.01.10-21.34.07:902][  0]LoadErrors:Error: Error /Game/FirstPersonBP/Maps/FirstPersonExampleMap : Can't find file for asset. /Game/FirstPersonBP/Blueprints/AI/CustomAICharacter
[2016.01.10-21.34.07:973][  0]LogLinker:Warning: Can't find file '/Game/FirstPersonBP/Blueprints/AI/CustomAICharacter'
[2016.01.10-21.34.07:974][  0]LogLinker:Warning: Can't find file for asset '/Game/FirstPersonBP/Blueprints/AI/CustomAICharacter' while loading ../../../../../../Bibliothèques/Documents/Unreal Projects/ShadowerFall/Content/FirstPersonBP/Maps/FirstPersonExampleMap.umap.
[2016.01.10-21.34.07:974][  0]LoadErrors:Error: Error /Game/FirstPersonBP/Maps/FirstPersonExampleMap : Can't find file for asset. /Game/FirstPersonBP/Blueprints/AI/CustomAICharacter
[2016.01.10-21.34.07:974][  0]LogLinker:Warning: Can't find file '/Game/FirstPersonBP/Blueprints/AI/CustomAICharacter'
[2016.01.10-21.34.07:974][  0]LogLinker:Warning: Can't find file for asset '/Game/FirstPersonBP/Blueprints/AI/CustomAICharacter' while loading ../../../../../../Bibliothèques/Documents/Unreal Projects/ShadowerFall/Content/FirstPersonBP/Maps/FirstPersonExampleMap.umap.
[2016.01.10-21.34.07:974][  0]LoadErrors:Error: Error /Game/FirstPersonBP/Maps/FirstPersonExampleMap : Can't find file for asset. /Game/FirstPersonBP/Blueprints/AI/CustomAICharacter
[2016.01.10-21.34.07:974][  0]LogLinker:Warning: Can't find file '/Game/FirstPersonBP/Blueprints/AI/CustomAICharacter'
[2016.01.10-21.34.07:975][  0]LogLinker:Warning: Can't find file for asset '/Game/FirstPersonBP/Blueprints/AI/CustomAICharacter' while loading ../../../../../../Bibliothèques/Documents/Unreal Projects/ShadowerFall/Content/FirstPersonBP/Maps/FirstPersonExampleMap.umap.
[2016.01.10-21.34.07:975][  0]LoadErrors:Error: Error /Game/FirstPersonBP/Maps/FirstPersonExampleMap : Can't find file for asset. /Game/FirstPersonBP/Blueprints/AI/CustomAICharacter
[2016.01.10-21.34.07:977][  0]LogLinker:Warning: Can't find file '/Game/FirstPersonBP/Blueprints/AI/CustomAICharacter'
[2016.01.10-21.34.07:977][  0]LogLinker:Warning: Can't find file for asset '/Game/FirstPersonBP/Blueprints/AI/CustomAICharacter' while loading ../../../../../../Bibliothèques/Documents/Unreal Projects/ShadowerFall/Content/FirstPersonBP/Maps/FirstPersonExampleMap.umap.
[2016.01.10-21.34.07:977][  0]LoadErrors:Error: Error /Game/FirstPersonBP/Maps/FirstPersonExampleMap : Can't find file for asset. /Game/FirstPersonBP/Blueprints/AI/CustomAICharacter
[2016.01.10-21.34.07:982][  0]LogLinker:Warning: Can't find file '/Game/FirstPersonBP/Blueprints/AI/CustomAICharacter'
[2016.01.10-21.34.07:982][  0]LogLinker:Warning: Can't find file for asset '/Game/FirstPersonBP/Blueprints/AI/CustomAICharacter' while loading ../../../../../../Bibliothèques/Documents/Unreal Projects/ShadowerFall/Content/FirstPersonBP/Maps/FirstPersonExampleMap.umap.
[2016.01.10-21.34.07:982][  0]LoadErrors:Error: Error /Game/FirstPersonBP/Maps/FirstPersonExampleMap : Can't find file for asset. /Game/FirstPersonBP/Blueprints/AI/CustomAICharacter
[2016.01.10-21.34.07:987][  0]LogLinker:Warning: Can't find file '/Game/FirstPersonBP/Blueprints/AI/CustomAICharacter'
[2016.01.10-21.34.07:987][  0]LogLinker:Warning: Can't find file for asset '/Game/FirstPersonBP/Blueprints/AI/CustomAICharacter' while loading ../../../../../../Bibliothèques/Documents/Unreal Projects/ShadowerFall/Content/FirstPersonBP/Maps/FirstPersonExampleMap.umap.
[2016.01.10-21.34.07:987][  0]LoadErrors:Error: Error /Game/FirstPersonBP/Maps/FirstPersonExampleMap : Can't find file for asset. /Game/FirstPersonBP/Blueprints/AI/CustomAICharacter
[2016.01.10-21.34.07:987][  0]LogLinker:Warning: Can't find file '/Game/FirstPersonBP/Blueprints/AI/CustomAICharacter'
[2016.01.10-21.34.07:988][  0]LogLinker:Warning: Can't find file for asset '/Game/FirstPersonBP/Blueprints/AI/CustomAICharacter' while loading ../../../../../../Bibliothèques/Documents/Unreal Projects/ShadowerFall/Content/FirstPersonBP/Maps/FirstPersonExampleMap.umap.
[2016.01.10-21.34.07:988][  0]LoadErrors:Error: Error /Game/FirstPersonBP/Maps/FirstPersonExampleMap : Can't find file for asset. /Game/FirstPersonBP/Blueprints/AI/CustomAICharacter
[2016.01.10-21.34.07:988][  0]LogLinker:Warning: Can't find file '/Game/FirstPersonBP/Blueprints/AI/CustomAICharacter'
[2016.01.10-21.34.07:988][  0]LogLinker:Warning: Can't find file for asset '/Game/FirstPersonBP/Blueprints/AI/CustomAICharacter' while loading ../../../../../../Bibliothèques/Documents/Unreal Projects/ShadowerFall/Content/FirstPersonBP/Maps/FirstPersonExampleMap.umap.
[2016.01.10-21.34.07:989][  0]LoadErrors:Error: Error /Game/FirstPersonBP/Maps/FirstPersonExampleMap : Can't find file for asset. /Game/FirstPersonBP/Blueprints/AI/CustomAICharacter
[2016.01.10-21.34.07:990][  0]LogLinker:Warning: Can't find file '/Game/FirstPersonBP/Blueprints/AI/CustomAICharacter'
[2016.01.10-21.34.07:990][  0]LogLinker:Warning: Can't find file for asset '/Game/FirstPersonBP/Blueprints/AI/CustomAICharacter' while loading NULL.
[2016.01.10-21.34.07:990][  0]LogLinker:Warning: Can't find file '/Game/FirstPersonBP/Blueprints/AI/CustomAICharacter'
[2016.01.10-21.34.07:991][  0]LogLinker:Warning: Can't find file for asset '/Game/FirstPersonBP/Blueprints/AI/CustomAICharacter' while loading NULL.
[2016.01.10-21.34.07:991][  0]LogLinker:Warning: Can't find file '/Game/FirstPersonBP/Blueprints/AI/CustomAICharacter'
[2016.01.10-21.34.07:991][  0]LogLinker:Warning: Can't find file for asset '/Game/FirstPersonBP/Blueprints/AI/CustomAICharacter' while loading NULL.
[2016.01.10-21.34.07:991][  0]LogLinker:Warning: Can't find file '/Game/FirstPersonBP/Blueprints/AI/CustomAICharacter'
[2016.01.10-21.34.07:991][  0]LogLinker:Warning: Can't find file for asset '/Game/FirstPersonBP/Blueprints/AI/CustomAICharacter' while loading NULL.
[2016.01.10-21.34.07:992][  0]LogLinker:Warning: Can't find file '/Game/FirstPersonBP/Blueprints/AI/CustomAICharacter'
[2016.01.10-21.34.07:992][  0]LogLinker:Warning: Can't find file for asset '/Game/FirstPersonBP/Blueprints/AI/CustomAICharacter' while loading NULL.
[2016.01.10-21.34.07:992][  0]LogLinker:Warning: Can't find file '/Game/FirstPersonBP/Blueprints/AI/CustomAICharacter'
[2016.01.10-21.34.07:992][  0]LogLinker:Warning: Can't find file for asset '/Game/FirstPersonBP/Blueprints/AI/CustomAICharacter' while loading NULL.
[2016.01.10-21.34.07:992][  0]LogLinker:Warning: Can't find file '/Game/FirstPersonBP/Blueprints/AI/CustomAICharacter'
[2016.01.10-21.34.07:993][  0]LogLinker:Warning: Can't find file for asset '/Game/FirstPersonBP/Blueprints/AI/CustomAICharacter' while loading NULL.
[2016.01.10-21.34.07:993][  0]LogLinker:Warning: Can't find file '/Game/FirstPersonBP/Blueprints/AI/CustomAICharacter'
[2016.01.10-21.34.07:993][  0]LogLinker:Warning: Can't find file for asset '/Game/FirstPersonBP/Blueprints/AI/CustomAICharacter' while loading NULL.
[2016.01.10-21.34.07:993][  0]LogLinker:Warning: Can't find file '/Game/FirstPersonBP/Blueprints/AI/CustomAICharacter'
[2016.01.10-21.34.07:993][  0]LogLinker:Warning: Can't find file for asset '/Game/FirstPersonBP/Blueprints/AI/CustomAICharacter' while loading NULL.
[2016.01.10-21.34.07:993][  0]LogLinker:Warning: Can't find file '/Game/FirstPersonBP/Blueprints/AI/CustomAICharacter'
[2016.01.10-21.34.07:994][  0]LogLinker:Warning: Can't find file for asset '/Game/FirstPersonBP/Blueprints/AI/CustomAICharacter' while loading NULL.
[2016.01.10-21.34.07:995][  0]LogLinker:Warning: Can't find file '/Game/FirstPersonBP/Blueprints/AI/CustomAICharacter'
[2016.01.10-21.34.07:995][  0]LogLinker:Warning: Can't find file for asset '/Game/FirstPersonBP/Blueprints/AI/CustomAICharacter' while loading NULL.
[2016.01.10-21.34.07:995][  0]LogLinker:Warning: Can't find file '/Game/FirstPersonBP/Blueprints/AI/CustomAICharacter'
[2016.01.10-21.34.07:996][  0]LogLinker:Warning: Can't find file for asset '/Game/FirstPersonBP/Blueprints/AI/CustomAICharacter' while loading NULL.
[2016.01.10-21.34.08:004][  0]LogLinker:Warning: Can't find file '/Game/FirstPersonBP/Blueprints/AI/CustomAICharacter'
[2016.01.10-21.34.08:005][  0]LogLinker:Warning: Can't find file for asset '/Game/FirstPersonBP/Blueprints/AI/CustomAICharacter' while loading NULL.
[2016.01.10-21.34.08:005][  0]LogLinker:Warning: Can't find file '/Game/FirstPersonBP/Blueprints/AI/CustomAICharacter'
[2016.01.10-21.34.08:005][  0]LogLinker:Warning: Can't find file for asset '/Game/FirstPersonBP/Blueprints/AI/CustomAICharacter' while loading NULL.
[2016.01.10-21.34.08:005][  0]LogLinker:Warning: Can't find file '/Game/FirstPersonBP/Blueprints/AI/CustomAICharacter'
[2016.01.10-21.34.08:005][  0]LogLinker:Warning: Can't find file for asset '/Game/FirstPersonBP/Blueprints/AI/CustomAICharacter' while loading NULL.
[2016.01.10-21.34.08:006][  0]LogLinker:Warning: Can't find file '/Game/FirstPersonBP/Blueprints/AI/CustomAICharacter'
[2016.01.10-21.34.08:006][  0]LogLinker:Warning: Can't find file for asset '/Game/FirstPersonBP/Blueprints/AI/CustomAICharacter' while loading NULL.
[2016.01.10-21.34.08:006][  0]LogLinker:Warning: Can't find file '/Game/FirstPersonBP/Blueprints/AI/CustomAICharacter'
[2016.01.10-21.34.08:006][  0]LogLinker:Warning: Can't find file for asset '/Game/FirstPersonBP/Blueprints/AI/CustomAICharacter' while loading NULL.
[2016.01.10-21.34.08:007][  0]LogLinker:Warning: Can't find file '/Game/FirstPersonBP/Blueprints/AI/CustomAICharacter'
[2016.01.10-21.34.08:007][  0]LogLinker:Warning: Can't find file for asset '/Game/FirstPersonBP/Blueprints/AI/CustomAICharacter' while loading NULL.
[2016.01.10-21.34.08:010][  0]LogLinker:Warning: Can't find file '/Game/FirstPersonBP/Blueprints/AI/CustomAICharacter'
[2016.01.10-21.34.08:010][  0]LogLinker:Warning: Can't find file for asset '/Game/FirstPersonBP/Blueprints/AI/CustomAICharacter' while loading NULL.
[2016.01.10-21.34.08:011][  0]LogLinker:Warning: Can't find file '/Game/FirstPersonBP/Blueprints/AI/CustomAICharacter'
[2016.01.10-21.34.08:011][  0]LogLinker:Warning: Can't find file for asset '/Game/FirstPersonBP/Blueprints/AI/CustomAICharacter' while loading NULL.
[2016.01.10-21.34.08:016][  0]LogLinker:Warning: Can't find file '/Game/FirstPersonBP/Blueprints/AI/CustomAICharacter'
[2016.01.10-21.34.08:016][  0]LogLinker:Warning: Can't find file for asset '/Game/FirstPersonBP/Blueprints/AI/CustomAICharacter' while loading NULL.
[2016.01.10-21.34.08:016][  0]LogLinker:Warning: Can't find file '/Game/FirstPersonBP/Blueprints/AI/CustomAICharacter'
[2016.01.10-21.34.08:016][  0]LogLinker:Warning: Can't find file for asset '/Game/FirstPersonBP/Blueprints/AI/CustomAICharacter' while loading NULL.
[2016.01.10-21.34.08:020][  0]LogLinker:Warning: Can't find file '/Game/FirstPersonBP/Blueprints/AI/CustomAICharacter'
[2016.01.10-21.34.08:020][  0]LogLinker:Warning: Can't find file for asset '/Game/FirstPersonBP/Blueprints/AI/CustomAICharacter' while loading NULL.
[2016.01.10-21.34.08:020][  0]LogLinker:Warning: Can't find file '/Game/FirstPersonBP/Blueprints/AI/CustomAICharacter'
[2016.01.10-21.34.08:020][  0]LogLinker:Warning: Can't find file for asset '/Game/FirstPersonBP/Blueprints/AI/CustomAICharacter' while loading NULL.
[2016.01.10-21.34.08:022][  0]LogLinker:Warning: Can't find file '/Game/FirstPersonBP/Blueprints/AI/CustomAICharacter'
[2016.01.10-21.34.08:022][  0]LogLinker:Warning: Can't find file for asset '/Game/FirstPersonBP/Blueprints/AI/CustomAICharacter' while loading NULL.
[2016.01.10-21.34.08:023][  0]LogLinker:Warning: Can't find file '/Game/FirstPersonBP/Blueprints/AI/CustomAICharacter'
[2016.01.10-21.34.08:023][  0]LogLinker:Warning: Can't find file for asset '/Game/FirstPersonBP/Blueprints/AI/CustomAICharacter' while loading NULL.
[2016.01.10-21.34.08:043][  0]LogLinker:Warning: Can't find file '/Game/FirstPersonBP/Blueprints/AI/CustomAICharacter'
[2016.01.10-21.34.08:043][  0]LogLinker:Warning: Can't find file for asset '/Game/FirstPersonBP/Blueprints/AI/CustomAICharacter' while loading NULL.
[2016.01.10-21.34.08:043][  0]LogLinker:Warning: Can't find file '/Game/FirstPersonBP/Blueprints/AI/CustomAICharacter'
[2016.01.10-21.34.08:043][  0]LoadErrors: Info Failed to load /Game/FirstPersonBP/Blueprints/AI/CustomAICharacter.CustomAICharacter_C Referenced by PersistentLevel
[2016.01.10-21.34.08:044][  0]LogLinker:Warning: Can't find file for asset '/Game/FirstPersonBP/Blueprints/AI/CustomAICharacter' while loading NULL.
[2016.01.10-21.34.08:044][  0]LoadErrors: Info Failed to load /Game/FirstPersonBP/Blueprints/AI/CustomAICharacter.CustomAICharacter_C Referenced by PersistentLevel
[2016.01.10-21.34.08:319][  0]LogAIModule: Creating AISystem for world FirstPersonExampleMap
[2016.01.10-21.34.08:342][  0]LogEditorServer: Finished looking for orphan Actors (0.000 secs)
[2016.01.10-21.34.08:342][  0]Cmd: MAP CHECKDEP NOCLEARLOG
[2016.01.10-21.34.08:451][  0]MapCheck: Info Map check complete: 0 Error(s), 0 Warning(s), took 108.628ms to complete.
[2016.01.10-21.34.08:451][  0]LogFileHelpers: Loading map 'FirstPersonExampleMap' took 1.596
[2016.01.10-21.34.08:560][  0]LogCollectionManager: Loaded 0 collections in 0.002441 seconds
[2016.01.10-21.34.08:607][  0]LogFileCache: Scanning file cache for directory 'D:/Bibliothèques/Documents/Unreal Projects/ShadowerFall/Saved/Collections/' took 0.01s
[2016.01.10-21.34.08:607][  0]LogFileCache: Scanning file cache for directory 'D:/Bibliothèques/Documents/Unreal Projects/ShadowerFall/Content/Developers/Maxime/Collections/' took 0.01s
[2016.01.10-21.34.08:607][  0]LogFileCache: Scanning file cache for directory 'D:/Bibliothèques/Documents/Unreal Projects/ShadowerFall/Content/Collections/' took 0.01s
[2016.01.10-21.34.08:607][  0]LogContentBrowser: Native class hierarchy populated in 0.0108 seconds. Added 1867 classes and 333 folders.
[2016.01.10-21.34.08:612][  0]LogCollectionManager: Rebuilt the GUID cache for 0 collections in 0.000003 seconds
[2016.01.10-21.34.08:619][  0]LogContentBrowser: Native class hierarchy updated for 'WidgetCarousel' in 0.0004 seconds. Added 0 classes and 0 folders.
[2016.01.10-21.34.08:685][  0]LogContentBrowser: Native class hierarchy updated for 'AddContentDialog' in 0.0005 seconds. Added 0 classes and 0 folders.
[2016.01.10-21.34.08:689][  0]LogContentBrowser: Native class hierarchy updated for 'SceneOutliner' in 0.0005 seconds. Added 1 classes and 2 folders.
[2016.01.10-21.34.08:776][  0]LogCrashTracker: Crashtracker disabled due to settings.
[2016.01.10-21.34.08:780][  0]LogUObjectGlobals:Warning: Failed to find object 'Class None.'
[2016.01.10-21.34.08:803][  0]LogLoad: Full Startup: 8.70 seconds (BP compile: 0.58 seconds)
[2016.01.10-21.34.09:142][  0]LoadErrors:Warning: Warning CreateExport: Failed to load Outer for resource 'Arrow': CustomAICharacter_C /Game/FirstPersonBP/Maps/FirstPersonExampleMap.FirstPersonExampleMap:PersistentLevel.CustomAICharacter_C_1
[2016.01.10-21.34.09:142][  0]LoadErrors:Warning: Warning CreateExport: Failed to load Outer for resource 'CollisionCylinder': CustomAICharacter_C /Game/FirstPersonBP/Maps/FirstPersonExampleMap.FirstPersonExampleMap:PersistentLevel.CustomAICharacter_C_1
[2016.01.10-21.34.09:142][  0]LoadErrors:Warning: Warning CreateExport: Failed to load Outer for resource 'ExplosionCol': CustomAICharacter_C /Game/FirstPersonBP/Maps/FirstPersonExampleMap.FirstPersonExampleMap:PersistentLevel.CustomAICharacter_C_1
[2016.01.10-21.34.09:142][  0]LoadErrors:Warning: Warning CreateExport: Failed to load Outer for resource 'CharMoveComp': CustomAICharacter_C /Game/FirstPersonBP/Maps/FirstPersonExampleMap.FirstPersonExampleMap:PersistentLevel.CustomAICharacter_C_1
[2016.01.10-21.34.09:142][  0]LoadErrors:Warning: Warning CreateExport: Failed to load Outer for resource 'PawnSensing': CustomAICharacter_C /Game/FirstPersonBP/Maps/FirstPersonExampleMap.FirstPersonExampleMap:PersistentLevel.CustomAICharacter_C_1
[2016.01.10-21.34.09:142][  0]LoadErrors:Warning: Warning CreateExport: Failed to load Outer for resource 'CharacterMesh0': CustomAICharacter_C /Game/FirstPersonBP/Maps/FirstPersonExampleMap.FirstPersonExampleMap:PersistentLevel.CustomAICharacter_C_1
[2016.01.10-21.34.09:142][  0]LoadErrors:Warning: Warning CreateExport: Failed to load Outer for resource 'StaticMesh': CustomAICharacter_C /Game/FirstPersonBP/Maps/FirstPersonExampleMap.FirstPersonExampleMap:PersistentLevel.CustomAICharacter_C_1
[2016.01.10-21.34.09:229][  0]LogContentStreaming: Texture pool size now 200 MB
[2016.01.10-21.34.09:390][  0]LogRenderer: Reallocating scene render targets to support 1252x668 (Frame:2).
[2016.01.10-21.34.10:116][  6]LogAssetRegistry: Asset discovery search completed in 4.6785 seconds
[2016.01.10-21.34.10:116][  6]LogCollectionManager: Rebuilt the object cache for 0 collections in 0.000001 seconds (found 0 objects)
[2016.01.10-21.34.10:116][  6]LogCollectionManager: Fixed up redirectors for 0 collections in 0.000034 seconds (updated 0 objects)
[2016.01.10-21.34.14:090][ 80]LogLinker:Warning: Can't find file '/Game/FirstPersonBP/Blueprints/JumpPad'
[2016.01.10-21.34.14:090][ 80]LogLinker:Warning: Can't find file for asset '/Game/FirstPersonBP/Blueprints/JumpPad' while loading ../../../../../../Bibliothèques/Documents/Unreal Projects/ShadowerFall/Content/FirstPersonBP/Maps/Level2.umap.
[2016.01.10-21.34.14:090][ 80]LoadErrors:Error: Error /Game/FirstPersonBP/Maps/Level2 : Can't find file for asset. /Game/FirstPersonBP/Blueprints/JumpPad
[2016.01.10-21.34.14:096][ 80]LogLinker:Warning: Can't find file '/Game/FirstPersonBP/Blueprints/JumpPad'
[2016.01.10-21.34.14:096][ 80]LogLinker:Warning: Can't find file for asset '/Game/FirstPersonBP/Blueprints/JumpPad' while loading ../../../../../../Bibliothèques/Documents/Unreal Projects/ShadowerFall/Content/FirstPersonBP/Maps/Level2.umap.
[2016.01.10-21.34.14:097][ 80]LogLinker:Warning: Can't find file '/Game/FirstPersonBP/Blueprints/JumpPad'
[2016.01.10-21.34.14:097][ 80]LogLinker:Warning: Can't find file for asset '/Game/FirstPersonBP/Blueprints/JumpPad' while loading ../../../../../../Bibliothèques/Documents/Unreal Projects/ShadowerFall/Content/FirstPersonBP/Maps/Level2.umap.
[2016.01.10-21.34.14:097][ 80]LogLinker:Warning: Can't find file '/Game/FirstPersonBP/Blueprints/JumpPad'
[2016.01.10-21.34.14:098][ 80]LogLinker:Warning: Can't find file for asset '/Game/FirstPersonBP/Blueprints/JumpPad' while loading ../../../../../../Bibliothèques/Documents/Unreal Projects/ShadowerFall/Content/FirstPersonBP/Maps/Level2.umap.
[2016.01.10-21.34.14:100][ 80]LogLinker:Warning: Can't find file '/Game/FirstPersonBP/Blueprints/JumpPad'
[2016.01.10-21.34.14:100][ 80]LogLinker:Warning: Can't find file for asset '/Game/FirstPersonBP/Blueprints/JumpPad' while loading NULL.
[2016.01.10-21.34.14:100][ 80]LogLinker:Warning: Can't find file '/Game/FirstPersonBP/Blueprints/JumpPad'
[2016.01.10-21.34.14:100][ 80]LogLinker:Warning: Can't find file for asset '/Game/FirstPersonBP/Blueprints/JumpPad' while loading NULL.
[2016.01.10-21.34.14:101][ 80]LogLinker:Warning: Can't find file '/Game/FirstPersonBP/Blueprints/JumpPad'
[2016.01.10-21.34.14:101][ 80]LogLinker:Warning: Can't find file for asset '/Game/FirstPersonBP/Blueprints/JumpPad' while loading NULL.
[2016.01.10-21.34.14:101][ 80]LogLinker:Warning: Can't find file '/Game/FirstPersonBP/Blueprints/JumpPad'
[2016.01.10-21.34.14:101][ 80]LogLinker:Warning: Can't find file for asset '/Game/FirstPersonBP/Blueprints/JumpPad' while loading NULL.
[2016.01.10-21.34.14:185][ 80]LogLinker:Warning: Can't find file '/Game/FirstPersonBP/Blueprints/JumpPad'
[2016.01.10-21.34.14:185][ 80]LogLinker:Warning: Can't find file for asset '/Game/FirstPersonBP/Blueprints/JumpPad' while loading NULL.
[2016.01.10-21.34.14:185][ 80]LogLinker:Warning: Can't find file '/Game/FirstPersonBP/Blueprints/JumpPad'
[2016.01.10-21.34.14:185][ 80]LogLinker:Warning: Can't find file for asset '/Game/FirstPersonBP/Blueprints/JumpPad' while loading NULL.
[2016.01.10-21.34.14:185][ 80]LogLinker:Warning: Can't find file '/Game/FirstPersonBP/Blueprints/JumpPad'
[2016.01.10-21.34.14:185][ 80]LogLinker:Warning: Can't find file for asset '/Game/FirstPersonBP/Blueprints/JumpPad' while loading NULL.
[2016.01.10-21.34.14:186][ 80]LogLinker:Warning: Can't find file '/Game/FirstPersonBP/Blueprints/JumpPad'
[2016.01.10-21.34.14:186][ 80]LogLinker:Warning: Can't find file for asset '/Game/FirstPersonBP/Blueprints/JumpPad' while loading NULL.
[2016.01.10-21.34.14:200][ 80]LogLinker:Warning: Can't find file '/Game/FirstPersonBP/Blueprints/JumpPad'
[2016.01.10-21.34.14:200][ 80]LogLinker:Warning: Can't find file for asset '/Game/FirstPersonBP/Blueprints/JumpPad' while loading NULL.
[2016.01.10-21.34.14:201][ 80]LogLinker:Warning: Can't find file '/Game/FirstPersonBP/Blueprints/JumpPad'
[2016.01.10-21.34.14:201][ 80]LogLinker:Warning: Can't find file for asset '/Game/FirstPersonBP/Blueprints/JumpPad' while loading NULL.
[2016.01.10-21.34.14:201][ 80]LogLinker:Warning: Can't find file '/Game/FirstPersonBP/Blueprints/JumpPad'
[2016.01.10-21.34.14:201][ 80]LogLinker:Warning: Can't find file for asset '/Game/FirstPersonBP/Blueprints/JumpPad' while loading NULL.
[2016.01.10-21.34.14:201][ 80]LogLinker:Warning: Can't find file '/Game/FirstPersonBP/Blueprints/JumpPad'
[2016.01.10-21.34.14:202][ 80]LogLinker:Warning: Can't find file for asset '/Game/FirstPersonBP/Blueprints/JumpPad' while loading NULL.
[2016.01.10-21.34.14:205][ 80]LogLinker:Warning: Can't find file '/Game/FirstPersonBP/Blueprints/JumpPad'
[2016.01.10-21.34.14:206][ 80]LogLinker:Warning: Can't find file for asset '/Game/FirstPersonBP/Blueprints/JumpPad' while loading NULL.
[2016.01.10-21.34.14:206][ 80]LogLinker:Warning: Can't find file '/Game/FirstPersonBP/Blueprints/JumpPad'
[2016.01.10-21.34.14:206][ 80]LogLinker:Warning: Can't find file for asset '/Game/FirstPersonBP/Blueprints/JumpPad' while loading NULL.
[2016.01.10-21.34.14:206][ 80]LogLinker:Warning: Can't find file '/Game/FirstPersonBP/Blueprints/JumpPad'
[2016.01.10-21.34.14:206][ 80]LogLinker:Warning: Can't find file for asset '/Game/FirstPersonBP/Blueprints/JumpPad' while loading NULL.
[2016.01.10-21.34.14:207][ 80]LogLinker:Warning: Can't find file '/Game/FirstPersonBP/Blueprints/JumpPad'
[2016.01.10-21.34.14:207][ 80]LogLinker:Warning: Can't find file for asset '/Game/FirstPersonBP/Blueprints/JumpPad' while loading NULL.
[2016.01.10-21.34.14:232][ 80]LogLinker:Warning: Can't find file '/Game/FirstPersonBP/Blueprints/JumpPad'
[2016.01.10-21.34.14:232][ 80]LogLinker:Warning: Can't find file for asset '/Game/FirstPersonBP/Blueprints/JumpPad' while loading NULL.
[2016.01.10-21.34.14:232][ 80]LogLinker:Warning: Can't find file '/Game/FirstPersonBP/Blueprints/JumpPad'
[2016.01.10-21.34.14:232][ 80]LoadErrors: Info Failed to load /Game/FirstPersonBP/Blueprints/JumpPad.JumpPad_C Referenced by PersistentLevel
[2016.01.10-21.34.14:232][ 80]LogLinker:Warning: Can't find file for asset '/Game/FirstPersonBP/Blueprints/JumpPad' while loading NULL.
[2016.01.10-21.34.14:233][ 80]LogLinker:Warning: Can't find file '/Game/FirstPersonBP/Blueprints/JumpPad'
[2016.01.10-21.34.14:233][ 80]LogLinker:Warning: Can't find file for asset '/Game/FirstPersonBP/Blueprints/JumpPad' while loading NULL.
[2016.01.10-21.34.14:233][ 80]LogLinker:Warning: Can't find file '/Game/FirstPersonBP/Blueprints/JumpPad'
[2016.01.10-21.34.14:233][ 80]LogLinker:Warning: Can't find file for asset '/Game/FirstPersonBP/Blueprints/JumpPad' while loading NULL.
[2016.01.10-21.34.14:409][ 80]LogAIModule: Creating AISystem for world Level2
[2016.01.10-21.34.14:502][ 80]LogUObjectGlobals:Warning: Failed to find object 'Object /Game/FirstPersonBP/Maps/Level2.Level2v2'
[2016.01.10-21.34.14:512][ 80]LoadErrors:Warning: Warning CreateExport: Failed to load Outer for resource 'SceneComp': JumpPad_C /Game/FirstPersonBP/Maps/Level2.Level2v2:PersistentLevel.JumpPad2
[2016.01.10-21.34.14:512][ 80]LoadErrors:Warning: Warning CreateExport: Failed to load Outer for resource 'SceneComp': JumpPad_C /Game/FirstPersonBP/Maps/Level2.Level2v2:PersistentLevel.JumpPad_C_2
[2016.01.10-21.34.14:512][ 80]LoadErrors:Warning: Warning CreateExport: Failed to load Outer for resource 'JumpadMesh': JumpPad_C /Game/FirstPersonBP/Maps/Level2.Level2v2:PersistentLevel.JumpPad2
[2016.01.10-21.34.14:512][ 80]LoadErrors:Warning: Warning CreateExport: Failed to load Outer for resource 'JumpadMesh': JumpPad_C /Game/FirstPersonBP/Maps/Level2.Level2v2:PersistentLevel.JumpPad_C_2
[2016.01.10-21.34.19:472][189]LogUObjectGlobals:Warning: Failed to find object 'Object /Game/FirstPersonBP/Maps/Level2.Level2v2'
[2016.01.10-21.36.21:236][711]LogEditorViewport: Clicking Background
[2016.01.10-21.36.22:632][749]LogActorComponent: UnregisterComponent: (/Engine/Transient.ProjectileMovementComponent_40__A6522401) Not registered. Aborting.
[2016.01.10-21.36.22:632][749]LogActorComponent: UnregisterComponent: (/Engine/Transient.ProjectileMovementComponent_0) Not registered. Aborting.
[2016.01.10-21.36.22:632][749]LogActorComponent: UnregisterComponent: (/Engine/Transient.ProjectileMovementComponent_1) Not registered. Aborting.
[2016.01.10-21.36.22:819][749]LogWindowsTextInputMethodSystem:Display: IME system now deactivated.
[2016.01.10-21.36.23:114][750]Cmd: QUIT_EDITOR
[2016.01.10-21.36.23:398][750]LogExit: Preparing to exit.
[2016.01.10-21.36.24:493][750]LogExit: Editor shut down
[2016.01.10-21.36.24:493][750]LogExit: Transaction tracking system shut down
[2016.01.10-21.36.24:496][750]LogParticles: Destroying 0 GPU particle simulations for FXSystem 0x0000008149E8C860
[2016.01.10-21.36.24:496][750]LogParticles: Destroying 0 GPU particle simulations for FXSystem 0x000000814FE47880
[2016.01.10-21.36.24:497][750]LogParticles: Destroying 0 GPU particle simulations for FXSystem 0x0000008149F52B60
[2016.01.10-21.36.24:497][750]LogParticles: Destroying 0 GPU particle simulations for FXSystem 0x000000814FAC6D40
[2016.01.10-21.36.24:648][750]LogExit: Object subsystem successfully closed.
[2016.01.10-21.36.24:662][750]LogD3D11RHI: Shutdown
[2016.01.10-21.36.24:662][750]LogD3D11RHI: CleanupD3DDevice
[2016.01.10-21.36.24:716][750]LogD3D11RHI: ~FD3D11DynamicRHI
[2016.01.10-21.36.24:739][750]LogModuleManager: Shutting down and abandoning module CrashTracker (197)
[2016.01.10-21.36.24:739][750]LogModuleManager: Shutting down and abandoning module SceneOutliner (196)
[2016.01.10-21.36.24:739][750]LogModuleManager: Shutting down and abandoning module SuperSearch (195)
[2016.01.10-21.36.24:739][750]LogModuleManager: Shutting down and abandoning module WidgetCarousel (194)
[2016.01.10-21.36.24:739][750]LogModuleManager: Shutting down and abandoning module AddContentDialog (193)
[2016.01.10-21.36.24:740][750]LogModuleManager: Shutting down and abandoning module EditorWidgets (192)
[2016.01.10-21.36.24:740][750]LogModuleManager: Shutting down and abandoning module CollectionManager (191)
[2016.01.10-21.36.24:740][750]LogModuleManager: Shutting down and abandoning module StatsViewer (190)
[2016.01.10-21.36.24:740][750]LogModuleManager: Shutting down and abandoning module FoliageEdit (189)
[2016.01.10-21.36.24:740][750]LogModuleManager: Shutting down and abandoning module LandscapeEditor (188)
[2016.01.10-21.36.24:740][750]LogModuleManager: Shutting down and abandoning module ActorPickerMode (187)
[2016.01.10-21.36.24:740][750]LogModuleManager: Shutting down and abandoning module GeometryMode (186)
[2016.01.10-21.36.24:740][750]LogModuleManager: Shutting down and abandoning module TextureAlignMode (185)
[2016.01.10-21.36.24:740][750]LogModuleManager: Shutting down and abandoning module BspMode (184)
[2016.01.10-21.36.24:740][750]LogModuleManager: Shutting down and abandoning module PlacementMode (183)
[2016.01.10-21.36.24:741][750]LogModuleManager: Shutting down and abandoning module AutomationWorker (182)
[2016.01.10-21.36.24:741][750]LogModuleManager: Shutting down and abandoning module CharacterAI (181)
[2016.01.10-21.36.24:741][750]LogModuleManager: Shutting down and abandoning module SmartSnapping (180)
[2016.01.10-21.36.24:741][750]LogModuleManager: Shutting down and abandoning module ViewportSnapping (179)
[2016.01.10-21.36.24:741][750]LogModuleManager: Shutting down and abandoning module LogVisualizer (178)
[2016.01.10-21.36.24:741][750]LogModuleManager: Shutting down and abandoning module GameProjectGeneration (177)
[2016.01.10-21.36.24:741][750]LogModuleManager: Shutting down and abandoning module IntroTutorials (176)
[2016.01.10-21.36.24:741][750]LogModuleManager: Shutting down and abandoning module EditorLiveStreaming (175)
[2016.01.10-21.36.24:741][750]LogModuleManager: Shutting down and abandoning module IOSPlatformEditor (174)
[2016.01.10-21.36.24:741][750]LogModuleManager: Shutting down and abandoning module HTML5PlatformEditor (173)
[2016.01.10-21.36.24:741][750]LogModuleManager: Shutting down and abandoning module AndroidDeviceDetection (172)
[2016.01.10-21.36.25:556][750]LogModuleManager: Shutting down and abandoning module AndroidPlatformEditor (171)
[2016.01.10-21.36.25:556][750]LogModuleManager: Shutting down and abandoning module IOSRuntimeSettings (170)
[2016.01.10-21.36.25:556][750]LogModuleManager: Shutting down and abandoning module AndroidRuntimeSettings (169)
[2016.01.10-21.36.25:556][750]LogModuleManager: Shutting down and abandoning module MergeActors (168)
[2016.01.10-21.36.25:556][750]LogModuleManager: Shutting down and abandoning module SizeMap (167)
[2016.01.10-21.36.25:556][750]LogModuleManager: Shutting down and abandoning module TreeMap (166)
[2016.01.10-21.36.25:556][750]LogModuleManager: Shutting down and abandoning module ReferenceViewer (165)
[2016.01.10-21.36.25:556][750]LogModuleManager: Shutting down and abandoning module LocalizationService (164)
[2016.01.10-21.36.25:556][750]LogModuleManager: Shutting down and abandoning module LocalizationDashboard (163)
[2016.01.10-21.36.25:556][750]LogModuleManager: Shutting down and abandoning module HardwareTargeting (162)
[2016.01.10-21.36.25:556][750]LogModuleManager: Shutting down and abandoning module DeviceProfileEditor (161)
[2016.01.10-21.36.25:556][750]LogModuleManager: Shutting down and abandoning module UndoHistory (160)
[2016.01.10-21.36.25:556][750]LogModuleManager: Shutting down and abandoning module GameplayTagsEditor (159)
[2016.01.10-21.36.25:556][750]LogModuleManager: Shutting down and abandoning module UserFeedback (158)
[2016.01.10-21.36.25:556][750]LogModuleManager: Shutting down and abandoning module XmlParser (157)
[2016.01.10-21.36.25:556][750]LogModuleManager: Shutting down and abandoning module Blutility (156)
[2016.01.10-21.36.25:556][750]LogModuleManager: Shutting down and abandoning module ProjectTargetPlatformEditor (155)
[2016.01.10-21.36.25:556][750]LogModuleManager: Shutting down and abandoning module ProjectSettingsViewer (154)
[2016.01.10-21.36.25:556][750]LogModuleManager: Shutting down and abandoning module InputBindingEditor (153)
[2016.01.10-21.36.25:556][750]LogModuleManager: Shutting down and abandoning module EditorSettingsViewer (152)
[2016.01.10-21.36.25:556][750]LogModuleManager: Shutting down and abandoning module SettingsEditor (151)
[2016.01.10-21.36.25:556][750]LogModuleManager: Shutting down and abandoning module ProjectLauncher (150)
[2016.01.10-21.36.25:556][750]LogModuleManager: Shutting down and abandoning module SessionFrontend (149)
[2016.01.10-21.36.25:556][750]LogModuleManager: Shutting down and abandoning module ProfilerClient (148)
[2016.01.10-21.36.25:556][750]LogModuleManager: Shutting down and abandoning module TargetDeviceServices (147)
[2016.01.10-21.36.25:556][750]LogModuleManager: Shutting down and abandoning module DeviceManager (146)
[2016.01.10-21.36.25:557][750]LogModuleManager: Shutting down and abandoning module AutomationController (145)
[2016.01.10-21.36.25:557][750]LogModuleManager: Shutting down and abandoning module AutomationWindow (144)
[2016.01.10-21.36.25:557][750]LogModuleManager: Shutting down and abandoning module Layers (143)
[2016.01.10-21.36.25:557][750]LogModuleManager: Shutting down and abandoning module ComponentVisualizers (142)
[2016.01.10-21.36.25:557][750]LogModuleManager: Shutting down and abandoning module DetailCustomizations (141)
[2016.01.10-21.36.25:557][750]LogModuleManager: Shutting down and abandoning module PackagesDialog (140)
[2016.01.10-21.36.25:557][750]LogModuleManager: Shutting down and abandoning module Persona (139)
[2016.01.10-21.36.25:557][750]LogModuleManager: Shutting down and abandoning module Kismet (138)
[2016.01.10-21.36.25:557][750]LogModuleManager: Shutting down and abandoning module GraphEditor (137)
[2016.01.10-21.36.25:557][750]LogModuleManager: Shutting down and abandoning module ClassViewer (136)
[2016.01.10-21.36.25:557][750]LogModuleManager: Shutting down and abandoning module Toolbox (135)
[2016.01.10-21.36.25:557][750]LogModuleManager: Shutting down and abandoning module ModuleUI (134)
[2016.01.10-21.36.25:557][750]LogModuleManager: Shutting down and abandoning module MovieSceneTools (133)
[2016.01.10-21.36.25:557][750]LogModuleManager: Shutting down and abandoning module OutputLog (132)
[2016.01.10-21.36.25:557][750]LogModuleManager: Shutting down and abandoning module GammaUI (131)
[2016.01.10-21.36.25:557][750]LogModuleManager: Shutting down and abandoning module Documentation (130)
[2016.01.10-21.36.25:557][750]LogModuleManager: Shutting down and abandoning module GameLiveStreaming (129)
[2016.01.10-21.36.25:557][750]LogModuleManager: Shutting down and abandoning module StreamingPauseRendering (128)
[2016.01.10-21.36.25:557][750]LogModuleManager: Shutting down and abandoning module AnalyticsET (127)
[2016.01.10-21.36.25:557][750]LogModuleManager: Shutting down and abandoning module Analytics (126)
[2016.01.10-21.36.25:557][750]LogModuleManager: Shutting down and abandoning module AITestSuite (125)
[2016.01.10-21.36.25:557][750]LogModuleManager: Shutting down and abandoning module GameplayDebugger (124)
[2016.01.10-21.36.25:557][750]LogModuleManager: Shutting down and abandoning module AIModule (123)
[2016.01.10-21.36.25:557][750]LogModuleManager: Shutting down and abandoning module ProfilerService (122)
[2016.01.10-21.36.25:596][750]LogModuleManager: Shutting down and abandoning module TaskGraph (121)
[2016.01.10-21.36.25:596][750]LogModuleManager: Shutting down and abandoning module SlateRemote (120)
[2016.01.10-21.36.25:596][750]LogModuleManager: Shutting down and abandoning module SteamVRController (119)
[2016.01.10-21.36.25:596][750]LogModuleManager: Shutting down and abandoning module SteamVR (118)
[2016.01.10-21.36.25:596][750]LogModuleManager: Shutting down and abandoning module ProceduralMeshComponent (117)
[2016.01.10-21.36.25:596][750]LogModuleManager: Shutting down and abandoning module OculusRift (116)
[2016.01.10-21.36.25:596][750]LogModuleManager: Shutting down and abandoning module OculusLibrary (115)
[2016.01.10-21.36.25:596][750]LogModuleManager: Shutting down and abandoning module LeapMotionController (114)
[2016.01.10-21.36.25:612][750]LogModuleManager: Shutting down and abandoning module CustomMeshComponent (113)
[2016.01.10-21.36.25:612][750]LogModuleManager: Shutting down and abandoning module CableComponent (112)
[2016.01.10-21.36.25:612][750]LogModuleManager: Shutting down and abandoning module ArchVisCharacter (111)
[2016.01.10-21.36.25:612][750]LogModuleManager: Shutting down and abandoning module MessagingDebugger (110)
[2016.01.10-21.36.25:612][750]LogModuleManager: Shutting down and abandoning module MediaPlayerEditor (109)
[2016.01.10-21.36.25:612][750]LogModuleManager: Shutting down and abandoning module HTML5Networking (108)
[2016.01.10-21.36.25:612][750]LogModuleManager: Shutting down and abandoning module SpeedTreeImporter (107)
[2016.01.10-21.36.25:612][750]LogModuleManager: Shutting down and abandoning module PluginBrowser (106)
[2016.01.10-21.36.25:612][750]LogModuleManager: Shutting down and abandoning module EpicSurvey (105)
[2016.01.10-21.36.25:612][750]LogModuleManager: Shutting down and abandoning module DesktopPlatform (104)
[2016.01.10-21.36.25:612][750]LogModuleManager: Shutting down and abandoning module VisualStudioSourceCodeAccess (103)
[2016.01.10-21.36.25:612][750]LogModuleManager: Shutting down and abandoning module UObjectPlugin (102)
[2016.01.10-21.36.25:612][750]LogModuleManager: Shutting down and abandoning module SubversionSourceControl (101)
[2016.01.10-21.36.25:612][750]LogModuleManager: Shutting down and abandoning module PerforceSourceControl (100)
[2016.01.10-21.36.25:612][750]LogModuleManager: Shutting down and abandoning module SourceControl (99)
[2016.01.10-21.36.25:612][750]LogModuleManager: Shutting down and abandoning module GitSourceControl (98)
[2016.01.10-21.36.25:612][750]LogModuleManager: Shutting down and abandoning module LightPropagationVolumeEditor (97)
[2016.01.10-21.36.25:612][750]LogModuleManager: Shutting down and abandoning module PaperTiledImporter (96)
[2016.01.10-21.36.25:612][750]LogModuleManager: Shutting down and abandoning module PaperSpriteSheetImporter (95)
[2016.01.10-21.36.25:612][750]LogModuleManager: Shutting down and abandoning module MeshPaint (94)
[2016.01.10-21.36.25:612][750]LogModuleManager: Shutting down and abandoning module SlateReflector (93)
[2016.01.10-21.36.25:612][750]LogModuleManager: Shutting down and abandoning module HotReload (92)
[2016.01.10-21.36.25:612][750]LogModuleManager: Shutting down and abandoning module MainFrame (91)
[2016.01.10-21.36.25:612][750]LogModuleManager: Shutting down and abandoning module LevelEditor (90)
[2016.01.10-21.36.25:613][750]LogModuleManager: Shutting down and abandoning module DirectoryWatcher (89)
[2016.01.10-21.36.25:614][750]LogModuleManager: Shutting down and abandoning module AssetRegistry (88)
[2016.01.10-21.36.25:666][750]LogModuleManager: Shutting down and abandoning module ContentBrowser (87)
[2016.01.10-21.36.25:667][750]LogModuleManager: Shutting down and abandoning module Paper2DEditor (86)
[2016.01.10-21.36.25:667][750]LogModuleManager: Shutting down and abandoning module UdpMessaging (85)
[2016.01.10-21.36.25:768][750]LogModuleManager: Shutting down and abandoning module LightPropagationVolumeRuntime (84)
[2016.01.10-21.36.25:768][750]LogModuleManager: Shutting down and abandoning module Paper2D (83)
[2016.01.10-21.36.25:768][750]LogModuleManager: Shutting down and abandoning module WindowsMoviePlayer (82)
[2016.01.10-21.36.25:770][750]LogModuleManager: Shutting down and abandoning module Media (81)
[2016.01.10-21.36.25:770][750]LogModuleManager: Shutting down and abandoning module WmfMedia (80)
[2016.01.10-21.36.25:771][750]LogModuleManager: Shutting down and abandoning module OnlineBlueprintSupport (79)
[2016.01.10-21.36.25:771][750]LogModuleManager: Shutting down and abandoning module GameplayTasksEditor (78)
[2016.01.10-21.36.25:771][750]LogModuleManager: Shutting down and abandoning module PropertyEditor (77)
[2016.01.10-21.36.25:771][750]LogModuleManager: Shutting down and abandoning module BehaviorTreeEditor (76)
[2016.01.10-21.36.25:771][750]LogModuleManager: Shutting down and abandoning module FunctionalTesting (75)
[2016.01.10-21.36.25:771][750]LogModuleManager: Shutting down and abandoning module CollisionAnalyzer (74)
[2016.01.10-21.36.25:771][750]LogModuleManager: Shutting down and abandoning module WorkspaceMenuStructure (73)
[2016.01.10-21.36.25:771][750]LogModuleManager: Shutting down and abandoning module MessageLog (72)
[2016.01.10-21.36.25:771][750]LogModuleManager: Shutting down and abandoning module Sequencer (71)
[2016.01.10-21.36.25:771][750]LogModuleManager: Shutting down and abandoning module AssetTools (70)
[2016.01.10-21.36.25:771][750]LogModuleManager: Shutting down and abandoning module UMGEditor (69)
[2016.01.10-21.36.25:771][750]LogModuleManager: Shutting down and abandoning module UMG (68)
[2016.01.10-21.36.25:771][750]LogModuleManager: Shutting down and abandoning module Slate (67)
[2016.01.10-21.36.25:771][750]LogModuleManager: Shutting down and abandoning module EditorStyle (66)
[2016.01.10-21.36.25:773][750]LogModuleManager: Shutting down and abandoning module SessionServices (65)
[2016.01.10-21.36.25:773][750]LogModuleManager: Shutting down and abandoning module SourceCodeAccess (64)
[2016.01.10-21.36.25:773][750]LogModuleManager: Shutting down and abandoning module HeadMountedDisplay (63)
[2016.01.10-21.36.25:773][750]LogModuleManager: Shutting down and abandoning module XAudio2 (62)
[2016.01.10-21.36.25:773][750]LogModuleManager: Shutting down and abandoning module Networking (60)
[2016.01.10-21.36.25:773][750]LogModuleManager: Shutting down and abandoning module Core (59)
[2016.01.10-21.36.25:773][750]LogModuleManager: Shutting down and abandoning module KismetCompiler (58)
[2016.01.10-21.36.25:773][750]LogModuleManager: Shutting down and abandoning module PhysXFormats (57)
[2016.01.10-21.36.25:773][750]LogModuleManager: Shutting down and abandoning module MeshUtilities (56)
[2016.01.10-21.36.25:773][750]LogModuleManager: Shutting down and abandoning module CookingStats (55)
[2016.01.10-21.36.25:773][750]LogModuleManager: Shutting down and abandoning module DerivedDataCache (54)
[2016.01.10-21.36.25:811][750]LogDerivedDataCache: Shutdown
[2016.01.10-21.36.25:811][750]LogModuleManager: Shutting down and abandoning module ShaderFormatOpenGL (53)
[2016.01.10-21.36.25:811][750]LogModuleManager: Shutting down and abandoning module ShaderFormatD3D (52)
[2016.01.10-21.36.25:811][750]LogModuleManager: Shutting down and abandoning module MetalShaderFormat (51)
[2016.01.10-21.36.25:811][750]LogModuleManager: Shutting down and abandoning module TextureFormatUncompressed (50)
[2016.01.10-21.36.25:811][750]LogModuleManager: Shutting down and abandoning module TextureFormatPVR (49)
[2016.01.10-21.36.25:811][750]LogModuleManager: Shutting down and abandoning module TextureFormatIntelISPCTexComp (48)
[2016.01.10-21.36.25:811][750]LogModuleManager: Shutting down and abandoning module TextureFormatDXT (47)
[2016.01.10-21.36.25:811][750]LogModuleManager: Shutting down and abandoning module ImageWrapper (46)
[2016.01.10-21.36.25:811][750]LogModuleManager: Shutting down and abandoning module TextureFormatASTC (45)
[2016.01.10-21.36.25:811][750]LogModuleManager: Shutting down and abandoning module TextureFormatAndroid (44)
[2016.01.10-21.36.25:811][750]LogModuleManager: Shutting down and abandoning module AudioFormatOpus (43)
[2016.01.10-21.36.25:811][750]LogModuleManager: Shutting down and abandoning module AudioFormatOgg (42)
[2016.01.10-21.36.25:811][750]LogModuleManager: Shutting down and abandoning module AudioFormatADPCM (41)
[2016.01.10-21.36.25:811][750]LogModuleManager: Shutting down and abandoning module LinuxTargetPlatform (40)
[2016.01.10-21.36.25:811][750]LogModuleManager: Shutting down and abandoning module LinuxServerTargetPlatform (39)
[2016.01.10-21.36.25:811][750]LogModuleManager: Shutting down and abandoning module LinuxNoEditorTargetPlatform (38)
[2016.01.10-21.36.25:811][750]LogModuleManager: Shutting down and abandoning module Messaging (37)
[2016.01.10-21.36.25:811][750]LogModuleManager: Shutting down and abandoning module IOSTargetPlatform (36)
[2016.01.10-21.36.25:811][750]LogModuleManager: Shutting down and abandoning module HTML5TargetPlatform (35)
[2016.01.10-21.36.25:811][750]LogModuleManager: Shutting down and abandoning module Android_PVRTCTargetPlatform (34)
[2016.01.10-21.36.25:811][750]LogModuleManager: Shutting down and abandoning module Android_ETC2TargetPlatform (33)
[2016.01.10-21.36.25:811][750]LogModuleManager: Shutting down and abandoning module Android_ETC1TargetPlatform (32)
[2016.01.10-21.36.25:811][750]LogModuleManager: Shutting down and abandoning module Android_DXTTargetPlatform (31)
[2016.01.10-21.36.25:811][750]LogModuleManager: Shutting down and abandoning module Android_ATCTargetPlatform (30)
[2016.01.10-21.36.25:811][750]LogModuleManager: Shutting down and abandoning module Android_ASTCTargetPlatform (29)
[2016.01.10-21.36.25:811][750]LogModuleManager: Shutting down and abandoning module AndroidTargetPlatform (28)
[2016.01.10-21.36.25:811][750]LogModuleManager: Shutting down and abandoning module WindowsTargetPlatform (27)
[2016.01.10-21.36.25:811][750]LogModuleManager: Shutting down and abandoning module WindowsServerTargetPlatform (26)
[2016.01.10-21.36.25:811][750]LogModuleManager: Shutting down and abandoning module WindowsNoEditorTargetPlatform (25)
[2016.01.10-21.36.25:811][750]LogModuleManager: Shutting down and abandoning module WindowsClientTargetPlatform (24)
[2016.01.10-21.36.25:811][750]LogModuleManager: Shutting down and abandoning module AllDesktopTargetPlatform (23)
[2016.01.10-21.36.25:811][750]LogModuleManager: Shutting down and abandoning module TargetPlatform (22)
[2016.01.10-21.36.25:811][750]LogModuleManager: Shutting down and abandoning module InputCore (21)
[2016.01.10-21.36.25:811][750]LogModuleManager: Shutting down and abandoning module Settings (20)
[2016.01.10-21.36.25:811][750]LogModuleManager: Shutting down and abandoning module OnlineSubsystem (18)
[2016.01.10-21.36.25:811][750]LogModuleManager: Shutting down and abandoning module HTTP (17)
[2016.01.10-21.36.27:814][750]LogModuleManager: Shutting down and abandoning module XMPP (16)
[2016.01.10-21.36.27:814][750]LogModuleManager: Shutting down and abandoning module ExampleDeviceProfileSelector (15)
[2016.01.10-21.36.27:814][750]LogModuleManager: Shutting down and abandoning module TextureCompressor (14)
[2016.01.10-21.36.27:814][750]LogModuleManager: Shutting down and abandoning module ShaderCore (13)
[2016.01.10-21.36.27:814][750]LogModuleManager: Shutting down and abandoning module Landscape (12)
[2016.01.10-21.36.27:814][750]LogModuleManager: Shutting down and abandoning module SlateRHIRenderer (11)
[2016.01.10-21.36.27:815][750]LogModuleManager: Shutting down and abandoning module OpenGLDrv (10)
[2016.01.10-21.36.27:815][750]LogModuleManager: Shutting down and abandoning module D3D11RHI (9)
[2016.01.10-21.36.27:815][750]LogModuleManager: Shutting down and abandoning module AnimGraphRuntime (8)
[2016.01.10-21.36.27:815][750]LogModuleManager: Shutting down and abandoning module Renderer (7)
[2016.01.10-21.36.27:815][750]LogModuleManager: Shutting down and abandoning module Engine (6)
[2016.01.10-21.36.27:815][750]LogModuleManager: Shutting down and abandoning module CoreUObject (5)
[2016.01.10-21.36.27:815][750]LogModuleManager: Shutting down and abandoning module NetworkFile (4)
[2016.01.10-21.36.27:815][750]LogModuleManager: Shutting down and abandoning module StreamingFile (3)
[2016.01.10-21.36.27:815][750]LogModuleManager: Shutting down and abandoning module SandboxFile (2)
[2016.01.10-21.36.27:815][750]LogModuleManager: Shutting down and abandoning module PakFile (1)
[2016.01.10-21.36.27:815][750]LogExit: Exiting.
[2016.01.10-21.36.27:817][750]Log file closed, 01/10/16 16:36:27
