[2016.01.15-14.47.07:837][  0]Log file open, 01/15/16 09:47:07
[2016.01.15-14.47.07:837][  0]LogInit:Display: Running engine for game: ShadowFall
[2016.01.15-14.47.07:837][  0]LogInit:Display: RandInit(-168014573) SRandInit(-168014572).
[2016.01.15-14.47.07:837][  0]LogTaskGraph: Started task graph with 4 named threads and 7 total threads.
[2016.01.15-14.47.07:837][  0]LogStats: Stats thread started at 0.176711
[2016.01.15-14.47.07:837][  0]LogInit: Version: 4.9.2-2707645+++depot+UE4-Releases+4.9
[2016.01.15-14.47.07:837][  0]LogInit: API Version: 2672455
[2016.01.15-14.47.07:837][  0]LogInit: Compiled (64-bit): Sep 28 2015 10:25:44
[2016.01.15-14.47.07:837][  0]LogInit: Compiled with Visual C++: 18.00.21005.01
[2016.01.15-14.47.07:837][  0]LogInit: Build Configuration: Development
[2016.01.15-14.47.07:837][  0]LogInit: Branch Name: ++depot+UE4-Releases+4.9
[2016.01.15-14.47.07:837][  0]LogInit: Command line:  /Temp/Autosaves/Game/FirstPersonBP/Maps/UEDPCBoss -game -PIEVIACONSOLE -ResX=1280 -ResY=720  -Multiprocess 
[2016.01.15-14.47.07:837][  0]LogInit: Base directory: C:/Program Files/Epic Games/4.9/Engine/Binaries/Win64/
[2016.01.15-14.47.07:837][  0]LogInit: Rocket: 1
[2016.01.15-14.47.07:873][  0]LogInit: Using libcurl 7.41.0
[2016.01.15-14.47.07:873][  0]LogInit:  - built for x86_64-pc-win32
[2016.01.15-14.47.07:873][  0]LogInit:  - supports SSL with WinSSL
[2016.01.15-14.47.07:873][  0]LogInit:  - other features:
[2016.01.15-14.47.07:873][  0]LogInit:      CURL_VERSION_SSL
[2016.01.15-14.47.07:873][  0]LogInit:      CURL_VERSION_IPV6
[2016.01.15-14.47.07:873][  0]LogInit:      CURL_VERSION_ASYNCHDNS
[2016.01.15-14.47.07:873][  0]LogInit:      CURL_VERSION_LARGEFILE
[2016.01.15-14.47.07:873][  0]LogInit:      CURL_VERSION_IDN
[2016.01.15-14.47.07:873][  0]LogInit:  CurlRequestOptions (configurable via config and command line):
[2016.01.15-14.47.07:873][  0]LogInit:  - bVerifyPeer = true  - Libcurl will verify peer certificate
[2016.01.15-14.47.07:873][  0]LogInit:  - bUseHttpProxy = false  - Libcurl will NOT use HTTP proxy
[2016.01.15-14.47.07:873][  0]LogInit:  - bDontReuseConnections = false  - Libcurl will reuse connections
[2016.01.15-14.47.07:873][  0]LogInit:  - CertBundlePath = nullptr  - Libcurl will use whatever was configured at build time.
[2016.01.15-14.47.07:889][  0]LogInit: Presizing for 0 objects not considered by GC, pre-allocating 0 bytes.
[2016.01.15-14.47.07:901][  0]LogInit: Object subsystem initialized
[2016.01.15-14.47.07:904][  0]LogInit: Selected Device Profile: [Windows]
[2016.01.15-14.47.07:904][  0]LogInit: Applying CVar settings loaded from the selected device profile: [Windows]
[2016.01.15-14.47.07:910][  0]LogInit: Computer: MELCOM
[2016.01.15-14.47.07:910][  0]LogInit: User: Melcom
[2016.01.15-14.47.07:910][  0]LogInit: CPU Page size=4096, Cores=4
[2016.01.15-14.47.07:910][  0]LogInit: High frequency timer resolution =2.728072 MHz
[2016.01.15-14.47.07:910][  0]LogMemory: Memory total: Physical=15.9GB (16GB approx)
[2016.01.15-14.47.07:910][  0]LogMemory: Platform Memory Stats for Windows
[2016.01.15-14.47.07:910][  0]LogMemory: Process Physical Memory: 53.73 MB used, 53.73 MB peak
[2016.01.15-14.47.07:910][  0]LogMemory: Process Virtual Memory: 59.55 MB used, 59.55 MB peak
[2016.01.15-14.47.07:910][  0]LogMemory: Physical Memory: 4171.86 MB used, 16302.69 MB total
[2016.01.15-14.47.07:910][  0]LogMemory: Virtual Memory: 356.86 MB used, 134217728.00 MB total
[2016.01.15-14.47.08:002][  0]LogTextLocalizationManager: No translations for ('fr-CA') exist, falling back to 'en' for localization and internationalization data.
[2016.01.15-14.47.08:926][  0]LogD3D11RHI: Found D3D11 adapter 0: NVIDIA GeForce GTX 870M  (Feature Level 11_0)
[2016.01.15-14.47.08:926][  0]LogD3D11RHI: Adapter has 6031MB of dedicated video memory, 0MB of dedicated system memory, and 8151MB of shared system memory, 1 output[s]
[2016.01.15-14.47.08:957][  0]LogD3D11RHI: Found D3D11 adapter 1: Intel(R) HD Graphics 4600 (Feature Level 11_0)
[2016.01.15-14.47.08:957][  0]LogD3D11RHI: Adapter has 128MB of dedicated video memory, 0MB of dedicated system memory, and 1792MB of shared system memory, 1 output[s]
[2016.01.15-14.47.08:958][  0]LogD3D11RHI: Found D3D11 adapter 2: Microsoft Basic Render Driver (Feature Level 11_0)
[2016.01.15-14.47.08:958][  0]LogD3D11RHI: Adapter has 0MB of dedicated video memory, 0MB of dedicated system memory, and 256MB of shared system memory, 0 output[s]
[2016.01.15-14.47.08:958][  0]LogD3D11RHI: Chosen D3D11 Adapter Id = 0
[2016.01.15-14.47.08:965][  0]LogD3D11RHI: !Direct3DDevice
[2016.01.15-14.47.08:965][  0]LogRHI: Texture pool is 1361 MB (70% of 1945 MB)
[2016.01.15-14.47.08:981][  0]LogD3D11RHI: Async texture creation enabled
[2016.01.15-14.47.08:999][  0]LogShaderCompilers: Guid format shader working directory is 15 characters bigger than the processId version (D:/Disque C/Isart GD2/Level Design/Travaux/LDShadowerFall/Intermediate/Shaders/WorkingDirectory/7852/).
[2016.01.15-14.47.08:999][  0]LogShaderCompilers: Cleaned the shader compiler working directory 'D:/Disque C/Isart GD2/Level Design/Travaux/LDShadowerFall/Intermediate/Shaders/tmp/E7DE835847EEDC894B4619821531354C/'.
[2016.01.15-14.47.08:999][  0]LogShaderCompilers:Display: Using Local Shader Compiler.
[2016.01.15-14.47.10:108][  0]LogTemp:Display: Loaded TP AllDesktopTargetPlatform
[2016.01.15-14.47.10:115][  0]LogTemp:Display: Loaded TP WindowsClientTargetPlatform
[2016.01.15-14.47.10:121][  0]LogTemp:Display: Loaded TP WindowsNoEditorTargetPlatform
[2016.01.15-14.47.10:126][  0]LogTemp:Display: Loaded TP WindowsServerTargetPlatform
[2016.01.15-14.47.10:133][  0]LogTemp:Display: Loaded TP WindowsTargetPlatform
[2016.01.15-14.47.10:137][  0]LogTemp:Display: Loaded TP AndroidTargetPlatform
[2016.01.15-14.47.10:141][  0]LogTemp:Display: Loaded TP Android_ASTCTargetPlatform
[2016.01.15-14.47.10:145][  0]LogTemp:Display: Loaded TP Android_ATCTargetPlatform
[2016.01.15-14.47.10:149][  0]LogTemp:Display: Loaded TP Android_DXTTargetPlatform
[2016.01.15-14.47.10:153][  0]LogTemp:Display: Loaded TP Android_ETC1TargetPlatform
[2016.01.15-14.47.10:157][  0]LogTemp:Display: Loaded TP Android_ETC2TargetPlatform
[2016.01.15-14.47.10:162][  0]LogTemp:Display: Loaded TP Android_PVRTCTargetPlatform
[2016.01.15-14.47.10:163][  0]LogTemp:Display: Loaded TP HTML5TargetPlatform
[2016.01.15-14.47.10:182][  0]LogTemp:Display: Loaded TP IOSTargetPlatform
[2016.01.15-14.47.10:185][  0]LogTemp:Display: Loaded TP LinuxNoEditorTargetPlatform
[2016.01.15-14.47.10:188][  0]LogTemp:Display: Loaded TP LinuxServerTargetPlatform
[2016.01.15-14.47.10:192][  0]LogTemp:Display: Loaded TP LinuxTargetPlatform
[2016.01.15-14.47.10:192][  0]LogTargetPlatformManager:Display: Building Assets For Windows
[2016.01.15-14.47.10:295][  0]LogDerivedDataCache:Display: Max Cache Size: 512 MB
[2016.01.15-14.47.10:358][  0]LogDerivedDataCache: Loaded boot cache 0.06s 41MB C:/Users/Melcom/AppData/Local/UnrealEngine/4.9/DerivedDataCache/Boot.ddc.
[2016.01.15-14.47.10:358][  0]LogDerivedDataCache:Display: Loaded Boot cache: C:/Users/Melcom/AppData/Local/UnrealEngine/4.9/DerivedDataCache/Boot.ddc
[2016.01.15-14.47.10:358][  0]LogDerivedDataCache: FDerivedDataBackendGraph:  Pak pak cache file D:/Disque C/Isart GD2/Level Design/Travaux/LDShadowerFall/DerivedDataCache/DDC.ddp not found, will not use a pak cache.
[2016.01.15-14.47.10:358][  0]LogDerivedDataCache: Unable to find inner node Pak for hierarchical cache Hierarchy.
[2016.01.15-14.47.10:358][  0]LogDerivedDataCache: FDerivedDataBackendGraph:  CompressedPak pak cache file D:/Disque C/Isart GD2/Level Design/Travaux/LDShadowerFall/DerivedDataCache/Compressed.ddp not found, will not use a pak cache.
[2016.01.15-14.47.10:358][  0]LogDerivedDataCache: Unable to find inner node CompressedPak for hierarchical cache Hierarchy.
[2016.01.15-14.47.10:486][  0]LogDerivedDataCache:Display: Pak cache opened for reading ../../../Engine/DerivedDataCache/Compressed.ddp.
[2016.01.15-14.47.10:498][  0]LogDerivedDataCache: Using Local data cache path C:/Users/Melcom/AppData/Local/UnrealEngine/Common/DerivedDataCache: Writable
[2016.01.15-14.47.10:756][  0]LogInit: Selected Device Profile: [Windows]
[2016.01.15-14.47.10:758][  0]LogContentStreaming: Texture pool size is 1000.000000MB
[2016.01.15-14.47.10:879][  0]LogMeshUtilities: No automatic mesh reduction module available
[2016.01.15-14.47.10:879][  0]LogMeshUtilities: No automatic mesh merging module available
[2016.01.15-14.47.11:146][  0]LogInit: WinSock: version 1.1 (2.2), MaxSocks=32767, MaxUdp=65467
[2016.01.15-14.47.11:471][  0]LogWindowsMoviePlayer: Unable to load movie: D:/Disque C/Isart GD2/Level Design/Travaux/LDShadowerFall/Content/Movies/Default_Startup.mp4
[2016.01.15-14.47.11:607][  0]SourceControl: Info Source control is disabled
[2016.01.15-14.47.11:607][  0]SourceControl: Info Source control is disabled
[2016.01.15-14.47.11:625][  0]SourceControl: Info Source control is disabled
[2016.01.15-14.47.11:778][  0]LogLinker:Warning: Asset '../../../Engine/Plugins/Runtime/LeapMotionController/Content/LM_PassthroughMaterial.uasset' has been saved with empty engine version. The asset will be loaded but may be incompatible.
[2016.01.15-14.47.11:877][  0]LogObj: 27669 objects as part of root set at end of initial load.
[2016.01.15-14.47.11:877][  0]LogUObjectAllocator: 5775696 out of 0 bytes used by permanent object pool.
[2016.01.15-14.47.11:933][  0]LogEngine: Initializing Engine...
[2016.01.15-14.47.11:939][  0]LogHMD: Can't find Oculus library dev build: is proper Runtime installed? Version: 0.7.0.0
[2016.01.15-14.47.11:939][  0]LogHMD: SteamVR failed to initialize.  Err: 110
[2016.01.15-14.47.12:049][  0]LogInit: XAudio2 using 'Optoma 1080P-4 (NVIDIA High Definition Audio)' : 2 channels at 48 kHz using 16 bits per sample (channel mask 0x3)
[2016.01.15-14.47.12:061][  0]LogInit: FAudioDevice initialized.
[2016.01.15-14.47.12:066][  0]LogInit: Texture streaming: Enabled
[2016.01.15-14.47.12:169][  0]LogNet: Browse: /Temp/Autosaves/Game/FirstPersonBP/Maps/UEDPCBoss?Name=Player
[2016.01.15-14.47.12:171][  0]LogLoad: LoadMap: /Temp/Autosaves/Game/FirstPersonBP/Maps/UEDPCBoss?Name=Player
[2016.01.15-14.47.12:188][  0]LogParticles: Destroying 0 GPU particle simulations for FXSystem 0x00000030E310C720
[2016.01.15-14.47.12:205][  0]LogMemory: Platform Memory Stats for Windows
[2016.01.15-14.47.12:205][  0]LogMemory: Process Physical Memory: 365.13 MB used, 365.95 MB peak
[2016.01.15-14.47.12:205][  0]LogMemory: Process Virtual Memory: 411.59 MB used, 427.99 MB peak
[2016.01.15-14.47.12:205][  0]LogMemory: Physical Memory: 4418.43 MB used, 16302.69 MB total
[2016.01.15-14.47.12:205][  0]LogMemory: Virtual Memory: 937.06 MB used, 134217728.00 MB total
[2016.01.15-14.47.12:205][  0]LogMemory: 
[2016.01.15-14.47.12:205][  0]Allocator Stats for TBB: (not implemented)
[2016.01.15-14.47.12:275][  0]LogLinker:Warning: Asset 'D:/Disque C/Isart GD2/Level Design/Travaux/LDShadowerFall/Content/FirstPerson/Meshes/FirstPersonProjectileMesh.uasset' has been saved with empty engine version. The asset will be loaded but may be incompatible.
[2016.01.15-14.47.13:268][  0]LogAIModule: Creating AISystem for world Boss
[2016.01.15-14.47.13:287][  0]LogWorld: Game class is 'FirstPersonGameMode_C'
[2016.01.15-14.47.13:302][  0]LogWorld: Bringing World /Temp/Autosaves/Game/FirstPersonBP/Maps/UEDPCBoss.Boss up for play (max tick rate 0) at 2016.01.15-09.47.13
[2016.01.15-14.47.13:305][  0]LogWorld: Bringing up level for play took: 0.016998
[2016.01.15-14.47.13:310][  0]LogInit:Display: Game Engine Initialized.
[2016.01.15-14.47.13:550][  0]LogLoad: Full Startup: 6.28 seconds (BP compile: 0.33 seconds)
[2016.01.15-14.47.13:569][  0]LogWindowsTextInputMethodSystem:Display: IME system now deactivated.
[2016.01.15-14.47.13:734][  2]LogRenderer: Reallocating scene render targets to support 1280x720 (Frame:2).
[2016.01.15-14.47.31:200][ 81]LogBlueprintUserMessages: [FirstPersonCharacter_C_0] Dash
[2016.01.15-14.47.31:442][ 96]LogBlueprintUserMessages: [FirstPersonCharacter_C_0] En L'air
[2016.01.15-14.47.32:941][189]LogBlueprintUserMessages: [FirstPersonCharacter_C_0] Dash
[2016.01.15-14.47.33:184][204]LogBlueprintUserMessages: [FirstPersonCharacter_C_0] En L'air
[2016.01.15-14.47.34:893][310]LogBlueprintUserMessages: [FirstPersonCharacter_C_0] 3
[2016.01.15-14.47.34:893][310]LogBlueprintUserMessages: [FirstPersonCharacter_C_0] 3
[2016.01.15-14.47.37:604][478]LogBlueprintUserMessages: [FirstPersonCharacter_C_0] Dash
[2016.01.15-14.47.37:846][493]LogBlueprintUserMessages: [FirstPersonCharacter_C_0] En L'air
[2016.01.15-14.47.41:750][735]LogBlueprintUserMessages: [CoffreNormal_1647] 5
[2016.01.15-14.47.41:751][735]LogBlueprintUserMessages: [CoffreNormal_1647] 5
[2016.01.15-14.47.43:168][823]LogBlueprintUserMessages: [FirstPersonCharacter_C_0] Dash
[2016.01.15-14.47.43:411][838]LogBlueprintUserMessages: [FirstPersonCharacter_C_0] En L'air
[2016.01.15-14.47.44:330][895]LogBlueprintUserMessages: [FirstPersonCharacter_C_0] 4
[2016.01.15-14.47.44:330][895]LogBlueprintUserMessages: [FirstPersonCharacter_C_0] 4
[2016.01.15-14.47.45:990][998]LogBlueprintUserMessages: [FirstPersonCharacter_C_0] Dash
[2016.01.15-14.47.46:232][ 13]LogBlueprintUserMessages: [FirstPersonCharacter_C_0] En L'air
[2016.01.15-14.47.47:943][119]LogBlueprintUserMessages: [ArrowNORMAL_C_0] 5
[2016.01.15-14.47.47:943][119]LogBlueprintUserMessages: [ArrowNORMAL_C_0] 5
[2016.01.15-14.47.50:055][250]LogBlueprintUserMessages: [FirstPersonCharacter_C_0] Dash
[2016.01.15-14.47.50:297][265]LogBlueprintUserMessages: [FirstPersonCharacter_C_0] En L'air
[2016.01.15-14.47.51:055][312]LogBlueprintUserMessages: [FirstPersonCharacter_C_0] 4
[2016.01.15-14.47.51:055][312]LogBlueprintUserMessages: [FirstPersonCharacter_C_0] 4
[2016.01.15-14.47.52:685][413]LogBlueprintUserMessages: [FirstPersonCharacter_C_0] 3
[2016.01.15-14.47.52:685][413]LogBlueprintUserMessages: [FirstPersonCharacter_C_0] 3
[2016.01.15-14.47.57:754][710]LogPackageName: SearchForPackageOnDisk took   0.280s to resolve Boss.umap.
[2016.01.15-14.47.57:974][711]LogPackageName: SearchForPackageOnDisk took   0.214s to resolve Boss.umap.
[2016.01.15-14.47.57:974][711]LogNet: Browse: /Game/FirstPersonBP/Maps/Boss
[2016.01.15-14.47.57:974][711]LogLoad: LoadMap: /Game/FirstPersonBP/Maps/Boss
[2016.01.15-14.47.58:070][711]LogParticles: Destroying 0 GPU particle simulations for FXSystem 0x00000030DF399EE0
[2016.01.15-14.47.58:162][711]LogMemory: Platform Memory Stats for Windows
[2016.01.15-14.47.58:162][711]LogMemory: Process Physical Memory: 449.45 MB used, 498.14 MB peak
[2016.01.15-14.47.58:162][711]LogMemory: Process Virtual Memory: 709.82 MB used, 764.32 MB peak
[2016.01.15-14.47.58:162][711]LogMemory: Physical Memory: 4492.32 MB used, 16302.69 MB total
[2016.01.15-14.47.58:162][711]LogMemory: Virtual Memory: 1260.69 MB used, 134217728.00 MB total
[2016.01.15-14.47.58:162][711]LogMemory: 
[2016.01.15-14.47.58:162][711]Allocator Stats for TBB: (not implemented)
[2016.01.15-14.47.58:244][711]LogLinker:Warning: Asset 'D:/Disque C/Isart GD2/Level Design/Travaux/LDShadowerFall/Content/FirstPerson/Meshes/FirstPersonProjectileMesh.uasset' has been saved with empty engine version. The asset will be loaded but may be incompatible.
[2016.01.15-14.47.59:724][711]LogAIModule: Creating AISystem for world Boss
[2016.01.15-14.47.59:741][711]LogWorld: Game class is 'FirstPersonGameMode_C'
[2016.01.15-14.47.59:753][711]LogWorld: Bringing World /Game/FirstPersonBP/Maps/Boss.Boss up for play (max tick rate 0) at 2016.01.15-09.47.59
[2016.01.15-14.47.59:755][711]LogWorld: Bringing up level for play took: 0.013117
[2016.01.15-14.48.05:571][ 72]LogBlueprintUserMessages: [BP_Wall9_338] OnTOUCH
[2016.01.15-14.48.05:619][ 75]LogBlueprintUserMessages: [BP_Wall9_338] NoTouch
[2016.01.15-14.48.06:167][109]LogBlueprintUserMessages: [BP_Wall9_338] OnTOUCH
[2016.01.15-14.48.06:860][152]LogBlueprintUserMessages: [BP_Wall9_338] NoTouch
[2016.01.15-14.48.10:910][403]LogBlueprintUserMessages: [FirstPersonCharacter_C_0] Dash
[2016.01.15-14.48.11:151][418]LogBlueprintUserMessages: [FirstPersonCharacter_C_0] En L'air
[2016.01.15-14.48.12:167][481]LogBlueprintUserMessages: [FirstPersonCharacter_C_0] Dash
[2016.01.15-14.48.13:957][592]LogBlueprintUserMessages: [FirstPersonCharacter_C_0] 3
[2016.01.15-14.48.13:957][592]LogBlueprintUserMessages: [FirstPersonCharacter_C_0] 3
[2016.01.15-14.48.14:392][619]LogBlueprintUserMessages: [FirstPersonCharacter_C_0] 2
[2016.01.15-14.48.14:392][619]LogBlueprintUserMessages: [FirstPersonCharacter_C_0] 2
[2016.01.15-14.48.14:650][635]LogBlueprintUserMessages: [FirstPersonCharacter_C_0] 1
[2016.01.15-14.48.14:650][635]LogBlueprintUserMessages: [FirstPersonCharacter_C_0] 1
[2016.01.15-14.48.15:796][706]LogBlueprintUserMessages: [FirstPersonCharacter_C_0] Dash
[2016.01.15-14.48.16:039][721]LogBlueprintUserMessages: [FirstPersonCharacter_C_0] En L'air
[2016.01.15-14.48.17:747][827]LogBlueprintUserMessages: [FirstPersonCharacter_C_0] 0
[2016.01.15-14.48.17:747][827]LogBlueprintUserMessages: [FirstPersonCharacter_C_0] 0
[2016.01.15-14.48.26:813][389]LogBlueprintUserMessages: [FirstPersonCharacter_C_0] NoNormalAmmo
[2016.01.15-14.48.27:393][425]LogBlueprintUserMessages: [FirstPersonCharacter_C_0] NoNormalAmmo
[2016.01.15-14.48.32:361][733]LogBlueprintUserMessages: [FirstPersonCharacter_C_0] NoNormalAmmo
[2016.01.15-14.48.34:635][874]LogBlueprintUserMessages: [CoffreNormal_1647] 2
[2016.01.15-14.48.34:636][874]LogBlueprintUserMessages: [CoffreNormal_1647] 2
[2016.01.15-14.48.39:028][130]LogPackageName: SearchForPackageOnDisk took   0.263s to resolve Boss.umap.
[2016.01.15-14.48.39:289][131]LogPackageName: SearchForPackageOnDisk took   0.256s to resolve Boss.umap.
[2016.01.15-14.48.39:289][131]LogNet: Browse: /Game/FirstPersonBP/Maps/Boss
[2016.01.15-14.48.39:289][131]LogLoad: LoadMap: /Game/FirstPersonBP/Maps/Boss
[2016.01.15-14.48.39:450][131]LogParticles: Destroying 0 GPU particle simulations for FXSystem 0x00000030DDA69080
[2016.01.15-14.48.39:483][131]LogMemory: Platform Memory Stats for Windows
[2016.01.15-14.48.39:483][131]LogMemory: Process Physical Memory: 495.08 MB used, 523.01 MB peak
[2016.01.15-14.48.39:483][131]LogMemory: Process Virtual Memory: 764.06 MB used, 816.05 MB peak
[2016.01.15-14.48.39:483][131]LogMemory: Physical Memory: 4536.38 MB used, 16302.69 MB total
[2016.01.15-14.48.39:483][131]LogMemory: Virtual Memory: 1291.79 MB used, 134217728.00 MB total
[2016.01.15-14.48.39:483][131]LogMemory: 
[2016.01.15-14.48.39:483][131]Allocator Stats for TBB: (not implemented)
[2016.01.15-14.48.39:567][131]LogLinker:Warning: Asset 'D:/Disque C/Isart GD2/Level Design/Travaux/LDShadowerFall/Content/FirstPerson/Meshes/FirstPersonProjectileMesh.uasset' has been saved with empty engine version. The asset will be loaded but may be incompatible.
[2016.01.15-14.48.40:733][131]LogAIModule: Creating AISystem for world Boss
[2016.01.15-14.48.40:750][131]LogWorld: Game class is 'FirstPersonGameMode_C'
[2016.01.15-14.48.40:763][131]LogWorld: Bringing World /Game/FirstPersonBP/Maps/Boss.Boss up for play (max tick rate 0) at 2016.01.15-09.48.40
[2016.01.15-14.48.40:765][131]LogWorld: Bringing up level for play took: 0.014261
[2016.01.15-14.48.51:403][791]LogBlueprintUserMessages: [FirstPersonCharacter_C_0] Dash
[2016.01.15-14.48.51:644][806]LogBlueprintUserMessages: [FirstPersonCharacter_C_0] En L'air
[2016.01.15-14.48.53:467][919]LogBlueprintUserMessages: [FirstPersonCharacter_C_0] Dash
[2016.01.15-14.48.55:532][ 47]LogBlueprintUserMessages: [FirstPersonCharacter_C_0] Dash
[2016.01.15-14.48.56:790][125]LogBlueprintUserMessages: [FirstPersonCharacter_C_0] Dash
[2016.01.15-14.48.57:032][140]LogBlueprintUserMessages: [FirstPersonCharacter_C_0] En L'air
[2016.01.15-14.49.01:806][436]LogBlueprintUserMessages: [FirstPersonCharacter_C_0] Dash
[2016.01.15-14.49.02:048][451]LogBlueprintUserMessages: [FirstPersonCharacter_C_0] En L'air
[2016.01.15-14.49.04:016][573]LogBlueprintUserMessages: [FirstPersonCharacter_C_0] Dash
[2016.01.15-14.49.04:258][588]LogBlueprintUserMessages: [FirstPersonCharacter_C_0] En L'air
[2016.01.15-14.49.06:129][704]LogBlueprintUserMessages: [FirstPersonCharacter_C_0] Dash
[2016.01.15-14.49.06:371][719]LogBlueprintUserMessages: [FirstPersonCharacter_C_0] En L'air
[2016.01.15-14.49.07:677][800]LogBlueprintUserMessages: [FirstPersonCharacter_C_0] 3
[2016.01.15-14.49.07:677][800]LogBlueprintUserMessages: [FirstPersonCharacter_C_0] 3
[2016.01.15-14.49.09:048][885]LogBlueprintUserMessages: [FirstPersonCharacter_C_0] Dash
[2016.01.15-14.49.12:258][ 84]LogBlueprintUserMessages: [FirstPersonCharacter_C_0] Dash
[2016.01.15-14.49.12:500][ 99]LogBlueprintUserMessages: [FirstPersonCharacter_C_0] En L'air
[2016.01.15-14.49.14:307][211]LogBlueprintUserMessages: [FirstPersonCharacter_C_0] Dash
[2016.01.15-14.49.14:549][226]LogBlueprintUserMessages: [FirstPersonCharacter_C_0] En L'air
[2016.01.15-14.49.16:678][358]LogBlueprintUserMessages: [FirstPersonCharacter_C_0] Dash
[2016.01.15-14.49.16:920][373]LogBlueprintUserMessages: [FirstPersonCharacter_C_0] En L'air
[2016.01.15-14.49.19:162][512]LogBlueprintUserMessages: [FirstPersonCharacter_C_0] Dash
[2016.01.15-14.49.19:404][527]LogBlueprintUserMessages: [FirstPersonCharacter_C_0] En L'air
[2016.01.15-14.49.20:453][592]LogBlueprintUserMessages: [FirstPersonCharacter_C_0] 2
[2016.01.15-14.49.20:453][592]LogBlueprintUserMessages: [FirstPersonCharacter_C_0] 2
[2016.01.15-14.49.21:113][633]LogBlueprintUserMessages: [FirstPersonCharacter_C_0] 1
[2016.01.15-14.49.21:113][633]LogBlueprintUserMessages: [FirstPersonCharacter_C_0] 1
[2016.01.15-14.49.24:469][841]LogBlueprintUserMessages: [FirstPersonCharacter_C_0] Dash
[2016.01.15-14.49.24:711][856]LogBlueprintUserMessages: [FirstPersonCharacter_C_0] En L'air
[2016.01.15-14.49.26:226][950]LogBlueprintUserMessages: [FirstPersonCharacter_C_0] Dash
[2016.01.15-14.49.26:468][965]LogBlueprintUserMessages: [FirstPersonCharacter_C_0] En L'air
[2016.01.15-14.49.28:855][113]LogBlueprintUserMessages: [FirstPersonCharacter_C_0] Dash
[2016.01.15-14.49.29:097][128]LogBlueprintUserMessages: [FirstPersonCharacter_C_0] En L'air
[2016.01.15-14.49.31:291][264]LogBlueprintUserMessages: [FirstPersonCharacter_C_0] 0
[2016.01.15-14.49.31:291][264]LogBlueprintUserMessages: [FirstPersonCharacter_C_0] 0
[2016.01.15-14.49.34:113][439]LogBlueprintUserMessages: [FirstPersonCharacter_C_0] Dash
[2016.01.15-14.49.34:355][454]LogBlueprintUserMessages: [FirstPersonCharacter_C_0] En L'air
[2016.01.15-14.49.36:211][569]LogBlueprintUserMessages: [CoffreNormal_1647] 2
[2016.01.15-14.49.36:211][569]LogBlueprintUserMessages: [CoffreNormal_1647] 2
[2016.01.15-14.49.41:302][881]LogBlueprintUserMessages: [FirstPersonCharacter_C_0] Dash
[2016.01.15-14.49.41:995][924]LogBlueprintUserMessages: [FirstPersonCharacter_C_0] Dash
[2016.01.15-14.49.42:237][939]LogBlueprintUserMessages: [FirstPersonCharacter_C_0] En L'air
[2016.01.15-14.49.44:349][ 70]LogBlueprintUserMessages: [FirstPersonCharacter_C_0] Dash
[2016.01.15-14.49.44:592][ 85]LogBlueprintUserMessages: [FirstPersonCharacter_C_0] En L'air
[2016.01.15-14.49.45:753][157]LogBlueprintUserMessages: [FirstPersonCharacter_C_0] 1
[2016.01.15-14.49.45:753][157]LogBlueprintUserMessages: [FirstPersonCharacter_C_0] 1
[2016.01.15-14.49.48:882][351]LogBlueprintUserMessages: [FirstPersonCharacter_C_0] Dash
[2016.01.15-14.49.49:124][366]LogBlueprintUserMessages: [FirstPersonCharacter_C_0] En L'air
[2016.01.15-14.49.51:141][491]LogBlueprintUserMessages: [FirstPersonCharacter_C_0] Dash
[2016.01.15-14.49.51:383][506]LogBlueprintUserMessages: [FirstPersonCharacter_C_0] En L'air
[2016.01.15-14.49.53:318][626]LogBlueprintUserMessages: [FirstPersonCharacter_C_0] Dash
[2016.01.15-14.49.53:560][641]LogBlueprintUserMessages: [FirstPersonCharacter_C_0] En L'air
[2016.01.15-14.49.55:835][782]LogBlueprintUserMessages: [FirstPersonCharacter_C_0] 0
[2016.01.15-14.49.55:835][782]LogBlueprintUserMessages: [FirstPersonCharacter_C_0] 0
[2016.01.15-14.49.57:447][882]LogBlueprintUserMessages: [ArrowNORMAL_C_1] 1
[2016.01.15-14.49.57:447][882]LogBlueprintUserMessages: [ArrowNORMAL_C_1] 1
[2016.01.15-14.50.01:301][121]LogBlueprintUserMessages: [FirstPersonCharacter_C_0] Dash
[2016.01.15-14.50.01:544][136]LogBlueprintUserMessages: [FirstPersonCharacter_C_0] En L'air
[2016.01.15-14.50.03:898][282]LogBlueprintUserMessages: [FirstPersonCharacter_C_0] Dash
[2016.01.15-14.50.04:141][297]LogBlueprintUserMessages: [FirstPersonCharacter_C_0] En L'air
[2016.01.15-14.50.16:609][ 70]LogBlueprintUserMessages: [FirstPersonCharacter_C_0] Dash
[2016.01.15-14.50.16:851][ 85]LogBlueprintUserMessages: [FirstPersonCharacter_C_0] En L'air
[2016.01.15-14.50.19:029][220]LogBlueprintUserMessages: [FirstPersonCharacter_C_0] Dash
[2016.01.15-14.50.19:271][235]LogBlueprintUserMessages: [FirstPersonCharacter_C_0] En L'air
[2016.01.15-14.50.20:448][308]LogBlueprintUserMessages: [FirstPersonCharacter_C_0] 0
[2016.01.15-14.50.20:448][308]LogBlueprintUserMessages: [FirstPersonCharacter_C_0] 0
[2016.01.15-14.50.30:272][917]LogBlueprintUserMessages: [CoffreNormal3_200] 2
[2016.01.15-14.50.30:272][917]LogBlueprintUserMessages: [CoffreNormal3_200] 2
[2016.01.15-14.50.33:949][145]LogBlueprintUserMessages: [BP_Wall3] OnTOUCH
[2016.01.15-14.50.33:949][145]LogBlueprintUserMessages: [BP_Wall3] NoTouch
[2016.01.15-14.50.40:111][527]LogBlueprintUserMessages: [BP_Wall3] OnTOUCH
[2016.01.15-14.50.40:111][527]LogBlueprintUserMessages: [BP_Wall3] NoTouch
[2016.01.15-14.50.40:166][529]LogBlueprintUserMessages: [FirstPersonCharacter_C_0] 1
[2016.01.15-14.50.40:166][529]LogBlueprintUserMessages: [FirstPersonCharacter_C_0] 1
[2016.01.15-14.50.40:168][529]LogBlueprintUserMessages: [BP_Wall3] OnTOUCH
[2016.01.15-14.50.40:169][529]LogBlueprintUserMessages: [FirstPersonCharacter_C_0] touchWall
[2016.01.15-14.50.40:169][529]LogBlueprintUserMessages: [FirstPersonCharacter_C_0] true
[2016.01.15-14.50.40:170][529]LogBlueprintUserMessages: [ArrowNORMAL_C_7] 2
[2016.01.15-14.50.40:170][529]LogBlueprintUserMessages: [ArrowNORMAL_C_7] 2
[2016.01.15-14.50.40:876][573]LogBlueprintUserMessages: [BP_Wall3] NoTouch
[2016.01.15-14.50.46:682][933]LogBlueprintUserMessages: [BP_Wall23] OnTOUCH
[2016.01.15-14.50.47:779][  1]LogBlueprintUserMessages: [BP_Wall23] NoTouch
[2016.01.15-14.50.50:214][152]LogBlueprintUserMessages: [BP_Wall23] OnTOUCH
[2016.01.15-14.50.50:214][152]LogBlueprintUserMessages: [BP_Wall23] NoTouch
[2016.01.15-14.50.50:230][153]LogBlueprintUserMessages: [BP_Wall23] OnTOUCH
[2016.01.15-14.50.50:230][153]LogBlueprintUserMessages: [FirstPersonCharacter_C_0] touchWall
[2016.01.15-14.50.50:230][153]LogBlueprintUserMessages: [FirstPersonCharacter_C_0] true
[2016.01.15-14.50.50:682][181]LogBlueprintUserMessages: [FirstPersonCharacter_C_0] touchWall
[2016.01.15-14.50.50:683][181]LogBlueprintUserMessages: [FirstPersonCharacter_C_0] true
[2016.01.15-14.50.51:118][208]LogBlueprintUserMessages: [BP_Wall23] NoTouch
[2016.01.15-14.50.55:829][500]LogBlueprintUserMessages: [BP_Wall23] OnTOUCH
[2016.01.15-14.50.55:829][500]LogBlueprintUserMessages: [BP_Wall23] NoTouch
[2016.01.15-14.50.55:845][501]LogBlueprintUserMessages: [BP_Wall23] OnTOUCH
[2016.01.15-14.50.55:845][501]LogBlueprintUserMessages: [FirstPersonCharacter_C_0] touchWall
[2016.01.15-14.50.55:845][501]LogBlueprintUserMessages: [FirstPersonCharacter_C_0] true
[2016.01.15-14.50.56:424][537]LogBlueprintUserMessages: [BP_Wall23] NoTouch
[2016.01.15-14.50.57:118][580]LogBlueprintUserMessages: [BP_Wall3] OnTOUCH
[2016.01.15-14.50.57:119][580]LogBlueprintUserMessages: [FirstPersonCharacter_C_0] touchWall
[2016.01.15-14.50.57:119][580]LogBlueprintUserMessages: [FirstPersonCharacter_C_0] true
[2016.01.15-14.50.57:182][584]LogBlueprintUserMessages: [BP_Wall3] NoTouch
[2016.01.15-14.51.00:296][777]LogBlueprintUserMessages: [BP_Wall23] OnTOUCH
[2016.01.15-14.51.00:297][777]LogBlueprintUserMessages: [FirstPersonCharacter_C_0] touchWall
[2016.01.15-14.51.00:297][777]LogBlueprintUserMessages: [FirstPersonCharacter_C_0] true
[2016.01.15-14.51.00:538][792]LogBlueprintUserMessages: [FirstPersonCharacter_C_0] touchWall
[2016.01.15-14.51.00:538][792]LogBlueprintUserMessages: [FirstPersonCharacter_C_0] true
[2016.01.15-14.51.01:650][861]LogBlueprintUserMessages: [BP_Wall23] NoTouch
[2016.01.15-14.51.02:360][905]LogBlueprintUserMessages: [BP_Wall3] OnTOUCH
[2016.01.15-14.51.02:360][905]LogBlueprintUserMessages: [BP_Wall3] NoTouch
[2016.01.15-14.51.02:376][906]LogBlueprintUserMessages: [BP_Wall3] OnTOUCH
[2016.01.15-14.51.02:376][906]LogBlueprintUserMessages: [FirstPersonCharacter_C_0] touchWall
[2016.01.15-14.51.02:376][906]LogBlueprintUserMessages: [FirstPersonCharacter_C_0] true
[2016.01.15-14.51.02:781][931]LogBlueprintUserMessages: [BP_Wall3] NoTouch
[2016.01.15-14.51.03:634][984]LogBlueprintUserMessages: [BP_Wall18] OnTOUCH
[2016.01.15-14.51.03:634][984]LogBlueprintUserMessages: [BP_Wall18] NoTouch
[2016.01.15-14.51.03:650][985]LogBlueprintUserMessages: [BP_Wall18] OnTOUCH
[2016.01.15-14.51.03:650][985]LogBlueprintUserMessages: [FirstPersonCharacter_C_0] touchWall
[2016.01.15-14.51.03:650][985]LogBlueprintUserMessages: [FirstPersonCharacter_C_0] true
[2016.01.15-14.51.03:925][  2]LogBlueprintUserMessages: [BP_Wall18] NoTouch
[2016.01.15-14.51.10:942][437]LogBlueprintUserMessages: [BP_Wall23] OnTOUCH
[2016.01.15-14.51.11:039][443]LogBlueprintUserMessages: [FirstPersonCharacter_C_0] touchWall
[2016.01.15-14.51.11:039][443]LogBlueprintUserMessages: [FirstPersonCharacter_C_0] true
[2016.01.15-14.51.11:861][494]LogBlueprintUserMessages: [BP_Wall23] NoTouch
[2016.01.15-14.51.12:539][536]LogBlueprintUserMessages: [BP_Wall3] OnTOUCH
[2016.01.15-14.51.12:539][536]LogBlueprintUserMessages: [BP_Wall3] NoTouch
[2016.01.15-14.51.12:555][537]LogBlueprintUserMessages: [BP_Wall3] OnTOUCH
[2016.01.15-14.51.12:555][537]LogBlueprintUserMessages: [FirstPersonCharacter_C_0] touchWall
[2016.01.15-14.51.12:555][537]LogBlueprintUserMessages: [FirstPersonCharacter_C_0] true
[2016.01.15-14.51.12:974][563]LogBlueprintUserMessages: [BP_Wall3] NoTouch
[2016.01.15-14.51.13:877][619]LogBlueprintUserMessages: [BP_Wall18] OnTOUCH
[2016.01.15-14.51.13:877][619]LogBlueprintUserMessages: [BP_Wall18] NoTouch
[2016.01.15-14.51.13:893][620]LogBlueprintUserMessages: [BP_Wall18] OnTOUCH
[2016.01.15-14.51.13:894][620]LogBlueprintUserMessages: [FirstPersonCharacter_C_0] touchWall
[2016.01.15-14.51.13:894][620]LogBlueprintUserMessages: [FirstPersonCharacter_C_0] true
[2016.01.15-14.51.14:684][669]LogBlueprintUserMessages: [BP_Wall18] NoTouch
[2016.01.15-14.51.15:329][709]LogBlueprintUserMessages: [BP_Wall2] OnTOUCH
[2016.01.15-14.51.15:330][709]LogBlueprintUserMessages: [FirstPersonCharacter_C_0] touchWall
[2016.01.15-14.51.15:330][709]LogBlueprintUserMessages: [FirstPersonCharacter_C_0] true
[2016.01.15-14.51.16:184][762]LogBlueprintUserMessages: [BP_Wall2] NoTouch
[2016.01.15-14.51.16:651][791]LogBlueprintUserMessages: [BP_Wall21] OnTOUCH
[2016.01.15-14.51.16:651][791]LogBlueprintUserMessages: [BP_Wall21] NoTouch
[2016.01.15-14.51.16:667][792]LogBlueprintUserMessages: [BP_Wall21] OnTOUCH
[2016.01.15-14.51.16:668][792]LogBlueprintUserMessages: [FirstPersonCharacter_C_0] touchWall
[2016.01.15-14.51.16:668][792]LogBlueprintUserMessages: [FirstPersonCharacter_C_0] true
[2016.01.15-14.51.17:410][838]LogBlueprintUserMessages: [BP_Wall21] NoTouch
[2016.01.15-14.51.17:910][869]LogBlueprintUserMessages: [BP_Wall_374] OnTOUCH
[2016.01.15-14.51.17:910][869]LogBlueprintUserMessages: [BP_Wall_374] NoTouch
[2016.01.15-14.51.17:942][871]LogBlueprintUserMessages: [BP_Wall_374] OnTOUCH
[2016.01.15-14.51.17:942][871]LogBlueprintUserMessages: [FirstPersonCharacter_C_0] touchWall
[2016.01.15-14.51.17:942][871]LogBlueprintUserMessages: [FirstPersonCharacter_C_0] true
[2016.01.15-14.51.18:409][900]LogBlueprintUserMessages: [BP_Wall_374] NoTouch
[2016.01.15-14.51.18:797][924]LogBlueprintUserMessages: [BP_Wall20] OnTOUCH
[2016.01.15-14.51.18:797][924]LogBlueprintUserMessages: [BP_Wall20] NoTouch
[2016.01.15-14.51.18:813][925]LogBlueprintUserMessages: [BP_Wall20] OnTOUCH
[2016.01.15-14.51.18:813][925]LogBlueprintUserMessages: [FirstPersonCharacter_C_0] touchWall
[2016.01.15-14.51.18:813][925]LogBlueprintUserMessages: [FirstPersonCharacter_C_0] true
[2016.01.15-14.51.19:476][966]LogBlueprintUserMessages: [BP_Wall20] NoTouch
[2016.01.15-14.51.34:233][881]LogBlueprintUserMessages: [BP_Wall23] OnTOUCH
[2016.01.15-14.51.34:233][881]LogBlueprintUserMessages: [BP_Wall23] NoTouch
[2016.01.15-14.51.34:249][882]LogBlueprintUserMessages: [BP_Wall23] OnTOUCH
[2016.01.15-14.51.34:249][882]LogBlueprintUserMessages: [FirstPersonCharacter_C_0] touchWall
[2016.01.15-14.51.34:249][882]LogBlueprintUserMessages: [FirstPersonCharacter_C_0] true
[2016.01.15-14.51.34:427][893]LogBlueprintUserMessages: [FirstPersonCharacter_C_0] touchWall
[2016.01.15-14.51.34:427][893]LogBlueprintUserMessages: [FirstPersonCharacter_C_0] true
[2016.01.15-14.51.35:313][948]LogBlueprintUserMessages: [BP_Wall23] NoTouch
[2016.01.15-14.51.36:055][994]LogBlueprintUserMessages: [BP_Wall3] OnTOUCH
[2016.01.15-14.51.36:055][994]LogBlueprintUserMessages: [FirstPersonCharacter_C_0] touchWall
[2016.01.15-14.51.36:056][994]LogBlueprintUserMessages: [FirstPersonCharacter_C_0] true
[2016.01.15-14.51.36:541][ 24]LogBlueprintUserMessages: [BP_Wall3] NoTouch
[2016.01.15-14.51.37:153][ 62]LogBlueprintUserMessages: [BP_Wall18] OnTOUCH
[2016.01.15-14.51.37:153][ 62]LogBlueprintUserMessages: [BP_Wall18] NoTouch
[2016.01.15-14.51.37:169][ 63]LogBlueprintUserMessages: [BP_Wall18] OnTOUCH
[2016.01.15-14.51.37:169][ 63]LogBlueprintUserMessages: [FirstPersonCharacter_C_0] touchWall
[2016.01.15-14.51.37:169][ 63]LogBlueprintUserMessages: [FirstPersonCharacter_C_0] true
[2016.01.15-14.51.37:684][ 95]LogBlueprintUserMessages: [BP_Wall18] NoTouch
[2016.01.15-14.51.38:298][133]LogBlueprintUserMessages: [BP_Wall2] OnTOUCH
[2016.01.15-14.51.38:298][133]LogBlueprintUserMessages: [BP_Wall2] NoTouch
[2016.01.15-14.51.38:314][134]LogBlueprintUserMessages: [BP_Wall2] OnTOUCH
[2016.01.15-14.51.38:314][134]LogBlueprintUserMessages: [FirstPersonCharacter_C_0] touchWall
[2016.01.15-14.51.38:314][134]LogBlueprintUserMessages: [FirstPersonCharacter_C_0] true
[2016.01.15-14.51.38:911][171]LogBlueprintUserMessages: [BP_Wall2] NoTouch
[2016.01.15-14.51.39:542][210]LogBlueprintUserMessages: [BP_Wall18] OnTOUCH
[2016.01.15-14.51.39:542][210]LogBlueprintUserMessages: [BP_Wall18] NoTouch
[2016.01.15-14.51.39:556][211]LogBlueprintUserMessages: [BP_Wall18] OnTOUCH
[2016.01.15-14.51.39:557][211]LogBlueprintUserMessages: [FirstPersonCharacter_C_0] touchWall
[2016.01.15-14.51.39:557][211]LogBlueprintUserMessages: [FirstPersonCharacter_C_0] true
[2016.01.15-14.51.39:846][229]LogBlueprintUserMessages: [BP_Wall21] OnTOUCH
[2016.01.15-14.51.39:846][229]LogBlueprintUserMessages: [BP_Wall18] NoTouch
[2016.01.15-14.51.39:846][229]LogBlueprintUserMessages: [BP_Wall21] NoTouch
[2016.01.15-14.51.39:910][233]LogBlueprintUserMessages: [BP_Wall21] OnTOUCH
[2016.01.15-14.51.41:003][299]LogBlueprintUserMessages: [BP_Wall21] NoTouch
[2016.01.15-14.51.46:938][667]LogBlueprintUserMessages: [FirstPersonCharacter_C_0] 1
[2016.01.15-14.51.46:938][667]LogBlueprintUserMessages: [FirstPersonCharacter_C_0] 1
[2016.01.15-14.51.47:777][719]LogBlueprintUserMessages: [FirstPersonCharacter_C_0] 0
[2016.01.15-14.51.47:777][719]LogBlueprintUserMessages: [FirstPersonCharacter_C_0] 0
[2016.01.15-14.51.47:954][730]LogBlueprintUserMessages: [FirstPersonCharacter_C_0] NoNormalAmmo
[2016.01.15-14.51.48:115][740]LogBlueprintUserMessages: [FirstPersonCharacter_C_0] NoNormalAmmo
[2016.01.15-14.51.48:260][749]LogBlueprintUserMessages: [FirstPersonCharacter_C_0] NoNormalAmmo
[2016.01.15-14.51.48:374][756]LogBlueprintUserMessages: [FirstPersonCharacter_C_0] NoNormalAmmo
[2016.01.15-14.51.48:518][765]LogBlueprintUserMessages: [FirstPersonCharacter_C_0] NoNormalAmmo
[2016.01.15-14.51.48:648][773]LogBlueprintUserMessages: [FirstPersonCharacter_C_0] NoNormalAmmo
[2016.01.15-14.51.48:776][781]LogBlueprintUserMessages: [FirstPersonCharacter_C_0] NoNormalAmmo
[2016.01.15-14.51.48:890][788]LogBlueprintUserMessages: [FirstPersonCharacter_C_0] NoNormalAmmo
[2016.01.15-14.51.52:148][990]LogBlueprintUserMessages: [FirstPersonCharacter_C_0] NoNormalAmmo
[2016.01.15-14.51.52:454][  9]LogBlueprintUserMessages: [FirstPersonCharacter_C_0] NoNormalAmmo
[2016.01.15-14.51.52:631][ 20]LogBlueprintUserMessages: [FirstPersonCharacter_C_0] NoNormalAmmo
[2016.01.15-14.51.52:760][ 28]LogBlueprintUserMessages: [FirstPersonCharacter_C_0] NoNormalAmmo
[2016.01.15-14.51.52:905][ 37]LogBlueprintUserMessages: [FirstPersonCharacter_C_0] NoNormalAmmo
[2016.01.15-14.51.53:050][ 46]LogBlueprintUserMessages: [FirstPersonCharacter_C_0] NoNormalAmmo
[2016.01.15-14.51.53:164][ 53]LogBlueprintUserMessages: [FirstPersonCharacter_C_0] NoNormalAmmo
[2016.01.15-14.51.53:276][ 60]LogBlueprintUserMessages: [FirstPersonCharacter_C_0] NoNormalAmmo
[2016.01.15-14.51.54:149][114]LogBlueprintUserMessages: [FirstPersonCharacter_C_0] NoNormalAmmo
[2016.01.15-14.51.54:358][127]LogBlueprintUserMessages: [FirstPersonCharacter_C_0] NoNormalAmmo
[2016.01.15-14.51.54:518][137]LogBlueprintUserMessages: [FirstPersonCharacter_C_0] NoNormalAmmo
[2016.01.15-14.51.54:777][153]LogBlueprintUserMessages: [FirstPersonCharacter_C_0] NoNormalAmmo
[2016.01.15-14.51.56:632][268]LogBlueprintUserMessages: [FirstPersonCharacter_C_0] NoNormalAmmo
[2016.01.15-14.51.56:825][280]LogBlueprintUserMessages: [FirstPersonCharacter_C_0] NoNormalAmmo
[2016.01.15-14.51.56:987][290]LogBlueprintUserMessages: [FirstPersonCharacter_C_0] NoNormalAmmo
[2016.01.15-14.51.59:173][424]LogWindowsTextInputMethodSystem:Display: IME system now deactivated.
[2016.01.15-14.51.59:187][424]LogEngine: All Windows Closed
[2016.01.15-14.51.59:188][424]LogWindows: FPlatformMisc::RequestExit(0)
[2016.01.15-14.52.00:108][425]LogExit: Preparing to exit.
[2016.01.15-14.52.00:254][425]LogExit: Game engine shut down
[2016.01.15-14.52.00:265][425]LogParticles: Destroying 0 GPU particle simulations for FXSystem 0x00000030DD2C8A40
[2016.01.15-14.52.00:404][425]LogExit: Object subsystem successfully closed.
[2016.01.15-14.52.00:422][425]LogD3D11RHI: Shutdown
[2016.01.15-14.52.00:422][425]LogD3D11RHI: CleanupD3DDevice
[2016.01.15-14.52.00:484][425]LogD3D11RHI: ~FD3D11DynamicRHI
[2016.01.15-14.52.00:507][425]LogModuleManager: Shutting down and abandoning module AndroidDeviceDetection (115)
[2016.01.15-14.52.00:715][425]LogModuleManager: Shutting down and abandoning module AutomationController (114)
[2016.01.15-14.52.00:715][425]LogModuleManager: Shutting down and abandoning module AutomationWorker (113)
[2016.01.15-14.52.00:715][425]LogModuleManager: Shutting down and abandoning module CharacterAI (112)
[2016.01.15-14.52.00:715][425]LogModuleManager: Shutting down and abandoning module AITestSuite (111)
[2016.01.15-14.52.00:715][425]LogModuleManager: Shutting down and abandoning module GameplayDebugger (110)
[2016.01.15-14.52.00:715][425]LogModuleManager: Shutting down and abandoning module AIModule (109)
[2016.01.15-14.52.00:715][425]LogModuleManager: Shutting down and abandoning module GameLiveStreaming (108)
[2016.01.15-14.52.00:715][425]LogModuleManager: Shutting down and abandoning module StreamingPauseRendering (107)
[2016.01.15-14.52.00:715][425]LogModuleManager: Shutting down and abandoning module ProfilerService (106)
[2016.01.15-14.52.00:931][425]LogModuleManager: Shutting down and abandoning module TaskGraph (105)
[2016.01.15-14.52.00:931][425]LogModuleManager: Shutting down and abandoning module SlateRemote (104)
[2016.01.15-14.52.00:931][425]LogModuleManager: Shutting down and abandoning module SteamVRController (103)
[2016.01.15-14.52.00:931][425]LogModuleManager: Shutting down and abandoning module SteamVR (102)
[2016.01.15-14.52.00:931][425]LogModuleManager: Shutting down and abandoning module ProceduralMeshComponent (101)
[2016.01.15-14.52.00:931][425]LogModuleManager: Shutting down and abandoning module OculusRift (100)
[2016.01.15-14.52.00:931][425]LogModuleManager: Shutting down and abandoning module OculusLibrary (99)
[2016.01.15-14.52.00:931][425]LogModuleManager: Shutting down and abandoning module LeapMotionController (98)
[2016.01.15-14.52.00:946][425]LogModuleManager: Shutting down and abandoning module CustomMeshComponent (97)
[2016.01.15-14.52.00:946][425]LogModuleManager: Shutting down and abandoning module CableComponent (96)
[2016.01.15-14.52.00:946][425]LogModuleManager: Shutting down and abandoning module ArchVisCharacter (95)
[2016.01.15-14.52.00:946][425]LogModuleManager: Shutting down and abandoning module HTML5Networking (94)
[2016.01.15-14.52.00:946][425]LogModuleManager: Shutting down and abandoning module DesktopPlatform (93)
[2016.01.15-14.52.00:946][425]LogModuleManager: Shutting down and abandoning module DirectoryWatcher (92)
[2016.01.15-14.52.00:946][425]LogModuleManager: Shutting down and abandoning module HotReload (91)
[2016.01.15-14.52.00:946][425]LogModuleManager: Shutting down and abandoning module VisualStudioSourceCodeAccess (90)
[2016.01.15-14.52.00:946][425]LogModuleManager: Shutting down and abandoning module UObjectPlugin (89)
[2016.01.15-14.52.00:946][425]LogModuleManager: Shutting down and abandoning module SubversionSourceControl (88)
[2016.01.15-14.52.00:946][425]LogModuleManager: Shutting down and abandoning module SourceControl (87)
[2016.01.15-14.52.00:946][425]LogModuleManager: Shutting down and abandoning module PerforceSourceControl (86)
[2016.01.15-14.52.00:946][425]LogModuleManager: Shutting down and abandoning module UdpMessaging (85)
[2016.01.15-14.52.00:946][425]LogModuleManager: Shutting down and abandoning module LightPropagationVolumeRuntime (84)
[2016.01.15-14.52.00:946][425]LogModuleManager: Shutting down and abandoning module Paper2D (83)
[2016.01.15-14.52.00:946][425]LogModuleManager: Shutting down and abandoning module WindowsMoviePlayer (82)
[2016.01.15-14.52.00:948][425]LogModuleManager: Shutting down and abandoning module Media (81)
[2016.01.15-14.52.00:948][425]LogModuleManager: Shutting down and abandoning module WmfMedia (80)
[2016.01.15-14.52.00:949][425]LogModuleManager: Shutting down and abandoning module OnlineBlueprintSupport (79)
[2016.01.15-14.52.00:949][425]LogModuleManager: Shutting down and abandoning module GameplayTasksEditor (78)
[2016.01.15-14.52.00:949][425]LogModuleManager: Shutting down and abandoning module PropertyEditor (77)
[2016.01.15-14.52.00:949][425]LogModuleManager: Shutting down and abandoning module BehaviorTreeEditor (76)
[2016.01.15-14.52.00:949][425]LogModuleManager: Shutting down and abandoning module FunctionalTesting (75)
[2016.01.15-14.52.00:949][425]LogModuleManager: Shutting down and abandoning module CollisionAnalyzer (74)
[2016.01.15-14.52.00:949][425]LogModuleManager: Shutting down and abandoning module WorkspaceMenuStructure (73)
[2016.01.15-14.52.00:949][425]LogModuleManager: Shutting down and abandoning module MessageLog (72)
[2016.01.15-14.52.00:949][425]LogModuleManager: Shutting down and abandoning module Sequencer (71)
[2016.01.15-14.52.00:949][425]LogModuleManager: Shutting down and abandoning module AssetTools (70)
[2016.01.15-14.52.00:949][425]LogModuleManager: Shutting down and abandoning module UMGEditor (69)
[2016.01.15-14.52.00:949][425]LogModuleManager: Shutting down and abandoning module UMG (68)
[2016.01.15-14.52.00:949][425]LogModuleManager: Shutting down and abandoning module Slate (67)
[2016.01.15-14.52.00:949][425]LogModuleManager: Shutting down and abandoning module EditorStyle (66)
[2016.01.15-14.52.00:952][425]LogModuleManager: Shutting down and abandoning module SessionServices (65)
[2016.01.15-14.52.00:952][425]LogModuleManager: Shutting down and abandoning module SourceCodeAccess (64)
[2016.01.15-14.52.00:952][425]LogModuleManager: Shutting down and abandoning module HeadMountedDisplay (63)
[2016.01.15-14.52.00:952][425]LogModuleManager: Shutting down and abandoning module XAudio2 (62)
[2016.01.15-14.52.00:952][425]LogModuleManager: Shutting down and abandoning module Networking (60)
[2016.01.15-14.52.00:952][425]LogModuleManager: Shutting down and abandoning module Core (59)
[2016.01.15-14.52.00:952][425]LogModuleManager: Shutting down and abandoning module KismetCompiler (58)
[2016.01.15-14.52.00:952][425]LogModuleManager: Shutting down and abandoning module PhysXFormats (57)
[2016.01.15-14.52.00:952][425]LogModuleManager: Shutting down and abandoning module MeshUtilities (56)
[2016.01.15-14.52.00:952][425]LogModuleManager: Shutting down and abandoning module CookingStats (55)
[2016.01.15-14.52.00:953][425]LogModuleManager: Shutting down and abandoning module DerivedDataCache (54)
[2016.01.15-14.52.00:958][425]LogDerivedDataCache: Shutdown
[2016.01.15-14.52.00:958][425]LogModuleManager: Shutting down and abandoning module ShaderFormatOpenGL (53)
[2016.01.15-14.52.00:958][425]LogModuleManager: Shutting down and abandoning module ShaderFormatD3D (52)
[2016.01.15-14.52.00:958][425]LogModuleManager: Shutting down and abandoning module MetalShaderFormat (51)
[2016.01.15-14.52.00:958][425]LogModuleManager: Shutting down and abandoning module TextureFormatUncompressed (50)
[2016.01.15-14.52.00:958][425]LogModuleManager: Shutting down and abandoning module TextureFormatPVR (49)
[2016.01.15-14.52.00:958][425]LogModuleManager: Shutting down and abandoning module TextureFormatIntelISPCTexComp (48)
[2016.01.15-14.52.00:958][425]LogModuleManager: Shutting down and abandoning module TextureFormatDXT (47)
[2016.01.15-14.52.00:958][425]LogModuleManager: Shutting down and abandoning module ImageWrapper (46)
[2016.01.15-14.52.00:958][425]LogModuleManager: Shutting down and abandoning module TextureFormatASTC (45)
[2016.01.15-14.52.00:958][425]LogModuleManager: Shutting down and abandoning module TextureFormatAndroid (44)
[2016.01.15-14.52.00:958][425]LogModuleManager: Shutting down and abandoning module AudioFormatOpus (43)
[2016.01.15-14.52.00:958][425]LogModuleManager: Shutting down and abandoning module AudioFormatOgg (42)
[2016.01.15-14.52.00:958][425]LogModuleManager: Shutting down and abandoning module AudioFormatADPCM (41)
[2016.01.15-14.52.00:958][425]LogModuleManager: Shutting down and abandoning module LinuxTargetPlatform (40)
[2016.01.15-14.52.00:958][425]LogModuleManager: Shutting down and abandoning module LinuxServerTargetPlatform (39)
[2016.01.15-14.52.00:958][425]LogModuleManager: Shutting down and abandoning module LinuxNoEditorTargetPlatform (38)
[2016.01.15-14.52.00:958][425]LogModuleManager: Shutting down and abandoning module Messaging (37)
[2016.01.15-14.52.00:958][425]LogModuleManager: Shutting down and abandoning module IOSTargetPlatform (36)
[2016.01.15-14.52.00:959][425]LogModuleManager: Shutting down and abandoning module HTML5TargetPlatform (35)
[2016.01.15-14.52.00:959][425]LogModuleManager: Shutting down and abandoning module Android_PVRTCTargetPlatform (34)
[2016.01.15-14.52.00:959][425]LogModuleManager: Shutting down and abandoning module Android_ETC2TargetPlatform (33)
[2016.01.15-14.52.00:959][425]LogModuleManager: Shutting down and abandoning module Android_ETC1TargetPlatform (32)
[2016.01.15-14.52.00:959][425]LogModuleManager: Shutting down and abandoning module Android_DXTTargetPlatform (31)
[2016.01.15-14.52.00:959][425]LogModuleManager: Shutting down and abandoning module Android_ATCTargetPlatform (30)
[2016.01.15-14.52.00:959][425]LogModuleManager: Shutting down and abandoning module Android_ASTCTargetPlatform (29)
[2016.01.15-14.52.00:959][425]LogModuleManager: Shutting down and abandoning module AndroidTargetPlatform (28)
[2016.01.15-14.52.00:959][425]LogModuleManager: Shutting down and abandoning module WindowsTargetPlatform (27)
[2016.01.15-14.52.00:959][425]LogModuleManager: Shutting down and abandoning module WindowsServerTargetPlatform (26)
[2016.01.15-14.52.00:959][425]LogModuleManager: Shutting down and abandoning module WindowsNoEditorTargetPlatform (25)
[2016.01.15-14.52.00:959][425]LogModuleManager: Shutting down and abandoning module WindowsClientTargetPlatform (24)
[2016.01.15-14.52.00:959][425]LogModuleManager: Shutting down and abandoning module AllDesktopTargetPlatform (23)
[2016.01.15-14.52.00:959][425]LogModuleManager: Shutting down and abandoning module TargetPlatform (22)
[2016.01.15-14.52.00:959][425]LogModuleManager: Shutting down and abandoning module InputCore (21)
[2016.01.15-14.52.00:959][425]LogModuleManager: Shutting down and abandoning module Settings (20)
[2016.01.15-14.52.00:959][425]LogModuleManager: Shutting down and abandoning module OnlineSubsystem (18)
[2016.01.15-14.52.00:959][425]LogModuleManager: Shutting down and abandoning module HTTP (17)
[2016.01.15-14.52.00:960][425]LogModuleManager: Shutting down and abandoning module XMPP (16)
[2016.01.15-14.52.00:960][425]LogModuleManager: Shutting down and abandoning module ExampleDeviceProfileSelector (15)
[2016.01.15-14.52.00:960][425]LogModuleManager: Shutting down and abandoning module TextureCompressor (14)
[2016.01.15-14.52.00:960][425]LogModuleManager: Shutting down and abandoning module ShaderCore (13)
[2016.01.15-14.52.00:960][425]LogModuleManager: Shutting down and abandoning module Landscape (12)
[2016.01.15-14.52.00:960][425]LogModuleManager: Shutting down and abandoning module SlateRHIRenderer (11)
[2016.01.15-14.52.00:960][425]LogModuleManager: Shutting down and abandoning module OpenGLDrv (10)
[2016.01.15-14.52.00:960][425]LogModuleManager: Shutting down and abandoning module D3D11RHI (9)
[2016.01.15-14.52.00:960][425]LogModuleManager: Shutting down and abandoning module AnimGraphRuntime (8)
[2016.01.15-14.52.00:961][425]LogModuleManager: Shutting down and abandoning module Renderer (7)
[2016.01.15-14.52.00:961][425]LogModuleManager: Shutting down and abandoning module Engine (6)
[2016.01.15-14.52.00:961][425]LogModuleManager: Shutting down and abandoning module CoreUObject (5)
[2016.01.15-14.52.00:961][425]LogModuleManager: Shutting down and abandoning module NetworkFile (4)
[2016.01.15-14.52.00:961][425]LogModuleManager: Shutting down and abandoning module StreamingFile (3)
[2016.01.15-14.52.00:961][425]LogModuleManager: Shutting down and abandoning module SandboxFile (2)
[2016.01.15-14.52.00:961][425]LogModuleManager: Shutting down and abandoning module PakFile (1)
[2016.01.15-14.52.00:961][425]LogExit: Exiting.
[2016.01.15-14.52.00:963][425]Log file closed, 01/15/16 09:52:00
