[2016.01.16-02.29.41:377][  0]Log file open, 01/15/16 21:29:41
[2016.01.16-02.29.41:377][  0]LogInit:Display: Running engine for game: ShadowFall
[2016.01.16-02.29.41:377][  0]LogInit:Display: RandInit(-1130775239) SRandInit(-1130775239).
[2016.01.16-02.29.41:377][  0]LogTaskGraph: Started task graph with 4 named threads and 7 total threads.
[2016.01.16-02.29.41:377][  0]LogStats: Stats thread started at 0.443592
[2016.01.16-02.29.41:377][  0]LogInit: Version: 4.9.2-2707645+++depot+UE4-Releases+4.9
[2016.01.16-02.29.41:377][  0]LogInit: API Version: 2672455
[2016.01.16-02.29.41:377][  0]LogInit: Compiled (64-bit): Sep 28 2015 10:25:44
[2016.01.16-02.29.41:377][  0]LogInit: Compiled with Visual C++: 18.00.21005.01
[2016.01.16-02.29.41:377][  0]LogInit: Build Configuration: Development
[2016.01.16-02.29.41:377][  0]LogInit: Branch Name: ++depot+UE4-Releases+4.9
[2016.01.16-02.29.41:377][  0]LogInit: Command line:  
[2016.01.16-02.29.41:377][  0]LogInit: Base directory: C:/Program Files/Epic Games/4.9/Engine/Binaries/Win64/
[2016.01.16-02.29.41:377][  0]LogInit: Rocket: 1
[2016.01.16-02.29.41:406][  0]LogInit: Using libcurl 7.41.0
[2016.01.16-02.29.41:406][  0]LogInit:  - built for x86_64-pc-win32
[2016.01.16-02.29.41:406][  0]LogInit:  - supports SSL with WinSSL
[2016.01.16-02.29.41:406][  0]LogInit:  - other features:
[2016.01.16-02.29.41:406][  0]LogInit:      CURL_VERSION_SSL
[2016.01.16-02.29.41:406][  0]LogInit:      CURL_VERSION_IPV6
[2016.01.16-02.29.41:406][  0]LogInit:      CURL_VERSION_ASYNCHDNS
[2016.01.16-02.29.41:406][  0]LogInit:      CURL_VERSION_LARGEFILE
[2016.01.16-02.29.41:406][  0]LogInit:      CURL_VERSION_IDN
[2016.01.16-02.29.41:407][  0]LogInit:  CurlRequestOptions (configurable via config and command line):
[2016.01.16-02.29.41:407][  0]LogInit:  - bVerifyPeer = true  - Libcurl will verify peer certificate
[2016.01.16-02.29.41:407][  0]LogInit:  - bUseHttpProxy = false  - Libcurl will NOT use HTTP proxy
[2016.01.16-02.29.41:407][  0]LogInit:  - bDontReuseConnections = false  - Libcurl will reuse connections
[2016.01.16-02.29.41:407][  0]LogInit:  - CertBundlePath = nullptr  - Libcurl will use whatever was configured at build time.
[2016.01.16-02.29.41:430][  0]LogInit: Presizing for 0 objects not considered by GC, pre-allocating 0 bytes.
[2016.01.16-02.29.41:444][  0]LogInit: Object subsystem initialized
[2016.01.16-02.29.41:459][  0]LogInit: Selected Device Profile: [Windows]
[2016.01.16-02.29.41:459][  0]LogInit: Applying CVar settings loaded from the selected device profile: [Windows]
[2016.01.16-02.29.41:479][  0]LogInit: Computer: MELCOM
[2016.01.16-02.29.41:479][  0]LogInit: User: Melcom
[2016.01.16-02.29.41:479][  0]LogInit: CPU Page size=4096, Cores=4
[2016.01.16-02.29.41:479][  0]LogInit: High frequency timer resolution =2.728072 MHz
[2016.01.16-02.29.41:479][  0]LogMemory: Memory total: Physical=15.9GB (16GB approx)
[2016.01.16-02.29.41:479][  0]LogMemory: Platform Memory Stats for Windows
[2016.01.16-02.29.41:479][  0]LogMemory: Process Physical Memory: 54.10 MB used, 54.10 MB peak
[2016.01.16-02.29.41:479][  0]LogMemory: Process Virtual Memory: 56.75 MB used, 56.75 MB peak
[2016.01.16-02.29.41:479][  0]LogMemory: Physical Memory: 4030.19 MB used, 16302.69 MB total
[2016.01.16-02.29.41:479][  0]LogMemory: Virtual Memory: 354.11 MB used, 134217728.00 MB total
[2016.01.16-02.29.41:614][  0]LogTextLocalizationManager: No translations for ('fr-CA') exist, falling back to 'en' for localization and internationalization data.
[2016.01.16-02.29.42:386][  0]LogD3D11RHI: Found D3D11 adapter 0: Intel(R) HD Graphics 4600 (Feature Level 11_0)
[2016.01.16-02.29.42:386][  0]LogD3D11RHI: Adapter has 128MB of dedicated video memory, 0MB of dedicated system memory, and 1792MB of shared system memory, 1 output[s]
[2016.01.16-02.29.42:407][  0]LogD3D11RHI: Found D3D11 adapter 1: NVIDIA GeForce GTX 870M  (Feature Level 11_0)
[2016.01.16-02.29.42:407][  0]LogD3D11RHI: Adapter has 6031MB of dedicated video memory, 0MB of dedicated system memory, and 8151MB of shared system memory, 0 output[s]
[2016.01.16-02.29.42:410][  0]LogD3D11RHI: Found D3D11 adapter 2: Microsoft Basic Render Driver (Feature Level 11_0)
[2016.01.16-02.29.42:410][  0]LogD3D11RHI: Adapter has 0MB of dedicated video memory, 0MB of dedicated system memory, and 256MB of shared system memory, 0 output[s]
[2016.01.16-02.29.42:410][  0]LogD3D11RHI: Chosen D3D11 Adapter Id = 0
[2016.01.16-02.29.42:418][  0]LogD3D11RHI: !Direct3DDevice
[2016.01.16-02.29.42:418][  0]LogRHI: Texture pool is 1361 MB (70% of 1945 MB)
[2016.01.16-02.29.42:441][  0]LogD3D11RHI: Async texture creation enabled
[2016.01.16-02.29.42:476][  0]LogShaderCompilers: Guid format shader working directory is 15 characters bigger than the processId version (D:/Disque C/Isart GD2/Level Design/Travaux/LDShadowerFall/Intermediate/Shaders/WorkingDirectory/7304/).
[2016.01.16-02.29.42:476][  0]LogShaderCompilers: Cleaned the shader compiler working directory 'D:/Disque C/Isart GD2/Level Design/Travaux/LDShadowerFall/Intermediate/Shaders/tmp/DAF16A9E4BD24DCDEA18D6AA35E7B452/'.
[2016.01.16-02.29.42:478][  0]LogShaderCompilers:Display: Using Local Shader Compiler.
[2016.01.16-02.29.43:785][  0]LogTemp:Display: Loaded TP AllDesktopTargetPlatform
[2016.01.16-02.29.43:793][  0]LogTemp:Display: Loaded TP WindowsClientTargetPlatform
[2016.01.16-02.29.43:799][  0]LogTemp:Display: Loaded TP WindowsNoEditorTargetPlatform
[2016.01.16-02.29.43:806][  0]LogTemp:Display: Loaded TP WindowsServerTargetPlatform
[2016.01.16-02.29.43:813][  0]LogTemp:Display: Loaded TP WindowsTargetPlatform
[2016.01.16-02.29.43:818][  0]LogTemp:Display: Loaded TP AndroidTargetPlatform
[2016.01.16-02.29.43:823][  0]LogTemp:Display: Loaded TP Android_ASTCTargetPlatform
[2016.01.16-02.29.43:828][  0]LogTemp:Display: Loaded TP Android_ATCTargetPlatform
[2016.01.16-02.29.43:833][  0]LogTemp:Display: Loaded TP Android_DXTTargetPlatform
[2016.01.16-02.29.43:839][  0]LogTemp:Display: Loaded TP Android_ETC1TargetPlatform
[2016.01.16-02.29.43:845][  0]LogTemp:Display: Loaded TP Android_ETC2TargetPlatform
[2016.01.16-02.29.43:851][  0]LogTemp:Display: Loaded TP Android_PVRTCTargetPlatform
[2016.01.16-02.29.43:853][  0]LogTemp:Display: Loaded TP HTML5TargetPlatform
[2016.01.16-02.29.43:877][  0]LogTemp:Display: Loaded TP IOSTargetPlatform
[2016.01.16-02.29.43:882][  0]LogTemp:Display: Loaded TP LinuxNoEditorTargetPlatform
[2016.01.16-02.29.43:888][  0]LogTemp:Display: Loaded TP LinuxServerTargetPlatform
[2016.01.16-02.29.43:893][  0]LogTemp:Display: Loaded TP LinuxTargetPlatform
[2016.01.16-02.29.43:893][  0]LogTargetPlatformManager:Display: Building Assets For Windows
[2016.01.16-02.29.44:034][  0]LogDerivedDataCache:Display: Max Cache Size: 512 MB
[2016.01.16-02.29.44:206][  0]LogDerivedDataCache: Loaded boot cache 0.17s 41MB C:/Users/Melcom/AppData/Local/UnrealEngine/4.9/DerivedDataCache/Boot.ddc.
[2016.01.16-02.29.44:206][  0]LogDerivedDataCache:Display: Loaded Boot cache: C:/Users/Melcom/AppData/Local/UnrealEngine/4.9/DerivedDataCache/Boot.ddc
[2016.01.16-02.29.44:206][  0]LogDerivedDataCache: FDerivedDataBackendGraph:  Pak pak cache file D:/Disque C/Isart GD2/Level Design/Travaux/LDShadowerFall/DerivedDataCache/DDC.ddp not found, will not use a pak cache.
[2016.01.16-02.29.44:206][  0]LogDerivedDataCache: Unable to find inner node Pak for hierarchical cache Hierarchy.
[2016.01.16-02.29.44:207][  0]LogDerivedDataCache: FDerivedDataBackendGraph:  CompressedPak pak cache file D:/Disque C/Isart GD2/Level Design/Travaux/LDShadowerFall/DerivedDataCache/Compressed.ddp not found, will not use a pak cache.
[2016.01.16-02.29.44:207][  0]LogDerivedDataCache: Unable to find inner node CompressedPak for hierarchical cache Hierarchy.
[2016.01.16-02.29.44:347][  0]LogDerivedDataCache:Display: Pak cache opened for reading ../../../Engine/DerivedDataCache/Compressed.ddp.
[2016.01.16-02.29.44:359][  0]LogDerivedDataCache: Using Local data cache path C:/Users/Melcom/AppData/Local/UnrealEngine/Common/DerivedDataCache: Writable
[2016.01.16-02.29.44:969][  0]LogInit: Selected Device Profile: [Windows]
[2016.01.16-02.29.44:976][  0]LogContentStreaming: Texture pool size is 0.000000MB
[2016.01.16-02.29.45:164][  0]LogMeshUtilities: No automatic mesh reduction module available
[2016.01.16-02.29.45:164][  0]LogMeshUtilities: No automatic mesh merging module available
[2016.01.16-02.29.45:587][  0]LogInit: WinSock: version 1.1 (2.2), MaxSocks=32767, MaxUdp=65467
[2016.01.16-02.29.47:279][  0]UdpMessaging: Initializing bridge on interface 0.0.0.0:0 to multicast group 230.0.0.1:6666.
[2016.01.16-02.29.47:435][  0]LogAssetRegistry: FAssetRegistry took 0.0126 seconds to start up
[2016.01.16-02.29.47:710][  0]SourceControl: Info Source control is disabled
[2016.01.16-02.29.47:711][  0]SourceControl: Info Source control is disabled
[2016.01.16-02.29.47:730][  0]SourceControl: Info Source control is disabled
[2016.01.16-02.29.47:748][  0]SourceControl: Info Source control is disabled
[2016.01.16-02.29.47:998][  0]LogLinker:Warning: Asset '../../../Engine/Plugins/Runtime/LeapMotionController/Content/LM_PassthroughMaterial.uasset' has been saved with empty engine version. The asset will be loaded but may be incompatible.
[2016.01.16-02.29.48:119][  0]LogObj: 28361 objects as part of root set at end of initial load.
[2016.01.16-02.29.48:119][  0]LogUObjectAllocator: 6038872 out of 0 bytes used by permanent object pool.
[2016.01.16-02.29.48:210][  0]LogEngine: Initializing Engine...
[2016.01.16-02.29.48:217][  0]LogHMD: Can't find Oculus library dev build: is proper Runtime installed? Version: 0.7.0.0
[2016.01.16-02.29.48:219][  0]LogHMD: SteamVR failed to initialize.  Err: 110
[2016.01.16-02.29.48:375][  0]LogAIModule: Creating AISystem for world NewWorld
[2016.01.16-02.29.48:389][  0]LogInit: XAudio2 using 'Haut-parleurs (Realtek High Definition Audio)' : 2 channels at 48 kHz using 32 bits per sample (channel mask 0x3)
[2016.01.16-02.29.48:415][  0]LogInit: FAudioDevice initialized.
[2016.01.16-02.29.48:447][  0]LogDerivedDataCache: Saved boot cache 0.03s 41MB C:/Users/Melcom/AppData/Local/UnrealEngine/4.9/DerivedDataCache/Boot.ddc.
[2016.01.16-02.29.48:451][  0]LogInit: Texture streaming: Enabled
[2016.01.16-02.29.48:460][  0]LogAnalytics: Creating configured Analytics provider AnalyticsET
[2016.01.16-02.29.48:461][  0]LogAnalytics: [UEEditor.Rocket.Release] APIServer = http://et2.epicgames.com/ET2/. AppVersion = 4.9.2-2707645+++depot+UE4-Releases+4.9
[2016.01.16-02.29.48:461][  0]LogAnalytics: [UEEditor.Rocket.Release] SetUserId 647851c54a12d752e992f5bf4e7e53fb|b55a08fdee9c4555a13251bfef6368e4|069fc93a-90c1-4301-80d1-b5aa819ae568
[2016.01.16-02.29.48:461][  0]LogAnalytics: [UEEditor.Rocket.Release] AnalyticsET::StartSession
[2016.01.16-02.29.48:478][  0]LogWindowsTextInputMethodSystem:Display: IME system now deactivated.
[2016.01.16-02.29.48:509][  0]LogInit: Transaction tracking system initialized
[2016.01.16-02.29.48:565][  0]BlueprintLog: New page: Editor Load
[2016.01.16-02.29.48:764][  0]LocalizationService: Info Localization service is disabled
[2016.01.16-02.29.48:915][  0]LogConsoleResponse:Display: 
[2016.01.16-02.29.49:152][  0]LogCook:Display: Done creating registry. It took  0.00s.
[2016.01.16-02.29.49:281][  0]LogFileCache: Scanning file cache for directory 'D:/Disque C/Isart GD2/Level Design/Travaux/LDShadowerFall/Content/' took 0.06s
[2016.01.16-02.29.49:281][  0]SourceControl: Info Source control is disabled
[2016.01.16-02.29.49:282][  0]Cmd: MAP LOAD FILE="D:/Disque C/Isart GD2/Level Design/Travaux/LDShadowerFall/Content/FirstPersonBP/Maps/FirstPersonExampleMap.umap" TEMPLATE=0 SHOWPROGRESS=1 FEATURELEVEL=3
[2016.01.16-02.29.49:328][  0]LightingResults: New page: Lighting Build
[2016.01.16-02.29.49:336][  0]MapCheck: New page: Map Check
[2016.01.16-02.29.49:336][  0]LightingResults: New page: Lighting Build
[2016.01.16-02.29.49:356][  0]LogParticles: Destroying 0 GPU particle simulations for FXSystem 0x000000631BC6DDA0
[2016.01.16-02.29.49:645][  0]LogLinker:Warning: Asset 'D:/Disque C/Isart GD2/Level Design/Travaux/LDShadowerFall/Content/FirstPerson/Meshes/FirstPersonProjectileMesh.uasset' has been saved with empty engine version. The asset will be loaded but may be incompatible.
[2016.01.16-02.29.52:299][  0]LogAIModule: Creating AISystem for world FirstPersonExampleMap
[2016.01.16-02.29.52:342][  0]LogEditorServer: Finished looking for orphan Actors (0.000 secs)
[2016.01.16-02.29.52:345][  0]Cmd: MAP CHECKDEP NOCLEARLOG
[2016.01.16-02.29.52:428][  0]MapCheck: Info Map check complete: 0 Error(s), 0 Warning(s), took 82.261ms to complete.
[2016.01.16-02.29.52:431][  0]LogFileHelpers: Loading map 'FirstPersonExampleMap' took 3.149
[2016.01.16-02.29.52:579][  0]LogCollectionManager: Loaded 0 collections in 0.002143 seconds
[2016.01.16-02.29.52:630][  0]LogFileCache: Scanning file cache for directory 'D:/Disque C/Isart GD2/Level Design/Travaux/LDShadowerFall/Saved/Collections/' took 0.01s
[2016.01.16-02.29.52:630][  0]LogFileCache: Scanning file cache for directory 'D:/Disque C/Isart GD2/Level Design/Travaux/LDShadowerFall/Content/Developers/Melcom/Collections/' took 0.01s
[2016.01.16-02.29.52:630][  0]LogFileCache: Scanning file cache for directory 'D:/Disque C/Isart GD2/Level Design/Travaux/LDShadowerFall/Content/Collections/' took 0.01s
[2016.01.16-02.29.52:630][  0]LogContentBrowser: Native class hierarchy populated in 0.0092 seconds. Added 1867 classes and 333 folders.
[2016.01.16-02.29.52:645][  0]LogCollectionManager: Rebuilt the GUID cache for 0 collections in 0.000003 seconds
[2016.01.16-02.29.52:658][  0]LogContentBrowser: Native class hierarchy updated for 'WidgetCarousel' in 0.0007 seconds. Added 0 classes and 0 folders.
[2016.01.16-02.29.52:783][  0]LogContentBrowser: Native class hierarchy updated for 'AddContentDialog' in 0.0004 seconds. Added 0 classes and 0 folders.
[2016.01.16-02.29.52:795][  0]LogContentBrowser: Native class hierarchy updated for 'SceneOutliner' in 0.0005 seconds. Added 1 classes and 2 folders.
[2016.01.16-02.29.52:908][  0]LogCrashTracker: Crashtracker disabled due to settings.
[2016.01.16-02.29.52:919][  0]LogUObjectGlobals:Warning: Failed to find object 'Class None.'
[2016.01.16-02.29.52:945][  0]LogLoad: Full Startup: 13.03 seconds (BP compile: 0.87 seconds)
[2016.01.16-02.29.53:055][  0]LogContentStreaming: Texture pool size now 1000 MB
[2016.01.16-02.29.53:185][  0]LogRenderer: Reallocating scene render targets to support 1068x556 (Frame:2).
[2016.01.16-02.29.53:568][  1]LogFileCache: Retrieving MD5 hashes for directory 'D:/Disque C/Isart GD2/Level Design/Travaux/LDShadowerFall/Content/' took 0.59s
[2016.01.16-02.29.53:933][  9]LogAssetRegistry: Asset discovery search completed in 6.5087 seconds
[2016.01.16-02.29.53:933][  9]LogCollectionManager: Rebuilt the object cache for 0 collections in 0.000001 seconds (found 0 objects)
[2016.01.16-02.29.53:933][  9]LogCollectionManager: Fixed up redirectors for 0 collections in 0.000027 seconds (updated 0 objects)
[2016.01.16-02.29.55:696][114]LogActorComponent: UnregisterComponent: (/Engine/Transient.CharMoveComp) Not registered. Aborting.
[2016.01.16-02.29.55:696][114]LogActorComponent: UnregisterComponent: (/Engine/Transient.CharacterMovementComponent_0) Not registered. Aborting.
[2016.01.16-02.29.55:696][114]LogActorComponent: UnregisterComponent: (/Engine/Transient.PawnSensing_GEN_VARIABLE) Not registered. Aborting.
[2016.01.16-02.29.55:696][114]LogActorComponent: UnregisterComponent: (/Engine/Transient.ProjectileMovementComponent_40__A6522401) Not registered. Aborting.
[2016.01.16-02.29.55:696][114]LogActorComponent: UnregisterComponent: (/Engine/Transient.CharacterMovementComponent_1) Not registered. Aborting.
[2016.01.16-02.29.55:854][114]LogWindowsTextInputMethodSystem:Display: IME system now deactivated.
[2016.01.16-02.29.56:122][115]Cmd: QUIT_EDITOR
[2016.01.16-02.29.56:362][115]LogExit: Preparing to exit.
[2016.01.16-02.29.57:378][115]LogExit: Editor shut down
[2016.01.16-02.29.57:378][115]LogExit: Transaction tracking system shut down
[2016.01.16-02.29.57:386][115]LogParticles: Destroying 0 GPU particle simulations for FXSystem 0x0000006332B820C0
[2016.01.16-02.29.57:524][115]LogParticles: Destroying 0 GPU particle simulations for FXSystem 0x0000006340177880
[2016.01.16-02.29.57:524][115]LogParticles: Destroying 0 GPU particle simulations for FXSystem 0x00000063406756C0
[2016.01.16-02.29.57:524][115]LogParticles: Destroying 0 GPU particle simulations for FXSystem 0x0000006344ED8C20
[2016.01.16-02.29.57:524][115]LogExit: Object subsystem successfully closed.
[2016.01.16-02.29.57:539][115]LogD3D11RHI: Shutdown
[2016.01.16-02.29.57:539][115]LogD3D11RHI: CleanupD3DDevice
[2016.01.16-02.29.57:587][115]LogD3D11RHI: ~FD3D11DynamicRHI
[2016.01.16-02.29.57:627][115]LogModuleManager: Shutting down and abandoning module CrashTracker (197)
[2016.01.16-02.29.57:627][115]LogModuleManager: Shutting down and abandoning module SceneOutliner (196)
[2016.01.16-02.29.57:628][115]LogModuleManager: Shutting down and abandoning module SuperSearch (195)
[2016.01.16-02.29.57:628][115]LogModuleManager: Shutting down and abandoning module WidgetCarousel (194)
[2016.01.16-02.29.57:628][115]LogModuleManager: Shutting down and abandoning module AddContentDialog (193)
[2016.01.16-02.29.57:629][115]LogModuleManager: Shutting down and abandoning module EditorWidgets (192)
[2016.01.16-02.29.57:629][115]LogModuleManager: Shutting down and abandoning module CollectionManager (191)
[2016.01.16-02.29.57:629][115]LogModuleManager: Shutting down and abandoning module StatsViewer (190)
[2016.01.16-02.29.57:629][115]LogModuleManager: Shutting down and abandoning module FoliageEdit (189)
[2016.01.16-02.29.57:629][115]LogModuleManager: Shutting down and abandoning module LandscapeEditor (188)
[2016.01.16-02.29.57:631][115]LogModuleManager: Shutting down and abandoning module ActorPickerMode (187)
[2016.01.16-02.29.57:631][115]LogModuleManager: Shutting down and abandoning module GeometryMode (186)
[2016.01.16-02.29.57:631][115]LogModuleManager: Shutting down and abandoning module TextureAlignMode (185)
[2016.01.16-02.29.57:631][115]LogModuleManager: Shutting down and abandoning module BspMode (184)
[2016.01.16-02.29.57:631][115]LogModuleManager: Shutting down and abandoning module PlacementMode (183)
[2016.01.16-02.29.57:631][115]LogModuleManager: Shutting down and abandoning module AutomationWorker (182)
[2016.01.16-02.29.57:631][115]LogModuleManager: Shutting down and abandoning module CharacterAI (181)
[2016.01.16-02.29.57:631][115]LogModuleManager: Shutting down and abandoning module SmartSnapping (180)
[2016.01.16-02.29.57:631][115]LogModuleManager: Shutting down and abandoning module ViewportSnapping (179)
[2016.01.16-02.29.57:631][115]LogModuleManager: Shutting down and abandoning module LogVisualizer (178)
[2016.01.16-02.29.57:631][115]LogModuleManager: Shutting down and abandoning module GameProjectGeneration (177)
[2016.01.16-02.29.57:631][115]LogModuleManager: Shutting down and abandoning module IntroTutorials (176)
[2016.01.16-02.29.57:632][115]LogModuleManager: Shutting down and abandoning module EditorLiveStreaming (175)
[2016.01.16-02.29.57:632][115]LogModuleManager: Shutting down and abandoning module IOSPlatformEditor (174)
[2016.01.16-02.29.57:632][115]LogModuleManager: Shutting down and abandoning module HTML5PlatformEditor (173)
[2016.01.16-02.29.57:632][115]LogModuleManager: Shutting down and abandoning module AndroidDeviceDetection (172)
[2016.01.16-02.29.57:837][115]LogModuleManager: Shutting down and abandoning module AndroidPlatformEditor (171)
[2016.01.16-02.29.57:837][115]LogModuleManager: Shutting down and abandoning module IOSRuntimeSettings (170)
[2016.01.16-02.29.57:837][115]LogModuleManager: Shutting down and abandoning module AndroidRuntimeSettings (169)
[2016.01.16-02.29.57:837][115]LogModuleManager: Shutting down and abandoning module MergeActors (168)
[2016.01.16-02.29.57:840][115]LogModuleManager: Shutting down and abandoning module SizeMap (167)
[2016.01.16-02.29.57:841][115]LogModuleManager: Shutting down and abandoning module TreeMap (166)
[2016.01.16-02.29.57:841][115]LogModuleManager: Shutting down and abandoning module ReferenceViewer (165)
[2016.01.16-02.29.57:841][115]LogModuleManager: Shutting down and abandoning module LocalizationService (164)
[2016.01.16-02.29.57:841][115]LogModuleManager: Shutting down and abandoning module LocalizationDashboard (163)
[2016.01.16-02.29.57:841][115]LogModuleManager: Shutting down and abandoning module HardwareTargeting (162)
[2016.01.16-02.29.57:841][115]LogModuleManager: Shutting down and abandoning module DeviceProfileEditor (161)
[2016.01.16-02.29.57:841][115]LogModuleManager: Shutting down and abandoning module UndoHistory (160)
[2016.01.16-02.29.57:841][115]LogModuleManager: Shutting down and abandoning module GameplayTagsEditor (159)
[2016.01.16-02.29.57:841][115]LogModuleManager: Shutting down and abandoning module UserFeedback (158)
[2016.01.16-02.29.57:841][115]LogModuleManager: Shutting down and abandoning module XmlParser (157)
[2016.01.16-02.29.57:841][115]LogModuleManager: Shutting down and abandoning module Blutility (156)
[2016.01.16-02.29.57:841][115]LogModuleManager: Shutting down and abandoning module ProjectTargetPlatformEditor (155)
[2016.01.16-02.29.57:841][115]LogModuleManager: Shutting down and abandoning module ProjectSettingsViewer (154)
[2016.01.16-02.29.57:841][115]LogModuleManager: Shutting down and abandoning module InputBindingEditor (153)
[2016.01.16-02.29.57:842][115]LogModuleManager: Shutting down and abandoning module EditorSettingsViewer (152)
[2016.01.16-02.29.57:842][115]LogModuleManager: Shutting down and abandoning module SettingsEditor (151)
[2016.01.16-02.29.57:842][115]LogModuleManager: Shutting down and abandoning module ProjectLauncher (150)
[2016.01.16-02.29.57:842][115]LogModuleManager: Shutting down and abandoning module SessionFrontend (149)
[2016.01.16-02.29.57:842][115]LogModuleManager: Shutting down and abandoning module ProfilerClient (148)
[2016.01.16-02.29.57:842][115]LogModuleManager: Shutting down and abandoning module TargetDeviceServices (147)
[2016.01.16-02.29.57:842][115]LogModuleManager: Shutting down and abandoning module DeviceManager (146)
[2016.01.16-02.29.57:842][115]LogModuleManager: Shutting down and abandoning module AutomationController (145)
[2016.01.16-02.29.57:842][115]LogModuleManager: Shutting down and abandoning module AutomationWindow (144)
[2016.01.16-02.29.57:843][115]LogModuleManager: Shutting down and abandoning module Layers (143)
[2016.01.16-02.29.57:843][115]LogModuleManager: Shutting down and abandoning module ComponentVisualizers (142)
[2016.01.16-02.29.57:844][115]LogModuleManager: Shutting down and abandoning module DetailCustomizations (141)
[2016.01.16-02.29.57:844][115]LogModuleManager: Shutting down and abandoning module PackagesDialog (140)
[2016.01.16-02.29.57:844][115]LogModuleManager: Shutting down and abandoning module Persona (139)
[2016.01.16-02.29.57:845][115]LogModuleManager: Shutting down and abandoning module Kismet (138)
[2016.01.16-02.29.57:845][115]LogModuleManager: Shutting down and abandoning module GraphEditor (137)
[2016.01.16-02.29.57:846][115]LogModuleManager: Shutting down and abandoning module ClassViewer (136)
[2016.01.16-02.29.57:846][115]LogModuleManager: Shutting down and abandoning module Toolbox (135)
[2016.01.16-02.29.57:846][115]LogModuleManager: Shutting down and abandoning module ModuleUI (134)
[2016.01.16-02.29.57:846][115]LogModuleManager: Shutting down and abandoning module MovieSceneTools (133)
[2016.01.16-02.29.57:846][115]LogModuleManager: Shutting down and abandoning module OutputLog (132)
[2016.01.16-02.29.57:846][115]LogModuleManager: Shutting down and abandoning module GammaUI (131)
[2016.01.16-02.29.57:847][115]LogModuleManager: Shutting down and abandoning module Documentation (130)
[2016.01.16-02.29.57:847][115]LogModuleManager: Shutting down and abandoning module GameLiveStreaming (129)
[2016.01.16-02.29.57:847][115]LogModuleManager: Shutting down and abandoning module StreamingPauseRendering (128)
[2016.01.16-02.29.57:847][115]LogModuleManager: Shutting down and abandoning module AnalyticsET (127)
[2016.01.16-02.29.57:847][115]LogModuleManager: Shutting down and abandoning module Analytics (126)
[2016.01.16-02.29.57:847][115]LogModuleManager: Shutting down and abandoning module AITestSuite (125)
[2016.01.16-02.29.57:847][115]LogModuleManager: Shutting down and abandoning module GameplayDebugger (124)
[2016.01.16-02.29.57:847][115]LogModuleManager: Shutting down and abandoning module AIModule (123)
[2016.01.16-02.29.57:847][115]LogModuleManager: Shutting down and abandoning module ProfilerService (122)
[2016.01.16-02.29.57:902][115]LogModuleManager: Shutting down and abandoning module TaskGraph (121)
[2016.01.16-02.29.57:902][115]LogModuleManager: Shutting down and abandoning module SlateRemote (120)
[2016.01.16-02.29.57:902][115]LogModuleManager: Shutting down and abandoning module SteamVRController (119)
[2016.01.16-02.29.57:902][115]LogModuleManager: Shutting down and abandoning module SteamVR (118)
[2016.01.16-02.29.57:902][115]LogModuleManager: Shutting down and abandoning module ProceduralMeshComponent (117)
[2016.01.16-02.29.57:902][115]LogModuleManager: Shutting down and abandoning module OculusRift (116)
[2016.01.16-02.29.57:902][115]LogModuleManager: Shutting down and abandoning module OculusLibrary (115)
[2016.01.16-02.29.57:902][115]LogModuleManager: Shutting down and abandoning module LeapMotionController (114)
[2016.01.16-02.29.57:912][115]LogModuleManager: Shutting down and abandoning module CustomMeshComponent (113)
[2016.01.16-02.29.57:914][115]LogModuleManager: Shutting down and abandoning module CableComponent (112)
[2016.01.16-02.29.57:914][115]LogModuleManager: Shutting down and abandoning module ArchVisCharacter (111)
[2016.01.16-02.29.57:914][115]LogModuleManager: Shutting down and abandoning module MessagingDebugger (110)
[2016.01.16-02.29.57:915][115]LogModuleManager: Shutting down and abandoning module MediaPlayerEditor (109)
[2016.01.16-02.29.57:915][115]LogModuleManager: Shutting down and abandoning module HTML5Networking (108)
[2016.01.16-02.29.57:915][115]LogModuleManager: Shutting down and abandoning module SpeedTreeImporter (107)
[2016.01.16-02.29.57:915][115]LogModuleManager: Shutting down and abandoning module PluginBrowser (106)
[2016.01.16-02.29.57:915][115]LogModuleManager: Shutting down and abandoning module EpicSurvey (105)
[2016.01.16-02.29.57:915][115]LogModuleManager: Shutting down and abandoning module DesktopPlatform (104)
[2016.01.16-02.29.57:915][115]LogModuleManager: Shutting down and abandoning module VisualStudioSourceCodeAccess (103)
[2016.01.16-02.29.57:915][115]LogModuleManager: Shutting down and abandoning module UObjectPlugin (102)
[2016.01.16-02.29.57:915][115]LogModuleManager: Shutting down and abandoning module SubversionSourceControl (101)
[2016.01.16-02.29.57:915][115]LogModuleManager: Shutting down and abandoning module PerforceSourceControl (100)
[2016.01.16-02.29.57:915][115]LogModuleManager: Shutting down and abandoning module SourceControl (99)
[2016.01.16-02.29.57:915][115]LogModuleManager: Shutting down and abandoning module GitSourceControl (98)
[2016.01.16-02.29.57:915][115]LogModuleManager: Shutting down and abandoning module LightPropagationVolumeEditor (97)
[2016.01.16-02.29.57:915][115]LogModuleManager: Shutting down and abandoning module PaperTiledImporter (96)
[2016.01.16-02.29.57:915][115]LogModuleManager: Shutting down and abandoning module PaperSpriteSheetImporter (95)
[2016.01.16-02.29.57:915][115]LogModuleManager: Shutting down and abandoning module MeshPaint (94)
[2016.01.16-02.29.57:915][115]LogModuleManager: Shutting down and abandoning module SlateReflector (93)
[2016.01.16-02.29.57:916][115]LogModuleManager: Shutting down and abandoning module HotReload (92)
[2016.01.16-02.29.57:916][115]LogModuleManager: Shutting down and abandoning module MainFrame (91)
[2016.01.16-02.29.57:916][115]LogModuleManager: Shutting down and abandoning module LevelEditor (90)
[2016.01.16-02.29.57:918][115]LogModuleManager: Shutting down and abandoning module DirectoryWatcher (89)
[2016.01.16-02.29.57:918][115]LogModuleManager: Shutting down and abandoning module AssetRegistry (88)
[2016.01.16-02.29.58:068][115]LogModuleManager: Shutting down and abandoning module ContentBrowser (87)
[2016.01.16-02.29.58:068][115]LogModuleManager: Shutting down and abandoning module Paper2DEditor (86)
[2016.01.16-02.29.58:069][115]LogModuleManager: Shutting down and abandoning module UdpMessaging (85)
[2016.01.16-02.29.58:170][115]LogModuleManager: Shutting down and abandoning module LightPropagationVolumeRuntime (84)
[2016.01.16-02.29.58:170][115]LogModuleManager: Shutting down and abandoning module Paper2D (83)
[2016.01.16-02.29.58:170][115]LogModuleManager: Shutting down and abandoning module WindowsMoviePlayer (82)
[2016.01.16-02.29.58:178][115]LogModuleManager: Shutting down and abandoning module Media (81)
[2016.01.16-02.29.58:179][115]LogModuleManager: Shutting down and abandoning module WmfMedia (80)
[2016.01.16-02.29.58:179][115]LogModuleManager: Shutting down and abandoning module OnlineBlueprintSupport (79)
[2016.01.16-02.29.58:179][115]LogModuleManager: Shutting down and abandoning module GameplayTasksEditor (78)
[2016.01.16-02.29.58:179][115]LogModuleManager: Shutting down and abandoning module PropertyEditor (77)
[2016.01.16-02.29.58:180][115]LogModuleManager: Shutting down and abandoning module BehaviorTreeEditor (76)
[2016.01.16-02.29.58:180][115]LogModuleManager: Shutting down and abandoning module FunctionalTesting (75)
[2016.01.16-02.29.58:180][115]LogModuleManager: Shutting down and abandoning module CollisionAnalyzer (74)
[2016.01.16-02.29.58:180][115]LogModuleManager: Shutting down and abandoning module WorkspaceMenuStructure (73)
[2016.01.16-02.29.58:180][115]LogModuleManager: Shutting down and abandoning module MessageLog (72)
[2016.01.16-02.29.58:180][115]LogModuleManager: Shutting down and abandoning module Sequencer (71)
[2016.01.16-02.29.58:180][115]LogModuleManager: Shutting down and abandoning module AssetTools (70)
[2016.01.16-02.29.58:182][115]LogModuleManager: Shutting down and abandoning module UMGEditor (69)
[2016.01.16-02.29.58:182][115]LogModuleManager: Shutting down and abandoning module UMG (68)
[2016.01.16-02.29.58:182][115]LogModuleManager: Shutting down and abandoning module Slate (67)
[2016.01.16-02.29.58:182][115]LogModuleManager: Shutting down and abandoning module EditorStyle (66)
[2016.01.16-02.29.58:187][115]LogModuleManager: Shutting down and abandoning module SessionServices (65)
[2016.01.16-02.29.58:187][115]LogModuleManager: Shutting down and abandoning module SourceCodeAccess (64)
[2016.01.16-02.29.58:187][115]LogModuleManager: Shutting down and abandoning module HeadMountedDisplay (63)
[2016.01.16-02.29.58:187][115]LogModuleManager: Shutting down and abandoning module XAudio2 (62)
[2016.01.16-02.29.58:187][115]LogModuleManager: Shutting down and abandoning module Networking (60)
[2016.01.16-02.29.58:187][115]LogModuleManager: Shutting down and abandoning module Core (59)
[2016.01.16-02.29.58:187][115]LogModuleManager: Shutting down and abandoning module KismetCompiler (58)
[2016.01.16-02.29.58:187][115]LogModuleManager: Shutting down and abandoning module PhysXFormats (57)
[2016.01.16-02.29.58:187][115]LogModuleManager: Shutting down and abandoning module MeshUtilities (56)
[2016.01.16-02.29.58:188][115]LogModuleManager: Shutting down and abandoning module CookingStats (55)
[2016.01.16-02.29.58:189][115]LogModuleManager: Shutting down and abandoning module DerivedDataCache (54)
[2016.01.16-02.29.58:367][115]LogDerivedDataCache: Shutdown
[2016.01.16-02.29.58:367][115]LogModuleManager: Shutting down and abandoning module ShaderFormatOpenGL (53)
[2016.01.16-02.29.58:367][115]LogModuleManager: Shutting down and abandoning module ShaderFormatD3D (52)
[2016.01.16-02.29.58:367][115]LogModuleManager: Shutting down and abandoning module MetalShaderFormat (51)
[2016.01.16-02.29.58:368][115]LogModuleManager: Shutting down and abandoning module TextureFormatUncompressed (50)
[2016.01.16-02.29.58:368][115]LogModuleManager: Shutting down and abandoning module TextureFormatPVR (49)
[2016.01.16-02.29.58:368][115]LogModuleManager: Shutting down and abandoning module TextureFormatIntelISPCTexComp (48)
[2016.01.16-02.29.58:368][115]LogModuleManager: Shutting down and abandoning module TextureFormatDXT (47)
[2016.01.16-02.29.58:368][115]LogModuleManager: Shutting down and abandoning module ImageWrapper (46)
[2016.01.16-02.29.58:368][115]LogModuleManager: Shutting down and abandoning module TextureFormatASTC (45)
[2016.01.16-02.29.58:368][115]LogModuleManager: Shutting down and abandoning module TextureFormatAndroid (44)
[2016.01.16-02.29.58:368][115]LogModuleManager: Shutting down and abandoning module AudioFormatOpus (43)
[2016.01.16-02.29.58:368][115]LogModuleManager: Shutting down and abandoning module AudioFormatOgg (42)
[2016.01.16-02.29.58:368][115]LogModuleManager: Shutting down and abandoning module AudioFormatADPCM (41)
[2016.01.16-02.29.58:368][115]LogModuleManager: Shutting down and abandoning module LinuxTargetPlatform (40)
[2016.01.16-02.29.58:368][115]LogModuleManager: Shutting down and abandoning module LinuxServerTargetPlatform (39)
[2016.01.16-02.29.58:368][115]LogModuleManager: Shutting down and abandoning module LinuxNoEditorTargetPlatform (38)
[2016.01.16-02.29.58:368][115]LogModuleManager: Shutting down and abandoning module Messaging (37)
[2016.01.16-02.29.58:368][115]LogModuleManager: Shutting down and abandoning module IOSTargetPlatform (36)
[2016.01.16-02.29.58:368][115]LogModuleManager: Shutting down and abandoning module HTML5TargetPlatform (35)
[2016.01.16-02.29.58:368][115]LogModuleManager: Shutting down and abandoning module Android_PVRTCTargetPlatform (34)
[2016.01.16-02.29.58:368][115]LogModuleManager: Shutting down and abandoning module Android_ETC2TargetPlatform (33)
[2016.01.16-02.29.58:368][115]LogModuleManager: Shutting down and abandoning module Android_ETC1TargetPlatform (32)
[2016.01.16-02.29.58:368][115]LogModuleManager: Shutting down and abandoning module Android_DXTTargetPlatform (31)
[2016.01.16-02.29.58:368][115]LogModuleManager: Shutting down and abandoning module Android_ATCTargetPlatform (30)
[2016.01.16-02.29.58:368][115]LogModuleManager: Shutting down and abandoning module Android_ASTCTargetPlatform (29)
[2016.01.16-02.29.58:368][115]LogModuleManager: Shutting down and abandoning module AndroidTargetPlatform (28)
[2016.01.16-02.29.58:368][115]LogModuleManager: Shutting down and abandoning module WindowsTargetPlatform (27)
[2016.01.16-02.29.58:368][115]LogModuleManager: Shutting down and abandoning module WindowsServerTargetPlatform (26)
[2016.01.16-02.29.58:368][115]LogModuleManager: Shutting down and abandoning module WindowsNoEditorTargetPlatform (25)
[2016.01.16-02.29.58:368][115]LogModuleManager: Shutting down and abandoning module WindowsClientTargetPlatform (24)
[2016.01.16-02.29.58:368][115]LogModuleManager: Shutting down and abandoning module AllDesktopTargetPlatform (23)
[2016.01.16-02.29.58:368][115]LogModuleManager: Shutting down and abandoning module TargetPlatform (22)
[2016.01.16-02.29.58:368][115]LogModuleManager: Shutting down and abandoning module InputCore (21)
[2016.01.16-02.29.58:368][115]LogModuleManager: Shutting down and abandoning module Settings (20)
[2016.01.16-02.29.58:369][115]LogModuleManager: Shutting down and abandoning module OnlineSubsystem (18)
[2016.01.16-02.29.58:369][115]LogModuleManager: Shutting down and abandoning module HTTP (17)
[2016.01.16-02.30.00:371][115]LogModuleManager: Shutting down and abandoning module XMPP (16)
[2016.01.16-02.30.00:376][115]LogModuleManager: Shutting down and abandoning module ExampleDeviceProfileSelector (15)
[2016.01.16-02.30.00:376][115]LogModuleManager: Shutting down and abandoning module TextureCompressor (14)
[2016.01.16-02.30.00:377][115]LogModuleManager: Shutting down and abandoning module ShaderCore (13)
[2016.01.16-02.30.00:377][115]LogModuleManager: Shutting down and abandoning module Landscape (12)
[2016.01.16-02.30.00:377][115]LogModuleManager: Shutting down and abandoning module SlateRHIRenderer (11)
[2016.01.16-02.30.00:377][115]LogModuleManager: Shutting down and abandoning module OpenGLDrv (10)
[2016.01.16-02.30.00:378][115]LogModuleManager: Shutting down and abandoning module D3D11RHI (9)
[2016.01.16-02.30.00:378][115]LogModuleManager: Shutting down and abandoning module AnimGraphRuntime (8)
[2016.01.16-02.30.00:378][115]LogModuleManager: Shutting down and abandoning module Renderer (7)
[2016.01.16-02.30.00:378][115]LogModuleManager: Shutting down and abandoning module Engine (6)
[2016.01.16-02.30.00:379][115]LogModuleManager: Shutting down and abandoning module CoreUObject (5)
[2016.01.16-02.30.00:379][115]LogModuleManager: Shutting down and abandoning module NetworkFile (4)
[2016.01.16-02.30.00:379][115]LogModuleManager: Shutting down and abandoning module StreamingFile (3)
[2016.01.16-02.30.00:379][115]LogModuleManager: Shutting down and abandoning module SandboxFile (2)
[2016.01.16-02.30.00:379][115]LogModuleManager: Shutting down and abandoning module PakFile (1)
[2016.01.16-02.30.00:379][115]LogExit: Exiting.
[2016.01.16-02.30.00:391][115]Log file closed, 01/15/16 21:30:00
