[2016.01.14-07.20.53:668][  0]Log file open, 01/14/16 02:20:53
[2016.01.14-07.20.53:668][  0]LogInit:Display: Running engine for game: ShadowFall
[2016.01.14-07.20.53:668][  0]LogInit:Display: RandInit(642027846) SRandInit(642027846).
[2016.01.14-07.20.53:668][  0]LogTaskGraph: Started task graph with 4 named threads and 7 total threads.
[2016.01.14-07.20.53:668][  0]LogStats: Stats thread started at 0.092055
[2016.01.14-07.20.53:668][  0]LogInit: Version: 4.9.2-2707645+++depot+UE4-Releases+4.9
[2016.01.14-07.20.53:668][  0]LogInit: API Version: 2672455
[2016.01.14-07.20.53:668][  0]LogInit: Compiled (64-bit): Sep 28 2015 10:25:44
[2016.01.14-07.20.53:668][  0]LogInit: Compiled with Visual C++: 18.00.21005.01
[2016.01.14-07.20.53:668][  0]LogInit: Build Configuration: Development
[2016.01.14-07.20.53:668][  0]LogInit: Branch Name: ++depot+UE4-Releases+4.9
[2016.01.14-07.20.53:668][  0]LogInit: Command line:  
[2016.01.14-07.20.53:668][  0]LogInit: Base directory: D:/Program Files/Epic Games/4.9/Engine/Binaries/Win64/
[2016.01.14-07.20.53:668][  0]LogInit: Rocket: 1
[2016.01.14-07.20.53:679][  0]LogInit: Using libcurl 7.41.0
[2016.01.14-07.20.53:679][  0]LogInit:  - built for x86_64-pc-win32
[2016.01.14-07.20.53:679][  0]LogInit:  - supports SSL with WinSSL
[2016.01.14-07.20.53:679][  0]LogInit:  - other features:
[2016.01.14-07.20.53:679][  0]LogInit:      CURL_VERSION_SSL
[2016.01.14-07.20.53:679][  0]LogInit:      CURL_VERSION_IPV6
[2016.01.14-07.20.53:679][  0]LogInit:      CURL_VERSION_ASYNCHDNS
[2016.01.14-07.20.53:679][  0]LogInit:      CURL_VERSION_LARGEFILE
[2016.01.14-07.20.53:679][  0]LogInit:      CURL_VERSION_IDN
[2016.01.14-07.20.53:679][  0]LogInit:  CurlRequestOptions (configurable via config and command line):
[2016.01.14-07.20.53:679][  0]LogInit:  - bVerifyPeer = true  - Libcurl will verify peer certificate
[2016.01.14-07.20.53:679][  0]LogInit:  - bUseHttpProxy = false  - Libcurl will NOT use HTTP proxy
[2016.01.14-07.20.53:679][  0]LogInit:  - bDontReuseConnections = false  - Libcurl will reuse connections
[2016.01.14-07.20.53:679][  0]LogInit:  - CertBundlePath = nullptr  - Libcurl will use whatever was configured at build time.
[2016.01.14-07.20.53:687][  0]LogInit: Presizing for 0 objects not considered by GC, pre-allocating 0 bytes.
[2016.01.14-07.20.53:695][  0]LogInit: Object subsystem initialized
[2016.01.14-07.20.53:697][  0]LogInit: Selected Device Profile: [Windows]
[2016.01.14-07.20.53:697][  0]LogInit: Applying CVar settings loaded from the selected device profile: [Windows]
[2016.01.14-07.20.53:705][  0]LogInit: Computer: PCMAXIME
[2016.01.14-07.20.53:705][  0]LogInit: User: Maxime
[2016.01.14-07.20.53:705][  0]LogInit: CPU Page size=4096, Cores=4
[2016.01.14-07.20.53:705][  0]LogInit: High frequency timer resolution =2.338452 MHz
[2016.01.14-07.20.53:706][  0]LogMemory: Memory total: Physical=7.9GB (8GB approx)
[2016.01.14-07.20.53:706][  0]LogMemory: Platform Memory Stats for Windows
[2016.01.14-07.20.53:706][  0]LogMemory: Process Physical Memory: 55.85 MB used, 55.85 MB peak
[2016.01.14-07.20.53:706][  0]LogMemory: Process Virtual Memory: 56.96 MB used, 56.96 MB peak
[2016.01.14-07.20.53:706][  0]LogMemory: Physical Memory: 6988.02 MB used, 8123.55 MB total
[2016.01.14-07.20.53:706][  0]LogMemory: Virtual Memory: 351.95 MB used, 134217728.00 MB total
[2016.01.14-07.20.53:777][  0]LogTextLocalizationManager: No translations for ('fr-FR') exist, falling back to 'en' for localization and internationalization data.
[2016.01.14-07.20.54:594][  0]LogD3D11RHI: Found D3D11 adapter 0: AMD Radeon HD 7570M (Feature Level 11_0)
[2016.01.14-07.20.54:594][  0]LogD3D11RHI: Adapter has 1004MB of dedicated video memory, 0MB of dedicated system memory, and 3840MB of shared system memory, 1 output[s]
[2016.01.14-07.20.54:596][  0]LogD3D11RHI: Found D3D11 adapter 1: Microsoft Basic Render Driver (Feature Level 11_0)
[2016.01.14-07.20.54:596][  0]LogD3D11RHI: Adapter has 0MB of dedicated video memory, 0MB of dedicated system memory, and 4061MB of shared system memory, 0 output[s]
[2016.01.14-07.20.54:596][  0]LogD3D11RHI: Chosen D3D11 Adapter Id = 0
[2016.01.14-07.20.54:599][  0]LogD3D11RHI: !Direct3DDevice
[2016.01.14-07.20.54:599][  0]LogRHI: Texture pool is 702 MB (70% of 1004 MB)
[2016.01.14-07.20.54:607][  0]LogD3D11RHI: Async texture creation disabled: no driver support
[2016.01.14-07.20.54:618][  0]LogShaderCompilers: Guid format shader working directory is 15 characters bigger than the processId version (../../../../../../Bibliothèques/Documents/Unreal Projects/ShadowerFall/Intermediate/Shaders/WorkingDirectory/5772/).
[2016.01.14-07.20.54:618][  0]LogShaderCompilers: Cleaned the shader compiler working directory '../../../../../../Bibliothèques/Documents/Unreal Projects/ShadowerFall/Intermediate/Shaders/tmp/AF4DA8994E09F0CAB76AFCA37C9E4AF5/'.
[2016.01.14-07.20.54:618][  0]LogShaderCompilers:Display: Using Local Shader Compiler.
[2016.01.14-07.20.57:569][  0]LogTemp:Display: Loaded TP AllDesktopTargetPlatform
[2016.01.14-07.20.57:575][  0]LogTemp:Display: Loaded TP WindowsClientTargetPlatform
[2016.01.14-07.20.57:581][  0]LogTemp:Display: Loaded TP WindowsNoEditorTargetPlatform
[2016.01.14-07.20.57:587][  0]LogTemp:Display: Loaded TP WindowsServerTargetPlatform
[2016.01.14-07.20.57:592][  0]LogTemp:Display: Loaded TP WindowsTargetPlatform
[2016.01.14-07.20.57:597][  0]LogTemp:Display: Loaded TP AndroidTargetPlatform
[2016.01.14-07.20.57:600][  0]LogTemp:Display: Loaded TP Android_ASTCTargetPlatform
[2016.01.14-07.20.57:604][  0]LogTemp:Display: Loaded TP Android_ATCTargetPlatform
[2016.01.14-07.20.57:608][  0]LogTemp:Display: Loaded TP Android_DXTTargetPlatform
[2016.01.14-07.20.57:612][  0]LogTemp:Display: Loaded TP Android_ETC1TargetPlatform
[2016.01.14-07.20.57:616][  0]LogTemp:Display: Loaded TP Android_ETC2TargetPlatform
[2016.01.14-07.20.57:620][  0]LogTemp:Display: Loaded TP Android_PVRTCTargetPlatform
[2016.01.14-07.20.57:621][  0]LogTemp:Display: Loaded TP HTML5TargetPlatform
[2016.01.14-07.20.57:639][  0]LogTemp:Display: Loaded TP IOSTargetPlatform
[2016.01.14-07.20.57:643][  0]LogTemp:Display: Loaded TP LinuxNoEditorTargetPlatform
[2016.01.14-07.20.57:647][  0]LogTemp:Display: Loaded TP LinuxServerTargetPlatform
[2016.01.14-07.20.57:651][  0]LogTemp:Display: Loaded TP LinuxTargetPlatform
[2016.01.14-07.20.57:651][  0]LogTargetPlatformManager:Display: Building Assets For Windows
[2016.01.14-07.20.57:759][  0]LogDerivedDataCache:Display: Max Cache Size: 512 MB
[2016.01.14-07.21.00:515][  0]LogDerivedDataCache: Loaded boot cache 2.76s 41MB C:/Users/Maxime/AppData/Local/UnrealEngine/4.9/DerivedDataCache/Boot.ddc.
[2016.01.14-07.21.00:515][  0]LogDerivedDataCache:Display: Loaded Boot cache: C:/Users/Maxime/AppData/Local/UnrealEngine/4.9/DerivedDataCache/Boot.ddc
[2016.01.14-07.21.00:515][  0]LogDerivedDataCache: FDerivedDataBackendGraph:  Pak pak cache file ../../../../../../Bibliothèques/Documents/Unreal Projects/ShadowerFall/DerivedDataCache/DDC.ddp not found, will not use a pak cache.
[2016.01.14-07.21.00:515][  0]LogDerivedDataCache: Unable to find inner node Pak for hierarchical cache Hierarchy.
[2016.01.14-07.21.00:515][  0]LogDerivedDataCache: FDerivedDataBackendGraph:  CompressedPak pak cache file ../../../../../../Bibliothèques/Documents/Unreal Projects/ShadowerFall/DerivedDataCache/Compressed.ddp not found, will not use a pak cache.
[2016.01.14-07.21.00:515][  0]LogDerivedDataCache: Unable to find inner node CompressedPak for hierarchical cache Hierarchy.
[2016.01.14-07.21.00:726][  0]LogDerivedDataCache:Display: Pak cache opened for reading ../../../Engine/DerivedDataCache/Compressed.ddp.
[2016.01.14-07.21.00:739][  0]LogDerivedDataCache: Using Local data cache path C:/Users/Maxime/AppData/Local/UnrealEngine/Common/DerivedDataCache: Writable
[2016.01.14-07.21.05:657][  0]LogInit: Selected Device Profile: [Windows]
[2016.01.14-07.21.05:660][  0]LogContentStreaming: Texture pool size is 0.000000MB
[2016.01.14-07.21.05:870][  0]LogMeshUtilities: No automatic mesh reduction module available
[2016.01.14-07.21.05:870][  0]LogMeshUtilities: No automatic mesh merging module available
[2016.01.14-07.21.06:365][  0]LogInit: WinSock: version 1.1 (2.2), MaxSocks=32767, MaxUdp=65467
[2016.01.14-07.21.19:900][  0]UdpMessaging: Initializing bridge on interface 0.0.0.0:0 to multicast group 230.0.0.1:6666.
[2016.01.14-07.21.20:178][  0]LogAssetRegistry: FAssetRegistry took 0.0112 seconds to start up
[2016.01.14-07.21.20:694][  0]SourceControl: Info Source control is disabled
[2016.01.14-07.21.20:696][  0]SourceControl: Info Source control is disabled
[2016.01.14-07.21.20:740][  0]SourceControl: Info Source control is disabled
[2016.01.14-07.21.20:787][  0]SourceControl: Info Source control is disabled
[2016.01.14-07.21.21:439][  0]LogLinker:Warning: Asset '../../../Engine/Plugins/Runtime/LeapMotionController/Content/LM_PassthroughMaterial.uasset' has been saved with empty engine version. The asset will be loaded but may be incompatible.
[2016.01.14-07.21.21:671][  0]LogObj: 28361 objects as part of root set at end of initial load.
[2016.01.14-07.21.21:671][  0]LogUObjectAllocator: 6038872 out of 0 bytes used by permanent object pool.
[2016.01.14-07.21.21:789][  0]LogEngine: Initializing Engine...
[2016.01.14-07.21.21:792][  0]LogHMD: Can't find Oculus library dev build: is proper Runtime installed? Version: 0.7.0.0
[2016.01.14-07.21.21:834][  0]LogHMD: SteamVR failed to initialize.  Err: 110
[2016.01.14-07.21.21:990][  0]LogAIModule: Creating AISystem for world NewWorld
[2016.01.14-07.21.22:019][  0]LogInit: XAudio2 using 'Haut-parleurs (Périphérique High Definition Audio)' : 2 channels at 44.1 kHz using 16 bits per sample (channel mask 0x3)
[2016.01.14-07.21.22:033][  0]LogInit: FAudioDevice initialized.
[2016.01.14-07.21.22:062][  0]LogDerivedDataCache: Saved boot cache 0.03s 41MB C:/Users/Maxime/AppData/Local/UnrealEngine/4.9/DerivedDataCache/Boot.ddc.
[2016.01.14-07.21.22:065][  0]LogInit: Texture streaming: Enabled
[2016.01.14-07.21.22:292][  0]LogAnalytics: Creating configured Analytics provider AnalyticsET
[2016.01.14-07.21.22:292][  0]LogAnalytics: [UEEditor.Rocket.Release] APIServer = http://et2.epicgames.com/ET2/. AppVersion = 4.9.2-2707645+++depot+UE4-Releases+4.9
[2016.01.14-07.21.22:292][  0]LogAnalytics: [UEEditor.Rocket.Release] SetUserId 9a9effe84c4b08c90696e581cd7488a3|06ed4f6a0f4048debc1b07e05a99303a|05176c3f-19e8-4dc1-8202-ec95daad005f
[2016.01.14-07.21.22:292][  0]LogAnalytics: [UEEditor.Rocket.Release] AnalyticsET::StartSession
[2016.01.14-07.21.22:531][  0]LogInit: Transaction tracking system initialized
[2016.01.14-07.21.22:813][  0]BlueprintLog: New page: Editor Load
[2016.01.14-07.21.26:117][  0]LocalizationService: Info Localization service is disabled
[2016.01.14-07.21.26:725][  0]LogConsoleResponse:Display: 
[2016.01.14-07.21.27:357][  0]LogCook:Display: Done creating registry. It took  0.00s.
[2016.01.14-07.21.27:930][  0]LogFileCache: Scanning file cache for directory 'D:/Bibliothèques/Documents/Unreal Projects/ShadowerFall/Content/' took 0.02s
[2016.01.14-07.21.27:954][  0]SourceControl: Info Source control is disabled
[2016.01.14-07.21.27:954][  0]Cmd: MAP LOAD FILE="../../../../../../Bibliothèques/Documents/Unreal Projects/ShadowerFall/Content/FirstPersonBP/Maps/FirstPersonExampleMap.umap" TEMPLATE=0 SHOWPROGRESS=1 FEATURELEVEL=3
[2016.01.14-07.21.27:955][  0]LightingResults: New page: Lighting Build
[2016.01.14-07.21.27:958][  0]MapCheck: New page: Map Check
[2016.01.14-07.21.27:958][  0]LightingResults: New page: Lighting Build
[2016.01.14-07.21.27:971][  0]LogParticles: Destroying 0 GPU particle simulations for FXSystem 0x0000000C9096C400
[2016.01.14-07.21.28:158][  0]LogLinker:Warning: Asset '../../../../../../Bibliothèques/Documents/Unreal Projects/ShadowerFall/Content/FirstPerson/Meshes/FirstPersonProjectileMesh.uasset' has been saved with empty engine version. The asset will be loaded but may be incompatible.
[2016.01.14-07.21.29:931][  0]LogAIModule: Creating AISystem for world FirstPersonExampleMap
[2016.01.14-07.21.29:954][  0]LogEditorServer: Finished looking for orphan Actors (0.000 secs)
[2016.01.14-07.21.29:955][  0]Cmd: MAP CHECKDEP NOCLEARLOG
[2016.01.14-07.21.30:047][  0]MapCheck: Info Map check complete: 0 Error(s), 0 Warning(s), took 91.792ms to complete.
[2016.01.14-07.21.30:047][  0]LogFileHelpers: Loading map 'FirstPersonExampleMap' took 2.093
[2016.01.14-07.21.30:220][  0]LogCollectionManager: Loaded 0 collections in 0.002680 seconds
[2016.01.14-07.21.30:263][  0]LogFileCache: Scanning file cache for directory 'D:/Bibliothèques/Documents/Unreal Projects/ShadowerFall/Saved/Collections/' took 0.01s
[2016.01.14-07.21.30:263][  0]LogFileCache: Scanning file cache for directory 'D:/Bibliothèques/Documents/Unreal Projects/ShadowerFall/Content/Developers/Maxime/Collections/' took 0.01s
[2016.01.14-07.21.30:263][  0]LogFileCache: Scanning file cache for directory 'D:/Bibliothèques/Documents/Unreal Projects/ShadowerFall/Content/Collections/' took 0.01s
[2016.01.14-07.21.30:263][  0]LogContentBrowser: Native class hierarchy populated in 0.0079 seconds. Added 1867 classes and 333 folders.
[2016.01.14-07.21.30:269][  0]LogCollectionManager: Rebuilt the GUID cache for 0 collections in 0.000003 seconds
[2016.01.14-07.21.30:276][  0]LogContentBrowser: Native class hierarchy updated for 'WidgetCarousel' in 0.0005 seconds. Added 0 classes and 0 folders.
[2016.01.14-07.21.31:284][  0]LogContentBrowser: Native class hierarchy updated for 'AddContentDialog' in 0.0005 seconds. Added 0 classes and 0 folders.
[2016.01.14-07.21.31:330][  0]LogContentBrowser: Native class hierarchy updated for 'SceneOutliner' in 0.0005 seconds. Added 1 classes and 2 folders.
[2016.01.14-07.21.31:454][  0]LogCrashTracker: Crashtracker disabled due to settings.
[2016.01.14-07.21.31:457][  0]LogUObjectGlobals:Warning: Failed to find object 'Class None.'
[2016.01.14-07.21.31:479][  0]LogLoad: Full Startup: 38.48 seconds (BP compile: 0.73 seconds)
[2016.01.14-07.21.31:585][  0]LogContentStreaming: Texture pool size now 200 MB
[2016.01.14-07.21.31:725][  0]LogRenderer: Reallocating scene render targets to support 1252x668 (Frame:2).
[2016.01.14-07.21.32:241][  6]LogAssetRegistry: Asset discovery search completed in 12.0742 seconds
[2016.01.14-07.21.32:241][  6]LogCollectionManager: Rebuilt the object cache for 0 collections in 0.000001 seconds (found 0 objects)
[2016.01.14-07.21.32:241][  6]LogCollectionManager: Fixed up redirectors for 0 collections in 0.000026 seconds (updated 0 objects)
[2016.01.14-07.21.39:218][188]LogLinker:Warning: Asset '../../../Engine/Content/ArtTools/RenderToTexture/Macros/RenderToTextureMacros.uasset' has been saved with empty engine version. The asset will be loaded but may be incompatible.
[2016.01.14-07.21.39:828][188]LogContentBrowser: Native class hierarchy updated for 'BlueprintGraph' in 0.0008 seconds. Added 107 classes and 0 folders.
[2016.01.14-07.21.40:368][188]LogLinker:Warning: Asset '../../../../../../Bibliothèques/Documents/Unreal Projects/ShadowerFall/Content/FirstPersonBP/Blueprints/FirstPersonHUD.uasset' has been saved with empty engine version. The asset will be loaded but may be incompatible.
[2016.01.14-07.22.13:925][ 62]LogBlueprintUserMessages: Early PlayInEditor Detection: Level '/Game/FirstPersonBP/Maps/FirstPersonExampleMap.FirstPersonExampleMap:PersistentLevel' has LevelScriptBlueprint '/Game/FirstPersonBP/Maps/FirstPersonExampleMap.FirstPersonExampleMap:PersistentLevel.FirstPersonExampleMap' with GeneratedClass '/Game/FirstPersonBP/Maps/FirstPersonExampleMap.FirstPersonExampleMap_C' with ClassGeneratedBy '/Game/FirstPersonBP/Maps/FirstPersonExampleMap.FirstPersonExampleMap:PersistentLevel.FirstPersonExampleMap'
[2016.01.14-07.22.13:926][ 62]LogPlayLevel: PlayLevel: No blueprints needed recompiling
[2016.01.14-07.22.13:926][ 62]PIE: New page: PIE session: FirstPersonExampleMap (Jan 13, 2016, 9:22:13 PM)
[2016.01.14-07.22.13:926][ 62]LogPlayLevel: Creating play world package: /Game/FirstPersonBP/Maps/UEDPIE_0_FirstPersonExampleMap
[2016.01.14-07.22.13:976][ 62]LogPlayLevel: PIE: StaticDuplicateObject took: (0.049638s)
[2016.01.14-07.22.13:976][ 62]LogAIModule: Creating AISystem for world FirstPersonExampleMap
[2016.01.14-07.22.13:976][ 62]LogPlayLevel: PIE: World Init took: (0.000742s)
[2016.01.14-07.22.13:977][ 62]LogPlayLevel: PIE: Created PIE world by copying editor world from /Game/FirstPersonBP/Maps/FirstPersonExampleMap.FirstPersonExampleMap to /Game/FirstPersonBP/Maps/UEDPIE_0_FirstPersonExampleMap.FirstPersonExampleMap (0.050633s)
[2016.01.14-07.22.13:977][ 62]LogActorComponent: UnregisterComponent: (/Engine/Transient.CharMoveComp) Not registered. Aborting.
[2016.01.14-07.22.13:977][ 62]LogActorComponent: UnregisterComponent: (/Engine/Transient.CharacterMovementComponent_0) Not registered. Aborting.
[2016.01.14-07.22.13:977][ 62]LogActorComponent: UnregisterComponent: (/Engine/Transient.PawnSensing_GEN_VARIABLE) Not registered. Aborting.
[2016.01.14-07.22.14:023][ 62]LogParticles: Destroying 0 GPU particle simulations for FXSystem 0x0000000CC31E1EE0
[2016.01.14-07.22.14:047][ 62]LogInit: XAudio2 using 'Haut-parleurs (Périphérique High Definition Audio)' : 2 channels at 44.1 kHz using 16 bits per sample (channel mask 0x3)
[2016.01.14-07.22.14:053][ 62]LogInit: FAudioDevice initialized.
[2016.01.14-07.22.14:114][ 62]LogWorld: Game class is 'FirstPersonGameMode_C'
[2016.01.14-07.22.19:422][ 62]LogOutputDevice: === Handled error: ===

Ensure condition failed: false [File:D:\BuildFarm\buildmachine_++depot+UE4-Releases+4.9\Engine\Source\Runtime\Engine\Private\Components\SceneComponent.cpp] [Line: 1200]
Template Mismatch during attachment. Attaching instanced component to template component. Parent 'CollisionCylinder' Self 'Arrow'
Stack: 
UE4Editor-Core.dll!FWindowsPlatformStackWalk::StackWalkAndDump() [d:\buildfarm\buildmachine_++depot+ue4-releases+4.9\engine\source\runtime\core\private\windows\windowsplatformstackwalk.cpp:175]
UE4Editor-Core.dll!FDebug::EnsureFailed() [d:\buildfarm\buildmachine_++depot+ue4-releases+4.9\engine\source\runtime\core\private\misc\outputdevice.cpp:258]
UE4Editor-Core.dll!FDebug::OptionallyLogFormattedEnsureMessageReturningFalse() [d:\buildfarm\buildmachine_++depot+ue4-releases+4.9\engine\source\runtime\core\private\misc\outputdevice.cpp:368]
UE4Editor-Engine.dll!USceneComponent::AttachTo() [d:\buildfarm\buildmachine_++depot+ue4-releases+4.9\engine\source\runtime\engine\private\components\scenecomponent.cpp:1200]
UE4Editor-Engine.dll!USceneComponent::OnRegister() [d:\buildfarm\buildmachine_++depot+ue4-releases+4.9\engine\source\runtime\engine\private\components\scenecomponent.cpp:370]
UE4Editor-Engine.dll!UPrimitiveComponent::OnRegister() [d:\buildfarm\buildmachine_++depot+ue4-releases+4.9\engine\source\runtime\engine\private\components\primitivecomponent.cpp:389]
UE4Editor-Engine.dll!UActorComponent::ExecuteRegisterEvents() [d:\buildfarm\buildmachine_++depot+ue4-releases+4.9\engine\source\runtime\engine\private\components\actorcomponent.cpp:1040]
UE4Editor-Engine.dll!UActorComponent::RegisterComponentWithWorld() [d:\buildfarm\buildmachine_++depot+ue4-releases+4.9\engine\source\runtime\engine\private\components\actorcomponent.cpp:825]
UE4Editor-Engine.dll!AActor::IncrementalRegisterComponents() [d:\buildfarm\buildmachine_++depot+ue4-releases+4.9\engine\source\runtime\engine\private\actor.cpp:3656]
UE4Editor-Engine.dll!ULevel::IncrementalUpdateComponents() [d:\buildfarm\buildmachine_++depot+ue4-releases+4.9\engine\source\runtime\engine\private\level.cpp:755]
UE4Editor-Engine.dll!UWorld::UpdateWorldComponents() [d:\buildfarm\buildmachine_++depot+ue4-releases+4.9\engine\source\runtime\engine\private\world.cpp:1290]
UE4Editor-Engine.dll!UWorld::InitializeActorsForPlay() [d:\buildfarm\buildmachine_++depot+ue4-releases+4.9\engine\source\runtime\engine\private\world.cpp:2939]
UE4Editor-Engine.dll!UGameInstance::StartPIEGameInstance() [d:\buildfarm\buildmachine_++depot+ue4-releases+4.9\engine\source\runtime\engine\private\gameinstance.cpp:250]
UE4Editor-UnrealEd.dll!UEditorEngine::CreatePIEGameInstance() [d:\buildfarm\buildmachine_++depot+ue4-releases+4.9\engine\source\editor\unrealed\private\playlevel.cpp:3137]
UE4Editor-UnrealEd.dll!UEditorEngine::PlayInEditor() [d:\buildfarm\buildmachine_++depot+ue4-releases+4.9\engine\source\editor\unrealed\private\playlevel.cpp:2385]
UE4Editor-UnrealEd.dll!UEditorEngine::StartQueuedPlayMapRequest() [d:\buildfarm\buildmachine_++depot+ue4-releases+4.9\engine\source\editor\unrealed\private\playlevel.cpp:1066]
UE4Editor-UnrealEd.dll!UEditorEngine::Tick() [d:\buildfarm\buildmachine_++depot+ue4-releases+4.9\engine\source\editor\unrealed\private\editorengine.cpp:1244]
UE4Editor-UnrealEd.dll!UUnrealEdEngine::Tick() [d:\buildfarm\buildmachine_++depot+ue4-releases+4.9\engine\source\editor\unrealed\private\unrealedengine.cpp:366]
UE4Editor.exe!FEngineLoop::Tick() [d:\buildfarm\buildmachine_++depot+ue4-releases+4.9\engine\source\runtime\launch\private\launchengineloop.cpp:2428]
UE4Editor.exe!GuardedMain() [d:\buildfarm\buildmachine_++depot+ue4-releases+4.9\engine\source\runtime\launch\private\launch.cpp:142]
UE4Editor.exe!GuardedMainWrapper() [d:\buildfarm\buildmachine_++depot+ue4-releases+4.9\engine\source\runtime\launch\private\windows\launchwindows.cpp:126]
UE4Editor.exe!WinMain() [d:\buildfarm\buildmachine_++depot+ue4-releases+4.9\engine\source\runtime\launch\private\windows\launchwindows.cpp:200]
UE4Editor.exe!__tmainCRTStartup() [f:\dd\vctools\crt\crtw32\dllstuff\crtexe.c:618]
KERNEL32.DLL
ntdll.dll
ntdll.dll

[2016.01.14-07.22.19:778][ 62]LogWorld:Warning: *** WARNING - PATHS MAY NOT BE VALID ***
[2016.01.14-07.22.19:778][ 62]LogWorld: Bringing World /Game/FirstPersonBP/Maps/UEDPIE_0_FirstPersonExampleMap.FirstPersonExampleMap up for play (max tick rate 3) at 2016.01.14-02.22.19
[2016.01.14-07.22.19:778][ 62]LogActor:Warning: GameSession /Game/FirstPersonBP/Maps/UEDPIE_0_FirstPersonExampleMap.FirstPersonExampleMap:PersistentLevel.GameSession_0 has natively added scene component(s), but none of them were set as the actor's RootComponent - picking one arbitrarily
[2016.01.14-07.22.19:779][ 62]LogActor:Warning: GameNetworkManager /Game/FirstPersonBP/Maps/UEDPIE_0_FirstPersonExampleMap.FirstPersonExampleMap:PersistentLevel.GameNetworkManager_0 has natively added scene component(s), but none of them were set as the actor's RootComponent - picking one arbitrarily
[2016.01.14-07.22.19:781][ 62]LogWorld: Bringing up level for play took: 5.666140
[2016.01.14-07.22.19:813][ 62]PIE: Info Play in editor start time for /Game/FirstPersonBP/Maps/UEDPIE_0_FirstPersonExampleMap 6.667
[2016.01.14-07.22.19:813][ 62]LogBlueprintUserMessages: Late PlayInEditor Detection: Level '/Game/FirstPersonBP/Maps/FirstPersonExampleMap.FirstPersonExampleMap:PersistentLevel' has LevelScriptBlueprint '/Game/FirstPersonBP/Maps/FirstPersonExampleMap.FirstPersonExampleMap:PersistentLevel.FirstPersonExampleMap' with GeneratedClass '/Game/FirstPersonBP/Maps/FirstPersonExampleMap.FirstPersonExampleMap_C' with ClassGeneratedBy '/Game/FirstPersonBP/Maps/FirstPersonExampleMap.FirstPersonExampleMap:PersistentLevel.FirstPersonExampleMap'
[2016.01.14-07.22.20:158][ 62]LogCrashTracker: 


[2016.01.14-07.22.20:247][ 62]LogCrashTracker: 


[2016.01.14-07.22.20:247][ 62]LogWindows: === Critical error: ===


[2016.01.14-07.22.20:384][ 62]LogExit: Executing StaticShutdownAfterError
[2016.01.14-07.22.20:403][ 62]LogPhysics:Warning: PHYSX: ..\..\PhysX\src\NpScene.cpp (2946) 8 : PxScene::unlockWrite() called without matching call to PxScene::lockWrite(), behaviour will be undefined.
[2016.01.14-07.22.20:404][ 62]LogPhysics:Warning: PHYSX: ..\..\PhysX\src\NpScene.cpp (2946) 8 : PxScene::unlockWrite() called without matching call to PxScene::lockWrite(), behaviour will be undefined.
[2016.01.14-07.22.20:404][ 62]LogPhysics:Warning: PHYSX: ..\..\PhysX\src\NpScene.cpp (2946) 8 : PxScene::unlockWrite() called without matching call to PxScene::lockWrite(), behaviour will be undefined.
[2016.01.14-07.22.20:404][ 62]LogPhysics:Warning: PHYSX: ..\..\PhysX\src\NpScene.cpp (2946) 8 : PxScene::unlockWrite() called without matching call to PxScene::lockWrite(), behaviour will be undefined.
[2016.01.14-07.22.20:404][ 62]LogPhysics:Warning: PHYSX: ..\..\PhysX\src\NpScene.cpp (2946) 8 : PxScene::unlockWrite() called without matching call to PxScene::lockWrite(), behaviour will be undefined.
[2016.01.14-07.22.20:404][ 62]LogPhysics:Warning: PHYSX: ..\..\PhysX\src\NpScene.cpp (2946) 8 : PxScene::unlockWrite() called without matching call to PxScene::lockWrite(), behaviour will be undefined.
[2016.01.14-07.22.20:404][ 62]LogPhysics:Warning: PHYSX: ..\..\PhysX\src\NpScene.cpp (2946) 8 : PxScene::unlockWrite() called without matching call to PxScene::lockWrite(), behaviour will be undefined.
[2016.01.14-07.22.20:404][ 62]LogPhysics:Warning: PHYSX: ..\..\PhysX\src\NpScene.cpp (2946) 8 : PxScene::unlockWrite() called without matching call to PxScene::lockWrite(), behaviour will be undefined.
[2016.01.14-07.22.20:405][ 62]LogPhysics:Warning: PHYSX: ..\..\PhysX\src\NpScene.cpp (2946) 8 : PxScene::unlockWrite() called without matching call to PxScene::lockWrite(), behaviour will be undefined.
[2016.01.14-07.22.20:405][ 62]LogPhysics:Warning: PHYSX: ..\..\PhysX\src\NpScene.cpp (2946) 8 : PxScene::unlockWrite() called without matching call to PxScene::lockWrite(), behaviour will be undefined.
[2016.01.14-07.22.20:405][ 62]LogPhysics:Warning: PHYSX: ..\..\PhysX\src\NpScene.cpp (2946) 8 : PxScene::unlockWrite() called without matching call to PxScene::lockWrite(), behaviour will be undefined.
[2016.01.14-07.22.20:405][ 62]LogPhysics:Warning: PHYSX: ..\..\PhysX\src\NpScene.cpp (2946) 8 : PxScene::unlockWrite() called without matching call to PxScene::lockWrite(), behaviour will be undefined.
[2016.01.14-07.22.20:405][ 62]LogWindows: FPlatformMisc::RequestExit(1)
[2016.01.14-07.22.20:405][ 62]Log file closed, 01/14/16 02:22:20
