[2016.01.15-03.21.34:357][  0]Log file open, 01/14/16 22:21:34
[2016.01.15-03.21.34:357][  0]LogInit:Display: Running engine for game: ShadowFall
[2016.01.15-03.21.34:357][  0]LogInit:Display: RandInit(1664327831) SRandInit(1664327832).
[2016.01.15-03.21.34:357][  0]LogTaskGraph: Started task graph with 4 named threads and 7 total threads.
[2016.01.15-03.21.34:357][  0]LogStats: Stats thread started at 1.210169
[2016.01.15-03.21.34:357][  0]LogInit: Version: 4.9.1-2689999+++depot+UE4-Releases+4.9
[2016.01.15-03.21.34:357][  0]LogInit: API Version: 2672455
[2016.01.15-03.21.34:357][  0]LogInit: Compiled (64-bit): Sep 14 2015 04:12:03
[2016.01.15-03.21.34:357][  0]LogInit: Compiled with Visual C++: 18.00.21005.01
[2016.01.15-03.21.34:357][  0]LogInit: Build Configuration: Development
[2016.01.15-03.21.34:357][  0]LogInit: Branch Name: ++depot+UE4-Releases+4.9
[2016.01.15-03.21.34:357][  0]LogInit: Command line:  
[2016.01.15-03.21.34:357][  0]LogInit: Base directory: C:/Program Files/Epic Games/4.9/Engine/Binaries/Win64/
[2016.01.15-03.21.34:357][  0]LogInit: Rocket: 1
[2016.01.15-03.21.34:407][  0]LogInit: Using libcurl 7.41.0
[2016.01.15-03.21.34:407][  0]LogInit:  - built for x86_64-pc-win32
[2016.01.15-03.21.34:407][  0]LogInit:  - supports SSL with WinSSL
[2016.01.15-03.21.34:407][  0]LogInit:  - other features:
[2016.01.15-03.21.34:407][  0]LogInit:      CURL_VERSION_SSL
[2016.01.15-03.21.34:407][  0]LogInit:      CURL_VERSION_IPV6
[2016.01.15-03.21.34:407][  0]LogInit:      CURL_VERSION_ASYNCHDNS
[2016.01.15-03.21.34:407][  0]LogInit:      CURL_VERSION_LARGEFILE
[2016.01.15-03.21.34:407][  0]LogInit:      CURL_VERSION_IDN
[2016.01.15-03.21.34:407][  0]LogInit:  CurlRequestOptions (configurable via config and command line):
[2016.01.15-03.21.34:407][  0]LogInit:  - bVerifyPeer = true  - Libcurl will verify peer certificate
[2016.01.15-03.21.34:407][  0]LogInit:  - bUseHttpProxy = false  - Libcurl will NOT use HTTP proxy
[2016.01.15-03.21.34:407][  0]LogInit:  - bDontReuseConnections = false  - Libcurl will reuse connections
[2016.01.15-03.21.34:407][  0]LogInit:  - CertBundlePath = nullptr  - Libcurl will use whatever was configured at build time.
[2016.01.15-03.21.34:427][  0]LogInit: Presizing for 0 objects not considered by GC, pre-allocating 0 bytes.
[2016.01.15-03.21.34:427][  0]LogInit: Object subsystem initialized
[2016.01.15-03.21.34:437][  0]LogInit: Selected Device Profile: [Windows]
[2016.01.15-03.21.34:437][  0]LogInit: Applying CVar settings loaded from the selected device profile: [Windows]
[2016.01.15-03.21.34:487][  0]LogInit: Computer: YOANLESOUDER-PC
[2016.01.15-03.21.34:487][  0]LogInit: User: YoanLeSouder
[2016.01.15-03.21.34:487][  0]LogInit: CPU Page size=4096, Cores=4
[2016.01.15-03.21.34:487][  0]LogInit: High frequency timer resolution =2.141523 MHz
[2016.01.15-03.21.34:487][  0]LogMemory: Memory total: Physical=5.9GB (6GB approx)
[2016.01.15-03.21.34:487][  0]LogMemory: Platform Memory Stats for Windows
[2016.01.15-03.21.34:487][  0]LogMemory: Process Physical Memory: 56.09 MB used, 56.09 MB peak
[2016.01.15-03.21.34:487][  0]LogMemory: Process Virtual Memory: 57.66 MB used, 57.66 MB peak
[2016.01.15-03.21.34:487][  0]LogMemory: Physical Memory: 2893.24 MB used, 6091.86 MB total
[2016.01.15-03.21.34:487][  0]LogMemory: Virtual Memory: 338.92 MB used, 8388608.00 MB total
[2016.01.15-03.21.35:754][  0]LogTextLocalizationManager: No translations for ('fr-FR') exist, falling back to 'en' for localization and internationalization data.
[2016.01.15-03.21.39:987][  0]LogD3D11RHI: Found D3D11 adapter 0: NVIDIA GeForce GT 555M (Feature Level 11_0)
[2016.01.15-03.21.39:987][  0]LogD3D11RHI: Adapter has 1489MB of dedicated video memory, 0MB of dedicated system memory, and 2559MB of shared system memory, 1 output[s]
[2016.01.15-03.21.40:011][  0]LogD3D11RHI: Found D3D11 adapter 1: NVIDIA GeForce GT 555M (Feature Level 11_0)
[2016.01.15-03.21.40:011][  0]LogD3D11RHI: Adapter has 1489MB of dedicated video memory, 0MB of dedicated system memory, and 2559MB of shared system memory, 0 output[s]
[2016.01.15-03.21.40:012][  0]LogD3D11RHI: Chosen D3D11 Adapter Id = 0
[2016.01.15-03.21.40:020][  0]LogD3D11RHI: !Direct3DDevice
[2016.01.15-03.21.40:020][  0]LogRHI: Texture pool is 1361 MB (70% of 1945 MB)
[2016.01.15-03.21.40:038][  0]LogD3D11RHI: Async texture creation enabled
[2016.01.15-03.21.40:053][  0]LogShaderCompilers: Guid format shader working directory is 14 characters bigger than the processId version (../../../../../../Users/Yoan Le Souder/Desktop/ShadowerFall/Intermediate/Shaders/WorkingDirectory/10960/).
[2016.01.15-03.21.40:053][  0]LogShaderCompilers: Cleaned the shader compiler working directory '../../../../../../Users/Yoan Le Souder/Desktop/ShadowerFall/Intermediate/Shaders/tmp/BFBE52E441EFB974861DF591972B2E49/'.
[2016.01.15-03.21.40:053][  0]LogShaderCompilers:Display: Using Local Shader Compiler.
[2016.01.15-03.21.45:437][  0]LogTemp:Display: Loaded TP AllDesktopTargetPlatform
[2016.01.15-03.21.45:518][  0]LogTemp:Display: Loaded TP WindowsClientTargetPlatform
[2016.01.15-03.21.45:534][  0]LogTemp:Display: Loaded TP WindowsNoEditorTargetPlatform
[2016.01.15-03.21.45:601][  0]LogTemp:Display: Loaded TP WindowsServerTargetPlatform
[2016.01.15-03.21.45:624][  0]LogTemp:Display: Loaded TP WindowsTargetPlatform
[2016.01.15-03.21.45:633][  0]LogTemp:Display: Loaded TP AndroidTargetPlatform
[2016.01.15-03.21.45:641][  0]LogTemp:Display: Loaded TP Android_ASTCTargetPlatform
[2016.01.15-03.21.45:649][  0]LogTemp:Display: Loaded TP Android_ATCTargetPlatform
[2016.01.15-03.21.45:654][  0]LogTemp:Display: Loaded TP Android_DXTTargetPlatform
[2016.01.15-03.21.45:660][  0]LogTemp:Display: Loaded TP Android_ETC1TargetPlatform
[2016.01.15-03.21.45:666][  0]LogTemp:Display: Loaded TP Android_ETC2TargetPlatform
[2016.01.15-03.21.45:671][  0]LogTemp:Display: Loaded TP Android_PVRTCTargetPlatform
[2016.01.15-03.21.45:673][  0]LogTemp:Display: Loaded TP HTML5TargetPlatform
[2016.01.15-03.21.45:693][  0]LogTemp:Display: Loaded TP IOSTargetPlatform
[2016.01.15-03.21.45:698][  0]LogTemp:Display: Loaded TP LinuxNoEditorTargetPlatform
[2016.01.15-03.21.45:760][  0]LogTemp:Display: Loaded TP LinuxServerTargetPlatform
[2016.01.15-03.21.45:772][  0]LogTemp:Display: Loaded TP LinuxTargetPlatform
[2016.01.15-03.21.45:772][  0]LogTargetPlatformManager:Display: Building Assets For Windows
[2016.01.15-03.21.46:413][  0]LogDerivedDataCache:Display: Max Cache Size: 512 MB
[2016.01.15-03.21.58:201][  0]LogDerivedDataCache: Loaded boot cache 11.79s 41MB C:/Users/Yoan Le Souder/AppData/Local/UnrealEngine/4.9/DerivedDataCache/Boot.ddc.
[2016.01.15-03.21.58:202][  0]LogDerivedDataCache:Display: Loaded Boot cache: C:/Users/Yoan Le Souder/AppData/Local/UnrealEngine/4.9/DerivedDataCache/Boot.ddc
[2016.01.15-03.21.58:202][  0]LogDerivedDataCache: FDerivedDataBackendGraph:  Pak pak cache file ../../../../../../Users/Yoan Le Souder/Desktop/ShadowerFall/DerivedDataCache/DDC.ddp not found, will not use a pak cache.
[2016.01.15-03.21.58:202][  0]LogDerivedDataCache: Unable to find inner node Pak for hierarchical cache Hierarchy.
[2016.01.15-03.21.58:202][  0]LogDerivedDataCache: FDerivedDataBackendGraph:  CompressedPak pak cache file ../../../../../../Users/Yoan Le Souder/Desktop/ShadowerFall/DerivedDataCache/Compressed.ddp not found, will not use a pak cache.
[2016.01.15-03.21.58:202][  0]LogDerivedDataCache: Unable to find inner node CompressedPak for hierarchical cache Hierarchy.
[2016.01.15-03.21.59:482][  0]LogDerivedDataCache:Display: Pak cache opened for reading ../../../Engine/DerivedDataCache/Compressed.ddp.
[2016.01.15-03.21.59:494][  0]LogDerivedDataCache: Using Local data cache path C:/Users/Yoan Le Souder/AppData/Local/UnrealEngine/Common/DerivedDataCache: Writable
[2016.01.15-03.22.05:091][  0]LogInit: Selected Device Profile: [Windows]
[2016.01.15-03.22.05:091][  0]LogContentStreaming: Texture pool size is 0.000000MB
[2016.01.15-03.22.05:131][  0]LogMeshUtilities: No automatic mesh reduction module available
[2016.01.15-03.22.05:131][  0]LogMeshUtilities: No automatic mesh merging module available
[2016.01.15-03.22.05:612][  0]LogInit: WinSock: version 1.1 (2.2), MaxSocks=32767, MaxUdp=65467
[2016.01.15-03.22.16:906][  0]UdpMessaging: Initializing bridge on interface 0.0.0.0:0 to multicast group 230.0.0.1:6666.
[2016.01.15-03.22.17:285][  0]LogAssetRegistry: FAssetRegistry took 0.0106 seconds to start up
[2016.01.15-03.22.17:596][  0]SourceControl: Info Source control is disabled
[2016.01.15-03.22.17:597][  0]SourceControl: Info Source control is disabled
[2016.01.15-03.22.17:631][  0]SourceControl: Info Source control is disabled
[2016.01.15-03.22.17:649][  0]SourceControl: Info Source control is disabled
[2016.01.15-03.22.18:322][  0]LogLinker:Warning: Asset '../../../Engine/Plugins/Runtime/LeapMotionController/Content/LM_PassthroughMaterial.uasset' has been saved with empty engine version. The asset will be loaded but may be incompatible.
[2016.01.15-03.22.18:535][  0]LogObj: 28361 objects as part of root set at end of initial load.
[2016.01.15-03.22.18:535][  0]LogUObjectAllocator: 6038872 out of 0 bytes used by permanent object pool.
[2016.01.15-03.22.18:640][  0]LogEngine: Initializing Engine...
[2016.01.15-03.22.18:644][  0]LogHMD: Can't find Oculus library dev build: is proper Runtime installed? Version: 0.7.0.0
[2016.01.15-03.22.18:744][  0]LogHMD: SteamVR failed to initialize.  Err: 110
[2016.01.15-03.22.18:999][  0]LogAIModule: Creating AISystem for world NewWorld
[2016.01.15-03.22.19:069][  0]LogInit: XAudio2 using 'Haut-parleurs/écouteurs (Realtek High Definition Audio)' : 2 channels at 48 kHz using 32 bits per sample (channel mask 0x3)
[2016.01.15-03.22.19:204][  0]LogInit: FAudioDevice initialized.
[2016.01.15-03.22.19:230][  0]LogDerivedDataCache: Saved boot cache 0.03s 41MB C:/Users/Yoan Le Souder/AppData/Local/UnrealEngine/4.9/DerivedDataCache/Boot.ddc.
[2016.01.15-03.22.19:236][  0]LogInit: Texture streaming: Enabled
[2016.01.15-03.22.19:248][  0]LogAnalytics: Creating configured Analytics provider AnalyticsET
[2016.01.15-03.22.19:248][  0]LogAnalytics: [UEEditor.Rocket.Release] APIServer = http://et2.epicgames.com/ET2/. AppVersion = 4.9.1-2689999+++depot+UE4-Releases+4.9
[2016.01.15-03.22.19:248][  0]LogAnalytics: [UEEditor.Rocket.Release] SetUserId 6e71478847d9abdb2e2760a477d6ee1d|c212bfc7f25844cc82235ea92ea15602|e0109c47-bb66-402a-bae8-a8a61ff632a4
[2016.01.15-03.22.19:248][  0]LogAnalytics: [UEEditor.Rocket.Release] AnalyticsET::StartSession
[2016.01.15-03.22.19:783][  0]LogInit: Transaction tracking system initialized
[2016.01.15-03.22.19:830][  0]BlueprintLog: New page: Editor Load
[2016.01.15-03.22.20:216][  0]LocalizationService: Info Localization service is disabled
[2016.01.15-03.22.20:924][  0]LogConsoleResponse:Display: 
[2016.01.15-03.22.22:425][  0]LogCook:Display: Done creating registry. It took  0.00s.
[2016.01.15-03.22.22:731][  0]LogFileCache: Scanning file cache for directory 'C:/Users/Yoan Le Souder/Desktop/ShadowerFall/Content/' took 0.02s
[2016.01.15-03.22.22:731][  0]SourceControl: Info Source control is disabled
[2016.01.15-03.22.22:732][  0]Cmd: MAP LOAD FILE="../../../../../../Users/Yoan Le Souder/Desktop/ShadowerFall/Content/FirstPersonBP/Maps/FirstPersonExampleMap.umap" TEMPLATE=0 SHOWPROGRESS=1 FEATURELEVEL=3
[2016.01.15-03.22.22:733][  0]LightingResults: New page: Lighting Build
[2016.01.15-03.22.22:738][  0]MapCheck: New page: Map Check
[2016.01.15-03.22.22:738][  0]LightingResults: New page: Lighting Build
[2016.01.15-03.22.22:749][  0]LogParticles: Destroying 0 GPU particle simulations for FXSystem 0x0000000025561DA0
[2016.01.15-03.22.22:762][  0]LogLinker:Warning: Asset '../../../../../../Users/Yoan Le Souder/Desktop/ShadowerFall/Content/FirstPerson/Meshes/FirstPersonProjectileMesh.uasset' has been saved with empty engine version. The asset will be loaded but may be incompatible.
[2016.01.15-03.22.26:782][  0]LogAIModule: Creating AISystem for world FirstPersonExampleMap
[2016.01.15-03.22.26:828][  0]LogEditorServer: Finished looking for orphan Actors (0.000 secs)
[2016.01.15-03.22.26:829][  0]Cmd: MAP CHECKDEP NOCLEARLOG
[2016.01.15-03.22.26:983][  0]MapCheck: Info Map check complete: 0 Error(s), 0 Warning(s), took 153.724ms to complete.
[2016.01.15-03.22.26:983][  0]LogFileHelpers: Loading map 'FirstPersonExampleMap' took 4.252
[2016.01.15-03.22.27:118][  0]LogCollectionManager: Loaded 0 collections in 0.003819 seconds
[2016.01.15-03.22.27:161][  0]LogFileCache: Scanning file cache for directory 'C:/Users/Yoan Le Souder/Desktop/ShadowerFall/Saved/Collections/' took 0.01s
[2016.01.15-03.22.27:161][  0]LogFileCache: Scanning file cache for directory 'C:/Users/Yoan Le Souder/Desktop/ShadowerFall/Content/Developers/YoanLeSouder/Collections/' took 0.01s
[2016.01.15-03.22.27:161][  0]LogFileCache: Scanning file cache for directory 'C:/Users/Yoan Le Souder/Desktop/ShadowerFall/Content/Collections/' took 0.01s
[2016.01.15-03.22.27:161][  0]LogContentBrowser: Native class hierarchy populated in 0.0090 seconds. Added 1867 classes and 333 folders.
[2016.01.15-03.22.27:169][  0]LogCollectionManager: Rebuilt the GUID cache for 0 collections in 0.000003 seconds
[2016.01.15-03.22.27:179][  0]LogContentBrowser: Native class hierarchy updated for 'WidgetCarousel' in 0.0004 seconds. Added 0 classes and 0 folders.
[2016.01.15-03.22.29:819][  0]LogContentBrowser: Native class hierarchy updated for 'AddContentDialog' in 0.0012 seconds. Added 0 classes and 0 folders.
[2016.01.15-03.22.29:835][  0]LogContentBrowser: Native class hierarchy updated for 'SceneOutliner' in 0.0012 seconds. Added 1 classes and 2 folders.
[2016.01.15-03.22.29:866][  0]LogCrashTracker: Crashtracker disabled due to settings.
[2016.01.15-03.22.29:870][  0]LogUObjectGlobals:Warning: Failed to find object 'Class None.'
[2016.01.15-03.22.29:891][  0]LogLoad: Full Startup: 61.28 seconds (BP compile: 0.94 seconds)
[2016.01.15-03.22.30:044][  0]LogContentStreaming: Texture pool size now 200 MB
[2016.01.15-03.22.30:200][  0]LogRenderer: Reallocating scene render targets to support 848x404 (Frame:2).
[2016.01.15-03.22.30:807][ 12]LogAssetRegistry: Asset discovery search completed in 13.5321 seconds
[2016.01.15-03.22.30:807][ 12]LogCollectionManager: Rebuilt the object cache for 0 collections in 0.000001 seconds (found 0 objects)
[2016.01.15-03.22.30:807][ 12]LogCollectionManager: Fixed up redirectors for 0 collections in 0.000028 seconds (updated 0 objects)
[2016.01.15-03.24.39:741][470]LogAIModule: Creating AISystem for world Level2
[2016.01.15-03.24.39:895][470]LogActorComponent: UnregisterComponent: (/Engine/Transient.CharMoveComp) Not registered. Aborting.
[2016.01.15-03.24.39:895][470]LogActorComponent: UnregisterComponent: (/Engine/Transient.CharacterMovementComponent_0) Not registered. Aborting.
[2016.01.15-03.24.39:895][470]LogActorComponent: UnregisterComponent: (/Engine/Transient.PawnSensing_GEN_VARIABLE) Not registered. Aborting.
[2016.01.15-03.24.39:895][470]LogActorComponent: UnregisterComponent: (/Engine/Transient.CharacterMovementComponent_1) Not registered. Aborting.
[2016.01.15-03.24.39:896][470]LogActorComponent: UnregisterComponent: (/Engine/Transient.ProjectileMovementComponent_40__A6522401) Not registered. Aborting.
[2016.01.15-03.24.40:044][470]Cmd: MAP LOAD FILE="../../../../../../Users/Yoan Le Souder/Desktop/ShadowerFall/Content/FirstPersonBP/Maps/Level2.umap" TEMPLATE=0 SHOWPROGRESS=1 FEATURELEVEL=3
[2016.01.15-03.24.40:044][470]LightingResults: New page: Lighting Build
[2016.01.15-03.24.40:110][470]LoadErrors: New page: Loading map: Level2.umap
[2016.01.15-03.24.40:113][470]MapCheck: New page: Map Check
[2016.01.15-03.24.40:113][470]LightingResults: New page: Lighting Build
[2016.01.15-03.24.40:145][470]LogParticles: Destroying 0 GPU particle simulations for FXSystem 0x000000002D1EDC60
[2016.01.15-03.24.40:308][470]LogEditorServer: Finished looking for orphan Actors (0.000 secs)
[2016.01.15-03.24.40:426][470]Cmd: MAP CHECKDEP NOCLEARLOG
[2016.01.15-03.24.40:757][470]MapCheck: Info Map check complete: 0 Error(s), 0 Warning(s), took 330.706ms to complete.
[2016.01.15-03.24.40:759][470]LogFileHelpers: Loading map 'Level2' took 0.717
[2016.01.15-03.24.41:794][517]LogBlueprintUserMessages: Early PlayInEditor Detection: Level '/Game/FirstPersonBP/Maps/Level2.Level2:PersistentLevel' has LevelScriptBlueprint '/Game/FirstPersonBP/Maps/Level2.Level2:PersistentLevel.Level2' with GeneratedClass '/Game/FirstPersonBP/Maps/Level2.Level2_C' with ClassGeneratedBy '/Game/FirstPersonBP/Maps/Level2.Level2:PersistentLevel.Level2'
[2016.01.15-03.24.41:794][517]LogPlayLevel: PlayLevel: No blueprints needed recompiling
[2016.01.15-03.24.41:795][517]PIE: New page: PIE session: Level2 (Jan 14, 2016, 5:24:41 PM)
[2016.01.15-03.24.41:795][517]LogPlayLevel: Creating play world package: /Game/FirstPersonBP/Maps/UEDPIE_0_Level2
[2016.01.15-03.24.41:940][517]LogPlayLevel: PIE: StaticDuplicateObject took: (0.145234s)
[2016.01.15-03.24.41:942][517]LogAIModule: Creating AISystem for world Level2
[2016.01.15-03.24.41:942][517]LogPlayLevel: PIE: World Init took: (0.001437s)
[2016.01.15-03.24.41:942][517]LogPlayLevel: PIE: Created PIE world by copying editor world from /Game/FirstPersonBP/Maps/Level2.Level2 to /Game/FirstPersonBP/Maps/UEDPIE_0_Level2.Level2 (0.147158s)
[2016.01.15-03.24.41:942][517]LogActorComponent: UnregisterComponent: (/Engine/Transient.CharMoveComp) Not registered. Aborting.
[2016.01.15-03.24.41:942][517]LogActorComponent: UnregisterComponent: (/Engine/Transient.CharacterMovementComponent_2) Not registered. Aborting.
[2016.01.15-03.24.41:943][517]LogActorComponent: UnregisterComponent: (/Engine/Transient.PawnSensing_GEN_VARIABLE) Not registered. Aborting.
[2016.01.15-03.24.41:943][517]LogActorComponent: UnregisterComponent: (/Engine/Transient.CharacterMovementComponent_3) Not registered. Aborting.
[2016.01.15-03.24.41:987][517]LogInit: XAudio2 using 'Haut-parleurs/écouteurs (Realtek High Definition Audio)' : 2 channels at 48 kHz using 32 bits per sample (channel mask 0x3)
[2016.01.15-03.24.42:028][517]LogInit: FAudioDevice initialized.
[2016.01.15-03.24.42:190][517]LogWorld: Game class is 'FirstPersonGameMode_C'
[2016.01.15-03.24.42:272][517]LogWorld:Warning: *** WARNING - PATHS MAY NOT BE VALID ***
[2016.01.15-03.24.42:272][517]LogWorld: Bringing World /Game/FirstPersonBP/Maps/UEDPIE_0_Level2.Level2 up for play (max tick rate 0) at 2016.01.14-22.24.42
[2016.01.15-03.24.42:272][517]LogActor:Warning: GameSession /Game/FirstPersonBP/Maps/UEDPIE_0_Level2.Level2:PersistentLevel.GameSession_0 has natively added scene component(s), but none of them were set as the actor's RootComponent - picking one arbitrarily
[2016.01.15-03.24.42:273][517]LogActor:Warning: GameNetworkManager /Game/FirstPersonBP/Maps/UEDPIE_0_Level2.Level2:PersistentLevel.GameNetworkManager_0 has natively added scene component(s), but none of them were set as the actor's RootComponent - picking one arbitrarily
[2016.01.15-03.24.42:289][517]LogWorld: Bringing up level for play took: 0.095974
[2016.01.15-03.24.42:297][517]PIE: Info Play in editor start time for /Game/FirstPersonBP/Maps/UEDPIE_0_Level2 -0.247
[2016.01.15-03.24.42:298][517]LogBlueprintUserMessages: Late PlayInEditor Detection: Level '/Game/FirstPersonBP/Maps/Level2.Level2:PersistentLevel' has LevelScriptBlueprint '/Game/FirstPersonBP/Maps/Level2.Level2:PersistentLevel.Level2' with GeneratedClass '/Game/FirstPersonBP/Maps/Level2.Level2_C' with ClassGeneratedBy '/Game/FirstPersonBP/Maps/Level2.Level2:PersistentLevel.Level2'
[2016.01.15-03.24.42:963][559]LogBlueprintUserMessages: [FirstPersonCharacter_C_2] 2
[2016.01.15-03.24.42:964][559]LogBlueprintUserMessages: [FirstPersonCharacter_C_2] 3
[2016.01.15-03.24.49:866][ 40]LogPackageName: SearchForPackageOnDisk took   0.243s, but failed to resolve None.umap.
[2016.01.15-03.24.50:151][ 41]LogPackageName: SearchForPackageOnDisk took   0.214s, but failed to resolve None.umap.
[2016.01.15-03.24.50:151][ 41]LogNet: Browse: /Game/FirstPersonBP/Maps/Tutorial_Hub
[2016.01.15-03.24.50:158][ 41]LogNet:Warning: Travel Failure: [InvalidURL]: Invalid URL: /Game/FirstPersonBP/Maps/Tutorial_Hub
[2016.01.15-03.24.50:164][ 41]LogNet:Warning: TravelFailure: InvalidURL, Reason for Failure: 'Invalid URL: /Game/FirstPersonBP/Maps/Tutorial_Hub'. Shutting down PIE.
[2016.01.15-03.24.50:165][ 41]PIE:Warning: Warning TravelFailure: InvalidURL, Reason for Failure: 'Invalid URL: /Game/FirstPersonBP/Maps/Tutorial_Hub'. Shutting down PIE.
[2016.01.15-03.24.50:165][ 41]LogNet:Warning: Travel Failure: [ClientTravelFailure]: Invalid URL: /Game/FirstPersonBP/Maps/Tutorial_Hub
[2016.01.15-03.24.50:165][ 41]LogNet:Warning: TravelFailure: ClientTravelFailure, Reason for Failure: 'Invalid URL: /Game/FirstPersonBP/Maps/Tutorial_Hub'. Shutting down PIE.
[2016.01.15-03.24.50:165][ 41]PIE:Warning: Warning TravelFailure: ClientTravelFailure, Reason for Failure: 'Invalid URL: /Game/FirstPersonBP/Maps/Tutorial_Hub'. Shutting down PIE.
[2016.01.15-03.24.50:168][ 41]LogBlueprintUserMessages: Early EndPlayMap Detection: Level '/Game/FirstPersonBP/Maps/Level2.Level2:PersistentLevel' has LevelScriptBlueprint '/Game/FirstPersonBP/Maps/Level2.Level2:PersistentLevel.Level2' with GeneratedClass '/Game/FirstPersonBP/Maps/Level2.Level2_C' with ClassGeneratedBy '/Game/FirstPersonBP/Maps/Level2.Level2:PersistentLevel.Level2'
[2016.01.15-03.24.50:221][ 41]LogBlueprintUserMessages: Late EndPlayMap Detection: Level '/Game/FirstPersonBP/Maps/Level2.Level2:PersistentLevel' has LevelScriptBlueprint '/Game/FirstPersonBP/Maps/Level2.Level2:PersistentLevel.Level2' with GeneratedClass '/Game/FirstPersonBP/Maps/Level2.Level2_C' with ClassGeneratedBy '/Game/FirstPersonBP/Maps/Level2.Level2:PersistentLevel.Level2'
[2016.01.15-03.24.50:259][ 41]LogParticles: Destroying 0 GPU particle simulations for FXSystem 0x00000000359E5940
[2016.01.15-03.24.54:720][291]LogBlueprintUserMessages: Early PlayInEditor Detection: Level '/Game/FirstPersonBP/Maps/Level2.Level2:PersistentLevel' has LevelScriptBlueprint '/Game/FirstPersonBP/Maps/Level2.Level2:PersistentLevel.Level2' with GeneratedClass '/Game/FirstPersonBP/Maps/Level2.Level2_C' with ClassGeneratedBy '/Game/FirstPersonBP/Maps/Level2.Level2:PersistentLevel.Level2'
[2016.01.15-03.24.54:720][291]LogPlayLevel: PlayLevel: No blueprints needed recompiling
[2016.01.15-03.24.54:720][291]PIE: New page: PIE session: Level2 (Jan 14, 2016, 5:24:54 PM)
[2016.01.15-03.24.54:720][291]LogPlayLevel: Creating play world package: /Game/FirstPersonBP/Maps/UEDPIE_0_Level2
[2016.01.15-03.24.54:848][291]LogPlayLevel: PIE: StaticDuplicateObject took: (0.127901s)
[2016.01.15-03.24.54:850][291]LogAIModule: Creating AISystem for world Level2
[2016.01.15-03.24.54:850][291]LogPlayLevel: PIE: World Init took: (0.001663s)
[2016.01.15-03.24.54:850][291]LogPlayLevel: PIE: Created PIE world by copying editor world from /Game/FirstPersonBP/Maps/Level2.Level2 to /Game/FirstPersonBP/Maps/UEDPIE_0_Level2.Level2 (0.130030s)
[2016.01.15-03.24.54:892][291]LogInit: XAudio2 using 'Haut-parleurs/écouteurs (Realtek High Definition Audio)' : 2 channels at 48 kHz using 32 bits per sample (channel mask 0x3)
[2016.01.15-03.24.54:933][291]LogInit: FAudioDevice initialized.
[2016.01.15-03.24.54:975][291]LogWorld: Game class is 'FirstPersonGameMode_C'
[2016.01.15-03.24.55:060][291]LogWorld:Warning: *** WARNING - PATHS MAY NOT BE VALID ***
[2016.01.15-03.24.55:060][291]LogWorld: Bringing World /Game/FirstPersonBP/Maps/UEDPIE_0_Level2.Level2 up for play (max tick rate 0) at 2016.01.14-22.24.55
[2016.01.15-03.24.55:060][291]LogActor:Warning: GameSession /Game/FirstPersonBP/Maps/UEDPIE_0_Level2.Level2:PersistentLevel.GameSession_1 has natively added scene component(s), but none of them were set as the actor's RootComponent - picking one arbitrarily
[2016.01.15-03.24.55:060][291]LogActor:Warning: GameNetworkManager /Game/FirstPersonBP/Maps/UEDPIE_0_Level2.Level2:PersistentLevel.GameNetworkManager_1 has natively added scene component(s), but none of them were set as the actor's RootComponent - picking one arbitrarily
[2016.01.15-03.24.55:077][291]LogWorld: Bringing up level for play took: 0.099001
[2016.01.15-03.24.55:084][291]PIE: Info Play in editor start time for /Game/FirstPersonBP/Maps/UEDPIE_0_Level2 0.54
[2016.01.15-03.24.55:084][291]LogBlueprintUserMessages: Late PlayInEditor Detection: Level '/Game/FirstPersonBP/Maps/Level2.Level2:PersistentLevel' has LevelScriptBlueprint '/Game/FirstPersonBP/Maps/Level2.Level2:PersistentLevel.Level2' with GeneratedClass '/Game/FirstPersonBP/Maps/Level2.Level2_C' with ClassGeneratedBy '/Game/FirstPersonBP/Maps/Level2.Level2:PersistentLevel.Level2'
[2016.01.15-03.24.57:192][428]LogBlueprintUserMessages: [FirstPersonCharacter_C_2] 2
[2016.01.15-03.24.57:192][428]LogBlueprintUserMessages: [FirstPersonCharacter_C_2] 3
[2016.01.15-03.25.03:798][862]LogPackageName: SearchForPackageOnDisk took   0.220s, but failed to resolve None.umap.
[2016.01.15-03.25.04:045][863]LogPackageName: SearchForPackageOnDisk took   0.223s, but failed to resolve None.umap.
[2016.01.15-03.25.04:045][863]LogNet: Browse: /Game/FirstPersonBP/Maps/Tutorial_Hub
[2016.01.15-03.25.04:045][863]LogNet:Warning: Travel Failure: [InvalidURL]: Invalid URL: /Game/FirstPersonBP/Maps/Tutorial_Hub
[2016.01.15-03.25.04:045][863]LogNet:Warning: TravelFailure: InvalidURL, Reason for Failure: 'Invalid URL: /Game/FirstPersonBP/Maps/Tutorial_Hub'. Shutting down PIE.
[2016.01.15-03.25.04:045][863]PIE:Warning: Warning TravelFailure: InvalidURL, Reason for Failure: 'Invalid URL: /Game/FirstPersonBP/Maps/Tutorial_Hub'. Shutting down PIE.
[2016.01.15-03.25.04:045][863]LogNet:Warning: Travel Failure: [ClientTravelFailure]: Invalid URL: /Game/FirstPersonBP/Maps/Tutorial_Hub
[2016.01.15-03.25.04:045][863]LogNet:Warning: TravelFailure: ClientTravelFailure, Reason for Failure: 'Invalid URL: /Game/FirstPersonBP/Maps/Tutorial_Hub'. Shutting down PIE.
[2016.01.15-03.25.04:045][863]PIE:Warning: Warning TravelFailure: ClientTravelFailure, Reason for Failure: 'Invalid URL: /Game/FirstPersonBP/Maps/Tutorial_Hub'. Shutting down PIE.
[2016.01.15-03.25.04:048][863]LogBlueprintUserMessages: Early EndPlayMap Detection: Level '/Game/FirstPersonBP/Maps/Level2.Level2:PersistentLevel' has LevelScriptBlueprint '/Game/FirstPersonBP/Maps/Level2.Level2:PersistentLevel.Level2' with GeneratedClass '/Game/FirstPersonBP/Maps/Level2.Level2_C' with ClassGeneratedBy '/Game/FirstPersonBP/Maps/Level2.Level2:PersistentLevel.Level2'
[2016.01.15-03.25.04:096][863]LogBlueprintUserMessages: Late EndPlayMap Detection: Level '/Game/FirstPersonBP/Maps/Level2.Level2:PersistentLevel' has LevelScriptBlueprint '/Game/FirstPersonBP/Maps/Level2.Level2:PersistentLevel.Level2' with GeneratedClass '/Game/FirstPersonBP/Maps/Level2.Level2_C' with ClassGeneratedBy '/Game/FirstPersonBP/Maps/Level2.Level2:PersistentLevel.Level2'
[2016.01.15-03.25.04:152][863]LogParticles: Destroying 0 GPU particle simulations for FXSystem 0x000000002C3E87C0
[2016.01.15-03.25.05:854][934]LogBlueprintUserMessages: Early PlayInEditor Detection: Level '/Game/FirstPersonBP/Maps/Level2.Level2:PersistentLevel' has LevelScriptBlueprint '/Game/FirstPersonBP/Maps/Level2.Level2:PersistentLevel.Level2' with GeneratedClass '/Game/FirstPersonBP/Maps/Level2.Level2_C' with ClassGeneratedBy '/Game/FirstPersonBP/Maps/Level2.Level2:PersistentLevel.Level2'
[2016.01.15-03.25.05:854][934]LogPlayLevel: PlayLevel: No blueprints needed recompiling
[2016.01.15-03.25.05:855][934]PIE: New page: PIE session: Level2 (Jan 14, 2016, 5:25:05 PM)
[2016.01.15-03.25.05:855][934]LogPlayLevel: Creating play world package: /Game/FirstPersonBP/Maps/UEDPIE_0_Level2
[2016.01.15-03.25.05:983][934]LogPlayLevel: PIE: StaticDuplicateObject took: (0.127762s)
[2016.01.15-03.25.05:984][934]LogAIModule: Creating AISystem for world Level2
[2016.01.15-03.25.05:984][934]LogPlayLevel: PIE: World Init took: (0.001315s)
[2016.01.15-03.25.05:984][934]LogPlayLevel: PIE: Created PIE world by copying editor world from /Game/FirstPersonBP/Maps/Level2.Level2 to /Game/FirstPersonBP/Maps/UEDPIE_0_Level2.Level2 (0.129539s)
[2016.01.15-03.25.06:026][934]LogInit: XAudio2 using 'Haut-parleurs/écouteurs (Realtek High Definition Audio)' : 2 channels at 48 kHz using 32 bits per sample (channel mask 0x3)
[2016.01.15-03.25.06:066][934]LogInit: FAudioDevice initialized.
[2016.01.15-03.25.06:115][934]LogWorld: Game class is 'FirstPersonGameMode_C'
[2016.01.15-03.25.06:192][934]LogWorld:Warning: *** WARNING - PATHS MAY NOT BE VALID ***
[2016.01.15-03.25.06:192][934]LogWorld: Bringing World /Game/FirstPersonBP/Maps/UEDPIE_0_Level2.Level2 up for play (max tick rate 0) at 2016.01.14-22.25.06
[2016.01.15-03.25.06:193][934]LogActor:Warning: GameSession /Game/FirstPersonBP/Maps/UEDPIE_0_Level2.Level2:PersistentLevel.GameSession_2 has natively added scene component(s), but none of them were set as the actor's RootComponent - picking one arbitrarily
[2016.01.15-03.25.06:193][934]LogActor:Warning: GameNetworkManager /Game/FirstPersonBP/Maps/UEDPIE_0_Level2.Level2:PersistentLevel.GameNetworkManager_2 has natively added scene component(s), but none of them were set as the actor's RootComponent - picking one arbitrarily
[2016.01.15-03.25.06:208][934]LogWorld: Bringing up level for play took: 0.091113
[2016.01.15-03.25.06:215][934]PIE: Info Play in editor start time for /Game/FirstPersonBP/Maps/UEDPIE_0_Level2 -0.329
[2016.01.15-03.25.06:216][934]LogBlueprintUserMessages: Late PlayInEditor Detection: Level '/Game/FirstPersonBP/Maps/Level2.Level2:PersistentLevel' has LevelScriptBlueprint '/Game/FirstPersonBP/Maps/Level2.Level2:PersistentLevel.Level2' with GeneratedClass '/Game/FirstPersonBP/Maps/Level2.Level2_C' with ClassGeneratedBy '/Game/FirstPersonBP/Maps/Level2.Level2:PersistentLevel.Level2'
[2016.01.15-03.25.18:872][801]LogBlueprintUserMessages: [BP_Wall6] OnTOUCH
[2016.01.15-03.25.18:872][801]LogBlueprintUserMessages: [BP_Wall6] NoTouch
[2016.01.15-03.25.18:888][802]LogBlueprintUserMessages: [BP_Wall6] OnTOUCH
[2016.01.15-03.25.18:906][803]LogBlueprintUserMessages: [BP_Wall6] NoTouch
[2016.01.15-03.25.20:219][878]LogPackageName: SearchForPackageOnDisk took   0.215s to resolve Level2.umap.
[2016.01.15-03.25.20:447][879]LogPackageName: SearchForPackageOnDisk took   0.215s to resolve Level2.umap.
[2016.01.15-03.25.20:447][879]LogNet: Browse: /Game/FirstPersonBP/Maps/Level2
[2016.01.15-03.25.20:488][879]LogLoad: LoadMap: /Game/FirstPersonBP/Maps/Level2
[2016.01.15-03.25.20:586][879]LogParticles: Destroying 0 GPU particle simulations for FXSystem 0x000000002C4C4FE0
[2016.01.15-03.25.20:586][879]Cmd: MEM
[2016.01.15-03.25.20:619][879]LogMemory: Platform Memory Stats for Windows
[2016.01.15-03.25.20:619][879]LogMemory: Process Physical Memory: 853.63 MB used, 853.63 MB peak
[2016.01.15-03.25.20:619][879]LogMemory: Process Virtual Memory: 1151.26 MB used, 1151.26 MB peak
[2016.01.15-03.25.20:619][879]LogMemory: Physical Memory: 3939.47 MB used, 6091.86 MB total
[2016.01.15-03.25.20:619][879]LogMemory: Virtual Memory: 1786.57 MB used, 8388608.00 MB total
[2016.01.15-03.25.20:619][879]LogMemory: 
[2016.01.15-03.25.20:619][879]Allocator Stats for TBB: (not implemented)
[2016.01.15-03.25.20:635][879]LogPlayLevel: Creating play world package: /Game/FirstPersonBP/Maps/UEDPIE_0_Level2
[2016.01.15-03.25.20:762][879]LogPlayLevel: PIE: StaticDuplicateObject took: (0.126638s)
[2016.01.15-03.25.20:763][879]LogAIModule: Creating AISystem for world Level2
[2016.01.15-03.25.20:763][879]LogPlayLevel: PIE: World Init took: (0.001328s)
[2016.01.15-03.25.20:764][879]LogPlayLevel: PIE: Created PIE world by copying editor world from /Game/FirstPersonBP/Maps/Level2.Level2 to /Game/FirstPersonBP/Maps/UEDPIE_0_Level2.Level2 (0.128474s)
[2016.01.15-03.25.20:764][879]LogWorld: Game class is 'FirstPersonGameMode_C'
[2016.01.15-03.25.20:844][879]LogWorld:Warning: *** WARNING - PATHS MAY NOT BE VALID ***
[2016.01.15-03.25.20:844][879]LogWorld: Bringing World /Game/FirstPersonBP/Maps/UEDPIE_0_Level2.Level2 up for play (max tick rate 0) at 2016.01.14-22.25.20
[2016.01.15-03.25.20:844][879]LogActor:Warning: GameSession /Game/FirstPersonBP/Maps/UEDPIE_0_Level2.Level2:PersistentLevel.GameSession_3 has natively added scene component(s), but none of them were set as the actor's RootComponent - picking one arbitrarily
[2016.01.15-03.25.20:845][879]LogActor:Warning: GameNetworkManager /Game/FirstPersonBP/Maps/UEDPIE_0_Level2.Level2:PersistentLevel.GameNetworkManager_3 has natively added scene component(s), but none of them were set as the actor's RootComponent - picking one arbitrarily
[2016.01.15-03.25.20:860][879]LogWorld: Bringing up level for play took: 0.094005
[2016.01.15-03.25.28:845][431]LogPackageName: SearchForPackageOnDisk took   0.224s, but failed to resolve None.umap.
[2016.01.15-03.25.29:078][432]LogPackageName: SearchForPackageOnDisk took   0.220s, but failed to resolve None.umap.
[2016.01.15-03.25.29:079][432]LogNet: Browse: /Game/FirstPersonBP/Maps/Tutorial_Hub
[2016.01.15-03.25.29:079][432]LogNet:Warning: Travel Failure: [InvalidURL]: Invalid URL: /Game/FirstPersonBP/Maps/Tutorial_Hub
[2016.01.15-03.25.29:079][432]LogNet:Warning: TravelFailure: InvalidURL, Reason for Failure: 'Invalid URL: /Game/FirstPersonBP/Maps/Tutorial_Hub'. Shutting down PIE.
[2016.01.15-03.25.29:079][432]PIE:Warning: Warning TravelFailure: InvalidURL, Reason for Failure: 'Invalid URL: /Game/FirstPersonBP/Maps/Tutorial_Hub'. Shutting down PIE.
[2016.01.15-03.25.29:079][432]LogNet:Warning: Travel Failure: [ClientTravelFailure]: Invalid URL: /Game/FirstPersonBP/Maps/Tutorial_Hub
[2016.01.15-03.25.29:079][432]LogNet:Warning: TravelFailure: ClientTravelFailure, Reason for Failure: 'Invalid URL: /Game/FirstPersonBP/Maps/Tutorial_Hub'. Shutting down PIE.
[2016.01.15-03.25.29:079][432]PIE:Warning: Warning TravelFailure: ClientTravelFailure, Reason for Failure: 'Invalid URL: /Game/FirstPersonBP/Maps/Tutorial_Hub'. Shutting down PIE.
[2016.01.15-03.25.29:082][432]LogBlueprintUserMessages: Early EndPlayMap Detection: Level '/Game/FirstPersonBP/Maps/Level2.Level2:PersistentLevel' has LevelScriptBlueprint '/Game/FirstPersonBP/Maps/Level2.Level2:PersistentLevel.Level2' with GeneratedClass '/Game/FirstPersonBP/Maps/Level2.Level2_C' with ClassGeneratedBy '/Game/FirstPersonBP/Maps/Level2.Level2:PersistentLevel.Level2'
[2016.01.15-03.25.29:125][432]LogBlueprintUserMessages: Late EndPlayMap Detection: Level '/Game/FirstPersonBP/Maps/Level2.Level2:PersistentLevel' has LevelScriptBlueprint '/Game/FirstPersonBP/Maps/Level2.Level2:PersistentLevel.Level2' with GeneratedClass '/Game/FirstPersonBP/Maps/Level2.Level2_C' with ClassGeneratedBy '/Game/FirstPersonBP/Maps/Level2.Level2:PersistentLevel.Level2'
[2016.01.15-03.25.29:182][432]LogParticles: Destroying 0 GPU particle simulations for FXSystem 0x000000002C646340
[2016.01.15-03.26.09:410][915]LogBlueprintUserMessages: Early PlayInEditor Detection: Level '/Game/FirstPersonBP/Maps/Level2.Level2:PersistentLevel' has LevelScriptBlueprint '/Game/FirstPersonBP/Maps/Level2.Level2:PersistentLevel.Level2' with GeneratedClass '/Game/FirstPersonBP/Maps/Level2.Level2_C' with ClassGeneratedBy '/Game/FirstPersonBP/Maps/Level2.Level2:PersistentLevel.Level2'
[2016.01.15-03.26.09:410][915]LogPlayLevel: PlayLevel: No blueprints needed recompiling
[2016.01.15-03.26.09:410][915]PIE: New page: PIE session: Level2 (Jan 14, 2016, 5:26:09 PM)
[2016.01.15-03.26.09:410][915]LogPlayLevel: Creating play world package: /Game/FirstPersonBP/Maps/UEDPIE_0_Level2
[2016.01.15-03.26.09:475][915]LogPlayLevel: PIE: StaticDuplicateObject took: (0.064624s)
[2016.01.15-03.26.09:475][915]LogAIModule: Creating AISystem for world Level2
[2016.01.15-03.26.09:476][915]LogPlayLevel: PIE: World Init took: (0.001023s)
[2016.01.15-03.26.09:476][915]LogPlayLevel: PIE: Created PIE world by copying editor world from /Game/FirstPersonBP/Maps/Level2.Level2 to /Game/FirstPersonBP/Maps/UEDPIE_0_Level2.Level2 (0.065942s)
[2016.01.15-03.26.09:501][915]LogInit: XAudio2 using 'Haut-parleurs/écouteurs (Realtek High Definition Audio)' : 2 channels at 48 kHz using 32 bits per sample (channel mask 0x3)
[2016.01.15-03.26.09:523][915]LogInit: FAudioDevice initialized.
[2016.01.15-03.26.09:558][915]LogWorld: Game class is 'FirstPersonGameMode_C'
[2016.01.15-03.26.09:600][915]LogWorld:Warning: *** WARNING - PATHS MAY NOT BE VALID ***
[2016.01.15-03.26.09:600][915]LogWorld: Bringing World /Game/FirstPersonBP/Maps/UEDPIE_0_Level2.Level2 up for play (max tick rate 0) at 2016.01.14-22.26.09
[2016.01.15-03.26.09:600][915]LogActor:Warning: GameSession /Game/FirstPersonBP/Maps/UEDPIE_0_Level2.Level2:PersistentLevel.GameSession_4 has natively added scene component(s), but none of them were set as the actor's RootComponent - picking one arbitrarily
[2016.01.15-03.26.09:601][915]LogActor:Warning: GameNetworkManager /Game/FirstPersonBP/Maps/UEDPIE_0_Level2.Level2:PersistentLevel.GameNetworkManager_4 has natively added scene component(s), but none of them were set as the actor's RootComponent - picking one arbitrarily
[2016.01.15-03.26.09:609][915]LogWorld: Bringing up level for play took: 0.049259
[2016.01.15-03.26.09:612][915]PIE: Info Play in editor start time for /Game/FirstPersonBP/Maps/UEDPIE_0_Level2 1.066
[2016.01.15-03.26.09:613][915]LogBlueprintUserMessages: Late PlayInEditor Detection: Level '/Game/FirstPersonBP/Maps/Level2.Level2:PersistentLevel' has LevelScriptBlueprint '/Game/FirstPersonBP/Maps/Level2.Level2:PersistentLevel.Level2' with GeneratedClass '/Game/FirstPersonBP/Maps/Level2.Level2_C' with ClassGeneratedBy '/Game/FirstPersonBP/Maps/Level2.Level2:PersistentLevel.Level2'
[2016.01.15-03.26.10:288][972]LogBlueprintUserMessages: [FirstPersonCharacter_C_2] 2
[2016.01.15-03.26.10:288][972]LogBlueprintUserMessages: [FirstPersonCharacter_C_2] 3
[2016.01.15-03.26.16:548][477]LogPackageName: SearchForPackageOnDisk took   0.209s, but failed to resolve None.umap.
[2016.01.15-03.26.16:676][478]LogPackageName: SearchForPackageOnDisk took   0.119s, but failed to resolve None.umap.
[2016.01.15-03.26.16:676][478]LogNet: Browse: /Game/FirstPersonBP/Maps/Tutorial_Hub
[2016.01.15-03.26.16:676][478]LogNet:Warning: Travel Failure: [InvalidURL]: Invalid URL: /Game/FirstPersonBP/Maps/Tutorial_Hub
[2016.01.15-03.26.16:676][478]LogNet:Warning: TravelFailure: InvalidURL, Reason for Failure: 'Invalid URL: /Game/FirstPersonBP/Maps/Tutorial_Hub'. Shutting down PIE.
[2016.01.15-03.26.16:676][478]PIE:Warning: Warning TravelFailure: InvalidURL, Reason for Failure: 'Invalid URL: /Game/FirstPersonBP/Maps/Tutorial_Hub'. Shutting down PIE.
[2016.01.15-03.26.16:676][478]LogNet:Warning: Travel Failure: [ClientTravelFailure]: Invalid URL: /Game/FirstPersonBP/Maps/Tutorial_Hub
[2016.01.15-03.26.16:676][478]LogNet:Warning: TravelFailure: ClientTravelFailure, Reason for Failure: 'Invalid URL: /Game/FirstPersonBP/Maps/Tutorial_Hub'. Shutting down PIE.
[2016.01.15-03.26.16:676][478]PIE:Warning: Warning TravelFailure: ClientTravelFailure, Reason for Failure: 'Invalid URL: /Game/FirstPersonBP/Maps/Tutorial_Hub'. Shutting down PIE.
[2016.01.15-03.26.16:678][478]LogBlueprintUserMessages: Early EndPlayMap Detection: Level '/Game/FirstPersonBP/Maps/Level2.Level2:PersistentLevel' has LevelScriptBlueprint '/Game/FirstPersonBP/Maps/Level2.Level2:PersistentLevel.Level2' with GeneratedClass '/Game/FirstPersonBP/Maps/Level2.Level2_C' with ClassGeneratedBy '/Game/FirstPersonBP/Maps/Level2.Level2:PersistentLevel.Level2'
[2016.01.15-03.26.16:714][478]LogBlueprintUserMessages: Late EndPlayMap Detection: Level '/Game/FirstPersonBP/Maps/Level2.Level2:PersistentLevel' has LevelScriptBlueprint '/Game/FirstPersonBP/Maps/Level2.Level2:PersistentLevel.Level2' with GeneratedClass '/Game/FirstPersonBP/Maps/Level2.Level2_C' with ClassGeneratedBy '/Game/FirstPersonBP/Maps/Level2.Level2:PersistentLevel.Level2'
[2016.01.15-03.26.16:746][478]LogParticles: Destroying 0 GPU particle simulations for FXSystem 0x000000002C1C79C0
[2016.01.15-03.26.57:102][292]LogLinker:Warning: Asset '../../../Engine/Content/ArtTools/RenderToTexture/Macros/RenderToTextureMacros.uasset' has been saved with empty engine version. The asset will be loaded but may be incompatible.
[2016.01.15-03.26.58:581][292]LogContentBrowser: Native class hierarchy updated for 'BlueprintGraph' in 0.0018 seconds. Added 107 classes and 0 folders.
[2016.01.15-03.30.50:920][930]LogParticles: Destroying 0 GPU particle simulations for FXSystem 0x00000000107AC400
[2016.01.15-03.30.51:222][931]Cmd: QUIT_EDITOR
[2016.01.15-03.30.51:610][931]LogExit: Preparing to exit.
[2016.01.15-03.30.52:125][931]LogExit: Editor shut down
[2016.01.15-03.30.52:125][931]LogExit: Transaction tracking system shut down
[2016.01.15-03.30.52:136][931]LogParticles: Destroying 0 GPU particle simulations for FXSystem 0x00000000358F3880
[2016.01.15-03.30.52:136][931]LogParticles: Destroying 0 GPU particle simulations for FXSystem 0x00000000358BF9C0
[2016.01.15-03.30.52:138][931]LogParticles: Destroying 0 GPU particle simulations for FXSystem 0x000000002CBCE160
[2016.01.15-03.30.52:379][931]LogParticles: Destroying 0 GPU particle simulations for FXSystem 0x0000000012B874C0
[2016.01.15-03.30.52:379][931]LogExit: Object subsystem successfully closed.
[2016.01.15-03.30.52:397][931]LogD3D11RHI: Shutdown
[2016.01.15-03.30.52:397][931]LogD3D11RHI: CleanupD3DDevice
[2016.01.15-03.30.52:501][931]LogD3D11RHI: ~FD3D11DynamicRHI
[2016.01.15-03.30.52:536][931]LogModuleManager: Shutting down and abandoning module BlueprintGraph (199)
[2016.01.15-03.30.52:536][931]LogModuleManager: Shutting down and abandoning module ExternalImagePicker (198)
[2016.01.15-03.30.52:536][931]LogModuleManager: Shutting down and abandoning module CrashTracker (197)
[2016.01.15-03.30.52:536][931]LogModuleManager: Shutting down and abandoning module SceneOutliner (196)
[2016.01.15-03.30.52:536][931]LogModuleManager: Shutting down and abandoning module SuperSearch (195)
[2016.01.15-03.30.52:536][931]LogModuleManager: Shutting down and abandoning module WidgetCarousel (194)
[2016.01.15-03.30.52:536][931]LogModuleManager: Shutting down and abandoning module AddContentDialog (193)
[2016.01.15-03.30.52:537][931]LogModuleManager: Shutting down and abandoning module EditorWidgets (192)
[2016.01.15-03.30.52:537][931]LogModuleManager: Shutting down and abandoning module CollectionManager (191)
[2016.01.15-03.30.52:537][931]LogModuleManager: Shutting down and abandoning module StatsViewer (190)
[2016.01.15-03.30.52:537][931]LogModuleManager: Shutting down and abandoning module FoliageEdit (189)
[2016.01.15-03.30.52:537][931]LogModuleManager: Shutting down and abandoning module LandscapeEditor (188)
[2016.01.15-03.30.52:538][931]LogModuleManager: Shutting down and abandoning module ActorPickerMode (187)
[2016.01.15-03.30.52:538][931]LogModuleManager: Shutting down and abandoning module GeometryMode (186)
[2016.01.15-03.30.52:538][931]LogModuleManager: Shutting down and abandoning module TextureAlignMode (185)
[2016.01.15-03.30.52:538][931]LogModuleManager: Shutting down and abandoning module BspMode (184)
[2016.01.15-03.30.52:538][931]LogModuleManager: Shutting down and abandoning module PlacementMode (183)
[2016.01.15-03.30.52:538][931]LogModuleManager: Shutting down and abandoning module AutomationWorker (182)
[2016.01.15-03.30.52:538][931]LogModuleManager: Shutting down and abandoning module CharacterAI (181)
[2016.01.15-03.30.52:538][931]LogModuleManager: Shutting down and abandoning module SmartSnapping (180)
[2016.01.15-03.30.52:538][931]LogModuleManager: Shutting down and abandoning module ViewportSnapping (179)
[2016.01.15-03.30.52:538][931]LogModuleManager: Shutting down and abandoning module LogVisualizer (178)
[2016.01.15-03.30.52:538][931]LogModuleManager: Shutting down and abandoning module GameProjectGeneration (177)
[2016.01.15-03.30.52:538][931]LogModuleManager: Shutting down and abandoning module IntroTutorials (176)
[2016.01.15-03.30.52:538][931]LogModuleManager: Shutting down and abandoning module EditorLiveStreaming (175)
[2016.01.15-03.30.52:538][931]LogModuleManager: Shutting down and abandoning module IOSPlatformEditor (174)
[2016.01.15-03.30.52:538][931]LogModuleManager: Shutting down and abandoning module HTML5PlatformEditor (173)
[2016.01.15-03.30.52:538][931]LogModuleManager: Shutting down and abandoning module AndroidDeviceDetection (172)
[2016.01.15-03.30.53:481][931]LogModuleManager: Shutting down and abandoning module AndroidPlatformEditor (171)
[2016.01.15-03.30.53:481][931]LogModuleManager: Shutting down and abandoning module IOSRuntimeSettings (170)
[2016.01.15-03.30.53:481][931]LogModuleManager: Shutting down and abandoning module AndroidRuntimeSettings (169)
[2016.01.15-03.30.53:481][931]LogModuleManager: Shutting down and abandoning module MergeActors (168)
[2016.01.15-03.30.53:481][931]LogModuleManager: Shutting down and abandoning module SizeMap (167)
[2016.01.15-03.30.53:481][931]LogModuleManager: Shutting down and abandoning module TreeMap (166)
[2016.01.15-03.30.53:481][931]LogModuleManager: Shutting down and abandoning module ReferenceViewer (165)
[2016.01.15-03.30.53:481][931]LogModuleManager: Shutting down and abandoning module LocalizationService (164)
[2016.01.15-03.30.53:481][931]LogModuleManager: Shutting down and abandoning module LocalizationDashboard (163)
[2016.01.15-03.30.53:481][931]LogModuleManager: Shutting down and abandoning module HardwareTargeting (162)
[2016.01.15-03.30.53:482][931]LogModuleManager: Shutting down and abandoning module DeviceProfileEditor (161)
[2016.01.15-03.30.53:482][931]LogModuleManager: Shutting down and abandoning module UndoHistory (160)
[2016.01.15-03.30.53:482][931]LogModuleManager: Shutting down and abandoning module GameplayTagsEditor (159)
[2016.01.15-03.30.53:482][931]LogModuleManager: Shutting down and abandoning module UserFeedback (158)
[2016.01.15-03.30.53:482][931]LogModuleManager: Shutting down and abandoning module XmlParser (157)
[2016.01.15-03.30.53:482][931]LogModuleManager: Shutting down and abandoning module Blutility (156)
[2016.01.15-03.30.53:482][931]LogModuleManager: Shutting down and abandoning module ProjectTargetPlatformEditor (155)
[2016.01.15-03.30.53:482][931]LogModuleManager: Shutting down and abandoning module ProjectSettingsViewer (154)
[2016.01.15-03.30.53:482][931]LogModuleManager: Shutting down and abandoning module InputBindingEditor (153)
[2016.01.15-03.30.53:482][931]LogModuleManager: Shutting down and abandoning module EditorSettingsViewer (152)
[2016.01.15-03.30.53:482][931]LogModuleManager: Shutting down and abandoning module SettingsEditor (151)
[2016.01.15-03.30.53:482][931]LogModuleManager: Shutting down and abandoning module ProjectLauncher (150)
[2016.01.15-03.30.53:483][931]LogModuleManager: Shutting down and abandoning module SessionFrontend (149)
[2016.01.15-03.30.53:483][931]LogModuleManager: Shutting down and abandoning module ProfilerClient (148)
[2016.01.15-03.30.53:483][931]LogModuleManager: Shutting down and abandoning module TargetDeviceServices (147)
[2016.01.15-03.30.53:483][931]LogModuleManager: Shutting down and abandoning module DeviceManager (146)
[2016.01.15-03.30.53:483][931]LogModuleManager: Shutting down and abandoning module AutomationController (145)
[2016.01.15-03.30.53:483][931]LogModuleManager: Shutting down and abandoning module AutomationWindow (144)
[2016.01.15-03.30.53:483][931]LogModuleManager: Shutting down and abandoning module Layers (143)
[2016.01.15-03.30.53:483][931]LogModuleManager: Shutting down and abandoning module ComponentVisualizers (142)
[2016.01.15-03.30.53:483][931]LogModuleManager: Shutting down and abandoning module DetailCustomizations (141)
[2016.01.15-03.30.53:483][931]LogModuleManager: Shutting down and abandoning module PackagesDialog (140)
[2016.01.15-03.30.53:483][931]LogModuleManager: Shutting down and abandoning module Persona (139)
[2016.01.15-03.30.53:483][931]LogModuleManager: Shutting down and abandoning module Kismet (138)
[2016.01.15-03.30.53:483][931]LogModuleManager: Shutting down and abandoning module GraphEditor (137)
[2016.01.15-03.30.53:484][931]LogModuleManager: Shutting down and abandoning module ClassViewer (136)
[2016.01.15-03.30.53:484][931]LogModuleManager: Shutting down and abandoning module Toolbox (135)
[2016.01.15-03.30.53:484][931]LogModuleManager: Shutting down and abandoning module ModuleUI (134)
[2016.01.15-03.30.53:484][931]LogModuleManager: Shutting down and abandoning module MovieSceneTools (133)
[2016.01.15-03.30.53:484][931]LogModuleManager: Shutting down and abandoning module OutputLog (132)
[2016.01.15-03.30.53:484][931]LogModuleManager: Shutting down and abandoning module GammaUI (131)
[2016.01.15-03.30.53:484][931]LogModuleManager: Shutting down and abandoning module Documentation (130)
[2016.01.15-03.30.53:484][931]LogModuleManager: Shutting down and abandoning module GameLiveStreaming (129)
[2016.01.15-03.30.53:484][931]LogModuleManager: Shutting down and abandoning module StreamingPauseRendering (128)
[2016.01.15-03.30.53:484][931]LogModuleManager: Shutting down and abandoning module AnalyticsET (127)
[2016.01.15-03.30.53:484][931]LogModuleManager: Shutting down and abandoning module Analytics (126)
[2016.01.15-03.30.53:484][931]LogModuleManager: Shutting down and abandoning module AITestSuite (125)
[2016.01.15-03.30.53:484][931]LogModuleManager: Shutting down and abandoning module GameplayDebugger (124)
[2016.01.15-03.30.53:484][931]LogModuleManager: Shutting down and abandoning module AIModule (123)
[2016.01.15-03.30.53:484][931]LogModuleManager: Shutting down and abandoning module ProfilerService (122)
[2016.01.15-03.30.53:641][931]LogModuleManager: Shutting down and abandoning module TaskGraph (121)
[2016.01.15-03.30.53:641][931]LogModuleManager: Shutting down and abandoning module SlateRemote (120)
[2016.01.15-03.30.53:641][931]LogModuleManager: Shutting down and abandoning module SteamVRController (119)
[2016.01.15-03.30.53:641][931]LogModuleManager: Shutting down and abandoning module SteamVR (118)
[2016.01.15-03.30.53:641][931]LogModuleManager: Shutting down and abandoning module ProceduralMeshComponent (117)
[2016.01.15-03.30.53:641][931]LogModuleManager: Shutting down and abandoning module OculusRift (116)
[2016.01.15-03.30.53:641][931]LogModuleManager: Shutting down and abandoning module OculusLibrary (115)
[2016.01.15-03.30.53:641][931]LogModuleManager: Shutting down and abandoning module LeapMotionController (114)
[2016.01.15-03.30.53:679][931]LogModuleManager: Shutting down and abandoning module CustomMeshComponent (113)
[2016.01.15-03.30.53:679][931]LogModuleManager: Shutting down and abandoning module CableComponent (112)
[2016.01.15-03.30.53:679][931]LogModuleManager: Shutting down and abandoning module ArchVisCharacter (111)
[2016.01.15-03.30.53:679][931]LogModuleManager: Shutting down and abandoning module MessagingDebugger (110)
[2016.01.15-03.30.53:679][931]LogModuleManager: Shutting down and abandoning module MediaPlayerEditor (109)
[2016.01.15-03.30.53:679][931]LogModuleManager: Shutting down and abandoning module HTML5Networking (108)
[2016.01.15-03.30.53:679][931]LogModuleManager: Shutting down and abandoning module SpeedTreeImporter (107)
[2016.01.15-03.30.53:679][931]LogModuleManager: Shutting down and abandoning module PluginBrowser (106)
[2016.01.15-03.30.53:679][931]LogModuleManager: Shutting down and abandoning module EpicSurvey (105)
[2016.01.15-03.30.53:679][931]LogModuleManager: Shutting down and abandoning module DesktopPlatform (104)
[2016.01.15-03.30.53:679][931]LogModuleManager: Shutting down and abandoning module VisualStudioSourceCodeAccess (103)
[2016.01.15-03.30.53:680][931]LogModuleManager: Shutting down and abandoning module UObjectPlugin (102)
[2016.01.15-03.30.53:680][931]LogModuleManager: Shutting down and abandoning module SubversionSourceControl (101)
[2016.01.15-03.30.53:680][931]LogModuleManager: Shutting down and abandoning module PerforceSourceControl (100)
[2016.01.15-03.30.53:680][931]LogModuleManager: Shutting down and abandoning module SourceControl (99)
[2016.01.15-03.30.53:680][931]LogModuleManager: Shutting down and abandoning module GitSourceControl (98)
[2016.01.15-03.30.53:680][931]LogModuleManager: Shutting down and abandoning module LightPropagationVolumeEditor (97)
[2016.01.15-03.30.53:680][931]LogModuleManager: Shutting down and abandoning module PaperTiledImporter (96)
[2016.01.15-03.30.53:680][931]LogModuleManager: Shutting down and abandoning module PaperSpriteSheetImporter (95)
[2016.01.15-03.30.53:680][931]LogModuleManager: Shutting down and abandoning module MeshPaint (94)
[2016.01.15-03.30.53:680][931]LogModuleManager: Shutting down and abandoning module SlateReflector (93)
[2016.01.15-03.30.53:680][931]LogModuleManager: Shutting down and abandoning module HotReload (92)
[2016.01.15-03.30.53:680][931]LogModuleManager: Shutting down and abandoning module MainFrame (91)
[2016.01.15-03.30.53:680][931]LogModuleManager: Shutting down and abandoning module LevelEditor (90)
[2016.01.15-03.30.53:682][931]LogModuleManager: Shutting down and abandoning module DirectoryWatcher (89)
[2016.01.15-03.30.53:684][931]LogModuleManager: Shutting down and abandoning module AssetRegistry (88)
[2016.01.15-03.30.53:847][931]LogModuleManager: Shutting down and abandoning module ContentBrowser (87)
[2016.01.15-03.30.53:848][931]LogModuleManager: Shutting down and abandoning module Paper2DEditor (86)
[2016.01.15-03.30.53:848][931]LogModuleManager: Shutting down and abandoning module UdpMessaging (85)
[2016.01.15-03.30.53:948][931]LogModuleManager: Shutting down and abandoning module LightPropagationVolumeRuntime (84)
[2016.01.15-03.30.53:948][931]LogModuleManager: Shutting down and abandoning module Paper2D (83)
[2016.01.15-03.30.53:948][931]LogModuleManager: Shutting down and abandoning module WindowsMoviePlayer (82)
[2016.01.15-03.30.53:953][931]LogModuleManager: Shutting down and abandoning module Media (81)
[2016.01.15-03.30.53:953][931]LogModuleManager: Shutting down and abandoning module WmfMedia (80)
[2016.01.15-03.30.53:953][931]LogModuleManager: Shutting down and abandoning module OnlineBlueprintSupport (79)
[2016.01.15-03.30.53:953][931]LogModuleManager: Shutting down and abandoning module GameplayTasksEditor (78)
[2016.01.15-03.30.53:953][931]LogModuleManager: Shutting down and abandoning module PropertyEditor (77)
[2016.01.15-03.30.53:953][931]LogModuleManager: Shutting down and abandoning module BehaviorTreeEditor (76)
[2016.01.15-03.30.53:953][931]LogModuleManager: Shutting down and abandoning module FunctionalTesting (75)
[2016.01.15-03.30.53:953][931]LogModuleManager: Shutting down and abandoning module CollisionAnalyzer (74)
[2016.01.15-03.30.53:953][931]LogModuleManager: Shutting down and abandoning module WorkspaceMenuStructure (73)
[2016.01.15-03.30.53:953][931]LogModuleManager: Shutting down and abandoning module MessageLog (72)
[2016.01.15-03.30.53:953][931]LogModuleManager: Shutting down and abandoning module Sequencer (71)
[2016.01.15-03.30.53:953][931]LogModuleManager: Shutting down and abandoning module AssetTools (70)
[2016.01.15-03.30.53:953][931]LogModuleManager: Shutting down and abandoning module UMGEditor (69)
[2016.01.15-03.30.53:954][931]LogModuleManager: Shutting down and abandoning module UMG (68)
[2016.01.15-03.30.53:954][931]LogModuleManager: Shutting down and abandoning module Slate (67)
[2016.01.15-03.30.53:954][931]LogModuleManager: Shutting down and abandoning module EditorStyle (66)
[2016.01.15-03.30.53:958][931]LogModuleManager: Shutting down and abandoning module SessionServices (65)
[2016.01.15-03.30.53:958][931]LogModuleManager: Shutting down and abandoning module SourceCodeAccess (64)
[2016.01.15-03.30.53:958][931]LogModuleManager: Shutting down and abandoning module HeadMountedDisplay (63)
[2016.01.15-03.30.53:958][931]LogModuleManager: Shutting down and abandoning module XAudio2 (62)
[2016.01.15-03.30.53:958][931]LogModuleManager: Shutting down and abandoning module Networking (60)
[2016.01.15-03.30.53:958][931]LogModuleManager: Shutting down and abandoning module Core (59)
[2016.01.15-03.30.53:958][931]LogModuleManager: Shutting down and abandoning module KismetCompiler (58)
[2016.01.15-03.30.53:958][931]LogModuleManager: Shutting down and abandoning module PhysXFormats (57)
[2016.01.15-03.30.53:958][931]LogModuleManager: Shutting down and abandoning module MeshUtilities (56)
[2016.01.15-03.30.53:958][931]LogModuleManager: Shutting down and abandoning module CookingStats (55)
[2016.01.15-03.30.53:960][931]LogModuleManager: Shutting down and abandoning module DerivedDataCache (54)
[2016.01.15-03.30.54:031][931]LogDerivedDataCache: Shutdown
[2016.01.15-03.30.54:031][931]LogModuleManager: Shutting down and abandoning module ShaderFormatOpenGL (53)
[2016.01.15-03.30.54:031][931]LogModuleManager: Shutting down and abandoning module ShaderFormatD3D (52)
[2016.01.15-03.30.54:031][931]LogModuleManager: Shutting down and abandoning module MetalShaderFormat (51)
[2016.01.15-03.30.54:031][931]LogModuleManager: Shutting down and abandoning module TextureFormatUncompressed (50)
[2016.01.15-03.30.54:031][931]LogModuleManager: Shutting down and abandoning module TextureFormatPVR (49)
[2016.01.15-03.30.54:031][931]LogModuleManager: Shutting down and abandoning module TextureFormatIntelISPCTexComp (48)
[2016.01.15-03.30.54:032][931]LogModuleManager: Shutting down and abandoning module TextureFormatDXT (47)
[2016.01.15-03.30.54:032][931]LogModuleManager: Shutting down and abandoning module ImageWrapper (46)
[2016.01.15-03.30.54:032][931]LogModuleManager: Shutting down and abandoning module TextureFormatASTC (45)
[2016.01.15-03.30.54:032][931]LogModuleManager: Shutting down and abandoning module TextureFormatAndroid (44)
[2016.01.15-03.30.54:032][931]LogModuleManager: Shutting down and abandoning module AudioFormatOpus (43)
[2016.01.15-03.30.54:032][931]LogModuleManager: Shutting down and abandoning module AudioFormatOgg (42)
[2016.01.15-03.30.54:032][931]LogModuleManager: Shutting down and abandoning module AudioFormatADPCM (41)
[2016.01.15-03.30.54:032][931]LogModuleManager: Shutting down and abandoning module LinuxTargetPlatform (40)
[2016.01.15-03.30.54:032][931]LogModuleManager: Shutting down and abandoning module LinuxServerTargetPlatform (39)
[2016.01.15-03.30.54:032][931]LogModuleManager: Shutting down and abandoning module LinuxNoEditorTargetPlatform (38)
[2016.01.15-03.30.54:032][931]LogModuleManager: Shutting down and abandoning module Messaging (37)
[2016.01.15-03.30.54:032][931]LogModuleManager: Shutting down and abandoning module IOSTargetPlatform (36)
[2016.01.15-03.30.54:032][931]LogModuleManager: Shutting down and abandoning module HTML5TargetPlatform (35)
[2016.01.15-03.30.54:032][931]LogModuleManager: Shutting down and abandoning module Android_PVRTCTargetPlatform (34)
[2016.01.15-03.30.54:032][931]LogModuleManager: Shutting down and abandoning module Android_ETC2TargetPlatform (33)
[2016.01.15-03.30.54:032][931]LogModuleManager: Shutting down and abandoning module Android_ETC1TargetPlatform (32)
[2016.01.15-03.30.54:032][931]LogModuleManager: Shutting down and abandoning module Android_DXTTargetPlatform (31)
[2016.01.15-03.30.54:032][931]LogModuleManager: Shutting down and abandoning module Android_ATCTargetPlatform (30)
[2016.01.15-03.30.54:032][931]LogModuleManager: Shutting down and abandoning module Android_ASTCTargetPlatform (29)
[2016.01.15-03.30.54:032][931]LogModuleManager: Shutting down and abandoning module AndroidTargetPlatform (28)
[2016.01.15-03.30.54:033][931]LogModuleManager: Shutting down and abandoning module WindowsTargetPlatform (27)
[2016.01.15-03.30.54:033][931]LogModuleManager: Shutting down and abandoning module WindowsServerTargetPlatform (26)
[2016.01.15-03.30.54:033][931]LogModuleManager: Shutting down and abandoning module WindowsNoEditorTargetPlatform (25)
[2016.01.15-03.30.54:033][931]LogModuleManager: Shutting down and abandoning module WindowsClientTargetPlatform (24)
[2016.01.15-03.30.54:033][931]LogModuleManager: Shutting down and abandoning module AllDesktopTargetPlatform (23)
[2016.01.15-03.30.54:033][931]LogModuleManager: Shutting down and abandoning module TargetPlatform (22)
[2016.01.15-03.30.54:033][931]LogModuleManager: Shutting down and abandoning module InputCore (21)
[2016.01.15-03.30.54:033][931]LogModuleManager: Shutting down and abandoning module Settings (20)
[2016.01.15-03.30.54:033][931]LogModuleManager: Shutting down and abandoning module OnlineSubsystem (18)
[2016.01.15-03.30.54:033][931]LogModuleManager: Shutting down and abandoning module HTTP (17)
[2016.01.15-03.30.56:034][931]LogModuleManager: Shutting down and abandoning module XMPP (16)
[2016.01.15-03.30.56:034][931]LogModuleManager: Shutting down and abandoning module ExampleDeviceProfileSelector (15)
[2016.01.15-03.30.56:034][931]LogModuleManager: Shutting down and abandoning module TextureCompressor (14)
[2016.01.15-03.30.56:034][931]LogModuleManager: Shutting down and abandoning module ShaderCore (13)
[2016.01.15-03.30.56:034][931]LogModuleManager: Shutting down and abandoning module Landscape (12)
[2016.01.15-03.30.56:034][931]LogModuleManager: Shutting down and abandoning module SlateRHIRenderer (11)
[2016.01.15-03.30.56:036][931]LogModuleManager: Shutting down and abandoning module OpenGLDrv (10)
[2016.01.15-03.30.56:036][931]LogModuleManager: Shutting down and abandoning module D3D11RHI (9)
[2016.01.15-03.30.56:036][931]LogModuleManager: Shutting down and abandoning module AnimGraphRuntime (8)
[2016.01.15-03.30.56:036][931]LogModuleManager: Shutting down and abandoning module Renderer (7)
[2016.01.15-03.30.56:036][931]LogModuleManager: Shutting down and abandoning module Engine (6)
[2016.01.15-03.30.56:036][931]LogModuleManager: Shutting down and abandoning module CoreUObject (5)
[2016.01.15-03.30.56:036][931]LogModuleManager: Shutting down and abandoning module NetworkFile (4)
[2016.01.15-03.30.56:036][931]LogModuleManager: Shutting down and abandoning module StreamingFile (3)
[2016.01.15-03.30.56:036][931]LogModuleManager: Shutting down and abandoning module SandboxFile (2)
[2016.01.15-03.30.56:036][931]LogModuleManager: Shutting down and abandoning module PakFile (1)
[2016.01.15-03.30.56:037][931]LogExit: Exiting.
[2016.01.15-03.30.56:038][931]Log file closed, 01/14/16 22:30:56
