[2016.01.15-00.57.38:363][  0]Log file open, 01/14/16 19:57:38
[2016.01.15-00.57.38:363][  0]LogInit:Display: Running engine for game: ShadowFall
[2016.01.15-00.57.38:363][  0]LogInit:Display: RandInit(-1369091945) SRandInit(-1369091945).
[2016.01.15-00.57.38:363][  0]LogTaskGraph: Started task graph with 4 named threads and 7 total threads.
[2016.01.15-00.57.38:363][  0]LogStats: Stats thread started at 0.095891
[2016.01.15-00.57.38:363][  0]LogInit: Version: 4.9.2-2707645+++depot+UE4-Releases+4.9
[2016.01.15-00.57.38:363][  0]LogInit: API Version: 2672455
[2016.01.15-00.57.38:363][  0]LogInit: Compiled (64-bit): Sep 28 2015 10:25:44
[2016.01.15-00.57.38:363][  0]LogInit: Compiled with Visual C++: 18.00.21005.01
[2016.01.15-00.57.38:363][  0]LogInit: Build Configuration: Development
[2016.01.15-00.57.38:363][  0]LogInit: Branch Name: ++depot+UE4-Releases+4.9
[2016.01.15-00.57.38:363][  0]LogInit: Command line:  
[2016.01.15-00.57.38:363][  0]LogInit: Base directory: D:/Program Files/Epic Games/4.9/Engine/Binaries/Win64/
[2016.01.15-00.57.38:363][  0]LogInit: Rocket: 1
[2016.01.15-00.57.38:378][  0]LogInit: Using libcurl 7.41.0
[2016.01.15-00.57.38:378][  0]LogInit:  - built for x86_64-pc-win32
[2016.01.15-00.57.38:378][  0]LogInit:  - supports SSL with WinSSL
[2016.01.15-00.57.38:378][  0]LogInit:  - other features:
[2016.01.15-00.57.38:378][  0]LogInit:      CURL_VERSION_SSL
[2016.01.15-00.57.38:378][  0]LogInit:      CURL_VERSION_IPV6
[2016.01.15-00.57.38:378][  0]LogInit:      CURL_VERSION_ASYNCHDNS
[2016.01.15-00.57.38:378][  0]LogInit:      CURL_VERSION_LARGEFILE
[2016.01.15-00.57.38:378][  0]LogInit:      CURL_VERSION_IDN
[2016.01.15-00.57.38:378][  0]LogInit:  CurlRequestOptions (configurable via config and command line):
[2016.01.15-00.57.38:378][  0]LogInit:  - bVerifyPeer = true  - Libcurl will verify peer certificate
[2016.01.15-00.57.38:378][  0]LogInit:  - bUseHttpProxy = false  - Libcurl will NOT use HTTP proxy
[2016.01.15-00.57.38:378][  0]LogInit:  - bDontReuseConnections = false  - Libcurl will reuse connections
[2016.01.15-00.57.38:378][  0]LogInit:  - CertBundlePath = nullptr  - Libcurl will use whatever was configured at build time.
[2016.01.15-00.57.38:386][  0]LogInit: Presizing for 0 objects not considered by GC, pre-allocating 0 bytes.
[2016.01.15-00.57.38:395][  0]LogInit: Object subsystem initialized
[2016.01.15-00.57.38:396][  0]LogInit: Selected Device Profile: [Windows]
[2016.01.15-00.57.38:396][  0]LogInit: Applying CVar settings loaded from the selected device profile: [Windows]
[2016.01.15-00.57.38:407][  0]LogInit: Computer: PCMAXIME
[2016.01.15-00.57.38:407][  0]LogInit: User: Maxime
[2016.01.15-00.57.38:408][  0]LogInit: CPU Page size=4096, Cores=4
[2016.01.15-00.57.38:408][  0]LogInit: High frequency timer resolution =2.338452 MHz
[2016.01.15-00.57.38:408][  0]LogMemory: Memory total: Physical=7.9GB (8GB approx)
[2016.01.15-00.57.38:408][  0]LogMemory: Platform Memory Stats for Windows
[2016.01.15-00.57.38:408][  0]LogMemory: Process Physical Memory: 56.10 MB used, 56.10 MB peak
[2016.01.15-00.57.38:408][  0]LogMemory: Process Virtual Memory: 59.24 MB used, 59.24 MB peak
[2016.01.15-00.57.38:408][  0]LogMemory: Physical Memory: 3874.09 MB used, 8123.55 MB total
[2016.01.15-00.57.38:408][  0]LogMemory: Virtual Memory: 354.20 MB used, 134217728.00 MB total
[2016.01.15-00.57.38:448][  0]LogTextLocalizationManager: No translations for ('fr-FR') exist, falling back to 'en' for localization and internationalization data.
[2016.01.15-00.57.39:122][  0]LogD3D11RHI: Found D3D11 adapter 0: AMD Radeon HD 7570M (Feature Level 11_0)
[2016.01.15-00.57.39:122][  0]LogD3D11RHI: Adapter has 1004MB of dedicated video memory, 0MB of dedicated system memory, and 3840MB of shared system memory, 1 output[s]
[2016.01.15-00.57.39:124][  0]LogD3D11RHI: Found D3D11 adapter 1: Microsoft Basic Render Driver (Feature Level 11_0)
[2016.01.15-00.57.39:124][  0]LogD3D11RHI: Adapter has 0MB of dedicated video memory, 0MB of dedicated system memory, and 4061MB of shared system memory, 0 output[s]
[2016.01.15-00.57.39:124][  0]LogD3D11RHI: Chosen D3D11 Adapter Id = 0
[2016.01.15-00.57.39:128][  0]LogD3D11RHI: !Direct3DDevice
[2016.01.15-00.57.39:128][  0]LogRHI: Texture pool is 702 MB (70% of 1004 MB)
[2016.01.15-00.57.39:136][  0]LogD3D11RHI: Async texture creation disabled: no driver support
[2016.01.15-00.57.39:146][  0]LogShaderCompilers: Guid format shader working directory is 15 characters bigger than the processId version (../../../../../../Bibliothèques/Documents/Unreal Projects/ShadowerFall/Intermediate/Shaders/WorkingDirectory/2128/).
[2016.01.15-00.57.39:147][  0]LogShaderCompilers: Cleaned the shader compiler working directory '../../../../../../Bibliothèques/Documents/Unreal Projects/ShadowerFall/Intermediate/Shaders/tmp/10C90A404E66F1B791DEA88C48CD9032/'.
[2016.01.15-00.57.39:147][  0]LogShaderCompilers:Display: Using Local Shader Compiler.
[2016.01.15-00.57.40:310][  0]LogTemp:Display: Loaded TP AllDesktopTargetPlatform
[2016.01.15-00.57.40:316][  0]LogTemp:Display: Loaded TP WindowsClientTargetPlatform
[2016.01.15-00.57.40:321][  0]LogTemp:Display: Loaded TP WindowsNoEditorTargetPlatform
[2016.01.15-00.57.40:327][  0]LogTemp:Display: Loaded TP WindowsServerTargetPlatform
[2016.01.15-00.57.40:333][  0]LogTemp:Display: Loaded TP WindowsTargetPlatform
[2016.01.15-00.57.40:337][  0]LogTemp:Display: Loaded TP AndroidTargetPlatform
[2016.01.15-00.57.40:341][  0]LogTemp:Display: Loaded TP Android_ASTCTargetPlatform
[2016.01.15-00.57.40:344][  0]LogTemp:Display: Loaded TP Android_ATCTargetPlatform
[2016.01.15-00.57.40:348][  0]LogTemp:Display: Loaded TP Android_DXTTargetPlatform
[2016.01.15-00.57.40:352][  0]LogTemp:Display: Loaded TP Android_ETC1TargetPlatform
[2016.01.15-00.57.40:356][  0]LogTemp:Display: Loaded TP Android_ETC2TargetPlatform
[2016.01.15-00.57.40:360][  0]LogTemp:Display: Loaded TP Android_PVRTCTargetPlatform
[2016.01.15-00.57.40:361][  0]LogTemp:Display: Loaded TP HTML5TargetPlatform
[2016.01.15-00.57.40:380][  0]LogTemp:Display: Loaded TP IOSTargetPlatform
[2016.01.15-00.57.40:383][  0]LogTemp:Display: Loaded TP LinuxNoEditorTargetPlatform
[2016.01.15-00.57.40:387][  0]LogTemp:Display: Loaded TP LinuxServerTargetPlatform
[2016.01.15-00.57.40:391][  0]LogTemp:Display: Loaded TP LinuxTargetPlatform
[2016.01.15-00.57.40:391][  0]LogTargetPlatformManager:Display: Building Assets For Windows
[2016.01.15-00.57.40:497][  0]LogDerivedDataCache:Display: Max Cache Size: 512 MB
[2016.01.15-00.57.40:539][  0]LogDerivedDataCache: Loaded boot cache 0.04s 41MB C:/Users/Maxime/AppData/Local/UnrealEngine/4.9/DerivedDataCache/Boot.ddc.
[2016.01.15-00.57.40:539][  0]LogDerivedDataCache:Display: Loaded Boot cache: C:/Users/Maxime/AppData/Local/UnrealEngine/4.9/DerivedDataCache/Boot.ddc
[2016.01.15-00.57.40:539][  0]LogDerivedDataCache: FDerivedDataBackendGraph:  Pak pak cache file ../../../../../../Bibliothèques/Documents/Unreal Projects/ShadowerFall/DerivedDataCache/DDC.ddp not found, will not use a pak cache.
[2016.01.15-00.57.40:539][  0]LogDerivedDataCache: Unable to find inner node Pak for hierarchical cache Hierarchy.
[2016.01.15-00.57.40:539][  0]LogDerivedDataCache: FDerivedDataBackendGraph:  CompressedPak pak cache file ../../../../../../Bibliothèques/Documents/Unreal Projects/ShadowerFall/DerivedDataCache/Compressed.ddp not found, will not use a pak cache.
[2016.01.15-00.57.40:539][  0]LogDerivedDataCache: Unable to find inner node CompressedPak for hierarchical cache Hierarchy.
[2016.01.15-00.57.40:694][  0]LogDerivedDataCache:Display: Pak cache opened for reading ../../../Engine/DerivedDataCache/Compressed.ddp.
[2016.01.15-00.57.40:707][  0]LogDerivedDataCache: Using Local data cache path C:/Users/Maxime/AppData/Local/UnrealEngine/Common/DerivedDataCache: Writable
[2016.01.15-00.57.40:926][  0]LogInit: Selected Device Profile: [Windows]
[2016.01.15-00.57.40:930][  0]LogContentStreaming: Texture pool size is 0.000000MB
[2016.01.15-00.57.41:071][  0]LogMeshUtilities: No automatic mesh reduction module available
[2016.01.15-00.57.41:071][  0]LogMeshUtilities: No automatic mesh merging module available
[2016.01.15-00.57.41:343][  0]LogInit: WinSock: version 1.1 (2.2), MaxSocks=32767, MaxUdp=65467
[2016.01.15-00.57.42:134][  0]UdpMessaging: Initializing bridge on interface 0.0.0.0:0 to multicast group 230.0.0.1:6666.
[2016.01.15-00.57.42:240][  0]LogAssetRegistry: FAssetRegistry took 0.0108 seconds to start up
[2016.01.15-00.57.42:442][  0]SourceControl: Info Source control is disabled
[2016.01.15-00.57.42:444][  0]SourceControl: Info Source control is disabled
[2016.01.15-00.57.42:460][  0]SourceControl: Info Source control is disabled
[2016.01.15-00.57.42:475][  0]SourceControl: Info Source control is disabled
[2016.01.15-00.57.42:681][  0]LogLinker:Warning: Asset '../../../Engine/Plugins/Runtime/LeapMotionController/Content/LM_PassthroughMaterial.uasset' has been saved with empty engine version. The asset will be loaded but may be incompatible.
[2016.01.15-00.57.42:789][  0]LogObj: 28361 objects as part of root set at end of initial load.
[2016.01.15-00.57.42:789][  0]LogUObjectAllocator: 6038872 out of 0 bytes used by permanent object pool.
[2016.01.15-00.57.42:850][  0]LogEngine: Initializing Engine...
[2016.01.15-00.57.42:853][  0]LogHMD: Can't find Oculus library dev build: is proper Runtime installed? Version: 0.7.0.0
[2016.01.15-00.57.42:854][  0]LogHMD: SteamVR failed to initialize.  Err: 110
[2016.01.15-00.57.42:990][  0]LogAIModule: Creating AISystem for world NewWorld
[2016.01.15-00.57.42:995][  0]LogInit: XAudio2 using 'Haut-parleurs (Périphérique High Definition Audio)' : 2 channels at 44.1 kHz using 16 bits per sample (channel mask 0x3)
[2016.01.15-00.57.43:004][  0]LogInit: FAudioDevice initialized.
[2016.01.15-00.57.43:031][  0]LogDerivedDataCache: Saved boot cache 0.03s 41MB C:/Users/Maxime/AppData/Local/UnrealEngine/4.9/DerivedDataCache/Boot.ddc.
[2016.01.15-00.57.43:033][  0]LogInit: Texture streaming: Enabled
[2016.01.15-00.57.43:040][  0]LogAnalytics: Creating configured Analytics provider AnalyticsET
[2016.01.15-00.57.43:040][  0]LogAnalytics: [UEEditor.Rocket.Release] APIServer = http://et2.epicgames.com/ET2/. AppVersion = 4.9.2-2707645+++depot+UE4-Releases+4.9
[2016.01.15-00.57.43:040][  0]LogAnalytics: [UEEditor.Rocket.Release] SetUserId 9a9effe84c4b08c90696e581cd7488a3|06ed4f6a0f4048debc1b07e05a99303a|05176c3f-19e8-4dc1-8202-ec95daad005f
[2016.01.15-00.57.43:040][  0]LogAnalytics: [UEEditor.Rocket.Release] AnalyticsET::StartSession
[2016.01.15-00.57.43:080][  0]LogInit: Transaction tracking system initialized
[2016.01.15-00.57.43:113][  0]BlueprintLog: New page: Editor Load
[2016.01.15-00.57.43:207][  0]LocalizationService: Info Localization service is disabled
[2016.01.15-00.57.43:441][  0]LogConsoleResponse:Display: 
[2016.01.15-00.57.43:572][  0]LogCook:Display: Done creating registry. It took  0.00s.
[2016.01.15-00.57.43:643][  0]LogFileCache: Scanning file cache for directory 'D:/Bibliothèques/Documents/Unreal Projects/ShadowerFall/Content/' took 0.02s
[2016.01.15-00.57.43:643][  0]SourceControl: Info Source control is disabled
[2016.01.15-00.57.43:643][  0]Cmd: MAP LOAD FILE="../../../../../../Bibliothèques/Documents/Unreal Projects/ShadowerFall/Content/FirstPersonBP/Maps/FirstPersonExampleMap.umap" TEMPLATE=0 SHOWPROGRESS=1 FEATURELEVEL=3
[2016.01.15-00.57.43:644][  0]LightingResults: New page: Lighting Build
[2016.01.15-00.57.43:648][  0]MapCheck: New page: Map Check
[2016.01.15-00.57.43:648][  0]LightingResults: New page: Lighting Build
[2016.01.15-00.57.43:661][  0]LogParticles: Destroying 0 GPU particle simulations for FXSystem 0x0000001E83658400
[2016.01.15-00.57.43:680][  0]LogLinker:Warning: Asset '../../../../../../Bibliothèques/Documents/Unreal Projects/ShadowerFall/Content/FirstPerson/Meshes/FirstPersonProjectileMesh.uasset' has been saved with empty engine version. The asset will be loaded but may be incompatible.
[2016.01.15-00.57.46:097][  0]LogAIModule: Creating AISystem for world FirstPersonExampleMap
[2016.01.15-00.57.46:128][  0]LogEditorServer: Finished looking for orphan Actors (0.000 secs)
[2016.01.15-00.57.46:129][  0]Cmd: MAP CHECKDEP NOCLEARLOG
[2016.01.15-00.57.46:229][  0]MapCheck: Info Map check complete: 0 Error(s), 0 Warning(s), took 99.96ms to complete.
[2016.01.15-00.57.46:229][  0]LogFileHelpers: Loading map 'FirstPersonExampleMap' took 2.586
[2016.01.15-00.57.46:328][  0]LogCollectionManager: Loaded 0 collections in 0.002495 seconds
[2016.01.15-00.57.46:372][  0]LogFileCache: Scanning file cache for directory 'D:/Bibliothèques/Documents/Unreal Projects/ShadowerFall/Saved/Collections/' took 0.01s
[2016.01.15-00.57.46:372][  0]LogFileCache: Scanning file cache for directory 'D:/Bibliothèques/Documents/Unreal Projects/ShadowerFall/Content/Developers/Maxime/Collections/' took 0.01s
[2016.01.15-00.57.46:372][  0]LogFileCache: Scanning file cache for directory 'D:/Bibliothèques/Documents/Unreal Projects/ShadowerFall/Content/Collections/' took 0.01s
[2016.01.15-00.57.46:372][  0]LogContentBrowser: Native class hierarchy populated in 0.0078 seconds. Added 1867 classes and 333 folders.
[2016.01.15-00.57.46:377][  0]LogCollectionManager: Rebuilt the GUID cache for 0 collections in 0.000003 seconds
[2016.01.15-00.57.46:385][  0]LogContentBrowser: Native class hierarchy updated for 'WidgetCarousel' in 0.0005 seconds. Added 0 classes and 0 folders.
[2016.01.15-00.57.46:443][  0]LogContentBrowser: Native class hierarchy updated for 'AddContentDialog' in 0.0005 seconds. Added 0 classes and 0 folders.
[2016.01.15-00.57.46:448][  0]LogContentBrowser: Native class hierarchy updated for 'SceneOutliner' in 0.0008 seconds. Added 1 classes and 2 folders.
[2016.01.15-00.57.46:517][  0]LogCrashTracker: Crashtracker disabled due to settings.
[2016.01.15-00.57.46:520][  0]LogUObjectGlobals:Warning: Failed to find object 'Class None.'
[2016.01.15-00.57.46:542][  0]LogLoad: Full Startup: 8.81 seconds (BP compile: 0.88 seconds)
[2016.01.15-00.57.46:947][  0]LogContentStreaming: Texture pool size now 200 MB
[2016.01.15-00.57.47:089][  0]LogRenderer: Reallocating scene render targets to support 1252x668 (Frame:2).
[2016.01.15-00.57.50:274][ 10]LogAssetRegistry: Asset discovery search completed in 8.0453 seconds
[2016.01.15-00.57.50:274][ 10]LogCollectionManager: Rebuilt the object cache for 0 collections in 0.000001 seconds (found 0 objects)
[2016.01.15-00.57.50:274][ 10]LogCollectionManager: Fixed up redirectors for 0 collections in 0.000026 seconds (updated 0 objects)
[2016.01.15-00.58.04:491][ 87]LogBlueprintUserMessages: Early PlayInEditor Detection: Level '/Game/FirstPersonBP/Maps/FirstPersonExampleMap.FirstPersonExampleMap:PersistentLevel' has LevelScriptBlueprint '/Game/FirstPersonBP/Maps/FirstPersonExampleMap.FirstPersonExampleMap:PersistentLevel.FirstPersonExampleMap' with GeneratedClass '/Game/FirstPersonBP/Maps/FirstPersonExampleMap.FirstPersonExampleMap_C' with ClassGeneratedBy '/Game/FirstPersonBP/Maps/FirstPersonExampleMap.FirstPersonExampleMap:PersistentLevel.FirstPersonExampleMap'
[2016.01.15-00.58.04:491][ 87]LogPlayLevel: PlayLevel: No blueprints needed recompiling
[2016.01.15-00.58.04:492][ 87]PIE: New page: PIE session: FirstPersonExampleMap (Jan 14, 2016, 2:58:04 PM)
[2016.01.15-00.58.04:492][ 87]LogPlayLevel: Creating play world package: /Game/FirstPersonBP/Maps/UEDPIE_0_FirstPersonExampleMap
[2016.01.15-00.58.04:541][ 87]LogPlayLevel: PIE: StaticDuplicateObject took: (0.049809s)
[2016.01.15-00.58.04:542][ 87]LogAIModule: Creating AISystem for world FirstPersonExampleMap
[2016.01.15-00.58.04:542][ 87]LogPlayLevel: PIE: World Init took: (0.000886s)
[2016.01.15-00.58.04:543][ 87]LogPlayLevel: PIE: Created PIE world by copying editor world from /Game/FirstPersonBP/Maps/FirstPersonExampleMap.FirstPersonExampleMap to /Game/FirstPersonBP/Maps/UEDPIE_0_FirstPersonExampleMap.FirstPersonExampleMap (0.050970s)
[2016.01.15-00.58.04:543][ 87]LogActorComponent: UnregisterComponent: (/Engine/Transient.CharMoveComp) Not registered. Aborting.
[2016.01.15-00.58.04:543][ 87]LogActorComponent: UnregisterComponent: (/Engine/Transient.CharacterMovementComponent_0) Not registered. Aborting.
[2016.01.15-00.58.04:608][ 87]LogInit: XAudio2 using 'Haut-parleurs (Périphérique High Definition Audio)' : 2 channels at 44.1 kHz using 16 bits per sample (channel mask 0x3)
[2016.01.15-00.58.04:615][ 87]LogInit: FAudioDevice initialized.
[2016.01.15-00.58.04:704][ 87]LogWorld: Game class is 'FirstPersonGameMode_C'
[2016.01.15-00.58.04:729][ 87]LogWorld:Warning: *** WARNING - PATHS MAY NOT BE VALID ***
[2016.01.15-00.58.04:729][ 87]LogWorld: Bringing World /Game/FirstPersonBP/Maps/UEDPIE_0_FirstPersonExampleMap.FirstPersonExampleMap up for play (max tick rate 60) at 2016.01.14-19.58.04
[2016.01.15-00.58.04:729][ 87]LogActor:Warning: GameSession /Game/FirstPersonBP/Maps/UEDPIE_0_FirstPersonExampleMap.FirstPersonExampleMap:PersistentLevel.GameSession_0 has natively added scene component(s), but none of them were set as the actor's RootComponent - picking one arbitrarily
[2016.01.15-00.58.04:729][ 87]LogActor:Warning: GameNetworkManager /Game/FirstPersonBP/Maps/UEDPIE_0_FirstPersonExampleMap.FirstPersonExampleMap:PersistentLevel.GameNetworkManager_0 has natively added scene component(s), but none of them were set as the actor's RootComponent - picking one arbitrarily
[2016.01.15-00.58.04:732][ 87]LogWorld: Bringing up level for play took: 0.026928
[2016.01.15-00.58.04:736][ 87]PIE: Info Play in editor start time for /Game/FirstPersonBP/Maps/UEDPIE_0_FirstPersonExampleMap 0.32
[2016.01.15-00.58.04:736][ 87]LogBlueprintUserMessages: Late PlayInEditor Detection: Level '/Game/FirstPersonBP/Maps/FirstPersonExampleMap.FirstPersonExampleMap:PersistentLevel' has LevelScriptBlueprint '/Game/FirstPersonBP/Maps/FirstPersonExampleMap.FirstPersonExampleMap:PersistentLevel.FirstPersonExampleMap' with GeneratedClass '/Game/FirstPersonBP/Maps/FirstPersonExampleMap.FirstPersonExampleMap_C' with ClassGeneratedBy '/Game/FirstPersonBP/Maps/FirstPersonExampleMap.FirstPersonExampleMap:PersistentLevel.FirstPersonExampleMap'
[2016.01.15-00.58.04:737][ 87]LogBlueprintUserMessages: [Tourelle_167] VIsible
[2016.01.15-00.58.04:762][ 88]LogBlueprintUserMessages: [Tourelle_167] VIsible
[2016.01.15-00.58.04:840][ 89]LogBlueprintUserMessages: [Tourelle_167] VIsible
[2016.01.15-00.58.04:920][ 90]LogBlueprintUserMessages: [Tourelle_167] VIsible
[2016.01.15-00.58.05:449][ 91]LogD3D11RHI: Timed out while waiting for GPU to catch up. (0.5 s)
[2016.01.15-00.58.05:450][ 91]LogBlueprintUserMessages: [Tourelle_167] VIsible
[2016.01.15-00.58.05:951][ 92]LogD3D11RHI: Timed out while waiting for GPU to catch up. (0.5 s)
[2016.01.15-00.58.06:450][ 92]LogD3D11RHI: Timed out while waiting for GPU to catch up. (0.5 s)
[2016.01.15-00.58.06:951][ 92]LogD3D11RHI: Timed out while waiting for GPU to catch up. (0.5 s)
[2016.01.15-00.58.07:453][ 92]LogD3D11RHI: Timed out while waiting for GPU to catch up. (0.5 s)
[2016.01.15-00.58.07:456][ 92]LogBlueprintUserMessages: [Tourelle_167] VIsible
[2016.01.15-00.58.07:954][ 93]LogD3D11RHI: Timed out while waiting for GPU to catch up. (0.5 s)
[2016.01.15-00.58.08:455][ 93]LogD3D11RHI: Timed out while waiting for GPU to catch up. (0.5 s)
[2016.01.15-00.58.08:954][ 93]LogD3D11RHI: Timed out while waiting for GPU to catch up. (0.5 s)
[2016.01.15-00.58.08:963][ 93]LogBlueprintUserMessages: [Tourelle_167] VIsible
[2016.01.15-00.58.08:996][ 93]LogD3D11RHI: bDeviceRemoved
[2016.01.15-00.58.08:996][ 93]LogD3D11RHI: CleanupD3DDevice
[2016.01.15-00.58.09:017][ 93]LogWindows:Error: Windows GetLastError: L’opération a réussi. (0)
[2016.01.15-00.58.14:941][ 93]LogCrashTracker: 


[2016.01.15-00.58.15:002][ 93]LogCrashTracker: 


[2016.01.15-00.58.15:002][ 93]LogWindows: === Critical error: ===
Fatal error: [File:D:\BuildFarm\buildmachine_++depot+UE4-Releases+4.9\Engine\Source\Runtime\Windows\D3D11RHI\Private\Windows\WindowsD3D11Device.cpp] [Line: 402] 
The Direct3D 11 device that was being used has been removed (Error: -2005270522 'HUNG').  Please restart the game.




[2016.01.15-00.58.15:161][ 93]LogExit: Executing StaticShutdownAfterError
[2016.01.15-00.58.15:165][ 93]LogPhysics:Warning: PHYSX: ..\..\PhysX\src\NpScene.cpp (2946) 8 : PxScene::unlockWrite() called without matching call to PxScene::lockWrite(), behaviour will be undefined.
[2016.01.15-00.58.15:166][ 93]LogPhysics:Warning: PHYSX: ..\..\PhysX\src\NpScene.cpp (2946) 8 : PxScene::unlockWrite() called without matching call to PxScene::lockWrite(), behaviour will be undefined.
[2016.01.15-00.58.15:166][ 93]LogPhysics:Warning: PHYSX: ..\..\PhysX\src\NpScene.cpp (2946) 8 : PxScene::unlockWrite() called without matching call to PxScene::lockWrite(), behaviour will be undefined.
[2016.01.15-00.58.15:166][ 93]LogPhysics:Warning: PHYSX: ..\..\PhysX\src\NpScene.cpp (2946) 8 : PxScene::unlockWrite() called without matching call to PxScene::lockWrite(), behaviour will be undefined.
[2016.01.15-00.58.15:166][ 93]LogWindows: FPlatformMisc::RequestExit(1)
[2016.01.15-00.58.15:166][ 93]Log file closed, 01/14/16 19:58:15
