[2016.01.14-21.49.56:467][  0]Log file open, 01/14/16 16:49:56
[2016.01.14-21.49.56:467][  0]LogInit:Display: Running engine for game: ShadowFall
[2016.01.14-21.49.56:467][  0]LogInit:Display: RandInit(-1954381712) SRandInit(-1954381711).
[2016.01.14-21.49.56:467][  0]LogTaskGraph: Started task graph with 4 named threads and 7 total threads.
[2016.01.14-21.49.56:467][  0]LogStats: Stats thread started at 0.087877
[2016.01.14-21.49.56:467][  0]LogInit: Version: 4.9.2-2707645+++depot+UE4-Releases+4.9
[2016.01.14-21.49.56:467][  0]LogInit: API Version: 2672455
[2016.01.14-21.49.56:467][  0]LogInit: Compiled (64-bit): Sep 28 2015 10:25:44
[2016.01.14-21.49.56:467][  0]LogInit: Compiled with Visual C++: 18.00.21005.01
[2016.01.14-21.49.56:467][  0]LogInit: Build Configuration: Development
[2016.01.14-21.49.56:467][  0]LogInit: Branch Name: ++depot+UE4-Releases+4.9
[2016.01.14-21.49.56:467][  0]LogInit: Command line:  
[2016.01.14-21.49.56:467][  0]LogInit: Base directory: D:/Program Files/Epic Games/4.9/Engine/Binaries/Win64/
[2016.01.14-21.49.56:467][  0]LogInit: Rocket: 1
[2016.01.14-21.49.56:481][  0]LogInit: Using libcurl 7.41.0
[2016.01.14-21.49.56:481][  0]LogInit:  - built for x86_64-pc-win32
[2016.01.14-21.49.56:481][  0]LogInit:  - supports SSL with WinSSL
[2016.01.14-21.49.56:481][  0]LogInit:  - other features:
[2016.01.14-21.49.56:481][  0]LogInit:      CURL_VERSION_SSL
[2016.01.14-21.49.56:481][  0]LogInit:      CURL_VERSION_IPV6
[2016.01.14-21.49.56:481][  0]LogInit:      CURL_VERSION_ASYNCHDNS
[2016.01.14-21.49.56:481][  0]LogInit:      CURL_VERSION_LARGEFILE
[2016.01.14-21.49.56:481][  0]LogInit:      CURL_VERSION_IDN
[2016.01.14-21.49.56:481][  0]LogInit:  CurlRequestOptions (configurable via config and command line):
[2016.01.14-21.49.56:481][  0]LogInit:  - bVerifyPeer = true  - Libcurl will verify peer certificate
[2016.01.14-21.49.56:481][  0]LogInit:  - bUseHttpProxy = false  - Libcurl will NOT use HTTP proxy
[2016.01.14-21.49.56:481][  0]LogInit:  - bDontReuseConnections = false  - Libcurl will reuse connections
[2016.01.14-21.49.56:481][  0]LogInit:  - CertBundlePath = nullptr  - Libcurl will use whatever was configured at build time.
[2016.01.14-21.49.56:489][  0]LogInit: Presizing for 0 objects not considered by GC, pre-allocating 0 bytes.
[2016.01.14-21.49.56:498][  0]LogInit: Object subsystem initialized
[2016.01.14-21.49.56:499][  0]LogInit: Selected Device Profile: [Windows]
[2016.01.14-21.49.56:499][  0]LogInit: Applying CVar settings loaded from the selected device profile: [Windows]
[2016.01.14-21.49.56:511][  0]LogInit: Computer: PCMAXIME
[2016.01.14-21.49.56:511][  0]LogInit: User: Maxime
[2016.01.14-21.49.56:511][  0]LogInit: CPU Page size=4096, Cores=4
[2016.01.14-21.49.56:511][  0]LogInit: High frequency timer resolution =2.338452 MHz
[2016.01.14-21.49.56:511][  0]LogMemory: Memory total: Physical=7.9GB (8GB approx)
[2016.01.14-21.49.56:511][  0]LogMemory: Platform Memory Stats for Windows
[2016.01.14-21.49.56:511][  0]LogMemory: Process Physical Memory: 56.27 MB used, 56.27 MB peak
[2016.01.14-21.49.56:511][  0]LogMemory: Process Virtual Memory: 59.41 MB used, 59.41 MB peak
[2016.01.14-21.49.56:511][  0]LogMemory: Physical Memory: 4252.77 MB used, 8123.55 MB total
[2016.01.14-21.49.56:511][  0]LogMemory: Virtual Memory: 354.35 MB used, 134217728.00 MB total
[2016.01.14-21.49.56:550][  0]LogTextLocalizationManager: No translations for ('fr-FR') exist, falling back to 'en' for localization and internationalization data.
[2016.01.14-21.49.57:379][  0]LogD3D11RHI: Found D3D11 adapter 0: AMD Radeon HD 7570M (Feature Level 11_0)
[2016.01.14-21.49.57:379][  0]LogD3D11RHI: Adapter has 1004MB of dedicated video memory, 0MB of dedicated system memory, and 3840MB of shared system memory, 1 output[s]
[2016.01.14-21.49.57:381][  0]LogD3D11RHI: Found D3D11 adapter 1: Microsoft Basic Render Driver (Feature Level 11_0)
[2016.01.14-21.49.57:381][  0]LogD3D11RHI: Adapter has 0MB of dedicated video memory, 0MB of dedicated system memory, and 4061MB of shared system memory, 0 output[s]
[2016.01.14-21.49.57:381][  0]LogD3D11RHI: Chosen D3D11 Adapter Id = 0
[2016.01.14-21.49.57:388][  0]LogD3D11RHI: !Direct3DDevice
[2016.01.14-21.49.57:388][  0]LogRHI: Texture pool is 702 MB (70% of 1004 MB)
[2016.01.14-21.49.57:397][  0]LogD3D11RHI: Async texture creation disabled: no driver support
[2016.01.14-21.49.57:413][  0]LogShaderCompilers: Guid format shader working directory is 15 characters bigger than the processId version (../../../../../../Bibliothèques/Documents/Unreal Projects/ShadowerFall/Intermediate/Shaders/WorkingDirectory/5392/).
[2016.01.14-21.49.57:413][  0]LogShaderCompilers: Cleaned the shader compiler working directory '../../../../../../Bibliothèques/Documents/Unreal Projects/ShadowerFall/Intermediate/Shaders/tmp/3B230D5A463AB241A947D2A6AF0002D5/'.
[2016.01.14-21.49.57:413][  0]LogShaderCompilers:Display: Using Local Shader Compiler.
[2016.01.14-21.49.58:581][  0]LogTemp:Display: Loaded TP AllDesktopTargetPlatform
[2016.01.14-21.49.58:587][  0]LogTemp:Display: Loaded TP WindowsClientTargetPlatform
[2016.01.14-21.49.58:593][  0]LogTemp:Display: Loaded TP WindowsNoEditorTargetPlatform
[2016.01.14-21.49.58:599][  0]LogTemp:Display: Loaded TP WindowsServerTargetPlatform
[2016.01.14-21.49.58:605][  0]LogTemp:Display: Loaded TP WindowsTargetPlatform
[2016.01.14-21.49.58:609][  0]LogTemp:Display: Loaded TP AndroidTargetPlatform
[2016.01.14-21.49.58:612][  0]LogTemp:Display: Loaded TP Android_ASTCTargetPlatform
[2016.01.14-21.49.58:616][  0]LogTemp:Display: Loaded TP Android_ATCTargetPlatform
[2016.01.14-21.49.58:620][  0]LogTemp:Display: Loaded TP Android_DXTTargetPlatform
[2016.01.14-21.49.58:624][  0]LogTemp:Display: Loaded TP Android_ETC1TargetPlatform
[2016.01.14-21.49.58:628][  0]LogTemp:Display: Loaded TP Android_ETC2TargetPlatform
[2016.01.14-21.49.58:631][  0]LogTemp:Display: Loaded TP Android_PVRTCTargetPlatform
[2016.01.14-21.49.58:632][  0]LogTemp:Display: Loaded TP HTML5TargetPlatform
[2016.01.14-21.49.58:651][  0]LogTemp:Display: Loaded TP IOSTargetPlatform
[2016.01.14-21.49.58:655][  0]LogTemp:Display: Loaded TP LinuxNoEditorTargetPlatform
[2016.01.14-21.49.58:659][  0]LogTemp:Display: Loaded TP LinuxServerTargetPlatform
[2016.01.14-21.49.58:663][  0]LogTemp:Display: Loaded TP LinuxTargetPlatform
[2016.01.14-21.49.58:663][  0]LogTargetPlatformManager:Display: Building Assets For Windows
[2016.01.14-21.49.58:772][  0]LogDerivedDataCache:Display: Max Cache Size: 512 MB
[2016.01.14-21.49.58:818][  0]LogDerivedDataCache: Loaded boot cache 0.05s 41MB C:/Users/Maxime/AppData/Local/UnrealEngine/4.9/DerivedDataCache/Boot.ddc.
[2016.01.14-21.49.58:818][  0]LogDerivedDataCache:Display: Loaded Boot cache: C:/Users/Maxime/AppData/Local/UnrealEngine/4.9/DerivedDataCache/Boot.ddc
[2016.01.14-21.49.58:818][  0]LogDerivedDataCache: FDerivedDataBackendGraph:  Pak pak cache file ../../../../../../Bibliothèques/Documents/Unreal Projects/ShadowerFall/DerivedDataCache/DDC.ddp not found, will not use a pak cache.
[2016.01.14-21.49.58:818][  0]LogDerivedDataCache: Unable to find inner node Pak for hierarchical cache Hierarchy.
[2016.01.14-21.49.58:818][  0]LogDerivedDataCache: FDerivedDataBackendGraph:  CompressedPak pak cache file ../../../../../../Bibliothèques/Documents/Unreal Projects/ShadowerFall/DerivedDataCache/Compressed.ddp not found, will not use a pak cache.
[2016.01.14-21.49.58:818][  0]LogDerivedDataCache: Unable to find inner node CompressedPak for hierarchical cache Hierarchy.
[2016.01.14-21.49.58:977][  0]LogDerivedDataCache:Display: Pak cache opened for reading ../../../Engine/DerivedDataCache/Compressed.ddp.
[2016.01.14-21.49.58:990][  0]LogDerivedDataCache: Using Local data cache path C:/Users/Maxime/AppData/Local/UnrealEngine/Common/DerivedDataCache: Writable
[2016.01.14-21.49.59:209][  0]LogInit: Selected Device Profile: [Windows]
[2016.01.14-21.49.59:213][  0]LogContentStreaming: Texture pool size is 0.000000MB
[2016.01.14-21.49.59:353][  0]LogMeshUtilities: No automatic mesh reduction module available
[2016.01.14-21.49.59:353][  0]LogMeshUtilities: No automatic mesh merging module available
[2016.01.14-21.49.59:625][  0]LogInit: WinSock: version 1.1 (2.2), MaxSocks=32767, MaxUdp=65467
[2016.01.14-21.50.00:435][  0]UdpMessaging: Initializing bridge on interface 0.0.0.0:0 to multicast group 230.0.0.1:6666.
[2016.01.14-21.50.00:540][  0]LogAssetRegistry: FAssetRegistry took 0.0112 seconds to start up
[2016.01.14-21.50.00:768][  0]SourceControl: Info Source control is disabled
[2016.01.14-21.50.00:770][  0]SourceControl: Info Source control is disabled
[2016.01.14-21.50.00:785][  0]SourceControl: Info Source control is disabled
[2016.01.14-21.50.00:802][  0]SourceControl: Info Source control is disabled
[2016.01.14-21.50.01:006][  0]LogLinker:Warning: Asset '../../../Engine/Plugins/Runtime/LeapMotionController/Content/LM_PassthroughMaterial.uasset' has been saved with empty engine version. The asset will be loaded but may be incompatible.
[2016.01.14-21.50.01:114][  0]LogObj: 28361 objects as part of root set at end of initial load.
[2016.01.14-21.50.01:114][  0]LogUObjectAllocator: 6038872 out of 0 bytes used by permanent object pool.
[2016.01.14-21.50.01:178][  0]LogEngine: Initializing Engine...
[2016.01.14-21.50.01:182][  0]LogHMD: Can't find Oculus library dev build: is proper Runtime installed? Version: 0.7.0.0
[2016.01.14-21.50.01:182][  0]LogHMD: SteamVR failed to initialize.  Err: 110
[2016.01.14-21.50.01:322][  0]LogAIModule: Creating AISystem for world NewWorld
[2016.01.14-21.50.01:328][  0]LogInit: XAudio2 using 'Haut-parleurs (Périphérique High Definition Audio)' : 2 channels at 44.1 kHz using 16 bits per sample (channel mask 0x3)
[2016.01.14-21.50.01:337][  0]LogInit: FAudioDevice initialized.
[2016.01.14-21.50.01:359][  0]LogDerivedDataCache: Saved boot cache 0.02s 41MB C:/Users/Maxime/AppData/Local/UnrealEngine/4.9/DerivedDataCache/Boot.ddc.
[2016.01.14-21.50.01:361][  0]LogInit: Texture streaming: Enabled
[2016.01.14-21.50.01:367][  0]LogAnalytics: Creating configured Analytics provider AnalyticsET
[2016.01.14-21.50.01:367][  0]LogAnalytics: [UEEditor.Rocket.Release] APIServer = http://et2.epicgames.com/ET2/. AppVersion = 4.9.2-2707645+++depot+UE4-Releases+4.9
[2016.01.14-21.50.01:367][  0]LogAnalytics: [UEEditor.Rocket.Release] SetUserId 9a9effe84c4b08c90696e581cd7488a3|06ed4f6a0f4048debc1b07e05a99303a|05176c3f-19e8-4dc1-8202-ec95daad005f
[2016.01.14-21.50.01:367][  0]LogAnalytics: [UEEditor.Rocket.Release] AnalyticsET::StartSession
[2016.01.14-21.50.01:407][  0]LogInit: Transaction tracking system initialized
[2016.01.14-21.50.01:441][  0]BlueprintLog: New page: Editor Load
[2016.01.14-21.50.01:534][  0]LocalizationService: Info Localization service is disabled
[2016.01.14-21.50.01:780][  0]LogConsoleResponse:Display: 
[2016.01.14-21.50.01:917][  0]LogCook:Display: Done creating registry. It took  0.00s.
[2016.01.14-21.50.01:989][  0]LogFileCache: Scanning file cache for directory 'D:/Bibliothèques/Documents/Unreal Projects/ShadowerFall/Content/' took 0.02s
[2016.01.14-21.50.01:989][  0]SourceControl: Info Source control is disabled
[2016.01.14-21.50.01:990][  0]Cmd: MAP LOAD FILE="../../../../../../Bibliothèques/Documents/Unreal Projects/ShadowerFall/Content/FirstPersonBP/Maps/FirstPersonExampleMap.umap" TEMPLATE=0 SHOWPROGRESS=1 FEATURELEVEL=3
[2016.01.14-21.50.01:990][  0]LightingResults: New page: Lighting Build
[2016.01.14-21.50.01:993][  0]MapCheck: New page: Map Check
[2016.01.14-21.50.01:993][  0]LightingResults: New page: Lighting Build
[2016.01.14-21.50.02:005][  0]LogParticles: Destroying 0 GPU particle simulations for FXSystem 0x0000009DB6BE4400
[2016.01.14-21.50.02:025][  0]LogLinker:Warning: Asset '../../../../../../Bibliothèques/Documents/Unreal Projects/ShadowerFall/Content/FirstPerson/Meshes/FirstPersonProjectileMesh.uasset' has been saved with empty engine version. The asset will be loaded but may be incompatible.
[2016.01.14-21.50.04:396][  0]LogAIModule: Creating AISystem for world FirstPersonExampleMap
[2016.01.14-21.50.04:425][  0]LogEditorServer: Finished looking for orphan Actors (0.000 secs)
[2016.01.14-21.50.04:426][  0]Cmd: MAP CHECKDEP NOCLEARLOG
[2016.01.14-21.50.04:548][  0]MapCheck: Info Map check complete: 0 Error(s), 0 Warning(s), took 121.863ms to complete.
[2016.01.14-21.50.04:548][  0]LogFileHelpers: Loading map 'FirstPersonExampleMap' took 2.558
[2016.01.14-21.50.04:654][  0]LogCollectionManager: Loaded 0 collections in 0.002457 seconds
[2016.01.14-21.50.04:697][  0]LogFileCache: Scanning file cache for directory 'D:/Bibliothèques/Documents/Unreal Projects/ShadowerFall/Saved/Collections/' took 0.01s
[2016.01.14-21.50.04:697][  0]LogFileCache: Scanning file cache for directory 'D:/Bibliothèques/Documents/Unreal Projects/ShadowerFall/Content/Developers/Maxime/Collections/' took 0.01s
[2016.01.14-21.50.04:697][  0]LogFileCache: Scanning file cache for directory 'D:/Bibliothèques/Documents/Unreal Projects/ShadowerFall/Content/Collections/' took 0.01s
[2016.01.14-21.50.04:697][  0]LogContentBrowser: Native class hierarchy populated in 0.0081 seconds. Added 1867 classes and 333 folders.
[2016.01.14-21.50.04:703][  0]LogCollectionManager: Rebuilt the GUID cache for 0 collections in 0.000003 seconds
[2016.01.14-21.50.04:710][  0]LogContentBrowser: Native class hierarchy updated for 'WidgetCarousel' in 0.0005 seconds. Added 0 classes and 0 folders.
[2016.01.14-21.50.04:768][  0]LogContentBrowser: Native class hierarchy updated for 'AddContentDialog' in 0.0005 seconds. Added 0 classes and 0 folders.
[2016.01.14-21.50.04:772][  0]LogContentBrowser: Native class hierarchy updated for 'SceneOutliner' in 0.0005 seconds. Added 1 classes and 2 folders.
[2016.01.14-21.50.04:856][  0]LogCrashTracker: Crashtracker disabled due to settings.
[2016.01.14-21.50.04:859][  0]LogUObjectGlobals:Warning: Failed to find object 'Class None.'
[2016.01.14-21.50.04:882][  0]LogLoad: Full Startup: 9.08 seconds (BP compile: 0.87 seconds)
[2016.01.14-21.50.04:964][  0]LogContentStreaming: Texture pool size now 200 MB
[2016.01.14-21.50.05:102][  0]LogRenderer: Reallocating scene render targets to support 1252x668 (Frame:2).
[2016.01.14-21.50.05:665][  9]LogAssetRegistry: Asset discovery search completed in 5.1362 seconds
[2016.01.14-21.50.05:665][  9]LogCollectionManager: Rebuilt the object cache for 0 collections in 0.000001 seconds (found 0 objects)
[2016.01.14-21.50.05:665][  9]LogCollectionManager: Fixed up redirectors for 0 collections in 0.000026 seconds (updated 0 objects)
[2016.01.14-21.51.02:946][636]LogBlueprintUserMessages: Early PlayInEditor Detection: Level '/Game/FirstPersonBP/Maps/FirstPersonExampleMap.FirstPersonExampleMap:PersistentLevel' has LevelScriptBlueprint '/Game/FirstPersonBP/Maps/FirstPersonExampleMap.FirstPersonExampleMap:PersistentLevel.FirstPersonExampleMap' with GeneratedClass '/Game/FirstPersonBP/Maps/FirstPersonExampleMap.FirstPersonExampleMap_C' with ClassGeneratedBy '/Game/FirstPersonBP/Maps/FirstPersonExampleMap.FirstPersonExampleMap:PersistentLevel.FirstPersonExampleMap'
[2016.01.14-21.51.02:946][636]LogPlayLevel: PlayLevel: No blueprints needed recompiling
[2016.01.14-21.51.02:947][636]PIE: New page: PIE session: FirstPersonExampleMap (Jan 14, 2016, 11:51:02 AM)
[2016.01.14-21.51.02:947][636]LogPlayLevel: Creating play world package: /Game/FirstPersonBP/Maps/UEDPIE_0_FirstPersonExampleMap
[2016.01.14-21.51.02:997][636]LogPlayLevel: PIE: StaticDuplicateObject took: (0.050258s)
[2016.01.14-21.51.02:998][636]LogAIModule: Creating AISystem for world FirstPersonExampleMap
[2016.01.14-21.51.02:998][636]LogPlayLevel: PIE: World Init took: (0.000848s)
[2016.01.14-21.51.02:998][636]LogPlayLevel: PIE: Created PIE world by copying editor world from /Game/FirstPersonBP/Maps/FirstPersonExampleMap.FirstPersonExampleMap to /Game/FirstPersonBP/Maps/UEDPIE_0_FirstPersonExampleMap.FirstPersonExampleMap (0.051398s)
[2016.01.14-21.51.02:998][636]LogActorComponent: UnregisterComponent: (/Engine/Transient.CharMoveComp) Not registered. Aborting.
[2016.01.14-21.51.03:057][636]LogInit: XAudio2 using 'Haut-parleurs (Périphérique High Definition Audio)' : 2 channels at 44.1 kHz using 16 bits per sample (channel mask 0x3)
[2016.01.14-21.51.03:064][636]LogInit: FAudioDevice initialized.
[2016.01.14-21.51.03:156][636]LogWorld: Game class is 'FirstPersonGameMode_C'
[2016.01.14-21.51.03:181][636]LogWorld:Warning: *** WARNING - PATHS MAY NOT BE VALID ***
[2016.01.14-21.51.03:181][636]LogWorld: Bringing World /Game/FirstPersonBP/Maps/UEDPIE_0_FirstPersonExampleMap.FirstPersonExampleMap up for play (max tick rate 60) at 2016.01.14-16.51.03
[2016.01.14-21.51.03:181][636]LogActor:Warning: GameSession /Game/FirstPersonBP/Maps/UEDPIE_0_FirstPersonExampleMap.FirstPersonExampleMap:PersistentLevel.GameSession_0 has natively added scene component(s), but none of them were set as the actor's RootComponent - picking one arbitrarily
[2016.01.14-21.51.03:182][636]LogActor:Warning: GameNetworkManager /Game/FirstPersonBP/Maps/UEDPIE_0_FirstPersonExampleMap.FirstPersonExampleMap:PersistentLevel.GameNetworkManager_0 has natively added scene component(s), but none of them were set as the actor's RootComponent - picking one arbitrarily
[2016.01.14-21.51.03:184][636]LogWorld: Bringing up level for play took: 0.026079
[2016.01.14-21.51.03:188][636]PIE: Info Play in editor start time for /Game/FirstPersonBP/Maps/UEDPIE_0_FirstPersonExampleMap 0.392
[2016.01.14-21.51.03:194][636]LogBlueprintUserMessages: Late PlayInEditor Detection: Level '/Game/FirstPersonBP/Maps/FirstPersonExampleMap.FirstPersonExampleMap:PersistentLevel' has LevelScriptBlueprint '/Game/FirstPersonBP/Maps/FirstPersonExampleMap.FirstPersonExampleMap:PersistentLevel.FirstPersonExampleMap' with GeneratedClass '/Game/FirstPersonBP/Maps/FirstPersonExampleMap.FirstPersonExampleMap_C' with ClassGeneratedBy '/Game/FirstPersonBP/Maps/FirstPersonExampleMap.FirstPersonExampleMap:PersistentLevel.FirstPersonExampleMap'
[2016.01.14-21.51.06:753][772]LogBlueprintUserMessages: [FirstPersonCharacter_C_1] Dash
[2016.01.14-21.51.06:978][781]LogBlueprintUserMessages: [FirstPersonCharacter_C_1] En L'air
[2016.01.14-21.51.09:222][870]LogBlueprintUserMessages: Early EndPlayMap Detection: Level '/Game/FirstPersonBP/Maps/FirstPersonExampleMap.FirstPersonExampleMap:PersistentLevel' has LevelScriptBlueprint '/Game/FirstPersonBP/Maps/FirstPersonExampleMap.FirstPersonExampleMap:PersistentLevel.FirstPersonExampleMap' with GeneratedClass '/Game/FirstPersonBP/Maps/FirstPersonExampleMap.FirstPersonExampleMap_C' with ClassGeneratedBy '/Game/FirstPersonBP/Maps/FirstPersonExampleMap.FirstPersonExampleMap:PersistentLevel.FirstPersonExampleMap'
[2016.01.14-21.51.09:274][870]LogBlueprintUserMessages: Late EndPlayMap Detection: Level '/Game/FirstPersonBP/Maps/FirstPersonExampleMap.FirstPersonExampleMap:PersistentLevel' has LevelScriptBlueprint '/Game/FirstPersonBP/Maps/FirstPersonExampleMap.FirstPersonExampleMap:PersistentLevel.FirstPersonExampleMap' with GeneratedClass '/Game/FirstPersonBP/Maps/FirstPersonExampleMap.FirstPersonExampleMap_C' with ClassGeneratedBy '/Game/FirstPersonBP/Maps/FirstPersonExampleMap.FirstPersonExampleMap:PersistentLevel.FirstPersonExampleMap'
[2016.01.14-21.51.09:290][870]LogParticles: Destroying 0 GPU particle simulations for FXSystem 0x0000009DA6914C20
[2016.01.14-21.51.27:093][309]LogLinker:Warning: Asset '../../../Engine/Content/ArtTools/RenderToTexture/Macros/RenderToTextureMacros.uasset' has been saved with empty engine version. The asset will be loaded but may be incompatible.
[2016.01.14-21.51.27:675][309]LogContentBrowser: Native class hierarchy updated for 'BlueprintGraph' in 0.0009 seconds. Added 107 classes and 0 folders.
[2016.01.14-21.51.47:162][398]LogActorComponent: UnregisterComponent: (/Engine/Transient.CharMoveComp) Not registered. Aborting.
[2016.01.14-21.51.49:935][485]LogSavePackage: Save=757.443787ms
[2016.01.14-21.51.49:935][485]LogSavePackage: Moving '../../../../../../Bibliothèques/Documents/Unreal Projects/ShadowerFall/Saved/FirstPersonCharacter3BAF838741593FF09411FD918C29EE15.tmp' to '../../../../../../Bibliothèques/Documents/Unreal Projects/ShadowerFall/Content/FirstPersonBP/Blueprints/FirstPersonCharacter.uasset'
[2016.01.14-21.51.49:939][485]LogSavePackage: Total save time: 773.302596ms
[2016.01.14-21.51.49:939][485]LogSavePackage:Warning: Finished SavePackage ../../../../../../Bibliothèques/Documents/Unreal Projects/ShadowerFall/Content/FirstPersonBP/Blueprints/FirstPersonCharacter.uasset
[2016.01.14-21.52.13:104][633]LogBlueprintUserMessages: Early PlayInEditor Detection: Level '/Game/FirstPersonBP/Maps/FirstPersonExampleMap.FirstPersonExampleMap:PersistentLevel' has LevelScriptBlueprint '/Game/FirstPersonBP/Maps/FirstPersonExampleMap.FirstPersonExampleMap:PersistentLevel.FirstPersonExampleMap' with GeneratedClass '/Game/FirstPersonBP/Maps/FirstPersonExampleMap.FirstPersonExampleMap_C' with ClassGeneratedBy '/Game/FirstPersonBP/Maps/FirstPersonExampleMap.FirstPersonExampleMap:PersistentLevel.FirstPersonExampleMap'
[2016.01.14-21.52.13:104][633]BlueprintLog: New page: Pre-Play auto-recompile
[2016.01.14-21.52.13:107][633]LogActorComponent: UnregisterComponent: (/Engine/Transient.CharacterMovementComponent_0) Not registered. Aborting.
[2016.01.14-21.52.13:108][633]LogActorComponent: UnregisterComponent: (/Engine/Transient.CharacterMovementComponent_1) Not registered. Aborting.
[2016.01.14-21.52.13:119][633]LogPlayLevel: [PlayLevel] Compiling NewKamikaze before play...
[2016.01.14-21.52.13:221][633]LogPlayLevel: PlayLevel: Blueprint regeneration took 116 ms (4 blueprints)
[2016.01.14-21.52.13:267][633]LogPlayLevel: [PlayLevel] Compiling FirstPersonCharacter before play...
[2016.01.14-21.52.13:782][633]LogPlayLevel: PlayLevel: Blueprint regeneration took 678 ms (11 blueprints)
[2016.01.14-21.52.13:783][633]LogPlayLevel: [PlayLevel] Compiling Chase before play...
[2016.01.14-21.52.13:836][633]LogPlayLevel: PlayLevel: Blueprint regeneration took 732 ms (11 blueprints)
[2016.01.14-21.52.13:836][633]LogPlayLevel: [PlayLevel] Compiling RandomMovement before play...
[2016.01.14-21.52.13:891][633]LogPlayLevel: PlayLevel: Blueprint regeneration took 787 ms (11 blueprints)
[2016.01.14-21.52.13:892][633]LogPlayLevel: [PlayLevel] Compiling ArrowNORMAL before play...
[2016.01.14-21.52.14:019][633]LogPlayLevel: PlayLevel: Blueprint regeneration took 915 ms (12 blueprints)
[2016.01.14-21.52.14:020][633]LogPlayLevel: [PlayLevel] Compiling ArrowTransP before play...
[2016.01.14-21.52.14:132][633]LogPlayLevel: PlayLevel: Blueprint regeneration took 1028 ms (12 blueprints)
[2016.01.14-21.52.14:133][633]LogPlayLevel: [PlayLevel] Compiling CoffreNormal before play...
[2016.01.14-21.52.14:221][633]LogPlayLevel: PlayLevel: Blueprint regeneration took 1117 ms (12 blueprints)
[2016.01.14-21.52.14:222][633]LogPlayLevel: [PlayLevel] Compiling CoffreExplosion before play...
[2016.01.14-21.52.14:369][633]LogPlayLevel: PlayLevel: Blueprint regeneration took 1265 ms (12 blueprints)
[2016.01.14-21.52.14:370][633]LogPlayLevel: [PlayLevel] Compiling CoffreTranspercante before play...
[2016.01.14-21.52.14:447][633]LogPlayLevel: PlayLevel: Blueprint regeneration took 1344 ms (12 blueprints)
[2016.01.14-21.52.14:448][633]LogPlayLevel: [PlayLevel] Compiling BP_Wall before play...
[2016.01.14-21.52.14:511][633]LogPlayLevel: PlayLevel: Blueprint regeneration took 1407 ms (12 blueprints)
[2016.01.14-21.52.14:512][633]LogPlayLevel: [PlayLevel] Compiling CustomHUD before play...
[2016.01.14-21.52.14:598][633]LogPlayLevel: PlayLevel: Blueprint regeneration took 1493 ms (12 blueprints)
[2016.01.14-21.52.14:599][633]LogPlayLevel: [PlayLevel] Compiling ENM before play...
[2016.01.14-21.52.14:673][633]LogPlayLevel: PlayLevel: Blueprint regeneration took 1569 ms (12 blueprints)
[2016.01.14-21.52.14:733][633]PIE: New page: PIE session: FirstPersonExampleMap (Jan 14, 2016, 11:52:14 AM)
[2016.01.14-21.52.14:733][633]LogPlayLevel: Creating play world package: /Game/FirstPersonBP/Maps/UEDPIE_0_FirstPersonExampleMap
[2016.01.14-21.52.14:778][633]LogPlayLevel: PIE: StaticDuplicateObject took: (0.044993s)
[2016.01.14-21.52.14:778][633]LogAIModule: Creating AISystem for world FirstPersonExampleMap
[2016.01.14-21.52.14:779][633]LogPlayLevel: PIE: World Init took: (0.000829s)
[2016.01.14-21.52.14:779][633]LogPlayLevel: PIE: Created PIE world by copying editor world from /Game/FirstPersonBP/Maps/FirstPersonExampleMap.FirstPersonExampleMap to /Game/FirstPersonBP/Maps/UEDPIE_0_FirstPersonExampleMap.FirstPersonExampleMap (0.046099s)
[2016.01.14-21.52.14:812][633]LogInit: XAudio2 using 'Haut-parleurs (Périphérique High Definition Audio)' : 2 channels at 44.1 kHz using 16 bits per sample (channel mask 0x3)
[2016.01.14-21.52.14:818][633]LogInit: FAudioDevice initialized.
[2016.01.14-21.52.14:852][633]LogWorld: Game class is 'FirstPersonGameMode_C'
[2016.01.14-21.52.14:877][633]LogWorld:Warning: *** WARNING - PATHS MAY NOT BE VALID ***
[2016.01.14-21.52.14:877][633]LogWorld: Bringing World /Game/FirstPersonBP/Maps/UEDPIE_0_FirstPersonExampleMap.FirstPersonExampleMap up for play (max tick rate 60) at 2016.01.14-16.52.14
[2016.01.14-21.52.14:878][633]LogActor:Warning: GameSession /Game/FirstPersonBP/Maps/UEDPIE_0_FirstPersonExampleMap.FirstPersonExampleMap:PersistentLevel.GameSession_1 has natively added scene component(s), but none of them were set as the actor's RootComponent - picking one arbitrarily
[2016.01.14-21.52.14:878][633]LogActor:Warning: GameNetworkManager /Game/FirstPersonBP/Maps/UEDPIE_0_FirstPersonExampleMap.FirstPersonExampleMap:PersistentLevel.GameNetworkManager_1 has natively added scene component(s), but none of them were set as the actor's RootComponent - picking one arbitrarily
[2016.01.14-21.52.14:880][633]LogWorld: Bringing up level for play took: 0.026506
[2016.01.14-21.52.14:891][633]PIE: Info Play in editor start time for /Game/FirstPersonBP/Maps/UEDPIE_0_FirstPersonExampleMap 2.094
[2016.01.14-21.52.14:891][633]LogBlueprintUserMessages: Late PlayInEditor Detection: Level '/Game/FirstPersonBP/Maps/FirstPersonExampleMap.FirstPersonExampleMap:PersistentLevel' has LevelScriptBlueprint '/Game/FirstPersonBP/Maps/FirstPersonExampleMap.FirstPersonExampleMap:PersistentLevel.FirstPersonExampleMap' with GeneratedClass '/Game/FirstPersonBP/Maps/FirstPersonExampleMap.FirstPersonExampleMap_C' with ClassGeneratedBy '/Game/FirstPersonBP/Maps/FirstPersonExampleMap.FirstPersonExampleMap:PersistentLevel.FirstPersonExampleMap'
[2016.01.14-21.52.22:745][853]LogPackageName: SearchForPackageOnDisk took   0.092s, but failed to resolve None.umap.
[2016.01.14-21.52.22:843][854]LogPackageName: SearchForPackageOnDisk took   0.090s, but failed to resolve None.umap.
[2016.01.14-21.52.22:843][854]LogNet: Browse: /Game/FirstPersonBP/Maps/FirstPersonExampleMap
[2016.01.14-21.52.22:843][854]LogNet:Warning: Travel Failure: [InvalidURL]: Invalid URL: /Game/FirstPersonBP/Maps/FirstPersonExampleMap
[2016.01.14-21.52.22:844][854]LogNet:Warning: TravelFailure: InvalidURL, Reason for Failure: 'Invalid URL: /Game/FirstPersonBP/Maps/FirstPersonExampleMap'. Shutting down PIE.
[2016.01.14-21.52.22:844][854]PIE:Warning: Warning TravelFailure: InvalidURL, Reason for Failure: 'Invalid URL: /Game/FirstPersonBP/Maps/FirstPersonExampleMap'. Shutting down PIE.
[2016.01.14-21.52.22:844][854]LogNet:Warning: Travel Failure: [ClientTravelFailure]: Invalid URL: /Game/FirstPersonBP/Maps/FirstPersonExampleMap
[2016.01.14-21.52.22:844][854]LogNet:Warning: TravelFailure: ClientTravelFailure, Reason for Failure: 'Invalid URL: /Game/FirstPersonBP/Maps/FirstPersonExampleMap'. Shutting down PIE.
[2016.01.14-21.52.22:844][854]PIE:Warning: Warning TravelFailure: ClientTravelFailure, Reason for Failure: 'Invalid URL: /Game/FirstPersonBP/Maps/FirstPersonExampleMap'. Shutting down PIE.
[2016.01.14-21.52.22:845][854]LogBlueprintUserMessages: Early EndPlayMap Detection: Level '/Game/FirstPersonBP/Maps/FirstPersonExampleMap.FirstPersonExampleMap:PersistentLevel' has LevelScriptBlueprint '/Game/FirstPersonBP/Maps/FirstPersonExampleMap.FirstPersonExampleMap:PersistentLevel.FirstPersonExampleMap' with GeneratedClass '/Game/FirstPersonBP/Maps/FirstPersonExampleMap.FirstPersonExampleMap_C' with ClassGeneratedBy '/Game/FirstPersonBP/Maps/FirstPersonExampleMap.FirstPersonExampleMap:PersistentLevel.FirstPersonExampleMap'
[2016.01.14-21.52.22:911][854]LogBlueprintUserMessages: Late EndPlayMap Detection: Level '/Game/FirstPersonBP/Maps/FirstPersonExampleMap.FirstPersonExampleMap:PersistentLevel' has LevelScriptBlueprint '/Game/FirstPersonBP/Maps/FirstPersonExampleMap.FirstPersonExampleMap:PersistentLevel.FirstPersonExampleMap' with GeneratedClass '/Game/FirstPersonBP/Maps/FirstPersonExampleMap.FirstPersonExampleMap_C' with ClassGeneratedBy '/Game/FirstPersonBP/Maps/FirstPersonExampleMap.FirstPersonExampleMap:PersistentLevel.FirstPersonExampleMap'
[2016.01.14-21.52.22:911][854]LogActorComponent: UnregisterComponent: (/Engine/Transient.CharMoveComp) Not registered. Aborting.
[2016.01.14-21.52.22:950][854]LogParticles: Destroying 0 GPU particle simulations for FXSystem 0x0000009DEF0BD300
[2016.01.14-21.52.40:858][895]BlueprintLog: New page: Compile NewKamikaze
[2016.01.14-21.52.40:950][895]LogActorComponent: UnregisterComponent: (/Engine/Transient.CharMoveComp) Not registered. Aborting.
[2016.01.14-21.52.40:984][895]BlueprintEditorCompileResults: Info [0165.19] Compile of NewKamikaze successful! [in 125 ms]
[2016.01.14-21.52.42:079][949]LogSavePackage: Save=116.315407ms
[2016.01.14-21.52.42:079][949]LogSavePackage: Moving '../../../../../../Bibliothèques/Documents/Unreal Projects/ShadowerFall/Saved/NewKamikaze7C58108F4DBAF5807D8B399E10D3844E.tmp' to '../../../../../../Bibliothèques/Documents/Unreal Projects/ShadowerFall/Content/FirstPersonBP/Blueprints/AI/NewKamikaze.uasset'
[2016.01.14-21.52.42:083][949]LogSavePackage: Total save time: 131.191488ms
[2016.01.14-21.52.42:083][949]LogSavePackage:Warning: Finished SavePackage ../../../../../../Bibliothèques/Documents/Unreal Projects/ShadowerFall/Content/FirstPersonBP/Blueprints/AI/NewKamikaze.uasset
[2016.01.14-21.54.17:818][680]LogSavePackage: Save=109.808540ms
[2016.01.14-21.54.17:818][680]LogSavePackage: Moving '../../../../../../Bibliothèques/Documents/Unreal Projects/ShadowerFall/Saved/NewKamikaze98F3C0EB45961B9EFEE85BBA7B38DB23.tmp' to '../../../../../../Bibliothèques/Documents/Unreal Projects/ShadowerFall/Content/FirstPersonBP/Blueprints/AI/NewKamikaze.uasset'
[2016.01.14-21.54.17:822][680]LogSavePackage: Total save time: 122.570828ms
[2016.01.14-21.54.17:822][680]LogSavePackage:Warning: Finished SavePackage ../../../../../../Bibliothèques/Documents/Unreal Projects/ShadowerFall/Content/FirstPersonBP/Blueprints/AI/NewKamikaze.uasset
[2016.01.14-21.59.54:730][820]LogActorComponent: UnregisterComponent: (/Engine/Transient.CharMoveComp) Not registered. Aborting.
[2016.01.14-21.59.56:942][820]LogActorComponent: UnregisterComponent: (/Engine/Transient.EditorFloorComp) Not registered. Aborting.
[2016.01.14-21.59.56:992][820]LogWindowsTextInputMethodSystem:Display: IME system now deactivated.
[2016.01.14-21.59.57:272][821]Cmd: QUIT_EDITOR
[2016.01.14-21.59.58:441][821]LogExit: Preparing to exit.
[2016.01.14-21.59.58:845][821]LogExit: Editor shut down
[2016.01.14-21.59.58:845][821]LogExit: Transaction tracking system shut down
[2016.01.14-21.59.58:851][821]LogParticles: Destroying 0 GPU particle simulations for FXSystem 0x0000009DBD1BEFC0
[2016.01.14-21.59.58:851][821]LogParticles: Destroying 0 GPU particle simulations for FXSystem 0x0000009DC558F880
[2016.01.14-21.59.58:851][821]LogParticles: Destroying 0 GPU particle simulations for FXSystem 0x0000009DC54CD8A0
[2016.01.14-21.59.58:851][821]LogParticles: Destroying 0 GPU particle simulations for FXSystem 0x0000009DCE6FA8E0
[2016.01.14-21.59.58:852][821]LogParticles: Destroying 0 GPU particle simulations for FXSystem 0x0000009DA6316200
[2016.01.14-21.59.58:853][821]LogParticles: Destroying 0 GPU particle simulations for FXSystem 0x0000009DEFCD3240
[2016.01.14-21.59.59:031][821]LogExit: Object subsystem successfully closed.
[2016.01.14-21.59.59:049][821]LogD3D11RHI: Shutdown
[2016.01.14-21.59.59:049][821]LogD3D11RHI: CleanupD3DDevice
[2016.01.14-21.59.59:080][821]LogD3D11RHI: ~FD3D11DynamicRHI
[2016.01.14-21.59.59:103][821]LogModuleManager: Shutting down and abandoning module BlueprintGraph (198)
[2016.01.14-21.59.59:103][821]LogModuleManager: Shutting down and abandoning module CrashTracker (197)
[2016.01.14-21.59.59:103][821]LogModuleManager: Shutting down and abandoning module SceneOutliner (196)
[2016.01.14-21.59.59:104][821]LogModuleManager: Shutting down and abandoning module SuperSearch (195)
[2016.01.14-21.59.59:104][821]LogModuleManager: Shutting down and abandoning module WidgetCarousel (194)
[2016.01.14-21.59.59:104][821]LogModuleManager: Shutting down and abandoning module AddContentDialog (193)
[2016.01.14-21.59.59:104][821]LogModuleManager: Shutting down and abandoning module EditorWidgets (192)
[2016.01.14-21.59.59:105][821]LogModuleManager: Shutting down and abandoning module CollectionManager (191)
[2016.01.14-21.59.59:105][821]LogModuleManager: Shutting down and abandoning module StatsViewer (190)
[2016.01.14-21.59.59:105][821]LogModuleManager: Shutting down and abandoning module FoliageEdit (189)
[2016.01.14-21.59.59:105][821]LogModuleManager: Shutting down and abandoning module LandscapeEditor (188)
[2016.01.14-21.59.59:105][821]LogModuleManager: Shutting down and abandoning module ActorPickerMode (187)
[2016.01.14-21.59.59:105][821]LogModuleManager: Shutting down and abandoning module GeometryMode (186)
[2016.01.14-21.59.59:105][821]LogModuleManager: Shutting down and abandoning module TextureAlignMode (185)
[2016.01.14-21.59.59:105][821]LogModuleManager: Shutting down and abandoning module BspMode (184)
[2016.01.14-21.59.59:105][821]LogModuleManager: Shutting down and abandoning module PlacementMode (183)
[2016.01.14-21.59.59:105][821]LogModuleManager: Shutting down and abandoning module AutomationWorker (182)
[2016.01.14-21.59.59:105][821]LogModuleManager: Shutting down and abandoning module CharacterAI (181)
[2016.01.14-21.59.59:105][821]LogModuleManager: Shutting down and abandoning module SmartSnapping (180)
[2016.01.14-21.59.59:105][821]LogModuleManager: Shutting down and abandoning module ViewportSnapping (179)
[2016.01.14-21.59.59:105][821]LogModuleManager: Shutting down and abandoning module LogVisualizer (178)
[2016.01.14-21.59.59:105][821]LogModuleManager: Shutting down and abandoning module GameProjectGeneration (177)
[2016.01.14-21.59.59:105][821]LogModuleManager: Shutting down and abandoning module IntroTutorials (176)
[2016.01.14-21.59.59:105][821]LogModuleManager: Shutting down and abandoning module EditorLiveStreaming (175)
[2016.01.14-21.59.59:105][821]LogModuleManager: Shutting down and abandoning module IOSPlatformEditor (174)
[2016.01.14-21.59.59:105][821]LogModuleManager: Shutting down and abandoning module HTML5PlatformEditor (173)
[2016.01.14-21.59.59:105][821]LogModuleManager: Shutting down and abandoning module AndroidDeviceDetection (172)
[2016.01.14-21.59.59:914][821]LogModuleManager: Shutting down and abandoning module AndroidPlatformEditor (171)
[2016.01.14-21.59.59:914][821]LogModuleManager: Shutting down and abandoning module IOSRuntimeSettings (170)
[2016.01.14-21.59.59:914][821]LogModuleManager: Shutting down and abandoning module AndroidRuntimeSettings (169)
[2016.01.14-21.59.59:914][821]LogModuleManager: Shutting down and abandoning module MergeActors (168)
[2016.01.14-21.59.59:914][821]LogModuleManager: Shutting down and abandoning module SizeMap (167)
[2016.01.14-21.59.59:914][821]LogModuleManager: Shutting down and abandoning module TreeMap (166)
[2016.01.14-21.59.59:914][821]LogModuleManager: Shutting down and abandoning module ReferenceViewer (165)
[2016.01.14-21.59.59:914][821]LogModuleManager: Shutting down and abandoning module LocalizationService (164)
[2016.01.14-21.59.59:914][821]LogModuleManager: Shutting down and abandoning module LocalizationDashboard (163)
[2016.01.14-21.59.59:914][821]LogModuleManager: Shutting down and abandoning module HardwareTargeting (162)
[2016.01.14-21.59.59:914][821]LogModuleManager: Shutting down and abandoning module DeviceProfileEditor (161)
[2016.01.14-21.59.59:914][821]LogModuleManager: Shutting down and abandoning module UndoHistory (160)
[2016.01.14-21.59.59:914][821]LogModuleManager: Shutting down and abandoning module GameplayTagsEditor (159)
[2016.01.14-21.59.59:914][821]LogModuleManager: Shutting down and abandoning module UserFeedback (158)
[2016.01.14-21.59.59:914][821]LogModuleManager: Shutting down and abandoning module XmlParser (157)
[2016.01.14-21.59.59:914][821]LogModuleManager: Shutting down and abandoning module Blutility (156)
[2016.01.14-21.59.59:914][821]LogModuleManager: Shutting down and abandoning module ProjectTargetPlatformEditor (155)
[2016.01.14-21.59.59:914][821]LogModuleManager: Shutting down and abandoning module ProjectSettingsViewer (154)
[2016.01.14-21.59.59:914][821]LogModuleManager: Shutting down and abandoning module InputBindingEditor (153)
[2016.01.14-21.59.59:914][821]LogModuleManager: Shutting down and abandoning module EditorSettingsViewer (152)
[2016.01.14-21.59.59:914][821]LogModuleManager: Shutting down and abandoning module SettingsEditor (151)
[2016.01.14-21.59.59:914][821]LogModuleManager: Shutting down and abandoning module ProjectLauncher (150)
[2016.01.14-21.59.59:914][821]LogModuleManager: Shutting down and abandoning module SessionFrontend (149)
[2016.01.14-21.59.59:914][821]LogModuleManager: Shutting down and abandoning module ProfilerClient (148)
[2016.01.14-21.59.59:914][821]LogModuleManager: Shutting down and abandoning module TargetDeviceServices (147)
[2016.01.14-21.59.59:914][821]LogModuleManager: Shutting down and abandoning module DeviceManager (146)
[2016.01.14-21.59.59:914][821]LogModuleManager: Shutting down and abandoning module AutomationController (145)
[2016.01.14-21.59.59:914][821]LogModuleManager: Shutting down and abandoning module AutomationWindow (144)
[2016.01.14-21.59.59:914][821]LogModuleManager: Shutting down and abandoning module Layers (143)
[2016.01.14-21.59.59:914][821]LogModuleManager: Shutting down and abandoning module ComponentVisualizers (142)
[2016.01.14-21.59.59:914][821]LogModuleManager: Shutting down and abandoning module DetailCustomizations (141)
[2016.01.14-21.59.59:915][821]LogModuleManager: Shutting down and abandoning module PackagesDialog (140)
[2016.01.14-21.59.59:915][821]LogModuleManager: Shutting down and abandoning module Persona (139)
[2016.01.14-21.59.59:915][821]LogModuleManager: Shutting down and abandoning module Kismet (138)
[2016.01.14-21.59.59:915][821]LogModuleManager: Shutting down and abandoning module GraphEditor (137)
[2016.01.14-21.59.59:915][821]LogModuleManager: Shutting down and abandoning module ClassViewer (136)
[2016.01.14-21.59.59:915][821]LogModuleManager: Shutting down and abandoning module Toolbox (135)
[2016.01.14-21.59.59:915][821]LogModuleManager: Shutting down and abandoning module ModuleUI (134)
[2016.01.14-21.59.59:915][821]LogModuleManager: Shutting down and abandoning module MovieSceneTools (133)
[2016.01.14-21.59.59:915][821]LogModuleManager: Shutting down and abandoning module OutputLog (132)
[2016.01.14-21.59.59:915][821]LogModuleManager: Shutting down and abandoning module GammaUI (131)
[2016.01.14-21.59.59:915][821]LogModuleManager: Shutting down and abandoning module Documentation (130)
[2016.01.14-21.59.59:915][821]LogModuleManager: Shutting down and abandoning module GameLiveStreaming (129)
[2016.01.14-21.59.59:915][821]LogModuleManager: Shutting down and abandoning module StreamingPauseRendering (128)
[2016.01.14-21.59.59:915][821]LogModuleManager: Shutting down and abandoning module AnalyticsET (127)
[2016.01.14-21.59.59:915][821]LogModuleManager: Shutting down and abandoning module Analytics (126)
[2016.01.14-21.59.59:915][821]LogModuleManager: Shutting down and abandoning module AITestSuite (125)
[2016.01.14-21.59.59:915][821]LogModuleManager: Shutting down and abandoning module GameplayDebugger (124)
[2016.01.14-21.59.59:915][821]LogModuleManager: Shutting down and abandoning module AIModule (123)
[2016.01.14-21.59.59:915][821]LogModuleManager: Shutting down and abandoning module ProfilerService (122)
[2016.01.14-22.00.00:083][821]LogModuleManager: Shutting down and abandoning module TaskGraph (121)
[2016.01.14-22.00.00:083][821]LogModuleManager: Shutting down and abandoning module SlateRemote (120)
[2016.01.14-22.00.00:083][821]LogModuleManager: Shutting down and abandoning module SteamVRController (119)
[2016.01.14-22.00.00:083][821]LogModuleManager: Shutting down and abandoning module SteamVR (118)
[2016.01.14-22.00.00:083][821]LogModuleManager: Shutting down and abandoning module ProceduralMeshComponent (117)
[2016.01.14-22.00.00:083][821]LogModuleManager: Shutting down and abandoning module OculusRift (116)
[2016.01.14-22.00.00:083][821]LogModuleManager: Shutting down and abandoning module OculusLibrary (115)
[2016.01.14-22.00.00:083][821]LogModuleManager: Shutting down and abandoning module LeapMotionController (114)
[2016.01.14-22.00.00:106][821]LogModuleManager: Shutting down and abandoning module CustomMeshComponent (113)
[2016.01.14-22.00.00:106][821]LogModuleManager: Shutting down and abandoning module CableComponent (112)
[2016.01.14-22.00.00:106][821]LogModuleManager: Shutting down and abandoning module ArchVisCharacter (111)
[2016.01.14-22.00.00:106][821]LogModuleManager: Shutting down and abandoning module MessagingDebugger (110)
[2016.01.14-22.00.00:106][821]LogModuleManager: Shutting down and abandoning module MediaPlayerEditor (109)
[2016.01.14-22.00.00:106][821]LogModuleManager: Shutting down and abandoning module HTML5Networking (108)
[2016.01.14-22.00.00:106][821]LogModuleManager: Shutting down and abandoning module SpeedTreeImporter (107)
[2016.01.14-22.00.00:106][821]LogModuleManager: Shutting down and abandoning module PluginBrowser (106)
[2016.01.14-22.00.00:106][821]LogModuleManager: Shutting down and abandoning module EpicSurvey (105)
[2016.01.14-22.00.00:106][821]LogModuleManager: Shutting down and abandoning module DesktopPlatform (104)
[2016.01.14-22.00.00:106][821]LogModuleManager: Shutting down and abandoning module VisualStudioSourceCodeAccess (103)
[2016.01.14-22.00.00:106][821]LogModuleManager: Shutting down and abandoning module UObjectPlugin (102)
[2016.01.14-22.00.00:106][821]LogModuleManager: Shutting down and abandoning module SubversionSourceControl (101)
[2016.01.14-22.00.00:106][821]LogModuleManager: Shutting down and abandoning module PerforceSourceControl (100)
[2016.01.14-22.00.00:106][821]LogModuleManager: Shutting down and abandoning module SourceControl (99)
[2016.01.14-22.00.00:106][821]LogModuleManager: Shutting down and abandoning module GitSourceControl (98)
[2016.01.14-22.00.00:106][821]LogModuleManager: Shutting down and abandoning module LightPropagationVolumeEditor (97)
[2016.01.14-22.00.00:106][821]LogModuleManager: Shutting down and abandoning module PaperTiledImporter (96)
[2016.01.14-22.00.00:106][821]LogModuleManager: Shutting down and abandoning module PaperSpriteSheetImporter (95)
[2016.01.14-22.00.00:106][821]LogModuleManager: Shutting down and abandoning module MeshPaint (94)
[2016.01.14-22.00.00:106][821]LogModuleManager: Shutting down and abandoning module SlateReflector (93)
[2016.01.14-22.00.00:106][821]LogModuleManager: Shutting down and abandoning module HotReload (92)
[2016.01.14-22.00.00:106][821]LogModuleManager: Shutting down and abandoning module MainFrame (91)
[2016.01.14-22.00.00:106][821]LogModuleManager: Shutting down and abandoning module LevelEditor (90)
[2016.01.14-22.00.00:107][821]LogModuleManager: Shutting down and abandoning module DirectoryWatcher (89)
[2016.01.14-22.00.00:108][821]LogModuleManager: Shutting down and abandoning module AssetRegistry (88)
[2016.01.14-22.00.00:189][821]LogModuleManager: Shutting down and abandoning module ContentBrowser (87)
[2016.01.14-22.00.00:189][821]LogModuleManager: Shutting down and abandoning module Paper2DEditor (86)
[2016.01.14-22.00.00:189][821]LogModuleManager: Shutting down and abandoning module UdpMessaging (85)
[2016.01.14-22.00.00:291][821]LogModuleManager: Shutting down and abandoning module LightPropagationVolumeRuntime (84)
[2016.01.14-22.00.00:291][821]LogModuleManager: Shutting down and abandoning module Paper2D (83)
[2016.01.14-22.00.00:291][821]LogModuleManager: Shutting down and abandoning module WindowsMoviePlayer (82)
[2016.01.14-22.00.00:294][821]LogModuleManager: Shutting down and abandoning module Media (81)
[2016.01.14-22.00.00:294][821]LogModuleManager: Shutting down and abandoning module WmfMedia (80)
[2016.01.14-22.00.00:294][821]LogModuleManager: Shutting down and abandoning module OnlineBlueprintSupport (79)
[2016.01.14-22.00.00:294][821]LogModuleManager: Shutting down and abandoning module GameplayTasksEditor (78)
[2016.01.14-22.00.00:294][821]LogModuleManager: Shutting down and abandoning module PropertyEditor (77)
[2016.01.14-22.00.00:294][821]LogModuleManager: Shutting down and abandoning module BehaviorTreeEditor (76)
[2016.01.14-22.00.00:294][821]LogModuleManager: Shutting down and abandoning module FunctionalTesting (75)
[2016.01.14-22.00.00:294][821]LogModuleManager: Shutting down and abandoning module CollisionAnalyzer (74)
[2016.01.14-22.00.00:294][821]LogModuleManager: Shutting down and abandoning module WorkspaceMenuStructure (73)
[2016.01.14-22.00.00:294][821]LogModuleManager: Shutting down and abandoning module MessageLog (72)
[2016.01.14-22.00.00:294][821]LogModuleManager: Shutting down and abandoning module Sequencer (71)
[2016.01.14-22.00.00:294][821]LogModuleManager: Shutting down and abandoning module AssetTools (70)
[2016.01.14-22.00.00:294][821]LogModuleManager: Shutting down and abandoning module UMGEditor (69)
[2016.01.14-22.00.00:294][821]LogModuleManager: Shutting down and abandoning module UMG (68)
[2016.01.14-22.00.00:294][821]LogModuleManager: Shutting down and abandoning module Slate (67)
[2016.01.14-22.00.00:294][821]LogModuleManager: Shutting down and abandoning module EditorStyle (66)
[2016.01.14-22.00.00:296][821]LogModuleManager: Shutting down and abandoning module SessionServices (65)
[2016.01.14-22.00.00:296][821]LogModuleManager: Shutting down and abandoning module SourceCodeAccess (64)
[2016.01.14-22.00.00:296][821]LogModuleManager: Shutting down and abandoning module HeadMountedDisplay (63)
[2016.01.14-22.00.00:296][821]LogModuleManager: Shutting down and abandoning module XAudio2 (62)
[2016.01.14-22.00.00:296][821]LogModuleManager: Shutting down and abandoning module Networking (60)
[2016.01.14-22.00.00:296][821]LogModuleManager: Shutting down and abandoning module Core (59)
[2016.01.14-22.00.00:296][821]LogModuleManager: Shutting down and abandoning module KismetCompiler (58)
[2016.01.14-22.00.00:296][821]LogModuleManager: Shutting down and abandoning module PhysXFormats (57)
[2016.01.14-22.00.00:296][821]LogModuleManager: Shutting down and abandoning module MeshUtilities (56)
[2016.01.14-22.00.00:296][821]LogModuleManager: Shutting down and abandoning module CookingStats (55)
[2016.01.14-22.00.00:297][821]LogModuleManager: Shutting down and abandoning module DerivedDataCache (54)
[2016.01.14-22.00.00:347][821]LogDerivedDataCache: Shutdown
[2016.01.14-22.00.00:347][821]LogModuleManager: Shutting down and abandoning module ShaderFormatOpenGL (53)
[2016.01.14-22.00.00:347][821]LogModuleManager: Shutting down and abandoning module ShaderFormatD3D (52)
[2016.01.14-22.00.00:347][821]LogModuleManager: Shutting down and abandoning module MetalShaderFormat (51)
[2016.01.14-22.00.00:347][821]LogModuleManager: Shutting down and abandoning module TextureFormatUncompressed (50)
[2016.01.14-22.00.00:347][821]LogModuleManager: Shutting down and abandoning module TextureFormatPVR (49)
[2016.01.14-22.00.00:347][821]LogModuleManager: Shutting down and abandoning module TextureFormatIntelISPCTexComp (48)
[2016.01.14-22.00.00:347][821]LogModuleManager: Shutting down and abandoning module TextureFormatDXT (47)
[2016.01.14-22.00.00:347][821]LogModuleManager: Shutting down and abandoning module ImageWrapper (46)
[2016.01.14-22.00.00:347][821]LogModuleManager: Shutting down and abandoning module TextureFormatASTC (45)
[2016.01.14-22.00.00:347][821]LogModuleManager: Shutting down and abandoning module TextureFormatAndroid (44)
[2016.01.14-22.00.00:347][821]LogModuleManager: Shutting down and abandoning module AudioFormatOpus (43)
[2016.01.14-22.00.00:347][821]LogModuleManager: Shutting down and abandoning module AudioFormatOgg (42)
[2016.01.14-22.00.00:347][821]LogModuleManager: Shutting down and abandoning module AudioFormatADPCM (41)
[2016.01.14-22.00.00:347][821]LogModuleManager: Shutting down and abandoning module LinuxTargetPlatform (40)
[2016.01.14-22.00.00:347][821]LogModuleManager: Shutting down and abandoning module LinuxServerTargetPlatform (39)
[2016.01.14-22.00.00:347][821]LogModuleManager: Shutting down and abandoning module LinuxNoEditorTargetPlatform (38)
[2016.01.14-22.00.00:347][821]LogModuleManager: Shutting down and abandoning module Messaging (37)
[2016.01.14-22.00.00:347][821]LogModuleManager: Shutting down and abandoning module IOSTargetPlatform (36)
[2016.01.14-22.00.00:347][821]LogModuleManager: Shutting down and abandoning module HTML5TargetPlatform (35)
[2016.01.14-22.00.00:347][821]LogModuleManager: Shutting down and abandoning module Android_PVRTCTargetPlatform (34)
[2016.01.14-22.00.00:347][821]LogModuleManager: Shutting down and abandoning module Android_ETC2TargetPlatform (33)
[2016.01.14-22.00.00:347][821]LogModuleManager: Shutting down and abandoning module Android_ETC1TargetPlatform (32)
[2016.01.14-22.00.00:347][821]LogModuleManager: Shutting down and abandoning module Android_DXTTargetPlatform (31)
[2016.01.14-22.00.00:347][821]LogModuleManager: Shutting down and abandoning module Android_ATCTargetPlatform (30)
[2016.01.14-22.00.00:347][821]LogModuleManager: Shutting down and abandoning module Android_ASTCTargetPlatform (29)
[2016.01.14-22.00.00:347][821]LogModuleManager: Shutting down and abandoning module AndroidTargetPlatform (28)
[2016.01.14-22.00.00:347][821]LogModuleManager: Shutting down and abandoning module WindowsTargetPlatform (27)
[2016.01.14-22.00.00:347][821]LogModuleManager: Shutting down and abandoning module WindowsServerTargetPlatform (26)
[2016.01.14-22.00.00:347][821]LogModuleManager: Shutting down and abandoning module WindowsNoEditorTargetPlatform (25)
[2016.01.14-22.00.00:347][821]LogModuleManager: Shutting down and abandoning module WindowsClientTargetPlatform (24)
[2016.01.14-22.00.00:347][821]LogModuleManager: Shutting down and abandoning module AllDesktopTargetPlatform (23)
[2016.01.14-22.00.00:347][821]LogModuleManager: Shutting down and abandoning module TargetPlatform (22)
[2016.01.14-22.00.00:347][821]LogModuleManager: Shutting down and abandoning module InputCore (21)
[2016.01.14-22.00.00:347][821]LogModuleManager: Shutting down and abandoning module Settings (20)
[2016.01.14-22.00.00:347][821]LogModuleManager: Shutting down and abandoning module OnlineSubsystem (18)
[2016.01.14-22.00.00:347][821]LogModuleManager: Shutting down and abandoning module HTTP (17)
[2016.01.14-22.00.02:351][821]LogModuleManager: Shutting down and abandoning module XMPP (16)
[2016.01.14-22.00.02:351][821]LogModuleManager: Shutting down and abandoning module ExampleDeviceProfileSelector (15)
[2016.01.14-22.00.02:351][821]LogModuleManager: Shutting down and abandoning module TextureCompressor (14)
[2016.01.14-22.00.02:351][821]LogModuleManager: Shutting down and abandoning module ShaderCore (13)
[2016.01.14-22.00.02:351][821]LogModuleManager: Shutting down and abandoning module Landscape (12)
[2016.01.14-22.00.02:351][821]LogModuleManager: Shutting down and abandoning module SlateRHIRenderer (11)
[2016.01.14-22.00.02:353][821]LogModuleManager: Shutting down and abandoning module OpenGLDrv (10)
[2016.01.14-22.00.02:353][821]LogModuleManager: Shutting down and abandoning module D3D11RHI (9)
[2016.01.14-22.00.02:353][821]LogModuleManager: Shutting down and abandoning module AnimGraphRuntime (8)
[2016.01.14-22.00.02:353][821]LogModuleManager: Shutting down and abandoning module Renderer (7)
[2016.01.14-22.00.02:353][821]LogModuleManager: Shutting down and abandoning module Engine (6)
[2016.01.14-22.00.02:353][821]LogModuleManager: Shutting down and abandoning module CoreUObject (5)
[2016.01.14-22.00.02:353][821]LogModuleManager: Shutting down and abandoning module NetworkFile (4)
[2016.01.14-22.00.02:353][821]LogModuleManager: Shutting down and abandoning module StreamingFile (3)
[2016.01.14-22.00.02:353][821]LogModuleManager: Shutting down and abandoning module SandboxFile (2)
[2016.01.14-22.00.02:353][821]LogModuleManager: Shutting down and abandoning module PakFile (1)
[2016.01.14-22.00.02:353][821]LogExit: Exiting.
[2016.01.14-22.00.02:355][821]Log file closed, 01/14/16 17:00:02
