[2016.01.14-07.23.06:237][  0]Log file open, 01/14/16 02:23:06
[2016.01.14-07.23.06:237][  0]LogInit:Display: Running engine for game: ShadowFall
[2016.01.14-07.23.06:237][  0]LogInit:Display: RandInit(952122822) SRandInit(952122822).
[2016.01.14-07.23.06:237][  0]LogTaskGraph: Started task graph with 4 named threads and 7 total threads.
[2016.01.14-07.23.06:237][  0]LogStats: Stats thread started at 0.081515
[2016.01.14-07.23.06:237][  0]LogInit: Version: 4.9.2-2707645+++depot+UE4-Releases+4.9
[2016.01.14-07.23.06:237][  0]LogInit: API Version: 2672455
[2016.01.14-07.23.06:237][  0]LogInit: Compiled (64-bit): Sep 28 2015 10:25:44
[2016.01.14-07.23.06:237][  0]LogInit: Compiled with Visual C++: 18.00.21005.01
[2016.01.14-07.23.06:237][  0]LogInit: Build Configuration: Development
[2016.01.14-07.23.06:237][  0]LogInit: Branch Name: ++depot+UE4-Releases+4.9
[2016.01.14-07.23.06:237][  0]LogInit: Command line:  
[2016.01.14-07.23.06:237][  0]LogInit: Base directory: D:/Program Files/Epic Games/4.9/Engine/Binaries/Win64/
[2016.01.14-07.23.06:237][  0]LogInit: Rocket: 1
[2016.01.14-07.23.06:248][  0]LogInit: Using libcurl 7.41.0
[2016.01.14-07.23.06:248][  0]LogInit:  - built for x86_64-pc-win32
[2016.01.14-07.23.06:248][  0]LogInit:  - supports SSL with WinSSL
[2016.01.14-07.23.06:248][  0]LogInit:  - other features:
[2016.01.14-07.23.06:248][  0]LogInit:      CURL_VERSION_SSL
[2016.01.14-07.23.06:248][  0]LogInit:      CURL_VERSION_IPV6
[2016.01.14-07.23.06:248][  0]LogInit:      CURL_VERSION_ASYNCHDNS
[2016.01.14-07.23.06:248][  0]LogInit:      CURL_VERSION_LARGEFILE
[2016.01.14-07.23.06:248][  0]LogInit:      CURL_VERSION_IDN
[2016.01.14-07.23.06:248][  0]LogInit:  CurlRequestOptions (configurable via config and command line):
[2016.01.14-07.23.06:248][  0]LogInit:  - bVerifyPeer = true  - Libcurl will verify peer certificate
[2016.01.14-07.23.06:248][  0]LogInit:  - bUseHttpProxy = false  - Libcurl will NOT use HTTP proxy
[2016.01.14-07.23.06:248][  0]LogInit:  - bDontReuseConnections = false  - Libcurl will reuse connections
[2016.01.14-07.23.06:248][  0]LogInit:  - CertBundlePath = nullptr  - Libcurl will use whatever was configured at build time.
[2016.01.14-07.23.06:256][  0]LogInit: Presizing for 0 objects not considered by GC, pre-allocating 0 bytes.
[2016.01.14-07.23.06:264][  0]LogInit: Object subsystem initialized
[2016.01.14-07.23.06:266][  0]LogInit: Selected Device Profile: [Windows]
[2016.01.14-07.23.06:266][  0]LogInit: Applying CVar settings loaded from the selected device profile: [Windows]
[2016.01.14-07.23.06:277][  0]LogInit: Computer: PCMAXIME
[2016.01.14-07.23.06:277][  0]LogInit: User: Maxime
[2016.01.14-07.23.06:277][  0]LogInit: CPU Page size=4096, Cores=4
[2016.01.14-07.23.06:277][  0]LogInit: High frequency timer resolution =2.338452 MHz
[2016.01.14-07.23.06:277][  0]LogMemory: Memory total: Physical=7.9GB (8GB approx)
[2016.01.14-07.23.06:277][  0]LogMemory: Platform Memory Stats for Windows
[2016.01.14-07.23.06:277][  0]LogMemory: Process Physical Memory: 55.76 MB used, 55.76 MB peak
[2016.01.14-07.23.06:277][  0]LogMemory: Process Virtual Memory: 58.90 MB used, 58.90 MB peak
[2016.01.14-07.23.06:277][  0]LogMemory: Physical Memory: 2540.45 MB used, 8123.55 MB total
[2016.01.14-07.23.06:277][  0]LogMemory: Virtual Memory: 353.84 MB used, 134217728.00 MB total
[2016.01.14-07.23.06:316][  0]LogTextLocalizationManager: No translations for ('fr-FR') exist, falling back to 'en' for localization and internationalization data.
[2016.01.14-07.23.07:132][  0]LogD3D11RHI: Found D3D11 adapter 0: AMD Radeon HD 7570M (Feature Level 11_0)
[2016.01.14-07.23.07:132][  0]LogD3D11RHI: Adapter has 1004MB of dedicated video memory, 0MB of dedicated system memory, and 3840MB of shared system memory, 1 output[s]
[2016.01.14-07.23.07:134][  0]LogD3D11RHI: Found D3D11 adapter 1: Microsoft Basic Render Driver (Feature Level 11_0)
[2016.01.14-07.23.07:134][  0]LogD3D11RHI: Adapter has 0MB of dedicated video memory, 0MB of dedicated system memory, and 4061MB of shared system memory, 0 output[s]
[2016.01.14-07.23.07:134][  0]LogD3D11RHI: Chosen D3D11 Adapter Id = 0
[2016.01.14-07.23.07:137][  0]LogD3D11RHI: !Direct3DDevice
[2016.01.14-07.23.07:137][  0]LogRHI: Texture pool is 702 MB (70% of 1004 MB)
[2016.01.14-07.23.07:145][  0]LogD3D11RHI: Async texture creation disabled: no driver support
[2016.01.14-07.23.07:156][  0]LogShaderCompilers: Guid format shader working directory is 15 characters bigger than the processId version (../../../../../../Bibliothèques/Documents/Unreal Projects/ShadowerFall/Intermediate/Shaders/WorkingDirectory/4584/).
[2016.01.14-07.23.07:156][  0]LogShaderCompilers: Cleaned the shader compiler working directory '../../../../../../Bibliothèques/Documents/Unreal Projects/ShadowerFall/Intermediate/Shaders/tmp/390C226F4C61FD47E90AD0B0176F73FE/'.
[2016.01.14-07.23.07:156][  0]LogShaderCompilers:Display: Using Local Shader Compiler.
[2016.01.14-07.23.08:380][  0]LogTemp:Display: Loaded TP AllDesktopTargetPlatform
[2016.01.14-07.23.08:386][  0]LogTemp:Display: Loaded TP WindowsClientTargetPlatform
[2016.01.14-07.23.08:392][  0]LogTemp:Display: Loaded TP WindowsNoEditorTargetPlatform
[2016.01.14-07.23.08:398][  0]LogTemp:Display: Loaded TP WindowsServerTargetPlatform
[2016.01.14-07.23.08:404][  0]LogTemp:Display: Loaded TP WindowsTargetPlatform
[2016.01.14-07.23.08:408][  0]LogTemp:Display: Loaded TP AndroidTargetPlatform
[2016.01.14-07.23.08:411][  0]LogTemp:Display: Loaded TP Android_ASTCTargetPlatform
[2016.01.14-07.23.08:415][  0]LogTemp:Display: Loaded TP Android_ATCTargetPlatform
[2016.01.14-07.23.08:419][  0]LogTemp:Display: Loaded TP Android_DXTTargetPlatform
[2016.01.14-07.23.08:424][  0]LogTemp:Display: Loaded TP Android_ETC1TargetPlatform
[2016.01.14-07.23.08:428][  0]LogTemp:Display: Loaded TP Android_ETC2TargetPlatform
[2016.01.14-07.23.08:432][  0]LogTemp:Display: Loaded TP Android_PVRTCTargetPlatform
[2016.01.14-07.23.08:433][  0]LogTemp:Display: Loaded TP HTML5TargetPlatform
[2016.01.14-07.23.08:451][  0]LogTemp:Display: Loaded TP IOSTargetPlatform
[2016.01.14-07.23.08:454][  0]LogTemp:Display: Loaded TP LinuxNoEditorTargetPlatform
[2016.01.14-07.23.08:458][  0]LogTemp:Display: Loaded TP LinuxServerTargetPlatform
[2016.01.14-07.23.08:462][  0]LogTemp:Display: Loaded TP LinuxTargetPlatform
[2016.01.14-07.23.08:462][  0]LogTargetPlatformManager:Display: Building Assets For Windows
[2016.01.14-07.23.08:568][  0]LogDerivedDataCache:Display: Max Cache Size: 512 MB
[2016.01.14-07.23.08:609][  0]LogDerivedDataCache: Loaded boot cache 0.04s 41MB C:/Users/Maxime/AppData/Local/UnrealEngine/4.9/DerivedDataCache/Boot.ddc.
[2016.01.14-07.23.08:609][  0]LogDerivedDataCache:Display: Loaded Boot cache: C:/Users/Maxime/AppData/Local/UnrealEngine/4.9/DerivedDataCache/Boot.ddc
[2016.01.14-07.23.08:609][  0]LogDerivedDataCache: FDerivedDataBackendGraph:  Pak pak cache file ../../../../../../Bibliothèques/Documents/Unreal Projects/ShadowerFall/DerivedDataCache/DDC.ddp not found, will not use a pak cache.
[2016.01.14-07.23.08:609][  0]LogDerivedDataCache: Unable to find inner node Pak for hierarchical cache Hierarchy.
[2016.01.14-07.23.08:609][  0]LogDerivedDataCache: FDerivedDataBackendGraph:  CompressedPak pak cache file ../../../../../../Bibliothèques/Documents/Unreal Projects/ShadowerFall/DerivedDataCache/Compressed.ddp not found, will not use a pak cache.
[2016.01.14-07.23.08:609][  0]LogDerivedDataCache: Unable to find inner node CompressedPak for hierarchical cache Hierarchy.
[2016.01.14-07.23.08:770][  0]LogDerivedDataCache:Display: Pak cache opened for reading ../../../Engine/DerivedDataCache/Compressed.ddp.
[2016.01.14-07.23.08:783][  0]LogDerivedDataCache: Using Local data cache path C:/Users/Maxime/AppData/Local/UnrealEngine/Common/DerivedDataCache: Writable
[2016.01.14-07.23.08:996][  0]LogInit: Selected Device Profile: [Windows]
[2016.01.14-07.23.08:999][  0]LogContentStreaming: Texture pool size is 0.000000MB
[2016.01.14-07.23.09:137][  0]LogMeshUtilities: No automatic mesh reduction module available
[2016.01.14-07.23.09:137][  0]LogMeshUtilities: No automatic mesh merging module available
[2016.01.14-07.23.09:415][  0]LogInit: WinSock: version 1.1 (2.2), MaxSocks=32767, MaxUdp=65467
[2016.01.14-07.23.10:208][  0]UdpMessaging: Initializing bridge on interface 0.0.0.0:0 to multicast group 230.0.0.1:6666.
[2016.01.14-07.23.10:312][  0]LogAssetRegistry: FAssetRegistry took 0.0105 seconds to start up
[2016.01.14-07.23.10:547][  0]SourceControl: Info Source control is disabled
[2016.01.14-07.23.10:549][  0]SourceControl: Info Source control is disabled
[2016.01.14-07.23.10:564][  0]SourceControl: Info Source control is disabled
[2016.01.14-07.23.10:579][  0]SourceControl: Info Source control is disabled
[2016.01.14-07.23.10:780][  0]LogLinker:Warning: Asset '../../../Engine/Plugins/Runtime/LeapMotionController/Content/LM_PassthroughMaterial.uasset' has been saved with empty engine version. The asset will be loaded but may be incompatible.
[2016.01.14-07.23.10:886][  0]LogObj: 28361 objects as part of root set at end of initial load.
[2016.01.14-07.23.10:886][  0]LogUObjectAllocator: 6038872 out of 0 bytes used by permanent object pool.
[2016.01.14-07.23.10:946][  0]LogEngine: Initializing Engine...
[2016.01.14-07.23.10:949][  0]LogHMD: Can't find Oculus library dev build: is proper Runtime installed? Version: 0.7.0.0
[2016.01.14-07.23.10:950][  0]LogHMD: SteamVR failed to initialize.  Err: 110
[2016.01.14-07.23.11:084][  0]LogAIModule: Creating AISystem for world NewWorld
[2016.01.14-07.23.11:089][  0]LogInit: XAudio2 using 'Haut-parleurs (Périphérique High Definition Audio)' : 2 channels at 44.1 kHz using 16 bits per sample (channel mask 0x3)
[2016.01.14-07.23.11:102][  0]LogInit: FAudioDevice initialized.
[2016.01.14-07.23.11:122][  0]LogDerivedDataCache: Saved boot cache 0.02s 41MB C:/Users/Maxime/AppData/Local/UnrealEngine/4.9/DerivedDataCache/Boot.ddc.
[2016.01.14-07.23.11:125][  0]LogInit: Texture streaming: Enabled
[2016.01.14-07.23.11:131][  0]LogAnalytics: Creating configured Analytics provider AnalyticsET
[2016.01.14-07.23.11:131][  0]LogAnalytics: [UEEditor.Rocket.Release] APIServer = http://et2.epicgames.com/ET2/. AppVersion = 4.9.2-2707645+++depot+UE4-Releases+4.9
[2016.01.14-07.23.11:131][  0]LogAnalytics: [UEEditor.Rocket.Release] SetUserId 9a9effe84c4b08c90696e581cd7488a3|06ed4f6a0f4048debc1b07e05a99303a|05176c3f-19e8-4dc1-8202-ec95daad005f
[2016.01.14-07.23.11:131][  0]LogAnalytics: [UEEditor.Rocket.Release] AnalyticsET::StartSession
[2016.01.14-07.23.11:169][  0]LogInit: Transaction tracking system initialized
[2016.01.14-07.23.11:208][  0]BlueprintLog: New page: Editor Load
[2016.01.14-07.23.11:314][  0]LocalizationService: Info Localization service is disabled
[2016.01.14-07.23.11:574][  0]LogConsoleResponse:Display: 
[2016.01.14-07.23.11:703][  0]LogCook:Display: Done creating registry. It took  0.00s.
[2016.01.14-07.23.11:772][  0]LogFileCache: Scanning file cache for directory 'D:/Bibliothèques/Documents/Unreal Projects/ShadowerFall/Content/' took 0.02s
[2016.01.14-07.23.11:772][  0]SourceControl: Info Source control is disabled
[2016.01.14-07.23.11:772][  0]Cmd: MAP LOAD FILE="../../../../../../Bibliothèques/Documents/Unreal Projects/ShadowerFall/Content/FirstPersonBP/Maps/FirstPersonExampleMap.umap" TEMPLATE=0 SHOWPROGRESS=1 FEATURELEVEL=3
[2016.01.14-07.23.11:773][  0]LightingResults: New page: Lighting Build
[2016.01.14-07.23.11:776][  0]MapCheck: New page: Map Check
[2016.01.14-07.23.11:776][  0]LightingResults: New page: Lighting Build
[2016.01.14-07.23.11:788][  0]LogParticles: Destroying 0 GPU particle simulations for FXSystem 0x000000C60F2EC400
[2016.01.14-07.23.11:983][  0]LogLinker:Warning: Asset '../../../../../../Bibliothèques/Documents/Unreal Projects/ShadowerFall/Content/FirstPerson/Meshes/FirstPersonProjectileMesh.uasset' has been saved with empty engine version. The asset will be loaded but may be incompatible.
[2016.01.14-07.23.13:433][  0]LogAIModule: Creating AISystem for world FirstPersonExampleMap
[2016.01.14-07.23.13:456][  0]LogEditorServer: Finished looking for orphan Actors (0.000 secs)
[2016.01.14-07.23.13:456][  0]Cmd: MAP CHECKDEP NOCLEARLOG
[2016.01.14-07.23.13:558][  0]MapCheck: Info Map check complete: 0 Error(s), 0 Warning(s), took 101.087ms to complete.
[2016.01.14-07.23.13:558][  0]LogFileHelpers: Loading map 'FirstPersonExampleMap' took 1.786
[2016.01.14-07.23.13:679][  0]LogCollectionManager: Loaded 0 collections in 0.003847 seconds
[2016.01.14-07.23.13:722][  0]LogFileCache: Scanning file cache for directory 'D:/Bibliothèques/Documents/Unreal Projects/ShadowerFall/Saved/Collections/' took 0.01s
[2016.01.14-07.23.13:722][  0]LogFileCache: Scanning file cache for directory 'D:/Bibliothèques/Documents/Unreal Projects/ShadowerFall/Content/Developers/Maxime/Collections/' took 0.01s
[2016.01.14-07.23.13:722][  0]LogFileCache: Scanning file cache for directory 'D:/Bibliothèques/Documents/Unreal Projects/ShadowerFall/Content/Collections/' took 0.01s
[2016.01.14-07.23.13:722][  0]LogContentBrowser: Native class hierarchy populated in 0.0081 seconds. Added 1867 classes and 333 folders.
[2016.01.14-07.23.13:728][  0]LogCollectionManager: Rebuilt the GUID cache for 0 collections in 0.000003 seconds
[2016.01.14-07.23.13:735][  0]LogContentBrowser: Native class hierarchy updated for 'WidgetCarousel' in 0.0005 seconds. Added 0 classes and 0 folders.
[2016.01.14-07.23.13:796][  0]LogContentBrowser: Native class hierarchy updated for 'AddContentDialog' in 0.0005 seconds. Added 0 classes and 0 folders.
[2016.01.14-07.23.13:801][  0]LogContentBrowser: Native class hierarchy updated for 'SceneOutliner' in 0.0005 seconds. Added 1 classes and 2 folders.
[2016.01.14-07.23.13:893][  0]LogCrashTracker: Crashtracker disabled due to settings.
[2016.01.14-07.23.13:897][  0]LogUObjectGlobals:Warning: Failed to find object 'Class None.'
[2016.01.14-07.23.13:919][  0]LogLoad: Full Startup: 8.31 seconds (BP compile: 0.59 seconds)
[2016.01.14-07.23.13:986][  0]LogContentStreaming: Texture pool size now 200 MB
[2016.01.14-07.23.14:140][  0]LogRenderer: Reallocating scene render targets to support 1252x668 (Frame:2).
[2016.01.14-07.23.14:678][  7]LogAssetRegistry: Asset discovery search completed in 4.3768 seconds
[2016.01.14-07.23.14:678][  7]LogCollectionManager: Rebuilt the object cache for 0 collections in 0.000001 seconds (found 0 objects)
[2016.01.14-07.23.14:678][  7]LogCollectionManager: Fixed up redirectors for 0 collections in 0.000025 seconds (updated 0 objects)
[2016.01.14-07.23.20:648][189]LogLinker:Warning: Asset '../../../Engine/Content/ArtTools/RenderToTexture/Macros/RenderToTextureMacros.uasset' has been saved with empty engine version. The asset will be loaded but may be incompatible.
[2016.01.14-07.23.21:267][189]LogContentBrowser: Native class hierarchy updated for 'BlueprintGraph' in 0.0009 seconds. Added 107 classes and 0 folders.
[2016.01.14-07.23.54:291][709]LogBlueprintUserMessages: Early PlayInEditor Detection: Level '/Game/FirstPersonBP/Maps/FirstPersonExampleMap.FirstPersonExampleMap:PersistentLevel' has LevelScriptBlueprint '/Game/FirstPersonBP/Maps/FirstPersonExampleMap.FirstPersonExampleMap:PersistentLevel.FirstPersonExampleMap' with GeneratedClass '/Game/FirstPersonBP/Maps/FirstPersonExampleMap.FirstPersonExampleMap_C' with ClassGeneratedBy '/Game/FirstPersonBP/Maps/FirstPersonExampleMap.FirstPersonExampleMap:PersistentLevel.FirstPersonExampleMap'
[2016.01.14-07.23.54:291][709]LogPlayLevel: PlayLevel: No blueprints needed recompiling
[2016.01.14-07.23.54:291][709]PIE: New page: PIE session: FirstPersonExampleMap (Jan 13, 2016, 9:23:54 PM)
[2016.01.14-07.23.54:291][709]LogPlayLevel: Creating play world package: /Game/FirstPersonBP/Maps/UEDPIE_0_FirstPersonExampleMap
[2016.01.14-07.23.54:340][709]LogPlayLevel: PIE: StaticDuplicateObject took: (0.049389s)
[2016.01.14-07.23.54:341][709]LogAIModule: Creating AISystem for world FirstPersonExampleMap
[2016.01.14-07.23.54:341][709]LogPlayLevel: PIE: World Init took: (0.000836s)
[2016.01.14-07.23.54:341][709]LogPlayLevel: PIE: Created PIE world by copying editor world from /Game/FirstPersonBP/Maps/FirstPersonExampleMap.FirstPersonExampleMap to /Game/FirstPersonBP/Maps/UEDPIE_0_FirstPersonExampleMap.FirstPersonExampleMap (0.050478s)
[2016.01.14-07.23.54:342][709]LogActorComponent: UnregisterComponent: (/Engine/Transient.CharMoveComp) Not registered. Aborting.
[2016.01.14-07.23.54:342][709]LogActorComponent: UnregisterComponent: (/Engine/Transient.CharacterMovementComponent_0) Not registered. Aborting.
[2016.01.14-07.23.54:342][709]LogActorComponent: UnregisterComponent: (/Engine/Transient.PawnSensing_GEN_VARIABLE) Not registered. Aborting.
[2016.01.14-07.23.54:417][709]LogInit: XAudio2 using 'Haut-parleurs (Périphérique High Definition Audio)' : 2 channels at 44.1 kHz using 16 bits per sample (channel mask 0x3)
[2016.01.14-07.23.54:423][709]LogInit: FAudioDevice initialized.
[2016.01.14-07.23.54:475][709]LogLinker:Warning: Asset '../../../../../../Bibliothèques/Documents/Unreal Projects/ShadowerFall/Content/FirstPersonBP/Blueprints/FirstPersonHUD.uasset' has been saved with empty engine version. The asset will be loaded but may be incompatible.
[2016.01.14-07.23.54:510][709]LogWorld: Game class is 'FirstPersonGameMode_C'
[2016.01.14-07.23.58:272][709]LogOutputDevice: === Handled error: ===

Ensure condition failed: false [File:D:\BuildFarm\buildmachine_++depot+UE4-Releases+4.9\Engine\Source\Runtime\Engine\Private\Components\SceneComponent.cpp] [Line: 1200]
Template Mismatch during attachment. Attaching instanced component to template component. Parent 'CollisionCylinder' Self 'Arrow'
Stack: 
UE4Editor-Core.dll!FWindowsPlatformStackWalk::StackWalkAndDump() [d:\buildfarm\buildmachine_++depot+ue4-releases+4.9\engine\source\runtime\core\private\windows\windowsplatformstackwalk.cpp:175]
UE4Editor-Core.dll!FDebug::EnsureFailed() [d:\buildfarm\buildmachine_++depot+ue4-releases+4.9\engine\source\runtime\core\private\misc\outputdevice.cpp:258]
UE4Editor-Core.dll!FDebug::OptionallyLogFormattedEnsureMessageReturningFalse() [d:\buildfarm\buildmachine_++depot+ue4-releases+4.9\engine\source\runtime\core\private\misc\outputdevice.cpp:368]
UE4Editor-Engine.dll!USceneComponent::AttachTo() [d:\buildfarm\buildmachine_++depot+ue4-releases+4.9\engine\source\runtime\engine\private\components\scenecomponent.cpp:1200]
UE4Editor-Engine.dll!USceneComponent::OnRegister() [d:\buildfarm\buildmachine_++depot+ue4-releases+4.9\engine\source\runtime\engine\private\components\scenecomponent.cpp:370]
UE4Editor-Engine.dll!UPrimitiveComponent::OnRegister() [d:\buildfarm\buildmachine_++depot+ue4-releases+4.9\engine\source\runtime\engine\private\components\primitivecomponent.cpp:389]
UE4Editor-Engine.dll!UActorComponent::ExecuteRegisterEvents() [d:\buildfarm\buildmachine_++depot+ue4-releases+4.9\engine\source\runtime\engine\private\components\actorcomponent.cpp:1040]
UE4Editor-Engine.dll!UActorComponent::RegisterComponentWithWorld() [d:\buildfarm\buildmachine_++depot+ue4-releases+4.9\engine\source\runtime\engine\private\components\actorcomponent.cpp:825]
UE4Editor-Engine.dll!AActor::IncrementalRegisterComponents() [d:\buildfarm\buildmachine_++depot+ue4-releases+4.9\engine\source\runtime\engine\private\actor.cpp:3656]
UE4Editor-Engine.dll!ULevel::IncrementalUpdateComponents() [d:\buildfarm\buildmachine_++depot+ue4-releases+4.9\engine\source\runtime\engine\private\level.cpp:755]
UE4Editor-Engine.dll!UWorld::UpdateWorldComponents() [d:\buildfarm\buildmachine_++depot+ue4-releases+4.9\engine\source\runtime\engine\private\world.cpp:1290]
UE4Editor-Engine.dll!UWorld::InitializeActorsForPlay() [d:\buildfarm\buildmachine_++depot+ue4-releases+4.9\engine\source\runtime\engine\private\world.cpp:2939]
UE4Editor-Engine.dll!UGameInstance::StartPIEGameInstance() [d:\buildfarm\buildmachine_++depot+ue4-releases+4.9\engine\source\runtime\engine\private\gameinstance.cpp:250]
UE4Editor-UnrealEd.dll!UEditorEngine::CreatePIEGameInstance() [d:\buildfarm\buildmachine_++depot+ue4-releases+4.9\engine\source\editor\unrealed\private\playlevel.cpp:3137]
UE4Editor-UnrealEd.dll!UEditorEngine::PlayInEditor() [d:\buildfarm\buildmachine_++depot+ue4-releases+4.9\engine\source\editor\unrealed\private\playlevel.cpp:2385]
UE4Editor-UnrealEd.dll!UEditorEngine::StartQueuedPlayMapRequest() [d:\buildfarm\buildmachine_++depot+ue4-releases+4.9\engine\source\editor\unrealed\private\playlevel.cpp:1066]
UE4Editor-UnrealEd.dll!UEditorEngine::Tick() [d:\buildfarm\buildmachine_++depot+ue4-releases+4.9\engine\source\editor\unrealed\private\editorengine.cpp:1244]
UE4Editor-UnrealEd.dll!UUnrealEdEngine::Tick() [d:\buildfarm\buildmachine_++depot+ue4-releases+4.9\engine\source\editor\unrealed\private\unrealedengine.cpp:366]
UE4Editor.exe!FEngineLoop::Tick() [d:\buildfarm\buildmachine_++depot+ue4-releases+4.9\engine\source\runtime\launch\private\launchengineloop.cpp:2428]
UE4Editor.exe!GuardedMain() [d:\buildfarm\buildmachine_++depot+ue4-releases+4.9\engine\source\runtime\launch\private\launch.cpp:142]
UE4Editor.exe!GuardedMainWrapper() [d:\buildfarm\buildmachine_++depot+ue4-releases+4.9\engine\source\runtime\launch\private\windows\launchwindows.cpp:126]
UE4Editor.exe!WinMain() [d:\buildfarm\buildmachine_++depot+ue4-releases+4.9\engine\source\runtime\launch\private\windows\launchwindows.cpp:200]
UE4Editor.exe!__tmainCRTStartup() [f:\dd\vctools\crt\crtw32\dllstuff\crtexe.c:618]
KERNEL32.DLL
ntdll.dll
ntdll.dll

[2016.01.14-07.23.58:514][709]LogWorld:Warning: *** WARNING - PATHS MAY NOT BE VALID ***
[2016.01.14-07.23.58:514][709]LogWorld: Bringing World /Game/FirstPersonBP/Maps/UEDPIE_0_FirstPersonExampleMap.FirstPersonExampleMap up for play (max tick rate 60) at 2016.01.14-02.23.58
[2016.01.14-07.23.58:514][709]LogActor:Warning: GameSession /Game/FirstPersonBP/Maps/UEDPIE_0_FirstPersonExampleMap.FirstPersonExampleMap:PersistentLevel.GameSession_0 has natively added scene component(s), but none of them were set as the actor's RootComponent - picking one arbitrarily
[2016.01.14-07.23.58:515][709]LogActor:Warning: GameNetworkManager /Game/FirstPersonBP/Maps/UEDPIE_0_FirstPersonExampleMap.FirstPersonExampleMap:PersistentLevel.GameNetworkManager_0 has natively added scene component(s), but none of them were set as the actor's RootComponent - picking one arbitrarily
[2016.01.14-07.23.58:517][709]LogWorld: Bringing up level for play took: 4.005287
[2016.01.14-07.23.58:561][709]PIE: Info Play in editor start time for /Game/FirstPersonBP/Maps/UEDPIE_0_FirstPersonExampleMap 3.414
[2016.01.14-07.23.58:561][709]LogBlueprintUserMessages: Late PlayInEditor Detection: Level '/Game/FirstPersonBP/Maps/FirstPersonExampleMap.FirstPersonExampleMap:PersistentLevel' has LevelScriptBlueprint '/Game/FirstPersonBP/Maps/FirstPersonExampleMap.FirstPersonExampleMap:PersistentLevel.FirstPersonExampleMap' with GeneratedClass '/Game/FirstPersonBP/Maps/FirstPersonExampleMap.FirstPersonExampleMap_C' with ClassGeneratedBy '/Game/FirstPersonBP/Maps/FirstPersonExampleMap.FirstPersonExampleMap:PersistentLevel.FirstPersonExampleMap'
[2016.01.14-07.23.58:936][709]LogCrashTracker: 


[2016.01.14-07.23.58:936][709]LogCrashTracker: 


[2016.01.14-07.23.58:936][709]LogWindows: === Critical error: ===


[2016.01.14-07.23.59:080][709]LogExit: Executing StaticShutdownAfterError
[2016.01.14-07.23.59:089][709]LogPhysics:Warning: PHYSX: ..\..\PhysX\src\NpScene.cpp (2946) 8 : PxScene::unlockWrite() called without matching call to PxScene::lockWrite(), behaviour will be undefined.
[2016.01.14-07.23.59:089][709]LogPhysics:Warning: PHYSX: ..\..\PhysX\src\NpScene.cpp (2946) 8 : PxScene::unlockWrite() called without matching call to PxScene::lockWrite(), behaviour will be undefined.
[2016.01.14-07.23.59:089][709]LogPhysics:Warning: PHYSX: ..\..\PhysX\src\NpScene.cpp (2946) 8 : PxScene::unlockWrite() called without matching call to PxScene::lockWrite(), behaviour will be undefined.
[2016.01.14-07.23.59:090][709]LogPhysics:Warning: PHYSX: ..\..\PhysX\src\NpScene.cpp (2946) 8 : PxScene::unlockWrite() called without matching call to PxScene::lockWrite(), behaviour will be undefined.
[2016.01.14-07.23.59:090][709]LogPhysics:Warning: PHYSX: ..\..\PhysX\src\NpScene.cpp (2946) 8 : PxScene::unlockWrite() called without matching call to PxScene::lockWrite(), behaviour will be undefined.
[2016.01.14-07.23.59:090][709]LogPhysics:Warning: PHYSX: ..\..\PhysX\src\NpScene.cpp (2946) 8 : PxScene::unlockWrite() called without matching call to PxScene::lockWrite(), behaviour will be undefined.
[2016.01.14-07.23.59:090][709]LogPhysics:Warning: PHYSX: ..\..\PhysX\src\NpScene.cpp (2946) 8 : PxScene::unlockWrite() called without matching call to PxScene::lockWrite(), behaviour will be undefined.
[2016.01.14-07.23.59:090][709]LogPhysics:Warning: PHYSX: ..\..\PhysX\src\NpScene.cpp (2946) 8 : PxScene::unlockWrite() called without matching call to PxScene::lockWrite(), behaviour will be undefined.
[2016.01.14-07.23.59:090][709]LogPhysics:Warning: PHYSX: ..\..\PhysX\src\NpScene.cpp (2946) 8 : PxScene::unlockWrite() called without matching call to PxScene::lockWrite(), behaviour will be undefined.
[2016.01.14-07.23.59:091][709]LogPhysics:Warning: PHYSX: ..\..\PhysX\src\NpScene.cpp (2946) 8 : PxScene::unlockWrite() called without matching call to PxScene::lockWrite(), behaviour will be undefined.
[2016.01.14-07.23.59:091][709]LogPhysics:Warning: PHYSX: ..\..\PhysX\src\NpScene.cpp (2946) 8 : PxScene::unlockWrite() called without matching call to PxScene::lockWrite(), behaviour will be undefined.
[2016.01.14-07.23.59:091][709]LogPhysics:Warning: PHYSX: ..\..\PhysX\src\NpScene.cpp (2946) 8 : PxScene::unlockWrite() called without matching call to PxScene::lockWrite(), behaviour will be undefined.
[2016.01.14-07.23.59:091][709]LogWindows: FPlatformMisc::RequestExit(1)
[2016.01.14-07.23.59:091][709]Log file closed, 01/14/16 02:23:59
