[2016.01.15-01.08.11:689][  0]Log file open, 01/14/16 20:08:11
[2016.01.15-01.08.11:689][  0]LogInit:Display: Running engine for game: ShadowFall
[2016.01.15-01.08.11:689][  0]LogInit:Display: RandInit(127824697) SRandInit(127824698).
[2016.01.15-01.08.11:689][  0]LogTaskGraph: Started task graph with 4 named threads and 7 total threads.
[2016.01.15-01.08.11:689][  0]LogStats: Stats thread started at 0.094352
[2016.01.15-01.08.11:689][  0]LogInit: Version: 4.9.2-2707645+++depot+UE4-Releases+4.9
[2016.01.15-01.08.11:689][  0]LogInit: API Version: 2672455
[2016.01.15-01.08.11:689][  0]LogInit: Compiled (64-bit): Sep 28 2015 10:25:44
[2016.01.15-01.08.11:689][  0]LogInit: Compiled with Visual C++: 18.00.21005.01
[2016.01.15-01.08.11:689][  0]LogInit: Build Configuration: Development
[2016.01.15-01.08.11:689][  0]LogInit: Branch Name: ++depot+UE4-Releases+4.9
[2016.01.15-01.08.11:689][  0]LogInit: Command line:  
[2016.01.15-01.08.11:689][  0]LogInit: Base directory: D:/Program Files/Epic Games/4.9/Engine/Binaries/Win64/
[2016.01.15-01.08.11:689][  0]LogInit: Rocket: 1
[2016.01.15-01.08.11:705][  0]LogInit: Using libcurl 7.41.0
[2016.01.15-01.08.11:705][  0]LogInit:  - built for x86_64-pc-win32
[2016.01.15-01.08.11:705][  0]LogInit:  - supports SSL with WinSSL
[2016.01.15-01.08.11:705][  0]LogInit:  - other features:
[2016.01.15-01.08.11:705][  0]LogInit:      CURL_VERSION_SSL
[2016.01.15-01.08.11:705][  0]LogInit:      CURL_VERSION_IPV6
[2016.01.15-01.08.11:705][  0]LogInit:      CURL_VERSION_ASYNCHDNS
[2016.01.15-01.08.11:705][  0]LogInit:      CURL_VERSION_LARGEFILE
[2016.01.15-01.08.11:705][  0]LogInit:      CURL_VERSION_IDN
[2016.01.15-01.08.11:705][  0]LogInit:  CurlRequestOptions (configurable via config and command line):
[2016.01.15-01.08.11:705][  0]LogInit:  - bVerifyPeer = true  - Libcurl will verify peer certificate
[2016.01.15-01.08.11:705][  0]LogInit:  - bUseHttpProxy = false  - Libcurl will NOT use HTTP proxy
[2016.01.15-01.08.11:705][  0]LogInit:  - bDontReuseConnections = false  - Libcurl will reuse connections
[2016.01.15-01.08.11:705][  0]LogInit:  - CertBundlePath = nullptr  - Libcurl will use whatever was configured at build time.
[2016.01.15-01.08.11:713][  0]LogInit: Presizing for 0 objects not considered by GC, pre-allocating 0 bytes.
[2016.01.15-01.08.11:722][  0]LogInit: Object subsystem initialized
[2016.01.15-01.08.11:723][  0]LogInit: Selected Device Profile: [Windows]
[2016.01.15-01.08.11:723][  0]LogInit: Applying CVar settings loaded from the selected device profile: [Windows]
[2016.01.15-01.08.11:735][  0]LogInit: Computer: PCMAXIME
[2016.01.15-01.08.11:735][  0]LogInit: User: Maxime
[2016.01.15-01.08.11:735][  0]LogInit: CPU Page size=4096, Cores=4
[2016.01.15-01.08.11:735][  0]LogInit: High frequency timer resolution =2.338452 MHz
[2016.01.15-01.08.11:735][  0]LogMemory: Memory total: Physical=7.9GB (8GB approx)
[2016.01.15-01.08.11:735][  0]LogMemory: Platform Memory Stats for Windows
[2016.01.15-01.08.11:735][  0]LogMemory: Process Physical Memory: 55.83 MB used, 55.83 MB peak
[2016.01.15-01.08.11:735][  0]LogMemory: Process Virtual Memory: 57.93 MB used, 57.93 MB peak
[2016.01.15-01.08.11:735][  0]LogMemory: Physical Memory: 2436.17 MB used, 8123.55 MB total
[2016.01.15-01.08.11:735][  0]LogMemory: Virtual Memory: 352.92 MB used, 134217728.00 MB total
[2016.01.15-01.08.11:776][  0]LogTextLocalizationManager: No translations for ('fr-FR') exist, falling back to 'en' for localization and internationalization data.
[2016.01.15-01.08.12:582][  0]LogD3D11RHI: Found D3D11 adapter 0: AMD Radeon HD 7570M (Feature Level 11_0)
[2016.01.15-01.08.12:582][  0]LogD3D11RHI: Adapter has 1004MB of dedicated video memory, 0MB of dedicated system memory, and 3840MB of shared system memory, 1 output[s]
[2016.01.15-01.08.12:584][  0]LogD3D11RHI: Found D3D11 adapter 1: Microsoft Basic Render Driver (Feature Level 11_0)
[2016.01.15-01.08.12:584][  0]LogD3D11RHI: Adapter has 0MB of dedicated video memory, 0MB of dedicated system memory, and 4061MB of shared system memory, 0 output[s]
[2016.01.15-01.08.12:584][  0]LogD3D11RHI: Chosen D3D11 Adapter Id = 0
[2016.01.15-01.08.12:588][  0]LogD3D11RHI: !Direct3DDevice
[2016.01.15-01.08.12:588][  0]LogRHI: Texture pool is 702 MB (70% of 1004 MB)
[2016.01.15-01.08.12:595][  0]LogD3D11RHI: Async texture creation disabled: no driver support
[2016.01.15-01.08.12:605][  0]LogShaderCompilers: Guid format shader working directory is 15 characters bigger than the processId version (../../../../../../Bibliothèques/Documents/Unreal Projects/ShadowerFall/Intermediate/Shaders/WorkingDirectory/8852/).
[2016.01.15-01.08.12:605][  0]LogShaderCompilers: Cleaned the shader compiler working directory '../../../../../../Bibliothèques/Documents/Unreal Projects/ShadowerFall/Intermediate/Shaders/tmp/C05C47734CE73378154E25973D1A8CFC/'.
[2016.01.15-01.08.12:605][  0]LogShaderCompilers:Display: Using Local Shader Compiler.
[2016.01.15-01.08.13:741][  0]LogTemp:Display: Loaded TP AllDesktopTargetPlatform
[2016.01.15-01.08.13:747][  0]LogTemp:Display: Loaded TP WindowsClientTargetPlatform
[2016.01.15-01.08.13:753][  0]LogTemp:Display: Loaded TP WindowsNoEditorTargetPlatform
[2016.01.15-01.08.13:759][  0]LogTemp:Display: Loaded TP WindowsServerTargetPlatform
[2016.01.15-01.08.13:765][  0]LogTemp:Display: Loaded TP WindowsTargetPlatform
[2016.01.15-01.08.13:769][  0]LogTemp:Display: Loaded TP AndroidTargetPlatform
[2016.01.15-01.08.13:773][  0]LogTemp:Display: Loaded TP Android_ASTCTargetPlatform
[2016.01.15-01.08.13:777][  0]LogTemp:Display: Loaded TP Android_ATCTargetPlatform
[2016.01.15-01.08.13:781][  0]LogTemp:Display: Loaded TP Android_DXTTargetPlatform
[2016.01.15-01.08.13:785][  0]LogTemp:Display: Loaded TP Android_ETC1TargetPlatform
[2016.01.15-01.08.13:789][  0]LogTemp:Display: Loaded TP Android_ETC2TargetPlatform
[2016.01.15-01.08.13:793][  0]LogTemp:Display: Loaded TP Android_PVRTCTargetPlatform
[2016.01.15-01.08.13:794][  0]LogTemp:Display: Loaded TP HTML5TargetPlatform
[2016.01.15-01.08.13:813][  0]LogTemp:Display: Loaded TP IOSTargetPlatform
[2016.01.15-01.08.13:817][  0]LogTemp:Display: Loaded TP LinuxNoEditorTargetPlatform
[2016.01.15-01.08.13:820][  0]LogTemp:Display: Loaded TP LinuxServerTargetPlatform
[2016.01.15-01.08.13:825][  0]LogTemp:Display: Loaded TP LinuxTargetPlatform
[2016.01.15-01.08.13:825][  0]LogTargetPlatformManager:Display: Building Assets For Windows
[2016.01.15-01.08.13:932][  0]LogDerivedDataCache:Display: Max Cache Size: 512 MB
[2016.01.15-01.08.13:975][  0]LogDerivedDataCache: Loaded boot cache 0.04s 41MB C:/Users/Maxime/AppData/Local/UnrealEngine/4.9/DerivedDataCache/Boot.ddc.
[2016.01.15-01.08.13:975][  0]LogDerivedDataCache:Display: Loaded Boot cache: C:/Users/Maxime/AppData/Local/UnrealEngine/4.9/DerivedDataCache/Boot.ddc
[2016.01.15-01.08.13:975][  0]LogDerivedDataCache: FDerivedDataBackendGraph:  Pak pak cache file ../../../../../../Bibliothèques/Documents/Unreal Projects/ShadowerFall/DerivedDataCache/DDC.ddp not found, will not use a pak cache.
[2016.01.15-01.08.13:975][  0]LogDerivedDataCache: Unable to find inner node Pak for hierarchical cache Hierarchy.
[2016.01.15-01.08.13:975][  0]LogDerivedDataCache: FDerivedDataBackendGraph:  CompressedPak pak cache file ../../../../../../Bibliothèques/Documents/Unreal Projects/ShadowerFall/DerivedDataCache/Compressed.ddp not found, will not use a pak cache.
[2016.01.15-01.08.13:975][  0]LogDerivedDataCache: Unable to find inner node CompressedPak for hierarchical cache Hierarchy.
[2016.01.15-01.08.14:131][  0]LogDerivedDataCache:Display: Pak cache opened for reading ../../../Engine/DerivedDataCache/Compressed.ddp.
[2016.01.15-01.08.14:144][  0]LogDerivedDataCache: Using Local data cache path C:/Users/Maxime/AppData/Local/UnrealEngine/Common/DerivedDataCache: Writable
[2016.01.15-01.08.14:362][  0]LogInit: Selected Device Profile: [Windows]
[2016.01.15-01.08.14:365][  0]LogContentStreaming: Texture pool size is 0.000000MB
[2016.01.15-01.08.14:505][  0]LogMeshUtilities: No automatic mesh reduction module available
[2016.01.15-01.08.14:505][  0]LogMeshUtilities: No automatic mesh merging module available
[2016.01.15-01.08.14:777][  0]LogInit: WinSock: version 1.1 (2.2), MaxSocks=32767, MaxUdp=65467
[2016.01.15-01.08.15:568][  0]UdpMessaging: Initializing bridge on interface 0.0.0.0:0 to multicast group 230.0.0.1:6666.
[2016.01.15-01.08.15:672][  0]LogAssetRegistry: FAssetRegistry took 0.0108 seconds to start up
[2016.01.15-01.08.15:871][  0]SourceControl: Info Source control is disabled
[2016.01.15-01.08.15:873][  0]SourceControl: Info Source control is disabled
[2016.01.15-01.08.15:888][  0]SourceControl: Info Source control is disabled
[2016.01.15-01.08.15:903][  0]SourceControl: Info Source control is disabled
[2016.01.15-01.08.16:107][  0]LogLinker:Warning: Asset '../../../Engine/Plugins/Runtime/LeapMotionController/Content/LM_PassthroughMaterial.uasset' has been saved with empty engine version. The asset will be loaded but may be incompatible.
[2016.01.15-01.08.16:214][  0]LogObj: 28361 objects as part of root set at end of initial load.
[2016.01.15-01.08.16:214][  0]LogUObjectAllocator: 6038864 out of 0 bytes used by permanent object pool.
[2016.01.15-01.08.16:274][  0]LogEngine: Initializing Engine...
[2016.01.15-01.08.16:277][  0]LogHMD: Can't find Oculus library dev build: is proper Runtime installed? Version: 0.7.0.0
[2016.01.15-01.08.16:278][  0]LogHMD: SteamVR failed to initialize.  Err: 110
[2016.01.15-01.08.16:416][  0]LogAIModule: Creating AISystem for world NewWorld
[2016.01.15-01.08.16:421][  0]LogInit: XAudio2 using 'Haut-parleurs (Périphérique High Definition Audio)' : 2 channels at 44.1 kHz using 16 bits per sample (channel mask 0x3)
[2016.01.15-01.08.16:435][  0]LogInit: FAudioDevice initialized.
[2016.01.15-01.08.16:457][  0]LogDerivedDataCache: Saved boot cache 0.02s 41MB C:/Users/Maxime/AppData/Local/UnrealEngine/4.9/DerivedDataCache/Boot.ddc.
[2016.01.15-01.08.16:459][  0]LogInit: Texture streaming: Enabled
[2016.01.15-01.08.16:465][  0]LogAnalytics: Creating configured Analytics provider AnalyticsET
[2016.01.15-01.08.16:465][  0]LogAnalytics: [UEEditor.Rocket.Release] APIServer = http://et2.epicgames.com/ET2/. AppVersion = 4.9.2-2707645+++depot+UE4-Releases+4.9
[2016.01.15-01.08.16:465][  0]LogAnalytics: [UEEditor.Rocket.Release] SetUserId 9a9effe84c4b08c90696e581cd7488a3|06ed4f6a0f4048debc1b07e05a99303a|05176c3f-19e8-4dc1-8202-ec95daad005f
[2016.01.15-01.08.16:465][  0]LogAnalytics: [UEEditor.Rocket.Release] AnalyticsET::StartSession
[2016.01.15-01.08.16:503][  0]LogInit: Transaction tracking system initialized
[2016.01.15-01.08.16:539][  0]BlueprintLog: New page: Editor Load
[2016.01.15-01.08.16:633][  0]LocalizationService: Info Localization service is disabled
[2016.01.15-01.08.16:869][  0]LogConsoleResponse:Display: 
[2016.01.15-01.08.16:997][  0]LogCook:Display: Done creating registry. It took  0.00s.
[2016.01.15-01.08.17:074][  0]LogFileCache: Scanning file cache for directory 'D:/Bibliothèques/Documents/Unreal Projects/ShadowerFall/Content/' took 0.02s
[2016.01.15-01.08.17:074][  0]SourceControl: Info Source control is disabled
[2016.01.15-01.08.17:074][  0]Cmd: MAP LOAD FILE="../../../../../../Bibliothèques/Documents/Unreal Projects/ShadowerFall/Content/FirstPersonBP/Maps/FirstPersonExampleMap.umap" TEMPLATE=0 SHOWPROGRESS=1 FEATURELEVEL=3
[2016.01.15-01.08.17:075][  0]LightingResults: New page: Lighting Build
[2016.01.15-01.08.17:078][  0]MapCheck: New page: Map Check
[2016.01.15-01.08.17:078][  0]LightingResults: New page: Lighting Build
[2016.01.15-01.08.17:091][  0]LogParticles: Destroying 0 GPU particle simulations for FXSystem 0x0000008BA318C400
[2016.01.15-01.08.17:117][  0]LogLinker:Warning: Asset '../../../../../../Bibliothèques/Documents/Unreal Projects/ShadowerFall/Content/FirstPerson/Meshes/FirstPersonProjectileMesh.uasset' has been saved with empty engine version. The asset will be loaded but may be incompatible.
[2016.01.15-01.08.19:486][  0]LogAIModule: Creating AISystem for world FirstPersonExampleMap
[2016.01.15-01.08.19:520][  0]LogEditorServer: Finished looking for orphan Actors (0.000 secs)
[2016.01.15-01.08.19:521][  0]Cmd: MAP CHECKDEP NOCLEARLOG
[2016.01.15-01.08.19:619][  0]MapCheck: Info Map check complete: 0 Error(s), 0 Warning(s), took 98.638ms to complete.
[2016.01.15-01.08.19:620][  0]LogFileHelpers: Loading map 'FirstPersonExampleMap' took 2.545
[2016.01.15-01.08.19:725][  0]LogCollectionManager: Loaded 0 collections in 0.002571 seconds
[2016.01.15-01.08.19:770][  0]LogFileCache: Scanning file cache for directory 'D:/Bibliothèques/Documents/Unreal Projects/ShadowerFall/Saved/Collections/' took 0.01s
[2016.01.15-01.08.19:770][  0]LogFileCache: Scanning file cache for directory 'D:/Bibliothèques/Documents/Unreal Projects/ShadowerFall/Content/Developers/Maxime/Collections/' took 0.01s
[2016.01.15-01.08.19:770][  0]LogFileCache: Scanning file cache for directory 'D:/Bibliothèques/Documents/Unreal Projects/ShadowerFall/Content/Collections/' took 0.01s
[2016.01.15-01.08.19:770][  0]LogContentBrowser: Native class hierarchy populated in 0.0082 seconds. Added 1867 classes and 333 folders.
[2016.01.15-01.08.19:775][  0]LogCollectionManager: Rebuilt the GUID cache for 0 collections in 0.000003 seconds
[2016.01.15-01.08.19:782][  0]LogContentBrowser: Native class hierarchy updated for 'WidgetCarousel' in 0.0005 seconds. Added 0 classes and 0 folders.
[2016.01.15-01.08.19:840][  0]LogContentBrowser: Native class hierarchy updated for 'AddContentDialog' in 0.0005 seconds. Added 0 classes and 0 folders.
[2016.01.15-01.08.19:844][  0]LogContentBrowser: Native class hierarchy updated for 'SceneOutliner' in 0.0005 seconds. Added 1 classes and 2 folders.
[2016.01.15-01.08.19:912][  0]LogCrashTracker: Crashtracker disabled due to settings.
[2016.01.15-01.08.19:915][  0]LogUObjectGlobals:Warning: Failed to find object 'Class None.'
[2016.01.15-01.08.19:938][  0]LogLoad: Full Startup: 8.89 seconds (BP compile: 0.87 seconds)
[2016.01.15-01.08.20:023][  0]LogContentStreaming: Texture pool size now 200 MB
[2016.01.15-01.08.20:170][  0]LogRenderer: Reallocating scene render targets to support 1252x668 (Frame:2).
[2016.01.15-01.08.20:854][ 10]LogAssetRegistry: Asset discovery search completed in 5.1924 seconds
[2016.01.15-01.08.20:854][ 10]LogCollectionManager: Rebuilt the object cache for 0 collections in 0.000001 seconds (found 0 objects)
[2016.01.15-01.08.20:854][ 10]LogCollectionManager: Fixed up redirectors for 0 collections in 0.000028 seconds (updated 0 objects)
[2016.01.15-01.08.24:705][111]LogEditorViewport: Clicking on Actor (LMB): Tourelle_C (Tourelle)
[2016.01.15-01.08.25:630][133]Cmd: DELETE
[2016.01.15-01.08.25:630][133]Cmd: ACTOR DELETE
[2016.01.15-01.08.25:633][133]LogEditorActor: Deleted Actor: Tourelle_C
[2016.01.15-01.08.25:634][133]LogActorComponent: UnregisterComponent: (/Engine/Transient.CharMoveComp) Not registered. Aborting.
[2016.01.15-01.08.25:634][133]LogActorComponent: UnregisterComponent: (/Engine/Transient.CharacterMovementComponent_0) Not registered. Aborting.
[2016.01.15-01.08.25:694][133]LogEditorActor: Deleted 1 Actors (0.064 secs)
[2016.01.15-01.08.27:097][169]LogBlueprintUserMessages: Early PlayInEditor Detection: Level '/Game/FirstPersonBP/Maps/FirstPersonExampleMap.FirstPersonExampleMap:PersistentLevel' has LevelScriptBlueprint '/Game/FirstPersonBP/Maps/FirstPersonExampleMap.FirstPersonExampleMap:PersistentLevel.FirstPersonExampleMap' with GeneratedClass '/Game/FirstPersonBP/Maps/FirstPersonExampleMap.FirstPersonExampleMap_C' with ClassGeneratedBy '/Game/FirstPersonBP/Maps/FirstPersonExampleMap.FirstPersonExampleMap:PersistentLevel.FirstPersonExampleMap'
[2016.01.15-01.08.27:097][169]LogPlayLevel: PlayLevel: No blueprints needed recompiling
[2016.01.15-01.08.27:097][169]PIE: New page: PIE session: FirstPersonExampleMap (Jan 14, 2016, 3:08:27 PM)
[2016.01.15-01.08.27:097][169]LogPlayLevel: Creating play world package: /Game/FirstPersonBP/Maps/UEDPIE_0_FirstPersonExampleMap
[2016.01.15-01.08.27:146][169]LogPlayLevel: PIE: StaticDuplicateObject took: (0.048931s)
[2016.01.15-01.08.27:147][169]LogAIModule: Creating AISystem for world FirstPersonExampleMap
[2016.01.15-01.08.27:147][169]LogPlayLevel: PIE: World Init took: (0.000815s)
[2016.01.15-01.08.27:147][169]LogPlayLevel: PIE: Created PIE world by copying editor world from /Game/FirstPersonBP/Maps/FirstPersonExampleMap.FirstPersonExampleMap to /Game/FirstPersonBP/Maps/UEDPIE_0_FirstPersonExampleMap.FirstPersonExampleMap (0.050013s)
[2016.01.15-01.08.27:165][169]LogInit: XAudio2 using 'Haut-parleurs (Périphérique High Definition Audio)' : 2 channels at 44.1 kHz using 16 bits per sample (channel mask 0x3)
[2016.01.15-01.08.27:171][169]LogInit: FAudioDevice initialized.
[2016.01.15-01.08.27:263][169]LogWorld: Game class is 'FirstPersonGameMode_C'
[2016.01.15-01.08.27:288][169]LogWorld:Warning: *** WARNING - PATHS MAY NOT BE VALID ***
[2016.01.15-01.08.27:288][169]LogWorld: Bringing World /Game/FirstPersonBP/Maps/UEDPIE_0_FirstPersonExampleMap.FirstPersonExampleMap up for play (max tick rate 60) at 2016.01.14-20.08.27
[2016.01.15-01.08.27:288][169]LogActor:Warning: GameSession /Game/FirstPersonBP/Maps/UEDPIE_0_FirstPersonExampleMap.FirstPersonExampleMap:PersistentLevel.GameSession_0 has natively added scene component(s), but none of them were set as the actor's RootComponent - picking one arbitrarily
[2016.01.15-01.08.27:288][169]LogActor:Warning: GameNetworkManager /Game/FirstPersonBP/Maps/UEDPIE_0_FirstPersonExampleMap.FirstPersonExampleMap:PersistentLevel.GameNetworkManager_0 has natively added scene component(s), but none of them were set as the actor's RootComponent - picking one arbitrarily
[2016.01.15-01.08.27:291][169]LogWorld: Bringing up level for play took: 0.026022
[2016.01.15-01.08.27:294][169]PIE: Info Play in editor start time for /Game/FirstPersonBP/Maps/UEDPIE_0_FirstPersonExampleMap -0.314
[2016.01.15-01.08.27:295][169]LogBlueprintUserMessages: Late PlayInEditor Detection: Level '/Game/FirstPersonBP/Maps/FirstPersonExampleMap.FirstPersonExampleMap:PersistentLevel' has LevelScriptBlueprint '/Game/FirstPersonBP/Maps/FirstPersonExampleMap.FirstPersonExampleMap:PersistentLevel.FirstPersonExampleMap' with GeneratedClass '/Game/FirstPersonBP/Maps/FirstPersonExampleMap.FirstPersonExampleMap_C' with ClassGeneratedBy '/Game/FirstPersonBP/Maps/FirstPersonExampleMap.FirstPersonExampleMap:PersistentLevel.FirstPersonExampleMap'
[2016.01.15-01.08.30:296][285]LogBlueprintUserMessages: [FirstPersonCharacter_C_0] Dash
[2016.01.15-01.08.30:531][294]LogBlueprintUserMessages: [FirstPersonCharacter_C_0] En L'air
[2016.01.15-01.08.31:789][345]LogBlueprintUserMessages: Early EndPlayMap Detection: Level '/Game/FirstPersonBP/Maps/FirstPersonExampleMap.FirstPersonExampleMap:PersistentLevel' has LevelScriptBlueprint '/Game/FirstPersonBP/Maps/FirstPersonExampleMap.FirstPersonExampleMap:PersistentLevel.FirstPersonExampleMap' with GeneratedClass '/Game/FirstPersonBP/Maps/FirstPersonExampleMap.FirstPersonExampleMap_C' with ClassGeneratedBy '/Game/FirstPersonBP/Maps/FirstPersonExampleMap.FirstPersonExampleMap:PersistentLevel.FirstPersonExampleMap'
[2016.01.15-01.08.31:862][345]LogBlueprintUserMessages: Late EndPlayMap Detection: Level '/Game/FirstPersonBP/Maps/FirstPersonExampleMap.FirstPersonExampleMap:PersistentLevel' has LevelScriptBlueprint '/Game/FirstPersonBP/Maps/FirstPersonExampleMap.FirstPersonExampleMap:PersistentLevel.FirstPersonExampleMap' with GeneratedClass '/Game/FirstPersonBP/Maps/FirstPersonExampleMap.FirstPersonExampleMap_C' with ClassGeneratedBy '/Game/FirstPersonBP/Maps/FirstPersonExampleMap.FirstPersonExampleMap:PersistentLevel.FirstPersonExampleMap'
[2016.01.15-01.08.31:903][346]LogParticles: Destroying 0 GPU particle simulations for FXSystem 0x0000008B9A976340
[2016.01.15-01.08.41:660][418]LogSavePackage: Save=242.037033ms
[2016.01.15-01.08.41:660][418]LogSavePackage: Moving '../../../../../../Bibliothèques/Documents/Unreal Projects/ShadowerFall/Saved/FirstPersonExampleMap0481BC634704B32D2BFC7DAA5E339189.tmp' to '../../../../../../Bibliothèques/Documents/Unreal Projects/ShadowerFall/Content/FirstPersonBP/Maps/FirstPersonExampleMap.umap'
[2016.01.15-01.08.41:700][418]LogSavePackage: Total save time: 330.776084ms
[2016.01.15-01.08.41:700][418]LogSavePackage:Warning: Finished SavePackage ../../../../../../Bibliothèques/Documents/Unreal Projects/ShadowerFall/Content/FirstPersonBP/Maps/FirstPersonExampleMap.umap
[2016.01.15-01.08.41:738][418]LogFileHelpers: Saving map 'FirstPersonExampleMap' took 0.485
[2016.01.15-01.08.41:848][418]LogWindowsTextInputMethodSystem:Display: IME system now deactivated.
[2016.01.15-01.08.42:126][419]Cmd: QUIT_EDITOR
[2016.01.15-01.08.42:830][419]LogExit: Preparing to exit.
[2016.01.15-01.08.43:730][419]LogExit: Editor shut down
[2016.01.15-01.08.43:731][419]LogExit: Transaction tracking system shut down
[2016.01.15-01.08.43:733][419]LogParticles: Destroying 0 GPU particle simulations for FXSystem 0x0000008BA3C73920
[2016.01.15-01.08.43:734][419]LogParticles: Destroying 0 GPU particle simulations for FXSystem 0x0000008BB1B7B880
[2016.01.15-01.08.43:734][419]LogParticles: Destroying 0 GPU particle simulations for FXSystem 0x0000008BB1EE9940
[2016.01.15-01.08.43:878][419]LogExit: Object subsystem successfully closed.
[2016.01.15-01.08.43:893][419]LogD3D11RHI: Shutdown
[2016.01.15-01.08.43:893][419]LogD3D11RHI: CleanupD3DDevice
[2016.01.15-01.08.43:952][419]LogD3D11RHI: ~FD3D11DynamicRHI
[2016.01.15-01.08.43:975][419]LogModuleManager: Shutting down and abandoning module CrashTracker (197)
[2016.01.15-01.08.43:975][419]LogModuleManager: Shutting down and abandoning module SceneOutliner (196)
[2016.01.15-01.08.43:975][419]LogModuleManager: Shutting down and abandoning module SuperSearch (195)
[2016.01.15-01.08.43:975][419]LogModuleManager: Shutting down and abandoning module WidgetCarousel (194)
[2016.01.15-01.08.43:975][419]LogModuleManager: Shutting down and abandoning module AddContentDialog (193)
[2016.01.15-01.08.43:976][419]LogModuleManager: Shutting down and abandoning module EditorWidgets (192)
[2016.01.15-01.08.43:976][419]LogModuleManager: Shutting down and abandoning module CollectionManager (191)
[2016.01.15-01.08.43:976][419]LogModuleManager: Shutting down and abandoning module StatsViewer (190)
[2016.01.15-01.08.43:976][419]LogModuleManager: Shutting down and abandoning module FoliageEdit (189)
[2016.01.15-01.08.43:976][419]LogModuleManager: Shutting down and abandoning module LandscapeEditor (188)
[2016.01.15-01.08.43:976][419]LogModuleManager: Shutting down and abandoning module ActorPickerMode (187)
[2016.01.15-01.08.43:976][419]LogModuleManager: Shutting down and abandoning module GeometryMode (186)
[2016.01.15-01.08.43:976][419]LogModuleManager: Shutting down and abandoning module TextureAlignMode (185)
[2016.01.15-01.08.43:976][419]LogModuleManager: Shutting down and abandoning module BspMode (184)
[2016.01.15-01.08.43:976][419]LogModuleManager: Shutting down and abandoning module PlacementMode (183)
[2016.01.15-01.08.43:976][419]LogModuleManager: Shutting down and abandoning module AutomationWorker (182)
[2016.01.15-01.08.43:976][419]LogModuleManager: Shutting down and abandoning module CharacterAI (181)
[2016.01.15-01.08.43:976][419]LogModuleManager: Shutting down and abandoning module SmartSnapping (180)
[2016.01.15-01.08.43:976][419]LogModuleManager: Shutting down and abandoning module ViewportSnapping (179)
[2016.01.15-01.08.43:976][419]LogModuleManager: Shutting down and abandoning module LogVisualizer (178)
[2016.01.15-01.08.43:976][419]LogModuleManager: Shutting down and abandoning module GameProjectGeneration (177)
[2016.01.15-01.08.43:976][419]LogModuleManager: Shutting down and abandoning module IntroTutorials (176)
[2016.01.15-01.08.43:977][419]LogModuleManager: Shutting down and abandoning module EditorLiveStreaming (175)
[2016.01.15-01.08.43:977][419]LogModuleManager: Shutting down and abandoning module IOSPlatformEditor (174)
[2016.01.15-01.08.43:977][419]LogModuleManager: Shutting down and abandoning module HTML5PlatformEditor (173)
[2016.01.15-01.08.43:977][419]LogModuleManager: Shutting down and abandoning module AndroidDeviceDetection (172)
[2016.01.15-01.08.44:700][419]LogModuleManager: Shutting down and abandoning module AndroidPlatformEditor (171)
[2016.01.15-01.08.44:700][419]LogModuleManager: Shutting down and abandoning module IOSRuntimeSettings (170)
[2016.01.15-01.08.44:700][419]LogModuleManager: Shutting down and abandoning module AndroidRuntimeSettings (169)
[2016.01.15-01.08.44:700][419]LogModuleManager: Shutting down and abandoning module MergeActors (168)
[2016.01.15-01.08.44:700][419]LogModuleManager: Shutting down and abandoning module SizeMap (167)
[2016.01.15-01.08.44:700][419]LogModuleManager: Shutting down and abandoning module TreeMap (166)
[2016.01.15-01.08.44:700][419]LogModuleManager: Shutting down and abandoning module ReferenceViewer (165)
[2016.01.15-01.08.44:700][419]LogModuleManager: Shutting down and abandoning module LocalizationService (164)
[2016.01.15-01.08.44:700][419]LogModuleManager: Shutting down and abandoning module LocalizationDashboard (163)
[2016.01.15-01.08.44:700][419]LogModuleManager: Shutting down and abandoning module HardwareTargeting (162)
[2016.01.15-01.08.44:700][419]LogModuleManager: Shutting down and abandoning module DeviceProfileEditor (161)
[2016.01.15-01.08.44:700][419]LogModuleManager: Shutting down and abandoning module UndoHistory (160)
[2016.01.15-01.08.44:700][419]LogModuleManager: Shutting down and abandoning module GameplayTagsEditor (159)
[2016.01.15-01.08.44:700][419]LogModuleManager: Shutting down and abandoning module UserFeedback (158)
[2016.01.15-01.08.44:700][419]LogModuleManager: Shutting down and abandoning module XmlParser (157)
[2016.01.15-01.08.44:700][419]LogModuleManager: Shutting down and abandoning module Blutility (156)
[2016.01.15-01.08.44:700][419]LogModuleManager: Shutting down and abandoning module ProjectTargetPlatformEditor (155)
[2016.01.15-01.08.44:700][419]LogModuleManager: Shutting down and abandoning module ProjectSettingsViewer (154)
[2016.01.15-01.08.44:700][419]LogModuleManager: Shutting down and abandoning module InputBindingEditor (153)
[2016.01.15-01.08.44:700][419]LogModuleManager: Shutting down and abandoning module EditorSettingsViewer (152)
[2016.01.15-01.08.44:700][419]LogModuleManager: Shutting down and abandoning module SettingsEditor (151)
[2016.01.15-01.08.44:700][419]LogModuleManager: Shutting down and abandoning module ProjectLauncher (150)
[2016.01.15-01.08.44:700][419]LogModuleManager: Shutting down and abandoning module SessionFrontend (149)
[2016.01.15-01.08.44:700][419]LogModuleManager: Shutting down and abandoning module ProfilerClient (148)
[2016.01.15-01.08.44:700][419]LogModuleManager: Shutting down and abandoning module TargetDeviceServices (147)
[2016.01.15-01.08.44:701][419]LogModuleManager: Shutting down and abandoning module DeviceManager (146)
[2016.01.15-01.08.44:701][419]LogModuleManager: Shutting down and abandoning module AutomationController (145)
[2016.01.15-01.08.44:701][419]LogModuleManager: Shutting down and abandoning module AutomationWindow (144)
[2016.01.15-01.08.44:701][419]LogModuleManager: Shutting down and abandoning module Layers (143)
[2016.01.15-01.08.44:701][419]LogModuleManager: Shutting down and abandoning module ComponentVisualizers (142)
[2016.01.15-01.08.44:701][419]LogModuleManager: Shutting down and abandoning module DetailCustomizations (141)
[2016.01.15-01.08.44:701][419]LogModuleManager: Shutting down and abandoning module PackagesDialog (140)
[2016.01.15-01.08.44:701][419]LogModuleManager: Shutting down and abandoning module Persona (139)
[2016.01.15-01.08.44:701][419]LogModuleManager: Shutting down and abandoning module Kismet (138)
[2016.01.15-01.08.44:701][419]LogModuleManager: Shutting down and abandoning module GraphEditor (137)
[2016.01.15-01.08.44:701][419]LogModuleManager: Shutting down and abandoning module ClassViewer (136)
[2016.01.15-01.08.44:701][419]LogModuleManager: Shutting down and abandoning module Toolbox (135)
[2016.01.15-01.08.44:701][419]LogModuleManager: Shutting down and abandoning module ModuleUI (134)
[2016.01.15-01.08.44:701][419]LogModuleManager: Shutting down and abandoning module MovieSceneTools (133)
[2016.01.15-01.08.44:701][419]LogModuleManager: Shutting down and abandoning module OutputLog (132)
[2016.01.15-01.08.44:701][419]LogModuleManager: Shutting down and abandoning module GammaUI (131)
[2016.01.15-01.08.44:701][419]LogModuleManager: Shutting down and abandoning module Documentation (130)
[2016.01.15-01.08.44:701][419]LogModuleManager: Shutting down and abandoning module GameLiveStreaming (129)
[2016.01.15-01.08.44:701][419]LogModuleManager: Shutting down and abandoning module StreamingPauseRendering (128)
[2016.01.15-01.08.44:701][419]LogModuleManager: Shutting down and abandoning module AnalyticsET (127)
[2016.01.15-01.08.44:701][419]LogModuleManager: Shutting down and abandoning module Analytics (126)
[2016.01.15-01.08.44:701][419]LogModuleManager: Shutting down and abandoning module AITestSuite (125)
[2016.01.15-01.08.44:701][419]LogModuleManager: Shutting down and abandoning module GameplayDebugger (124)
[2016.01.15-01.08.44:701][419]LogModuleManager: Shutting down and abandoning module AIModule (123)
[2016.01.15-01.08.44:701][419]LogModuleManager: Shutting down and abandoning module ProfilerService (122)
[2016.01.15-01.08.44:752][419]LogModuleManager: Shutting down and abandoning module TaskGraph (121)
[2016.01.15-01.08.44:752][419]LogModuleManager: Shutting down and abandoning module SlateRemote (120)
[2016.01.15-01.08.44:752][419]LogModuleManager: Shutting down and abandoning module SteamVRController (119)
[2016.01.15-01.08.44:752][419]LogModuleManager: Shutting down and abandoning module SteamVR (118)
[2016.01.15-01.08.44:752][419]LogModuleManager: Shutting down and abandoning module ProceduralMeshComponent (117)
[2016.01.15-01.08.44:752][419]LogModuleManager: Shutting down and abandoning module OculusRift (116)
[2016.01.15-01.08.44:752][419]LogModuleManager: Shutting down and abandoning module OculusLibrary (115)
[2016.01.15-01.08.44:752][419]LogModuleManager: Shutting down and abandoning module LeapMotionController (114)
[2016.01.15-01.08.44:767][419]LogModuleManager: Shutting down and abandoning module CustomMeshComponent (113)
[2016.01.15-01.08.44:767][419]LogModuleManager: Shutting down and abandoning module CableComponent (112)
[2016.01.15-01.08.44:767][419]LogModuleManager: Shutting down and abandoning module ArchVisCharacter (111)
[2016.01.15-01.08.44:767][419]LogModuleManager: Shutting down and abandoning module MessagingDebugger (110)
[2016.01.15-01.08.44:767][419]LogModuleManager: Shutting down and abandoning module MediaPlayerEditor (109)
[2016.01.15-01.08.44:767][419]LogModuleManager: Shutting down and abandoning module HTML5Networking (108)
[2016.01.15-01.08.44:767][419]LogModuleManager: Shutting down and abandoning module SpeedTreeImporter (107)
[2016.01.15-01.08.44:767][419]LogModuleManager: Shutting down and abandoning module PluginBrowser (106)
[2016.01.15-01.08.44:767][419]LogModuleManager: Shutting down and abandoning module EpicSurvey (105)
[2016.01.15-01.08.44:767][419]LogModuleManager: Shutting down and abandoning module DesktopPlatform (104)
[2016.01.15-01.08.44:767][419]LogModuleManager: Shutting down and abandoning module VisualStudioSourceCodeAccess (103)
[2016.01.15-01.08.44:767][419]LogModuleManager: Shutting down and abandoning module UObjectPlugin (102)
[2016.01.15-01.08.44:767][419]LogModuleManager: Shutting down and abandoning module SubversionSourceControl (101)
[2016.01.15-01.08.44:767][419]LogModuleManager: Shutting down and abandoning module PerforceSourceControl (100)
[2016.01.15-01.08.44:767][419]LogModuleManager: Shutting down and abandoning module SourceControl (99)
[2016.01.15-01.08.44:767][419]LogModuleManager: Shutting down and abandoning module GitSourceControl (98)
[2016.01.15-01.08.44:767][419]LogModuleManager: Shutting down and abandoning module LightPropagationVolumeEditor (97)
[2016.01.15-01.08.44:767][419]LogModuleManager: Shutting down and abandoning module PaperTiledImporter (96)
[2016.01.15-01.08.44:767][419]LogModuleManager: Shutting down and abandoning module PaperSpriteSheetImporter (95)
[2016.01.15-01.08.44:767][419]LogModuleManager: Shutting down and abandoning module MeshPaint (94)
[2016.01.15-01.08.44:767][419]LogModuleManager: Shutting down and abandoning module SlateReflector (93)
[2016.01.15-01.08.44:767][419]LogModuleManager: Shutting down and abandoning module HotReload (92)
[2016.01.15-01.08.44:767][419]LogModuleManager: Shutting down and abandoning module MainFrame (91)
[2016.01.15-01.08.44:767][419]LogModuleManager: Shutting down and abandoning module LevelEditor (90)
[2016.01.15-01.08.44:768][419]LogModuleManager: Shutting down and abandoning module DirectoryWatcher (89)
[2016.01.15-01.08.44:769][419]LogModuleManager: Shutting down and abandoning module AssetRegistry (88)
[2016.01.15-01.08.44:925][419]LogModuleManager: Shutting down and abandoning module ContentBrowser (87)
[2016.01.15-01.08.44:926][419]LogModuleManager: Shutting down and abandoning module Paper2DEditor (86)
[2016.01.15-01.08.44:926][419]LogModuleManager: Shutting down and abandoning module UdpMessaging (85)
[2016.01.15-01.08.45:027][419]LogModuleManager: Shutting down and abandoning module LightPropagationVolumeRuntime (84)
[2016.01.15-01.08.45:027][419]LogModuleManager: Shutting down and abandoning module Paper2D (83)
[2016.01.15-01.08.45:027][419]LogModuleManager: Shutting down and abandoning module WindowsMoviePlayer (82)
[2016.01.15-01.08.45:030][419]LogModuleManager: Shutting down and abandoning module Media (81)
[2016.01.15-01.08.45:030][419]LogModuleManager: Shutting down and abandoning module WmfMedia (80)
[2016.01.15-01.08.45:030][419]LogModuleManager: Shutting down and abandoning module OnlineBlueprintSupport (79)
[2016.01.15-01.08.45:030][419]LogModuleManager: Shutting down and abandoning module GameplayTasksEditor (78)
[2016.01.15-01.08.45:030][419]LogModuleManager: Shutting down and abandoning module PropertyEditor (77)
[2016.01.15-01.08.45:030][419]LogModuleManager: Shutting down and abandoning module BehaviorTreeEditor (76)
[2016.01.15-01.08.45:030][419]LogModuleManager: Shutting down and abandoning module FunctionalTesting (75)
[2016.01.15-01.08.45:030][419]LogModuleManager: Shutting down and abandoning module CollisionAnalyzer (74)
[2016.01.15-01.08.45:030][419]LogModuleManager: Shutting down and abandoning module WorkspaceMenuStructure (73)
[2016.01.15-01.08.45:030][419]LogModuleManager: Shutting down and abandoning module MessageLog (72)
[2016.01.15-01.08.45:030][419]LogModuleManager: Shutting down and abandoning module Sequencer (71)
[2016.01.15-01.08.45:030][419]LogModuleManager: Shutting down and abandoning module AssetTools (70)
[2016.01.15-01.08.45:030][419]LogModuleManager: Shutting down and abandoning module UMGEditor (69)
[2016.01.15-01.08.45:030][419]LogModuleManager: Shutting down and abandoning module UMG (68)
[2016.01.15-01.08.45:030][419]LogModuleManager: Shutting down and abandoning module Slate (67)
[2016.01.15-01.08.45:030][419]LogModuleManager: Shutting down and abandoning module EditorStyle (66)
[2016.01.15-01.08.45:032][419]LogModuleManager: Shutting down and abandoning module SessionServices (65)
[2016.01.15-01.08.45:032][419]LogModuleManager: Shutting down and abandoning module SourceCodeAccess (64)
[2016.01.15-01.08.45:032][419]LogModuleManager: Shutting down and abandoning module HeadMountedDisplay (63)
[2016.01.15-01.08.45:032][419]LogModuleManager: Shutting down and abandoning module XAudio2 (62)
[2016.01.15-01.08.45:032][419]LogModuleManager: Shutting down and abandoning module Networking (60)
[2016.01.15-01.08.45:032][419]LogModuleManager: Shutting down and abandoning module Core (59)
[2016.01.15-01.08.45:032][419]LogModuleManager: Shutting down and abandoning module KismetCompiler (58)
[2016.01.15-01.08.45:032][419]LogModuleManager: Shutting down and abandoning module PhysXFormats (57)
[2016.01.15-01.08.45:032][419]LogModuleManager: Shutting down and abandoning module MeshUtilities (56)
[2016.01.15-01.08.45:032][419]LogModuleManager: Shutting down and abandoning module CookingStats (55)
[2016.01.15-01.08.45:033][419]LogModuleManager: Shutting down and abandoning module DerivedDataCache (54)
[2016.01.15-01.08.45:189][419]LogDerivedDataCache: Shutdown
[2016.01.15-01.08.45:189][419]LogModuleManager: Shutting down and abandoning module ShaderFormatOpenGL (53)
[2016.01.15-01.08.45:189][419]LogModuleManager: Shutting down and abandoning module ShaderFormatD3D (52)
[2016.01.15-01.08.45:189][419]LogModuleManager: Shutting down and abandoning module MetalShaderFormat (51)
[2016.01.15-01.08.45:189][419]LogModuleManager: Shutting down and abandoning module TextureFormatUncompressed (50)
[2016.01.15-01.08.45:189][419]LogModuleManager: Shutting down and abandoning module TextureFormatPVR (49)
[2016.01.15-01.08.45:189][419]LogModuleManager: Shutting down and abandoning module TextureFormatIntelISPCTexComp (48)
[2016.01.15-01.08.45:189][419]LogModuleManager: Shutting down and abandoning module TextureFormatDXT (47)
[2016.01.15-01.08.45:189][419]LogModuleManager: Shutting down and abandoning module ImageWrapper (46)
[2016.01.15-01.08.45:189][419]LogModuleManager: Shutting down and abandoning module TextureFormatASTC (45)
[2016.01.15-01.08.45:189][419]LogModuleManager: Shutting down and abandoning module TextureFormatAndroid (44)
[2016.01.15-01.08.45:189][419]LogModuleManager: Shutting down and abandoning module AudioFormatOpus (43)
[2016.01.15-01.08.45:189][419]LogModuleManager: Shutting down and abandoning module AudioFormatOgg (42)
[2016.01.15-01.08.45:189][419]LogModuleManager: Shutting down and abandoning module AudioFormatADPCM (41)
[2016.01.15-01.08.45:189][419]LogModuleManager: Shutting down and abandoning module LinuxTargetPlatform (40)
[2016.01.15-01.08.45:189][419]LogModuleManager: Shutting down and abandoning module LinuxServerTargetPlatform (39)
[2016.01.15-01.08.45:189][419]LogModuleManager: Shutting down and abandoning module LinuxNoEditorTargetPlatform (38)
[2016.01.15-01.08.45:189][419]LogModuleManager: Shutting down and abandoning module Messaging (37)
[2016.01.15-01.08.45:189][419]LogModuleManager: Shutting down and abandoning module IOSTargetPlatform (36)
[2016.01.15-01.08.45:189][419]LogModuleManager: Shutting down and abandoning module HTML5TargetPlatform (35)
[2016.01.15-01.08.45:189][419]LogModuleManager: Shutting down and abandoning module Android_PVRTCTargetPlatform (34)
[2016.01.15-01.08.45:189][419]LogModuleManager: Shutting down and abandoning module Android_ETC2TargetPlatform (33)
[2016.01.15-01.08.45:189][419]LogModuleManager: Shutting down and abandoning module Android_ETC1TargetPlatform (32)
[2016.01.15-01.08.45:189][419]LogModuleManager: Shutting down and abandoning module Android_DXTTargetPlatform (31)
[2016.01.15-01.08.45:189][419]LogModuleManager: Shutting down and abandoning module Android_ATCTargetPlatform (30)
[2016.01.15-01.08.45:189][419]LogModuleManager: Shutting down and abandoning module Android_ASTCTargetPlatform (29)
[2016.01.15-01.08.45:189][419]LogModuleManager: Shutting down and abandoning module AndroidTargetPlatform (28)
[2016.01.15-01.08.45:189][419]LogModuleManager: Shutting down and abandoning module WindowsTargetPlatform (27)
[2016.01.15-01.08.45:189][419]LogModuleManager: Shutting down and abandoning module WindowsServerTargetPlatform (26)
[2016.01.15-01.08.45:189][419]LogModuleManager: Shutting down and abandoning module WindowsNoEditorTargetPlatform (25)
[2016.01.15-01.08.45:189][419]LogModuleManager: Shutting down and abandoning module WindowsClientTargetPlatform (24)
[2016.01.15-01.08.45:189][419]LogModuleManager: Shutting down and abandoning module AllDesktopTargetPlatform (23)
[2016.01.15-01.08.45:189][419]LogModuleManager: Shutting down and abandoning module TargetPlatform (22)
[2016.01.15-01.08.45:189][419]LogModuleManager: Shutting down and abandoning module InputCore (21)
[2016.01.15-01.08.45:189][419]LogModuleManager: Shutting down and abandoning module Settings (20)
[2016.01.15-01.08.45:189][419]LogModuleManager: Shutting down and abandoning module OnlineSubsystem (18)
[2016.01.15-01.08.45:189][419]LogModuleManager: Shutting down and abandoning module HTTP (17)
[2016.01.15-01.08.47:194][419]LogModuleManager: Shutting down and abandoning module XMPP (16)
[2016.01.15-01.08.47:194][419]LogModuleManager: Shutting down and abandoning module ExampleDeviceProfileSelector (15)
[2016.01.15-01.08.47:194][419]LogModuleManager: Shutting down and abandoning module TextureCompressor (14)
[2016.01.15-01.08.47:194][419]LogModuleManager: Shutting down and abandoning module ShaderCore (13)
[2016.01.15-01.08.47:194][419]LogModuleManager: Shutting down and abandoning module Landscape (12)
[2016.01.15-01.08.47:194][419]LogModuleManager: Shutting down and abandoning module SlateRHIRenderer (11)
[2016.01.15-01.08.47:195][419]LogModuleManager: Shutting down and abandoning module OpenGLDrv (10)
[2016.01.15-01.08.47:195][419]LogModuleManager: Shutting down and abandoning module D3D11RHI (9)
[2016.01.15-01.08.47:195][419]LogModuleManager: Shutting down and abandoning module AnimGraphRuntime (8)
[2016.01.15-01.08.47:195][419]LogModuleManager: Shutting down and abandoning module Renderer (7)
[2016.01.15-01.08.47:195][419]LogModuleManager: Shutting down and abandoning module Engine (6)
[2016.01.15-01.08.47:195][419]LogModuleManager: Shutting down and abandoning module CoreUObject (5)
[2016.01.15-01.08.47:195][419]LogModuleManager: Shutting down and abandoning module NetworkFile (4)
[2016.01.15-01.08.47:195][419]LogModuleManager: Shutting down and abandoning module StreamingFile (3)
[2016.01.15-01.08.47:195][419]LogModuleManager: Shutting down and abandoning module SandboxFile (2)
[2016.01.15-01.08.47:195][419]LogModuleManager: Shutting down and abandoning module PakFile (1)
[2016.01.15-01.08.47:195][419]LogExit: Exiting.
[2016.01.15-01.08.47:196][419]Log file closed, 01/14/16 20:08:47
