[2016.01.15-14.44.44:717][  0]Log file open, 01/15/16 09:44:44
[2016.01.15-14.44.44:717][  0]LogInit:Display: Running engine for game: ShadowFall
[2016.01.15-14.44.44:717][  0]LogInit:Display: RandInit(-558237963) SRandInit(-558237963).
[2016.01.15-14.44.44:717][  0]LogTaskGraph: Started task graph with 4 named threads and 7 total threads.
[2016.01.15-14.44.44:717][  0]LogStats: Stats thread started at 0.108238
[2016.01.15-14.44.44:717][  0]LogInit: Version: 4.9.2-2707645+++depot+UE4-Releases+4.9
[2016.01.15-14.44.44:717][  0]LogInit: API Version: 2672455
[2016.01.15-14.44.44:717][  0]LogInit: Compiled (64-bit): Sep 28 2015 10:25:44
[2016.01.15-14.44.44:717][  0]LogInit: Compiled with Visual C++: 18.00.21005.01
[2016.01.15-14.44.44:717][  0]LogInit: Build Configuration: Development
[2016.01.15-14.44.44:717][  0]LogInit: Branch Name: ++depot+UE4-Releases+4.9
[2016.01.15-14.44.44:717][  0]LogInit: Command line:  /Temp/Autosaves/Game/FirstPersonBP/Maps/UEDPCLevel3 -game -PIEVIACONSOLE -ResX=1280 -ResY=720  -Multiprocess 
[2016.01.15-14.44.44:717][  0]LogInit: Base directory: C:/Program Files/Epic Games/4.9/Engine/Binaries/Win64/
[2016.01.15-14.44.44:717][  0]LogInit: Rocket: 1
[2016.01.15-14.44.44:734][  0]LogInit: Using libcurl 7.41.0
[2016.01.15-14.44.44:734][  0]LogInit:  - built for x86_64-pc-win32
[2016.01.15-14.44.44:734][  0]LogInit:  - supports SSL with WinSSL
[2016.01.15-14.44.44:734][  0]LogInit:  - other features:
[2016.01.15-14.44.44:734][  0]LogInit:      CURL_VERSION_SSL
[2016.01.15-14.44.44:734][  0]LogInit:      CURL_VERSION_IPV6
[2016.01.15-14.44.44:734][  0]LogInit:      CURL_VERSION_ASYNCHDNS
[2016.01.15-14.44.44:734][  0]LogInit:      CURL_VERSION_LARGEFILE
[2016.01.15-14.44.44:734][  0]LogInit:      CURL_VERSION_IDN
[2016.01.15-14.44.44:734][  0]LogInit:  CurlRequestOptions (configurable via config and command line):
[2016.01.15-14.44.44:734][  0]LogInit:  - bVerifyPeer = true  - Libcurl will verify peer certificate
[2016.01.15-14.44.44:734][  0]LogInit:  - bUseHttpProxy = false  - Libcurl will NOT use HTTP proxy
[2016.01.15-14.44.44:734][  0]LogInit:  - bDontReuseConnections = false  - Libcurl will reuse connections
[2016.01.15-14.44.44:734][  0]LogInit:  - CertBundlePath = nullptr  - Libcurl will use whatever was configured at build time.
[2016.01.15-14.44.44:741][  0]LogInit: Presizing for 0 objects not considered by GC, pre-allocating 0 bytes.
[2016.01.15-14.44.44:749][  0]LogInit: Object subsystem initialized
[2016.01.15-14.44.44:750][  0]LogInit: Selected Device Profile: [Windows]
[2016.01.15-14.44.44:750][  0]LogInit: Applying CVar settings loaded from the selected device profile: [Windows]
[2016.01.15-14.44.44:753][  0]LogInit: Computer: MELCOM
[2016.01.15-14.44.44:753][  0]LogInit: User: Melcom
[2016.01.15-14.44.44:753][  0]LogInit: CPU Page size=4096, Cores=4
[2016.01.15-14.44.44:753][  0]LogInit: High frequency timer resolution =2.728072 MHz
[2016.01.15-14.44.44:753][  0]LogMemory: Memory total: Physical=15.9GB (16GB approx)
[2016.01.15-14.44.44:753][  0]LogMemory: Platform Memory Stats for Windows
[2016.01.15-14.44.44:753][  0]LogMemory: Process Physical Memory: 53.75 MB used, 53.75 MB peak
[2016.01.15-14.44.44:753][  0]LogMemory: Process Virtual Memory: 59.55 MB used, 59.55 MB peak
[2016.01.15-14.44.44:753][  0]LogMemory: Physical Memory: 4249.07 MB used, 16302.69 MB total
[2016.01.15-14.44.44:753][  0]LogMemory: Virtual Memory: 356.86 MB used, 134217728.00 MB total
[2016.01.15-14.44.44:822][  0]LogTextLocalizationManager: No translations for ('fr-CA') exist, falling back to 'en' for localization and internationalization data.
[2016.01.15-14.44.45:524][  0]LogD3D11RHI: Found D3D11 adapter 0: NVIDIA GeForce GTX 870M  (Feature Level 11_0)
[2016.01.15-14.44.45:524][  0]LogD3D11RHI: Adapter has 6031MB of dedicated video memory, 0MB of dedicated system memory, and 8151MB of shared system memory, 1 output[s]
[2016.01.15-14.44.45:554][  0]LogD3D11RHI: Found D3D11 adapter 1: Intel(R) HD Graphics 4600 (Feature Level 11_0)
[2016.01.15-14.44.45:554][  0]LogD3D11RHI: Adapter has 128MB of dedicated video memory, 0MB of dedicated system memory, and 1792MB of shared system memory, 1 output[s]
[2016.01.15-14.44.45:555][  0]LogD3D11RHI: Found D3D11 adapter 2: Microsoft Basic Render Driver (Feature Level 11_0)
[2016.01.15-14.44.45:555][  0]LogD3D11RHI: Adapter has 0MB of dedicated video memory, 0MB of dedicated system memory, and 256MB of shared system memory, 0 output[s]
[2016.01.15-14.44.45:556][  0]LogD3D11RHI: Chosen D3D11 Adapter Id = 0
[2016.01.15-14.44.45:563][  0]LogD3D11RHI: !Direct3DDevice
[2016.01.15-14.44.45:563][  0]LogRHI: Texture pool is 1361 MB (70% of 1945 MB)
[2016.01.15-14.44.45:578][  0]LogD3D11RHI: Async texture creation enabled
[2016.01.15-14.44.45:597][  0]LogShaderCompilers: Guid format shader working directory is 15 characters bigger than the processId version (D:/Disque C/Isart GD2/Level Design/Travaux/LDShadowerFall/Intermediate/Shaders/WorkingDirectory/6972/).
[2016.01.15-14.44.45:597][  0]LogShaderCompilers: Cleaned the shader compiler working directory 'D:/Disque C/Isart GD2/Level Design/Travaux/LDShadowerFall/Intermediate/Shaders/tmp/C95459D64FD1A104275208BF0CFD52CD/'.
[2016.01.15-14.44.45:597][  0]LogShaderCompilers:Display: Using Local Shader Compiler.
[2016.01.15-14.44.46:763][  0]LogTemp:Display: Loaded TP AllDesktopTargetPlatform
[2016.01.15-14.44.46:769][  0]LogTemp:Display: Loaded TP WindowsClientTargetPlatform
[2016.01.15-14.44.46:775][  0]LogTemp:Display: Loaded TP WindowsNoEditorTargetPlatform
[2016.01.15-14.44.46:782][  0]LogTemp:Display: Loaded TP WindowsServerTargetPlatform
[2016.01.15-14.44.46:788][  0]LogTemp:Display: Loaded TP WindowsTargetPlatform
[2016.01.15-14.44.46:792][  0]LogTemp:Display: Loaded TP AndroidTargetPlatform
[2016.01.15-14.44.46:797][  0]LogTemp:Display: Loaded TP Android_ASTCTargetPlatform
[2016.01.15-14.44.46:801][  0]LogTemp:Display: Loaded TP Android_ATCTargetPlatform
[2016.01.15-14.44.46:804][  0]LogTemp:Display: Loaded TP Android_DXTTargetPlatform
[2016.01.15-14.44.46:808][  0]LogTemp:Display: Loaded TP Android_ETC1TargetPlatform
[2016.01.15-14.44.46:813][  0]LogTemp:Display: Loaded TP Android_ETC2TargetPlatform
[2016.01.15-14.44.46:818][  0]LogTemp:Display: Loaded TP Android_PVRTCTargetPlatform
[2016.01.15-14.44.46:819][  0]LogTemp:Display: Loaded TP HTML5TargetPlatform
[2016.01.15-14.44.46:836][  0]LogTemp:Display: Loaded TP IOSTargetPlatform
[2016.01.15-14.44.46:839][  0]LogTemp:Display: Loaded TP LinuxNoEditorTargetPlatform
[2016.01.15-14.44.46:847][  0]LogTemp:Display: Loaded TP LinuxServerTargetPlatform
[2016.01.15-14.44.46:858][  0]LogTemp:Display: Loaded TP LinuxTargetPlatform
[2016.01.15-14.44.46:858][  0]LogTargetPlatformManager:Display: Building Assets For Windows
[2016.01.15-14.44.47:087][  0]LogDerivedDataCache:Display: Max Cache Size: 512 MB
[2016.01.15-14.44.47:218][  0]LogDerivedDataCache: Loaded boot cache 0.13s 41MB C:/Users/Melcom/AppData/Local/UnrealEngine/4.9/DerivedDataCache/Boot.ddc.
[2016.01.15-14.44.47:218][  0]LogDerivedDataCache:Display: Loaded Boot cache: C:/Users/Melcom/AppData/Local/UnrealEngine/4.9/DerivedDataCache/Boot.ddc
[2016.01.15-14.44.47:219][  0]LogDerivedDataCache: FDerivedDataBackendGraph:  Pak pak cache file D:/Disque C/Isart GD2/Level Design/Travaux/LDShadowerFall/DerivedDataCache/DDC.ddp not found, will not use a pak cache.
[2016.01.15-14.44.47:219][  0]LogDerivedDataCache: Unable to find inner node Pak for hierarchical cache Hierarchy.
[2016.01.15-14.44.47:219][  0]LogDerivedDataCache: FDerivedDataBackendGraph:  CompressedPak pak cache file D:/Disque C/Isart GD2/Level Design/Travaux/LDShadowerFall/DerivedDataCache/Compressed.ddp not found, will not use a pak cache.
[2016.01.15-14.44.47:219][  0]LogDerivedDataCache: Unable to find inner node CompressedPak for hierarchical cache Hierarchy.
[2016.01.15-14.44.47:421][  0]LogDerivedDataCache:Display: Pak cache opened for reading ../../../Engine/DerivedDataCache/Compressed.ddp.
[2016.01.15-14.44.47:433][  0]LogDerivedDataCache: Using Local data cache path C:/Users/Melcom/AppData/Local/UnrealEngine/Common/DerivedDataCache: Writable
[2016.01.15-14.44.47:792][  0]LogInit: Selected Device Profile: [Windows]
[2016.01.15-14.44.47:804][  0]LogContentStreaming: Texture pool size is 1000.000000MB
[2016.01.15-14.44.48:073][  0]LogMeshUtilities: No automatic mesh reduction module available
[2016.01.15-14.44.48:073][  0]LogMeshUtilities: No automatic mesh merging module available
[2016.01.15-14.44.48:333][  0]LogInit: WinSock: version 1.1 (2.2), MaxSocks=32767, MaxUdp=65467
[2016.01.15-14.44.48:573][  0]LogWindowsMoviePlayer: Unable to load movie: D:/Disque C/Isart GD2/Level Design/Travaux/LDShadowerFall/Content/Movies/Default_Startup.mp4
[2016.01.15-14.44.48:741][  0]SourceControl: Info Source control is disabled
[2016.01.15-14.44.48:741][  0]SourceControl: Info Source control is disabled
[2016.01.15-14.44.48:758][  0]SourceControl: Info Source control is disabled
[2016.01.15-14.44.48:895][  0]LogLinker:Warning: Asset '../../../Engine/Plugins/Runtime/LeapMotionController/Content/LM_PassthroughMaterial.uasset' has been saved with empty engine version. The asset will be loaded but may be incompatible.
[2016.01.15-14.44.48:992][  0]LogObj: 27669 objects as part of root set at end of initial load.
[2016.01.15-14.44.48:992][  0]LogUObjectAllocator: 5775704 out of 0 bytes used by permanent object pool.
[2016.01.15-14.44.49:073][  0]LogEngine: Initializing Engine...
[2016.01.15-14.44.49:088][  0]LogHMD: Can't find Oculus library dev build: is proper Runtime installed? Version: 0.7.0.0
[2016.01.15-14.44.49:089][  0]LogHMD: SteamVR failed to initialize.  Err: 110
[2016.01.15-14.44.49:257][  0]LogInit: XAudio2 using 'Optoma 1080P-4 (NVIDIA High Definition Audio)' : 2 channels at 48 kHz using 16 bits per sample (channel mask 0x3)
[2016.01.15-14.44.49:268][  0]LogInit: FAudioDevice initialized.
[2016.01.15-14.44.49:274][  0]LogInit: Texture streaming: Enabled
[2016.01.15-14.44.49:340][  0]LogNet: Browse: /Temp/Autosaves/Game/FirstPersonBP/Maps/UEDPCLevel3?Name=Player
[2016.01.15-14.44.49:343][  0]LogLoad: LoadMap: /Temp/Autosaves/Game/FirstPersonBP/Maps/UEDPCLevel3?Name=Player
[2016.01.15-14.44.49:354][  0]LogParticles: Destroying 0 GPU particle simulations for FXSystem 0x000000BA8C094720
[2016.01.15-14.44.49:363][  0]LogMemory: Platform Memory Stats for Windows
[2016.01.15-14.44.49:363][  0]LogMemory: Process Physical Memory: 365.74 MB used, 367.86 MB peak
[2016.01.15-14.44.49:363][  0]LogMemory: Process Virtual Memory: 428.38 MB used, 428.38 MB peak
[2016.01.15-14.44.49:363][  0]LogMemory: Physical Memory: 4484.98 MB used, 16302.69 MB total
[2016.01.15-14.44.49:363][  0]LogMemory: Virtual Memory: 953.25 MB used, 134217728.00 MB total
[2016.01.15-14.44.49:363][  0]LogMemory: 
[2016.01.15-14.44.49:363][  0]Allocator Stats for TBB: (not implemented)
[2016.01.15-14.44.49:385][  0]LogLinker:Warning: Asset 'D:/Disque C/Isart GD2/Level Design/Travaux/LDShadowerFall/Content/FirstPerson/Meshes/FirstPersonProjectileMesh.uasset' has been saved with empty engine version. The asset will be loaded but may be incompatible.
[2016.01.15-14.44.50:287][  0]LogBlueprint:Error: [compiler Level3] Error Could not find a function named "update02" in 'Level3_C'.
Make sure 'Level3_C' has been compiled for  update02 
[2016.01.15-14.44.50:335][  0]LogBlueprint:Warning: [compiler Level3] Warning [0006.04] Compile of Level3 failed. 1 Fatal Issue(s) 0 Warning(s) [in 92 ms]
[2016.01.15-14.44.50:335][  0]LogBlueprint:Warning: [compiler Level3] Warning [0006.04] Compile of Level3 failed. 1 Fatal Issue(s) 1 Warning(s) [in 0 ms]
[2016.01.15-14.44.50:335][  0]LogBlueprint:Warning: [compiler Level3] Warning [0006.04] Compile of Level3 failed. 1 Fatal Issue(s) 2 Warning(s) [in 0 ms]
[2016.01.15-14.44.50:642][  0]LogBlueprint:Error: [compiler Level3] Error Could not find a function named "update02" in 'Level3_C'.
Make sure 'Level3_C' has been compiled for  update02 
[2016.01.15-14.44.50:674][  0]LogBlueprint:Warning: [compiler Level3] Warning [0006.38] Compile of Level3 failed. 1 Fatal Issue(s) 0 Warning(s) [in 60 ms]
[2016.01.15-14.44.50:674][  0]LogBlueprint:Warning: [compiler Level3] Warning [0006.38] Compile of Level3 failed. 1 Fatal Issue(s) 1 Warning(s) [in 0 ms]
[2016.01.15-14.44.50:674][  0]LogBlueprint:Warning: [compiler Level3] Warning [0006.38] Compile of Level3 failed. 1 Fatal Issue(s) 2 Warning(s) [in 0 ms]
[2016.01.15-14.44.51:339][  0]LogAIModule: Creating AISystem for world Level3
[2016.01.15-14.44.51:359][  0]LogWorld: Game class is 'FirstPersonGameMode_C'
[2016.01.15-14.44.51:374][  0]LogStaticMesh:Warning: Cached component instance data transform did not match!  Discarding cached lighting data which will cause lighting to be unbuilt.
/Temp/Autosaves/Game/FirstPersonBP/Maps/UEDPCLevel3.Level3:PersistentLevel.BP_Wall8.Cube
Current X=-36040.085938 Y=-5638.448730 Z=-339.181274 Cached X=-36046.144531 Y=-5624.379883 Z=-339.181274
[2016.01.15-14.44.51:405][  0]LogStaticMesh:Warning: Cached component instance data transform did not match!  Discarding cached lighting data which will cause lighting to be unbuilt.
/Temp/Autosaves/Game/FirstPersonBP/Maps/UEDPCLevel3.Level3:PersistentLevel.BP_Wall38_45833.Cube
Current X=-33320.000000 Y=4240.000000 Z=270.000000 Cached X=-33300.000000 Y=4240.000000 Z=270.000000
[2016.01.15-14.44.51:408][  0]LogWorld: Bringing World /Temp/Autosaves/Game/FirstPersonBP/Maps/UEDPCLevel3.Level3 up for play (max tick rate 0) at 2016.01.15-09.44.51
[2016.01.15-14.44.51:416][  0]LogWorld: Bringing up level for play took: 0.056338
[2016.01.15-14.44.51:421][  0]LogInit:Display: Game Engine Initialized.
[2016.01.15-14.44.51:652][  0]LogLoad: Full Startup: 7.36 seconds (BP compile: 0.57 seconds)
[2016.01.15-14.44.51:669][  0]LogWindowsTextInputMethodSystem:Display: IME system now deactivated.
[2016.01.15-14.44.51:860][  2]LogRenderer: Reallocating scene render targets to support 1280x720 (Frame:2).
[2016.01.15-14.45.13:676][138]LogBlueprintUserMessages: [BP_Wall36] OnTOUCH
[2016.01.15-14.45.13:676][138]LogBlueprintUserMessages: [BP_Wall36] NoTouch
[2016.01.15-14.45.13:695][139]LogBlueprintUserMessages: [BP_Wall36] OnTOUCH
[2016.01.15-14.45.13:695][139]LogBlueprintUserMessages: [FirstPersonCharacter_C_0] touchWall
[2016.01.15-14.45.13:696][139]LogBlueprintUserMessages: [FirstPersonCharacter_C_0] true
[2016.01.15-14.45.13:928][151]LogBlueprintUserMessages: [BP_Wall36] NoTouch
[2016.01.15-14.45.17:200][319]LogBlueprintUserMessages: [BP_Wall5] OnTOUCH
[2016.01.15-14.45.17:200][319]LogBlueprintUserMessages: [BP_Wall5] NoTouch
[2016.01.15-14.45.17:219][320]LogBlueprintUserMessages: [BP_Wall5] OnTOUCH
[2016.01.15-14.45.17:219][320]LogBlueprintUserMessages: [FirstPersonCharacter_C_0] touchWall
[2016.01.15-14.45.17:219][320]LogBlueprintUserMessages: [FirstPersonCharacter_C_0] true
[2016.01.15-14.45.17:903][355]LogBlueprintUserMessages: [BP_Wall5] NoTouch
[2016.01.15-14.45.25:300][745]LogBlueprintUserMessages: [BP_Wall20] OnTOUCH
[2016.01.15-14.45.25:300][745]LogBlueprintUserMessages: [BP_Wall20] NoTouch
[2016.01.15-14.45.25:633][762]LogBlueprintUserMessages: [BP_Wall20] OnTOUCH
[2016.01.15-14.45.25:651][763]LogBlueprintUserMessages: [BP_Wall20] NoTouch
[2016.01.15-14.45.28:528][914]LogBlueprintUserMessages: [BP_Wall22] OnTOUCH
[2016.01.15-14.45.28:528][914]LogBlueprintUserMessages: [BP_Wall22] NoTouch
[2016.01.15-14.45.31:029][ 44]LogBlueprintUserMessages: [CoffreTranspercante4] 3
[2016.01.15-14.45.31:029][ 44]LogBlueprintUserMessages: [CoffreTranspercante4] 6
[2016.01.15-14.45.34:860][245]LogBlueprintUserMessages: [FirstPersonCharacter_C_0] Dash
[2016.01.15-14.45.35:108][258]LogBlueprintUserMessages: [FirstPersonCharacter_C_0] En L'air
[2016.01.15-14.45.45:020][785]LogBlueprintUserMessages: [BP_Wall21_18508] OnTOUCH
[2016.01.15-14.45.45:020][785]LogBlueprintUserMessages: [BP_Wall21_18508] NoTouch
[2016.01.15-14.45.45:132][791]LogBlueprintUserMessages: [BP_Wall21_18508] OnTOUCH
[2016.01.15-14.45.45:132][791]LogBlueprintUserMessages: [FirstPersonCharacter_C_0] touchWall
[2016.01.15-14.45.45:133][791]LogBlueprintUserMessages: [FirstPersonCharacter_C_0] true
[2016.01.15-14.45.45:599][816]LogBlueprintUserMessages: [FirstPersonCharacter_C_0] 2
[2016.01.15-14.45.45:599][816]LogBlueprintUserMessages: [FirstPersonCharacter_C_0] 5
[2016.01.15-14.45.46:042][839]LogBlueprintUserMessages: [BP_Wall21_18508] NoTouch
[2016.01.15-14.45.48:380][961]LogBlueprintUserMessages: [BP_Wall22] OnTOUCH
[2016.01.15-14.45.48:380][961]LogBlueprintUserMessages: [BP_Wall22] NoTouch
[2016.01.15-14.45.48:399][962]LogBlueprintUserMessages: [BP_Wall22] OnTOUCH
[2016.01.15-14.45.48:399][962]LogBlueprintUserMessages: [FirstPersonCharacter_C_0] touchWall
[2016.01.15-14.45.48:400][962]LogBlueprintUserMessages: [FirstPersonCharacter_C_0] true
[2016.01.15-14.45.48:476][966]LogBlueprintUserMessages: [BP_Wall22] NoTouch
[2016.01.15-14.45.55:051][292]LogBlueprintUserMessages: [CoffreExplosion_179] 1
[2016.01.15-14.45.55:051][292]LogBlueprintUserMessages: [CoffreExplosion_179] 6
[2016.01.15-14.45.56:426][360]LogBlueprintUserMessages: [FirstPersonCharacter_C_0] 1
[2016.01.15-14.45.56:426][360]LogBlueprintUserMessages: [FirstPersonCharacter_C_0] 5
[2016.01.15-14.46.02:491][664]LogBlueprintUserMessages: [BP_Wall118] OnTOUCH
[2016.01.15-14.46.02:491][664]LogBlueprintUserMessages: [BP_Wall118] NoTouch
[2016.01.15-14.46.02:510][665]LogBlueprintUserMessages: [BP_Wall118] OnTOUCH
[2016.01.15-14.46.02:510][665]LogBlueprintUserMessages: [FirstPersonCharacter_C_0] touchWall
[2016.01.15-14.46.02:510][665]LogBlueprintUserMessages: [FirstPersonCharacter_C_0] true
[2016.01.15-14.46.02:756][678]LogBlueprintUserMessages: [BP_Wall118] NoTouch
[2016.01.15-14.46.08:775][983]LogBlueprintUserMessages: [BP_Wall52] OnTOUCH
[2016.01.15-14.46.10:708][ 83]LogBlueprintUserMessages: [BP_Wall52] NoTouch
[2016.01.15-14.46.11:773][138]LogBlueprintUserMessages: [FirstPersonCharacter_C_0] Dash
[2016.01.15-14.46.11:873][143]LogBlueprintUserMessages: [BP_Wall122] OnTOUCH
[2016.01.15-14.46.11:873][143]LogBlueprintUserMessages: [BP_Wall122] NoTouch
[2016.01.15-14.46.12:012][150]LogBlueprintUserMessages: [FirstPersonCharacter_C_0] En L'air
[2016.01.15-14.46.17:093][412]LogBlueprintUserMessages: [BP_Wall52] OnTOUCH
[2016.01.15-14.46.17:632][440]LogBlueprintUserMessages: [BP_Wall52] NoTouch
[2016.01.15-14.46.18:249][472]LogBlueprintUserMessages: [FirstPersonCharacter_C_0] Dash
[2016.01.15-14.46.18:480][484]LogBlueprintUserMessages: [FirstPersonCharacter_C_0] En L'air
[2016.01.15-14.46.22:040][669]LogBlueprintUserMessages: [BP_Wall32] OnTOUCH
[2016.01.15-14.46.23:254][732]LogBlueprintUserMessages: [BP_Wall32] NoTouch
[2016.01.15-14.46.25:831][864]LogBlueprintUserMessages: [BP_Wall52] OnTOUCH
[2016.01.15-14.46.26:381][893]LogBlueprintUserMessages: [BP_Wall52] NoTouch
[2016.01.15-14.46.26:819][916]LogBlueprintUserMessages: [BP_Wall33] OnTOUCH
[2016.01.15-14.46.26:819][916]LogBlueprintUserMessages: [BP_Wall33] NoTouch
[2016.01.15-14.46.26:837][917]LogBlueprintUserMessages: [BP_Wall33] OnTOUCH
[2016.01.15-14.46.26:838][917]LogBlueprintUserMessages: [FirstPersonCharacter_C_0] touchWall
[2016.01.15-14.46.26:838][917]LogBlueprintUserMessages: [FirstPersonCharacter_C_0] true
[2016.01.15-14.46.28:691][ 15]LogBlueprintUserMessages: [BP_Wall11] OnTOUCH
[2016.01.15-14.46.28:691][ 15]LogBlueprintUserMessages: [BP_Wall11] NoTouch
[2016.01.15-14.46.29:075][ 35]LogBlueprintUserMessages: [BP_Wall33] NoTouch
[2016.01.15-14.46.35:989][396]LogBlueprintUserMessages: [CoffreNormal_675] 2
[2016.01.15-14.46.35:989][396]LogBlueprintUserMessages: [CoffreNormal_675] 6
[2016.01.15-14.46.42:659][733]LogWindowsTextInputMethodSystem:Display: IME system now deactivated.
[2016.01.15-14.46.42:670][733]LogEngine: All Windows Closed
[2016.01.15-14.46.42:670][733]LogWindows: FPlatformMisc::RequestExit(0)
[2016.01.15-14.46.43:179][734]LogExit: Preparing to exit.
[2016.01.15-14.46.43:366][734]LogExit: Game engine shut down
[2016.01.15-14.46.43:369][734]LogParticles: Destroying 0 GPU particle simulations for FXSystem 0x000000BAA0B311C0
[2016.01.15-14.46.43:664][734]LogExit: Object subsystem successfully closed.
[2016.01.15-14.46.43:683][734]LogD3D11RHI: Shutdown
[2016.01.15-14.46.43:684][734]LogD3D11RHI: CleanupD3DDevice
[2016.01.15-14.46.43:777][734]LogD3D11RHI: ~FD3D11DynamicRHI
[2016.01.15-14.46.43:805][734]LogModuleManager: Shutting down and abandoning module AndroidDeviceDetection (115)
[2016.01.15-14.46.44:755][734]LogModuleManager: Shutting down and abandoning module AutomationController (114)
[2016.01.15-14.46.44:755][734]LogModuleManager: Shutting down and abandoning module AutomationWorker (113)
[2016.01.15-14.46.44:755][734]LogModuleManager: Shutting down and abandoning module CharacterAI (112)
[2016.01.15-14.46.44:755][734]LogModuleManager: Shutting down and abandoning module AITestSuite (111)
[2016.01.15-14.46.44:755][734]LogModuleManager: Shutting down and abandoning module GameplayDebugger (110)
[2016.01.15-14.46.44:755][734]LogModuleManager: Shutting down and abandoning module AIModule (109)
[2016.01.15-14.46.44:755][734]LogModuleManager: Shutting down and abandoning module GameLiveStreaming (108)
[2016.01.15-14.46.44:755][734]LogModuleManager: Shutting down and abandoning module StreamingPauseRendering (107)
[2016.01.15-14.46.44:755][734]LogModuleManager: Shutting down and abandoning module ProfilerService (106)
[2016.01.15-14.46.44:844][734]LogModuleManager: Shutting down and abandoning module TaskGraph (105)
[2016.01.15-14.46.44:844][734]LogModuleManager: Shutting down and abandoning module SlateRemote (104)
[2016.01.15-14.46.44:844][734]LogModuleManager: Shutting down and abandoning module SteamVRController (103)
[2016.01.15-14.46.44:844][734]LogModuleManager: Shutting down and abandoning module SteamVR (102)
[2016.01.15-14.46.44:844][734]LogModuleManager: Shutting down and abandoning module ProceduralMeshComponent (101)
[2016.01.15-14.46.44:844][734]LogModuleManager: Shutting down and abandoning module OculusRift (100)
[2016.01.15-14.46.44:844][734]LogModuleManager: Shutting down and abandoning module OculusLibrary (99)
[2016.01.15-14.46.44:844][734]LogModuleManager: Shutting down and abandoning module LeapMotionController (98)
[2016.01.15-14.46.44:859][734]LogModuleManager: Shutting down and abandoning module CustomMeshComponent (97)
[2016.01.15-14.46.44:859][734]LogModuleManager: Shutting down and abandoning module CableComponent (96)
[2016.01.15-14.46.44:859][734]LogModuleManager: Shutting down and abandoning module ArchVisCharacter (95)
[2016.01.15-14.46.44:859][734]LogModuleManager: Shutting down and abandoning module HTML5Networking (94)
[2016.01.15-14.46.44:859][734]LogModuleManager: Shutting down and abandoning module DesktopPlatform (93)
[2016.01.15-14.46.44:859][734]LogModuleManager: Shutting down and abandoning module DirectoryWatcher (92)
[2016.01.15-14.46.44:859][734]LogModuleManager: Shutting down and abandoning module HotReload (91)
[2016.01.15-14.46.44:859][734]LogModuleManager: Shutting down and abandoning module VisualStudioSourceCodeAccess (90)
[2016.01.15-14.46.44:859][734]LogModuleManager: Shutting down and abandoning module UObjectPlugin (89)
[2016.01.15-14.46.44:859][734]LogModuleManager: Shutting down and abandoning module SubversionSourceControl (88)
[2016.01.15-14.46.44:859][734]LogModuleManager: Shutting down and abandoning module SourceControl (87)
[2016.01.15-14.46.44:859][734]LogModuleManager: Shutting down and abandoning module PerforceSourceControl (86)
[2016.01.15-14.46.44:859][734]LogModuleManager: Shutting down and abandoning module UdpMessaging (85)
[2016.01.15-14.46.44:859][734]LogModuleManager: Shutting down and abandoning module LightPropagationVolumeRuntime (84)
[2016.01.15-14.46.44:859][734]LogModuleManager: Shutting down and abandoning module Paper2D (83)
[2016.01.15-14.46.44:859][734]LogModuleManager: Shutting down and abandoning module WindowsMoviePlayer (82)
[2016.01.15-14.46.44:874][734]LogModuleManager: Shutting down and abandoning module Media (81)
[2016.01.15-14.46.44:874][734]LogModuleManager: Shutting down and abandoning module WmfMedia (80)
[2016.01.15-14.46.44:875][734]LogModuleManager: Shutting down and abandoning module OnlineBlueprintSupport (79)
[2016.01.15-14.46.44:875][734]LogModuleManager: Shutting down and abandoning module GameplayTasksEditor (78)
[2016.01.15-14.46.44:875][734]LogModuleManager: Shutting down and abandoning module PropertyEditor (77)
[2016.01.15-14.46.44:875][734]LogModuleManager: Shutting down and abandoning module BehaviorTreeEditor (76)
[2016.01.15-14.46.44:875][734]LogModuleManager: Shutting down and abandoning module FunctionalTesting (75)
[2016.01.15-14.46.44:875][734]LogModuleManager: Shutting down and abandoning module CollisionAnalyzer (74)
[2016.01.15-14.46.44:875][734]LogModuleManager: Shutting down and abandoning module WorkspaceMenuStructure (73)
[2016.01.15-14.46.44:875][734]LogModuleManager: Shutting down and abandoning module MessageLog (72)
[2016.01.15-14.46.44:875][734]LogModuleManager: Shutting down and abandoning module Sequencer (71)
[2016.01.15-14.46.44:875][734]LogModuleManager: Shutting down and abandoning module AssetTools (70)
[2016.01.15-14.46.44:875][734]LogModuleManager: Shutting down and abandoning module UMGEditor (69)
[2016.01.15-14.46.44:875][734]LogModuleManager: Shutting down and abandoning module UMG (68)
[2016.01.15-14.46.44:875][734]LogModuleManager: Shutting down and abandoning module Slate (67)
[2016.01.15-14.46.44:875][734]LogModuleManager: Shutting down and abandoning module EditorStyle (66)
[2016.01.15-14.46.44:881][734]LogModuleManager: Shutting down and abandoning module SessionServices (65)
[2016.01.15-14.46.44:881][734]LogModuleManager: Shutting down and abandoning module SourceCodeAccess (64)
[2016.01.15-14.46.44:881][734]LogModuleManager: Shutting down and abandoning module HeadMountedDisplay (63)
[2016.01.15-14.46.44:881][734]LogModuleManager: Shutting down and abandoning module XAudio2 (62)
[2016.01.15-14.46.44:881][734]LogModuleManager: Shutting down and abandoning module Networking (60)
[2016.01.15-14.46.44:881][734]LogModuleManager: Shutting down and abandoning module Core (59)
[2016.01.15-14.46.44:881][734]LogModuleManager: Shutting down and abandoning module KismetCompiler (58)
[2016.01.15-14.46.44:881][734]LogModuleManager: Shutting down and abandoning module PhysXFormats (57)
[2016.01.15-14.46.44:881][734]LogModuleManager: Shutting down and abandoning module MeshUtilities (56)
[2016.01.15-14.46.44:881][734]LogModuleManager: Shutting down and abandoning module CookingStats (55)
[2016.01.15-14.46.44:883][734]LogModuleManager: Shutting down and abandoning module DerivedDataCache (54)
[2016.01.15-14.46.45:018][734]LogDerivedDataCache: Shutdown
[2016.01.15-14.46.45:018][734]LogModuleManager: Shutting down and abandoning module ShaderFormatOpenGL (53)
[2016.01.15-14.46.45:018][734]LogModuleManager: Shutting down and abandoning module ShaderFormatD3D (52)
[2016.01.15-14.46.45:018][734]LogModuleManager: Shutting down and abandoning module MetalShaderFormat (51)
[2016.01.15-14.46.45:018][734]LogModuleManager: Shutting down and abandoning module TextureFormatUncompressed (50)
[2016.01.15-14.46.45:018][734]LogModuleManager: Shutting down and abandoning module TextureFormatPVR (49)
[2016.01.15-14.46.45:018][734]LogModuleManager: Shutting down and abandoning module TextureFormatIntelISPCTexComp (48)
[2016.01.15-14.46.45:018][734]LogModuleManager: Shutting down and abandoning module TextureFormatDXT (47)
[2016.01.15-14.46.45:018][734]LogModuleManager: Shutting down and abandoning module ImageWrapper (46)
[2016.01.15-14.46.45:018][734]LogModuleManager: Shutting down and abandoning module TextureFormatASTC (45)
[2016.01.15-14.46.45:018][734]LogModuleManager: Shutting down and abandoning module TextureFormatAndroid (44)
[2016.01.15-14.46.45:018][734]LogModuleManager: Shutting down and abandoning module AudioFormatOpus (43)
[2016.01.15-14.46.45:018][734]LogModuleManager: Shutting down and abandoning module AudioFormatOgg (42)
[2016.01.15-14.46.45:018][734]LogModuleManager: Shutting down and abandoning module AudioFormatADPCM (41)
[2016.01.15-14.46.45:018][734]LogModuleManager: Shutting down and abandoning module LinuxTargetPlatform (40)
[2016.01.15-14.46.45:018][734]LogModuleManager: Shutting down and abandoning module LinuxServerTargetPlatform (39)
[2016.01.15-14.46.45:018][734]LogModuleManager: Shutting down and abandoning module LinuxNoEditorTargetPlatform (38)
[2016.01.15-14.46.45:018][734]LogModuleManager: Shutting down and abandoning module Messaging (37)
[2016.01.15-14.46.45:018][734]LogModuleManager: Shutting down and abandoning module IOSTargetPlatform (36)
[2016.01.15-14.46.45:018][734]LogModuleManager: Shutting down and abandoning module HTML5TargetPlatform (35)
[2016.01.15-14.46.45:018][734]LogModuleManager: Shutting down and abandoning module Android_PVRTCTargetPlatform (34)
[2016.01.15-14.46.45:018][734]LogModuleManager: Shutting down and abandoning module Android_ETC2TargetPlatform (33)
[2016.01.15-14.46.45:018][734]LogModuleManager: Shutting down and abandoning module Android_ETC1TargetPlatform (32)
[2016.01.15-14.46.45:018][734]LogModuleManager: Shutting down and abandoning module Android_DXTTargetPlatform (31)
[2016.01.15-14.46.45:018][734]LogModuleManager: Shutting down and abandoning module Android_ATCTargetPlatform (30)
[2016.01.15-14.46.45:018][734]LogModuleManager: Shutting down and abandoning module Android_ASTCTargetPlatform (29)
[2016.01.15-14.46.45:018][734]LogModuleManager: Shutting down and abandoning module AndroidTargetPlatform (28)
[2016.01.15-14.46.45:018][734]LogModuleManager: Shutting down and abandoning module WindowsTargetPlatform (27)
[2016.01.15-14.46.45:018][734]LogModuleManager: Shutting down and abandoning module WindowsServerTargetPlatform (26)
[2016.01.15-14.46.45:018][734]LogModuleManager: Shutting down and abandoning module WindowsNoEditorTargetPlatform (25)
[2016.01.15-14.46.45:018][734]LogModuleManager: Shutting down and abandoning module WindowsClientTargetPlatform (24)
[2016.01.15-14.46.45:018][734]LogModuleManager: Shutting down and abandoning module AllDesktopTargetPlatform (23)
[2016.01.15-14.46.45:018][734]LogModuleManager: Shutting down and abandoning module TargetPlatform (22)
[2016.01.15-14.46.45:018][734]LogModuleManager: Shutting down and abandoning module InputCore (21)
[2016.01.15-14.46.45:018][734]LogModuleManager: Shutting down and abandoning module Settings (20)
[2016.01.15-14.46.45:018][734]LogModuleManager: Shutting down and abandoning module OnlineSubsystem (18)
[2016.01.15-14.46.45:018][734]LogModuleManager: Shutting down and abandoning module HTTP (17)
[2016.01.15-14.46.45:018][734]LogModuleManager: Shutting down and abandoning module XMPP (16)
[2016.01.15-14.46.45:018][734]LogModuleManager: Shutting down and abandoning module ExampleDeviceProfileSelector (15)
[2016.01.15-14.46.45:018][734]LogModuleManager: Shutting down and abandoning module TextureCompressor (14)
[2016.01.15-14.46.45:019][734]LogModuleManager: Shutting down and abandoning module ShaderCore (13)
[2016.01.15-14.46.45:019][734]LogModuleManager: Shutting down and abandoning module Landscape (12)
[2016.01.15-14.46.45:019][734]LogModuleManager: Shutting down and abandoning module SlateRHIRenderer (11)
[2016.01.15-14.46.45:019][734]LogModuleManager: Shutting down and abandoning module OpenGLDrv (10)
[2016.01.15-14.46.45:019][734]LogModuleManager: Shutting down and abandoning module D3D11RHI (9)
[2016.01.15-14.46.45:019][734]LogModuleManager: Shutting down and abandoning module AnimGraphRuntime (8)
[2016.01.15-14.46.45:019][734]LogModuleManager: Shutting down and abandoning module Renderer (7)
[2016.01.15-14.46.45:019][734]LogModuleManager: Shutting down and abandoning module Engine (6)
[2016.01.15-14.46.45:019][734]LogModuleManager: Shutting down and abandoning module CoreUObject (5)
[2016.01.15-14.46.45:019][734]LogModuleManager: Shutting down and abandoning module NetworkFile (4)
[2016.01.15-14.46.45:019][734]LogModuleManager: Shutting down and abandoning module StreamingFile (3)
[2016.01.15-14.46.45:019][734]LogModuleManager: Shutting down and abandoning module SandboxFile (2)
[2016.01.15-14.46.45:019][734]LogModuleManager: Shutting down and abandoning module PakFile (1)
[2016.01.15-14.46.45:021][734]LogExit: Exiting.
[2016.01.15-14.46.45:028][734]Log file closed, 01/15/16 09:46:45
