[2016.01.14-07.34.40:327][  0]Log file open, 01/14/16 02:34:40
[2016.01.14-07.34.40:327][  0]LogInit:Display: Running engine for game: ShadowFall
[2016.01.14-07.34.40:327][  0]LogInit:Display: RandInit(-1709973859) SRandInit(-1709973859).
[2016.01.14-07.34.40:327][  0]LogTaskGraph: Started task graph with 4 named threads and 7 total threads.
[2016.01.14-07.34.40:327][  0]LogStats: Stats thread started at 0.082661
[2016.01.14-07.34.40:327][  0]LogInit: Version: 4.9.2-2707645+++depot+UE4-Releases+4.9
[2016.01.14-07.34.40:327][  0]LogInit: API Version: 2672455
[2016.01.14-07.34.40:327][  0]LogInit: Compiled (64-bit): Sep 28 2015 10:25:44
[2016.01.14-07.34.40:327][  0]LogInit: Compiled with Visual C++: 18.00.21005.01
[2016.01.14-07.34.40:327][  0]LogInit: Build Configuration: Development
[2016.01.14-07.34.40:327][  0]LogInit: Branch Name: ++depot+UE4-Releases+4.9
[2016.01.14-07.34.40:327][  0]LogInit: Command line:  
[2016.01.14-07.34.40:327][  0]LogInit: Base directory: D:/Program Files/Epic Games/4.9/Engine/Binaries/Win64/
[2016.01.14-07.34.40:327][  0]LogInit: Rocket: 1
[2016.01.14-07.34.40:339][  0]LogInit: Using libcurl 7.41.0
[2016.01.14-07.34.40:339][  0]LogInit:  - built for x86_64-pc-win32
[2016.01.14-07.34.40:339][  0]LogInit:  - supports SSL with WinSSL
[2016.01.14-07.34.40:339][  0]LogInit:  - other features:
[2016.01.14-07.34.40:339][  0]LogInit:      CURL_VERSION_SSL
[2016.01.14-07.34.40:339][  0]LogInit:      CURL_VERSION_IPV6
[2016.01.14-07.34.40:339][  0]LogInit:      CURL_VERSION_ASYNCHDNS
[2016.01.14-07.34.40:339][  0]LogInit:      CURL_VERSION_LARGEFILE
[2016.01.14-07.34.40:339][  0]LogInit:      CURL_VERSION_IDN
[2016.01.14-07.34.40:339][  0]LogInit:  CurlRequestOptions (configurable via config and command line):
[2016.01.14-07.34.40:339][  0]LogInit:  - bVerifyPeer = true  - Libcurl will verify peer certificate
[2016.01.14-07.34.40:339][  0]LogInit:  - bUseHttpProxy = false  - Libcurl will NOT use HTTP proxy
[2016.01.14-07.34.40:339][  0]LogInit:  - bDontReuseConnections = false  - Libcurl will reuse connections
[2016.01.14-07.34.40:339][  0]LogInit:  - CertBundlePath = nullptr  - Libcurl will use whatever was configured at build time.
[2016.01.14-07.34.40:348][  0]LogInit: Presizing for 0 objects not considered by GC, pre-allocating 0 bytes.
[2016.01.14-07.34.40:357][  0]LogInit: Object subsystem initialized
[2016.01.14-07.34.40:358][  0]LogInit: Selected Device Profile: [Windows]
[2016.01.14-07.34.40:358][  0]LogInit: Applying CVar settings loaded from the selected device profile: [Windows]
[2016.01.14-07.34.40:370][  0]LogInit: Computer: PCMAXIME
[2016.01.14-07.34.40:370][  0]LogInit: User: Maxime
[2016.01.14-07.34.40:370][  0]LogInit: CPU Page size=4096, Cores=4
[2016.01.14-07.34.40:370][  0]LogInit: High frequency timer resolution =2.338452 MHz
[2016.01.14-07.34.40:370][  0]LogMemory: Memory total: Physical=7.9GB (8GB approx)
[2016.01.14-07.34.40:370][  0]LogMemory: Platform Memory Stats for Windows
[2016.01.14-07.34.40:370][  0]LogMemory: Process Physical Memory: 55.68 MB used, 55.68 MB peak
[2016.01.14-07.34.40:370][  0]LogMemory: Process Virtual Memory: 58.85 MB used, 58.85 MB peak
[2016.01.14-07.34.40:370][  0]LogMemory: Physical Memory: 2065.20 MB used, 8123.55 MB total
[2016.01.14-07.34.40:370][  0]LogMemory: Virtual Memory: 353.84 MB used, 134217728.00 MB total
[2016.01.14-07.34.40:411][  0]LogTextLocalizationManager: No translations for ('fr-FR') exist, falling back to 'en' for localization and internationalization data.
[2016.01.14-07.34.41:226][  0]LogD3D11RHI: Found D3D11 adapter 0: AMD Radeon HD 7570M (Feature Level 11_0)
[2016.01.14-07.34.41:226][  0]LogD3D11RHI: Adapter has 1004MB of dedicated video memory, 0MB of dedicated system memory, and 3840MB of shared system memory, 1 output[s]
[2016.01.14-07.34.41:228][  0]LogD3D11RHI: Found D3D11 adapter 1: Microsoft Basic Render Driver (Feature Level 11_0)
[2016.01.14-07.34.41:228][  0]LogD3D11RHI: Adapter has 0MB of dedicated video memory, 0MB of dedicated system memory, and 4061MB of shared system memory, 0 output[s]
[2016.01.14-07.34.41:228][  0]LogD3D11RHI: Chosen D3D11 Adapter Id = 0
[2016.01.14-07.34.41:231][  0]LogD3D11RHI: !Direct3DDevice
[2016.01.14-07.34.41:231][  0]LogRHI: Texture pool is 702 MB (70% of 1004 MB)
[2016.01.14-07.34.41:239][  0]LogD3D11RHI: Async texture creation disabled: no driver support
[2016.01.14-07.34.41:250][  0]LogShaderCompilers: Guid format shader working directory is 15 characters bigger than the processId version (../../../../../../Bibliothèques/Documents/Unreal Projects/ShadowerFall/Intermediate/Shaders/WorkingDirectory/5256/).
[2016.01.14-07.34.41:250][  0]LogShaderCompilers: Cleaned the shader compiler working directory '../../../../../../Bibliothèques/Documents/Unreal Projects/ShadowerFall/Intermediate/Shaders/tmp/9C75ADE4431033868519E480BD9CFEAE/'.
[2016.01.14-07.34.41:250][  0]LogShaderCompilers:Display: Using Local Shader Compiler.
[2016.01.14-07.34.42:373][  0]LogTemp:Display: Loaded TP AllDesktopTargetPlatform
[2016.01.14-07.34.42:379][  0]LogTemp:Display: Loaded TP WindowsClientTargetPlatform
[2016.01.14-07.34.42:385][  0]LogTemp:Display: Loaded TP WindowsNoEditorTargetPlatform
[2016.01.14-07.34.42:391][  0]LogTemp:Display: Loaded TP WindowsServerTargetPlatform
[2016.01.14-07.34.42:397][  0]LogTemp:Display: Loaded TP WindowsTargetPlatform
[2016.01.14-07.34.42:400][  0]LogTemp:Display: Loaded TP AndroidTargetPlatform
[2016.01.14-07.34.42:404][  0]LogTemp:Display: Loaded TP Android_ASTCTargetPlatform
[2016.01.14-07.34.42:408][  0]LogTemp:Display: Loaded TP Android_ATCTargetPlatform
[2016.01.14-07.34.42:412][  0]LogTemp:Display: Loaded TP Android_DXTTargetPlatform
[2016.01.14-07.34.42:416][  0]LogTemp:Display: Loaded TP Android_ETC1TargetPlatform
[2016.01.14-07.34.42:420][  0]LogTemp:Display: Loaded TP Android_ETC2TargetPlatform
[2016.01.14-07.34.42:424][  0]LogTemp:Display: Loaded TP Android_PVRTCTargetPlatform
[2016.01.14-07.34.42:425][  0]LogTemp:Display: Loaded TP HTML5TargetPlatform
[2016.01.14-07.34.42:443][  0]LogTemp:Display: Loaded TP IOSTargetPlatform
[2016.01.14-07.34.42:446][  0]LogTemp:Display: Loaded TP LinuxNoEditorTargetPlatform
[2016.01.14-07.34.42:450][  0]LogTemp:Display: Loaded TP LinuxServerTargetPlatform
[2016.01.14-07.34.42:454][  0]LogTemp:Display: Loaded TP LinuxTargetPlatform
[2016.01.14-07.34.42:454][  0]LogTargetPlatformManager:Display: Building Assets For Windows
[2016.01.14-07.34.42:560][  0]LogDerivedDataCache:Display: Max Cache Size: 512 MB
[2016.01.14-07.34.42:601][  0]LogDerivedDataCache: Loaded boot cache 0.04s 41MB C:/Users/Maxime/AppData/Local/UnrealEngine/4.9/DerivedDataCache/Boot.ddc.
[2016.01.14-07.34.42:601][  0]LogDerivedDataCache:Display: Loaded Boot cache: C:/Users/Maxime/AppData/Local/UnrealEngine/4.9/DerivedDataCache/Boot.ddc
[2016.01.14-07.34.42:601][  0]LogDerivedDataCache: FDerivedDataBackendGraph:  Pak pak cache file ../../../../../../Bibliothèques/Documents/Unreal Projects/ShadowerFall/DerivedDataCache/DDC.ddp not found, will not use a pak cache.
[2016.01.14-07.34.42:601][  0]LogDerivedDataCache: Unable to find inner node Pak for hierarchical cache Hierarchy.
[2016.01.14-07.34.42:601][  0]LogDerivedDataCache: FDerivedDataBackendGraph:  CompressedPak pak cache file ../../../../../../Bibliothèques/Documents/Unreal Projects/ShadowerFall/DerivedDataCache/Compressed.ddp not found, will not use a pak cache.
[2016.01.14-07.34.42:601][  0]LogDerivedDataCache: Unable to find inner node CompressedPak for hierarchical cache Hierarchy.
[2016.01.14-07.34.42:756][  0]LogDerivedDataCache:Display: Pak cache opened for reading ../../../Engine/DerivedDataCache/Compressed.ddp.
[2016.01.14-07.34.42:769][  0]LogDerivedDataCache: Using Local data cache path C:/Users/Maxime/AppData/Local/UnrealEngine/Common/DerivedDataCache: Writable
[2016.01.14-07.34.42:981][  0]LogInit: Selected Device Profile: [Windows]
[2016.01.14-07.34.42:984][  0]LogContentStreaming: Texture pool size is 0.000000MB
[2016.01.14-07.34.43:127][  0]LogMeshUtilities: No automatic mesh reduction module available
[2016.01.14-07.34.43:127][  0]LogMeshUtilities: No automatic mesh merging module available
[2016.01.14-07.34.43:396][  0]LogInit: WinSock: version 1.1 (2.2), MaxSocks=32767, MaxUdp=65467
[2016.01.14-07.34.44:187][  0]UdpMessaging: Initializing bridge on interface 0.0.0.0:0 to multicast group 230.0.0.1:6666.
[2016.01.14-07.34.44:291][  0]LogAssetRegistry: FAssetRegistry took 0.0107 seconds to start up
[2016.01.14-07.34.44:495][  0]SourceControl: Info Source control is disabled
[2016.01.14-07.34.44:497][  0]SourceControl: Info Source control is disabled
[2016.01.14-07.34.44:512][  0]SourceControl: Info Source control is disabled
[2016.01.14-07.34.44:527][  0]SourceControl: Info Source control is disabled
[2016.01.14-07.34.44:737][  0]LogLinker:Warning: Asset '../../../Engine/Plugins/Runtime/LeapMotionController/Content/LM_PassthroughMaterial.uasset' has been saved with empty engine version. The asset will be loaded but may be incompatible.
[2016.01.14-07.34.44:843][  0]LogObj: 28361 objects as part of root set at end of initial load.
[2016.01.14-07.34.44:843][  0]LogUObjectAllocator: 6038872 out of 0 bytes used by permanent object pool.
[2016.01.14-07.34.44:904][  0]LogEngine: Initializing Engine...
[2016.01.14-07.34.44:907][  0]LogHMD: Can't find Oculus library dev build: is proper Runtime installed? Version: 0.7.0.0
[2016.01.14-07.34.44:908][  0]LogHMD: SteamVR failed to initialize.  Err: 110
[2016.01.14-07.34.45:035][  0]LogAIModule: Creating AISystem for world NewWorld
[2016.01.14-07.34.45:040][  0]LogInit: XAudio2 using 'Haut-parleurs (Périphérique High Definition Audio)' : 2 channels at 44.1 kHz using 16 bits per sample (channel mask 0x3)
[2016.01.14-07.34.45:054][  0]LogInit: FAudioDevice initialized.
[2016.01.14-07.34.45:075][  0]LogDerivedDataCache: Saved boot cache 0.02s 41MB C:/Users/Maxime/AppData/Local/UnrealEngine/4.9/DerivedDataCache/Boot.ddc.
[2016.01.14-07.34.45:077][  0]LogInit: Texture streaming: Enabled
[2016.01.14-07.34.45:083][  0]LogAnalytics: Creating configured Analytics provider AnalyticsET
[2016.01.14-07.34.45:084][  0]LogAnalytics: [UEEditor.Rocket.Release] APIServer = http://et2.epicgames.com/ET2/. AppVersion = 4.9.2-2707645+++depot+UE4-Releases+4.9
[2016.01.14-07.34.45:084][  0]LogAnalytics: [UEEditor.Rocket.Release] SetUserId 9a9effe84c4b08c90696e581cd7488a3|06ed4f6a0f4048debc1b07e05a99303a|05176c3f-19e8-4dc1-8202-ec95daad005f
[2016.01.14-07.34.45:084][  0]LogAnalytics: [UEEditor.Rocket.Release] AnalyticsET::StartSession
[2016.01.14-07.34.45:120][  0]LogInit: Transaction tracking system initialized
[2016.01.14-07.34.45:153][  0]BlueprintLog: New page: Editor Load
[2016.01.14-07.34.45:249][  0]LocalizationService: Info Localization service is disabled
[2016.01.14-07.34.45:476][  0]LogConsoleResponse:Display: 
[2016.01.14-07.34.45:604][  0]LogCook:Display: Done creating registry. It took  0.00s.
[2016.01.14-07.34.45:682][  0]LogFileCache: Scanning file cache for directory 'D:/Bibliothèques/Documents/Unreal Projects/ShadowerFall/Content/' took 0.02s
[2016.01.14-07.34.45:682][  0]SourceControl: Info Source control is disabled
[2016.01.14-07.34.45:682][  0]Cmd: MAP LOAD FILE="../../../../../../Bibliothèques/Documents/Unreal Projects/ShadowerFall/Content/FirstPersonBP/Maps/FirstPersonExampleMap.umap" TEMPLATE=0 SHOWPROGRESS=1 FEATURELEVEL=3
[2016.01.14-07.34.45:683][  0]LightingResults: New page: Lighting Build
[2016.01.14-07.34.45:686][  0]MapCheck: New page: Map Check
[2016.01.14-07.34.45:686][  0]LightingResults: New page: Lighting Build
[2016.01.14-07.34.45:699][  0]LogParticles: Destroying 0 GPU particle simulations for FXSystem 0x00000051C28D8400
[2016.01.14-07.34.45:901][  0]LogLinker:Warning: Asset '../../../../../../Bibliothèques/Documents/Unreal Projects/ShadowerFall/Content/FirstPerson/Meshes/FirstPersonProjectileMesh.uasset' has been saved with empty engine version. The asset will be loaded but may be incompatible.
[2016.01.14-07.34.47:491][  0]LogAIModule: Creating AISystem for world FirstPersonExampleMap
[2016.01.14-07.34.47:519][  0]LogEditorServer: Finished looking for orphan Actors (0.000 secs)
[2016.01.14-07.34.47:520][  0]Cmd: MAP CHECKDEP NOCLEARLOG
[2016.01.14-07.34.47:621][  0]MapCheck: Info Map check complete: 0 Error(s), 0 Warning(s), took 101.271ms to complete.
[2016.01.14-07.34.47:621][  0]LogFileHelpers: Loading map 'FirstPersonExampleMap' took 1.938
[2016.01.14-07.34.47:730][  0]LogCollectionManager: Loaded 0 collections in 0.003746 seconds
[2016.01.14-07.34.47:776][  0]LogFileCache: Scanning file cache for directory 'D:/Bibliothèques/Documents/Unreal Projects/ShadowerFall/Saved/Collections/' took 0.01s
[2016.01.14-07.34.47:776][  0]LogFileCache: Scanning file cache for directory 'D:/Bibliothèques/Documents/Unreal Projects/ShadowerFall/Content/Developers/Maxime/Collections/' took 0.01s
[2016.01.14-07.34.47:776][  0]LogFileCache: Scanning file cache for directory 'D:/Bibliothèques/Documents/Unreal Projects/ShadowerFall/Content/Collections/' took 0.01s
[2016.01.14-07.34.47:776][  0]LogContentBrowser: Native class hierarchy populated in 0.0097 seconds. Added 1867 classes and 333 folders.
[2016.01.14-07.34.47:783][  0]LogCollectionManager: Rebuilt the GUID cache for 0 collections in 0.000004 seconds
[2016.01.14-07.34.47:791][  0]LogContentBrowser: Native class hierarchy updated for 'WidgetCarousel' in 0.0005 seconds. Added 0 classes and 0 folders.
[2016.01.14-07.34.47:861][  0]LogContentBrowser: Native class hierarchy updated for 'AddContentDialog' in 0.0005 seconds. Added 0 classes and 0 folders.
[2016.01.14-07.34.47:865][  0]LogContentBrowser: Native class hierarchy updated for 'SceneOutliner' in 0.0005 seconds. Added 1 classes and 2 folders.
[2016.01.14-07.34.47:948][  0]LogCrashTracker: Crashtracker disabled due to settings.
[2016.01.14-07.34.47:951][  0]LogUObjectGlobals:Warning: Failed to find object 'Class None.'
[2016.01.14-07.34.47:974][  0]LogLoad: Full Startup: 8.26 seconds (BP compile: 0.64 seconds)
[2016.01.14-07.34.48:041][  0]LogContentStreaming: Texture pool size now 200 MB
[2016.01.14-07.34.48:179][  0]LogRenderer: Reallocating scene render targets to support 1252x668 (Frame:2).
[2016.01.14-07.34.48:725][  7]LogAssetRegistry: Asset discovery search completed in 4.4447 seconds
[2016.01.14-07.34.48:725][  7]LogCollectionManager: Rebuilt the object cache for 0 collections in 0.000001 seconds (found 0 objects)
[2016.01.14-07.34.48:725][  7]LogCollectionManager: Fixed up redirectors for 0 collections in 0.000037 seconds (updated 0 objects)
[2016.01.14-07.35.33:404][168]LogBlueprintUserMessages: Early PlayInEditor Detection: Level '/Game/FirstPersonBP/Maps/FirstPersonExampleMap.FirstPersonExampleMap:PersistentLevel' has LevelScriptBlueprint '/Game/FirstPersonBP/Maps/FirstPersonExampleMap.FirstPersonExampleMap:PersistentLevel.FirstPersonExampleMap' with GeneratedClass '/Game/FirstPersonBP/Maps/FirstPersonExampleMap.FirstPersonExampleMap_C' with ClassGeneratedBy '/Game/FirstPersonBP/Maps/FirstPersonExampleMap.FirstPersonExampleMap:PersistentLevel.FirstPersonExampleMap'
[2016.01.14-07.35.33:404][168]LogPlayLevel: PlayLevel: No blueprints needed recompiling
[2016.01.14-07.35.33:405][168]PIE: New page: PIE session: FirstPersonExampleMap (Jan 13, 2016, 9:35:33 PM)
[2016.01.14-07.35.33:405][168]LogPlayLevel: Creating play world package: /Game/FirstPersonBP/Maps/UEDPIE_0_FirstPersonExampleMap
[2016.01.14-07.35.33:454][168]LogPlayLevel: PIE: StaticDuplicateObject took: (0.049483s)
[2016.01.14-07.35.33:455][168]LogAIModule: Creating AISystem for world FirstPersonExampleMap
[2016.01.14-07.35.33:455][168]LogPlayLevel: PIE: World Init took: (0.000734s)
[2016.01.14-07.35.33:455][168]LogPlayLevel: PIE: Created PIE world by copying editor world from /Game/FirstPersonBP/Maps/FirstPersonExampleMap.FirstPersonExampleMap to /Game/FirstPersonBP/Maps/UEDPIE_0_FirstPersonExampleMap.FirstPersonExampleMap (0.050488s)
[2016.01.14-07.35.33:455][168]LogActorComponent: UnregisterComponent: (/Engine/Transient.CharMoveComp) Not registered. Aborting.
[2016.01.14-07.35.33:506][168]LogInit: XAudio2 using 'Haut-parleurs (Périphérique High Definition Audio)' : 2 channels at 44.1 kHz using 16 bits per sample (channel mask 0x3)
[2016.01.14-07.35.33:512][168]LogInit: FAudioDevice initialized.
[2016.01.14-07.35.33:592][168]LogLinker:Warning: Asset '../../../../../../Bibliothèques/Documents/Unreal Projects/ShadowerFall/Content/FirstPersonBP/Blueprints/FirstPersonHUD.uasset' has been saved with empty engine version. The asset will be loaded but may be incompatible.
[2016.01.14-07.35.33:625][168]LogWorld: Game class is 'FirstPersonGameMode_C'
[2016.01.14-07.35.37:219][168]LogOutputDevice: === Handled error: ===

Ensure condition failed: false [File:D:\BuildFarm\buildmachine_++depot+UE4-Releases+4.9\Engine\Source\Runtime\Engine\Private\Components\SceneComponent.cpp] [Line: 1200]
Template Mismatch during attachment. Attaching instanced component to template component. Parent 'CollisionCylinder' Self 'Arrow'
Stack: 
UE4Editor-Core.dll!FWindowsPlatformStackWalk::StackWalkAndDump() [d:\buildfarm\buildmachine_++depot+ue4-releases+4.9\engine\source\runtime\core\private\windows\windowsplatformstackwalk.cpp:175]
UE4Editor-Core.dll!FDebug::EnsureFailed() [d:\buildfarm\buildmachine_++depot+ue4-releases+4.9\engine\source\runtime\core\private\misc\outputdevice.cpp:258]
UE4Editor-Core.dll!FDebug::OptionallyLogFormattedEnsureMessageReturningFalse() [d:\buildfarm\buildmachine_++depot+ue4-releases+4.9\engine\source\runtime\core\private\misc\outputdevice.cpp:368]
UE4Editor-Engine.dll!USceneComponent::AttachTo() [d:\buildfarm\buildmachine_++depot+ue4-releases+4.9\engine\source\runtime\engine\private\components\scenecomponent.cpp:1200]
UE4Editor-Engine.dll!USceneComponent::OnRegister() [d:\buildfarm\buildmachine_++depot+ue4-releases+4.9\engine\source\runtime\engine\private\components\scenecomponent.cpp:370]
UE4Editor-Engine.dll!UPrimitiveComponent::OnRegister() [d:\buildfarm\buildmachine_++depot+ue4-releases+4.9\engine\source\runtime\engine\private\components\primitivecomponent.cpp:389]
UE4Editor-Engine.dll!UActorComponent::ExecuteRegisterEvents() [d:\buildfarm\buildmachine_++depot+ue4-releases+4.9\engine\source\runtime\engine\private\components\actorcomponent.cpp:1040]
UE4Editor-Engine.dll!UActorComponent::RegisterComponentWithWorld() [d:\buildfarm\buildmachine_++depot+ue4-releases+4.9\engine\source\runtime\engine\private\components\actorcomponent.cpp:825]
UE4Editor-Engine.dll!AActor::IncrementalRegisterComponents() [d:\buildfarm\buildmachine_++depot+ue4-releases+4.9\engine\source\runtime\engine\private\actor.cpp:3656]
UE4Editor-Engine.dll!ULevel::IncrementalUpdateComponents() [d:\buildfarm\buildmachine_++depot+ue4-releases+4.9\engine\source\runtime\engine\private\level.cpp:755]
UE4Editor-Engine.dll!UWorld::UpdateWorldComponents() [d:\buildfarm\buildmachine_++depot+ue4-releases+4.9\engine\source\runtime\engine\private\world.cpp:1290]
UE4Editor-Engine.dll!UWorld::InitializeActorsForPlay() [d:\buildfarm\buildmachine_++depot+ue4-releases+4.9\engine\source\runtime\engine\private\world.cpp:2939]
UE4Editor-Engine.dll!UGameInstance::StartPIEGameInstance() [d:\buildfarm\buildmachine_++depot+ue4-releases+4.9\engine\source\runtime\engine\private\gameinstance.cpp:250]
UE4Editor-UnrealEd.dll!UEditorEngine::CreatePIEGameInstance() [d:\buildfarm\buildmachine_++depot+ue4-releases+4.9\engine\source\editor\unrealed\private\playlevel.cpp:3137]
UE4Editor-UnrealEd.dll!UEditorEngine::PlayInEditor() [d:\buildfarm\buildmachine_++depot+ue4-releases+4.9\engine\source\editor\unrealed\private\playlevel.cpp:2385]
UE4Editor-UnrealEd.dll!UEditorEngine::StartQueuedPlayMapRequest() [d:\buildfarm\buildmachine_++depot+ue4-releases+4.9\engine\source\editor\unrealed\private\playlevel.cpp:1066]
UE4Editor-UnrealEd.dll!UEditorEngine::Tick() [d:\buildfarm\buildmachine_++depot+ue4-releases+4.9\engine\source\editor\unrealed\private\editorengine.cpp:1244]
UE4Editor-UnrealEd.dll!UUnrealEdEngine::Tick() [d:\buildfarm\buildmachine_++depot+ue4-releases+4.9\engine\source\editor\unrealed\private\unrealedengine.cpp:366]
UE4Editor.exe!FEngineLoop::Tick() [d:\buildfarm\buildmachine_++depot+ue4-releases+4.9\engine\source\runtime\launch\private\launchengineloop.cpp:2428]
UE4Editor.exe!GuardedMain() [d:\buildfarm\buildmachine_++depot+ue4-releases+4.9\engine\source\runtime\launch\private\launch.cpp:142]
UE4Editor.exe!GuardedMainWrapper() [d:\buildfarm\buildmachine_++depot+ue4-releases+4.9\engine\source\runtime\launch\private\windows\launchwindows.cpp:126]
UE4Editor.exe!WinMain() [d:\buildfarm\buildmachine_++depot+ue4-releases+4.9\engine\source\runtime\launch\private\windows\launchwindows.cpp:200]
UE4Editor.exe!__tmainCRTStartup() [f:\dd\vctools\crt\crtw32\dllstuff\crtexe.c:618]
KERNEL32.DLL
ntdll.dll
ntdll.dll

[2016.01.14-07.35.37:460][168]LogWorld:Warning: *** WARNING - PATHS MAY NOT BE VALID ***
[2016.01.14-07.35.37:460][168]LogWorld: Bringing World /Game/FirstPersonBP/Maps/UEDPIE_0_FirstPersonExampleMap.FirstPersonExampleMap up for play (max tick rate 60) at 2016.01.14-02.35.37
[2016.01.14-07.35.37:460][168]LogActor:Warning: GameSession /Game/FirstPersonBP/Maps/UEDPIE_0_FirstPersonExampleMap.FirstPersonExampleMap:PersistentLevel.GameSession_0 has natively added scene component(s), but none of them were set as the actor's RootComponent - picking one arbitrarily
[2016.01.14-07.35.37:460][168]LogActor:Warning: GameNetworkManager /Game/FirstPersonBP/Maps/UEDPIE_0_FirstPersonExampleMap.FirstPersonExampleMap:PersistentLevel.GameNetworkManager_0 has natively added scene component(s), but none of them were set as the actor's RootComponent - picking one arbitrarily
[2016.01.14-07.35.37:464][168]LogWorld: Bringing up level for play took: 3.836946
[2016.01.14-07.35.37:468][168]PIE: Info Play in editor start time for /Game/FirstPersonBP/Maps/UEDPIE_0_FirstPersonExampleMap 4.488
[2016.01.14-07.35.37:468][168]LogBlueprintUserMessages: Late PlayInEditor Detection: Level '/Game/FirstPersonBP/Maps/FirstPersonExampleMap.FirstPersonExampleMap:PersistentLevel' has LevelScriptBlueprint '/Game/FirstPersonBP/Maps/FirstPersonExampleMap.FirstPersonExampleMap:PersistentLevel.FirstPersonExampleMap' with GeneratedClass '/Game/FirstPersonBP/Maps/FirstPersonExampleMap.FirstPersonExampleMap_C' with ClassGeneratedBy '/Game/FirstPersonBP/Maps/FirstPersonExampleMap.FirstPersonExampleMap:PersistentLevel.FirstPersonExampleMap'
[2016.01.14-07.35.37:873][168]LogCrashTracker: 


[2016.01.14-07.35.37:873][168]LogCrashTracker: 


[2016.01.14-07.35.37:873][168]LogWindows: === Critical error: ===


[2016.01.14-07.35.38:027][168]LogExit: Executing StaticShutdownAfterError
[2016.01.14-07.35.38:033][168]LogPhysics:Warning: PHYSX: ..\..\PhysX\src\NpScene.cpp (2946) 8 : PxScene::unlockWrite() called without matching call to PxScene::lockWrite(), behaviour will be undefined.
[2016.01.14-07.35.38:033][168]LogPhysics:Warning: PHYSX: ..\..\PhysX\src\NpScene.cpp (2946) 8 : PxScene::unlockWrite() called without matching call to PxScene::lockWrite(), behaviour will be undefined.
[2016.01.14-07.35.38:033][168]LogPhysics:Warning: PHYSX: ..\..\PhysX\src\NpScene.cpp (2946) 8 : PxScene::unlockWrite() called without matching call to PxScene::lockWrite(), behaviour will be undefined.
[2016.01.14-07.35.38:033][168]LogPhysics:Warning: PHYSX: ..\..\PhysX\src\NpScene.cpp (2946) 8 : PxScene::unlockWrite() called without matching call to PxScene::lockWrite(), behaviour will be undefined.
[2016.01.14-07.35.38:033][168]LogWindows: FPlatformMisc::RequestExit(1)
[2016.01.14-07.35.38:033][168]Log file closed, 01/14/16 02:35:38
