[2016.01.15-00.58.26:494][  0]Log file open, 01/14/16 19:58:26
[2016.01.15-00.58.26:494][  0]LogInit:Display: Running engine for game: ShadowFall
[2016.01.15-00.58.26:494][  0]LogInit:Display: RandInit(-1256539575) SRandInit(-1256539574).
[2016.01.15-00.58.26:494][  0]LogTaskGraph: Started task graph with 4 named threads and 7 total threads.
[2016.01.15-00.58.26:494][  0]LogStats: Stats thread started at 0.086772
[2016.01.15-00.58.26:494][  0]LogInit: Version: 4.9.2-2707645+++depot+UE4-Releases+4.9
[2016.01.15-00.58.26:494][  0]LogInit: API Version: 2672455
[2016.01.15-00.58.26:494][  0]LogInit: Compiled (64-bit): Sep 28 2015 10:25:44
[2016.01.15-00.58.26:494][  0]LogInit: Compiled with Visual C++: 18.00.21005.01
[2016.01.15-00.58.26:494][  0]LogInit: Build Configuration: Development
[2016.01.15-00.58.26:494][  0]LogInit: Branch Name: ++depot+UE4-Releases+4.9
[2016.01.15-00.58.26:494][  0]LogInit: Command line:  
[2016.01.15-00.58.26:494][  0]LogInit: Base directory: D:/Program Files/Epic Games/4.9/Engine/Binaries/Win64/
[2016.01.15-00.58.26:494][  0]LogInit: Rocket: 1
[2016.01.15-00.58.26:509][  0]LogInit: Using libcurl 7.41.0
[2016.01.15-00.58.26:509][  0]LogInit:  - built for x86_64-pc-win32
[2016.01.15-00.58.26:509][  0]LogInit:  - supports SSL with WinSSL
[2016.01.15-00.58.26:509][  0]LogInit:  - other features:
[2016.01.15-00.58.26:509][  0]LogInit:      CURL_VERSION_SSL
[2016.01.15-00.58.26:509][  0]LogInit:      CURL_VERSION_IPV6
[2016.01.15-00.58.26:509][  0]LogInit:      CURL_VERSION_ASYNCHDNS
[2016.01.15-00.58.26:509][  0]LogInit:      CURL_VERSION_LARGEFILE
[2016.01.15-00.58.26:509][  0]LogInit:      CURL_VERSION_IDN
[2016.01.15-00.58.26:509][  0]LogInit:  CurlRequestOptions (configurable via config and command line):
[2016.01.15-00.58.26:509][  0]LogInit:  - bVerifyPeer = true  - Libcurl will verify peer certificate
[2016.01.15-00.58.26:509][  0]LogInit:  - bUseHttpProxy = false  - Libcurl will NOT use HTTP proxy
[2016.01.15-00.58.26:509][  0]LogInit:  - bDontReuseConnections = false  - Libcurl will reuse connections
[2016.01.15-00.58.26:509][  0]LogInit:  - CertBundlePath = nullptr  - Libcurl will use whatever was configured at build time.
[2016.01.15-00.58.26:517][  0]LogInit: Presizing for 0 objects not considered by GC, pre-allocating 0 bytes.
[2016.01.15-00.58.26:525][  0]LogInit: Object subsystem initialized
[2016.01.15-00.58.26:527][  0]LogInit: Selected Device Profile: [Windows]
[2016.01.15-00.58.26:527][  0]LogInit: Applying CVar settings loaded from the selected device profile: [Windows]
[2016.01.15-00.58.26:538][  0]LogInit: Computer: PCMAXIME
[2016.01.15-00.58.26:538][  0]LogInit: User: Maxime
[2016.01.15-00.58.26:538][  0]LogInit: CPU Page size=4096, Cores=4
[2016.01.15-00.58.26:538][  0]LogInit: High frequency timer resolution =2.338452 MHz
[2016.01.15-00.58.26:539][  0]LogMemory: Memory total: Physical=7.9GB (8GB approx)
[2016.01.15-00.58.26:539][  0]LogMemory: Platform Memory Stats for Windows
[2016.01.15-00.58.26:539][  0]LogMemory: Process Physical Memory: 56.03 MB used, 56.03 MB peak
[2016.01.15-00.58.26:539][  0]LogMemory: Process Virtual Memory: 59.18 MB used, 59.18 MB peak
[2016.01.15-00.58.26:539][  0]LogMemory: Physical Memory: 3596.84 MB used, 8123.55 MB total
[2016.01.15-00.58.26:539][  0]LogMemory: Virtual Memory: 354.12 MB used, 134217728.00 MB total
[2016.01.15-00.58.26:578][  0]LogTextLocalizationManager: No translations for ('fr-FR') exist, falling back to 'en' for localization and internationalization data.
[2016.01.15-00.58.27:390][  0]LogD3D11RHI: Found D3D11 adapter 0: AMD Radeon HD 7570M (Feature Level 11_0)
[2016.01.15-00.58.27:390][  0]LogD3D11RHI: Adapter has 1004MB of dedicated video memory, 0MB of dedicated system memory, and 3840MB of shared system memory, 1 output[s]
[2016.01.15-00.58.27:391][  0]LogD3D11RHI: Found D3D11 adapter 1: Microsoft Basic Render Driver (Feature Level 11_0)
[2016.01.15-00.58.27:391][  0]LogD3D11RHI: Adapter has 0MB of dedicated video memory, 0MB of dedicated system memory, and 4061MB of shared system memory, 0 output[s]
[2016.01.15-00.58.27:391][  0]LogD3D11RHI: Chosen D3D11 Adapter Id = 0
[2016.01.15-00.58.27:395][  0]LogD3D11RHI: !Direct3DDevice
[2016.01.15-00.58.27:396][  0]LogRHI: Texture pool is 702 MB (70% of 1004 MB)
[2016.01.15-00.58.27:402][  0]LogD3D11RHI: Async texture creation disabled: no driver support
[2016.01.15-00.58.27:414][  0]LogShaderCompilers: Guid format shader working directory is 14 characters bigger than the processId version (../../../../../../Bibliothèques/Documents/Unreal Projects/ShadowerFall/Intermediate/Shaders/WorkingDirectory/10252/).
[2016.01.15-00.58.27:414][  0]LogShaderCompilers: Cleaned the shader compiler working directory '../../../../../../Bibliothèques/Documents/Unreal Projects/ShadowerFall/Intermediate/Shaders/tmp/32703129423AF698BBF77FAFAD92B9CF/'.
[2016.01.15-00.58.27:414][  0]LogShaderCompilers:Display: Using Local Shader Compiler.
[2016.01.15-00.58.28:546][  0]LogTemp:Display: Loaded TP AllDesktopTargetPlatform
[2016.01.15-00.58.28:552][  0]LogTemp:Display: Loaded TP WindowsClientTargetPlatform
[2016.01.15-00.58.28:558][  0]LogTemp:Display: Loaded TP WindowsNoEditorTargetPlatform
[2016.01.15-00.58.28:565][  0]LogTemp:Display: Loaded TP WindowsServerTargetPlatform
[2016.01.15-00.58.28:571][  0]LogTemp:Display: Loaded TP WindowsTargetPlatform
[2016.01.15-00.58.28:575][  0]LogTemp:Display: Loaded TP AndroidTargetPlatform
[2016.01.15-00.58.28:579][  0]LogTemp:Display: Loaded TP Android_ASTCTargetPlatform
[2016.01.15-00.58.28:583][  0]LogTemp:Display: Loaded TP Android_ATCTargetPlatform
[2016.01.15-00.58.28:587][  0]LogTemp:Display: Loaded TP Android_DXTTargetPlatform
[2016.01.15-00.58.28:591][  0]LogTemp:Display: Loaded TP Android_ETC1TargetPlatform
[2016.01.15-00.58.28:595][  0]LogTemp:Display: Loaded TP Android_ETC2TargetPlatform
[2016.01.15-00.58.28:599][  0]LogTemp:Display: Loaded TP Android_PVRTCTargetPlatform
[2016.01.15-00.58.28:600][  0]LogTemp:Display: Loaded TP HTML5TargetPlatform
[2016.01.15-00.58.28:620][  0]LogTemp:Display: Loaded TP IOSTargetPlatform
[2016.01.15-00.58.28:623][  0]LogTemp:Display: Loaded TP LinuxNoEditorTargetPlatform
[2016.01.15-00.58.28:627][  0]LogTemp:Display: Loaded TP LinuxServerTargetPlatform
[2016.01.15-00.58.28:632][  0]LogTemp:Display: Loaded TP LinuxTargetPlatform
[2016.01.15-00.58.28:632][  0]LogTargetPlatformManager:Display: Building Assets For Windows
[2016.01.15-00.58.28:739][  0]LogDerivedDataCache:Display: Max Cache Size: 512 MB
[2016.01.15-00.58.28:781][  0]LogDerivedDataCache: Loaded boot cache 0.04s 41MB C:/Users/Maxime/AppData/Local/UnrealEngine/4.9/DerivedDataCache/Boot.ddc.
[2016.01.15-00.58.28:781][  0]LogDerivedDataCache:Display: Loaded Boot cache: C:/Users/Maxime/AppData/Local/UnrealEngine/4.9/DerivedDataCache/Boot.ddc
[2016.01.15-00.58.28:781][  0]LogDerivedDataCache: FDerivedDataBackendGraph:  Pak pak cache file ../../../../../../Bibliothèques/Documents/Unreal Projects/ShadowerFall/DerivedDataCache/DDC.ddp not found, will not use a pak cache.
[2016.01.15-00.58.28:781][  0]LogDerivedDataCache: Unable to find inner node Pak for hierarchical cache Hierarchy.
[2016.01.15-00.58.28:781][  0]LogDerivedDataCache: FDerivedDataBackendGraph:  CompressedPak pak cache file ../../../../../../Bibliothèques/Documents/Unreal Projects/ShadowerFall/DerivedDataCache/Compressed.ddp not found, will not use a pak cache.
[2016.01.15-00.58.28:781][  0]LogDerivedDataCache: Unable to find inner node CompressedPak for hierarchical cache Hierarchy.
[2016.01.15-00.58.28:938][  0]LogDerivedDataCache:Display: Pak cache opened for reading ../../../Engine/DerivedDataCache/Compressed.ddp.
[2016.01.15-00.58.28:951][  0]LogDerivedDataCache: Using Local data cache path C:/Users/Maxime/AppData/Local/UnrealEngine/Common/DerivedDataCache: Writable
[2016.01.15-00.58.29:170][  0]LogInit: Selected Device Profile: [Windows]
[2016.01.15-00.58.29:173][  0]LogContentStreaming: Texture pool size is 0.000000MB
[2016.01.15-00.58.29:313][  0]LogMeshUtilities: No automatic mesh reduction module available
[2016.01.15-00.58.29:313][  0]LogMeshUtilities: No automatic mesh merging module available
[2016.01.15-00.58.29:589][  0]LogInit: WinSock: version 1.1 (2.2), MaxSocks=32767, MaxUdp=65467
[2016.01.15-00.58.30:388][  0]UdpMessaging: Initializing bridge on interface 0.0.0.0:0 to multicast group 230.0.0.1:6666.
[2016.01.15-00.58.30:494][  0]LogAssetRegistry: FAssetRegistry took 0.0112 seconds to start up
[2016.01.15-00.58.30:704][  0]SourceControl: Info Source control is disabled
[2016.01.15-00.58.30:706][  0]SourceControl: Info Source control is disabled
[2016.01.15-00.58.30:721][  0]SourceControl: Info Source control is disabled
[2016.01.15-00.58.30:736][  0]SourceControl: Info Source control is disabled
[2016.01.15-00.58.30:941][  0]LogLinker:Warning: Asset '../../../Engine/Plugins/Runtime/LeapMotionController/Content/LM_PassthroughMaterial.uasset' has been saved with empty engine version. The asset will be loaded but may be incompatible.
[2016.01.15-00.58.31:048][  0]LogObj: 28361 objects as part of root set at end of initial load.
[2016.01.15-00.58.31:048][  0]LogUObjectAllocator: 6038872 out of 0 bytes used by permanent object pool.
[2016.01.15-00.58.31:109][  0]LogEngine: Initializing Engine...
[2016.01.15-00.58.31:112][  0]LogHMD: Can't find Oculus library dev build: is proper Runtime installed? Version: 0.7.0.0
[2016.01.15-00.58.31:113][  0]LogHMD: SteamVR failed to initialize.  Err: 110
[2016.01.15-00.58.31:250][  0]LogAIModule: Creating AISystem for world NewWorld
[2016.01.15-00.58.31:255][  0]LogInit: XAudio2 using 'Haut-parleurs (Périphérique High Definition Audio)' : 2 channels at 44.1 kHz using 16 bits per sample (channel mask 0x3)
[2016.01.15-00.58.31:269][  0]LogInit: FAudioDevice initialized.
[2016.01.15-00.58.31:292][  0]LogDerivedDataCache: Saved boot cache 0.02s 41MB C:/Users/Maxime/AppData/Local/UnrealEngine/4.9/DerivedDataCache/Boot.ddc.
[2016.01.15-00.58.31:294][  0]LogInit: Texture streaming: Enabled
[2016.01.15-00.58.31:301][  0]LogAnalytics: Creating configured Analytics provider AnalyticsET
[2016.01.15-00.58.31:301][  0]LogAnalytics: [UEEditor.Rocket.Release] APIServer = http://et2.epicgames.com/ET2/. AppVersion = 4.9.2-2707645+++depot+UE4-Releases+4.9
[2016.01.15-00.58.31:301][  0]LogAnalytics: [UEEditor.Rocket.Release] SetUserId 9a9effe84c4b08c90696e581cd7488a3|06ed4f6a0f4048debc1b07e05a99303a|05176c3f-19e8-4dc1-8202-ec95daad005f
[2016.01.15-00.58.31:301][  0]LogAnalytics: [UEEditor.Rocket.Release] AnalyticsET::StartSession
[2016.01.15-00.58.31:341][  0]LogInit: Transaction tracking system initialized
[2016.01.15-00.58.31:373][  0]BlueprintLog: New page: Editor Load
[2016.01.15-00.58.31:474][  0]LocalizationService: Info Localization service is disabled
[2016.01.15-00.58.31:703][  0]LogConsoleResponse:Display: 
[2016.01.15-00.58.31:831][  0]LogCook:Display: Done creating registry. It took  0.00s.
[2016.01.15-00.58.31:899][  0]LogFileCache: Scanning file cache for directory 'D:/Bibliothèques/Documents/Unreal Projects/ShadowerFall/Content/' took 0.02s
[2016.01.15-00.58.31:899][  0]SourceControl: Info Source control is disabled
[2016.01.15-00.58.31:899][  0]Cmd: MAP LOAD FILE="../../../../../../Bibliothèques/Documents/Unreal Projects/ShadowerFall/Content/FirstPersonBP/Maps/FirstPersonExampleMap.umap" TEMPLATE=0 SHOWPROGRESS=1 FEATURELEVEL=3
[2016.01.15-00.58.31:900][  0]LightingResults: New page: Lighting Build
[2016.01.15-00.58.31:903][  0]MapCheck: New page: Map Check
[2016.01.15-00.58.31:903][  0]LightingResults: New page: Lighting Build
[2016.01.15-00.58.31:913][  0]LogParticles: Destroying 0 GPU particle simulations for FXSystem 0x00000075E84C4400
[2016.01.15-00.58.31:932][  0]LogLinker:Warning: Asset '../../../../../../Bibliothèques/Documents/Unreal Projects/ShadowerFall/Content/FirstPerson/Meshes/FirstPersonProjectileMesh.uasset' has been saved with empty engine version. The asset will be loaded but may be incompatible.
[2016.01.15-00.58.34:375][  0]LogAIModule: Creating AISystem for world FirstPersonExampleMap
[2016.01.15-00.58.34:406][  0]LogEditorServer: Finished looking for orphan Actors (0.000 secs)
[2016.01.15-00.58.34:407][  0]Cmd: MAP CHECKDEP NOCLEARLOG
[2016.01.15-00.58.34:510][  0]MapCheck: Info Map check complete: 0 Error(s), 0 Warning(s), took 102.942ms to complete.
[2016.01.15-00.58.34:510][  0]LogFileHelpers: Loading map 'FirstPersonExampleMap' took 2.612
[2016.01.15-00.58.34:623][  0]LogCollectionManager: Loaded 0 collections in 0.002857 seconds
[2016.01.15-00.58.34:666][  0]LogFileCache: Scanning file cache for directory 'D:/Bibliothèques/Documents/Unreal Projects/ShadowerFall/Saved/Collections/' took 0.01s
[2016.01.15-00.58.34:666][  0]LogFileCache: Scanning file cache for directory 'D:/Bibliothèques/Documents/Unreal Projects/ShadowerFall/Content/Developers/Maxime/Collections/' took 0.01s
[2016.01.15-00.58.34:666][  0]LogFileCache: Scanning file cache for directory 'D:/Bibliothèques/Documents/Unreal Projects/ShadowerFall/Content/Collections/' took 0.01s
[2016.01.15-00.58.34:666][  0]LogContentBrowser: Native class hierarchy populated in 0.0085 seconds. Added 1867 classes and 333 folders.
[2016.01.15-00.58.34:672][  0]LogCollectionManager: Rebuilt the GUID cache for 0 collections in 0.000003 seconds
[2016.01.15-00.58.34:679][  0]LogContentBrowser: Native class hierarchy updated for 'WidgetCarousel' in 0.0005 seconds. Added 0 classes and 0 folders.
[2016.01.15-00.58.34:738][  0]LogContentBrowser: Native class hierarchy updated for 'AddContentDialog' in 0.0005 seconds. Added 0 classes and 0 folders.
[2016.01.15-00.58.34:743][  0]LogContentBrowser: Native class hierarchy updated for 'SceneOutliner' in 0.0005 seconds. Added 1 classes and 2 folders.
[2016.01.15-00.58.34:813][  0]LogCrashTracker: Crashtracker disabled due to settings.
[2016.01.15-00.58.34:816][  0]LogUObjectGlobals:Warning: Failed to find object 'Class None.'
[2016.01.15-00.58.34:839][  0]LogLoad: Full Startup: 8.97 seconds (BP compile: 0.92 seconds)
[2016.01.15-00.58.34:922][  0]LogContentStreaming: Texture pool size now 200 MB
[2016.01.15-00.58.35:065][  0]LogRenderer: Reallocating scene render targets to support 1252x668 (Frame:2).
[2016.01.15-00.58.35:795][ 10]LogAssetRegistry: Asset discovery search completed in 5.3120 seconds
[2016.01.15-00.58.35:795][ 10]LogCollectionManager: Rebuilt the object cache for 0 collections in 0.000001 seconds (found 0 objects)
[2016.01.15-00.58.35:795][ 10]LogCollectionManager: Fixed up redirectors for 0 collections in 0.000027 seconds (updated 0 objects)
[2016.01.15-00.58.37:537][ 46]LogD3D11RHI: Timed out while waiting for GPU to catch up. (0.5 s)
[2016.01.15-00.58.38:038][ 47]LogD3D11RHI: Timed out while waiting for GPU to catch up. (0.5 s)
[2016.01.15-00.58.38:539][ 47]LogD3D11RHI: Timed out while waiting for GPU to catch up. (0.5 s)
[2016.01.15-00.58.39:038][ 47]LogD3D11RHI: Timed out while waiting for GPU to catch up. (0.5 s)
[2016.01.15-00.58.39:538][ 47]LogD3D11RHI: Timed out while waiting for GPU to catch up. (0.5 s)
[2016.01.15-00.58.40:039][ 47]LogD3D11RHI: Timed out while waiting for GPU to catch up. (0.5 s)
[2016.01.15-00.58.40:539][ 47]LogD3D11RHI: Timed out while waiting for GPU to catch up. (0.5 s)
[2016.01.15-00.58.41:038][ 47]LogD3D11RHI: Timed out while waiting for GPU to catch up. (0.5 s)
[2016.01.15-00.58.41:540][ 47]LogD3D11RHI: Timed out while waiting for GPU to catch up. (0.5 s)
[2016.01.15-00.58.42:039][ 47]LogD3D11RHI: Timed out while waiting for GPU to catch up. (0.5 s)
[2016.01.15-00.58.42:538][ 47]LogD3D11RHI: Timed out while waiting for GPU to catch up. (0.5 s)
[2016.01.15-00.58.43:039][ 47]LogD3D11RHI: Timed out while waiting for GPU to catch up. (0.5 s)
[2016.01.15-00.58.43:539][ 47]LogD3D11RHI: Timed out while waiting for GPU to catch up. (0.5 s)
[2016.01.15-00.58.44:039][ 47]LogD3D11RHI: Timed out while waiting for GPU to catch up. (0.5 s)
[2016.01.15-00.58.44:539][ 47]LogD3D11RHI: Timed out while waiting for GPU to catch up. (0.5 s)
[2016.01.15-00.58.45:040][ 47]LogD3D11RHI: Timed out while waiting for GPU to catch up. (0.5 s)
[2016.01.15-00.58.45:538][ 47]LogD3D11RHI: Timed out while waiting for GPU to catch up. (0.5 s)
[2016.01.15-00.58.46:039][ 47]LogD3D11RHI: Timed out while waiting for GPU to catch up. (0.5 s)
[2016.01.15-00.58.46:539][ 47]LogD3D11RHI: Timed out while waiting for GPU to catch up. (0.5 s)
[2016.01.15-00.58.47:039][ 47]LogD3D11RHI: Timed out while waiting for GPU to catch up. (0.5 s)
[2016.01.15-00.58.47:539][ 47]LogD3D11RHI: Timed out while waiting for GPU to catch up. (0.5 s)
[2016.01.15-00.58.48:039][ 47]LogD3D11RHI: Timed out while waiting for GPU to catch up. (0.5 s)
[2016.01.15-00.58.48:539][ 47]LogD3D11RHI: Timed out while waiting for GPU to catch up. (0.5 s)
[2016.01.15-00.58.49:039][ 47]LogD3D11RHI: Timed out while waiting for GPU to catch up. (0.5 s)
[2016.01.15-00.58.49:539][ 47]LogD3D11RHI: Timed out while waiting for GPU to catch up. (0.5 s)
[2016.01.15-00.58.50:039][ 47]LogD3D11RHI: Timed out while waiting for GPU to catch up. (0.5 s)
[2016.01.15-00.58.50:540][ 47]LogD3D11RHI: Timed out while waiting for GPU to catch up. (0.5 s)
[2016.01.15-00.58.51:039][ 47]LogD3D11RHI: Timed out while waiting for GPU to catch up. (0.5 s)
[2016.01.15-00.58.51:539][ 47]LogD3D11RHI: Timed out while waiting for GPU to catch up. (0.5 s)
[2016.01.15-00.58.52:039][ 47]LogD3D11RHI: Timed out while waiting for GPU to catch up. (0.5 s)
[2016.01.15-00.58.52:540][ 47]LogD3D11RHI: Timed out while waiting for GPU to catch up. (0.5 s)
[2016.01.15-00.58.53:040][ 47]LogD3D11RHI: Timed out while waiting for GPU to catch up. (0.5 s)
[2016.01.15-00.58.53:540][ 47]LogD3D11RHI: Timed out while waiting for GPU to catch up. (0.5 s)
[2016.01.15-00.58.54:039][ 47]LogD3D11RHI: Timed out while waiting for GPU to catch up. (0.5 s)
[2016.01.15-00.58.54:539][ 47]LogD3D11RHI: Timed out while waiting for GPU to catch up. (0.5 s)
[2016.01.15-00.58.54:641][ 47]LogD3D11RHI:Error: Direct3DDevice->CreatePixelShader( (void*)CodePtr, CodeSize, NULL, Shader->Resource.GetInitReference() ) failed 
 at D:\BuildFarm\buildmachine_++depot+UE4-Releases+4.9\Engine\Source\Runtime\Windows\D3D11RHI\Private\D3D11Shaders.cpp:153 
 with error DXGI_ERROR_DEVICE_REMOVED
[2016.01.15-00.58.56:638][ 47]LogWindows: FPlatformMisc::RequestExit(1)
[2016.01.15-00.58.56:638][ 47]Log file closed, 01/14/16 19:58:56
