[2016.01.13-23.39.10:687][  0]Log file open, 01/13/16 18:39:10
[2016.01.13-23.39.10:687][  0]LogInit:Display: Running engine for game: ShadowFall
[2016.01.13-23.39.10:687][  0]LogInit:Display: RandInit(-644120191) SRandInit(-644120191).
[2016.01.13-23.39.10:687][  0]LogTaskGraph: Started task graph with 4 named threads and 7 total threads.
[2016.01.13-23.39.10:687][  0]LogStats: Stats thread started at 0.082518
[2016.01.13-23.39.10:687][  0]LogInit: Version: 4.9.2-2707645+++depot+UE4-Releases+4.9
[2016.01.13-23.39.10:687][  0]LogInit: API Version: 2672455
[2016.01.13-23.39.10:687][  0]LogInit: Compiled (64-bit): Sep 28 2015 10:25:44
[2016.01.13-23.39.10:687][  0]LogInit: Compiled with Visual C++: 18.00.21005.01
[2016.01.13-23.39.10:687][  0]LogInit: Build Configuration: Development
[2016.01.13-23.39.10:687][  0]LogInit: Branch Name: ++depot+UE4-Releases+4.9
[2016.01.13-23.39.10:687][  0]LogInit: Command line:  
[2016.01.13-23.39.10:687][  0]LogInit: Base directory: D:/Program Files/Epic Games/4.9/Engine/Binaries/Win64/
[2016.01.13-23.39.10:687][  0]LogInit: Rocket: 1
[2016.01.13-23.39.10:698][  0]LogInit: Using libcurl 7.41.0
[2016.01.13-23.39.10:698][  0]LogInit:  - built for x86_64-pc-win32
[2016.01.13-23.39.10:698][  0]LogInit:  - supports SSL with WinSSL
[2016.01.13-23.39.10:698][  0]LogInit:  - other features:
[2016.01.13-23.39.10:698][  0]LogInit:      CURL_VERSION_SSL
[2016.01.13-23.39.10:698][  0]LogInit:      CURL_VERSION_IPV6
[2016.01.13-23.39.10:698][  0]LogInit:      CURL_VERSION_ASYNCHDNS
[2016.01.13-23.39.10:698][  0]LogInit:      CURL_VERSION_LARGEFILE
[2016.01.13-23.39.10:698][  0]LogInit:      CURL_VERSION_IDN
[2016.01.13-23.39.10:699][  0]LogInit:  CurlRequestOptions (configurable via config and command line):
[2016.01.13-23.39.10:699][  0]LogInit:  - bVerifyPeer = true  - Libcurl will verify peer certificate
[2016.01.13-23.39.10:699][  0]LogInit:  - bUseHttpProxy = false  - Libcurl will NOT use HTTP proxy
[2016.01.13-23.39.10:699][  0]LogInit:  - bDontReuseConnections = false  - Libcurl will reuse connections
[2016.01.13-23.39.10:699][  0]LogInit:  - CertBundlePath = nullptr  - Libcurl will use whatever was configured at build time.
[2016.01.13-23.39.10:707][  0]LogInit: Presizing for 0 objects not considered by GC, pre-allocating 0 bytes.
[2016.01.13-23.39.10:715][  0]LogInit: Object subsystem initialized
[2016.01.13-23.39.10:717][  0]LogInit: Selected Device Profile: [Windows]
[2016.01.13-23.39.10:717][  0]LogInit: Applying CVar settings loaded from the selected device profile: [Windows]
[2016.01.13-23.39.10:725][  0]LogInit: Computer: PCMAXIME
[2016.01.13-23.39.10:725][  0]LogInit: User: Maxime
[2016.01.13-23.39.10:725][  0]LogInit: CPU Page size=4096, Cores=4
[2016.01.13-23.39.10:725][  0]LogInit: High frequency timer resolution =2.338448 MHz
[2016.01.13-23.39.10:725][  0]LogMemory: Memory total: Physical=7.9GB (8GB approx)
[2016.01.13-23.39.10:725][  0]LogMemory: Platform Memory Stats for Windows
[2016.01.13-23.39.10:725][  0]LogMemory: Process Physical Memory: 56.07 MB used, 56.07 MB peak
[2016.01.13-23.39.10:725][  0]LogMemory: Process Virtual Memory: 57.19 MB used, 57.19 MB peak
[2016.01.13-23.39.10:725][  0]LogMemory: Physical Memory: 3337.38 MB used, 8123.55 MB total
[2016.01.13-23.39.10:725][  0]LogMemory: Virtual Memory: 352.10 MB used, 134217728.00 MB total
[2016.01.13-23.39.10:765][  0]LogTextLocalizationManager: No translations for ('fr-FR') exist, falling back to 'en' for localization and internationalization data.
[2016.01.13-23.39.11:574][  0]LogD3D11RHI: Found D3D11 adapter 0: AMD Radeon HD 7570M (Feature Level 11_0)
[2016.01.13-23.39.11:574][  0]LogD3D11RHI: Adapter has 1004MB of dedicated video memory, 0MB of dedicated system memory, and 3840MB of shared system memory, 1 output[s]
[2016.01.13-23.39.11:575][  0]LogD3D11RHI: Found D3D11 adapter 1: Microsoft Basic Render Driver (Feature Level 11_0)
[2016.01.13-23.39.11:575][  0]LogD3D11RHI: Adapter has 0MB of dedicated video memory, 0MB of dedicated system memory, and 4061MB of shared system memory, 0 output[s]
[2016.01.13-23.39.11:576][  0]LogD3D11RHI: Chosen D3D11 Adapter Id = 0
[2016.01.13-23.39.11:579][  0]LogD3D11RHI: !Direct3DDevice
[2016.01.13-23.39.11:580][  0]LogRHI: Texture pool is 702 MB (70% of 1004 MB)
[2016.01.13-23.39.11:587][  0]LogD3D11RHI: Async texture creation disabled: no driver support
[2016.01.13-23.39.11:599][  0]LogShaderCompilers: Guid format shader working directory is 14 characters bigger than the processId version (../../../../../../Bibliothèques/Documents/Unreal Projects/ShadowerFall/Intermediate/Shaders/WorkingDirectory/10332/).
[2016.01.13-23.39.11:599][  0]LogShaderCompilers: Cleaned the shader compiler working directory '../../../../../../Bibliothèques/Documents/Unreal Projects/ShadowerFall/Intermediate/Shaders/tmp/B05873384038F62833E5728B272CB9B0/'.
[2016.01.13-23.39.11:599][  0]LogShaderCompilers:Display: Using Local Shader Compiler.
[2016.01.13-23.39.12:726][  0]LogTemp:Display: Loaded TP AllDesktopTargetPlatform
[2016.01.13-23.39.12:732][  0]LogTemp:Display: Loaded TP WindowsClientTargetPlatform
[2016.01.13-23.39.12:738][  0]LogTemp:Display: Loaded TP WindowsNoEditorTargetPlatform
[2016.01.13-23.39.12:744][  0]LogTemp:Display: Loaded TP WindowsServerTargetPlatform
[2016.01.13-23.39.12:750][  0]LogTemp:Display: Loaded TP WindowsTargetPlatform
[2016.01.13-23.39.12:754][  0]LogTemp:Display: Loaded TP AndroidTargetPlatform
[2016.01.13-23.39.12:757][  0]LogTemp:Display: Loaded TP Android_ASTCTargetPlatform
[2016.01.13-23.39.12:761][  0]LogTemp:Display: Loaded TP Android_ATCTargetPlatform
[2016.01.13-23.39.12:765][  0]LogTemp:Display: Loaded TP Android_DXTTargetPlatform
[2016.01.13-23.39.12:769][  0]LogTemp:Display: Loaded TP Android_ETC1TargetPlatform
[2016.01.13-23.39.12:773][  0]LogTemp:Display: Loaded TP Android_ETC2TargetPlatform
[2016.01.13-23.39.12:777][  0]LogTemp:Display: Loaded TP Android_PVRTCTargetPlatform
[2016.01.13-23.39.12:778][  0]LogTemp:Display: Loaded TP HTML5TargetPlatform
[2016.01.13-23.39.12:796][  0]LogTemp:Display: Loaded TP IOSTargetPlatform
[2016.01.13-23.39.12:800][  0]LogTemp:Display: Loaded TP LinuxNoEditorTargetPlatform
[2016.01.13-23.39.12:804][  0]LogTemp:Display: Loaded TP LinuxServerTargetPlatform
[2016.01.13-23.39.12:808][  0]LogTemp:Display: Loaded TP LinuxTargetPlatform
[2016.01.13-23.39.12:808][  0]LogTargetPlatformManager:Display: Building Assets For Windows
[2016.01.13-23.39.12:914][  0]LogDerivedDataCache:Display: Max Cache Size: 512 MB
[2016.01.13-23.39.12:957][  0]LogDerivedDataCache: Loaded boot cache 0.04s 41MB C:/Users/Maxime/AppData/Local/UnrealEngine/4.9/DerivedDataCache/Boot.ddc.
[2016.01.13-23.39.12:957][  0]LogDerivedDataCache:Display: Loaded Boot cache: C:/Users/Maxime/AppData/Local/UnrealEngine/4.9/DerivedDataCache/Boot.ddc
[2016.01.13-23.39.12:958][  0]LogDerivedDataCache: FDerivedDataBackendGraph:  Pak pak cache file ../../../../../../Bibliothèques/Documents/Unreal Projects/ShadowerFall/DerivedDataCache/DDC.ddp not found, will not use a pak cache.
[2016.01.13-23.39.12:958][  0]LogDerivedDataCache: Unable to find inner node Pak for hierarchical cache Hierarchy.
[2016.01.13-23.39.12:958][  0]LogDerivedDataCache: FDerivedDataBackendGraph:  CompressedPak pak cache file ../../../../../../Bibliothèques/Documents/Unreal Projects/ShadowerFall/DerivedDataCache/Compressed.ddp not found, will not use a pak cache.
[2016.01.13-23.39.12:958][  0]LogDerivedDataCache: Unable to find inner node CompressedPak for hierarchical cache Hierarchy.
[2016.01.13-23.39.13:114][  0]LogDerivedDataCache:Display: Pak cache opened for reading ../../../Engine/DerivedDataCache/Compressed.ddp.
[2016.01.13-23.39.13:126][  0]LogDerivedDataCache: Using Local data cache path C:/Users/Maxime/AppData/Local/UnrealEngine/Common/DerivedDataCache: Writable
[2016.01.13-23.39.13:343][  0]LogInit: Selected Device Profile: [Windows]
[2016.01.13-23.39.13:345][  0]LogContentStreaming: Texture pool size is 0.000000MB
[2016.01.13-23.39.13:484][  0]LogMeshUtilities: No automatic mesh reduction module available
[2016.01.13-23.39.13:484][  0]LogMeshUtilities: No automatic mesh merging module available
[2016.01.13-23.39.13:757][  0]LogInit: WinSock: version 1.1 (2.2), MaxSocks=32767, MaxUdp=65467
[2016.01.13-23.39.14:549][  0]UdpMessaging: Initializing bridge on interface 0.0.0.0:0 to multicast group 230.0.0.1:6666.
[2016.01.13-23.39.14:654][  0]LogAssetRegistry: FAssetRegistry took 0.0106 seconds to start up
[2016.01.13-23.39.14:843][  0]SourceControl: Info Source control is disabled
[2016.01.13-23.39.14:844][  0]SourceControl: Info Source control is disabled
[2016.01.13-23.39.14:859][  0]SourceControl: Info Source control is disabled
[2016.01.13-23.39.14:875][  0]SourceControl: Info Source control is disabled
[2016.01.13-23.39.15:082][  0]LogLinker:Warning: Asset '../../../Engine/Plugins/Runtime/LeapMotionController/Content/LM_PassthroughMaterial.uasset' has been saved with empty engine version. The asset will be loaded but may be incompatible.
[2016.01.13-23.39.15:192][  0]LogObj: 28361 objects as part of root set at end of initial load.
[2016.01.13-23.39.15:192][  0]LogUObjectAllocator: 6038864 out of 0 bytes used by permanent object pool.
[2016.01.13-23.39.15:252][  0]LogEngine: Initializing Engine...
[2016.01.13-23.39.15:255][  0]LogHMD: Can't find Oculus library dev build: is proper Runtime installed? Version: 0.7.0.0
[2016.01.13-23.39.15:256][  0]LogHMD: SteamVR failed to initialize.  Err: 110
[2016.01.13-23.39.15:383][  0]LogAIModule: Creating AISystem for world NewWorld
[2016.01.13-23.39.15:388][  0]LogInit: XAudio2 using 'Haut-parleurs (Périphérique High Definition Audio)' : 2 channels at 44.1 kHz using 16 bits per sample (channel mask 0x3)
[2016.01.13-23.39.15:403][  0]LogInit: FAudioDevice initialized.
[2016.01.13-23.39.15:424][  0]LogDerivedDataCache: Saved boot cache 0.02s 41MB C:/Users/Maxime/AppData/Local/UnrealEngine/4.9/DerivedDataCache/Boot.ddc.
[2016.01.13-23.39.15:426][  0]LogInit: Texture streaming: Enabled
[2016.01.13-23.39.15:433][  0]LogAnalytics: Creating configured Analytics provider AnalyticsET
[2016.01.13-23.39.15:433][  0]LogAnalytics: [UEEditor.Rocket.Release] APIServer = http://et2.epicgames.com/ET2/. AppVersion = 4.9.2-2707645+++depot+UE4-Releases+4.9
[2016.01.13-23.39.15:433][  0]LogAnalytics: [UEEditor.Rocket.Release] SetUserId 9a9effe84c4b08c90696e581cd7488a3|06ed4f6a0f4048debc1b07e05a99303a|05176c3f-19e8-4dc1-8202-ec95daad005f
[2016.01.13-23.39.15:433][  0]LogAnalytics: [UEEditor.Rocket.Release] AnalyticsET::StartSession
[2016.01.13-23.39.15:470][  0]LogInit: Transaction tracking system initialized
[2016.01.13-23.39.15:502][  0]BlueprintLog: New page: Editor Load
[2016.01.13-23.39.15:607][  0]LocalizationService: Info Localization service is disabled
[2016.01.13-23.39.15:844][  0]LogConsoleResponse:Display: 
[2016.01.13-23.39.15:969][  0]LogCook:Display: Done creating registry. It took  0.00s.
[2016.01.13-23.39.16:042][  0]LogFileCache: Scanning file cache for directory 'D:/Bibliothèques/Documents/Unreal Projects/ShadowerFall/Content/' took 0.02s
[2016.01.13-23.39.16:042][  0]SourceControl: Info Source control is disabled
[2016.01.13-23.39.16:042][  0]Cmd: MAP LOAD FILE="../../../../../../Bibliothèques/Documents/Unreal Projects/ShadowerFall/Content/FirstPersonBP/Maps/FirstPersonExampleMap.umap" TEMPLATE=0 SHOWPROGRESS=1 FEATURELEVEL=3
[2016.01.13-23.39.16:055][  0]LightingResults: New page: Lighting Build
[2016.01.13-23.39.16:058][  0]MapCheck: New page: Map Check
[2016.01.13-23.39.16:058][  0]LightingResults: New page: Lighting Build
[2016.01.13-23.39.16:070][  0]LogParticles: Destroying 0 GPU particle simulations for FXSystem 0x000000921AA50400
[2016.01.13-23.39.16:083][  0]LogLinker:Warning: Can't find file '/Game/FirstPersonBP/Blueprints/AI/CustomAICharacter'
[2016.01.13-23.39.16:083][  0]LogLinker:Warning: Can't find file for asset '/Game/FirstPersonBP/Blueprints/AI/CustomAICharacter' while loading ../../../../../../Bibliothèques/Documents/Unreal Projects/ShadowerFall/Content/FirstPersonBP/Maps/FirstPersonExampleMap.umap.
[2016.01.13-23.39.16:083][  0]LoadErrors:Error: Error /Game/FirstPersonBP/Maps/FirstPersonExampleMap : Can't find file for asset. /Game/FirstPersonBP/Blueprints/AI/CustomAICharacter
[2016.01.13-23.39.16:481][  0]LogLinker:Warning: Asset '../../../../../../Bibliothèques/Documents/Unreal Projects/ShadowerFall/Content/FirstPerson/Meshes/FirstPersonProjectileMesh.uasset' has been saved with empty engine version. The asset will be loaded but may be incompatible.
[2016.01.13-23.39.17:903][  0]LogLinker:Warning: Can't find file '/Game/FirstPersonBP/Blueprints/AI/CustomAICharacter'
[2016.01.13-23.39.17:903][  0]LogLinker:Warning: Can't find file for asset '/Game/FirstPersonBP/Blueprints/AI/CustomAICharacter' while loading ../../../../../../Bibliothèques/Documents/Unreal Projects/ShadowerFall/Content/FirstPersonBP/Maps/FirstPersonExampleMap.umap.
[2016.01.13-23.39.17:903][  0]LoadErrors:Error: Error /Game/FirstPersonBP/Maps/FirstPersonExampleMap : Can't find file for asset. /Game/FirstPersonBP/Blueprints/AI/CustomAICharacter
[2016.01.13-23.39.18:098][  0]LogLinker:Warning: Can't find file '/Game/FirstPersonBP/Blueprints/AI/CustomAICharacter'
[2016.01.13-23.39.18:098][  0]LogLinker:Warning: Can't find file for asset '/Game/FirstPersonBP/Blueprints/AI/CustomAICharacter' while loading ../../../../../../Bibliothèques/Documents/Unreal Projects/ShadowerFall/Content/FirstPersonBP/Maps/FirstPersonExampleMap.umap.
[2016.01.13-23.39.18:098][  0]LoadErrors:Error: Error /Game/FirstPersonBP/Maps/FirstPersonExampleMap : Can't find file for asset. /Game/FirstPersonBP/Blueprints/AI/CustomAICharacter
[2016.01.13-23.39.18:098][  0]LogLinker:Warning: Can't find file '/Game/FirstPersonBP/Blueprints/AI/CustomAICharacter'
[2016.01.13-23.39.18:099][  0]LogLinker:Warning: Can't find file for asset '/Game/FirstPersonBP/Blueprints/AI/CustomAICharacter' while loading ../../../../../../Bibliothèques/Documents/Unreal Projects/ShadowerFall/Content/FirstPersonBP/Maps/FirstPersonExampleMap.umap.
[2016.01.13-23.39.18:099][  0]LoadErrors:Error: Error /Game/FirstPersonBP/Maps/FirstPersonExampleMap : Can't find file for asset. /Game/FirstPersonBP/Blueprints/AI/CustomAICharacter
[2016.01.13-23.39.18:099][  0]LogLinker:Warning: Can't find file '/Game/FirstPersonBP/Blueprints/AI/CustomAICharacter'
[2016.01.13-23.39.18:100][  0]LogLinker:Warning: Can't find file for asset '/Game/FirstPersonBP/Blueprints/AI/CustomAICharacter' while loading ../../../../../../Bibliothèques/Documents/Unreal Projects/ShadowerFall/Content/FirstPersonBP/Maps/FirstPersonExampleMap.umap.
[2016.01.13-23.39.18:100][  0]LoadErrors:Error: Error /Game/FirstPersonBP/Maps/FirstPersonExampleMap : Can't find file for asset. /Game/FirstPersonBP/Blueprints/AI/CustomAICharacter
[2016.01.13-23.39.18:103][  0]LogLinker:Warning: Can't find file '/Game/FirstPersonBP/Blueprints/AI/CustomAICharacter'
[2016.01.13-23.39.18:104][  0]LogLinker:Warning: Can't find file for asset '/Game/FirstPersonBP/Blueprints/AI/CustomAICharacter' while loading ../../../../../../Bibliothèques/Documents/Unreal Projects/ShadowerFall/Content/FirstPersonBP/Maps/FirstPersonExampleMap.umap.
[2016.01.13-23.39.18:104][  0]LoadErrors:Error: Error /Game/FirstPersonBP/Maps/FirstPersonExampleMap : Can't find file for asset. /Game/FirstPersonBP/Blueprints/AI/CustomAICharacter
[2016.01.13-23.39.18:116][  0]LogLinker:Warning: Can't find file '/Game/FirstPersonBP/Blueprints/AI/CustomAICharacter'
[2016.01.13-23.39.18:117][  0]LogLinker:Warning: Can't find file for asset '/Game/FirstPersonBP/Blueprints/AI/CustomAICharacter' while loading ../../../../../../Bibliothèques/Documents/Unreal Projects/ShadowerFall/Content/FirstPersonBP/Maps/FirstPersonExampleMap.umap.
[2016.01.13-23.39.18:117][  0]LoadErrors:Error: Error /Game/FirstPersonBP/Maps/FirstPersonExampleMap : Can't find file for asset. /Game/FirstPersonBP/Blueprints/AI/CustomAICharacter
[2016.01.13-23.39.18:211][  0]LogLinker:Warning: Can't find file '/Game/FirstPersonBP/Blueprints/AI/CustomAICharacter'
[2016.01.13-23.39.18:212][  0]LogLinker:Warning: Can't find file for asset '/Game/FirstPersonBP/Blueprints/AI/CustomAICharacter' while loading ../../../../../../Bibliothèques/Documents/Unreal Projects/ShadowerFall/Content/FirstPersonBP/Maps/FirstPersonExampleMap.umap.
[2016.01.13-23.39.18:212][  0]LoadErrors:Error: Error /Game/FirstPersonBP/Maps/FirstPersonExampleMap : Can't find file for asset. /Game/FirstPersonBP/Blueprints/AI/CustomAICharacter
[2016.01.13-23.39.18:212][  0]LogLinker:Warning: Can't find file '/Game/FirstPersonBP/Blueprints/AI/CustomAICharacter'
[2016.01.13-23.39.18:212][  0]LogLinker:Warning: Can't find file for asset '/Game/FirstPersonBP/Blueprints/AI/CustomAICharacter' while loading ../../../../../../Bibliothèques/Documents/Unreal Projects/ShadowerFall/Content/FirstPersonBP/Maps/FirstPersonExampleMap.umap.
[2016.01.13-23.39.18:213][  0]LoadErrors:Error: Error /Game/FirstPersonBP/Maps/FirstPersonExampleMap : Can't find file for asset. /Game/FirstPersonBP/Blueprints/AI/CustomAICharacter
[2016.01.13-23.39.18:214][  0]LogLinker:Warning: Can't find file '/Game/FirstPersonBP/Blueprints/AI/CustomAICharacter'
[2016.01.13-23.39.18:214][  0]LogLinker:Warning: Can't find file for asset '/Game/FirstPersonBP/Blueprints/AI/CustomAICharacter' while loading ../../../../../../Bibliothèques/Documents/Unreal Projects/ShadowerFall/Content/FirstPersonBP/Maps/FirstPersonExampleMap.umap.
[2016.01.13-23.39.18:214][  0]LoadErrors:Error: Error /Game/FirstPersonBP/Maps/FirstPersonExampleMap : Can't find file for asset. /Game/FirstPersonBP/Blueprints/AI/CustomAICharacter
[2016.01.13-23.39.18:216][  0]LogLinker:Warning: Can't find file '/Game/FirstPersonBP/Blueprints/AI/CustomAICharacter'
[2016.01.13-23.39.18:216][  0]LogLinker:Warning: Can't find file for asset '/Game/FirstPersonBP/Blueprints/AI/CustomAICharacter' while loading NULL.
[2016.01.13-23.39.18:217][  0]LogLinker:Warning: Can't find file '/Game/FirstPersonBP/Blueprints/AI/CustomAICharacter'
[2016.01.13-23.39.18:217][  0]LogLinker:Warning: Can't find file for asset '/Game/FirstPersonBP/Blueprints/AI/CustomAICharacter' while loading NULL.
[2016.01.13-23.39.18:217][  0]LogLinker:Warning: Can't find file '/Game/FirstPersonBP/Blueprints/AI/CustomAICharacter'
[2016.01.13-23.39.18:218][  0]LogLinker:Warning: Can't find file for asset '/Game/FirstPersonBP/Blueprints/AI/CustomAICharacter' while loading NULL.
[2016.01.13-23.39.18:218][  0]LogLinker:Warning: Can't find file '/Game/FirstPersonBP/Blueprints/AI/CustomAICharacter'
[2016.01.13-23.39.18:218][  0]LogLinker:Warning: Can't find file for asset '/Game/FirstPersonBP/Blueprints/AI/CustomAICharacter' while loading NULL.
[2016.01.13-23.39.18:218][  0]LogLinker:Warning: Can't find file '/Game/FirstPersonBP/Blueprints/AI/CustomAICharacter'
[2016.01.13-23.39.18:219][  0]LogLinker:Warning: Can't find file for asset '/Game/FirstPersonBP/Blueprints/AI/CustomAICharacter' while loading NULL.
[2016.01.13-23.39.18:219][  0]LogLinker:Warning: Can't find file '/Game/FirstPersonBP/Blueprints/AI/CustomAICharacter'
[2016.01.13-23.39.18:219][  0]LogLinker:Warning: Can't find file for asset '/Game/FirstPersonBP/Blueprints/AI/CustomAICharacter' while loading NULL.
[2016.01.13-23.39.18:219][  0]LogLinker:Warning: Can't find file '/Game/FirstPersonBP/Blueprints/AI/CustomAICharacter'
[2016.01.13-23.39.18:220][  0]LogLinker:Warning: Can't find file for asset '/Game/FirstPersonBP/Blueprints/AI/CustomAICharacter' while loading NULL.
[2016.01.13-23.39.18:220][  0]LogLinker:Warning: Can't find file '/Game/FirstPersonBP/Blueprints/AI/CustomAICharacter'
[2016.01.13-23.39.18:220][  0]LogLinker:Warning: Can't find file for asset '/Game/FirstPersonBP/Blueprints/AI/CustomAICharacter' while loading NULL.
[2016.01.13-23.39.18:220][  0]LogLinker:Warning: Can't find file '/Game/FirstPersonBP/Blueprints/AI/CustomAICharacter'
[2016.01.13-23.39.18:220][  0]LogLinker:Warning: Can't find file for asset '/Game/FirstPersonBP/Blueprints/AI/CustomAICharacter' while loading NULL.
[2016.01.13-23.39.18:221][  0]LogLinker:Warning: Can't find file '/Game/FirstPersonBP/Blueprints/AI/CustomAICharacter'
[2016.01.13-23.39.18:221][  0]LogLinker:Warning: Can't find file for asset '/Game/FirstPersonBP/Blueprints/AI/CustomAICharacter' while loading NULL.
[2016.01.13-23.39.18:244][  0]LogLinker:Warning: Can't find file '/Game/FirstPersonBP/Blueprints/AI/CustomAICharacter'
[2016.01.13-23.39.18:244][  0]LogLinker:Warning: Can't find file for asset '/Game/FirstPersonBP/Blueprints/AI/CustomAICharacter' while loading NULL.
[2016.01.13-23.39.18:244][  0]LogLinker:Warning: Can't find file '/Game/FirstPersonBP/Blueprints/AI/CustomAICharacter'
[2016.01.13-23.39.18:244][  0]LogLinker:Warning: Can't find file for asset '/Game/FirstPersonBP/Blueprints/AI/CustomAICharacter' while loading NULL.
[2016.01.13-23.39.18:253][  0]LogLinker:Warning: Can't find file '/Game/FirstPersonBP/Blueprints/AI/CustomAICharacter'
[2016.01.13-23.39.18:253][  0]LogLinker:Warning: Can't find file for asset '/Game/FirstPersonBP/Blueprints/AI/CustomAICharacter' while loading NULL.
[2016.01.13-23.39.18:254][  0]LogLinker:Warning: Can't find file '/Game/FirstPersonBP/Blueprints/AI/CustomAICharacter'
[2016.01.13-23.39.18:254][  0]LogLinker:Warning: Can't find file for asset '/Game/FirstPersonBP/Blueprints/AI/CustomAICharacter' while loading NULL.
[2016.01.13-23.39.18:254][  0]LogLinker:Warning: Can't find file '/Game/FirstPersonBP/Blueprints/AI/CustomAICharacter'
[2016.01.13-23.39.18:254][  0]LogLinker:Warning: Can't find file for asset '/Game/FirstPersonBP/Blueprints/AI/CustomAICharacter' while loading NULL.
[2016.01.13-23.39.18:254][  0]LogLinker:Warning: Can't find file '/Game/FirstPersonBP/Blueprints/AI/CustomAICharacter'
[2016.01.13-23.39.18:255][  0]LogLinker:Warning: Can't find file for asset '/Game/FirstPersonBP/Blueprints/AI/CustomAICharacter' while loading NULL.
[2016.01.13-23.39.18:255][  0]LogLinker:Warning: Can't find file '/Game/FirstPersonBP/Blueprints/AI/CustomAICharacter'
[2016.01.13-23.39.18:255][  0]LogLinker:Warning: Can't find file for asset '/Game/FirstPersonBP/Blueprints/AI/CustomAICharacter' while loading NULL.
[2016.01.13-23.39.18:256][  0]LogLinker:Warning: Can't find file '/Game/FirstPersonBP/Blueprints/AI/CustomAICharacter'
[2016.01.13-23.39.18:256][  0]LogLinker:Warning: Can't find file for asset '/Game/FirstPersonBP/Blueprints/AI/CustomAICharacter' while loading NULL.
[2016.01.13-23.39.18:260][  0]LogLinker:Warning: Can't find file '/Game/FirstPersonBP/Blueprints/AI/CustomAICharacter'
[2016.01.13-23.39.18:260][  0]LogLinker:Warning: Can't find file for asset '/Game/FirstPersonBP/Blueprints/AI/CustomAICharacter' while loading NULL.
[2016.01.13-23.39.18:261][  0]LogLinker:Warning: Can't find file '/Game/FirstPersonBP/Blueprints/AI/CustomAICharacter'
[2016.01.13-23.39.18:261][  0]LogLinker:Warning: Can't find file for asset '/Game/FirstPersonBP/Blueprints/AI/CustomAICharacter' while loading NULL.
[2016.01.13-23.39.18:265][  0]LogLinker:Warning: Can't find file '/Game/FirstPersonBP/Blueprints/AI/CustomAICharacter'
[2016.01.13-23.39.18:265][  0]LogLinker:Warning: Can't find file for asset '/Game/FirstPersonBP/Blueprints/AI/CustomAICharacter' while loading NULL.
[2016.01.13-23.39.18:265][  0]LogLinker:Warning: Can't find file '/Game/FirstPersonBP/Blueprints/AI/CustomAICharacter'
[2016.01.13-23.39.18:266][  0]LogLinker:Warning: Can't find file for asset '/Game/FirstPersonBP/Blueprints/AI/CustomAICharacter' while loading NULL.
[2016.01.13-23.39.18:269][  0]LogLinker:Warning: Can't find file '/Game/FirstPersonBP/Blueprints/AI/CustomAICharacter'
[2016.01.13-23.39.18:269][  0]LogLinker:Warning: Can't find file for asset '/Game/FirstPersonBP/Blueprints/AI/CustomAICharacter' while loading NULL.
[2016.01.13-23.39.18:270][  0]LogLinker:Warning: Can't find file '/Game/FirstPersonBP/Blueprints/AI/CustomAICharacter'
[2016.01.13-23.39.18:270][  0]LogLinker:Warning: Can't find file for asset '/Game/FirstPersonBP/Blueprints/AI/CustomAICharacter' while loading NULL.
[2016.01.13-23.39.18:271][  0]LogLinker:Warning: Can't find file '/Game/FirstPersonBP/Blueprints/AI/CustomAICharacter'
[2016.01.13-23.39.18:272][  0]LogLinker:Warning: Can't find file for asset '/Game/FirstPersonBP/Blueprints/AI/CustomAICharacter' while loading NULL.
[2016.01.13-23.39.18:272][  0]LogLinker:Warning: Can't find file '/Game/FirstPersonBP/Blueprints/AI/CustomAICharacter'
[2016.01.13-23.39.18:272][  0]LogLinker:Warning: Can't find file for asset '/Game/FirstPersonBP/Blueprints/AI/CustomAICharacter' while loading NULL.
[2016.01.13-23.39.18:476][  0]LogLinker:Warning: Can't find file '/Game/FirstPersonBP/Blueprints/AI/CustomAICharacter'
[2016.01.13-23.39.18:476][  0]LogLinker:Warning: Can't find file for asset '/Game/FirstPersonBP/Blueprints/AI/CustomAICharacter' while loading NULL.
[2016.01.13-23.39.18:476][  0]LogLinker:Warning: Can't find file '/Game/FirstPersonBP/Blueprints/AI/CustomAICharacter'
[2016.01.13-23.39.18:476][  0]LoadErrors: Info Failed to load /Game/FirstPersonBP/Blueprints/AI/CustomAICharacter.CustomAICharacter_C Referenced by PersistentLevel
[2016.01.13-23.39.18:477][  0]LogLinker:Warning: Can't find file for asset '/Game/FirstPersonBP/Blueprints/AI/CustomAICharacter' while loading NULL.
[2016.01.13-23.39.18:477][  0]LoadErrors: Info Failed to load /Game/FirstPersonBP/Blueprints/AI/CustomAICharacter.CustomAICharacter_C Referenced by PersistentLevel
[2016.01.13-23.39.18:852][  0]LogAIModule: Creating AISystem for world FirstPersonExampleMap
[2016.01.13-23.39.18:874][  0]LogEditorServer: Finished looking for orphan Actors (0.000 secs)
[2016.01.13-23.39.18:875][  0]Cmd: MAP CHECKDEP NOCLEARLOG
[2016.01.13-23.39.18:964][  0]MapCheck: Info Map check complete: 0 Error(s), 0 Warning(s), took 88.878ms to complete.
[2016.01.13-23.39.18:964][  0]LogFileHelpers: Loading map 'FirstPersonExampleMap' took 2.922
[2016.01.13-23.39.19:077][  0]LogCollectionManager: Loaded 0 collections in 0.002481 seconds
[2016.01.13-23.39.19:120][  0]LogFileCache: Scanning file cache for directory 'D:/Bibliothèques/Documents/Unreal Projects/ShadowerFall/Saved/Collections/' took 0.01s
[2016.01.13-23.39.19:120][  0]LogFileCache: Scanning file cache for directory 'D:/Bibliothèques/Documents/Unreal Projects/ShadowerFall/Content/Developers/Maxime/Collections/' took 0.01s
[2016.01.13-23.39.19:120][  0]LogFileCache: Scanning file cache for directory 'D:/Bibliothèques/Documents/Unreal Projects/ShadowerFall/Content/Collections/' took 0.01s
[2016.01.13-23.39.19:120][  0]LogContentBrowser: Native class hierarchy populated in 0.0081 seconds. Added 1867 classes and 333 folders.
[2016.01.13-23.39.19:126][  0]LogCollectionManager: Rebuilt the GUID cache for 0 collections in 0.000003 seconds
[2016.01.13-23.39.19:133][  0]LogContentBrowser: Native class hierarchy updated for 'WidgetCarousel' in 0.0005 seconds. Added 0 classes and 0 folders.
[2016.01.13-23.39.19:190][  0]LogContentBrowser: Native class hierarchy updated for 'AddContentDialog' in 0.0005 seconds. Added 0 classes and 0 folders.
[2016.01.13-23.39.19:195][  0]LogContentBrowser: Native class hierarchy updated for 'SceneOutliner' in 0.0005 seconds. Added 1 classes and 2 folders.
[2016.01.13-23.39.19:292][  0]LogCrashTracker: Crashtracker disabled due to settings.
[2016.01.13-23.39.19:296][  0]LogUObjectGlobals:Warning: Failed to find object 'Class None.'
[2016.01.13-23.39.19:319][  0]LogLoad: Full Startup: 9.23 seconds (BP compile: 0.48 seconds)
[2016.01.13-23.39.19:336][  0]LoadErrors:Warning: Warning CreateExport: Failed to load Outer for resource 'Arrow': CustomAICharacter_C /Game/FirstPersonBP/Maps/FirstPersonExampleMap.FirstPersonExampleMap:PersistentLevel.CustomAICharacter_C_1
[2016.01.13-23.39.19:336][  0]LoadErrors:Warning: Warning CreateExport: Failed to load Outer for resource 'CollisionCylinder': CustomAICharacter_C /Game/FirstPersonBP/Maps/FirstPersonExampleMap.FirstPersonExampleMap:PersistentLevel.CustomAICharacter_C_1
[2016.01.13-23.39.19:336][  0]LoadErrors:Warning: Warning CreateExport: Failed to load Outer for resource 'ExplosionCol': CustomAICharacter_C /Game/FirstPersonBP/Maps/FirstPersonExampleMap.FirstPersonExampleMap:PersistentLevel.CustomAICharacter_C_1
[2016.01.13-23.39.19:336][  0]LoadErrors:Warning: Warning CreateExport: Failed to load Outer for resource 'CharMoveComp': CustomAICharacter_C /Game/FirstPersonBP/Maps/FirstPersonExampleMap.FirstPersonExampleMap:PersistentLevel.CustomAICharacter_C_1
[2016.01.13-23.39.19:337][  0]LoadErrors:Warning: Warning CreateExport: Failed to load Outer for resource 'PawnSensing': CustomAICharacter_C /Game/FirstPersonBP/Maps/FirstPersonExampleMap.FirstPersonExampleMap:PersistentLevel.CustomAICharacter_C_1
[2016.01.13-23.39.19:337][  0]LoadErrors:Warning: Warning CreateExport: Failed to load Outer for resource 'CharacterMesh0': CustomAICharacter_C /Game/FirstPersonBP/Maps/FirstPersonExampleMap.FirstPersonExampleMap:PersistentLevel.CustomAICharacter_C_1
[2016.01.13-23.39.19:337][  0]LoadErrors:Warning: Warning CreateExport: Failed to load Outer for resource 'StaticMesh': CustomAICharacter_C /Game/FirstPersonBP/Maps/FirstPersonExampleMap.FirstPersonExampleMap:PersistentLevel.CustomAICharacter_C_1
[2016.01.13-23.39.19:501][  0]LogContentStreaming: Texture pool size now 200 MB
[2016.01.13-23.39.19:666][  0]LogRenderer: Reallocating scene render targets to support 1252x668 (Frame:2).
[2016.01.13-23.39.20:144][  5]LogAssetRegistry: Asset discovery search completed in 5.5006 seconds
[2016.01.13-23.39.20:144][  5]LogCollectionManager: Rebuilt the object cache for 0 collections in 0.000001 seconds (found 0 objects)
[2016.01.13-23.39.20:144][  5]LogCollectionManager: Fixed up redirectors for 0 collections in 0.000026 seconds (updated 0 objects)
[2016.01.13-23.39.29:625][233]LogAIModule: Creating AISystem for world Level3
[2016.01.13-23.39.29:676][233]LogActorComponent: UnregisterComponent: (/Engine/Transient.ProjectileMovementComponent_40__A6522401) Not registered. Aborting.
[2016.01.13-23.39.29:676][233]LogActorComponent: UnregisterComponent: (/Engine/Transient.ProjectileMovementComponent_0) Not registered. Aborting.
[2016.01.13-23.39.29:676][233]LogActorComponent: UnregisterComponent: (/Engine/Transient.ProjectileMovementComponent_1) Not registered. Aborting.
[2016.01.13-23.39.29:720][233]Cmd: MAP LOAD FILE="../../../../../../Bibliothèques/Documents/Unreal Projects/ShadowerFall/Content/FirstPersonBP/Maps/Level3.umap" TEMPLATE=0 SHOWPROGRESS=1 FEATURELEVEL=3
[2016.01.13-23.39.29:720][233]LightingResults: New page: Lighting Build
[2016.01.13-23.39.29:742][233]LoadErrors: New page: Loading map: Level3.umap
[2016.01.13-23.39.29:744][233]MapCheck: New page: Map Check
[2016.01.13-23.39.29:744][233]LightingResults: New page: Lighting Build
[2016.01.13-23.39.29:757][233]LogParticles: Destroying 0 GPU particle simulations for FXSystem 0x000000921E58E020
[2016.01.13-23.39.29:820][233]LogEditorServer: Finished looking for orphan Actors (0.000 secs)
[2016.01.13-23.39.29:860][233]Cmd: MAP CHECKDEP NOCLEARLOG
[2016.01.13-23.39.29:942][233]MapCheck: Info Map check complete: 0 Error(s), 0 Warning(s), took 80.785ms to complete.
[2016.01.13-23.39.29:943][233]LogFileHelpers: Loading map 'Level3' took 0.224
[2016.01.13-23.40.01:271][267]LogEditorActor: Deleted Actor: Brush
[2016.01.13-23.40.01:272][267]LogEditorActor: Deleted Actor: Brush
[2016.01.13-23.40.01:272][267]LogEditorActor: Deleted Actor: Brush
[2016.01.13-23.40.01:273][267]LogEditorActor: Deleted Actor: Brush
[2016.01.13-23.40.01:274][267]LogEditorActor: Deleted Actor: Brush
[2016.01.13-23.40.01:274][267]LogEditorActor: Deleted Actor: Brush
[2016.01.13-23.40.01:275][267]LogEditorActor: Deleted Actor: Brush
[2016.01.13-23.40.01:275][267]LogEditorActor: Deleted Actor: Brush
[2016.01.13-23.40.01:276][267]LogEditorActor: Deleted Actor: Brush
[2016.01.13-23.40.01:276][267]LogEditorActor: Deleted Actor: Brush
[2016.01.13-23.40.01:276][267]LogEditorActor: Deleted Actor: Brush
[2016.01.13-23.40.01:277][267]LogEditorActor: Deleted Actor: Brush
[2016.01.13-23.40.01:277][267]LogEditorActor: Deleted Actor: Brush
[2016.01.13-23.40.01:277][267]LogEditorActor: Deleted Actor: Brush
[2016.01.13-23.40.01:277][267]LogEditorActor: Deleted Actor: Brush
[2016.01.13-23.40.01:278][267]LogEditorActor: Deleted Actor: Brush
[2016.01.13-23.40.01:278][267]LogEditorActor: Deleted Actor: Brush
[2016.01.13-23.40.01:278][267]LogEditorActor: Deleted Actor: Brush
[2016.01.13-23.40.01:279][267]LogEditorActor: Deleted Actor: Brush
[2016.01.13-23.40.01:279][267]LogEditorActor: Deleted Actor: Brush
[2016.01.13-23.40.01:279][267]LogEditorActor: Deleted Actor: Brush
[2016.01.13-23.40.01:280][267]LogEditorActor: Deleted Actor: Brush
[2016.01.13-23.40.01:280][267]LogEditorActor: Deleted Actor: Brush
[2016.01.13-23.40.01:280][267]LogEditorActor: Deleted Actor: Brush
[2016.01.13-23.40.01:280][267]LogEditorActor: Deleted Actor: Brush
[2016.01.13-23.40.01:281][267]LogEditorActor: Deleted Actor: Brush
[2016.01.13-23.40.01:281][267]LogEditorActor: Deleted Actor: Brush
[2016.01.13-23.40.01:281][267]LogEditorActor: Deleted Actor: Brush
[2016.01.13-23.40.01:282][267]LogEditorActor: Deleted Actor: Brush
[2016.01.13-23.40.01:282][267]LogEditorActor: Deleted Actor: Brush
[2016.01.13-23.40.01:282][267]LogEditorActor: Deleted Actor: Brush
[2016.01.13-23.40.01:282][267]LogEditorActor: Deleted Actor: Brush
[2016.01.13-23.40.01:283][267]LogEditorActor: Deleted Actor: Brush
[2016.01.13-23.40.01:283][267]LogEditorActor: Deleted Actor: Brush
[2016.01.13-23.40.06:707][267]LogEditorActor: Deleted Actor: Brush
[2016.01.13-23.40.07:348][267]LogEditorActor: Deleted Actor: Brush
[2016.01.13-23.40.07:989][267]LogEditorActor: Deleted Actor: Brush
[2016.01.13-23.40.07:990][267]LogEditorActor: Deleted Actor: Brush
[2016.01.13-23.40.07:990][267]LogEditorActor: Deleted Actor: Brush
[2016.01.13-23.40.07:990][267]LogEditorActor: Deleted Actor: Brush
[2016.01.13-23.40.07:991][267]LogEditorActor: Deleted Actor: Brush
[2016.01.13-23.40.07:991][267]LogEditorActor: Deleted Actor: Brush
[2016.01.13-23.40.07:991][267]LogEditorActor: Deleted Actor: Brush
[2016.01.13-23.40.07:992][267]LogEditorActor: Deleted Actor: Brush
[2016.01.13-23.40.07:992][267]LogEditorActor: Deleted Actor: Brush
[2016.01.13-23.40.07:992][267]LogEditorActor: Deleted Actor: Brush
[2016.01.13-23.40.07:993][267]LogEditorActor: Deleted Actor: Brush
[2016.01.13-23.40.07:993][267]LogEditorActor: Deleted Actor: Brush
[2016.01.13-23.40.07:993][267]LogEditorActor: Deleted Actor: Brush
[2016.01.13-23.40.07:994][267]LogEditorActor: Deleted Actor: BP_Wall_C
[2016.01.13-23.40.07:994][267]LogEditorActor: Deleted Actor: BP_Wall_C
[2016.01.13-23.40.07:994][267]LogEditorActor: Deleted Actor: BP_Wall_C
[2016.01.13-23.40.07:995][267]LogEditorActor: Deleted Actor: BP_Wall_C
[2016.01.13-23.40.07:995][267]LogEditorActor: Deleted Actor: Brush
[2016.01.13-23.40.07:995][267]LogEditorActor: Deleted Actor: Brush
[2016.01.13-23.40.07:995][267]LogEditorActor: Deleted Actor: Brush
[2016.01.13-23.40.07:996][267]LogEditorActor: Deleted Actor: Brush
[2016.01.13-23.40.07:996][267]LogEditorActor: Deleted Actor: Brush
[2016.01.13-23.40.07:996][267]LogEditorActor: Deleted Actor: Brush
[2016.01.13-23.40.07:996][267]LogEditorActor: Deleted Actor: Brush
[2016.01.13-23.40.07:997][267]LogEditorActor: Deleted Actor: Brush
[2016.01.13-23.40.07:997][267]LogEditorActor: Deleted Actor: Brush
[2016.01.13-23.40.07:997][267]LogEditorActor: Deleted Actor: Brush
[2016.01.13-23.40.07:997][267]LogEditorActor: Deleted Actor: Brush
[2016.01.13-23.40.07:997][267]LogEditorActor: Deleted Actor: Brush
[2016.01.13-23.40.07:998][267]LogEditorActor: Deleted Actor: Brush
[2016.01.13-23.40.07:998][267]LogEditorActor: Deleted Actor: Brush
[2016.01.13-23.40.07:998][267]LogEditorActor: Deleted Actor: Brush
[2016.01.13-23.40.07:998][267]LogEditorActor: Deleted Actor: BP_Wall_C
[2016.01.13-23.40.07:998][267]LogEditorActor: Deleted Actor: BP_Wall_C
[2016.01.13-23.40.07:998][267]LogEditorActor: Deleted Actor: BP_Wall_C
[2016.01.13-23.40.07:999][267]LogEditorActor: Deleted Actor: BP_Wall_C
[2016.01.13-23.40.07:999][267]LogActorComponent: UnregisterComponent: (/Engine/Transient.ProjectileMovementComponent_40__A6522401) Not registered. Aborting.
[2016.01.13-23.40.07:999][267]LogActorComponent: UnregisterComponent: (/Engine/Transient.ProjectileMovementComponent_2) Not registered. Aborting.
[2016.01.13-23.40.07:999][267]LogActorComponent: UnregisterComponent: (/Engine/Transient.ProjectileMovementComponent_3) Not registered. Aborting.
[2016.01.13-23.40.08:065][267]LogEditorActor: Deleted 72 Actors (6.798 secs)
[2016.01.13-23.40.13:777][446]LogEditorActor: Deleted Actor: StaticMeshActor
[2016.01.13-23.40.13:778][446]LogEditorActor: Deleted Actor: StaticMeshActor
[2016.01.13-23.40.13:778][446]LogEditorActor: Deleted Actor: StaticMeshActor
[2016.01.13-23.40.13:778][446]LogEditorActor: Deleted Actor: StaticMeshActor
[2016.01.13-23.40.13:779][446]LogEditorActor: Deleted Actor: StaticMeshActor
[2016.01.13-23.40.13:779][446]LogEditorActor: Deleted Actor: StaticMeshActor
[2016.01.13-23.40.13:779][446]LogEditorActor: Deleted Actor: StaticMeshActor
[2016.01.13-23.40.13:779][446]LogEditorActor: Deleted Actor: StaticMeshActor
[2016.01.13-23.40.13:780][446]LogEditorActor: Deleted Actor: StaticMeshActor
[2016.01.13-23.40.13:780][446]LogEditorActor: Deleted Actor: StaticMeshActor
[2016.01.13-23.40.13:780][446]LogEditorActor: Deleted Actor: StaticMeshActor
[2016.01.13-23.40.13:780][446]LogEditorActor: Deleted Actor: StaticMeshActor
[2016.01.13-23.40.13:780][446]LogEditorActor: Deleted Actor: StaticMeshActor
[2016.01.13-23.40.13:780][446]LogEditorActor: Deleted Actor: StaticMeshActor
[2016.01.13-23.40.13:781][446]LogEditorActor: Deleted Actor: StaticMeshActor
[2016.01.13-23.40.13:781][446]LogEditorActor: Deleted Actor: StaticMeshActor
[2016.01.13-23.40.13:781][446]LogEditorActor: Deleted Actor: StaticMeshActor
[2016.01.13-23.40.13:781][446]LogEditorActor: Deleted Actor: StaticMeshActor
[2016.01.13-23.40.13:781][446]LogEditorActor: Deleted Actor: StaticMeshActor
[2016.01.13-23.40.13:781][446]LogEditorActor: Deleted Actor: StaticMeshActor
[2016.01.13-23.40.13:782][446]LogEditorActor: Deleted Actor: StaticMeshActor
[2016.01.13-23.40.13:782][446]LogEditorActor: Deleted Actor: StaticMeshActor
[2016.01.13-23.40.13:782][446]LogEditorActor: Deleted Actor: StaticMeshActor
[2016.01.13-23.40.16:243][446]LogEditorActor: Deleted Actor: StaticMeshActor
[2016.01.13-23.40.16:244][446]LogEditorActor: Deleted Actor: StaticMeshActor
[2016.01.13-23.40.16:244][446]LogEditorActor: Deleted Actor: StaticMeshActor
[2016.01.13-23.40.16:244][446]LogEditorActor: Deleted Actor: StaticMeshActor
[2016.01.13-23.40.16:244][446]LogEditorActor: Deleted Actor: StaticMeshActor
[2016.01.13-23.40.16:244][446]LogEditorActor: Deleted Actor: StaticMeshActor
[2016.01.13-23.40.16:257][446]LogEditorActor: Deleted 29 Actors (2.481 secs)
[2016.01.13-23.40.17:823][502]LogEditorActor: Deleted Actor: StaticMeshActor
[2016.01.13-23.40.17:836][502]LogEditorActor: Deleted 1 Actors (0.014 secs)
[2016.01.13-23.40.19:604][561]LogEditorActor: Deleted Actor: Brush
[2016.01.13-23.40.19:619][561]LogEditorActor: Deleted 1 Actors (0.016 secs)
[2016.01.13-23.40.22:839][634]LogEditorActor: Deleted Actor: BP_Wall_C
[2016.01.13-23.40.22:839][634]LogEditorActor: Deleted Actor: BP_Wall_C
[2016.01.13-23.40.22:839][634]LogEditorActor: Deleted Actor: BP_Wall_C
[2016.01.13-23.40.22:839][634]LogEditorActor: Deleted Actor: BP_Wall_C
[2016.01.13-23.40.22:852][634]LogEditorActor: Deleted 4 Actors (1.250 secs)
[2016.01.13-23.40.28:806][839]Cmd: DELETE
[2016.01.13-23.40.28:806][839]Cmd: ACTOR DELETE
[2016.01.13-23.40.28:807][839]LogEditorActor: Deleted Actor: KillZVolume
[2016.01.13-23.40.28:838][839]LogEditorActor: Deleted 1 Actors (0.032 secs)
[2016.01.13-23.40.29:531][866]LogEditorActor: Deleted Actor: PlayerStart
[2016.01.13-23.40.29:546][866]LogEditorActor: Deleted 1 Actors (0.015 secs)
[2016.01.13-23.40.30:034][881]LogEditorActor: Deleted Actor: AtmosphericFog
[2016.01.13-23.40.30:047][881]LogEditorActor: Deleted 1 Actors (0.014 secs)
[2016.01.13-23.40.35:710][ 22]LogEditorViewport: Clicking Background
[2016.01.13-23.40.37:571][ 96]Cmd: EDIT PASTE
[2016.01.13-23.41.29:980][ 96]LogNavigationPoint: PostEditMove Clear paths rebuilt
[2016.01.13-23.49.32:492][486]LogSavePackage: Save=3304.485596ms
[2016.01.13-23.49.32:492][486]LogSavePackage: Moving '../../../../../../Bibliothèques/Documents/Unreal Projects/ShadowerFall/Saved/Level3_Auto19530405C494FC54F81885A87C5BA9998.tmp' to '../../../../../../Bibliothèques/Documents/Unreal Projects/ShadowerFall/Saved/Autosaves/Game/FirstPersonBP/Maps/Level3_Auto1.umap'
[2016.01.13-23.49.32:494][486]LogSavePackage: Total save time: 3324.404906ms
[2016.01.13-23.49.32:494][486]LogSavePackage:Warning: Finished SavePackage ../../../../../../Bibliothèques/Documents/Unreal Projects/ShadowerFall/Saved/Autosaves/Game/FirstPersonBP/Maps/Level3_Auto1.umap
[2016.01.13-23.49.32:496][486]LogFileHelpers: Editor autosave (incl. sublevels) for '/Game/FirstPersonBP/Maps/Level3' took 3.409
[2016.01.13-23.49.32:496][486]LogFileHelpers: Editor autosave (incl. sublevels) for all levels took 3.409
[2016.01.14-00.10.29:433][262]LogEditorViewport: Clicking Background
[2016.01.14-00.10.34:532][417]LogEditorViewport: Clicking Background
[2016.01.14-00.10.35:551][442]LogPlayLevel: PlayLevel: No blueprints needed recompiling
[2016.01.14-00.10.35:551][442]PIE: New page: PIE session: Level3 (Jan 13, 2016, 2:10:35 PM)
[2016.01.14-00.10.35:551][442]LogPlayLevel: Creating play world package: /Game/FirstPersonBP/Maps/UEDPIE_0_Level3
[2016.01.14-00.10.35:871][442]LogPlayLevel: PIE: StaticDuplicateObject took: (0.319698s)
[2016.01.14-00.10.35:872][442]LogAIModule: Creating AISystem for world Level3
[2016.01.14-00.10.35:872][442]LogPlayLevel: PIE: World Init took: (0.001211s)
[2016.01.14-00.10.35:872][442]LogPlayLevel: PIE: Created PIE world by copying editor world from /Game/FirstPersonBP/Maps/Level3.Level3 to /Game/FirstPersonBP/Maps/UEDPIE_0_Level3.Level3 (0.321219s)
[2016.01.14-00.10.35:936][442]LogInit: XAudio2 using 'Haut-parleurs (Périphérique High Definition Audio)' : 2 channels at 44.1 kHz using 16 bits per sample (channel mask 0x3)
[2016.01.14-00.10.35:942][442]LogInit: FAudioDevice initialized.
[2016.01.14-00.10.36:053][442]LogLinker:Warning: Asset '../../../../../../Bibliothèques/Documents/Unreal Projects/ShadowerFall/Content/FirstPersonBP/Blueprints/FirstPersonHUD.uasset' has been saved with empty engine version. The asset will be loaded but may be incompatible.
[2016.01.14-00.10.36:100][442]LogWorld: Game class is 'FirstPersonGameMode_C'
[2016.01.14-00.10.36:133][442]LogWorld: Bringing World /Game/FirstPersonBP/Maps/UEDPIE_0_Level3.Level3 up for play (max tick rate 60) at 2016.01.13-19.10.36
[2016.01.14-00.10.36:133][442]LogActor:Warning: GameSession /Game/FirstPersonBP/Maps/UEDPIE_0_Level3.Level3:PersistentLevel.GameSession_0 has natively added scene component(s), but none of them were set as the actor's RootComponent - picking one arbitrarily
[2016.01.14-00.10.36:133][442]LogActor:Warning: GameNetworkManager /Game/FirstPersonBP/Maps/UEDPIE_0_Level3.Level3:PersistentLevel.GameNetworkManager_0 has natively added scene component(s), but none of them were set as the actor's RootComponent - picking one arbitrarily
[2016.01.14-00.10.36:138][442]LogWorld: Bringing up level for play took: 0.035589
[2016.01.14-00.10.36:143][442]PIE: Info Play in editor start time for /Game/FirstPersonBP/Maps/UEDPIE_0_Level3 -0.354
[2016.01.14-00.10.36:703][464]LogBlueprintUserMessages: [FirstPersonCharacter_C_6] 2
[2016.01.14-00.10.36:703][464]LogBlueprintUserMessages: [FirstPersonCharacter_C_6] 3
[2016.01.14-00.10.38:176][511]LogParticles: Destroying 0 GPU particle simulations for FXSystem 0x000000925A4F1300
[2016.01.14-00.10.47:228][622]LogSavePackage: Save=3289.862793ms
[2016.01.14-00.10.47:228][622]LogSavePackage: Moving '../../../../../../Bibliothèques/Documents/Unreal Projects/ShadowerFall/Saved/Level3B82D07C94D1491D6068E27BCCDC6675A.tmp' to '../../../../../../Bibliothèques/Documents/Unreal Projects/ShadowerFall/Content/FirstPersonBP/Maps/Level3.umap'
[2016.01.14-00.10.47:232][622]LogSavePackage: Total save time: 3312.267795ms
[2016.01.14-00.10.47:232][622]LogSavePackage:Warning: Finished SavePackage ../../../../../../Bibliothèques/Documents/Unreal Projects/ShadowerFall/Content/FirstPersonBP/Maps/Level3.umap
[2016.01.14-00.10.48:878][649]LogWindowsTextInputMethodSystem:Display: IME system now deactivated.
[2016.01.14-00.10.49:167][650]Cmd: QUIT_EDITOR
[2016.01.14-00.10.50:390][650]LogExit: Preparing to exit.
[2016.01.14-00.10.50:857][650]LogExit: Editor shut down
[2016.01.14-00.10.50:857][650]LogExit: Transaction tracking system shut down
[2016.01.14-00.10.50:859][650]LogParticles: Destroying 0 GPU particle simulations for FXSystem 0x000000922AB0F880
[2016.01.14-00.10.50:861][650]LogParticles: Destroying 0 GPU particle simulations for FXSystem 0x000000921E74F9C0
[2016.01.14-00.10.50:861][650]LogParticles: Destroying 0 GPU particle simulations for FXSystem 0x0000009229DCE840
[2016.01.14-00.10.50:861][650]LogParticles: Destroying 0 GPU particle simulations for FXSystem 0x000000922AA82AC0
[2016.01.14-00.10.50:862][650]LogParticles: Destroying 0 GPU particle simulations for FXSystem 0x0000009210A3CD60
[2016.01.14-00.10.51:023][650]LogExit: Object subsystem successfully closed.
[2016.01.14-00.10.51:063][650]LogD3D11RHI: Shutdown
[2016.01.14-00.10.51:063][650]LogD3D11RHI: CleanupD3DDevice
[2016.01.14-00.10.51:135][650]LogD3D11RHI: ~FD3D11DynamicRHI
[2016.01.14-00.10.51:158][650]LogModuleManager: Shutting down and abandoning module CrashTracker (197)
[2016.01.14-00.10.51:158][650]LogModuleManager: Shutting down and abandoning module SceneOutliner (196)
[2016.01.14-00.10.51:158][650]LogModuleManager: Shutting down and abandoning module SuperSearch (195)
[2016.01.14-00.10.51:158][650]LogModuleManager: Shutting down and abandoning module WidgetCarousel (194)
[2016.01.14-00.10.51:158][650]LogModuleManager: Shutting down and abandoning module AddContentDialog (193)
[2016.01.14-00.10.51:161][650]LogModuleManager: Shutting down and abandoning module EditorWidgets (192)
[2016.01.14-00.10.51:161][650]LogModuleManager: Shutting down and abandoning module CollectionManager (191)
[2016.01.14-00.10.51:161][650]LogModuleManager: Shutting down and abandoning module StatsViewer (190)
[2016.01.14-00.10.51:161][650]LogModuleManager: Shutting down and abandoning module FoliageEdit (189)
[2016.01.14-00.10.51:161][650]LogModuleManager: Shutting down and abandoning module LandscapeEditor (188)
[2016.01.14-00.10.51:161][650]LogModuleManager: Shutting down and abandoning module ActorPickerMode (187)
[2016.01.14-00.10.51:161][650]LogModuleManager: Shutting down and abandoning module GeometryMode (186)
[2016.01.14-00.10.51:161][650]LogModuleManager: Shutting down and abandoning module TextureAlignMode (185)
[2016.01.14-00.10.51:161][650]LogModuleManager: Shutting down and abandoning module BspMode (184)
[2016.01.14-00.10.51:161][650]LogModuleManager: Shutting down and abandoning module PlacementMode (183)
[2016.01.14-00.10.51:161][650]LogModuleManager: Shutting down and abandoning module AutomationWorker (182)
[2016.01.14-00.10.51:161][650]LogModuleManager: Shutting down and abandoning module CharacterAI (181)
[2016.01.14-00.10.51:161][650]LogModuleManager: Shutting down and abandoning module SmartSnapping (180)
[2016.01.14-00.10.51:161][650]LogModuleManager: Shutting down and abandoning module ViewportSnapping (179)
[2016.01.14-00.10.51:161][650]LogModuleManager: Shutting down and abandoning module LogVisualizer (178)
[2016.01.14-00.10.51:161][650]LogModuleManager: Shutting down and abandoning module GameProjectGeneration (177)
[2016.01.14-00.10.51:161][650]LogModuleManager: Shutting down and abandoning module IntroTutorials (176)
[2016.01.14-00.10.51:161][650]LogModuleManager: Shutting down and abandoning module EditorLiveStreaming (175)
[2016.01.14-00.10.51:161][650]LogModuleManager: Shutting down and abandoning module IOSPlatformEditor (174)
[2016.01.14-00.10.51:161][650]LogModuleManager: Shutting down and abandoning module HTML5PlatformEditor (173)
[2016.01.14-00.10.51:162][650]LogModuleManager: Shutting down and abandoning module AndroidDeviceDetection (172)
[2016.01.14-00.10.51:890][650]LogModuleManager: Shutting down and abandoning module AndroidPlatformEditor (171)
[2016.01.14-00.10.51:890][650]LogModuleManager: Shutting down and abandoning module IOSRuntimeSettings (170)
[2016.01.14-00.10.51:890][650]LogModuleManager: Shutting down and abandoning module AndroidRuntimeSettings (169)
[2016.01.14-00.10.51:890][650]LogModuleManager: Shutting down and abandoning module MergeActors (168)
[2016.01.14-00.10.51:890][650]LogModuleManager: Shutting down and abandoning module SizeMap (167)
[2016.01.14-00.10.51:890][650]LogModuleManager: Shutting down and abandoning module TreeMap (166)
[2016.01.14-00.10.51:890][650]LogModuleManager: Shutting down and abandoning module ReferenceViewer (165)
[2016.01.14-00.10.51:890][650]LogModuleManager: Shutting down and abandoning module LocalizationService (164)
[2016.01.14-00.10.51:890][650]LogModuleManager: Shutting down and abandoning module LocalizationDashboard (163)
[2016.01.14-00.10.51:890][650]LogModuleManager: Shutting down and abandoning module HardwareTargeting (162)
[2016.01.14-00.10.51:890][650]LogModuleManager: Shutting down and abandoning module DeviceProfileEditor (161)
[2016.01.14-00.10.51:890][650]LogModuleManager: Shutting down and abandoning module UndoHistory (160)
[2016.01.14-00.10.51:890][650]LogModuleManager: Shutting down and abandoning module GameplayTagsEditor (159)
[2016.01.14-00.10.51:890][650]LogModuleManager: Shutting down and abandoning module UserFeedback (158)
[2016.01.14-00.10.51:890][650]LogModuleManager: Shutting down and abandoning module XmlParser (157)
[2016.01.14-00.10.51:890][650]LogModuleManager: Shutting down and abandoning module Blutility (156)
[2016.01.14-00.10.51:890][650]LogModuleManager: Shutting down and abandoning module ProjectTargetPlatformEditor (155)
[2016.01.14-00.10.51:890][650]LogModuleManager: Shutting down and abandoning module ProjectSettingsViewer (154)
[2016.01.14-00.10.51:890][650]LogModuleManager: Shutting down and abandoning module InputBindingEditor (153)
[2016.01.14-00.10.51:890][650]LogModuleManager: Shutting down and abandoning module EditorSettingsViewer (152)
[2016.01.14-00.10.51:890][650]LogModuleManager: Shutting down and abandoning module SettingsEditor (151)
[2016.01.14-00.10.51:890][650]LogModuleManager: Shutting down and abandoning module ProjectLauncher (150)
[2016.01.14-00.10.51:890][650]LogModuleManager: Shutting down and abandoning module SessionFrontend (149)
[2016.01.14-00.10.51:890][650]LogModuleManager: Shutting down and abandoning module ProfilerClient (148)
[2016.01.14-00.10.51:890][650]LogModuleManager: Shutting down and abandoning module TargetDeviceServices (147)
[2016.01.14-00.10.51:891][650]LogModuleManager: Shutting down and abandoning module DeviceManager (146)
[2016.01.14-00.10.51:891][650]LogModuleManager: Shutting down and abandoning module AutomationController (145)
[2016.01.14-00.10.51:891][650]LogModuleManager: Shutting down and abandoning module AutomationWindow (144)
[2016.01.14-00.10.51:891][650]LogModuleManager: Shutting down and abandoning module Layers (143)
[2016.01.14-00.10.51:891][650]LogModuleManager: Shutting down and abandoning module ComponentVisualizers (142)
[2016.01.14-00.10.51:891][650]LogModuleManager: Shutting down and abandoning module DetailCustomizations (141)
[2016.01.14-00.10.51:891][650]LogModuleManager: Shutting down and abandoning module PackagesDialog (140)
[2016.01.14-00.10.51:891][650]LogModuleManager: Shutting down and abandoning module Persona (139)
[2016.01.14-00.10.51:891][650]LogModuleManager: Shutting down and abandoning module Kismet (138)
[2016.01.14-00.10.51:891][650]LogModuleManager: Shutting down and abandoning module GraphEditor (137)
[2016.01.14-00.10.51:891][650]LogModuleManager: Shutting down and abandoning module ClassViewer (136)
[2016.01.14-00.10.51:891][650]LogModuleManager: Shutting down and abandoning module Toolbox (135)
[2016.01.14-00.10.51:891][650]LogModuleManager: Shutting down and abandoning module ModuleUI (134)
[2016.01.14-00.10.51:891][650]LogModuleManager: Shutting down and abandoning module MovieSceneTools (133)
[2016.01.14-00.10.51:891][650]LogModuleManager: Shutting down and abandoning module OutputLog (132)
[2016.01.14-00.10.51:891][650]LogModuleManager: Shutting down and abandoning module GammaUI (131)
[2016.01.14-00.10.51:891][650]LogModuleManager: Shutting down and abandoning module Documentation (130)
[2016.01.14-00.10.51:891][650]LogModuleManager: Shutting down and abandoning module GameLiveStreaming (129)
[2016.01.14-00.10.51:891][650]LogModuleManager: Shutting down and abandoning module StreamingPauseRendering (128)
[2016.01.14-00.10.51:891][650]LogModuleManager: Shutting down and abandoning module AnalyticsET (127)
[2016.01.14-00.10.51:891][650]LogModuleManager: Shutting down and abandoning module Analytics (126)
[2016.01.14-00.10.51:891][650]LogModuleManager: Shutting down and abandoning module AITestSuite (125)
[2016.01.14-00.10.51:891][650]LogModuleManager: Shutting down and abandoning module GameplayDebugger (124)
[2016.01.14-00.10.51:891][650]LogModuleManager: Shutting down and abandoning module AIModule (123)
[2016.01.14-00.10.51:891][650]LogModuleManager: Shutting down and abandoning module ProfilerService (122)
[2016.01.14-00.10.52:117][650]LogModuleManager: Shutting down and abandoning module TaskGraph (121)
[2016.01.14-00.10.52:117][650]LogModuleManager: Shutting down and abandoning module SlateRemote (120)
[2016.01.14-00.10.52:117][650]LogModuleManager: Shutting down and abandoning module SteamVRController (119)
[2016.01.14-00.10.52:117][650]LogModuleManager: Shutting down and abandoning module SteamVR (118)
[2016.01.14-00.10.52:117][650]LogModuleManager: Shutting down and abandoning module ProceduralMeshComponent (117)
[2016.01.14-00.10.52:117][650]LogModuleManager: Shutting down and abandoning module OculusRift (116)
[2016.01.14-00.10.52:117][650]LogModuleManager: Shutting down and abandoning module OculusLibrary (115)
[2016.01.14-00.10.52:117][650]LogModuleManager: Shutting down and abandoning module LeapMotionController (114)
[2016.01.14-00.10.52:130][650]LogModuleManager: Shutting down and abandoning module CustomMeshComponent (113)
[2016.01.14-00.10.52:130][650]LogModuleManager: Shutting down and abandoning module CableComponent (112)
[2016.01.14-00.10.52:130][650]LogModuleManager: Shutting down and abandoning module ArchVisCharacter (111)
[2016.01.14-00.10.52:130][650]LogModuleManager: Shutting down and abandoning module MessagingDebugger (110)
[2016.01.14-00.10.52:130][650]LogModuleManager: Shutting down and abandoning module MediaPlayerEditor (109)
[2016.01.14-00.10.52:130][650]LogModuleManager: Shutting down and abandoning module HTML5Networking (108)
[2016.01.14-00.10.52:130][650]LogModuleManager: Shutting down and abandoning module SpeedTreeImporter (107)
[2016.01.14-00.10.52:130][650]LogModuleManager: Shutting down and abandoning module PluginBrowser (106)
[2016.01.14-00.10.52:130][650]LogModuleManager: Shutting down and abandoning module EpicSurvey (105)
[2016.01.14-00.10.52:130][650]LogModuleManager: Shutting down and abandoning module DesktopPlatform (104)
[2016.01.14-00.10.52:130][650]LogModuleManager: Shutting down and abandoning module VisualStudioSourceCodeAccess (103)
[2016.01.14-00.10.52:130][650]LogModuleManager: Shutting down and abandoning module UObjectPlugin (102)
[2016.01.14-00.10.52:130][650]LogModuleManager: Shutting down and abandoning module SubversionSourceControl (101)
[2016.01.14-00.10.52:130][650]LogModuleManager: Shutting down and abandoning module PerforceSourceControl (100)
[2016.01.14-00.10.52:130][650]LogModuleManager: Shutting down and abandoning module SourceControl (99)
[2016.01.14-00.10.52:130][650]LogModuleManager: Shutting down and abandoning module GitSourceControl (98)
[2016.01.14-00.10.52:130][650]LogModuleManager: Shutting down and abandoning module LightPropagationVolumeEditor (97)
[2016.01.14-00.10.52:130][650]LogModuleManager: Shutting down and abandoning module PaperTiledImporter (96)
[2016.01.14-00.10.52:130][650]LogModuleManager: Shutting down and abandoning module PaperSpriteSheetImporter (95)
[2016.01.14-00.10.52:130][650]LogModuleManager: Shutting down and abandoning module MeshPaint (94)
[2016.01.14-00.10.52:131][650]LogModuleManager: Shutting down and abandoning module SlateReflector (93)
[2016.01.14-00.10.52:131][650]LogModuleManager: Shutting down and abandoning module HotReload (92)
[2016.01.14-00.10.52:131][650]LogModuleManager: Shutting down and abandoning module MainFrame (91)
[2016.01.14-00.10.52:131][650]LogModuleManager: Shutting down and abandoning module LevelEditor (90)
[2016.01.14-00.10.52:132][650]LogModuleManager: Shutting down and abandoning module DirectoryWatcher (89)
[2016.01.14-00.10.52:133][650]LogModuleManager: Shutting down and abandoning module AssetRegistry (88)
[2016.01.14-00.10.52:233][650]LogModuleManager: Shutting down and abandoning module ContentBrowser (87)
[2016.01.14-00.10.52:234][650]LogModuleManager: Shutting down and abandoning module Paper2DEditor (86)
[2016.01.14-00.10.52:234][650]LogModuleManager: Shutting down and abandoning module UdpMessaging (85)
[2016.01.14-00.10.52:335][650]LogModuleManager: Shutting down and abandoning module LightPropagationVolumeRuntime (84)
[2016.01.14-00.10.52:335][650]LogModuleManager: Shutting down and abandoning module Paper2D (83)
[2016.01.14-00.10.52:335][650]LogModuleManager: Shutting down and abandoning module WindowsMoviePlayer (82)
[2016.01.14-00.10.52:338][650]LogModuleManager: Shutting down and abandoning module Media (81)
[2016.01.14-00.10.52:338][650]LogModuleManager: Shutting down and abandoning module WmfMedia (80)
[2016.01.14-00.10.52:338][650]LogModuleManager: Shutting down and abandoning module OnlineBlueprintSupport (79)
[2016.01.14-00.10.52:338][650]LogModuleManager: Shutting down and abandoning module GameplayTasksEditor (78)
[2016.01.14-00.10.52:338][650]LogModuleManager: Shutting down and abandoning module PropertyEditor (77)
[2016.01.14-00.10.52:338][650]LogModuleManager: Shutting down and abandoning module BehaviorTreeEditor (76)
[2016.01.14-00.10.52:338][650]LogModuleManager: Shutting down and abandoning module FunctionalTesting (75)
[2016.01.14-00.10.52:338][650]LogModuleManager: Shutting down and abandoning module CollisionAnalyzer (74)
[2016.01.14-00.10.52:338][650]LogModuleManager: Shutting down and abandoning module WorkspaceMenuStructure (73)
[2016.01.14-00.10.52:338][650]LogModuleManager: Shutting down and abandoning module MessageLog (72)
[2016.01.14-00.10.52:338][650]LogModuleManager: Shutting down and abandoning module Sequencer (71)
[2016.01.14-00.10.52:338][650]LogModuleManager: Shutting down and abandoning module AssetTools (70)
[2016.01.14-00.10.52:338][650]LogModuleManager: Shutting down and abandoning module UMGEditor (69)
[2016.01.14-00.10.52:338][650]LogModuleManager: Shutting down and abandoning module UMG (68)
[2016.01.14-00.10.52:338][650]LogModuleManager: Shutting down and abandoning module Slate (67)
[2016.01.14-00.10.52:338][650]LogModuleManager: Shutting down and abandoning module EditorStyle (66)
[2016.01.14-00.10.52:340][650]LogModuleManager: Shutting down and abandoning module SessionServices (65)
[2016.01.14-00.10.52:340][650]LogModuleManager: Shutting down and abandoning module SourceCodeAccess (64)
[2016.01.14-00.10.52:340][650]LogModuleManager: Shutting down and abandoning module HeadMountedDisplay (63)
[2016.01.14-00.10.52:340][650]LogModuleManager: Shutting down and abandoning module XAudio2 (62)
[2016.01.14-00.10.52:340][650]LogModuleManager: Shutting down and abandoning module Networking (60)
[2016.01.14-00.10.52:340][650]LogModuleManager: Shutting down and abandoning module Core (59)
[2016.01.14-00.10.52:340][650]LogModuleManager: Shutting down and abandoning module KismetCompiler (58)
[2016.01.14-00.10.52:340][650]LogModuleManager: Shutting down and abandoning module PhysXFormats (57)
[2016.01.14-00.10.52:340][650]LogModuleManager: Shutting down and abandoning module MeshUtilities (56)
[2016.01.14-00.10.52:340][650]LogModuleManager: Shutting down and abandoning module CookingStats (55)
[2016.01.14-00.10.52:402][650]LogModuleManager: Shutting down and abandoning module DerivedDataCache (54)
[2016.01.14-00.10.52:498][650]LogDerivedDataCache: Shutdown
[2016.01.14-00.10.52:498][650]LogModuleManager: Shutting down and abandoning module ShaderFormatOpenGL (53)
[2016.01.14-00.10.52:498][650]LogModuleManager: Shutting down and abandoning module ShaderFormatD3D (52)
[2016.01.14-00.10.52:498][650]LogModuleManager: Shutting down and abandoning module MetalShaderFormat (51)
[2016.01.14-00.10.52:498][650]LogModuleManager: Shutting down and abandoning module TextureFormatUncompressed (50)
[2016.01.14-00.10.52:498][650]LogModuleManager: Shutting down and abandoning module TextureFormatPVR (49)
[2016.01.14-00.10.52:498][650]LogModuleManager: Shutting down and abandoning module TextureFormatIntelISPCTexComp (48)
[2016.01.14-00.10.52:498][650]LogModuleManager: Shutting down and abandoning module TextureFormatDXT (47)
[2016.01.14-00.10.52:498][650]LogModuleManager: Shutting down and abandoning module ImageWrapper (46)
[2016.01.14-00.10.52:498][650]LogModuleManager: Shutting down and abandoning module TextureFormatASTC (45)
[2016.01.14-00.10.52:498][650]LogModuleManager: Shutting down and abandoning module TextureFormatAndroid (44)
[2016.01.14-00.10.52:498][650]LogModuleManager: Shutting down and abandoning module AudioFormatOpus (43)
[2016.01.14-00.10.52:498][650]LogModuleManager: Shutting down and abandoning module AudioFormatOgg (42)
[2016.01.14-00.10.52:498][650]LogModuleManager: Shutting down and abandoning module AudioFormatADPCM (41)
[2016.01.14-00.10.52:498][650]LogModuleManager: Shutting down and abandoning module LinuxTargetPlatform (40)
[2016.01.14-00.10.52:498][650]LogModuleManager: Shutting down and abandoning module LinuxServerTargetPlatform (39)
[2016.01.14-00.10.52:498][650]LogModuleManager: Shutting down and abandoning module LinuxNoEditorTargetPlatform (38)
[2016.01.14-00.10.52:498][650]LogModuleManager: Shutting down and abandoning module Messaging (37)
[2016.01.14-00.10.52:498][650]LogModuleManager: Shutting down and abandoning module IOSTargetPlatform (36)
[2016.01.14-00.10.52:498][650]LogModuleManager: Shutting down and abandoning module HTML5TargetPlatform (35)
[2016.01.14-00.10.52:498][650]LogModuleManager: Shutting down and abandoning module Android_PVRTCTargetPlatform (34)
[2016.01.14-00.10.52:498][650]LogModuleManager: Shutting down and abandoning module Android_ETC2TargetPlatform (33)
[2016.01.14-00.10.52:498][650]LogModuleManager: Shutting down and abandoning module Android_ETC1TargetPlatform (32)
[2016.01.14-00.10.52:498][650]LogModuleManager: Shutting down and abandoning module Android_DXTTargetPlatform (31)
[2016.01.14-00.10.52:498][650]LogModuleManager: Shutting down and abandoning module Android_ATCTargetPlatform (30)
[2016.01.14-00.10.52:498][650]LogModuleManager: Shutting down and abandoning module Android_ASTCTargetPlatform (29)
[2016.01.14-00.10.52:498][650]LogModuleManager: Shutting down and abandoning module AndroidTargetPlatform (28)
[2016.01.14-00.10.52:498][650]LogModuleManager: Shutting down and abandoning module WindowsTargetPlatform (27)
[2016.01.14-00.10.52:498][650]LogModuleManager: Shutting down and abandoning module WindowsServerTargetPlatform (26)
[2016.01.14-00.10.52:499][650]LogModuleManager: Shutting down and abandoning module WindowsNoEditorTargetPlatform (25)
[2016.01.14-00.10.52:499][650]LogModuleManager: Shutting down and abandoning module WindowsClientTargetPlatform (24)
[2016.01.14-00.10.52:499][650]LogModuleManager: Shutting down and abandoning module AllDesktopTargetPlatform (23)
[2016.01.14-00.10.52:499][650]LogModuleManager: Shutting down and abandoning module TargetPlatform (22)
[2016.01.14-00.10.52:499][650]LogModuleManager: Shutting down and abandoning module InputCore (21)
[2016.01.14-00.10.52:499][650]LogModuleManager: Shutting down and abandoning module Settings (20)
[2016.01.14-00.10.52:499][650]LogModuleManager: Shutting down and abandoning module OnlineSubsystem (18)
[2016.01.14-00.10.52:499][650]LogModuleManager: Shutting down and abandoning module HTTP (17)
[2016.01.14-00.10.53:500][650]LogModuleManager: Shutting down and abandoning module XMPP (16)
[2016.01.14-00.10.53:500][650]LogModuleManager: Shutting down and abandoning module ExampleDeviceProfileSelector (15)
[2016.01.14-00.10.53:500][650]LogModuleManager: Shutting down and abandoning module TextureCompressor (14)
[2016.01.14-00.10.53:500][650]LogModuleManager: Shutting down and abandoning module ShaderCore (13)
[2016.01.14-00.10.53:500][650]LogModuleManager: Shutting down and abandoning module Landscape (12)
[2016.01.14-00.10.53:500][650]LogModuleManager: Shutting down and abandoning module SlateRHIRenderer (11)
[2016.01.14-00.10.53:502][650]LogModuleManager: Shutting down and abandoning module OpenGLDrv (10)
[2016.01.14-00.10.53:502][650]LogModuleManager: Shutting down and abandoning module D3D11RHI (9)
[2016.01.14-00.10.53:502][650]LogModuleManager: Shutting down and abandoning module AnimGraphRuntime (8)
[2016.01.14-00.10.53:502][650]LogModuleManager: Shutting down and abandoning module Renderer (7)
[2016.01.14-00.10.53:502][650]LogModuleManager: Shutting down and abandoning module Engine (6)
[2016.01.14-00.10.53:502][650]LogModuleManager: Shutting down and abandoning module CoreUObject (5)
[2016.01.14-00.10.53:502][650]LogModuleManager: Shutting down and abandoning module NetworkFile (4)
[2016.01.14-00.10.53:502][650]LogModuleManager: Shutting down and abandoning module StreamingFile (3)
[2016.01.14-00.10.53:502][650]LogModuleManager: Shutting down and abandoning module SandboxFile (2)
[2016.01.14-00.10.53:502][650]LogModuleManager: Shutting down and abandoning module PakFile (1)
[2016.01.14-00.10.53:502][650]LogExit: Exiting.
[2016.01.14-00.10.53:504][650]Log file closed, 01/13/16 19:10:53
