[2016.01.15-01.03.36:956][  0]Log file open, 01/14/16 20:03:36
[2016.01.15-01.03.36:956][  0]LogInit:Display: Running engine for game: ShadowFall
[2016.01.15-01.03.36:956][  0]LogInit:Display: RandInit(-515383283) SRandInit(-515383282).
[2016.01.15-01.03.36:956][  0]LogTaskGraph: Started task graph with 4 named threads and 7 total threads.
[2016.01.15-01.03.36:956][  0]LogStats: Stats thread started at 0.092921
[2016.01.15-01.03.36:956][  0]LogInit: Version: 4.9.2-2707645+++depot+UE4-Releases+4.9
[2016.01.15-01.03.36:956][  0]LogInit: API Version: 2672455
[2016.01.15-01.03.36:956][  0]LogInit: Compiled (64-bit): Sep 28 2015 10:25:44
[2016.01.15-01.03.36:956][  0]LogInit: Compiled with Visual C++: 18.00.21005.01
[2016.01.15-01.03.36:956][  0]LogInit: Build Configuration: Development
[2016.01.15-01.03.36:956][  0]LogInit: Branch Name: ++depot+UE4-Releases+4.9
[2016.01.15-01.03.36:956][  0]LogInit: Command line:  
[2016.01.15-01.03.36:956][  0]LogInit: Base directory: D:/Program Files/Epic Games/4.9/Engine/Binaries/Win64/
[2016.01.15-01.03.36:956][  0]LogInit: Rocket: 1
[2016.01.15-01.03.37:121][  0]LogInit: Using libcurl 7.41.0
[2016.01.15-01.03.37:121][  0]LogInit:  - built for x86_64-pc-win32
[2016.01.15-01.03.37:121][  0]LogInit:  - supports SSL with WinSSL
[2016.01.15-01.03.37:121][  0]LogInit:  - other features:
[2016.01.15-01.03.37:121][  0]LogInit:      CURL_VERSION_SSL
[2016.01.15-01.03.37:121][  0]LogInit:      CURL_VERSION_IPV6
[2016.01.15-01.03.37:121][  0]LogInit:      CURL_VERSION_ASYNCHDNS
[2016.01.15-01.03.37:121][  0]LogInit:      CURL_VERSION_LARGEFILE
[2016.01.15-01.03.37:121][  0]LogInit:      CURL_VERSION_IDN
[2016.01.15-01.03.37:121][  0]LogInit:  CurlRequestOptions (configurable via config and command line):
[2016.01.15-01.03.37:121][  0]LogInit:  - bVerifyPeer = true  - Libcurl will verify peer certificate
[2016.01.15-01.03.37:121][  0]LogInit:  - bUseHttpProxy = false  - Libcurl will NOT use HTTP proxy
[2016.01.15-01.03.37:121][  0]LogInit:  - bDontReuseConnections = false  - Libcurl will reuse connections
[2016.01.15-01.03.37:121][  0]LogInit:  - CertBundlePath = nullptr  - Libcurl will use whatever was configured at build time.
[2016.01.15-01.03.37:129][  0]LogInit: Presizing for 0 objects not considered by GC, pre-allocating 0 bytes.
[2016.01.15-01.03.37:138][  0]LogInit: Object subsystem initialized
[2016.01.15-01.03.37:139][  0]LogInit: Selected Device Profile: [Windows]
[2016.01.15-01.03.37:139][  0]LogInit: Applying CVar settings loaded from the selected device profile: [Windows]
[2016.01.15-01.03.37:148][  0]LogInit: Computer: PCMAXIME
[2016.01.15-01.03.37:148][  0]LogInit: User: Maxime
[2016.01.15-01.03.37:148][  0]LogInit: CPU Page size=4096, Cores=4
[2016.01.15-01.03.37:148][  0]LogInit: High frequency timer resolution =2.338452 MHz
[2016.01.15-01.03.37:148][  0]LogMemory: Memory total: Physical=7.9GB (8GB approx)
[2016.01.15-01.03.37:148][  0]LogMemory: Platform Memory Stats for Windows
[2016.01.15-01.03.37:148][  0]LogMemory: Process Physical Memory: 55.79 MB used, 55.79 MB peak
[2016.01.15-01.03.37:148][  0]LogMemory: Process Virtual Memory: 58.91 MB used, 58.91 MB peak
[2016.01.15-01.03.37:148][  0]LogMemory: Physical Memory: 2478.38 MB used, 8123.55 MB total
[2016.01.15-01.03.37:148][  0]LogMemory: Virtual Memory: 353.92 MB used, 134217728.00 MB total
[2016.01.15-01.03.37:190][  0]LogTextLocalizationManager: No translations for ('fr-FR') exist, falling back to 'en' for localization and internationalization data.
[2016.01.15-01.03.37:889][  0]LogD3D11RHI: Found D3D11 adapter 0: AMD Radeon HD 7570M (Feature Level 11_0)
[2016.01.15-01.03.37:889][  0]LogD3D11RHI: Adapter has 1004MB of dedicated video memory, 0MB of dedicated system memory, and 3840MB of shared system memory, 1 output[s]
[2016.01.15-01.03.37:891][  0]LogD3D11RHI: Found D3D11 adapter 1: Microsoft Basic Render Driver (Feature Level 11_0)
[2016.01.15-01.03.37:891][  0]LogD3D11RHI: Adapter has 0MB of dedicated video memory, 0MB of dedicated system memory, and 4061MB of shared system memory, 0 output[s]
[2016.01.15-01.03.37:891][  0]LogD3D11RHI: Chosen D3D11 Adapter Id = 0
[2016.01.15-01.03.37:896][  0]LogD3D11RHI: !Direct3DDevice
[2016.01.15-01.03.37:896][  0]LogRHI: Texture pool is 702 MB (70% of 1004 MB)
[2016.01.15-01.03.37:903][  0]LogD3D11RHI: Async texture creation disabled: no driver support
[2016.01.15-01.03.37:915][  0]LogShaderCompilers: Guid format shader working directory is 15 characters bigger than the processId version (../../../../../../Bibliothèques/Documents/Unreal Projects/ShadowerFall/Intermediate/Shaders/WorkingDirectory/7416/).
[2016.01.15-01.03.37:915][  0]LogShaderCompilers: Cleaned the shader compiler working directory '../../../../../../Bibliothèques/Documents/Unreal Projects/ShadowerFall/Intermediate/Shaders/tmp/65BDF0A04B7F419E96F454B4175DF068/'.
[2016.01.15-01.03.37:915][  0]LogShaderCompilers:Display: Using Local Shader Compiler.
[2016.01.15-01.03.40:514][  0]LogTemp:Display: Loaded TP AllDesktopTargetPlatform
[2016.01.15-01.03.40:520][  0]LogTemp:Display: Loaded TP WindowsClientTargetPlatform
[2016.01.15-01.03.40:526][  0]LogTemp:Display: Loaded TP WindowsNoEditorTargetPlatform
[2016.01.15-01.03.40:532][  0]LogTemp:Display: Loaded TP WindowsServerTargetPlatform
[2016.01.15-01.03.40:537][  0]LogTemp:Display: Loaded TP WindowsTargetPlatform
[2016.01.15-01.03.40:541][  0]LogTemp:Display: Loaded TP AndroidTargetPlatform
[2016.01.15-01.03.40:545][  0]LogTemp:Display: Loaded TP Android_ASTCTargetPlatform
[2016.01.15-01.03.40:549][  0]LogTemp:Display: Loaded TP Android_ATCTargetPlatform
[2016.01.15-01.03.40:553][  0]LogTemp:Display: Loaded TP Android_DXTTargetPlatform
[2016.01.15-01.03.40:557][  0]LogTemp:Display: Loaded TP Android_ETC1TargetPlatform
[2016.01.15-01.03.40:561][  0]LogTemp:Display: Loaded TP Android_ETC2TargetPlatform
[2016.01.15-01.03.40:567][  0]LogTemp:Display: Loaded TP Android_PVRTCTargetPlatform
[2016.01.15-01.03.40:568][  0]LogTemp:Display: Loaded TP HTML5TargetPlatform
[2016.01.15-01.03.40:587][  0]LogTemp:Display: Loaded TP IOSTargetPlatform
[2016.01.15-01.03.40:591][  0]LogTemp:Display: Loaded TP LinuxNoEditorTargetPlatform
[2016.01.15-01.03.40:594][  0]LogTemp:Display: Loaded TP LinuxServerTargetPlatform
[2016.01.15-01.03.40:599][  0]LogTemp:Display: Loaded TP LinuxTargetPlatform
[2016.01.15-01.03.40:599][  0]LogTargetPlatformManager:Display: Building Assets For Windows
[2016.01.15-01.03.40:710][  0]LogDerivedDataCache:Display: Max Cache Size: 512 MB
[2016.01.15-01.03.42:541][  0]LogDerivedDataCache: Loaded boot cache 1.83s 41MB C:/Users/Maxime/AppData/Local/UnrealEngine/4.9/DerivedDataCache/Boot.ddc.
[2016.01.15-01.03.42:541][  0]LogDerivedDataCache:Display: Loaded Boot cache: C:/Users/Maxime/AppData/Local/UnrealEngine/4.9/DerivedDataCache/Boot.ddc
[2016.01.15-01.03.42:601][  0]LogDerivedDataCache: FDerivedDataBackendGraph:  Pak pak cache file ../../../../../../Bibliothèques/Documents/Unreal Projects/ShadowerFall/DerivedDataCache/DDC.ddp not found, will not use a pak cache.
[2016.01.15-01.03.42:601][  0]LogDerivedDataCache: Unable to find inner node Pak for hierarchical cache Hierarchy.
[2016.01.15-01.03.42:601][  0]LogDerivedDataCache: FDerivedDataBackendGraph:  CompressedPak pak cache file ../../../../../../Bibliothèques/Documents/Unreal Projects/ShadowerFall/DerivedDataCache/Compressed.ddp not found, will not use a pak cache.
[2016.01.15-01.03.42:601][  0]LogDerivedDataCache: Unable to find inner node CompressedPak for hierarchical cache Hierarchy.
[2016.01.15-01.03.43:015][  0]LogDerivedDataCache:Display: Pak cache opened for reading ../../../Engine/DerivedDataCache/Compressed.ddp.
[2016.01.15-01.03.43:037][  0]LogDerivedDataCache: Using Local data cache path C:/Users/Maxime/AppData/Local/UnrealEngine/Common/DerivedDataCache: Writable
[2016.01.15-01.03.54:334][  0]LogInit: Selected Device Profile: [Windows]
[2016.01.15-01.03.54:506][  0]LogContentStreaming: Texture pool size is 0.000000MB
[2016.01.15-01.03.55:990][  0]LogMeshUtilities: No automatic mesh reduction module available
[2016.01.15-01.03.55:990][  0]LogMeshUtilities: No automatic mesh merging module available
[2016.01.15-01.03.59:074][  0]LogInit: WinSock: version 1.1 (2.2), MaxSocks=32767, MaxUdp=65467
[2016.01.15-01.04.28:797][  0]UdpMessaging: Initializing bridge on interface 0.0.0.0:0 to multicast group 230.0.0.1:6666.
[2016.01.15-01.04.32:560][  0]LogAssetRegistry: FAssetRegistry took 0.0460 seconds to start up
[2016.01.15-01.04.41:982][  0]SourceControl: Info Source control is disabled
[2016.01.15-01.04.42:012][  0]SourceControl: Info Source control is disabled
[2016.01.15-01.04.42:532][  0]SourceControl: Info Source control is disabled
[2016.01.15-01.04.42:839][  0]SourceControl: Info Source control is disabled
[2016.01.15-01.04.48:571][  0]LogLinker:Warning: Asset '../../../Engine/Plugins/Runtime/LeapMotionController/Content/LM_PassthroughMaterial.uasset' has been saved with empty engine version. The asset will be loaded but may be incompatible.
[2016.01.15-01.04.50:219][  0]LogObj: 28361 objects as part of root set at end of initial load.
[2016.01.15-01.04.50:219][  0]LogUObjectAllocator: 6038872 out of 0 bytes used by permanent object pool.
[2016.01.15-01.04.50:887][  0]LogEngine: Initializing Engine...
[2016.01.15-01.04.50:910][  0]LogHMD: Can't find Oculus library dev build: is proper Runtime installed? Version: 0.7.0.0
[2016.01.15-01.04.50:974][  0]LogHMD: SteamVR failed to initialize.  Err: 110
[2016.01.15-01.04.52:021][  0]LogAIModule: Creating AISystem for world NewWorld
[2016.01.15-01.04.52:227][  0]LogInit: XAudio2 using 'Haut-parleurs (Périphérique High Definition Audio)' : 2 channels at 44.1 kHz using 16 bits per sample (channel mask 0x3)
[2016.01.15-01.04.52:243][  0]LogInit: FAudioDevice initialized.
[2016.01.15-01.04.52:265][  0]LogDerivedDataCache: Saved boot cache 0.02s 41MB C:/Users/Maxime/AppData/Local/UnrealEngine/4.9/DerivedDataCache/Boot.ddc.
[2016.01.15-01.04.52:269][  0]LogInit: Texture streaming: Enabled
[2016.01.15-01.04.53:826][  0]LogAnalytics: Creating configured Analytics provider AnalyticsET
[2016.01.15-01.04.53:827][  0]LogAnalytics: [UEEditor.Rocket.Release] APIServer = http://et2.epicgames.com/ET2/. AppVersion = 4.9.2-2707645+++depot+UE4-Releases+4.9
[2016.01.15-01.04.53:827][  0]LogAnalytics: [UEEditor.Rocket.Release] SetUserId 9a9effe84c4b08c90696e581cd7488a3|06ed4f6a0f4048debc1b07e05a99303a|05176c3f-19e8-4dc1-8202-ec95daad005f
[2016.01.15-01.04.53:950][  0]LogAnalytics: [UEEditor.Rocket.Release] AnalyticsET::StartSession
[2016.01.15-01.04.54:267][  0]LogInit: Transaction tracking system initialized
[2016.01.15-01.04.54:652][  0]BlueprintLog: New page: Editor Load
[2016.01.15-01.04.55:950][  0]LocalizationService: Info Localization service is disabled
[2016.01.15-01.04.57:542][  0]LogConsoleResponse:Display: 
[2016.01.15-01.05.00:706][  0]LogFileCache: Scanning file cache for directory 'D:/Bibliothèques/Documents/Unreal Projects/ShadowerFall/Content/' took 0.02s
[2016.01.15-01.05.00:706][  0]LogCook:Display: Done creating registry. It took  0.00s.
[2016.01.15-01.05.01:370][  0]SourceControl: Info Source control is disabled
[2016.01.15-01.05.01:401][  0]Cmd: MAP LOAD FILE="../../../../../../Bibliothèques/Documents/Unreal Projects/ShadowerFall/Content/FirstPersonBP/Maps/FirstPersonExampleMap.umap" TEMPLATE=0 SHOWPROGRESS=1 FEATURELEVEL=3
[2016.01.15-01.05.01:453][  0]LightingResults: New page: Lighting Build
[2016.01.15-01.05.01:695][  0]MapCheck: New page: Map Check
[2016.01.15-01.05.01:695][  0]LightingResults: New page: Lighting Build
[2016.01.15-01.05.01:986][  0]LogParticles: Destroying 0 GPU particle simulations for FXSystem 0x00000006DE86C400
[2016.01.15-01.05.02:450][  0]LogLinker:Warning: Asset '../../../../../../Bibliothèques/Documents/Unreal Projects/ShadowerFall/Content/FirstPerson/Meshes/FirstPersonProjectileMesh.uasset' has been saved with empty engine version. The asset will be loaded but may be incompatible.
[2016.01.15-01.05.11:067][  0]LogAIModule: Creating AISystem for world FirstPersonExampleMap
[2016.01.15-01.05.11:591][  0]LogEditorServer: Finished looking for orphan Actors (0.000 secs)
[2016.01.15-01.05.11:655][  0]Cmd: MAP CHECKDEP NOCLEARLOG
[2016.01.15-01.05.11:759][  0]MapCheck: Info Map check complete: 0 Error(s), 0 Warning(s), took 103.487ms to complete.
[2016.01.15-01.05.11:789][  0]LogFileHelpers: Loading map 'FirstPersonExampleMap' took 10.400
[2016.01.15-01.05.13:303][  0]LogCollectionManager: Loaded 0 collections in 0.002748 seconds
[2016.01.15-01.05.13:399][  0]LogFileCache: Scanning file cache for directory 'D:/Bibliothèques/Documents/Unreal Projects/ShadowerFall/Saved/Collections/' took 0.01s
[2016.01.15-01.05.13:399][  0]LogFileCache: Scanning file cache for directory 'D:/Bibliothèques/Documents/Unreal Projects/ShadowerFall/Content/Developers/Maxime/Collections/' took 0.01s
[2016.01.15-01.05.13:399][  0]LogFileCache: Scanning file cache for directory 'D:/Bibliothèques/Documents/Unreal Projects/ShadowerFall/Content/Collections/' took 0.01s
[2016.01.15-01.05.13:399][  0]LogContentBrowser: Native class hierarchy populated in 0.0231 seconds. Added 1867 classes and 333 folders.
[2016.01.15-01.05.13:472][  0]LogCollectionManager: Rebuilt the GUID cache for 0 collections in 0.000003 seconds
[2016.01.15-01.05.13:579][  0]LogContentBrowser: Native class hierarchy updated for 'WidgetCarousel' in 0.0005 seconds. Added 0 classes and 0 folders.
[2016.01.15-01.05.14:766][  0]LogContentBrowser: Native class hierarchy updated for 'AddContentDialog' in 0.0005 seconds. Added 0 classes and 0 folders.
[2016.01.15-01.05.15:023][  0]LogContentBrowser: Native class hierarchy updated for 'SceneOutliner' in 0.0006 seconds. Added 1 classes and 2 folders.
[2016.01.15-01.05.17:220][  0]LogCrashTracker: Crashtracker disabled due to settings.
[2016.01.15-01.05.17:447][  0]LogUObjectGlobals:Warning: Failed to find object 'Class None.'
[2016.01.15-01.05.17:525][  0]LogLoad: Full Startup: 101.53 seconds (BP compile: 1.40 seconds)
[2016.01.15-01.05.18:307][  0]LogContentStreaming: Texture pool size now 200 MB
[2016.01.15-01.05.18:926][  0]LogRenderer: Reallocating scene render targets to support 1252x668 (Frame:2).
[2016.01.15-01.05.20:166][ 12]LogAssetRegistry: Asset discovery search completed in 47.6198 seconds
[2016.01.15-01.05.20:167][ 12]LogCollectionManager: Rebuilt the object cache for 0 collections in 0.000001 seconds (found 0 objects)
[2016.01.15-01.05.20:167][ 12]LogCollectionManager: Fixed up redirectors for 0 collections in 0.000027 seconds (updated 0 objects)
[2016.01.15-01.05.30:473][272]LogBlueprintUserMessages: Early PlayInEditor Detection: Level '/Game/FirstPersonBP/Maps/FirstPersonExampleMap.FirstPersonExampleMap:PersistentLevel' has LevelScriptBlueprint '/Game/FirstPersonBP/Maps/FirstPersonExampleMap.FirstPersonExampleMap:PersistentLevel.FirstPersonExampleMap' with GeneratedClass '/Game/FirstPersonBP/Maps/FirstPersonExampleMap.FirstPersonExampleMap_C' with ClassGeneratedBy '/Game/FirstPersonBP/Maps/FirstPersonExampleMap.FirstPersonExampleMap:PersistentLevel.FirstPersonExampleMap'
[2016.01.15-01.05.30:474][272]LogPlayLevel: PlayLevel: No blueprints needed recompiling
[2016.01.15-01.05.30:485][272]PIE: New page: PIE session: FirstPersonExampleMap (Jan 14, 2016, 3:05:30 PM)
[2016.01.15-01.05.30:485][272]LogPlayLevel: Creating play world package: /Game/FirstPersonBP/Maps/UEDPIE_0_FirstPersonExampleMap
[2016.01.15-01.05.30:536][272]LogPlayLevel: PIE: StaticDuplicateObject took: (0.051162s)
[2016.01.15-01.05.30:537][272]LogAIModule: Creating AISystem for world FirstPersonExampleMap
[2016.01.15-01.05.30:537][272]LogPlayLevel: PIE: World Init took: (0.000823s)
[2016.01.15-01.05.30:552][272]LogPlayLevel: PIE: Created PIE world by copying editor world from /Game/FirstPersonBP/Maps/FirstPersonExampleMap.FirstPersonExampleMap to /Game/FirstPersonBP/Maps/UEDPIE_0_FirstPersonExampleMap.FirstPersonExampleMap (0.066887s)
[2016.01.15-01.05.30:552][272]LogActorComponent: UnregisterComponent: (/Engine/Transient.CharMoveComp) Not registered. Aborting.
[2016.01.15-01.05.30:552][272]LogActorComponent: UnregisterComponent: (/Engine/Transient.CharacterMovementComponent_0) Not registered. Aborting.
[2016.01.15-01.05.30:670][272]LogInit: XAudio2 using 'Haut-parleurs (Périphérique High Definition Audio)' : 2 channels at 44.1 kHz using 16 bits per sample (channel mask 0x3)
[2016.01.15-01.05.30:676][272]LogInit: FAudioDevice initialized.
[2016.01.15-01.05.30:989][272]LogWorld: Game class is 'FirstPersonGameMode_C'
[2016.01.15-01.05.31:036][272]LogWorld:Warning: *** WARNING - PATHS MAY NOT BE VALID ***
[2016.01.15-01.05.31:036][272]LogWorld: Bringing World /Game/FirstPersonBP/Maps/UEDPIE_0_FirstPersonExampleMap.FirstPersonExampleMap up for play (max tick rate 60) at 2016.01.14-20.05.31
[2016.01.15-01.05.31:036][272]LogActor:Warning: GameSession /Game/FirstPersonBP/Maps/UEDPIE_0_FirstPersonExampleMap.FirstPersonExampleMap:PersistentLevel.GameSession_0 has natively added scene component(s), but none of them were set as the actor's RootComponent - picking one arbitrarily
[2016.01.15-01.05.31:046][272]LogActor:Warning: GameNetworkManager /Game/FirstPersonBP/Maps/UEDPIE_0_FirstPersonExampleMap.FirstPersonExampleMap:PersistentLevel.GameNetworkManager_0 has natively added scene component(s), but none of them were set as the actor's RootComponent - picking one arbitrarily
[2016.01.15-01.05.31:123][272]LogWorld: Bringing up level for play took: 0.111751
[2016.01.15-01.05.31:238][272]PIE: Info Play in editor start time for /Game/FirstPersonBP/Maps/UEDPIE_0_FirstPersonExampleMap 1.62
[2016.01.15-01.05.31:238][272]LogBlueprintUserMessages: Late PlayInEditor Detection: Level '/Game/FirstPersonBP/Maps/FirstPersonExampleMap.FirstPersonExampleMap:PersistentLevel' has LevelScriptBlueprint '/Game/FirstPersonBP/Maps/FirstPersonExampleMap.FirstPersonExampleMap:PersistentLevel.FirstPersonExampleMap' with GeneratedClass '/Game/FirstPersonBP/Maps/FirstPersonExampleMap.FirstPersonExampleMap_C' with ClassGeneratedBy '/Game/FirstPersonBP/Maps/FirstPersonExampleMap.FirstPersonExampleMap:PersistentLevel.FirstPersonExampleMap'
[2016.01.15-01.05.31:253][272]LogBlueprintUserMessages: [Tourelle_167] VIsible
[2016.01.15-01.05.31:451][273]LogBlueprintUserMessages: [Tourelle_167] VIsible
[2016.01.15-01.05.31:475][274]LogBlueprintUserMessages: [Tourelle_167] VIsible
[2016.01.15-01.05.31:491][275]LogBlueprintUserMessages: [Tourelle_167] VIsible
[2016.01.15-01.05.31:524][276]LogBlueprintUserMessages: [Tourelle_167] VIsible
[2016.01.15-01.05.31:552][277]LogBlueprintUserMessages: [Tourelle_167] VIsible
[2016.01.15-01.05.31:574][278]LogBlueprintUserMessages: [Tourelle_167] VIsible
[2016.01.15-01.05.31:614][279]LogBlueprintUserMessages: [Tourelle_167] VIsible
[2016.01.15-01.05.31:630][280]LogBlueprintUserMessages: [Tourelle_167] VIsible
[2016.01.15-01.05.31:658][281]LogBlueprintUserMessages: [Tourelle_167] VIsible
[2016.01.15-01.05.31:679][282]LogBlueprintUserMessages: [Tourelle_167] VIsible
[2016.01.15-01.05.31:707][283]LogBlueprintUserMessages: [Tourelle_167] VIsible
[2016.01.15-01.05.31:734][284]LogBlueprintUserMessages: [Tourelle_167] VIsible
[2016.01.15-01.05.31:751][285]LogBlueprintUserMessages: [Tourelle_167] VIsible
[2016.01.15-01.05.31:767][286]LogBlueprintUserMessages: [Tourelle_167] VIsible
[2016.01.15-01.05.31:794][287]LogBlueprintUserMessages: [Tourelle_167] VIsible
[2016.01.15-01.05.31:821][288]LogBlueprintUserMessages: [Tourelle_167] VIsible
[2016.01.15-01.05.31:848][289]LogBlueprintUserMessages: [Tourelle_167] VIsible
[2016.01.15-01.05.31:877][290]LogBlueprintUserMessages: [Tourelle_167] VIsible
[2016.01.15-01.05.31:898][291]LogBlueprintUserMessages: [Tourelle_167] VIsible
[2016.01.15-01.05.31:920][292]LogBlueprintUserMessages: [Tourelle_167] VIsible
[2016.01.15-01.05.31:948][293]LogBlueprintUserMessages: [Tourelle_167] VIsible
[2016.01.15-01.05.31:976][294]LogBlueprintUserMessages: [Tourelle_167] VIsible
[2016.01.15-01.05.31:998][295]LogBlueprintUserMessages: [Tourelle_167] VIsible
[2016.01.15-01.05.32:020][296]LogBlueprintUserMessages: [Tourelle_167] VIsible
[2016.01.15-01.05.32:047][297]LogBlueprintUserMessages: [Tourelle_167] VIsible
[2016.01.15-01.05.32:069][298]LogBlueprintUserMessages: [Tourelle_167] VIsible
[2016.01.15-01.05.32:097][299]LogBlueprintUserMessages: [Tourelle_167] VIsible
[2016.01.15-01.05.32:124][300]LogBlueprintUserMessages: [Tourelle_167] VIsible
[2016.01.15-01.05.32:151][301]LogBlueprintUserMessages: [Tourelle_167] VIsible
[2016.01.15-01.05.32:173][302]LogBlueprintUserMessages: [Tourelle_167] VIsible
[2016.01.15-01.05.32:201][303]LogBlueprintUserMessages: [Tourelle_167] VIsible
[2016.01.15-01.05.32:223][304]LogBlueprintUserMessages: [Tourelle_167] VIsible
[2016.01.15-01.05.32:250][305]LogBlueprintUserMessages: [Tourelle_167] VIsible
[2016.01.15-01.05.32:272][306]LogBlueprintUserMessages: [Tourelle_167] VIsible
[2016.01.15-01.05.32:302][307]LogBlueprintUserMessages: [Tourelle_167] VIsible
[2016.01.15-01.05.32:322][308]LogBlueprintUserMessages: [Tourelle_167] VIsible
[2016.01.15-01.05.32:349][309]LogBlueprintUserMessages: [Tourelle_167] VIsible
[2016.01.15-01.05.32:374][310]LogBlueprintUserMessages: [Tourelle_167] VIsible
[2016.01.15-01.05.32:401][311]LogBlueprintUserMessages: [Tourelle_167] VIsible
[2016.01.15-01.05.32:423][312]LogBlueprintUserMessages: [Tourelle_167] VIsible
[2016.01.15-01.05.32:451][313]LogBlueprintUserMessages: [Tourelle_167] VIsible
[2016.01.15-01.05.32:473][314]LogBlueprintUserMessages: [Tourelle_167] VIsible
[2016.01.15-01.05.32:500][315]LogBlueprintUserMessages: [Tourelle_167] VIsible
[2016.01.15-01.05.32:523][316]LogBlueprintUserMessages: [Tourelle_167] VIsible
[2016.01.15-01.05.32:550][317]LogBlueprintUserMessages: [Tourelle_167] VIsible
[2016.01.15-01.05.32:575][318]LogBlueprintUserMessages: [Tourelle_167] VIsible
[2016.01.15-01.05.32:602][319]LogBlueprintUserMessages: [Tourelle_167] VIsible
[2016.01.15-01.05.32:737][320]LogBlueprintUserMessages: [Tourelle_167] VIsible
[2016.01.15-01.05.32:765][321]LogBlueprintUserMessages: [Tourelle_167] VIsible
[2016.01.15-01.05.32:786][322]LogBlueprintUserMessages: [Tourelle_167] VIsible
[2016.01.15-01.05.32:808][323]LogBlueprintUserMessages: [Tourelle_167] VIsible
[2016.01.15-01.05.32:835][324]LogBlueprintUserMessages: [Tourelle_167] VIsible
[2016.01.15-01.05.32:865][325]LogBlueprintUserMessages: [Tourelle_167] VIsible
[2016.01.15-01.05.32:891][326]LogBlueprintUserMessages: [Tourelle_167] VIsible
[2016.01.15-01.05.32:919][327]LogBlueprintUserMessages: [Tourelle_167] VIsible
[2016.01.15-01.05.32:948][328]LogBlueprintUserMessages: [Tourelle_167] VIsible
[2016.01.15-01.05.32:973][329]LogBlueprintUserMessages: [Tourelle_167] VIsible
[2016.01.15-01.05.32:995][330]LogBlueprintUserMessages: [Tourelle_167] VIsible
[2016.01.15-01.05.33:022][331]LogBlueprintUserMessages: [Tourelle_167] VIsible
[2016.01.15-01.05.33:050][332]LogBlueprintUserMessages: [Tourelle_167] VIsible
[2016.01.15-01.05.33:071][333]LogBlueprintUserMessages: [Tourelle_167] VIsible
[2016.01.15-01.05.33:098][334]LogBlueprintUserMessages: [Tourelle_167] VIsible
[2016.01.15-01.05.33:125][335]LogBlueprintUserMessages: [Tourelle_167] Caché
[2016.01.15-01.05.33:152][336]LogBlueprintUserMessages: [Tourelle_167] Caché
[2016.01.15-01.05.33:174][337]LogBlueprintUserMessages: [Tourelle_167] Caché
[2016.01.15-01.05.33:215][338]LogBlueprintUserMessages: [Tourelle_167] Caché
[2016.01.15-01.05.33:241][339]LogBlueprintUserMessages: [Tourelle_167] Caché
[2016.01.15-01.05.33:263][340]LogBlueprintUserMessages: [Tourelle_167] Caché
[2016.01.15-01.05.33:290][341]LogBlueprintUserMessages: [Tourelle_167] Caché
[2016.01.15-01.05.33:317][342]LogBlueprintUserMessages: [Tourelle_167] Caché
[2016.01.15-01.05.33:339][343]LogBlueprintUserMessages: [Tourelle_167] Caché
[2016.01.15-01.05.33:366][344]LogBlueprintUserMessages: [Tourelle_167] Caché
[2016.01.15-01.05.33:393][345]LogBlueprintUserMessages: [Tourelle_167] Caché
[2016.01.15-01.05.33:420][346]LogBlueprintUserMessages: [Tourelle_167] Caché
[2016.01.15-01.05.33:447][347]LogBlueprintUserMessages: [Tourelle_167] Caché
[2016.01.15-01.05.33:474][348]LogBlueprintUserMessages: [Tourelle_167] Caché
[2016.01.15-01.05.33:504][349]LogBlueprintUserMessages: [Tourelle_167] Caché
[2016.01.15-01.05.33:525][350]LogBlueprintUserMessages: [Tourelle_167] Caché
[2016.01.15-01.05.33:553][351]LogBlueprintUserMessages: [Tourelle_167] Caché
[2016.01.15-01.05.33:574][352]LogBlueprintUserMessages: [Tourelle_167] Caché
[2016.01.15-01.05.33:602][353]LogBlueprintUserMessages: [Tourelle_167] Caché
[2016.01.15-01.05.33:623][354]LogBlueprintUserMessages: [Tourelle_167] Caché
[2016.01.15-01.05.33:650][355]LogBlueprintUserMessages: [Tourelle_167] Caché
[2016.01.15-01.05.33:673][356]LogBlueprintUserMessages: [Tourelle_167] Caché
[2016.01.15-01.05.33:700][357]LogBlueprintUserMessages: [Tourelle_167] Caché
[2016.01.15-01.05.33:722][358]LogBlueprintUserMessages: [Tourelle_167] Caché
[2016.01.15-01.05.33:749][359]LogBlueprintUserMessages: [Tourelle_167] Caché
[2016.01.15-01.05.33:776][360]LogBlueprintUserMessages: [Tourelle_167] Caché
[2016.01.15-01.05.33:804][361]LogBlueprintUserMessages: [Tourelle_167] Caché
[2016.01.15-01.05.33:826][362]LogBlueprintUserMessages: [Tourelle_167] Caché
[2016.01.15-01.05.33:853][363]LogBlueprintUserMessages: [Tourelle_167] Caché
[2016.01.15-01.05.33:875][364]LogBlueprintUserMessages: [Tourelle_167] Caché
[2016.01.15-01.05.33:903][365]LogBlueprintUserMessages: [Tourelle_167] Caché
[2016.01.15-01.05.33:925][366]LogBlueprintUserMessages: [Tourelle_167] Caché
[2016.01.15-01.05.33:952][367]LogBlueprintUserMessages: [Tourelle_167] Caché
[2016.01.15-01.05.33:974][368]LogBlueprintUserMessages: [Tourelle_167] Caché
[2016.01.15-01.05.34:001][369]LogBlueprintUserMessages: [Tourelle_167] Caché
[2016.01.15-01.05.34:024][370]LogBlueprintUserMessages: [Tourelle_167] Caché
[2016.01.15-01.05.34:051][371]LogBlueprintUserMessages: [Tourelle_167] Caché
[2016.01.15-01.05.34:078][372]LogBlueprintUserMessages: [Tourelle_167] Caché
[2016.01.15-01.05.34:106][373]LogBlueprintUserMessages: [Tourelle_167] VIsible
[2016.01.15-01.05.34:133][374]LogBlueprintUserMessages: [Tourelle_167] VIsible
[2016.01.15-01.05.34:161][375]LogBlueprintUserMessages: [Tourelle_167] VIsible
[2016.01.15-01.05.34:188][376]LogBlueprintUserMessages: [Tourelle_167] VIsible
[2016.01.15-01.05.34:217][377]LogBlueprintUserMessages: [Tourelle_167] VIsible
[2016.01.15-01.05.34:243][378]LogBlueprintUserMessages: [Tourelle_167] VIsible
[2016.01.15-01.05.34:270][379]LogBlueprintUserMessages: [Tourelle_167] VIsible
[2016.01.15-01.05.34:299][380]LogBlueprintUserMessages: [Tourelle_167] VIsible
[2016.01.15-01.05.34:320][381]LogBlueprintUserMessages: [Tourelle_167] Caché
[2016.01.15-01.05.34:342][382]LogBlueprintUserMessages: [Tourelle_167] Caché
[2016.01.15-01.05.34:370][383]LogBlueprintUserMessages: [Tourelle_167] Caché
[2016.01.15-01.05.34:399][384]LogBlueprintUserMessages: [Tourelle_167] Caché
[2016.01.15-01.05.34:425][385]LogBlueprintUserMessages: [Tourelle_167] VIsible
[2016.01.15-01.05.34:453][386]LogBlueprintUserMessages: [Tourelle_167] VIsible
[2016.01.15-01.05.34:483][387]LogBlueprintUserMessages: [Tourelle_167] VIsible
[2016.01.15-01.05.34:509][388]LogBlueprintUserMessages: [Tourelle_167] VIsible
[2016.01.15-01.05.34:536][389]LogBlueprintUserMessages: [Tourelle_167] VIsible
[2016.01.15-01.05.34:567][390]LogBlueprintUserMessages: [Tourelle_167] VIsible
[2016.01.15-01.05.34:588][391]LogBlueprintUserMessages: [Tourelle_167] VIsible
[2016.01.15-01.05.34:610][392]LogBlueprintUserMessages: [Tourelle_167] VIsible
[2016.01.15-01.05.34:638][393]LogBlueprintUserMessages: [Tourelle_167] VIsible
[2016.01.15-01.05.34:668][394]LogBlueprintUserMessages: [Tourelle_167] VIsible
[2016.01.15-01.05.34:694][395]LogBlueprintUserMessages: [Tourelle_167] VIsible
[2016.01.15-01.05.34:722][396]LogBlueprintUserMessages: [Tourelle_167] VIsible
[2016.01.15-01.05.34:751][397]LogBlueprintUserMessages: [Tourelle_167] VIsible
[2016.01.15-01.05.34:778][398]LogBlueprintUserMessages: [Tourelle_167] VIsible
[2016.01.15-01.05.34:805][399]LogBlueprintUserMessages: [Tourelle_167] VIsible
[2016.01.15-01.05.34:835][400]LogBlueprintUserMessages: [Tourelle_167] VIsible
[2016.01.15-01.05.34:861][401]LogBlueprintUserMessages: [Tourelle_167] VIsible
[2016.01.15-01.05.34:889][402]LogBlueprintUserMessages: [Tourelle_167] VIsible
[2016.01.15-01.05.34:919][403]LogBlueprintUserMessages: [Tourelle_167] VIsible
[2016.01.15-01.05.34:945][404]LogBlueprintUserMessages: [Tourelle_167] VIsible
[2016.01.15-01.05.34:973][405]LogBlueprintUserMessages: [Tourelle_167] VIsible
[2016.01.15-01.05.34:991][406]LogBlueprintUserMessages: [Tourelle_167] VIsible
[2016.01.15-01.05.35:013][407]LogBlueprintUserMessages: [Tourelle_167] VIsible
[2016.01.15-01.05.35:041][408]LogBlueprintUserMessages: [Tourelle_167] VIsible
[2016.01.15-01.05.35:069][409]LogBlueprintUserMessages: [Tourelle_167] VIsible
[2016.01.15-01.05.35:097][410]LogBlueprintUserMessages: [Tourelle_167] VIsible
[2016.01.15-01.05.35:126][411]LogBlueprintUserMessages: [Tourelle_167] VIsible
[2016.01.15-01.05.35:153][412]LogBlueprintUserMessages: [Tourelle_167] VIsible
[2016.01.15-01.05.35:176][413]LogBlueprintUserMessages: [Tourelle_167] VIsible
[2016.01.15-01.05.35:204][414]LogBlueprintUserMessages: [Tourelle_167] VIsible
[2016.01.15-01.05.35:232][415]LogBlueprintUserMessages: [Tourelle_167] VIsible
[2016.01.15-01.05.35:255][416]LogBlueprintUserMessages: [Tourelle_167] VIsible
[2016.01.15-01.05.35:283][417]LogBlueprintUserMessages: [Tourelle_167] VIsible
[2016.01.15-01.05.35:310][418]LogBlueprintUserMessages: [Tourelle_167] VIsible
[2016.01.15-01.05.35:339][419]LogBlueprintUserMessages: [Tourelle_167] VIsible
[2016.01.15-01.05.35:367][420]LogBlueprintUserMessages: [Tourelle_167] VIsible
[2016.01.15-01.05.35:394][421]LogBlueprintUserMessages: [Tourelle_167] VIsible
[2016.01.15-01.05.35:422][422]LogBlueprintUserMessages: [Tourelle_167] VIsible
[2016.01.15-01.05.35:450][423]LogBlueprintUserMessages: [Tourelle_167] VIsible
[2016.01.15-01.05.35:478][424]LogBlueprintUserMessages: [Tourelle_167] VIsible
[2016.01.15-01.05.35:506][425]LogBlueprintUserMessages: [Tourelle_167] VIsible
[2016.01.15-01.05.35:535][426]LogBlueprintUserMessages: [Tourelle_167] VIsible
[2016.01.15-01.05.35:562][427]LogBlueprintUserMessages: [Tourelle_167] VIsible
[2016.01.15-01.05.35:590][428]LogBlueprintUserMessages: [Tourelle_167] VIsible
[2016.01.15-01.05.35:618][429]LogBlueprintUserMessages: [Tourelle_167] VIsible
[2016.01.15-01.05.35:646][430]LogBlueprintUserMessages: [Tourelle_167] VIsible
[2016.01.15-01.05.35:674][431]LogBlueprintUserMessages: [Tourelle_167] VIsible
[2016.01.15-01.05.35:702][432]LogBlueprintUserMessages: [Tourelle_167] VIsible
[2016.01.15-01.05.35:729][433]LogBlueprintUserMessages: [Tourelle_167] VIsible
[2016.01.15-01.05.35:758][434]LogBlueprintUserMessages: [Tourelle_167] VIsible
[2016.01.15-01.05.35:786][435]LogBlueprintUserMessages: [Tourelle_167] VIsible
[2016.01.15-01.05.35:813][436]LogBlueprintUserMessages: [Tourelle_167] VIsible
[2016.01.15-01.05.35:842][437]LogBlueprintUserMessages: [Tourelle_167] VIsible
[2016.01.15-01.05.35:870][438]LogBlueprintUserMessages: [Tourelle_167] VIsible
[2016.01.15-01.05.35:897][439]LogBlueprintUserMessages: [Tourelle_167] VIsible
[2016.01.15-01.05.35:926][440]LogBlueprintUserMessages: [Tourelle_167] VIsible
[2016.01.15-01.05.35:953][441]LogBlueprintUserMessages: [Tourelle_167] VIsible
[2016.01.15-01.05.35:981][442]LogBlueprintUserMessages: [Tourelle_167] VIsible
[2016.01.15-01.05.36:009][443]LogBlueprintUserMessages: [Tourelle_167] VIsible
[2016.01.15-01.05.36:037][444]LogBlueprintUserMessages: [Tourelle_167] VIsible
[2016.01.15-01.05.36:066][445]LogBlueprintUserMessages: [Tourelle_167] VIsible
[2016.01.15-01.05.36:089][446]LogBlueprintUserMessages: [Tourelle_167] VIsible
[2016.01.15-01.05.36:117][447]LogBlueprintUserMessages: [Tourelle_167] VIsible
[2016.01.15-01.05.36:145][448]LogBlueprintUserMessages: [Tourelle_167] VIsible
[2016.01.15-01.05.36:163][449]LogBlueprintUserMessages: [Tourelle_167] VIsible
[2016.01.15-01.05.36:190][450]LogBlueprintUserMessages: [Tourelle_167] VIsible
[2016.01.15-01.05.36:213][451]LogBlueprintUserMessages: [Tourelle_167] VIsible
[2016.01.15-01.05.36:241][452]LogBlueprintUserMessages: [Tourelle_167] VIsible
[2016.01.15-01.05.36:270][453]LogBlueprintUserMessages: [Tourelle_167] VIsible
[2016.01.15-01.05.36:297][454]LogBlueprintUserMessages: [Tourelle_167] VIsible
[2016.01.15-01.05.36:324][455]LogBlueprintUserMessages: [Tourelle_167] VIsible
[2016.01.15-01.05.36:354][456]LogBlueprintUserMessages: [Tourelle_167] VIsible
[2016.01.15-01.05.36:380][457]LogBlueprintUserMessages: [Tourelle_167] VIsible
[2016.01.15-01.05.36:408][458]LogBlueprintUserMessages: [Tourelle_167] VIsible
[2016.01.15-01.05.36:437][459]LogBlueprintUserMessages: [Tourelle_167] VIsible
[2016.01.15-01.05.36:464][460]LogBlueprintUserMessages: [Tourelle_167] VIsible
[2016.01.15-01.05.36:492][461]LogBlueprintUserMessages: [Tourelle_167] VIsible
[2016.01.15-01.05.36:521][462]LogBlueprintUserMessages: [Tourelle_167] VIsible
[2016.01.15-01.05.36:547][463]LogBlueprintUserMessages: [Tourelle_167] VIsible
[2016.01.15-01.05.36:575][464]LogBlueprintUserMessages: [Tourelle_167] VIsible
[2016.01.15-01.05.36:604][465]LogBlueprintUserMessages: [Tourelle_167] VIsible
[2016.01.15-01.05.36:630][466]LogBlueprintUserMessages: [Tourelle_167] VIsible
[2016.01.15-01.05.36:658][467]LogBlueprintUserMessages: [Tourelle_167] VIsible
[2016.01.15-01.05.36:687][468]LogBlueprintUserMessages: [Tourelle_167] VIsible
[2016.01.15-01.05.37:190][469]LogD3D11RHI: Timed out while waiting for GPU to catch up. (0.5 s)
[2016.01.15-01.05.37:191][469]LogBlueprintUserMessages: [Tourelle_167] VIsible
[2016.01.15-01.05.37:692][470]LogD3D11RHI: Timed out while waiting for GPU to catch up. (0.5 s)
[2016.01.15-01.05.38:192][470]LogD3D11RHI: Timed out while waiting for GPU to catch up. (0.5 s)
[2016.01.15-01.05.38:692][470]LogD3D11RHI: Timed out while waiting for GPU to catch up. (0.5 s)
[2016.01.15-01.05.39:192][470]LogD3D11RHI: Timed out while waiting for GPU to catch up. (0.5 s)
[2016.01.15-01.05.39:692][470]LogD3D11RHI: Timed out while waiting for GPU to catch up. (0.5 s)
[2016.01.15-01.05.40:192][470]LogD3D11RHI: Timed out while waiting for GPU to catch up. (0.5 s)
[2016.01.15-01.05.40:692][470]LogD3D11RHI: Timed out while waiting for GPU to catch up. (0.5 s)
[2016.01.15-01.05.41:192][470]LogD3D11RHI: Timed out while waiting for GPU to catch up. (0.5 s)
[2016.01.15-01.05.43:669][470]LogBlueprintUserMessages: [Tourelle_167] VIsible
[2016.01.15-01.05.44:369][470]LogD3D11RHI: bDeviceRemoved
[2016.01.15-01.05.44:369][470]LogD3D11RHI: CleanupD3DDevice
[2016.01.15-01.05.44:425][470]LogWindows:Error: Windows GetLastError: L’opération a réussi. (0)
[2016.01.15-01.05.50:248][470]LogCrashTracker: 


[2016.01.15-01.05.50:477][470]LogCrashTracker: 


[2016.01.15-01.05.50:477][470]LogWindows: === Critical error: ===
Fatal error: [File:D:\BuildFarm\buildmachine_++depot+UE4-Releases+4.9\Engine\Source\Runtime\Windows\D3D11RHI\Private\Windows\WindowsD3D11Device.cpp] [Line: 402] 
The Direct3D 11 device that was being used has been removed (Error: -2005270522 'HUNG').  Please restart the game.




[2016.01.15-01.05.50:609][470]LogExit: Executing StaticShutdownAfterError
[2016.01.15-01.05.51:307][470]LogPhysics:Warning: PHYSX: ..\..\PhysX\src\NpScene.cpp (2946) 8 : PxScene::unlockWrite() called without matching call to PxScene::lockWrite(), behaviour will be undefined.
[2016.01.15-01.05.51:307][470]LogPhysics:Warning: PHYSX: ..\..\PhysX\src\NpScene.cpp (2946) 8 : PxScene::unlockWrite() called without matching call to PxScene::lockWrite(), behaviour will be undefined.
[2016.01.15-01.05.51:307][470]LogPhysics:Warning: PHYSX: ..\..\PhysX\src\NpScene.cpp (2946) 8 : PxScene::unlockWrite() called without matching call to PxScene::lockWrite(), behaviour will be undefined.
[2016.01.15-01.05.51:307][470]LogPhysics:Warning: PHYSX: ..\..\PhysX\src\NpScene.cpp (2946) 8 : PxScene::unlockWrite() called without matching call to PxScene::lockWrite(), behaviour will be undefined.
[2016.01.15-01.05.51:328][470]LogWindows: FPlatformMisc::RequestExit(1)
[2016.01.15-01.05.51:328][470]Log file closed, 01/14/16 20:05:51
