[2016.01.14-21.12.36:093][  0]Log file open, 01/14/16 16:12:36
[2016.01.14-21.12.36:093][  0]LogInit:Display: Running engine for game: ShadowFall
[2016.01.14-21.12.36:093][  0]LogInit:Display: RandInit(1396575293) SRandInit(1396575293).
[2016.01.14-21.12.36:093][  0]LogTaskGraph: Started task graph with 4 named threads and 7 total threads.
[2016.01.14-21.12.36:093][  0]LogStats: Stats thread started at 0.086537
[2016.01.14-21.12.36:093][  0]LogInit: Version: 4.9.2-2707645+++depot+UE4-Releases+4.9
[2016.01.14-21.12.36:093][  0]LogInit: API Version: 2672455
[2016.01.14-21.12.36:093][  0]LogInit: Compiled (64-bit): Sep 28 2015 10:25:44
[2016.01.14-21.12.36:093][  0]LogInit: Compiled with Visual C++: 18.00.21005.01
[2016.01.14-21.12.36:093][  0]LogInit: Build Configuration: Development
[2016.01.14-21.12.36:093][  0]LogInit: Branch Name: ++depot+UE4-Releases+4.9
[2016.01.14-21.12.36:093][  0]LogInit: Command line:  
[2016.01.14-21.12.36:093][  0]LogInit: Base directory: D:/Program Files/Epic Games/4.9/Engine/Binaries/Win64/
[2016.01.14-21.12.36:093][  0]LogInit: Rocket: 1
[2016.01.14-21.12.36:120][  0]LogInit: Using libcurl 7.41.0
[2016.01.14-21.12.36:120][  0]LogInit:  - built for x86_64-pc-win32
[2016.01.14-21.12.36:120][  0]LogInit:  - supports SSL with WinSSL
[2016.01.14-21.12.36:120][  0]LogInit:  - other features:
[2016.01.14-21.12.36:120][  0]LogInit:      CURL_VERSION_SSL
[2016.01.14-21.12.36:120][  0]LogInit:      CURL_VERSION_IPV6
[2016.01.14-21.12.36:120][  0]LogInit:      CURL_VERSION_ASYNCHDNS
[2016.01.14-21.12.36:120][  0]LogInit:      CURL_VERSION_LARGEFILE
[2016.01.14-21.12.36:121][  0]LogInit:      CURL_VERSION_IDN
[2016.01.14-21.12.36:121][  0]LogInit:  CurlRequestOptions (configurable via config and command line):
[2016.01.14-21.12.36:121][  0]LogInit:  - bVerifyPeer = true  - Libcurl will verify peer certificate
[2016.01.14-21.12.36:121][  0]LogInit:  - bUseHttpProxy = false  - Libcurl will NOT use HTTP proxy
[2016.01.14-21.12.36:121][  0]LogInit:  - bDontReuseConnections = false  - Libcurl will reuse connections
[2016.01.14-21.12.36:121][  0]LogInit:  - CertBundlePath = nullptr  - Libcurl will use whatever was configured at build time.
[2016.01.14-21.12.36:129][  0]LogInit: Presizing for 0 objects not considered by GC, pre-allocating 0 bytes.
[2016.01.14-21.12.36:137][  0]LogInit: Object subsystem initialized
[2016.01.14-21.12.36:139][  0]LogInit: Selected Device Profile: [Windows]
[2016.01.14-21.12.36:139][  0]LogInit: Applying CVar settings loaded from the selected device profile: [Windows]
[2016.01.14-21.12.36:151][  0]LogInit: Computer: PCMAXIME
[2016.01.14-21.12.36:151][  0]LogInit: User: Maxime
[2016.01.14-21.12.36:151][  0]LogInit: CPU Page size=4096, Cores=4
[2016.01.14-21.12.36:151][  0]LogInit: High frequency timer resolution =2.338452 MHz
[2016.01.14-21.12.36:151][  0]LogMemory: Memory total: Physical=7.9GB (8GB approx)
[2016.01.14-21.12.36:151][  0]LogMemory: Platform Memory Stats for Windows
[2016.01.14-21.12.36:151][  0]LogMemory: Process Physical Memory: 56.20 MB used, 56.20 MB peak
[2016.01.14-21.12.36:151][  0]LogMemory: Process Virtual Memory: 59.37 MB used, 59.37 MB peak
[2016.01.14-21.12.36:151][  0]LogMemory: Physical Memory: 3239.00 MB used, 8123.55 MB total
[2016.01.14-21.12.36:151][  0]LogMemory: Virtual Memory: 354.31 MB used, 134217728.00 MB total
[2016.01.14-21.12.36:193][  0]LogTextLocalizationManager: No translations for ('fr-FR') exist, falling back to 'en' for localization and internationalization data.
[2016.01.14-21.12.37:005][  0]LogD3D11RHI: Found D3D11 adapter 0: AMD Radeon HD 7570M (Feature Level 11_0)
[2016.01.14-21.12.37:005][  0]LogD3D11RHI: Adapter has 1004MB of dedicated video memory, 0MB of dedicated system memory, and 3840MB of shared system memory, 1 output[s]
[2016.01.14-21.12.37:007][  0]LogD3D11RHI: Found D3D11 adapter 1: Microsoft Basic Render Driver (Feature Level 11_0)
[2016.01.14-21.12.37:007][  0]LogD3D11RHI: Adapter has 0MB of dedicated video memory, 0MB of dedicated system memory, and 4061MB of shared system memory, 0 output[s]
[2016.01.14-21.12.37:007][  0]LogD3D11RHI: Chosen D3D11 Adapter Id = 0
[2016.01.14-21.12.37:011][  0]LogD3D11RHI: !Direct3DDevice
[2016.01.14-21.12.37:011][  0]LogRHI: Texture pool is 702 MB (70% of 1004 MB)
[2016.01.14-21.12.37:019][  0]LogD3D11RHI: Async texture creation disabled: no driver support
[2016.01.14-21.12.37:029][  0]LogShaderCompilers: Guid format shader working directory is 15 characters bigger than the processId version (../../../../../../Bibliothèques/Documents/Unreal Projects/ShadowerFall/Intermediate/Shaders/WorkingDirectory/5224/).
[2016.01.14-21.12.37:029][  0]LogShaderCompilers: Cleaned the shader compiler working directory '../../../../../../Bibliothèques/Documents/Unreal Projects/ShadowerFall/Intermediate/Shaders/tmp/8A53A30F44346FAF38DA929C1B4613CF/'.
[2016.01.14-21.12.37:030][  0]LogShaderCompilers:Display: Using Local Shader Compiler.
[2016.01.14-21.12.38:329][  0]LogTemp:Display: Loaded TP AllDesktopTargetPlatform
[2016.01.14-21.12.38:335][  0]LogTemp:Display: Loaded TP WindowsClientTargetPlatform
[2016.01.14-21.12.38:341][  0]LogTemp:Display: Loaded TP WindowsNoEditorTargetPlatform
[2016.01.14-21.12.38:347][  0]LogTemp:Display: Loaded TP WindowsServerTargetPlatform
[2016.01.14-21.12.38:353][  0]LogTemp:Display: Loaded TP WindowsTargetPlatform
[2016.01.14-21.12.38:357][  0]LogTemp:Display: Loaded TP AndroidTargetPlatform
[2016.01.14-21.12.38:360][  0]LogTemp:Display: Loaded TP Android_ASTCTargetPlatform
[2016.01.14-21.12.38:364][  0]LogTemp:Display: Loaded TP Android_ATCTargetPlatform
[2016.01.14-21.12.38:368][  0]LogTemp:Display: Loaded TP Android_DXTTargetPlatform
[2016.01.14-21.12.38:372][  0]LogTemp:Display: Loaded TP Android_ETC1TargetPlatform
[2016.01.14-21.12.38:376][  0]LogTemp:Display: Loaded TP Android_ETC2TargetPlatform
[2016.01.14-21.12.38:380][  0]LogTemp:Display: Loaded TP Android_PVRTCTargetPlatform
[2016.01.14-21.12.38:381][  0]LogTemp:Display: Loaded TP HTML5TargetPlatform
[2016.01.14-21.12.38:399][  0]LogTemp:Display: Loaded TP IOSTargetPlatform
[2016.01.14-21.12.38:402][  0]LogTemp:Display: Loaded TP LinuxNoEditorTargetPlatform
[2016.01.14-21.12.38:406][  0]LogTemp:Display: Loaded TP LinuxServerTargetPlatform
[2016.01.14-21.12.38:411][  0]LogTemp:Display: Loaded TP LinuxTargetPlatform
[2016.01.14-21.12.38:411][  0]LogTargetPlatformManager:Display: Building Assets For Windows
[2016.01.14-21.12.38:516][  0]LogDerivedDataCache:Display: Max Cache Size: 512 MB
[2016.01.14-21.12.38:557][  0]LogDerivedDataCache: Loaded boot cache 0.04s 41MB C:/Users/Maxime/AppData/Local/UnrealEngine/4.9/DerivedDataCache/Boot.ddc.
[2016.01.14-21.12.38:557][  0]LogDerivedDataCache:Display: Loaded Boot cache: C:/Users/Maxime/AppData/Local/UnrealEngine/4.9/DerivedDataCache/Boot.ddc
[2016.01.14-21.12.38:557][  0]LogDerivedDataCache: FDerivedDataBackendGraph:  Pak pak cache file ../../../../../../Bibliothèques/Documents/Unreal Projects/ShadowerFall/DerivedDataCache/DDC.ddp not found, will not use a pak cache.
[2016.01.14-21.12.38:557][  0]LogDerivedDataCache: Unable to find inner node Pak for hierarchical cache Hierarchy.
[2016.01.14-21.12.38:557][  0]LogDerivedDataCache: FDerivedDataBackendGraph:  CompressedPak pak cache file ../../../../../../Bibliothèques/Documents/Unreal Projects/ShadowerFall/DerivedDataCache/Compressed.ddp not found, will not use a pak cache.
[2016.01.14-21.12.38:557][  0]LogDerivedDataCache: Unable to find inner node CompressedPak for hierarchical cache Hierarchy.
[2016.01.14-21.12.38:714][  0]LogDerivedDataCache:Display: Pak cache opened for reading ../../../Engine/DerivedDataCache/Compressed.ddp.
[2016.01.14-21.12.38:727][  0]LogDerivedDataCache: Using Local data cache path C:/Users/Maxime/AppData/Local/UnrealEngine/Common/DerivedDataCache: Writable
[2016.01.14-21.12.38:944][  0]LogInit: Selected Device Profile: [Windows]
[2016.01.14-21.12.38:948][  0]LogContentStreaming: Texture pool size is 0.000000MB
[2016.01.14-21.12.39:091][  0]LogMeshUtilities: No automatic mesh reduction module available
[2016.01.14-21.12.39:091][  0]LogMeshUtilities: No automatic mesh merging module available
[2016.01.14-21.12.39:365][  0]LogInit: WinSock: version 1.1 (2.2), MaxSocks=32767, MaxUdp=65467
[2016.01.14-21.12.40:175][  0]UdpMessaging: Initializing bridge on interface 0.0.0.0:0 to multicast group 230.0.0.1:6666.
[2016.01.14-21.12.40:280][  0]LogAssetRegistry: FAssetRegistry took 0.0107 seconds to start up
[2016.01.14-21.12.40:492][  0]SourceControl: Info Source control is disabled
[2016.01.14-21.12.40:494][  0]SourceControl: Info Source control is disabled
[2016.01.14-21.12.40:508][  0]SourceControl: Info Source control is disabled
[2016.01.14-21.12.40:523][  0]SourceControl: Info Source control is disabled
[2016.01.14-21.12.40:730][  0]LogLinker:Warning: Asset '../../../Engine/Plugins/Runtime/LeapMotionController/Content/LM_PassthroughMaterial.uasset' has been saved with empty engine version. The asset will be loaded but may be incompatible.
[2016.01.14-21.12.40:842][  0]LogObj: 28361 objects as part of root set at end of initial load.
[2016.01.14-21.12.40:842][  0]LogUObjectAllocator: 6038864 out of 0 bytes used by permanent object pool.
[2016.01.14-21.12.40:904][  0]LogEngine: Initializing Engine...
[2016.01.14-21.12.40:907][  0]LogHMD: Can't find Oculus library dev build: is proper Runtime installed? Version: 0.7.0.0
[2016.01.14-21.12.40:908][  0]LogHMD: SteamVR failed to initialize.  Err: 110
[2016.01.14-21.12.41:046][  0]LogAIModule: Creating AISystem for world NewWorld
[2016.01.14-21.12.41:051][  0]LogInit: XAudio2 using 'Haut-parleurs (Périphérique High Definition Audio)' : 2 channels at 44.1 kHz using 16 bits per sample (channel mask 0x3)
[2016.01.14-21.12.41:061][  0]LogInit: FAudioDevice initialized.
[2016.01.14-21.12.41:083][  0]LogDerivedDataCache: Saved boot cache 0.02s 41MB C:/Users/Maxime/AppData/Local/UnrealEngine/4.9/DerivedDataCache/Boot.ddc.
[2016.01.14-21.12.41:086][  0]LogInit: Texture streaming: Enabled
[2016.01.14-21.12.41:092][  0]LogAnalytics: Creating configured Analytics provider AnalyticsET
[2016.01.14-21.12.41:092][  0]LogAnalytics: [UEEditor.Rocket.Release] APIServer = http://et2.epicgames.com/ET2/. AppVersion = 4.9.2-2707645+++depot+UE4-Releases+4.9
[2016.01.14-21.12.41:092][  0]LogAnalytics: [UEEditor.Rocket.Release] SetUserId 9a9effe84c4b08c90696e581cd7488a3|06ed4f6a0f4048debc1b07e05a99303a|05176c3f-19e8-4dc1-8202-ec95daad005f
[2016.01.14-21.12.41:092][  0]LogAnalytics: [UEEditor.Rocket.Release] AnalyticsET::StartSession
[2016.01.14-21.12.41:133][  0]LogInit: Transaction tracking system initialized
[2016.01.14-21.12.41:165][  0]BlueprintLog: New page: Editor Load
[2016.01.14-21.12.41:268][  0]LocalizationService: Info Localization service is disabled
[2016.01.14-21.12.41:502][  0]LogConsoleResponse:Display: 
[2016.01.14-21.12.41:634][  0]LogCook:Display: Done creating registry. It took  0.00s.
[2016.01.14-21.12.41:704][  0]LogFileCache: Scanning file cache for directory 'D:/Bibliothèques/Documents/Unreal Projects/ShadowerFall/Content/' took 0.02s
[2016.01.14-21.12.41:704][  0]SourceControl: Info Source control is disabled
[2016.01.14-21.12.41:704][  0]Cmd: MAP LOAD FILE="../../../../../../Bibliothèques/Documents/Unreal Projects/ShadowerFall/Content/FirstPersonBP/Maps/FirstPersonExampleMap.umap" TEMPLATE=0 SHOWPROGRESS=1 FEATURELEVEL=3
[2016.01.14-21.12.41:705][  0]LightingResults: New page: Lighting Build
[2016.01.14-21.12.41:710][  0]MapCheck: New page: Map Check
[2016.01.14-21.12.41:710][  0]LightingResults: New page: Lighting Build
[2016.01.14-21.12.41:723][  0]LogParticles: Destroying 0 GPU particle simulations for FXSystem 0x0000006E6331C400
[2016.01.14-21.12.41:743][  0]LogLinker:Warning: Asset '../../../../../../Bibliothèques/Documents/Unreal Projects/ShadowerFall/Content/FirstPerson/Meshes/FirstPersonProjectileMesh.uasset' has been saved with empty engine version. The asset will be loaded but may be incompatible.
[2016.01.14-21.12.42:438][  0]LogBlueprint:Error: [compiler FirstPersonCharacter] Error Spawn node  SpawnActor NONE  must have a class specified.
[2016.01.14-21.12.42:576][  0]LogBlueprint:Warning: [compiler FirstPersonCharacter] Warning [0007.14] Compile of FirstPersonCharacter failed. 1 Fatal Issue(s) 0 Warning(s) [in 207 ms]
[2016.01.14-21.12.42:577][  0]LogBlueprint:Warning: [compiler FirstPersonCharacter] Warning [0007.14] Compile of FirstPersonCharacter failed. 1 Fatal Issue(s) 1 Warning(s) [in 0 ms]
[2016.01.14-21.12.42:577][  0]LogBlueprint:Warning: [compiler FirstPersonCharacter] Warning [0007.14] Compile of FirstPersonCharacter failed. 1 Fatal Issue(s) 2 Warning(s) [in 0 ms]
[2016.01.14-21.12.42:685][  0]LogBlueprint:Warning: [compiler NewKamikaze] Warning Can't connect pins  Other  and  Object : This cast has an invalid target type (was the class deleted without a redirect?).
[2016.01.14-21.12.42:686][  0]LogBlueprint:Warning: [compiler NewKamikaze] Warning Can't connect pins  Object  and  Other : This cast has an invalid target type (was the class deleted without a redirect?).
[2016.01.14-21.12.42:688][  0]LogBlueprint:Error: [compiler NewKamikaze] Error Node  Bad cast node  has an invalid target type, please delete and recreate it
[2016.01.14-21.12.42:688][  0]LogBlueprint:Error: [compiler NewKamikaze] Error Node  Bad cast node  has an invalid target class
[2016.01.14-21.12.42:710][  0]LogBlueprint:Warning: [compiler NewKamikaze] Warning [0007.27] Compile of NewKamikaze failed. 2 Fatal Issue(s) 2 Warning(s) [in 36 ms]
[2016.01.14-21.12.42:710][  0]LogBlueprint:Warning: [compiler NewKamikaze] Warning [0007.27] Compile of NewKamikaze failed. 2 Fatal Issue(s) 3 Warning(s) [in 0 ms]
[2016.01.14-21.12.42:711][  0]LogBlueprint:Warning: [compiler NewKamikaze] Warning [0007.27] Compile of NewKamikaze failed. 2 Fatal Issue(s) 4 Warning(s) [in 0 ms]
[2016.01.14-21.12.42:951][  0]LogBlueprint:Error: [compiler FirstPersonCharacter] Error Spawn node  SpawnActor NONE  must have a class specified.
[2016.01.14-21.12.43:073][  0]LogBlueprint:Warning: [compiler FirstPersonCharacter] Warning [0007.63] Compile of FirstPersonCharacter failed. 1 Fatal Issue(s) 0 Warning(s) [in 204 ms]
[2016.01.14-21.12.43:073][  0]LogBlueprint:Warning: [compiler FirstPersonCharacter] Warning [0007.63] Compile of FirstPersonCharacter failed. 1 Fatal Issue(s) 1 Warning(s) [in 0 ms]
[2016.01.14-21.12.43:074][  0]LogBlueprint:Warning: [compiler FirstPersonCharacter] Warning [0007.63] Compile of FirstPersonCharacter failed. 1 Fatal Issue(s) 2 Warning(s) [in 0 ms]
[2016.01.14-21.12.43:397][  0]LogBlueprint:Warning: [compiler ENM] Warning Can't connect pins  Object  and  Other Actor : This cast has an invalid target type (was the class deleted without a redirect?).
[2016.01.14-21.12.43:397][  0]LogBlueprint:Warning: [compiler ENM] Warning Can't connect pins  Other Actor  and  Object : This cast has an invalid target type (was the class deleted without a redirect?).
[2016.01.14-21.12.43:399][  0]LogBlueprint:Error: [compiler ENM] Error Node  Bad cast node  has an invalid target type, please delete and recreate it
[2016.01.14-21.12.43:399][  0]LogBlueprint:Error: [compiler ENM] Error Node  Bad cast node  has an invalid target class
[2016.01.14-21.12.43:405][  0]LogBlueprint:Warning: [compiler ENM] Warning [0007.97] Compile of ENM failed. 2 Fatal Issue(s) 2 Warning(s) [in 12 ms]
[2016.01.14-21.12.43:406][  0]LogBlueprint:Warning: [compiler ENM] Warning [0007.97] Compile of ENM failed. 2 Fatal Issue(s) 3 Warning(s) [in 0 ms]
[2016.01.14-21.12.43:406][  0]LogBlueprint:Warning: [compiler ENM] Warning [0007.97] Compile of ENM failed. 2 Fatal Issue(s) 4 Warning(s) [in 0 ms]
[2016.01.14-21.12.43:926][  0]LogAIModule: Creating AISystem for world FirstPersonExampleMap
[2016.01.14-21.12.43:946][  0]LogEditorServer: Finished looking for orphan Actors (0.000 secs)
[2016.01.14-21.12.43:947][  0]Cmd: MAP CHECKDEP NOCLEARLOG
[2016.01.14-21.12.44:065][  0]MapCheck: Info Map check complete: 0 Error(s), 0 Warning(s), took 117.948ms to complete.
[2016.01.14-21.12.44:065][  0]LogFileHelpers: Loading map 'FirstPersonExampleMap' took 2.361
[2016.01.14-21.12.44:177][  0]LogCollectionManager: Loaded 0 collections in 0.002467 seconds
[2016.01.14-21.12.44:221][  0]LogFileCache: Scanning file cache for directory 'D:/Bibliothèques/Documents/Unreal Projects/ShadowerFall/Saved/Collections/' took 0.01s
[2016.01.14-21.12.44:221][  0]LogFileCache: Scanning file cache for directory 'D:/Bibliothèques/Documents/Unreal Projects/ShadowerFall/Content/Developers/Maxime/Collections/' took 0.01s
[2016.01.14-21.12.44:221][  0]LogFileCache: Scanning file cache for directory 'D:/Bibliothèques/Documents/Unreal Projects/ShadowerFall/Content/Collections/' took 0.01s
[2016.01.14-21.12.44:221][  0]LogContentBrowser: Native class hierarchy populated in 0.0080 seconds. Added 1867 classes and 333 folders.
[2016.01.14-21.12.44:227][  0]LogCollectionManager: Rebuilt the GUID cache for 0 collections in 0.000003 seconds
[2016.01.14-21.12.44:234][  0]LogContentBrowser: Native class hierarchy updated for 'WidgetCarousel' in 0.0005 seconds. Added 0 classes and 0 folders.
[2016.01.14-21.12.44:300][  0]LogContentBrowser: Native class hierarchy updated for 'AddContentDialog' in 0.0005 seconds. Added 0 classes and 0 folders.
[2016.01.14-21.12.44:306][  0]LogContentBrowser: Native class hierarchy updated for 'SceneOutliner' in 0.0005 seconds. Added 1 classes and 2 folders.
[2016.01.14-21.12.44:394][  0]LogCrashTracker: Crashtracker disabled due to settings.
[2016.01.14-21.12.44:398][  0]LogUObjectGlobals:Warning: Failed to find object 'Class None.'
[2016.01.14-21.12.44:420][  0]LogLoad: Full Startup: 8.98 seconds (BP compile: 0.87 seconds)
[2016.01.14-21.12.44:437][  0]LoadErrors:Error: Error /Game/FirstPersonBP/Blueprints/Arrows/ArrowNORMAL : Failed import for ArrowNORMAL_C /Game/FirstPersonBP/Blueprints/Arrows/ArrowNORMAL.Default__ArrowNORMAL_C [redirection] in /Game/FirstPersonBP/Blueprints/Arrows/ArrowNORMAL
[2016.01.14-21.12.44:438][  0]LoadErrors:Error: Error /Game/FirstPersonBP/Blueprints/Arrows/ArrowNORMAL : Failed import for BlueprintGeneratedClass /Game/FirstPersonBP/Blueprints/Arrows/ArrowNORMAL.ArrowNORMAL_C [redirection] in /Game/FirstPersonBP/Blueprints/Arrows/ArrowNORMAL
[2016.01.14-21.12.44:438][  0]LoadErrors:Error: Error /Game/FirstPersonBP/Blueprints/Arrows/ArrowNORMAL : Failed import for Blueprint /Game/FirstPersonBP/Blueprints/Arrows/ArrowNORMAL.ArrowNORMAL [redirection] in /Game/FirstPersonBP/Blueprints/Arrows/ArrowNORMAL
[2016.01.14-21.12.44:438][  0]LoadErrors:Error: Error /Game/FirstPersonBP/Blueprints/AI/NewKamikaze : Failed import for BlueprintGeneratedClass /Game/FirstPersonBP/Blueprints/Arrows/ArrowNORMAL.ArrowNORMAL_C [redirection] in /Game/FirstPersonBP/Blueprints/AI/NewKamikaze
[2016.01.14-21.12.44:438][  0]LoadErrors:Error: Error /Game/FirstPersonBP/Blueprints/FirstPersonCharacter : Failed import for BlueprintGeneratedClass /Game/FirstPersonBP/Blueprints/Arrows/ArrowNORMAL.ArrowNORMAL_C [redirection] in /Game/FirstPersonBP/Blueprints/FirstPersonCharacter
[2016.01.14-21.12.44:438][  0]LoadErrors:Error: Error /Game/FirstPersonBP/Blueprints/ArrowNORMAL : Failed import for ArrowNORMAL_C /Game/FirstPersonBP/Blueprints/Arrows/ArrowNORMAL.Default__ArrowNORMAL_C [redirection] in /Game/FirstPersonBP/Blueprints/ArrowNORMAL
[2016.01.14-21.12.44:438][  0]LoadErrors:Error: Error /Game/FirstPersonBP/Blueprints/ArrowNORMAL : Failed import for Blueprint /Game/FirstPersonBP/Blueprints/Arrows/ArrowNORMAL.ArrowNORMAL [redirection] in /Game/FirstPersonBP/Blueprints/ArrowNORMAL
[2016.01.14-21.12.44:438][  0]LoadErrors:Error: Error /Game/FirstPersonBP/Blueprints/ArrowNORMAL : Failed import for BlueprintGeneratedClass /Game/FirstPersonBP/Blueprints/Arrows/ArrowNORMAL.ArrowNORMAL_C [redirection] in /Game/FirstPersonBP/Blueprints/ArrowNORMAL
[2016.01.14-21.12.44:438][  0]LoadErrors:Error: Error /Game/FirstPersonBP/Blueprints/ENM : Failed import for BlueprintGeneratedClass /Game/FirstPersonBP/Blueprints/ArrowNORMAL.ArrowNORMAL_C [redirection] in /Game/FirstPersonBP/Blueprints/ENM
[2016.01.14-21.12.44:492][  0]LogContentStreaming: Texture pool size now 200 MB
[2016.01.14-21.12.44:682][  0]LogRenderer: Reallocating scene render targets to support 1252x668 (Frame:2).
[2016.01.14-21.12.45:353][  9]LogAssetRegistry: Asset discovery search completed in 5.0834 seconds
[2016.01.14-21.12.45:353][  9]LogCollectionManager: Rebuilt the object cache for 0 collections in 0.000001 seconds (found 0 objects)
[2016.01.14-21.12.45:353][  9]LogCollectionManager: Fixed up redirectors for 0 collections in 0.000027 seconds (updated 0 objects)
[2016.01.14-21.13.12:232][520]LogBlueprint:Warning: [compiler Boss] Warning Can't connect pins  Object  and  Other Actor : This cast has an invalid target type (was the class deleted without a redirect?).
[2016.01.14-21.13.12:232][520]LogBlueprint:Warning: [compiler Boss] Warning Can't connect pins  Object  and  Other Actor : This cast has an invalid target type (was the class deleted without a redirect?).
[2016.01.14-21.13.12:233][520]LogBlueprint:Warning: [compiler Boss] Warning Can't connect pins  Other Actor  and  Object : This cast has an invalid target type (was the class deleted without a redirect?).
[2016.01.14-21.13.12:233][520]LogBlueprint:Warning: [compiler Boss] Warning Can't connect pins  Other Actor  and  Object : This cast has an invalid target type (was the class deleted without a redirect?).
[2016.01.14-21.13.12:233][520]LogBlueprint:Warning: [compiler Boss] Warning Can't connect pins  Object  and  Other Actor : This cast has an invalid target type (was the class deleted without a redirect?).
[2016.01.14-21.13.12:233][520]LogBlueprint:Warning: [compiler Boss] Warning Can't connect pins  Other Actor  and  Object : This cast has an invalid target type (was the class deleted without a redirect?).
[2016.01.14-21.13.12:234][520]LogBlueprint:Warning: [compiler Boss] Warning Can't connect pins  Object  and  Other Actor : This cast has an invalid target type (was the class deleted without a redirect?).
[2016.01.14-21.13.12:234][520]LogBlueprint:Warning: [compiler Boss] Warning Can't connect pins  Other Actor  and  Object : This cast has an invalid target type (was the class deleted without a redirect?).
[2016.01.14-21.13.12:234][520]LogBlueprint:Warning: [compiler Boss] Warning Can't connect pins  Object  and  Other Actor : This cast has an invalid target type (was the class deleted without a redirect?).
[2016.01.14-21.13.12:234][520]LogBlueprint:Warning: [compiler Boss] Warning Can't connect pins  Other Actor  and  Object : This cast has an invalid target type (was the class deleted without a redirect?).
[2016.01.14-21.13.12:235][520]LogBlueprint:Warning: [compiler Boss] Warning Can't connect pins  Object  and  Other Actor : This cast has an invalid target type (was the class deleted without a redirect?).
[2016.01.14-21.13.12:235][520]LogBlueprint:Warning: [compiler Boss] Warning Can't connect pins  Other Actor  and  Object : This cast has an invalid target type (was the class deleted without a redirect?).
[2016.01.14-21.13.12:249][520]LogBlueprint:Error: [compiler Boss] Error Node  Bad cast node  has an invalid target type, please delete and recreate it
[2016.01.14-21.13.12:249][520]LogBlueprint:Error: [compiler Boss] Error Node  Bad cast node  has an invalid target class
[2016.01.14-21.13.12:250][520]LogBlueprint:Error: [compiler Boss] Error Node  Bad cast node  has an invalid target type, please delete and recreate it
[2016.01.14-21.13.12:250][520]LogBlueprint:Error: [compiler Boss] Error Node  Bad cast node  has an invalid target class
[2016.01.14-21.13.12:250][520]LogBlueprint:Error: [compiler Boss] Error Node  Bad cast node  has an invalid target type, please delete and recreate it
[2016.01.14-21.13.12:250][520]LogBlueprint:Error: [compiler Boss] Error Node  Bad cast node  has an invalid target class
[2016.01.14-21.13.12:250][520]LogBlueprint:Error: [compiler Boss] Error Node  Bad cast node  has an invalid target type, please delete and recreate it
[2016.01.14-21.13.12:250][520]LogBlueprint:Error: [compiler Boss] Error Node  Bad cast node  has an invalid target class
[2016.01.14-21.13.12:251][520]LogBlueprint:Error: [compiler Boss] Error Node  Bad cast node  has an invalid target type, please delete and recreate it
[2016.01.14-21.13.12:251][520]LogBlueprint:Error: [compiler Boss] Error Node  Bad cast node  has an invalid target class
[2016.01.14-21.13.12:251][520]LogBlueprint:Error: [compiler Boss] Error Node  Bad cast node  has an invalid target type, please delete and recreate it
[2016.01.14-21.13.12:251][520]LogBlueprint:Error: [compiler Boss] Error Node  Bad cast node  has an invalid target class
[2016.01.14-21.13.12:308][520]LogBlueprint:Warning: [compiler Boss] Warning [0036.87] Compile of Boss failed. 12 Fatal Issue(s) 12 Warning(s) [in 127 ms]
[2016.01.14-21.13.12:309][520]LogBlueprint:Warning: [compiler Boss] Warning [0036.87] Compile of Boss failed. 12 Fatal Issue(s) 13 Warning(s) [in 0 ms]
[2016.01.14-21.13.12:309][520]LogBlueprint:Warning: [compiler Boss] Warning [0036.87] Compile of Boss failed. 12 Fatal Issue(s) 14 Warning(s) [in 0 ms]
[2016.01.14-21.13.12:697][520]LogTexture:Display: Building textures: HQ_Lightmap0_1 (AutoDXT)
[2016.01.14-21.13.12:813][520]LogTexture:Display: Building textures: HQ_Lightmap0_11 (AutoDXT)
[2016.01.14-21.13.12:816][520]LogTexture:Display: Building textures: HQ_Lightmap0_13 (AutoDXT)
[2016.01.14-21.13.12:817][520]LogTexture:Display: Building textures: HQ_Lightmap0_15 (AutoDXT)
[2016.01.14-21.13.12:819][520]LogTexture:Display: Building textures: HQ_Lightmap0_16 (AutoDXT)
[2016.01.14-21.13.12:821][520]LogTexture:Display: Building textures: HQ_Lightmap0_17 (AutoDXT)
[2016.01.14-21.13.12:822][520]LogTexture:Display: Building textures: HQ_Lightmap0_18 (AutoDXT)
[2016.01.14-21.13.12:824][520]LogTexture:Display: Building textures: HQ_Lightmap0_19 (AutoDXT)
[2016.01.14-21.13.12:825][520]LogTexture:Display: Building textures: HQ_Lightmap0_20 (AutoDXT)
[2016.01.14-21.13.12:827][520]LogTexture:Display: Building textures: HQ_Lightmap0_21 (AutoDXT)
[2016.01.14-21.13.12:828][520]LogTexture:Display: Building textures: HQ_Lightmap0_22 (AutoDXT)
[2016.01.14-21.13.12:830][520]LogTexture:Display: Building textures: HQ_Lightmap0_4 (AutoDXT)
[2016.01.14-21.13.12:832][520]LogTexture:Display: Building textures: HQ_Lightmap0_9 (AutoDXT)
[2016.01.14-21.13.12:833][520]LogTexture:Display: Building textures: HQ_Lightmap1_10 (AutoDXT)
[2016.01.14-21.13.12:835][520]LogTexture:Display: Building textures: HQ_Lightmap1_12 (AutoDXT)
[2016.01.14-21.13.12:836][520]LogTexture:Display: Building textures: HQ_Lightmap1_14 (AutoDXT)
[2016.01.14-21.13.12:838][520]LogTexture:Display: Building textures: HQ_Lightmap1_2 (AutoDXT)
[2016.01.14-21.13.12:840][520]LogTexture:Display: Building textures: HQ_Lightmap1_3 (AutoDXT)
[2016.01.14-21.13.12:841][520]LogTexture:Display: Building textures: HQ_Lightmap1_5 (AutoDXT)
[2016.01.14-21.13.12:843][520]LogTexture:Display: Building textures: HQ_Lightmap1_6 (AutoDXT)
[2016.01.14-21.13.12:844][520]LogTexture:Display: Building textures: HQ_Lightmap1_7 (AutoDXT)
[2016.01.14-21.13.12:846][520]LogTexture:Display: Building textures: HQ_Lightmap1_8 (AutoDXT)
[2016.01.14-21.13.12:847][520]LogTexture:Display: Building textures: LQ_Lightmap_0_1 (DXT1)
[2016.01.14-21.13.12:848][520]LogTexture:Display: Building textures: LQ_Lightmap_0_11 (DXT1)
[2016.01.14-21.13.12:850][520]LogTexture:Display: Building textures: LQ_Lightmap_0_13 (DXT1)
[2016.01.14-21.13.12:851][520]LogTexture:Display: Building textures: LQ_Lightmap_0_15 (DXT1)
[2016.01.14-21.13.12:852][520]LogTexture:Display: Building textures: LQ_Lightmap_0_16 (DXT1)
[2016.01.14-21.13.12:853][520]LogTexture:Display: Building textures: LQ_Lightmap_0_17 (DXT1)
[2016.01.14-21.13.12:854][520]LogTexture:Display: Building textures: LQ_Lightmap_0_18 (DXT1)
[2016.01.14-21.13.12:855][520]LogTexture:Display: Building textures: LQ_Lightmap_0_19 (DXT1)
[2016.01.14-21.13.12:856][520]LogTexture:Display: Building textures: LQ_Lightmap_0_20 (DXT1)
[2016.01.14-21.13.12:857][520]LogTexture:Display: Building textures: LQ_Lightmap_0_21 (DXT1)
[2016.01.14-21.13.12:858][520]LogTexture:Display: Building textures: LQ_Lightmap_0_22 (DXT1)
[2016.01.14-21.13.12:859][520]LogTexture:Display: Building textures: LQ_Lightmap_0_4 (DXT1)
[2016.01.14-21.13.12:860][520]LogTexture:Display: Building textures: LQ_Lightmap_0_9 (DXT1)
[2016.01.14-21.13.12:861][520]LogTexture:Display: Building textures: LQ_Lightmap_1_10 (DXT1)
[2016.01.14-21.13.12:863][520]LogTexture:Display: Building textures: LQ_Lightmap_1_12 (DXT1)
[2016.01.14-21.13.12:864][520]LogTexture:Display: Building textures: LQ_Lightmap_1_14 (DXT1)
[2016.01.14-21.13.12:865][520]LogTexture:Display: Building textures: LQ_Lightmap_1_2 (DXT1)
[2016.01.14-21.13.12:866][520]LogTexture:Display: Building textures: LQ_Lightmap_1_3 (DXT1)
[2016.01.14-21.13.12:867][520]LogTexture:Display: Building textures: LQ_Lightmap_1_5 (DXT1)
[2016.01.14-21.13.12:868][520]LogTexture:Display: Building textures: LQ_Lightmap_1_6 (DXT1)
[2016.01.14-21.13.12:869][520]LogTexture:Display: Building textures: LQ_Lightmap_1_7 (DXT1)
[2016.01.14-21.13.12:870][520]LogTexture:Display: Building textures: LQ_Lightmap_1_8 (DXT1)
[2016.01.14-21.13.12:953][520]LogTexture:Display: Building textures: ShadowMapTexture2D_0 (G8)
[2016.01.14-21.13.12:954][520]LogTexture:Display: Building textures: ShadowMapTexture2D_1 (G8)
[2016.01.14-21.13.12:954][520]LogTexture:Display: Building textures: ShadowMapTexture2D_10 (G8)
[2016.01.14-21.13.12:955][520]LogTexture:Display: Building textures: ShadowMapTexture2D_11 (G8)
[2016.01.14-21.13.12:956][520]LogTexture:Display: Building textures: ShadowMapTexture2D_12 (G8)
[2016.01.14-21.13.12:957][520]LogTexture:Display: Building textures: ShadowMapTexture2D_13 (G8)
[2016.01.14-21.13.12:958][520]LogTexture:Display: Building textures: ShadowMapTexture2D_14 (G8)
[2016.01.14-21.13.12:958][520]LogTexture:Display: Building textures: ShadowMapTexture2D_2 (G8)
[2016.01.14-21.13.12:959][520]LogTexture:Display: Building textures: ShadowMapTexture2D_3 (G8)
[2016.01.14-21.13.12:960][520]LogTexture:Display: Building textures: ShadowMapTexture2D_4 (G8)
[2016.01.14-21.13.12:961][520]LogTexture:Display: Building textures: ShadowMapTexture2D_5 (G8)
[2016.01.14-21.13.12:961][520]LogTexture:Display: Building textures: ShadowMapTexture2D_6 (G8)
[2016.01.14-21.13.12:962][520]LogTexture:Display: Building textures: ShadowMapTexture2D_7 (G8)
[2016.01.14-21.13.12:963][520]LogTexture:Display: Building textures: ShadowMapTexture2D_8 (G8)
[2016.01.14-21.13.12:963][520]LogTexture:Display: Building textures: ShadowMapTexture2D_9 (G8)
[2016.01.14-21.13.12:967][520]LogAIModule: Creating AISystem for world Boss
[2016.01.14-21.13.12:968][520]LogParticles:Warning: InitializeSystem called on an unregistered component. Template=/Game/Boss/Beam/P_Beam.P_Beam Component=/Game/FirstPersonBP/Maps/Boss.Boss:PersistentLevel.P_Beam_7.ParticleSystemComponent0
[2016.01.14-21.13.12:968][520]LogParticles:Warning: InitializeSystem called on an unregistered component. Template=/Game/Boss/Beam/P_Beam.P_Beam Component=/Game/FirstPersonBP/Maps/Boss.Boss:PersistentLevel.P_Beam2_11.ParticleSystemComponent0
[2016.01.14-21.13.12:969][520]LogParticles:Warning: InitializeSystem called on an unregistered component. Template=/Game/Boss/Beam/P_Beam.P_Beam Component=/Game/FirstPersonBP/Maps/Boss.Boss:PersistentLevel.P_Beam3_14.ParticleSystemComponent0
[2016.01.14-21.13.12:969][520]LogParticles:Warning: InitializeSystem called on an unregistered component. Template=/Game/Boss/Beam/P_Beam.P_Beam Component=/Game/FirstPersonBP/Maps/Boss.Boss:PersistentLevel.P_Beam4.ParticleSystemComponent0
[2016.01.14-21.13.12:969][520]LogParticles:Warning: InitializeSystem called on an unregistered component. Template=/Game/Boss/Beam/P_Beam.P_Beam Component=/Game/FirstPersonBP/Maps/Boss.Boss:PersistentLevel.P_Beam5.ParticleSystemComponent0
[2016.01.14-21.13.12:969][520]LogParticles:Warning: InitializeSystem called on an unregistered component. Template=/Game/Boss/Beam/P_Beam.P_Beam Component=/Game/FirstPersonBP/Maps/Boss.Boss:PersistentLevel.P_Beam6.ParticleSystemComponent0
[2016.01.14-21.13.12:969][520]LogParticles:Warning: InitializeSystem called on an unregistered component. Template=/Game/Boss/Beam/P_Beam.P_Beam Component=/Game/FirstPersonBP/Maps/Boss.Boss:PersistentLevel.P_Beam7_2.ParticleSystemComponent0
[2016.01.14-21.13.12:970][520]LogParticles:Warning: InitializeSystem called on an unregistered component. Template=/Game/Boss/Beam/P_Beam.P_Beam Component=/Game/FirstPersonBP/Maps/Boss.Boss:PersistentLevel.P_Beam8.ParticleSystemComponent0
[2016.01.14-21.13.13:012][520]LogActorComponent: UnregisterComponent: (/Engine/Transient.CharMoveComp) Not registered. Aborting.
[2016.01.14-21.13.13:012][520]LogActorComponent: UnregisterComponent: (/Engine/Transient.ProjectileMovementComponent_40__A6522401) Not registered. Aborting.
[2016.01.14-21.13.13:012][520]LogActorComponent: UnregisterComponent: (/Engine/Transient.ProjectileMovementComponent_0) Not registered. Aborting.
[2016.01.14-21.13.13:012][520]LogActorComponent: UnregisterComponent: (/Engine/Transient.CharacterMovementComponent_0) Not registered. Aborting.
[2016.01.14-21.13.13:101][520]Cmd: MAP LOAD FILE="../../../../../../Bibliothèques/Documents/Unreal Projects/ShadowerFall/Content/FirstPersonBP/Maps/Boss.umap" TEMPLATE=0 SHOWPROGRESS=1 FEATURELEVEL=3
[2016.01.14-21.13.13:101][520]LightingResults: New page: Lighting Build
[2016.01.14-21.13.13:125][520]LoadErrors: New page: Loading map: Boss.umap
[2016.01.14-21.13.13:127][520]MapCheck: New page: Map Check
[2016.01.14-21.13.13:127][520]LightingResults: New page: Lighting Build
[2016.01.14-21.13.13:146][520]LogParticles: Destroying 0 GPU particle simulations for FXSystem 0x0000006E6B3C5D00
[2016.01.14-21.13.13:245][520]LogEditorServer: Finished looking for orphan Actors (0.000 secs)
[2016.01.14-21.13.13:281][520]Cmd: MAP CHECKDEP NOCLEARLOG
[2016.01.14-21.13.13:375][520]MapCheck: Info Map check complete: 0 Error(s), 0 Warning(s), took 93.987ms to complete.
[2016.01.14-21.13.13:375][520]LogFileHelpers: Loading map 'Boss' took 0.276
[2016.01.14-21.13.13:382][520]LoadErrors:Error: Error /Game/FirstPersonBP/Maps/Boss : Failed import for BlueprintGeneratedClass /Game/FirstPersonBP/Blueprints/Arrows/ArrowNORMAL.ArrowNORMAL_C [redirection] in /Game/FirstPersonBP/Maps/Boss
[2016.01.14-21.13.13:382][520]LoadErrors:Error: Error /Game/FirstPersonBP/Maps/Boss : Failed import for PointLightComponent /Game/FirstPersonBP/Blueprints/Arrows/ArrowNORMAL.ArrowNORMAL_C:PointLight_GEN_VARIABLE
[2016.01.14-21.13.13:382][520]LoadErrors:Error: Error /Game/FirstPersonBP/Maps/Boss : Failed import for ProjectileMovementComponent /Game/FirstPersonBP/Blueprints/Arrows/ArrowNORMAL.ArrowNORMAL_C:ProjectileMovementComponent_40__A6522401
[2016.01.14-21.13.13:382][520]LoadErrors:Error: Error /Game/FirstPersonBP/Maps/Boss : Failed import for SphereComponent /Game/FirstPersonBP/Blueprints/Arrows/ArrowNORMAL.ArrowNORMAL_C:RecupFlecheColl_GEN_VARIABLE
[2016.01.14-21.13.13:382][520]LoadErrors:Error: Error /Game/FirstPersonBP/Maps/Boss : Failed import for SphereComponent /Game/FirstPersonBP/Blueprints/Arrows/ArrowNORMAL.ArrowNORMAL_C:SphereComponent_84__ABACB698
[2016.01.14-21.13.13:382][520]LoadErrors:Error: Error /Game/FirstPersonBP/Maps/Boss : Failed import for StaticMeshComponent /Game/FirstPersonBP/Blueprints/Arrows/ArrowNORMAL.ArrowNORMAL_C:StaticMeshComponent_252__1AD2D010
[2016.01.14-21.13.13:382][520]LoadErrors:Warning: Warning CreateExport: Failed to load Outer for resource 'PointLight': ArrowNORMAL_C /Game/FirstPersonBP/Maps/Boss.Boss:PersistentLevel.ArrowNORMAL2_566
[2016.01.14-21.13.13:382][520]LoadErrors:Warning: Warning CreateExport: Failed to load Outer for resource 'PointLight': ArrowNORMAL_C /Game/FirstPersonBP/Maps/Boss.Boss:PersistentLevel.ArrowNORMAL3_929
[2016.01.14-21.13.13:382][520]LoadErrors:Warning: Warning CreateExport: Failed to load Outer for resource 'PointLight': ArrowNORMAL_C /Game/FirstPersonBP/Maps/Boss.Boss:PersistentLevel.ArrowNORMAL4_1238
[2016.01.14-21.13.13:382][520]LoadErrors:Warning: Warning CreateExport: Failed to load Outer for resource 'PointLight': ArrowNORMAL_C /Game/FirstPersonBP/Maps/Boss.Boss:PersistentLevel.ArrowNORMAL5_1565
[2016.01.14-21.13.13:382][520]LoadErrors:Warning: Warning CreateExport: Failed to load Outer for resource 'PointLight': ArrowNORMAL_C /Game/FirstPersonBP/Maps/Boss.Boss:PersistentLevel.ArrowNORMAL_185
[2016.01.14-21.13.13:383][520]LoadErrors:Warning: Warning CreateExport: Failed to load Outer for resource 'Projectile': ArrowNORMAL_C /Game/FirstPersonBP/Maps/Boss.Boss:PersistentLevel.ArrowNORMAL2_566
[2016.01.14-21.13.13:383][520]LoadErrors:Warning: Warning CreateExport: Failed to load Outer for resource 'Projectile': ArrowNORMAL_C /Game/FirstPersonBP/Maps/Boss.Boss:PersistentLevel.ArrowNORMAL3_929
[2016.01.14-21.13.13:383][520]LoadErrors:Warning: Warning CreateExport: Failed to load Outer for resource 'Projectile': ArrowNORMAL_C /Game/FirstPersonBP/Maps/Boss.Boss:PersistentLevel.ArrowNORMAL4_1238
[2016.01.14-21.13.13:383][520]LoadErrors:Warning: Warning CreateExport: Failed to load Outer for resource 'Projectile': ArrowNORMAL_C /Game/FirstPersonBP/Maps/Boss.Boss:PersistentLevel.ArrowNORMAL5_1565
[2016.01.14-21.13.13:383][520]LoadErrors:Warning: Warning CreateExport: Failed to load Outer for resource 'Projectile': ArrowNORMAL_C /Game/FirstPersonBP/Maps/Boss.Boss:PersistentLevel.ArrowNORMAL_185
[2016.01.14-21.13.13:383][520]LoadErrors:Warning: Warning CreateExport: Failed to load Outer for resource 'CollisionComponent': ArrowNORMAL_C /Game/FirstPersonBP/Maps/Boss.Boss:PersistentLevel.ArrowNORMAL2_566
[2016.01.14-21.13.13:383][520]LoadErrors:Warning: Warning CreateExport: Failed to load Outer for resource 'RecupFlecheColl': ArrowNORMAL_C /Game/FirstPersonBP/Maps/Boss.Boss:PersistentLevel.ArrowNORMAL2_566
[2016.01.14-21.13.13:383][520]LoadErrors:Warning: Warning CreateExport: Failed to load Outer for resource 'CollisionComponent': ArrowNORMAL_C /Game/FirstPersonBP/Maps/Boss.Boss:PersistentLevel.ArrowNORMAL3_929
[2016.01.14-21.13.13:383][520]LoadErrors:Warning: Warning CreateExport: Failed to load Outer for resource 'RecupFlecheColl': ArrowNORMAL_C /Game/FirstPersonBP/Maps/Boss.Boss:PersistentLevel.ArrowNORMAL3_929
[2016.01.14-21.13.13:383][520]LoadErrors:Warning: Warning CreateExport: Failed to load Outer for resource 'CollisionComponent': ArrowNORMAL_C /Game/FirstPersonBP/Maps/Boss.Boss:PersistentLevel.ArrowNORMAL4_1238
[2016.01.14-21.13.13:383][520]LoadErrors:Warning: Warning CreateExport: Failed to load Outer for resource 'RecupFlecheColl': ArrowNORMAL_C /Game/FirstPersonBP/Maps/Boss.Boss:PersistentLevel.ArrowNORMAL4_1238
[2016.01.14-21.13.13:383][520]LoadErrors:Warning: Warning CreateExport: Failed to load Outer for resource 'CollisionComponent': ArrowNORMAL_C /Game/FirstPersonBP/Maps/Boss.Boss:PersistentLevel.ArrowNORMAL5_1565
[2016.01.14-21.13.13:383][520]LoadErrors:Warning: Warning CreateExport: Failed to load Outer for resource 'RecupFlecheColl': ArrowNORMAL_C /Game/FirstPersonBP/Maps/Boss.Boss:PersistentLevel.ArrowNORMAL5_1565
[2016.01.14-21.13.13:383][520]LoadErrors:Warning: Warning CreateExport: Failed to load Outer for resource 'CollisionComponent': ArrowNORMAL_C /Game/FirstPersonBP/Maps/Boss.Boss:PersistentLevel.ArrowNORMAL_185
[2016.01.14-21.13.13:383][520]LoadErrors:Warning: Warning CreateExport: Failed to load Outer for resource 'RecupFlecheColl': ArrowNORMAL_C /Game/FirstPersonBP/Maps/Boss.Boss:PersistentLevel.ArrowNORMAL_185
[2016.01.14-21.13.13:383][520]LoadErrors:Warning: Warning CreateExport: Failed to load Outer for resource 'Sphere': ArrowNORMAL_C /Game/FirstPersonBP/Maps/Boss.Boss:PersistentLevel.ArrowNORMAL2_566
[2016.01.14-21.13.13:384][520]LoadErrors:Warning: Warning CreateExport: Failed to load Outer for resource 'Sphere': ArrowNORMAL_C /Game/FirstPersonBP/Maps/Boss.Boss:PersistentLevel.ArrowNORMAL3_929
[2016.01.14-21.13.13:384][520]LoadErrors:Warning: Warning CreateExport: Failed to load Outer for resource 'Sphere': ArrowNORMAL_C /Game/FirstPersonBP/Maps/Boss.Boss:PersistentLevel.ArrowNORMAL4_1238
[2016.01.14-21.13.13:384][520]LoadErrors:Warning: Warning CreateExport: Failed to load Outer for resource 'Sphere': ArrowNORMAL_C /Game/FirstPersonBP/Maps/Boss.Boss:PersistentLevel.ArrowNORMAL5_1565
[2016.01.14-21.13.13:384][520]LoadErrors:Warning: Warning CreateExport: Failed to load Outer for resource 'Sphere': ArrowNORMAL_C /Game/FirstPersonBP/Maps/Boss.Boss:PersistentLevel.ArrowNORMAL_185
[2016.01.14-21.13.15:326][571]LogBlueprintUserMessages: Early PlayInEditor Detection: Level '/Game/FirstPersonBP/Maps/Boss.Boss:PersistentLevel' has LevelScriptBlueprint '/Game/FirstPersonBP/Maps/Boss.Boss:PersistentLevel.Boss' with GeneratedClass '/Game/FirstPersonBP/Maps/Boss.Boss_C' with ClassGeneratedBy '/Game/FirstPersonBP/Maps/Boss.Boss:PersistentLevel.Boss'
[2016.01.14-21.13.15:326][571]BlueprintLog: New page: Pre-Play auto-recompile
[2016.01.14-21.13.15:326][571]LogPlayLevel: [PlayLevel] Compiling Boss before play...
[2016.01.14-21.13.15:492][571]LogBlueprint:Warning: [compiler Boss] Warning Can't connect pins  Object  and  Other Actor : This cast has an invalid target type (was the class deleted without a redirect?).
[2016.01.14-21.13.15:492][571]LogBlueprint:Warning: [compiler Boss] Warning Can't connect pins  Object  and  Other Actor : This cast has an invalid target type (was the class deleted without a redirect?).
[2016.01.14-21.13.15:492][571]LogBlueprint:Warning: [compiler Boss] Warning Can't connect pins  Other Actor  and  Object : This cast has an invalid target type (was the class deleted without a redirect?).
[2016.01.14-21.13.15:493][571]LogBlueprint:Warning: [compiler Boss] Warning Can't connect pins  Other Actor  and  Object : This cast has an invalid target type (was the class deleted without a redirect?).
[2016.01.14-21.13.15:493][571]LogBlueprint:Warning: [compiler Boss] Warning Can't connect pins  Object  and  Other Actor : This cast has an invalid target type (was the class deleted without a redirect?).
[2016.01.14-21.13.15:493][571]LogBlueprint:Warning: [compiler Boss] Warning Can't connect pins  Other Actor  and  Object : This cast has an invalid target type (was the class deleted without a redirect?).
[2016.01.14-21.13.15:493][571]LogBlueprint:Warning: [compiler Boss] Warning Can't connect pins  Object  and  Other Actor : This cast has an invalid target type (was the class deleted without a redirect?).
[2016.01.14-21.13.15:494][571]LogBlueprint:Warning: [compiler Boss] Warning Can't connect pins  Other Actor  and  Object : This cast has an invalid target type (was the class deleted without a redirect?).
[2016.01.14-21.13.15:494][571]LogBlueprint:Warning: [compiler Boss] Warning Can't connect pins  Object  and  Other Actor : This cast has an invalid target type (was the class deleted without a redirect?).
[2016.01.14-21.13.15:494][571]LogBlueprint:Warning: [compiler Boss] Warning Can't connect pins  Other Actor  and  Object : This cast has an invalid target type (was the class deleted without a redirect?).
[2016.01.14-21.13.15:495][571]LogBlueprint:Warning: [compiler Boss] Warning Can't connect pins  Object  and  Other Actor : This cast has an invalid target type (was the class deleted without a redirect?).
[2016.01.14-21.13.15:495][571]LogBlueprint:Warning: [compiler Boss] Warning Can't connect pins  Other Actor  and  Object : This cast has an invalid target type (was the class deleted without a redirect?).
[2016.01.14-21.13.15:508][571]LogBlueprint:Error: [compiler Boss] Error Node  Bad cast node  has an invalid target type, please delete and recreate it
[2016.01.14-21.13.15:508][571]LogBlueprint:Error: [compiler Boss] Error Node  Bad cast node  has an invalid target class
[2016.01.14-21.13.15:508][571]LogBlueprint:Error: [compiler Boss] Error Node  Bad cast node  has an invalid target type, please delete and recreate it
[2016.01.14-21.13.15:508][571]LogBlueprint:Error: [compiler Boss] Error Node  Bad cast node  has an invalid target class
[2016.01.14-21.13.15:508][571]LogBlueprint:Error: [compiler Boss] Error Node  Bad cast node  has an invalid target type, please delete and recreate it
[2016.01.14-21.13.15:508][571]LogBlueprint:Error: [compiler Boss] Error Node  Bad cast node  has an invalid target class
[2016.01.14-21.13.15:508][571]LogBlueprint:Error: [compiler Boss] Error Node  Bad cast node  has an invalid target type, please delete and recreate it
[2016.01.14-21.13.15:508][571]LogBlueprint:Error: [compiler Boss] Error Node  Bad cast node  has an invalid target class
[2016.01.14-21.13.15:509][571]LogBlueprint:Error: [compiler Boss] Error Node  Bad cast node  has an invalid target type, please delete and recreate it
[2016.01.14-21.13.15:509][571]LogBlueprint:Error: [compiler Boss] Error Node  Bad cast node  has an invalid target class
[2016.01.14-21.13.15:509][571]LogBlueprint:Error: [compiler Boss] Error Node  Bad cast node  has an invalid target type, please delete and recreate it
[2016.01.14-21.13.15:509][571]LogBlueprint:Error: [compiler Boss] Error Node  Bad cast node  has an invalid target class
[2016.01.14-21.13.15:691][571]LogBlueprint:Warning: [compiler Boss] Warning [0040.25] Compile of Boss failed. 12 Fatal Issue(s) 12 Warning(s) [in 309 ms]
[2016.01.14-21.13.15:692][571]LogBlueprint:Warning: [compiler Boss] Warning [0040.25] Compile of Boss failed. 12 Fatal Issue(s) 13 Warning(s) [in 0 ms]
[2016.01.14-21.13.15:692][571]LogBlueprint:Warning: [compiler Boss] Warning [0040.25] Compile of Boss failed. 12 Fatal Issue(s) 14 Warning(s) [in 0 ms]
[2016.01.14-21.13.15:692][571]LogBlueprint:Warning: [compiler Boss] Warning [0040.25] Compile of Boss failed. 12 Fatal Issue(s) 15 Warning(s) [in 0 ms]
[2016.01.14-21.13.15:692][571]LogBlueprint:Warning: [compiler Boss] Warning [0040.25] Compile of Boss failed. 12 Fatal Issue(s) 16 Warning(s) [in 0 ms]
[2016.01.14-21.13.15:692][571]LogBlueprint:Warning: [compiler Boss] Warning [0040.25] Compile of Boss failed. 12 Fatal Issue(s) 17 Warning(s) [in 0 ms]
[2016.01.14-21.13.15:694][571]LogPlayLevel: PlayLevel: Blueprint regeneration took 368 ms (1 blueprints)
[2016.01.14-21.13.15:694][571]LogActorComponent: UnregisterComponent: (/Engine/Transient.CharMoveComp) Not registered. Aborting.
[2016.01.14-21.13.15:717][571]BlueprintLog: Info Blueprint Boss failed to compile
[2016.01.14-21.13.29:948][704]LogLinker:Warning: Asset '../../../Engine/Content/ArtTools/RenderToTexture/Macros/RenderToTextureMacros.uasset' has been saved with empty engine version. The asset will be loaded but may be incompatible.
[2016.01.14-21.13.30:550][704]LogContentBrowser: Native class hierarchy updated for 'BlueprintGraph' in 0.0009 seconds. Added 107 classes and 0 folders.
[2016.01.14-21.13.32:976][809]BlueprintLog: New page: Compile NewKamikaze
[2016.01.14-21.13.33:015][809]LogBlueprint:Warning: [compiler NewKamikaze] Warning Can't connect pins  Other  and  Object : This cast has an invalid target type (was the class deleted without a redirect?).
[2016.01.14-21.13.33:016][809]LogBlueprint:Warning: [compiler NewKamikaze] Warning Can't connect pins  Object  and  Other : This cast has an invalid target type (was the class deleted without a redirect?).
[2016.01.14-21.13.33:020][809]LogBlueprint:Error: [compiler NewKamikaze] Error Node  Bad cast node  has an invalid target type, please delete and recreate it
[2016.01.14-21.13.33:020][809]LogBlueprint:Error: [compiler NewKamikaze] Error Node  Bad cast node  has an invalid target class
[2016.01.14-21.13.33:197][809]LogActorComponent: UnregisterComponent: (/Engine/Transient.CharMoveComp) Not registered. Aborting.
[2016.01.14-21.13.33:229][809]LogBlueprint:Warning: [compiler NewKamikaze] Warning [0057.79] Compile of NewKamikaze failed. 2 Fatal Issue(s) 2 Warning(s) [in 251 ms]
[2016.01.14-21.13.33:229][809]BlueprintEditorCompileResults:Warning: Warning Can't connect pins  Other  and  Object : This cast has an invalid target type (was the class deleted without a redirect?).
[2016.01.14-21.13.33:229][809]BlueprintEditorCompileResults:Warning: Warning Can't connect pins  Object  and  Other : This cast has an invalid target type (was the class deleted without a redirect?).
[2016.01.14-21.13.33:229][809]BlueprintEditorCompileResults:Error: Error Node  This cast has an invalid target type (was the class deleted without a redirect?).  has an invalid target type, please delete and recreate it
[2016.01.14-21.13.33:229][809]BlueprintEditorCompileResults:Error: Error Node  This cast has an invalid target type (was the class deleted without a redirect?).  has an invalid target class
[2016.01.14-21.13.33:229][809]BlueprintEditorCompileResults:Warning: Warning [0057.79] Compile of NewKamikaze failed. 2 Fatal Issue(s) 2 Warning(s) [in 251 ms]
[2016.01.14-21.13.55:005][ 98]LogActorComponent: UnregisterComponent: (/Engine/Transient.CharMoveComp) Not registered. Aborting.
[2016.01.14-21.13.55:201][ 98]LogWindowsTextInputMethodSystem:Display: IME system now deactivated.
[2016.01.14-21.13.55:475][ 99]Cmd: QUIT_EDITOR
[2016.01.14-21.13.55:747][ 99]LogExit: Preparing to exit.
[2016.01.14-21.13.56:372][ 99]LogExit: Editor shut down
[2016.01.14-21.13.56:372][ 99]LogExit: Transaction tracking system shut down
[2016.01.14-21.13.56:377][ 99]LogParticles: Destroying 0 GPU particle simulations for FXSystem 0x0000006E71C15120
[2016.01.14-21.13.56:377][ 99]LogParticles: Destroying 0 GPU particle simulations for FXSystem 0x0000006E71907060
[2016.01.14-21.13.56:377][ 99]LogParticles: Destroying 0 GPU particle simulations for FXSystem 0x0000006E7AC3DD00
[2016.01.14-21.13.56:378][ 99]LogParticles: Destroying 0 GPU particle simulations for FXSystem 0x0000006E71A35620
[2016.01.14-21.13.56:563][ 99]LogParticles: Destroying 0 GPU particle simulations for FXSystem 0x0000006E717B5300
[2016.01.14-21.13.56:563][ 99]LogExit: Object subsystem successfully closed.
[2016.01.14-21.13.56:580][ 99]LogD3D11RHI: Shutdown
[2016.01.14-21.13.56:580][ 99]LogD3D11RHI: CleanupD3DDevice
[2016.01.14-21.13.56:626][ 99]LogD3D11RHI: ~FD3D11DynamicRHI
[2016.01.14-21.13.56:649][ 99]LogModuleManager: Shutting down and abandoning module BlueprintGraph (198)
[2016.01.14-21.13.56:649][ 99]LogModuleManager: Shutting down and abandoning module CrashTracker (197)
[2016.01.14-21.13.56:649][ 99]LogModuleManager: Shutting down and abandoning module SceneOutliner (196)
[2016.01.14-21.13.56:649][ 99]LogModuleManager: Shutting down and abandoning module SuperSearch (195)
[2016.01.14-21.13.56:649][ 99]LogModuleManager: Shutting down and abandoning module WidgetCarousel (194)
[2016.01.14-21.13.56:649][ 99]LogModuleManager: Shutting down and abandoning module AddContentDialog (193)
[2016.01.14-21.13.56:650][ 99]LogModuleManager: Shutting down and abandoning module EditorWidgets (192)
[2016.01.14-21.13.56:650][ 99]LogModuleManager: Shutting down and abandoning module CollectionManager (191)
[2016.01.14-21.13.56:650][ 99]LogModuleManager: Shutting down and abandoning module StatsViewer (190)
[2016.01.14-21.13.56:650][ 99]LogModuleManager: Shutting down and abandoning module FoliageEdit (189)
[2016.01.14-21.13.56:650][ 99]LogModuleManager: Shutting down and abandoning module LandscapeEditor (188)
[2016.01.14-21.13.56:650][ 99]LogModuleManager: Shutting down and abandoning module ActorPickerMode (187)
[2016.01.14-21.13.56:650][ 99]LogModuleManager: Shutting down and abandoning module GeometryMode (186)
[2016.01.14-21.13.56:650][ 99]LogModuleManager: Shutting down and abandoning module TextureAlignMode (185)
[2016.01.14-21.13.56:650][ 99]LogModuleManager: Shutting down and abandoning module BspMode (184)
[2016.01.14-21.13.56:650][ 99]LogModuleManager: Shutting down and abandoning module PlacementMode (183)
[2016.01.14-21.13.56:650][ 99]LogModuleManager: Shutting down and abandoning module AutomationWorker (182)
[2016.01.14-21.13.56:650][ 99]LogModuleManager: Shutting down and abandoning module CharacterAI (181)
[2016.01.14-21.13.56:651][ 99]LogModuleManager: Shutting down and abandoning module SmartSnapping (180)
[2016.01.14-21.13.56:651][ 99]LogModuleManager: Shutting down and abandoning module ViewportSnapping (179)
[2016.01.14-21.13.56:651][ 99]LogModuleManager: Shutting down and abandoning module LogVisualizer (178)
[2016.01.14-21.13.56:651][ 99]LogModuleManager: Shutting down and abandoning module GameProjectGeneration (177)
[2016.01.14-21.13.56:651][ 99]LogModuleManager: Shutting down and abandoning module IntroTutorials (176)
[2016.01.14-21.13.56:651][ 99]LogModuleManager: Shutting down and abandoning module EditorLiveStreaming (175)
[2016.01.14-21.13.56:651][ 99]LogModuleManager: Shutting down and abandoning module IOSPlatformEditor (174)
[2016.01.14-21.13.56:651][ 99]LogModuleManager: Shutting down and abandoning module HTML5PlatformEditor (173)
[2016.01.14-21.13.56:651][ 99]LogModuleManager: Shutting down and abandoning module AndroidDeviceDetection (172)
[2016.01.14-21.13.57:366][ 99]LogModuleManager: Shutting down and abandoning module AndroidPlatformEditor (171)
[2016.01.14-21.13.57:366][ 99]LogModuleManager: Shutting down and abandoning module IOSRuntimeSettings (170)
[2016.01.14-21.13.57:366][ 99]LogModuleManager: Shutting down and abandoning module AndroidRuntimeSettings (169)
[2016.01.14-21.13.57:366][ 99]LogModuleManager: Shutting down and abandoning module MergeActors (168)
[2016.01.14-21.13.57:366][ 99]LogModuleManager: Shutting down and abandoning module SizeMap (167)
[2016.01.14-21.13.57:366][ 99]LogModuleManager: Shutting down and abandoning module TreeMap (166)
[2016.01.14-21.13.57:366][ 99]LogModuleManager: Shutting down and abandoning module ReferenceViewer (165)
[2016.01.14-21.13.57:366][ 99]LogModuleManager: Shutting down and abandoning module LocalizationService (164)
[2016.01.14-21.13.57:366][ 99]LogModuleManager: Shutting down and abandoning module LocalizationDashboard (163)
[2016.01.14-21.13.57:366][ 99]LogModuleManager: Shutting down and abandoning module HardwareTargeting (162)
[2016.01.14-21.13.57:366][ 99]LogModuleManager: Shutting down and abandoning module DeviceProfileEditor (161)
[2016.01.14-21.13.57:366][ 99]LogModuleManager: Shutting down and abandoning module UndoHistory (160)
[2016.01.14-21.13.57:366][ 99]LogModuleManager: Shutting down and abandoning module GameplayTagsEditor (159)
[2016.01.14-21.13.57:366][ 99]LogModuleManager: Shutting down and abandoning module UserFeedback (158)
[2016.01.14-21.13.57:366][ 99]LogModuleManager: Shutting down and abandoning module XmlParser (157)
[2016.01.14-21.13.57:366][ 99]LogModuleManager: Shutting down and abandoning module Blutility (156)
[2016.01.14-21.13.57:366][ 99]LogModuleManager: Shutting down and abandoning module ProjectTargetPlatformEditor (155)
[2016.01.14-21.13.57:366][ 99]LogModuleManager: Shutting down and abandoning module ProjectSettingsViewer (154)
[2016.01.14-21.13.57:366][ 99]LogModuleManager: Shutting down and abandoning module InputBindingEditor (153)
[2016.01.14-21.13.57:366][ 99]LogModuleManager: Shutting down and abandoning module EditorSettingsViewer (152)
[2016.01.14-21.13.57:366][ 99]LogModuleManager: Shutting down and abandoning module SettingsEditor (151)
[2016.01.14-21.13.57:366][ 99]LogModuleManager: Shutting down and abandoning module ProjectLauncher (150)
[2016.01.14-21.13.57:366][ 99]LogModuleManager: Shutting down and abandoning module SessionFrontend (149)
[2016.01.14-21.13.57:366][ 99]LogModuleManager: Shutting down and abandoning module ProfilerClient (148)
[2016.01.14-21.13.57:366][ 99]LogModuleManager: Shutting down and abandoning module TargetDeviceServices (147)
[2016.01.14-21.13.57:366][ 99]LogModuleManager: Shutting down and abandoning module DeviceManager (146)
[2016.01.14-21.13.57:367][ 99]LogModuleManager: Shutting down and abandoning module AutomationController (145)
[2016.01.14-21.13.57:367][ 99]LogModuleManager: Shutting down and abandoning module AutomationWindow (144)
[2016.01.14-21.13.57:367][ 99]LogModuleManager: Shutting down and abandoning module Layers (143)
[2016.01.14-21.13.57:367][ 99]LogModuleManager: Shutting down and abandoning module ComponentVisualizers (142)
[2016.01.14-21.13.57:367][ 99]LogModuleManager: Shutting down and abandoning module DetailCustomizations (141)
[2016.01.14-21.13.57:367][ 99]LogModuleManager: Shutting down and abandoning module PackagesDialog (140)
[2016.01.14-21.13.57:367][ 99]LogModuleManager: Shutting down and abandoning module Persona (139)
[2016.01.14-21.13.57:367][ 99]LogModuleManager: Shutting down and abandoning module Kismet (138)
[2016.01.14-21.13.57:367][ 99]LogModuleManager: Shutting down and abandoning module GraphEditor (137)
[2016.01.14-21.13.57:367][ 99]LogModuleManager: Shutting down and abandoning module ClassViewer (136)
[2016.01.14-21.13.57:367][ 99]LogModuleManager: Shutting down and abandoning module Toolbox (135)
[2016.01.14-21.13.57:367][ 99]LogModuleManager: Shutting down and abandoning module ModuleUI (134)
[2016.01.14-21.13.57:367][ 99]LogModuleManager: Shutting down and abandoning module MovieSceneTools (133)
[2016.01.14-21.13.57:367][ 99]LogModuleManager: Shutting down and abandoning module OutputLog (132)
[2016.01.14-21.13.57:367][ 99]LogModuleManager: Shutting down and abandoning module GammaUI (131)
[2016.01.14-21.13.57:367][ 99]LogModuleManager: Shutting down and abandoning module Documentation (130)
[2016.01.14-21.13.57:367][ 99]LogModuleManager: Shutting down and abandoning module GameLiveStreaming (129)
[2016.01.14-21.13.57:367][ 99]LogModuleManager: Shutting down and abandoning module StreamingPauseRendering (128)
[2016.01.14-21.13.57:367][ 99]LogModuleManager: Shutting down and abandoning module AnalyticsET (127)
[2016.01.14-21.13.57:367][ 99]LogModuleManager: Shutting down and abandoning module Analytics (126)
[2016.01.14-21.13.57:367][ 99]LogModuleManager: Shutting down and abandoning module AITestSuite (125)
[2016.01.14-21.13.57:367][ 99]LogModuleManager: Shutting down and abandoning module GameplayDebugger (124)
[2016.01.14-21.13.57:367][ 99]LogModuleManager: Shutting down and abandoning module AIModule (123)
[2016.01.14-21.13.57:367][ 99]LogModuleManager: Shutting down and abandoning module ProfilerService (122)
[2016.01.14-21.13.57:430][ 99]LogModuleManager: Shutting down and abandoning module TaskGraph (121)
[2016.01.14-21.13.57:430][ 99]LogModuleManager: Shutting down and abandoning module SlateRemote (120)
[2016.01.14-21.13.57:430][ 99]LogModuleManager: Shutting down and abandoning module SteamVRController (119)
[2016.01.14-21.13.57:430][ 99]LogModuleManager: Shutting down and abandoning module SteamVR (118)
[2016.01.14-21.13.57:430][ 99]LogModuleManager: Shutting down and abandoning module ProceduralMeshComponent (117)
[2016.01.14-21.13.57:430][ 99]LogModuleManager: Shutting down and abandoning module OculusRift (116)
[2016.01.14-21.13.57:430][ 99]LogModuleManager: Shutting down and abandoning module OculusLibrary (115)
[2016.01.14-21.13.57:430][ 99]LogModuleManager: Shutting down and abandoning module LeapMotionController (114)
[2016.01.14-21.13.57:450][ 99]LogModuleManager: Shutting down and abandoning module CustomMeshComponent (113)
[2016.01.14-21.13.57:450][ 99]LogModuleManager: Shutting down and abandoning module CableComponent (112)
[2016.01.14-21.13.57:450][ 99]LogModuleManager: Shutting down and abandoning module ArchVisCharacter (111)
[2016.01.14-21.13.57:450][ 99]LogModuleManager: Shutting down and abandoning module MessagingDebugger (110)
[2016.01.14-21.13.57:450][ 99]LogModuleManager: Shutting down and abandoning module MediaPlayerEditor (109)
[2016.01.14-21.13.57:450][ 99]LogModuleManager: Shutting down and abandoning module HTML5Networking (108)
[2016.01.14-21.13.57:450][ 99]LogModuleManager: Shutting down and abandoning module SpeedTreeImporter (107)
[2016.01.14-21.13.57:450][ 99]LogModuleManager: Shutting down and abandoning module PluginBrowser (106)
[2016.01.14-21.13.57:450][ 99]LogModuleManager: Shutting down and abandoning module EpicSurvey (105)
[2016.01.14-21.13.57:450][ 99]LogModuleManager: Shutting down and abandoning module DesktopPlatform (104)
[2016.01.14-21.13.57:450][ 99]LogModuleManager: Shutting down and abandoning module VisualStudioSourceCodeAccess (103)
[2016.01.14-21.13.57:450][ 99]LogModuleManager: Shutting down and abandoning module UObjectPlugin (102)
[2016.01.14-21.13.57:450][ 99]LogModuleManager: Shutting down and abandoning module SubversionSourceControl (101)
[2016.01.14-21.13.57:450][ 99]LogModuleManager: Shutting down and abandoning module PerforceSourceControl (100)
[2016.01.14-21.13.57:450][ 99]LogModuleManager: Shutting down and abandoning module SourceControl (99)
[2016.01.14-21.13.57:450][ 99]LogModuleManager: Shutting down and abandoning module GitSourceControl (98)
[2016.01.14-21.13.57:450][ 99]LogModuleManager: Shutting down and abandoning module LightPropagationVolumeEditor (97)
[2016.01.14-21.13.57:450][ 99]LogModuleManager: Shutting down and abandoning module PaperTiledImporter (96)
[2016.01.14-21.13.57:450][ 99]LogModuleManager: Shutting down and abandoning module PaperSpriteSheetImporter (95)
[2016.01.14-21.13.57:450][ 99]LogModuleManager: Shutting down and abandoning module MeshPaint (94)
[2016.01.14-21.13.57:450][ 99]LogModuleManager: Shutting down and abandoning module SlateReflector (93)
[2016.01.14-21.13.57:450][ 99]LogModuleManager: Shutting down and abandoning module HotReload (92)
[2016.01.14-21.13.57:450][ 99]LogModuleManager: Shutting down and abandoning module MainFrame (91)
[2016.01.14-21.13.57:450][ 99]LogModuleManager: Shutting down and abandoning module LevelEditor (90)
[2016.01.14-21.13.57:451][ 99]LogModuleManager: Shutting down and abandoning module DirectoryWatcher (89)
[2016.01.14-21.13.57:452][ 99]LogModuleManager: Shutting down and abandoning module AssetRegistry (88)
[2016.01.14-21.13.57:545][ 99]LogModuleManager: Shutting down and abandoning module ContentBrowser (87)
[2016.01.14-21.13.57:546][ 99]LogModuleManager: Shutting down and abandoning module Paper2DEditor (86)
[2016.01.14-21.13.57:546][ 99]LogModuleManager: Shutting down and abandoning module UdpMessaging (85)
[2016.01.14-21.13.57:647][ 99]LogModuleManager: Shutting down and abandoning module LightPropagationVolumeRuntime (84)
[2016.01.14-21.13.57:647][ 99]LogModuleManager: Shutting down and abandoning module Paper2D (83)
[2016.01.14-21.13.57:647][ 99]LogModuleManager: Shutting down and abandoning module WindowsMoviePlayer (82)
[2016.01.14-21.13.57:650][ 99]LogModuleManager: Shutting down and abandoning module Media (81)
[2016.01.14-21.13.57:650][ 99]LogModuleManager: Shutting down and abandoning module WmfMedia (80)
[2016.01.14-21.13.57:650][ 99]LogModuleManager: Shutting down and abandoning module OnlineBlueprintSupport (79)
[2016.01.14-21.13.57:650][ 99]LogModuleManager: Shutting down and abandoning module GameplayTasksEditor (78)
[2016.01.14-21.13.57:650][ 99]LogModuleManager: Shutting down and abandoning module PropertyEditor (77)
[2016.01.14-21.13.57:650][ 99]LogModuleManager: Shutting down and abandoning module BehaviorTreeEditor (76)
[2016.01.14-21.13.57:650][ 99]LogModuleManager: Shutting down and abandoning module FunctionalTesting (75)
[2016.01.14-21.13.57:650][ 99]LogModuleManager: Shutting down and abandoning module CollisionAnalyzer (74)
[2016.01.14-21.13.57:650][ 99]LogModuleManager: Shutting down and abandoning module WorkspaceMenuStructure (73)
[2016.01.14-21.13.57:650][ 99]LogModuleManager: Shutting down and abandoning module MessageLog (72)
[2016.01.14-21.13.57:650][ 99]LogModuleManager: Shutting down and abandoning module Sequencer (71)
[2016.01.14-21.13.57:650][ 99]LogModuleManager: Shutting down and abandoning module AssetTools (70)
[2016.01.14-21.13.57:650][ 99]LogModuleManager: Shutting down and abandoning module UMGEditor (69)
[2016.01.14-21.13.57:650][ 99]LogModuleManager: Shutting down and abandoning module UMG (68)
[2016.01.14-21.13.57:650][ 99]LogModuleManager: Shutting down and abandoning module Slate (67)
[2016.01.14-21.13.57:650][ 99]LogModuleManager: Shutting down and abandoning module EditorStyle (66)
[2016.01.14-21.13.57:652][ 99]LogModuleManager: Shutting down and abandoning module SessionServices (65)
[2016.01.14-21.13.57:652][ 99]LogModuleManager: Shutting down and abandoning module SourceCodeAccess (64)
[2016.01.14-21.13.57:652][ 99]LogModuleManager: Shutting down and abandoning module HeadMountedDisplay (63)
[2016.01.14-21.13.57:652][ 99]LogModuleManager: Shutting down and abandoning module XAudio2 (62)
[2016.01.14-21.13.57:652][ 99]LogModuleManager: Shutting down and abandoning module Networking (60)
[2016.01.14-21.13.57:652][ 99]LogModuleManager: Shutting down and abandoning module Core (59)
[2016.01.14-21.13.57:652][ 99]LogModuleManager: Shutting down and abandoning module KismetCompiler (58)
[2016.01.14-21.13.57:652][ 99]LogModuleManager: Shutting down and abandoning module PhysXFormats (57)
[2016.01.14-21.13.57:652][ 99]LogModuleManager: Shutting down and abandoning module MeshUtilities (56)
[2016.01.14-21.13.57:652][ 99]LogModuleManager: Shutting down and abandoning module CookingStats (55)
[2016.01.14-21.13.57:653][ 99]LogModuleManager: Shutting down and abandoning module DerivedDataCache (54)
[2016.01.14-21.13.57:784][ 99]LogDerivedDataCache: Shutdown
[2016.01.14-21.13.57:784][ 99]LogModuleManager: Shutting down and abandoning module ShaderFormatOpenGL (53)
[2016.01.14-21.13.57:784][ 99]LogModuleManager: Shutting down and abandoning module ShaderFormatD3D (52)
[2016.01.14-21.13.57:784][ 99]LogModuleManager: Shutting down and abandoning module MetalShaderFormat (51)
[2016.01.14-21.13.57:784][ 99]LogModuleManager: Shutting down and abandoning module TextureFormatUncompressed (50)
[2016.01.14-21.13.57:784][ 99]LogModuleManager: Shutting down and abandoning module TextureFormatPVR (49)
[2016.01.14-21.13.57:784][ 99]LogModuleManager: Shutting down and abandoning module TextureFormatIntelISPCTexComp (48)
[2016.01.14-21.13.57:784][ 99]LogModuleManager: Shutting down and abandoning module TextureFormatDXT (47)
[2016.01.14-21.13.57:784][ 99]LogModuleManager: Shutting down and abandoning module ImageWrapper (46)
[2016.01.14-21.13.57:784][ 99]LogModuleManager: Shutting down and abandoning module TextureFormatASTC (45)
[2016.01.14-21.13.57:784][ 99]LogModuleManager: Shutting down and abandoning module TextureFormatAndroid (44)
[2016.01.14-21.13.57:784][ 99]LogModuleManager: Shutting down and abandoning module AudioFormatOpus (43)
[2016.01.14-21.13.57:784][ 99]LogModuleManager: Shutting down and abandoning module AudioFormatOgg (42)
[2016.01.14-21.13.57:784][ 99]LogModuleManager: Shutting down and abandoning module AudioFormatADPCM (41)
[2016.01.14-21.13.57:784][ 99]LogModuleManager: Shutting down and abandoning module LinuxTargetPlatform (40)
[2016.01.14-21.13.57:784][ 99]LogModuleManager: Shutting down and abandoning module LinuxServerTargetPlatform (39)
[2016.01.14-21.13.57:784][ 99]LogModuleManager: Shutting down and abandoning module LinuxNoEditorTargetPlatform (38)
[2016.01.14-21.13.57:784][ 99]LogModuleManager: Shutting down and abandoning module Messaging (37)
[2016.01.14-21.13.57:784][ 99]LogModuleManager: Shutting down and abandoning module IOSTargetPlatform (36)
[2016.01.14-21.13.57:784][ 99]LogModuleManager: Shutting down and abandoning module HTML5TargetPlatform (35)
[2016.01.14-21.13.57:784][ 99]LogModuleManager: Shutting down and abandoning module Android_PVRTCTargetPlatform (34)
[2016.01.14-21.13.57:784][ 99]LogModuleManager: Shutting down and abandoning module Android_ETC2TargetPlatform (33)
[2016.01.14-21.13.57:784][ 99]LogModuleManager: Shutting down and abandoning module Android_ETC1TargetPlatform (32)
[2016.01.14-21.13.57:784][ 99]LogModuleManager: Shutting down and abandoning module Android_DXTTargetPlatform (31)
[2016.01.14-21.13.57:784][ 99]LogModuleManager: Shutting down and abandoning module Android_ATCTargetPlatform (30)
[2016.01.14-21.13.57:784][ 99]LogModuleManager: Shutting down and abandoning module Android_ASTCTargetPlatform (29)
[2016.01.14-21.13.57:784][ 99]LogModuleManager: Shutting down and abandoning module AndroidTargetPlatform (28)
[2016.01.14-21.13.57:784][ 99]LogModuleManager: Shutting down and abandoning module WindowsTargetPlatform (27)
[2016.01.14-21.13.57:784][ 99]LogModuleManager: Shutting down and abandoning module WindowsServerTargetPlatform (26)
[2016.01.14-21.13.57:784][ 99]LogModuleManager: Shutting down and abandoning module WindowsNoEditorTargetPlatform (25)
[2016.01.14-21.13.57:784][ 99]LogModuleManager: Shutting down and abandoning module WindowsClientTargetPlatform (24)
[2016.01.14-21.13.57:784][ 99]LogModuleManager: Shutting down and abandoning module AllDesktopTargetPlatform (23)
[2016.01.14-21.13.57:784][ 99]LogModuleManager: Shutting down and abandoning module TargetPlatform (22)
[2016.01.14-21.13.57:784][ 99]LogModuleManager: Shutting down and abandoning module InputCore (21)
[2016.01.14-21.13.57:785][ 99]LogModuleManager: Shutting down and abandoning module Settings (20)
[2016.01.14-21.13.57:785][ 99]LogModuleManager: Shutting down and abandoning module OnlineSubsystem (18)
[2016.01.14-21.13.57:785][ 99]LogModuleManager: Shutting down and abandoning module HTTP (17)
[2016.01.14-21.13.58:787][ 99]LogModuleManager: Shutting down and abandoning module XMPP (16)
[2016.01.14-21.13.58:787][ 99]LogModuleManager: Shutting down and abandoning module ExampleDeviceProfileSelector (15)
[2016.01.14-21.13.58:787][ 99]LogModuleManager: Shutting down and abandoning module TextureCompressor (14)
[2016.01.14-21.13.58:787][ 99]LogModuleManager: Shutting down and abandoning module ShaderCore (13)
[2016.01.14-21.13.58:787][ 99]LogModuleManager: Shutting down and abandoning module Landscape (12)
[2016.01.14-21.13.58:787][ 99]LogModuleManager: Shutting down and abandoning module SlateRHIRenderer (11)
[2016.01.14-21.13.58:788][ 99]LogModuleManager: Shutting down and abandoning module OpenGLDrv (10)
[2016.01.14-21.13.58:788][ 99]LogModuleManager: Shutting down and abandoning module D3D11RHI (9)
[2016.01.14-21.13.58:788][ 99]LogModuleManager: Shutting down and abandoning module AnimGraphRuntime (8)
[2016.01.14-21.13.58:788][ 99]LogModuleManager: Shutting down and abandoning module Renderer (7)
[2016.01.14-21.13.58:788][ 99]LogModuleManager: Shutting down and abandoning module Engine (6)
[2016.01.14-21.13.58:788][ 99]LogModuleManager: Shutting down and abandoning module CoreUObject (5)
[2016.01.14-21.13.58:788][ 99]LogModuleManager: Shutting down and abandoning module NetworkFile (4)
[2016.01.14-21.13.58:788][ 99]LogModuleManager: Shutting down and abandoning module StreamingFile (3)
[2016.01.14-21.13.58:788][ 99]LogModuleManager: Shutting down and abandoning module SandboxFile (2)
[2016.01.14-21.13.58:788][ 99]LogModuleManager: Shutting down and abandoning module PakFile (1)
[2016.01.14-21.13.58:789][ 99]LogExit: Exiting.
[2016.01.14-21.13.58:790][ 99]Log file closed, 01/14/16 16:13:58
