[2016.01.15-10.12.21:938][  0]Log file open, 01/15/16 05:12:21
[2016.01.15-10.12.21:938][  0]LogInit:Display: Running engine for game: ShadowFall
[2016.01.15-10.12.21:938][  0]LogInit:Display: RandInit(2095484963) SRandInit(2095484963).
[2016.01.15-10.12.21:938][  0]LogTaskGraph: Started task graph with 4 named threads and 7 total threads.
[2016.01.15-10.12.21:938][  0]LogStats: Stats thread started at 0.098070
[2016.01.15-10.12.21:938][  0]LogInit: Version: 4.9.2-2707645+++depot+UE4-Releases+4.9
[2016.01.15-10.12.21:938][  0]LogInit: API Version: 2672455
[2016.01.15-10.12.21:938][  0]LogInit: Compiled (64-bit): Sep 28 2015 10:25:44
[2016.01.15-10.12.21:938][  0]LogInit: Compiled with Visual C++: 18.00.21005.01
[2016.01.15-10.12.21:938][  0]LogInit: Build Configuration: Development
[2016.01.15-10.12.21:938][  0]LogInit: Branch Name: ++depot+UE4-Releases+4.9
[2016.01.15-10.12.21:938][  0]LogInit: Command line:  
[2016.01.15-10.12.21:938][  0]LogInit: Base directory: C:/Program Files/Epic Games/4.9/Engine/Binaries/Win64/
[2016.01.15-10.12.21:938][  0]LogInit: Rocket: 1
[2016.01.15-10.12.21:938][  0]LogInit: Using libcurl 7.41.0
[2016.01.15-10.12.21:938][  0]LogInit:  - built for x86_64-pc-win32
[2016.01.15-10.12.21:938][  0]LogInit:  - supports SSL with WinSSL
[2016.01.15-10.12.21:938][  0]LogInit:  - other features:
[2016.01.15-10.12.21:938][  0]LogInit:      CURL_VERSION_SSL
[2016.01.15-10.12.21:938][  0]LogInit:      CURL_VERSION_IPV6
[2016.01.15-10.12.21:938][  0]LogInit:      CURL_VERSION_ASYNCHDNS
[2016.01.15-10.12.21:938][  0]LogInit:      CURL_VERSION_LARGEFILE
[2016.01.15-10.12.21:938][  0]LogInit:      CURL_VERSION_IDN
[2016.01.15-10.12.21:938][  0]LogInit:  CurlRequestOptions (configurable via config and command line):
[2016.01.15-10.12.21:938][  0]LogInit:  - bVerifyPeer = true  - Libcurl will verify peer certificate
[2016.01.15-10.12.21:938][  0]LogInit:  - bUseHttpProxy = false  - Libcurl will NOT use HTTP proxy
[2016.01.15-10.12.21:938][  0]LogInit:  - bDontReuseConnections = false  - Libcurl will reuse connections
[2016.01.15-10.12.21:938][  0]LogInit:  - CertBundlePath = nullptr  - Libcurl will use whatever was configured at build time.
[2016.01.15-10.12.21:954][  0]LogInit: Presizing for 0 objects not considered by GC, pre-allocating 0 bytes.
[2016.01.15-10.12.21:954][  0]LogInit: Object subsystem initialized
[2016.01.15-10.12.21:954][  0]LogInit: Selected Device Profile: [Windows]
[2016.01.15-10.12.21:954][  0]LogInit: Applying CVar settings loaded from the selected device profile: [Windows]
[2016.01.15-10.12.21:970][  0]LogInit: Computer: MELCOM
[2016.01.15-10.12.21:970][  0]LogInit: User: Melcom
[2016.01.15-10.12.21:970][  0]LogInit: CPU Page size=4096, Cores=4
[2016.01.15-10.12.21:970][  0]LogInit: High frequency timer resolution =2.728072 MHz
[2016.01.15-10.12.21:970][  0]LogMemory: Memory total: Physical=15.9GB (16GB approx)
[2016.01.15-10.12.21:970][  0]LogMemory: Platform Memory Stats for Windows
[2016.01.15-10.12.21:970][  0]LogMemory: Process Physical Memory: 54.33 MB used, 54.33 MB peak
[2016.01.15-10.12.21:970][  0]LogMemory: Process Virtual Memory: 56.67 MB used, 56.67 MB peak
[2016.01.15-10.12.21:970][  0]LogMemory: Physical Memory: 3930.34 MB used, 16302.69 MB total
[2016.01.15-10.12.21:970][  0]LogMemory: Virtual Memory: 353.99 MB used, 134217728.00 MB total
[2016.01.15-10.12.22:298][  0]LogTextLocalizationManager: No translations for ('fr-CA') exist, falling back to 'en' for localization and internationalization data.
[2016.01.15-10.12.22:967][  0]LogD3D11RHI: Found D3D11 adapter 0: Intel(R) HD Graphics 4600 (Feature Level 11_0)
[2016.01.15-10.12.22:967][  0]LogD3D11RHI: Adapter has 128MB of dedicated video memory, 0MB of dedicated system memory, and 1792MB of shared system memory, 1 output[s]
[2016.01.15-10.12.22:985][  0]LogD3D11RHI: Found D3D11 adapter 1: NVIDIA GeForce GTX 870M  (Feature Level 11_0)
[2016.01.15-10.12.22:985][  0]LogD3D11RHI: Adapter has 6031MB of dedicated video memory, 0MB of dedicated system memory, and 8151MB of shared system memory, 0 output[s]
[2016.01.15-10.12.22:986][  0]LogD3D11RHI: Found D3D11 adapter 2: Microsoft Basic Render Driver (Feature Level 11_0)
[2016.01.15-10.12.22:986][  0]LogD3D11RHI: Adapter has 0MB of dedicated video memory, 0MB of dedicated system memory, and 256MB of shared system memory, 0 output[s]
[2016.01.15-10.12.22:986][  0]LogD3D11RHI: Chosen D3D11 Adapter Id = 0
[2016.01.15-10.12.22:991][  0]LogD3D11RHI: !Direct3DDevice
[2016.01.15-10.12.22:991][  0]LogRHI: Texture pool is 1361 MB (70% of 1945 MB)
[2016.01.15-10.12.23:009][  0]LogD3D11RHI: Async texture creation enabled
[2016.01.15-10.12.23:026][  0]LogShaderCompilers: Guid format shader working directory is 15 characters bigger than the processId version (D:/Disque C/Isart GD2/Level Design/Travaux/ShadowerFall/Intermediate/Shaders/WorkingDirectory/7228/).
[2016.01.15-10.12.23:026][  0]LogShaderCompilers: Cleaned the shader compiler working directory 'D:/Disque C/Isart GD2/Level Design/Travaux/ShadowerFall/Intermediate/Shaders/tmp/FCC8246042700F4088E25690252B7851/'.
[2016.01.15-10.12.23:026][  0]LogShaderCompilers:Display: Using Local Shader Compiler.
[2016.01.15-10.12.24:010][  0]LogTemp:Display: Loaded TP AllDesktopTargetPlatform
[2016.01.15-10.12.24:015][  0]LogTemp:Display: Loaded TP WindowsClientTargetPlatform
[2016.01.15-10.12.24:020][  0]LogTemp:Display: Loaded TP WindowsNoEditorTargetPlatform
[2016.01.15-10.12.24:025][  0]LogTemp:Display: Loaded TP WindowsServerTargetPlatform
[2016.01.15-10.12.24:029][  0]LogTemp:Display: Loaded TP WindowsTargetPlatform
[2016.01.15-10.12.24:033][  0]LogTemp:Display: Loaded TP AndroidTargetPlatform
[2016.01.15-10.12.24:036][  0]LogTemp:Display: Loaded TP Android_ASTCTargetPlatform
[2016.01.15-10.12.24:039][  0]LogTemp:Display: Loaded TP Android_ATCTargetPlatform
[2016.01.15-10.12.24:042][  0]LogTemp:Display: Loaded TP Android_DXTTargetPlatform
[2016.01.15-10.12.24:046][  0]LogTemp:Display: Loaded TP Android_ETC1TargetPlatform
[2016.01.15-10.12.24:049][  0]LogTemp:Display: Loaded TP Android_ETC2TargetPlatform
[2016.01.15-10.12.24:053][  0]LogTemp:Display: Loaded TP Android_PVRTCTargetPlatform
[2016.01.15-10.12.24:053][  0]LogTemp:Display: Loaded TP HTML5TargetPlatform
[2016.01.15-10.12.24:071][  0]LogTemp:Display: Loaded TP IOSTargetPlatform
[2016.01.15-10.12.24:074][  0]LogTemp:Display: Loaded TP LinuxNoEditorTargetPlatform
[2016.01.15-10.12.24:078][  0]LogTemp:Display: Loaded TP LinuxServerTargetPlatform
[2016.01.15-10.12.24:081][  0]LogTemp:Display: Loaded TP LinuxTargetPlatform
[2016.01.15-10.12.24:081][  0]LogTargetPlatformManager:Display: Building Assets For Windows
[2016.01.15-10.12.24:164][  0]LogDerivedDataCache:Display: Max Cache Size: 512 MB
[2016.01.15-10.12.24:209][  0]LogDerivedDataCache: Loaded boot cache 0.05s 41MB C:/Users/Melcom/AppData/Local/UnrealEngine/4.9/DerivedDataCache/Boot.ddc.
[2016.01.15-10.12.24:209][  0]LogDerivedDataCache:Display: Loaded Boot cache: C:/Users/Melcom/AppData/Local/UnrealEngine/4.9/DerivedDataCache/Boot.ddc
[2016.01.15-10.12.24:209][  0]LogDerivedDataCache: FDerivedDataBackendGraph:  Pak pak cache file D:/Disque C/Isart GD2/Level Design/Travaux/ShadowerFall/DerivedDataCache/DDC.ddp not found, will not use a pak cache.
[2016.01.15-10.12.24:209][  0]LogDerivedDataCache: Unable to find inner node Pak for hierarchical cache Hierarchy.
[2016.01.15-10.12.24:209][  0]LogDerivedDataCache: FDerivedDataBackendGraph:  CompressedPak pak cache file D:/Disque C/Isart GD2/Level Design/Travaux/ShadowerFall/DerivedDataCache/Compressed.ddp not found, will not use a pak cache.
[2016.01.15-10.12.24:209][  0]LogDerivedDataCache: Unable to find inner node CompressedPak for hierarchical cache Hierarchy.
[2016.01.15-10.12.24:324][  0]LogDerivedDataCache:Display: Pak cache opened for reading ../../../Engine/DerivedDataCache/Compressed.ddp.
[2016.01.15-10.12.24:336][  0]LogDerivedDataCache: Using Local data cache path C:/Users/Melcom/AppData/Local/UnrealEngine/Common/DerivedDataCache: Writable
[2016.01.15-10.12.24:498][  0]LogInit: Selected Device Profile: [Windows]
[2016.01.15-10.12.24:500][  0]LogContentStreaming: Texture pool size is 0.000000MB
[2016.01.15-10.12.24:607][  0]LogMeshUtilities: No automatic mesh reduction module available
[2016.01.15-10.12.24:607][  0]LogMeshUtilities: No automatic mesh merging module available
[2016.01.15-10.12.24:830][  0]LogInit: WinSock: version 1.1 (2.2), MaxSocks=32767, MaxUdp=65467
[2016.01.15-10.12.25:500][  0]UdpMessaging: Initializing bridge on interface 0.0.0.0:0 to multicast group 230.0.0.1:6666.
[2016.01.15-10.12.25:632][  0]LogAssetRegistry: FAssetRegistry took 0.0111 seconds to start up
[2016.01.15-10.12.25:782][  0]SourceControl: Info Source control is disabled
[2016.01.15-10.12.25:783][  0]SourceControl: Info Source control is disabled
[2016.01.15-10.12.25:796][  0]SourceControl: Info Source control is disabled
[2016.01.15-10.12.25:808][  0]SourceControl: Info Source control is disabled
[2016.01.15-10.12.25:975][  0]LogLinker:Warning: Asset '../../../Engine/Plugins/Runtime/LeapMotionController/Content/LM_PassthroughMaterial.uasset' has been saved with empty engine version. The asset will be loaded but may be incompatible.
[2016.01.15-10.12.26:058][  0]LogObj: 28361 objects as part of root set at end of initial load.
[2016.01.15-10.12.26:058][  0]LogUObjectAllocator: 6038872 out of 0 bytes used by permanent object pool.
[2016.01.15-10.12.26:108][  0]LogEngine: Initializing Engine...
[2016.01.15-10.12.26:113][  0]LogHMD: Can't find Oculus library dev build: is proper Runtime installed? Version: 0.7.0.0
[2016.01.15-10.12.26:114][  0]LogHMD: SteamVR failed to initialize.  Err: 110
[2016.01.15-10.12.26:210][  0]LogAIModule: Creating AISystem for world NewWorld
[2016.01.15-10.12.26:214][  0]LogInit: XAudio2 using 'Haut-parleurs (Realtek High Definition Audio)' : 2 channels at 48 kHz using 32 bits per sample (channel mask 0x3)
[2016.01.15-10.12.26:232][  0]LogInit: FAudioDevice initialized.
[2016.01.15-10.12.26:255][  0]LogDerivedDataCache: Saved boot cache 0.02s 41MB C:/Users/Melcom/AppData/Local/UnrealEngine/4.9/DerivedDataCache/Boot.ddc.
[2016.01.15-10.12.26:258][  0]LogInit: Texture streaming: Enabled
[2016.01.15-10.12.26:264][  0]LogAnalytics: Creating configured Analytics provider AnalyticsET
[2016.01.15-10.12.26:264][  0]LogAnalytics: [UEEditor.Rocket.Release] APIServer = http://et2.epicgames.com/ET2/. AppVersion = 4.9.2-2707645+++depot+UE4-Releases+4.9
[2016.01.15-10.12.26:264][  0]LogAnalytics: [UEEditor.Rocket.Release] SetUserId 647851c54a12d752e992f5bf4e7e53fb|b55a08fdee9c4555a13251bfef6368e4|069fc93a-90c1-4301-80d1-b5aa819ae568
[2016.01.15-10.12.26:264][  0]LogAnalytics: [UEEditor.Rocket.Release] AnalyticsET::StartSession
[2016.01.15-10.12.26:273][  0]LogWindowsTextInputMethodSystem:Display: IME system now deactivated.
[2016.01.15-10.12.26:289][  0]LogInit: Transaction tracking system initialized
[2016.01.15-10.12.26:315][  0]BlueprintLog: New page: Editor Load
[2016.01.15-10.12.26:386][  0]LocalizationService: Info Localization service is disabled
[2016.01.15-10.12.26:460][  0]LogConsoleResponse:Display: 
[2016.01.15-10.12.26:558][  0]LogCook:Display: Done creating registry. It took  0.00s.
[2016.01.15-10.12.26:616][  0]LogFileCache: Scanning file cache for directory 'D:/Disque C/Isart GD2/Level Design/Travaux/ShadowerFall/Content/' took 0.02s
[2016.01.15-10.12.26:616][  0]SourceControl: Info Source control is disabled
[2016.01.15-10.12.26:616][  0]Cmd: MAP LOAD FILE="D:/Disque C/Isart GD2/Level Design/Travaux/ShadowerFall/Content/FirstPersonBP/Maps/FirstPersonExampleMap.umap" TEMPLATE=0 SHOWPROGRESS=1 FEATURELEVEL=3
[2016.01.15-10.12.26:616][  0]LightingResults: New page: Lighting Build
[2016.01.15-10.12.26:619][  0]MapCheck: New page: Map Check
[2016.01.15-10.12.26:619][  0]LightingResults: New page: Lighting Build
[2016.01.15-10.12.26:628][  0]LogParticles: Destroying 0 GPU particle simulations for FXSystem 0x000000DA3A7A8400
[2016.01.15-10.12.26:636][  0]LogLinker:Warning: Asset 'D:/Disque C/Isart GD2/Level Design/Travaux/ShadowerFall/Content/FirstPerson/Meshes/FirstPersonProjectileMesh.uasset' has been saved with empty engine version. The asset will be loaded but may be incompatible.
[2016.01.15-10.12.28:444][  0]LogAIModule: Creating AISystem for world FirstPersonExampleMap
[2016.01.15-10.12.28:463][  0]LogEditorServer: Finished looking for orphan Actors (0.000 secs)
[2016.01.15-10.12.28:464][  0]Cmd: MAP CHECKDEP NOCLEARLOG
[2016.01.15-10.12.28:543][  0]MapCheck: Info Map check complete: 0 Error(s), 0 Warning(s), took 79.426ms to complete.
[2016.01.15-10.12.28:543][  0]LogFileHelpers: Loading map 'FirstPersonExampleMap' took 1.927
[2016.01.15-10.12.28:641][  0]LogCollectionManager: Loaded 0 collections in 0.002052 seconds
[2016.01.15-10.12.28:684][  0]LogFileCache: Scanning file cache for directory 'D:/Disque C/Isart GD2/Level Design/Travaux/ShadowerFall/Saved/Collections/' took 0.01s
[2016.01.15-10.12.28:684][  0]LogFileCache: Scanning file cache for directory 'D:/Disque C/Isart GD2/Level Design/Travaux/ShadowerFall/Content/Developers/Melcom/Collections/' took 0.01s
[2016.01.15-10.12.28:684][  0]LogFileCache: Scanning file cache for directory 'D:/Disque C/Isart GD2/Level Design/Travaux/ShadowerFall/Content/Collections/' took 0.01s
[2016.01.15-10.12.28:684][  0]LogContentBrowser: Native class hierarchy populated in 0.0075 seconds. Added 1867 classes and 333 folders.
[2016.01.15-10.12.28:689][  0]LogCollectionManager: Rebuilt the GUID cache for 0 collections in 0.000002 seconds
[2016.01.15-10.12.28:695][  0]LogContentBrowser: Native class hierarchy updated for 'WidgetCarousel' in 0.0004 seconds. Added 0 classes and 0 folders.
[2016.01.15-10.12.28:748][  0]LogContentBrowser: Native class hierarchy updated for 'AddContentDialog' in 0.0006 seconds. Added 0 classes and 0 folders.
[2016.01.15-10.12.28:753][  0]LogContentBrowser: Native class hierarchy updated for 'SceneOutliner' in 0.0004 seconds. Added 1 classes and 2 folders.
[2016.01.15-10.12.28:776][  0]LogCrashTracker: Crashtracker disabled due to settings.
[2016.01.15-10.12.28:780][  0]LogUObjectGlobals:Warning: Failed to find object 'Class None.'
[2016.01.15-10.12.28:802][  0]LogLoad: Full Startup: 7.43 seconds (BP compile: 0.69 seconds)
[2016.01.15-10.12.28:820][  0]LoadErrors:Error: Error /Game/FirstPersonBP/Maps/FirstPersonExampleMap : Failed import for StaticMeshComponent /Game/FirstPersonBP/Blueprints/AI/NewKamikaze.NewKamikaze_C:StaticMesh_GEN_VARIABLE
[2016.01.15-10.12.28:889][  0]LogContentStreaming: Texture pool size now 1000 MB
[2016.01.15-10.12.29:009][  0]LogRenderer: Reallocating scene render targets to support 1068x556 (Frame:2).
[2016.01.15-10.12.29:509][ 10]LogAssetRegistry: Asset discovery search completed in 3.8888 seconds
[2016.01.15-10.12.29:509][ 10]LogCollectionManager: Rebuilt the object cache for 0 collections in 0.000001 seconds (found 0 objects)
[2016.01.15-10.12.29:509][ 10]LogCollectionManager: Fixed up redirectors for 0 collections in 0.000020 seconds (updated 0 objects)
[2016.01.15-10.12.48:020][799]LogAIModule: Creating AISystem for world Boss
[2016.01.15-10.12.48:021][799]LogParticles:Warning: InitializeSystem called on an unregistered component. Template=/Game/Boss/Beam/P_Beam.P_Beam Component=/Game/FirstPersonBP/Maps/Boss.Boss:PersistentLevel.P_Beam_7.ParticleSystemComponent0
[2016.01.15-10.12.48:021][799]LogParticles:Warning: InitializeSystem called on an unregistered component. Template=/Game/Boss/Beam/P_Beam.P_Beam Component=/Game/FirstPersonBP/Maps/Boss.Boss:PersistentLevel.P_Beam2_11.ParticleSystemComponent0
[2016.01.15-10.12.48:021][799]LogParticles:Warning: InitializeSystem called on an unregistered component. Template=/Game/Boss/Beam/P_Beam.P_Beam Component=/Game/FirstPersonBP/Maps/Boss.Boss:PersistentLevel.P_Beam3_14.ParticleSystemComponent0
[2016.01.15-10.12.48:021][799]LogParticles:Warning: InitializeSystem called on an unregistered component. Template=/Game/Boss/Beam/P_Beam.P_Beam Component=/Game/FirstPersonBP/Maps/Boss.Boss:PersistentLevel.P_Beam4.ParticleSystemComponent0
[2016.01.15-10.12.48:021][799]LogParticles:Warning: InitializeSystem called on an unregistered component. Template=/Game/Boss/Beam/P_Beam.P_Beam Component=/Game/FirstPersonBP/Maps/Boss.Boss:PersistentLevel.P_Beam5.ParticleSystemComponent0
[2016.01.15-10.12.48:021][799]LogParticles:Warning: InitializeSystem called on an unregistered component. Template=/Game/Boss/Beam/P_Beam.P_Beam Component=/Game/FirstPersonBP/Maps/Boss.Boss:PersistentLevel.P_Beam6.ParticleSystemComponent0
[2016.01.15-10.12.48:021][799]LogParticles:Warning: InitializeSystem called on an unregistered component. Template=/Game/Boss/Beam/P_Beam.P_Beam Component=/Game/FirstPersonBP/Maps/Boss.Boss:PersistentLevel.P_Beam7_2.ParticleSystemComponent0
[2016.01.15-10.12.48:021][799]LogParticles:Warning: InitializeSystem called on an unregistered component. Template=/Game/Boss/Beam/P_Beam.P_Beam Component=/Game/FirstPersonBP/Maps/Boss.Boss:PersistentLevel.P_Beam8.ParticleSystemComponent0
[2016.01.15-10.12.48:039][799]LogActorComponent: UnregisterComponent: (/Engine/Transient.CharMoveComp) Not registered. Aborting.
[2016.01.15-10.12.48:040][799]LogActorComponent: UnregisterComponent: (/Engine/Transient.CharacterMovementComponent_0) Not registered. Aborting.
[2016.01.15-10.12.48:040][799]LogActorComponent: UnregisterComponent: (/Engine/Transient.CharacterMovementComponent_1) Not registered. Aborting.
[2016.01.15-10.12.48:040][799]LogActorComponent: UnregisterComponent: (/Engine/Transient.PawnSensing_GEN_VARIABLE) Not registered. Aborting.
[2016.01.15-10.12.48:040][799]LogActorComponent: UnregisterComponent: (/Engine/Transient.ProjectileMovementComponent_40__A6522401) Not registered. Aborting.
[2016.01.15-10.12.48:108][799]Cmd: MAP LOAD FILE="D:/Disque C/Isart GD2/Level Design/Travaux/ShadowerFall/Content/FirstPersonBP/Maps/Boss.umap" TEMPLATE=0 SHOWPROGRESS=1 FEATURELEVEL=3
[2016.01.15-10.12.48:108][799]LightingResults: New page: Lighting Build
[2016.01.15-10.12.48:129][799]LoadErrors: New page: Loading map: Boss.umap
[2016.01.15-10.12.48:130][799]MapCheck: New page: Map Check
[2016.01.15-10.12.48:130][799]LightingResults: New page: Lighting Build
[2016.01.15-10.12.48:144][799]LogParticles: Destroying 0 GPU particle simulations for FXSystem 0x000000DA4743EF20
[2016.01.15-10.12.48:161][799]LogEditorServer: Finished looking for orphan Actors (0.000 secs)
[2016.01.15-10.12.48:186][799]Cmd: MAP CHECKDEP NOCLEARLOG
[2016.01.15-10.12.48:263][799]MapCheck: Info Map check complete: 0 Error(s), 0 Warning(s), took 77.514ms to complete.
[2016.01.15-10.12.48:264][799]LogFileHelpers: Loading map 'Boss' took 0.157
[2016.01.15-10.12.51:862][999]LogLinker:Warning: Asset '../../../Engine/Content/ArtTools/RenderToTexture/Macros/RenderToTextureMacros.uasset' has been saved with empty engine version. The asset will be loaded but may be incompatible.
[2016.01.15-10.12.52:271][999]LogContentBrowser: Native class hierarchy updated for 'BlueprintGraph' in 0.0007 seconds. Added 107 classes and 0 folders.
[2016.01.15-10.13.53:816][741]LogFactory: FactoryCreateBinary: SoundWave with ReimportSoundFactory (0 0 ../../../../../../Users/Melcom/Desktop/Sounds/Explosion.wav)
[2016.01.15-10.13.53:821][741]LogAudioDerivedData:Display: Building compressed audio format OGG wave Explosion...
[2016.01.15-10.13.53:857][741]LogAudioDerivedData:Warning: Updated SoundWave->RawPCMDataSize during cooking SoundWave /Game/Sounds/Explosion.Explosion.
[2016.01.15-10.14.44:577][700]LogProperty:Warning: ObjectProperty /Script/Engine.EdGraphPin:LinkedTo.LinkedTo: unresolved reference to 'EdGraphPin'K2Node_CallFunction_13385.EdGraphPin_30461''
[2016.01.15-10.15.41:747][ 92]LogActorComponent: UnregisterComponent: (/Engine/Transient.CharMoveComp) Not registered. Aborting.
[2016.01.15-10.15.41:747][ 92]LogActorComponent: UnregisterComponent: (/Engine/Transient.CharacterMovementComponent_2) Not registered. Aborting.
[2016.01.15-10.15.41:747][ 92]LogActorComponent: UnregisterComponent: (/Engine/Transient.CharacterMovementComponent_3) Not registered. Aborting.
[2016.01.15-10.15.41:747][ 92]LogActorComponent: UnregisterComponent: (/Engine/Transient.PawnSensing_GEN_VARIABLE) Not registered. Aborting.
[2016.01.15-10.15.41:747][ 92]LogActorComponent: UnregisterComponent: (/Engine/Transient.ProjectileMovementComponent_40__A6522401) Not registered. Aborting.
[2016.01.15-10.15.41:747][ 92]LogActorComponent: UnregisterComponent: (/Engine/Transient.ProjectileMovementComponent_0) Not registered. Aborting.
[2016.01.15-10.15.41:747][ 92]LogActorComponent: UnregisterComponent: (/Engine/Transient.ProjectileMovementComponent_1) Not registered. Aborting.
[2016.01.15-10.15.41:747][ 92]LogActorComponent: UnregisterComponent: (/Engine/Transient.ProjectileMovementComponent_2) Not registered. Aborting.
[2016.01.15-10.15.41:747][ 92]LogActorComponent: UnregisterComponent: (/Engine/Transient.ProjectileMovementComponent_3) Not registered. Aborting.
[2016.01.15-10.15.41:747][ 92]LogActorComponent: UnregisterComponent: (/Engine/Transient.CharacterMovementComponent_4) Not registered. Aborting.
[2016.01.15-10.15.42:478][ 92]LogSavePackage: Save=549.180908ms
[2016.01.15-10.15.42:478][ 92]LogSavePackage: Moving 'D:/Disque C/Isart GD2/Level Design/Travaux/ShadowerFall/Saved/Boss611533F84162D6A90AAA37A33F8D6449.tmp' to 'D:/Disque C/Isart GD2/Level Design/Travaux/ShadowerFall/Content/FirstPersonBP/Maps/Boss.umap'
[2016.01.15-10.15.42:480][ 92]LogSavePackage: Total save time: 560.286898ms
[2016.01.15-10.15.42:480][ 92]LogSavePackage:Warning: Finished SavePackage D:/Disque C/Isart GD2/Level Design/Travaux/ShadowerFall/Content/FirstPersonBP/Maps/Boss.umap
[2016.01.15-10.15.42:503][ 92]LogFileHelpers: Saving map 'Boss' took 0.698
[2016.01.15-10.15.42:519][ 92]Cmd: OBJ SAVEPACKAGE PACKAGE="/Game/Sounds/Explosion" FILE="D:/Disque C/Isart GD2/Level Design/Travaux/ShadowerFall/Content/Sounds/Explosion.uasset" SILENT=true
[2016.01.15-10.15.42:523][ 92]LogSavePackage: Save=3.086429ms
[2016.01.15-10.15.42:523][ 92]LogSavePackage: Moving 'D:/Disque C/Isart GD2/Level Design/Travaux/ShadowerFall/Saved/ExplosionA85064FC435302C62C978CA60625575A.tmp' to 'D:/Disque C/Isart GD2/Level Design/Travaux/ShadowerFall/Content/Sounds/Explosion.uasset'
[2016.01.15-10.15.42:524][ 92]LogSavePackage: Total save time: 4.433900ms
[2016.01.15-10.15.42:524][ 92]LogSavePackage:Warning: Finished SavePackage D:/Disque C/Isart GD2/Level Design/Travaux/ShadowerFall/Content/Sounds/Explosion.uasset
[2016.01.15-10.15.47:794][406]LogBlueprintUserMessages: Early PlayInEditor Detection: Level '/Game/FirstPersonBP/Maps/Boss.Boss:PersistentLevel' has LevelScriptBlueprint '/Game/FirstPersonBP/Maps/Boss.Boss:PersistentLevel.Boss' with GeneratedClass '/Game/FirstPersonBP/Maps/Boss.Boss_C' with ClassGeneratedBy '/Game/FirstPersonBP/Maps/Boss.Boss:PersistentLevel.Boss'
[2016.01.15-10.15.47:794][406]LogPlayLevel: PlayLevel: No blueprints needed recompiling
[2016.01.15-10.15.47:795][406]PIE: New page: PIE session: Boss (Jan 15, 2016, 12:15:47 AM)
[2016.01.15-10.15.47:795][406]LogPlayLevel: Creating play world package: /Game/FirstPersonBP/Maps/UEDPIE_0_Boss
[2016.01.15-10.15.47:849][406]LogPlayLevel: PIE: StaticDuplicateObject took: (0.053732s)
[2016.01.15-10.15.47:849][406]LogAIModule: Creating AISystem for world Boss
[2016.01.15-10.15.47:849][406]LogPlayLevel: PIE: World Init took: (0.000592s)
[2016.01.15-10.15.47:849][406]LogPlayLevel: PIE: Created PIE world by copying editor world from /Game/FirstPersonBP/Maps/Boss.Boss to /Game/FirstPersonBP/Maps/UEDPIE_0_Boss.Boss (0.054517s)
[2016.01.15-10.15.47:882][406]LogInit: XAudio2 using 'Haut-parleurs (Realtek High Definition Audio)' : 2 channels at 48 kHz using 32 bits per sample (channel mask 0x3)
[2016.01.15-10.15.47:888][406]LogInit: FAudioDevice initialized.
[2016.01.15-10.15.47:945][406]LogWorld: Game class is 'FirstPersonGameMode_C'
[2016.01.15-10.15.47:960][406]LogWorld: Bringing World /Game/FirstPersonBP/Maps/UEDPIE_0_Boss.Boss up for play (max tick rate 60) at 2016.01.15-05.15.47
[2016.01.15-10.15.47:960][406]LogActor:Warning: GameSession /Game/FirstPersonBP/Maps/UEDPIE_0_Boss.Boss:PersistentLevel.GameSession_0 has natively added scene component(s), but none of them were set as the actor's RootComponent - picking one arbitrarily
[2016.01.15-10.15.47:960][406]LogActor:Warning: GameNetworkManager /Game/FirstPersonBP/Maps/UEDPIE_0_Boss.Boss:PersistentLevel.GameNetworkManager_0 has natively added scene component(s), but none of them were set as the actor's RootComponent - picking one arbitrarily
[2016.01.15-10.15.47:962][406]LogWorld: Bringing up level for play took: 0.015216
[2016.01.15-10.15.48:049][406]PIE: Info Play in editor start time for /Game/FirstPersonBP/Maps/UEDPIE_0_Boss 0.069
[2016.01.15-10.15.48:050][406]LogBlueprintUserMessages: Late PlayInEditor Detection: Level '/Game/FirstPersonBP/Maps/Boss.Boss:PersistentLevel' has LevelScriptBlueprint '/Game/FirstPersonBP/Maps/Boss.Boss:PersistentLevel.Boss' with GeneratedClass '/Game/FirstPersonBP/Maps/Boss.Boss_C' with ClassGeneratedBy '/Game/FirstPersonBP/Maps/Boss.Boss:PersistentLevel.Boss'
[2016.01.15-10.15.48:077][407]LogRenderer: Reallocating scene render targets to support 1280x720 (Frame:40).
[2016.01.15-10.15.54:630][740]LogBlueprintUserMessages: [BP_Wall9_338] OnTOUCH
[2016.01.15-10.15.55:035][761]LogBlueprintUserMessages: [BP_Wall9_338] NoTouch
[2016.01.15-10.15.56:767][852]LogBlueprintUserMessages: [FirstPersonCharacter_C_6] Dash
[2016.01.15-10.15.57:016][865]LogBlueprintUserMessages: [FirstPersonCharacter_C_6] En L'air
[2016.01.15-10.16.00:939][ 65]LogBlueprintUserMessages: [FirstPersonCharacter_C_6] 2
[2016.01.15-10.16.00:939][ 65]LogBlueprintUserMessages: [FirstPersonCharacter_C_6] 2
[2016.01.15-10.16.02:649][155]LogBlueprintUserMessages: [FirstPersonCharacter_C_6] Dash
[2016.01.15-10.16.03:420][196]LogBlueprintUserMessages: [CoffreNormal_1647] 4
[2016.01.15-10.16.03:420][196]LogBlueprintUserMessages: [CoffreNormal_1647] 4
[2016.01.15-10.16.06:867][377]LogBlueprintUserMessages: [FirstPersonCharacter_C_6] Dash
[2016.01.15-10.16.07:113][390]LogBlueprintUserMessages: [FirstPersonCharacter_C_6] En L'air
[2016.01.15-10.16.14:119][755]LogBlueprintUserMessages: [FirstPersonCharacter_C_6] Dash
[2016.01.15-10.16.14:365][768]LogBlueprintUserMessages: [FirstPersonCharacter_C_6] En L'air
[2016.01.15-10.16.16:023][854]LogBlueprintUserMessages: [FirstPersonCharacter_C_6] 3
[2016.01.15-10.16.16:023][854]LogBlueprintUserMessages: [FirstPersonCharacter_C_6] 3
[2016.01.15-10.16.25:831][367]LogBlueprintUserMessages: [FirstPersonCharacter_C_6] 2
[2016.01.15-10.16.25:831][367]LogBlueprintUserMessages: [FirstPersonCharacter_C_6] 2
[2016.01.15-10.16.34:708][833]LogBlueprintUserMessages: [BP_Wall23] OnTOUCH
[2016.01.15-10.16.34:708][833]LogBlueprintUserMessages: [BP_Wall23] NoTouch
[2016.01.15-10.16.34:727][834]LogBlueprintUserMessages: [BP_Wall23] OnTOUCH
[2016.01.15-10.16.34:727][834]LogBlueprintUserMessages: [FirstPersonCharacter_C_6] touchWall
[2016.01.15-10.16.34:727][834]LogBlueprintUserMessages: [FirstPersonCharacter_C_6] true
[2016.01.15-10.16.35:035][850]LogBlueprintUserMessages: [BP_Wall23] NoTouch
[2016.01.15-10.16.35:779][889]LogBlueprintUserMessages: [BP_Wall3] OnTOUCH
[2016.01.15-10.16.35:779][889]LogBlueprintUserMessages: [BP_Wall3] NoTouch
[2016.01.15-10.16.35:799][890]LogBlueprintUserMessages: [BP_Wall3] OnTOUCH
[2016.01.15-10.16.35:799][890]LogBlueprintUserMessages: [FirstPersonCharacter_C_6] touchWall
[2016.01.15-10.16.35:799][890]LogBlueprintUserMessages: [FirstPersonCharacter_C_6] true
[2016.01.15-10.16.36:049][903]LogBlueprintUserMessages: [BP_Wall3] NoTouch
[2016.01.15-10.16.36:784][942]LogBlueprintUserMessages: [BP_Wall18] OnTOUCH
[2016.01.15-10.16.36:784][942]LogBlueprintUserMessages: [BP_Wall18] NoTouch
[2016.01.15-10.16.36:804][943]LogBlueprintUserMessages: [BP_Wall18] OnTOUCH
[2016.01.15-10.16.36:804][943]LogBlueprintUserMessages: [FirstPersonCharacter_C_6] touchWall
[2016.01.15-10.16.36:804][943]LogBlueprintUserMessages: [FirstPersonCharacter_C_6] true
[2016.01.15-10.16.37:052][956]LogBlueprintUserMessages: [BP_Wall18] NoTouch
[2016.01.15-10.16.38:309][ 22]LogBlueprintUserMessages: [BP_Wall2] OnTOUCH
[2016.01.15-10.16.38:309][ 22]LogBlueprintUserMessages: [BP_Wall2] NoTouch
[2016.01.15-10.16.38:329][ 23]LogBlueprintUserMessages: [BP_Wall2] OnTOUCH
[2016.01.15-10.16.38:330][ 23]LogBlueprintUserMessages: [FirstPersonCharacter_C_6] touchWall
[2016.01.15-10.16.38:330][ 23]LogBlueprintUserMessages: [FirstPersonCharacter_C_6] true
[2016.01.15-10.16.39:015][ 59]LogBlueprintUserMessages: [BP_Wall2] NoTouch
[2016.01.15-10.16.39:497][ 84]LogBlueprintUserMessages: [BP_Wall21] OnTOUCH
[2016.01.15-10.16.39:497][ 84]LogBlueprintUserMessages: [BP_Wall21] NoTouch
[2016.01.15-10.16.39:516][ 85]LogBlueprintUserMessages: [BP_Wall21] OnTOUCH
[2016.01.15-10.16.39:516][ 85]LogBlueprintUserMessages: [FirstPersonCharacter_C_6] touchWall
[2016.01.15-10.16.39:516][ 85]LogBlueprintUserMessages: [FirstPersonCharacter_C_6] true
[2016.01.15-10.16.39:949][108]LogBlueprintUserMessages: [BP_Wall21] NoTouch
[2016.01.15-10.16.45:971][422]LogBlueprintUserMessages: [BP_Wall23] OnTOUCH
[2016.01.15-10.16.45:971][422]LogBlueprintUserMessages: [FirstPersonCharacter_C_6] touchWall
[2016.01.15-10.16.45:971][422]LogBlueprintUserMessages: [FirstPersonCharacter_C_6] true
[2016.01.15-10.16.46:452][447]LogBlueprintUserMessages: [BP_Wall23] NoTouch
[2016.01.15-10.16.47:209][487]LogBlueprintUserMessages: [BP_Wall3] OnTOUCH
[2016.01.15-10.16.47:209][487]LogBlueprintUserMessages: [BP_Wall3] NoTouch
[2016.01.15-10.16.47:229][488]LogBlueprintUserMessages: [BP_Wall3] OnTOUCH
[2016.01.15-10.16.47:229][488]LogBlueprintUserMessages: [FirstPersonCharacter_C_6] touchWall
[2016.01.15-10.16.47:229][488]LogBlueprintUserMessages: [FirstPersonCharacter_C_6] true
[2016.01.15-10.16.47:610][508]LogBlueprintUserMessages: [BP_Wall3] NoTouch
[2016.01.15-10.16.48:337][545]LogBlueprintUserMessages: [BP_Wall18] OnTOUCH
[2016.01.15-10.16.48:337][545]LogBlueprintUserMessages: [BP_Wall18] NoTouch
[2016.01.15-10.16.48:356][546]LogBlueprintUserMessages: [BP_Wall18] OnTOUCH
[2016.01.15-10.16.48:356][546]LogBlueprintUserMessages: [FirstPersonCharacter_C_6] touchWall
[2016.01.15-10.16.48:356][546]LogBlueprintUserMessages: [FirstPersonCharacter_C_6] true
[2016.01.15-10.16.48:928][576]LogBlueprintUserMessages: [BP_Wall18] NoTouch
[2016.01.15-10.16.49:847][624]LogBlueprintUserMessages: [BP_Wall2] OnTOUCH
[2016.01.15-10.16.49:847][624]LogBlueprintUserMessages: [BP_Wall2] NoTouch
[2016.01.15-10.16.49:866][625]LogBlueprintUserMessages: [BP_Wall2] OnTOUCH
[2016.01.15-10.16.49:866][625]LogBlueprintUserMessages: [FirstPersonCharacter_C_6] touchWall
[2016.01.15-10.16.49:866][625]LogBlueprintUserMessages: [FirstPersonCharacter_C_6] true
[2016.01.15-10.16.50:545][659]LogBlueprintUserMessages: [BP_Wall2] NoTouch
[2016.01.15-10.16.51:216][694]LogBlueprintUserMessages: [BP_Wall18] OnTOUCH
[2016.01.15-10.16.51:216][694]LogBlueprintUserMessages: [BP_Wall18] NoTouch
[2016.01.15-10.16.51:236][695]LogBlueprintUserMessages: [BP_Wall18] OnTOUCH
[2016.01.15-10.16.51:237][695]LogBlueprintUserMessages: [FirstPersonCharacter_C_6] touchWall
[2016.01.15-10.16.51:237][695]LogBlueprintUserMessages: [FirstPersonCharacter_C_6] true
[2016.01.15-10.16.51:314][699]LogBlueprintUserMessages: [BP_Wall21] OnTOUCH
[2016.01.15-10.16.51:314][699]LogBlueprintUserMessages: [BP_Wall18] NoTouch
[2016.01.15-10.16.51:314][699]LogBlueprintUserMessages: [BP_Wall21] NoTouch
[2016.01.15-10.16.51:389][703]LogBlueprintUserMessages: [BP_Wall21] OnTOUCH
[2016.01.15-10.16.51:389][703]LogBlueprintUserMessages: [FirstPersonCharacter_C_6] touchWall
[2016.01.15-10.16.51:389][703]LogBlueprintUserMessages: [FirstPersonCharacter_C_6] true
[2016.01.15-10.16.52:016][736]LogBlueprintUserMessages: [BP_Wall21] NoTouch
[2016.01.15-10.16.52:755][775]LogBlueprintUserMessages: [BP_Wall_374] OnTOUCH
[2016.01.15-10.16.52:755][775]LogBlueprintUserMessages: [BP_Wall_374] NoTouch
[2016.01.15-10.16.52:776][776]LogBlueprintUserMessages: [BP_Wall_374] OnTOUCH
[2016.01.15-10.16.52:776][776]LogBlueprintUserMessages: [FirstPersonCharacter_C_6] touchWall
[2016.01.15-10.16.52:776][776]LogBlueprintUserMessages: [FirstPersonCharacter_C_6] true
[2016.01.15-10.16.53:274][802]LogBlueprintUserMessages: [BP_Wall_374] NoTouch
[2016.01.15-10.16.53:841][832]LogBlueprintUserMessages: [BP_Wall21] OnTOUCH
[2016.01.15-10.16.54:045][843]LogBlueprintUserMessages: [FirstPersonCharacter_C_6] touchWall
[2016.01.15-10.16.54:045][843]LogBlueprintUserMessages: [FirstPersonCharacter_C_6] true
[2016.01.15-10.16.54:064][844]LogBlueprintUserMessages: [BP_Wall21] NoTouch
[2016.01.15-10.16.54:121][847]LogBlueprintUserMessages: [BP_Wall20] OnTOUCH
[2016.01.15-10.16.54:121][847]LogBlueprintUserMessages: [FirstPersonCharacter_C_6] touchWall
[2016.01.15-10.16.54:121][847]LogBlueprintUserMessages: [FirstPersonCharacter_C_6] true
[2016.01.15-10.16.54:554][870]LogBlueprintUserMessages: [BP_Wall20] NoTouch
[2016.01.15-10.16.57:730][ 36]LogBlueprintUserMessages: [FirstPersonCharacter_C_6] 1
[2016.01.15-10.16.57:730][ 36]LogBlueprintUserMessages: [FirstPersonCharacter_C_6] 1
[2016.01.15-10.17.06:547][497]LogBlueprintUserMessages: [FirstPersonCharacter_C_6] Dash
[2016.01.15-10.17.06:794][510]LogBlueprintUserMessages: [FirstPersonCharacter_C_6] En L'air
[2016.01.15-10.17.16:290][  7]LogBlueprintUserMessages: [FirstPersonCharacter_C_6] 0
[2016.01.15-10.17.16:290][  7]LogBlueprintUserMessages: [FirstPersonCharacter_C_6] 0
[2016.01.15-10.17.21:286][266]LogBlueprintUserMessages: [FirstPersonCharacter_C_6] NoNormalAmmo
[2016.01.15-10.17.21:715][288]LogBlueprintUserMessages: [FirstPersonCharacter_C_6] NoNormalAmmo
[2016.01.15-10.17.22:373][323]LogBlueprintUserMessages: [FirstPersonCharacter_C_6] Dash
[2016.01.15-10.17.22:621][336]LogBlueprintUserMessages: [FirstPersonCharacter_C_6] En L'air
[2016.01.15-10.17.24:810][452]LogBlueprintUserMessages: Early EndPlayMap Detection: Level '/Game/FirstPersonBP/Maps/Boss.Boss:PersistentLevel' has LevelScriptBlueprint '/Game/FirstPersonBP/Maps/Boss.Boss:PersistentLevel.Boss' with GeneratedClass '/Game/FirstPersonBP/Maps/Boss.Boss_C' with ClassGeneratedBy '/Game/FirstPersonBP/Maps/Boss.Boss:PersistentLevel.Boss'
[2016.01.15-10.17.24:887][452]LogBlueprintUserMessages: Late EndPlayMap Detection: Level '/Game/FirstPersonBP/Maps/Boss.Boss:PersistentLevel' has LevelScriptBlueprint '/Game/FirstPersonBP/Maps/Boss.Boss:PersistentLevel.Boss' with GeneratedClass '/Game/FirstPersonBP/Maps/Boss.Boss_C' with ClassGeneratedBy '/Game/FirstPersonBP/Maps/Boss.Boss:PersistentLevel.Boss'
[2016.01.15-10.17.24:917][452]LogParticles: Destroying 0 GPU particle simulations for FXSystem 0x000000DA51982980
[2016.01.15-10.17.26:276][525]LogBlueprintUserMessages: Early PlayInEditor Detection: Level '/Game/FirstPersonBP/Maps/Boss.Boss:PersistentLevel' has LevelScriptBlueprint '/Game/FirstPersonBP/Maps/Boss.Boss:PersistentLevel.Boss' with GeneratedClass '/Game/FirstPersonBP/Maps/Boss.Boss_C' with ClassGeneratedBy '/Game/FirstPersonBP/Maps/Boss.Boss:PersistentLevel.Boss'
[2016.01.15-10.17.26:276][525]LogPlayLevel: PlayLevel: No blueprints needed recompiling
[2016.01.15-10.17.26:276][525]PIE: New page: PIE session: Boss (Jan 15, 2016, 12:17:26 AM)
[2016.01.15-10.17.26:276][525]LogPlayLevel: Creating play world package: /Game/FirstPersonBP/Maps/UEDPIE_0_Boss
[2016.01.15-10.17.26:329][525]LogPlayLevel: PIE: StaticDuplicateObject took: (0.053356s)
[2016.01.15-10.17.26:330][525]LogAIModule: Creating AISystem for world Boss
[2016.01.15-10.17.26:330][525]LogPlayLevel: PIE: World Init took: (0.000550s)
[2016.01.15-10.17.26:330][525]LogPlayLevel: PIE: Created PIE world by copying editor world from /Game/FirstPersonBP/Maps/Boss.Boss to /Game/FirstPersonBP/Maps/UEDPIE_0_Boss.Boss (0.054072s)
[2016.01.15-10.17.26:356][525]LogInit: XAudio2 using 'Haut-parleurs (Realtek High Definition Audio)' : 2 channels at 48 kHz using 32 bits per sample (channel mask 0x3)
[2016.01.15-10.17.26:362][525]LogInit: FAudioDevice initialized.
[2016.01.15-10.17.26:402][525]LogWorld: Game class is 'FirstPersonGameMode_C'
[2016.01.15-10.17.26:416][525]LogWorld: Bringing World /Game/FirstPersonBP/Maps/UEDPIE_0_Boss.Boss up for play (max tick rate 60) at 2016.01.15-05.17.26
[2016.01.15-10.17.26:416][525]LogActor:Warning: GameSession /Game/FirstPersonBP/Maps/UEDPIE_0_Boss.Boss:PersistentLevel.GameSession_1 has natively added scene component(s), but none of them were set as the actor's RootComponent - picking one arbitrarily
[2016.01.15-10.17.26:417][525]LogActor:Warning: GameNetworkManager /Game/FirstPersonBP/Maps/UEDPIE_0_Boss.Boss:PersistentLevel.GameNetworkManager_1 has natively added scene component(s), but none of them were set as the actor's RootComponent - picking one arbitrarily
[2016.01.15-10.17.26:418][525]LogWorld: Bringing up level for play took: 0.015067
[2016.01.15-10.17.26:508][525]PIE: Info Play in editor start time for /Game/FirstPersonBP/Maps/UEDPIE_0_Boss 0.527
[2016.01.15-10.17.26:508][525]LogBlueprintUserMessages: Late PlayInEditor Detection: Level '/Game/FirstPersonBP/Maps/Boss.Boss:PersistentLevel' has LevelScriptBlueprint '/Game/FirstPersonBP/Maps/Boss.Boss:PersistentLevel.Boss' with GeneratedClass '/Game/FirstPersonBP/Maps/Boss.Boss_C' with ClassGeneratedBy '/Game/FirstPersonBP/Maps/Boss.Boss:PersistentLevel.Boss'
[2016.01.15-10.17.32:797][848]LogBlueprintUserMessages: [FirstPersonCharacter_C_7] 2
[2016.01.15-10.17.32:797][848]LogBlueprintUserMessages: [FirstPersonCharacter_C_7] 2
[2016.01.15-10.17.35:054][965]LogBlueprintUserMessages: [FirstPersonCharacter_C_7] Dash
[2016.01.15-10.17.35:288][977]LogBlueprintUserMessages: [FirstPersonCharacter_C_7] En L'air
[2016.01.15-10.17.38:363][135]LogBlueprintUserMessages: [FirstPersonCharacter_C_7] 1
[2016.01.15-10.17.38:363][135]LogBlueprintUserMessages: [FirstPersonCharacter_C_7] 1
[2016.01.15-10.17.40:103][224]LogBlueprintUserMessages: [CoffreNormal_1647] 3
[2016.01.15-10.17.40:103][224]LogBlueprintUserMessages: [CoffreNormal_1647] 3
[2016.01.15-10.17.45:151][481]LogBlueprintUserMessages: [ArrowNORMAL_C_5] 4
[2016.01.15-10.17.45:151][481]LogBlueprintUserMessages: [ArrowNORMAL_C_5] 4
[2016.01.15-10.17.48:397][645]LogPackageName: SearchForPackageOnDisk took   0.074s to resolve Boss.umap.
[2016.01.15-10.17.48:479][646]LogPackageName: SearchForPackageOnDisk took   0.070s to resolve Boss.umap.
[2016.01.15-10.17.48:479][646]LogNet: Browse: /Game/FirstPersonBP/Maps/Boss
[2016.01.15-10.17.48:479][646]LogLoad: LoadMap: /Game/FirstPersonBP/Maps/Boss
[2016.01.15-10.17.48:510][646]LogParticles: Destroying 0 GPU particle simulations for FXSystem 0x000000DA0524E980
[2016.01.15-10.17.48:510][646]Cmd: MEM
[2016.01.15-10.17.48:533][646]LogMemory: Platform Memory Stats for Windows
[2016.01.15-10.17.48:534][646]LogMemory: Process Physical Memory: 999.75 MB used, 1005.77 MB peak
[2016.01.15-10.17.48:534][646]LogMemory: Process Virtual Memory: 1594.55 MB used, 1738.51 MB peak
[2016.01.15-10.17.48:534][646]LogMemory: Physical Memory: 4720.90 MB used, 16302.69 MB total
[2016.01.15-10.17.48:534][646]LogMemory: Virtual Memory: 2360.00 MB used, 134217728.00 MB total
[2016.01.15-10.17.48:534][646]LogMemory: 
[2016.01.15-10.17.48:534][646]Allocator Stats for TBB: (not implemented)
[2016.01.15-10.17.48:534][646]LogPlayLevel: Creating play world package: /Game/FirstPersonBP/Maps/UEDPIE_0_Boss
[2016.01.15-10.17.48:589][646]LogPlayLevel: PIE: StaticDuplicateObject took: (0.055104s)
[2016.01.15-10.17.48:589][646]LogAIModule: Creating AISystem for world Boss
[2016.01.15-10.17.48:589][646]LogPlayLevel: PIE: World Init took: (0.000558s)
[2016.01.15-10.17.48:589][646]LogPlayLevel: PIE: Created PIE world by copying editor world from /Game/FirstPersonBP/Maps/Boss.Boss to /Game/FirstPersonBP/Maps/UEDPIE_0_Boss.Boss (0.055840s)
[2016.01.15-10.17.48:589][646]LogWorld: Game class is 'FirstPersonGameMode_C'
[2016.01.15-10.17.48:603][646]LogWorld: Bringing World /Game/FirstPersonBP/Maps/UEDPIE_0_Boss.Boss up for play (max tick rate 60) at 2016.01.15-05.17.48
[2016.01.15-10.17.48:603][646]LogActor:Warning: GameSession /Game/FirstPersonBP/Maps/UEDPIE_0_Boss.Boss:PersistentLevel.GameSession_2 has natively added scene component(s), but none of them were set as the actor's RootComponent - picking one arbitrarily
[2016.01.15-10.17.48:603][646]LogActor:Warning: GameNetworkManager /Game/FirstPersonBP/Maps/UEDPIE_0_Boss.Boss:PersistentLevel.GameNetworkManager_2 has natively added scene component(s), but none of them were set as the actor's RootComponent - picking one arbitrarily
[2016.01.15-10.17.48:604][646]LogWorld: Bringing up level for play took: 0.013853
[2016.01.15-10.17.55:081][983]LogBlueprintUserMessages: [BP_Wall9_338] OnTOUCH
[2016.01.15-10.17.55:432][  1]LogBlueprintUserMessages: [BP_Wall9_338] NoTouch
[2016.01.15-10.17.57:326][ 99]LogBlueprintUserMessages: [FirstPersonCharacter_C_8] Dash
[2016.01.15-10.17.57:558][111]LogBlueprintUserMessages: [FirstPersonCharacter_C_8] En L'air
[2016.01.15-10.18.00:946][282]LogBlueprintUserMessages: [FirstPersonCharacter_C_8] 2
[2016.01.15-10.18.00:946][282]LogBlueprintUserMessages: [FirstPersonCharacter_C_8] 2
[2016.01.15-10.18.02:302][352]LogBlueprintUserMessages: [FirstPersonCharacter_C_8] Dash
[2016.01.15-10.18.02:609][368]LogBlueprintUserMessages: [CoffreNormal_1647] 4
[2016.01.15-10.18.02:609][368]LogBlueprintUserMessages: [CoffreNormal_1647] 4
[2016.01.15-10.18.06:357][561]LogBlueprintUserMessages: [FirstPersonCharacter_C_8] Dash
[2016.01.15-10.18.06:606][574]LogBlueprintUserMessages: [FirstPersonCharacter_C_8] En L'air
[2016.01.15-10.18.11:153][806]LogBlueprintUserMessages: [FirstPersonCharacter_C_8] Dash
[2016.01.15-10.18.11:387][818]LogBlueprintUserMessages: [FirstPersonCharacter_C_8] En L'air
[2016.01.15-10.18.12:088][853]LogBlueprintUserMessages: [FirstPersonCharacter_C_8] 3
[2016.01.15-10.18.12:088][853]LogBlueprintUserMessages: [FirstPersonCharacter_C_8] 3
[2016.01.15-10.18.12:458][872]LogBlueprintUserMessages: [BP_Wall11] OnTOUCH
[2016.01.15-10.18.12:458][872]LogBlueprintUserMessages: [BP_Wall11] NoTouch
[2016.01.15-10.18.12:478][873]LogBlueprintUserMessages: [BP_Wall11] OnTOUCH
[2016.01.15-10.18.12:596][879]LogBlueprintUserMessages: [BP_Wall11] NoTouch
[2016.01.15-10.18.16:503][ 81]LogBlueprintUserMessages: [FirstPersonCharacter_C_8] Dash
[2016.01.15-10.18.16:751][ 94]LogBlueprintUserMessages: [FirstPersonCharacter_C_8] En L'air
[2016.01.15-10.18.19:074][213]LogBlueprintUserMessages: [FirstPersonCharacter_C_8] 2
[2016.01.15-10.18.19:074][213]LogBlueprintUserMessages: [FirstPersonCharacter_C_8] 2
[2016.01.15-10.18.26:908][617]LogBlueprintUserMessages: [BP_Wall3] OnTOUCH
[2016.01.15-10.18.26:908][617]LogBlueprintUserMessages: [BP_Wall3] NoTouch
[2016.01.15-10.18.26:928][618]LogBlueprintUserMessages: [BP_Wall3] OnTOUCH
[2016.01.15-10.18.26:928][618]LogBlueprintUserMessages: [FirstPersonCharacter_C_8] touchWall
[2016.01.15-10.18.26:928][618]LogBlueprintUserMessages: [FirstPersonCharacter_C_8] true
[2016.01.15-10.18.27:485][647]LogBlueprintUserMessages: [BP_Wall3] NoTouch
[2016.01.15-10.18.27:973][672]LogBlueprintUserMessages: [FirstPersonCharacter_C_8] Dash
[2016.01.15-10.18.28:220][685]LogBlueprintUserMessages: [BP_Wall2] OnTOUCH
[2016.01.15-10.18.28:220][685]LogBlueprintUserMessages: [BP_Wall2] NoTouch
[2016.01.15-10.18.28:220][685]LogBlueprintUserMessages: [FirstPersonCharacter_C_8] En L'air
[2016.01.15-10.18.28:240][686]LogBlueprintUserMessages: [BP_Wall2] OnTOUCH
[2016.01.15-10.18.28:240][686]LogBlueprintUserMessages: [FirstPersonCharacter_C_8] touchWall
[2016.01.15-10.18.28:240][686]LogBlueprintUserMessages: [FirstPersonCharacter_C_8] true
[2016.01.15-10.18.28:704][710]LogBlueprintUserMessages: [BP_Wall2] NoTouch
[2016.01.15-10.18.34:337][999]LogBlueprintUserMessages: [BP_Wall23] OnTOUCH
[2016.01.15-10.18.34:782][ 22]LogBlueprintUserMessages: [BP_Wall23] NoTouch
[2016.01.15-10.18.36:336][102]LogBlueprintUserMessages: [BP_Wall23] OnTOUCH
[2016.01.15-10.18.37:126][143]LogBlueprintUserMessages: [BP_Wall23] NoTouch
[2016.01.15-10.18.38:753][227]LogBlueprintUserMessages: [BP_Wall23] OnTOUCH
[2016.01.15-10.18.38:753][227]LogBlueprintUserMessages: [BP_Wall23] NoTouch
[2016.01.15-10.18.38:773][228]LogBlueprintUserMessages: [BP_Wall23] OnTOUCH
[2016.01.15-10.18.38:774][228]LogBlueprintUserMessages: [FirstPersonCharacter_C_8] touchWall
[2016.01.15-10.18.38:774][228]LogBlueprintUserMessages: [FirstPersonCharacter_C_8] true
[2016.01.15-10.18.39:312][256]LogBlueprintUserMessages: [BP_Wall23] NoTouch
[2016.01.15-10.18.39:973][290]LogBlueprintUserMessages: [BP_Wall3] OnTOUCH
[2016.01.15-10.18.39:973][290]LogBlueprintUserMessages: [BP_Wall3] NoTouch
[2016.01.15-10.18.39:993][291]LogBlueprintUserMessages: [BP_Wall3] OnTOUCH
[2016.01.15-10.18.39:993][291]LogBlueprintUserMessages: [FirstPersonCharacter_C_8] touchWall
[2016.01.15-10.18.39:993][291]LogBlueprintUserMessages: [FirstPersonCharacter_C_8] true
[2016.01.15-10.18.40:538][317]LogBlueprintUserMessages: [BP_Wall3] NoTouch
[2016.01.15-10.18.41:268][354]LogBlueprintUserMessages: [BP_Wall18] OnTOUCH
[2016.01.15-10.18.41:268][354]LogBlueprintUserMessages: [BP_Wall18] NoTouch
[2016.01.15-10.18.41:289][355]LogBlueprintUserMessages: [BP_Wall18] OnTOUCH
[2016.01.15-10.18.41:289][355]LogBlueprintUserMessages: [FirstPersonCharacter_C_8] touchWall
[2016.01.15-10.18.41:289][355]LogBlueprintUserMessages: [FirstPersonCharacter_C_8] true
[2016.01.15-10.18.41:673][375]LogBlueprintUserMessages: [BP_Wall18] NoTouch
[2016.01.15-10.18.42:501][418]LogBlueprintUserMessages: [BP_Wall2] OnTOUCH
[2016.01.15-10.18.42:501][418]LogBlueprintUserMessages: [BP_Wall2] NoTouch
[2016.01.15-10.18.42:520][419]LogBlueprintUserMessages: [BP_Wall2] OnTOUCH
[2016.01.15-10.18.42:521][419]LogBlueprintUserMessages: [FirstPersonCharacter_C_8] touchWall
[2016.01.15-10.18.42:521][419]LogBlueprintUserMessages: [FirstPersonCharacter_C_8] true
[2016.01.15-10.18.43:036][446]LogBlueprintUserMessages: [BP_Wall2] NoTouch
[2016.01.15-10.18.43:731][482]LogBlueprintUserMessages: [BP_Wall18] OnTOUCH
[2016.01.15-10.18.43:731][482]LogBlueprintUserMessages: [BP_Wall18] NoTouch
[2016.01.15-10.18.43:751][483]LogBlueprintUserMessages: [BP_Wall18] OnTOUCH
[2016.01.15-10.18.43:925][492]LogBlueprintUserMessages: [FirstPersonCharacter_C_8] touchWall
[2016.01.15-10.18.43:925][492]LogBlueprintUserMessages: [FirstPersonCharacter_C_8] true
[2016.01.15-10.18.44:022][497]LogBlueprintUserMessages: [BP_Wall21] OnTOUCH
[2016.01.15-10.18.44:022][497]LogBlueprintUserMessages: [BP_Wall18] NoTouch
[2016.01.15-10.18.44:022][497]LogBlueprintUserMessages: [BP_Wall21] NoTouch
[2016.01.15-10.18.44:097][501]LogBlueprintUserMessages: [BP_Wall21] OnTOUCH
[2016.01.15-10.18.44:097][501]LogBlueprintUserMessages: [FirstPersonCharacter_C_8] touchWall
[2016.01.15-10.18.44:097][501]LogBlueprintUserMessages: [FirstPersonCharacter_C_8] true
[2016.01.15-10.18.44:496][522]LogBlueprintUserMessages: [BP_Wall21] NoTouch
[2016.01.15-10.18.45:245][561]LogBlueprintUserMessages: [BP_Wall_374] OnTOUCH
[2016.01.15-10.18.45:245][561]LogBlueprintUserMessages: [BP_Wall_374] NoTouch
[2016.01.15-10.18.45:265][562]LogBlueprintUserMessages: [BP_Wall_374] OnTOUCH
[2016.01.15-10.18.45:265][562]LogBlueprintUserMessages: [FirstPersonCharacter_C_8] touchWall
[2016.01.15-10.18.45:265][562]LogBlueprintUserMessages: [FirstPersonCharacter_C_8] true
[2016.01.15-10.18.45:769][588]LogBlueprintUserMessages: [BP_Wall_374] NoTouch
[2016.01.15-10.18.46:309][616]LogBlueprintUserMessages: [BP_Wall21] OnTOUCH
[2016.01.15-10.18.46:309][616]LogBlueprintUserMessages: [BP_Wall21] NoTouch
[2016.01.15-10.18.46:328][617]LogBlueprintUserMessages: [BP_Wall21] OnTOUCH
[2016.01.15-10.18.46:580][630]LogBlueprintUserMessages: [FirstPersonCharacter_C_8] touchWall
[2016.01.15-10.18.46:580][630]LogBlueprintUserMessages: [FirstPersonCharacter_C_8] true
[2016.01.15-10.18.46:659][634]LogBlueprintUserMessages: [BP_Wall20] OnTOUCH
[2016.01.15-10.18.46:659][634]LogBlueprintUserMessages: [BP_Wall21] NoTouch
[2016.01.15-10.18.46:659][634]LogBlueprintUserMessages: [BP_Wall20] NoTouch
[2016.01.15-10.18.46:678][635]LogBlueprintUserMessages: [BP_Wall20] OnTOUCH
[2016.01.15-10.18.46:678][635]LogBlueprintUserMessages: [FirstPersonCharacter_C_8] touchWall
[2016.01.15-10.18.46:678][635]LogBlueprintUserMessages: [FirstPersonCharacter_C_8] true
[2016.01.15-10.18.47:125][658]LogBlueprintUserMessages: [BP_Wall20] NoTouch
[2016.01.15-10.18.50:492][829]LogBlueprintUserMessages: [FirstPersonCharacter_C_8] 1
[2016.01.15-10.18.50:492][829]LogBlueprintUserMessages: [FirstPersonCharacter_C_8] 1
[2016.01.15-10.18.54:456][ 34]LogBlueprintUserMessages: [CoffreNormal2_1905] 3
[2016.01.15-10.18.54:456][ 34]LogBlueprintUserMessages: [CoffreNormal2_1905] 3
[2016.01.15-10.19.00:754][358]LogBlueprintUserMessages: [FirstPersonCharacter_C_8] 2
[2016.01.15-10.19.00:754][358]LogBlueprintUserMessages: [FirstPersonCharacter_C_8] 2
[2016.01.15-10.19.06:470][654]LogBlueprintUserMessages: [FirstPersonCharacter_C_8] 1
[2016.01.15-10.19.06:470][654]LogBlueprintUserMessages: [FirstPersonCharacter_C_8] 1
[2016.01.15-10.19.14:557][ 53]LogBlueprintUserMessages: Early EndPlayMap Detection: Level '/Game/FirstPersonBP/Maps/Boss.Boss:PersistentLevel' has LevelScriptBlueprint '/Game/FirstPersonBP/Maps/Boss.Boss:PersistentLevel.Boss' with GeneratedClass '/Game/FirstPersonBP/Maps/Boss.Boss_C' with ClassGeneratedBy '/Game/FirstPersonBP/Maps/Boss.Boss:PersistentLevel.Boss'
[2016.01.15-10.19.14:631][ 53]LogBlueprintUserMessages: Late EndPlayMap Detection: Level '/Game/FirstPersonBP/Maps/Boss.Boss:PersistentLevel' has LevelScriptBlueprint '/Game/FirstPersonBP/Maps/Boss.Boss:PersistentLevel.Boss' with GeneratedClass '/Game/FirstPersonBP/Maps/Boss.Boss_C' with ClassGeneratedBy '/Game/FirstPersonBP/Maps/Boss.Boss:PersistentLevel.Boss'
[2016.01.15-10.19.14:788][ 54]LogParticles: Destroying 0 GPU particle simulations for FXSystem 0x000000DA7F776980
[2016.01.15-10.20.21:673][829]BlueprintLog: New page: Compile Boss
[2016.01.15-10.20.21:869][829]BlueprintEditorCompileResults: Info [0480.50] Compile of Boss successful! [in 195 ms]
[2016.01.15-10.20.27:366][999]LogSavePackage: Save=555.440979ms
[2016.01.15-10.20.27:366][999]LogSavePackage: Moving 'D:/Disque C/Isart GD2/Level Design/Travaux/ShadowerFall/Saved/Boss9B23C8C84919737607E06DAF1A8ABEC8.tmp' to 'D:/Disque C/Isart GD2/Level Design/Travaux/ShadowerFall/Content/FirstPersonBP/Maps/Boss.umap'
[2016.01.15-10.20.27:367][999]LogSavePackage: Total save time: 562.608685ms
[2016.01.15-10.20.27:367][999]LogSavePackage:Warning: Finished SavePackage D:/Disque C/Isart GD2/Level Design/Travaux/ShadowerFall/Content/FirstPersonBP/Maps/Boss.umap
[2016.01.15-10.20.27:390][999]LogFileHelpers: Saving map 'Boss' took 0.700
[2016.01.15-10.20.27:504][999]LogWindowsTextInputMethodSystem:Display: IME system now deactivated.
[2016.01.15-10.20.27:747][  0]Cmd: QUIT_EDITOR
[2016.01.15-10.20.28:089][  0]LogExit: Preparing to exit.
[2016.01.15-10.20.28:846][  0]LogExit: Editor shut down
[2016.01.15-10.20.28:846][  0]LogExit: Transaction tracking system shut down
[2016.01.15-10.20.28:852][  0]LogParticles: Destroying 0 GPU particle simulations for FXSystem 0x000000DA51877880
[2016.01.15-10.20.28:852][  0]LogParticles: Destroying 0 GPU particle simulations for FXSystem 0x000000DA52688540
[2016.01.15-10.20.28:852][  0]LogParticles: Destroying 0 GPU particle simulations for FXSystem 0x000000DA517842C0
[2016.01.15-10.20.28:853][  0]LogParticles: Destroying 0 GPU particle simulations for FXSystem 0x000000DA47472E80
[2016.01.15-10.20.28:854][  0]LogParticles: Destroying 0 GPU particle simulations for FXSystem 0x000000DA573720C0
[2016.01.15-10.20.29:021][  0]LogExit: Object subsystem successfully closed.
[2016.01.15-10.20.29:028][  0]LogD3D11RHI: Shutdown
[2016.01.15-10.20.29:028][  0]LogD3D11RHI: CleanupD3DDevice
[2016.01.15-10.20.29:080][  0]LogD3D11RHI: ~FD3D11DynamicRHI
[2016.01.15-10.20.29:110][  0]LogModuleManager: Shutting down and abandoning module BlueprintGraph (198)
[2016.01.15-10.20.29:110][  0]LogModuleManager: Shutting down and abandoning module CrashTracker (197)
[2016.01.15-10.20.29:110][  0]LogModuleManager: Shutting down and abandoning module SceneOutliner (196)
[2016.01.15-10.20.29:110][  0]LogModuleManager: Shutting down and abandoning module SuperSearch (195)
[2016.01.15-10.20.29:110][  0]LogModuleManager: Shutting down and abandoning module WidgetCarousel (194)
[2016.01.15-10.20.29:110][  0]LogModuleManager: Shutting down and abandoning module AddContentDialog (193)
[2016.01.15-10.20.29:111][  0]LogModuleManager: Shutting down and abandoning module EditorWidgets (192)
[2016.01.15-10.20.29:111][  0]LogModuleManager: Shutting down and abandoning module CollectionManager (191)
[2016.01.15-10.20.29:111][  0]LogModuleManager: Shutting down and abandoning module StatsViewer (190)
[2016.01.15-10.20.29:111][  0]LogModuleManager: Shutting down and abandoning module FoliageEdit (189)
[2016.01.15-10.20.29:111][  0]LogModuleManager: Shutting down and abandoning module LandscapeEditor (188)
[2016.01.15-10.20.29:111][  0]LogModuleManager: Shutting down and abandoning module ActorPickerMode (187)
[2016.01.15-10.20.29:111][  0]LogModuleManager: Shutting down and abandoning module GeometryMode (186)
[2016.01.15-10.20.29:111][  0]LogModuleManager: Shutting down and abandoning module TextureAlignMode (185)
[2016.01.15-10.20.29:111][  0]LogModuleManager: Shutting down and abandoning module BspMode (184)
[2016.01.15-10.20.29:111][  0]LogModuleManager: Shutting down and abandoning module PlacementMode (183)
[2016.01.15-10.20.29:111][  0]LogModuleManager: Shutting down and abandoning module AutomationWorker (182)
[2016.01.15-10.20.29:111][  0]LogModuleManager: Shutting down and abandoning module CharacterAI (181)
[2016.01.15-10.20.29:111][  0]LogModuleManager: Shutting down and abandoning module SmartSnapping (180)
[2016.01.15-10.20.29:112][  0]LogModuleManager: Shutting down and abandoning module ViewportSnapping (179)
[2016.01.15-10.20.29:112][  0]LogModuleManager: Shutting down and abandoning module LogVisualizer (178)
[2016.01.15-10.20.29:112][  0]LogModuleManager: Shutting down and abandoning module GameProjectGeneration (177)
[2016.01.15-10.20.29:112][  0]LogModuleManager: Shutting down and abandoning module IntroTutorials (176)
[2016.01.15-10.20.29:112][  0]LogModuleManager: Shutting down and abandoning module EditorLiveStreaming (175)
[2016.01.15-10.20.29:112][  0]LogModuleManager: Shutting down and abandoning module IOSPlatformEditor (174)
[2016.01.15-10.20.29:112][  0]LogModuleManager: Shutting down and abandoning module HTML5PlatformEditor (173)
[2016.01.15-10.20.29:112][  0]LogModuleManager: Shutting down and abandoning module AndroidDeviceDetection (172)
[2016.01.15-10.20.29:684][  0]LogModuleManager: Shutting down and abandoning module AndroidPlatformEditor (171)
[2016.01.15-10.20.29:684][  0]LogModuleManager: Shutting down and abandoning module IOSRuntimeSettings (170)
[2016.01.15-10.20.29:684][  0]LogModuleManager: Shutting down and abandoning module AndroidRuntimeSettings (169)
[2016.01.15-10.20.29:684][  0]LogModuleManager: Shutting down and abandoning module MergeActors (168)
[2016.01.15-10.20.29:684][  0]LogModuleManager: Shutting down and abandoning module SizeMap (167)
[2016.01.15-10.20.29:684][  0]LogModuleManager: Shutting down and abandoning module TreeMap (166)
[2016.01.15-10.20.29:684][  0]LogModuleManager: Shutting down and abandoning module ReferenceViewer (165)
[2016.01.15-10.20.29:684][  0]LogModuleManager: Shutting down and abandoning module LocalizationService (164)
[2016.01.15-10.20.29:684][  0]LogModuleManager: Shutting down and abandoning module LocalizationDashboard (163)
[2016.01.15-10.20.29:685][  0]LogModuleManager: Shutting down and abandoning module HardwareTargeting (162)
[2016.01.15-10.20.29:685][  0]LogModuleManager: Shutting down and abandoning module DeviceProfileEditor (161)
[2016.01.15-10.20.29:685][  0]LogModuleManager: Shutting down and abandoning module UndoHistory (160)
[2016.01.15-10.20.29:685][  0]LogModuleManager: Shutting down and abandoning module GameplayTagsEditor (159)
[2016.01.15-10.20.29:685][  0]LogModuleManager: Shutting down and abandoning module UserFeedback (158)
[2016.01.15-10.20.29:685][  0]LogModuleManager: Shutting down and abandoning module XmlParser (157)
[2016.01.15-10.20.29:685][  0]LogModuleManager: Shutting down and abandoning module Blutility (156)
[2016.01.15-10.20.29:685][  0]LogModuleManager: Shutting down and abandoning module ProjectTargetPlatformEditor (155)
[2016.01.15-10.20.29:685][  0]LogModuleManager: Shutting down and abandoning module ProjectSettingsViewer (154)
[2016.01.15-10.20.29:685][  0]LogModuleManager: Shutting down and abandoning module InputBindingEditor (153)
[2016.01.15-10.20.29:687][  0]LogModuleManager: Shutting down and abandoning module EditorSettingsViewer (152)
[2016.01.15-10.20.29:687][  0]LogModuleManager: Shutting down and abandoning module SettingsEditor (151)
[2016.01.15-10.20.29:687][  0]LogModuleManager: Shutting down and abandoning module ProjectLauncher (150)
[2016.01.15-10.20.29:687][  0]LogModuleManager: Shutting down and abandoning module SessionFrontend (149)
[2016.01.15-10.20.29:687][  0]LogModuleManager: Shutting down and abandoning module ProfilerClient (148)
[2016.01.15-10.20.29:687][  0]LogModuleManager: Shutting down and abandoning module TargetDeviceServices (147)
[2016.01.15-10.20.29:687][  0]LogModuleManager: Shutting down and abandoning module DeviceManager (146)
[2016.01.15-10.20.29:687][  0]LogModuleManager: Shutting down and abandoning module AutomationController (145)
[2016.01.15-10.20.29:687][  0]LogModuleManager: Shutting down and abandoning module AutomationWindow (144)
[2016.01.15-10.20.29:687][  0]LogModuleManager: Shutting down and abandoning module Layers (143)
[2016.01.15-10.20.29:688][  0]LogModuleManager: Shutting down and abandoning module ComponentVisualizers (142)
[2016.01.15-10.20.29:688][  0]LogModuleManager: Shutting down and abandoning module DetailCustomizations (141)
[2016.01.15-10.20.29:688][  0]LogModuleManager: Shutting down and abandoning module PackagesDialog (140)
[2016.01.15-10.20.29:688][  0]LogModuleManager: Shutting down and abandoning module Persona (139)
[2016.01.15-10.20.29:688][  0]LogModuleManager: Shutting down and abandoning module Kismet (138)
[2016.01.15-10.20.29:688][  0]LogModuleManager: Shutting down and abandoning module GraphEditor (137)
[2016.01.15-10.20.29:688][  0]LogModuleManager: Shutting down and abandoning module ClassViewer (136)
[2016.01.15-10.20.29:688][  0]LogModuleManager: Shutting down and abandoning module Toolbox (135)
[2016.01.15-10.20.29:688][  0]LogModuleManager: Shutting down and abandoning module ModuleUI (134)
[2016.01.15-10.20.29:688][  0]LogModuleManager: Shutting down and abandoning module MovieSceneTools (133)
[2016.01.15-10.20.29:688][  0]LogModuleManager: Shutting down and abandoning module OutputLog (132)
[2016.01.15-10.20.29:689][  0]LogModuleManager: Shutting down and abandoning module GammaUI (131)
[2016.01.15-10.20.29:689][  0]LogModuleManager: Shutting down and abandoning module Documentation (130)
[2016.01.15-10.20.29:689][  0]LogModuleManager: Shutting down and abandoning module GameLiveStreaming (129)
[2016.01.15-10.20.29:689][  0]LogModuleManager: Shutting down and abandoning module StreamingPauseRendering (128)
[2016.01.15-10.20.29:689][  0]LogModuleManager: Shutting down and abandoning module AnalyticsET (127)
[2016.01.15-10.20.29:689][  0]LogModuleManager: Shutting down and abandoning module Analytics (126)
[2016.01.15-10.20.29:689][  0]LogModuleManager: Shutting down and abandoning module AITestSuite (125)
[2016.01.15-10.20.29:689][  0]LogModuleManager: Shutting down and abandoning module GameplayDebugger (124)
[2016.01.15-10.20.29:689][  0]LogModuleManager: Shutting down and abandoning module AIModule (123)
[2016.01.15-10.20.29:689][  0]LogModuleManager: Shutting down and abandoning module ProfilerService (122)
[2016.01.15-10.20.29:802][  0]LogModuleManager: Shutting down and abandoning module TaskGraph (121)
[2016.01.15-10.20.29:802][  0]LogModuleManager: Shutting down and abandoning module SlateRemote (120)
[2016.01.15-10.20.29:802][  0]LogModuleManager: Shutting down and abandoning module SteamVRController (119)
[2016.01.15-10.20.29:802][  0]LogModuleManager: Shutting down and abandoning module SteamVR (118)
[2016.01.15-10.20.29:802][  0]LogModuleManager: Shutting down and abandoning module ProceduralMeshComponent (117)
[2016.01.15-10.20.29:802][  0]LogModuleManager: Shutting down and abandoning module OculusRift (116)
[2016.01.15-10.20.29:802][  0]LogModuleManager: Shutting down and abandoning module OculusLibrary (115)
[2016.01.15-10.20.29:803][  0]LogModuleManager: Shutting down and abandoning module LeapMotionController (114)
[2016.01.15-10.20.29:839][  0]LogModuleManager: Shutting down and abandoning module CustomMeshComponent (113)
[2016.01.15-10.20.29:839][  0]LogModuleManager: Shutting down and abandoning module CableComponent (112)
[2016.01.15-10.20.29:839][  0]LogModuleManager: Shutting down and abandoning module ArchVisCharacter (111)
[2016.01.15-10.20.29:839][  0]LogModuleManager: Shutting down and abandoning module MessagingDebugger (110)
[2016.01.15-10.20.29:840][  0]LogModuleManager: Shutting down and abandoning module MediaPlayerEditor (109)
[2016.01.15-10.20.29:840][  0]LogModuleManager: Shutting down and abandoning module HTML5Networking (108)
[2016.01.15-10.20.29:840][  0]LogModuleManager: Shutting down and abandoning module SpeedTreeImporter (107)
[2016.01.15-10.20.29:840][  0]LogModuleManager: Shutting down and abandoning module PluginBrowser (106)
[2016.01.15-10.20.29:840][  0]LogModuleManager: Shutting down and abandoning module EpicSurvey (105)
[2016.01.15-10.20.29:840][  0]LogModuleManager: Shutting down and abandoning module DesktopPlatform (104)
[2016.01.15-10.20.29:840][  0]LogModuleManager: Shutting down and abandoning module VisualStudioSourceCodeAccess (103)
[2016.01.15-10.20.29:840][  0]LogModuleManager: Shutting down and abandoning module UObjectPlugin (102)
[2016.01.15-10.20.29:840][  0]LogModuleManager: Shutting down and abandoning module SubversionSourceControl (101)
[2016.01.15-10.20.29:840][  0]LogModuleManager: Shutting down and abandoning module PerforceSourceControl (100)
[2016.01.15-10.20.29:840][  0]LogModuleManager: Shutting down and abandoning module SourceControl (99)
[2016.01.15-10.20.29:840][  0]LogModuleManager: Shutting down and abandoning module GitSourceControl (98)
[2016.01.15-10.20.29:840][  0]LogModuleManager: Shutting down and abandoning module LightPropagationVolumeEditor (97)
[2016.01.15-10.20.29:840][  0]LogModuleManager: Shutting down and abandoning module PaperTiledImporter (96)
[2016.01.15-10.20.29:840][  0]LogModuleManager: Shutting down and abandoning module PaperSpriteSheetImporter (95)
[2016.01.15-10.20.29:840][  0]LogModuleManager: Shutting down and abandoning module MeshPaint (94)
[2016.01.15-10.20.29:841][  0]LogModuleManager: Shutting down and abandoning module SlateReflector (93)
[2016.01.15-10.20.29:841][  0]LogModuleManager: Shutting down and abandoning module HotReload (92)
[2016.01.15-10.20.29:841][  0]LogModuleManager: Shutting down and abandoning module MainFrame (91)
[2016.01.15-10.20.29:841][  0]LogModuleManager: Shutting down and abandoning module LevelEditor (90)
[2016.01.15-10.20.29:843][  0]LogModuleManager: Shutting down and abandoning module DirectoryWatcher (89)
[2016.01.15-10.20.29:845][  0]LogModuleManager: Shutting down and abandoning module AssetRegistry (88)
[2016.01.15-10.20.29:932][  0]LogModuleManager: Shutting down and abandoning module ContentBrowser (87)
[2016.01.15-10.20.29:933][  0]LogModuleManager: Shutting down and abandoning module Paper2DEditor (86)
[2016.01.15-10.20.29:933][  0]LogModuleManager: Shutting down and abandoning module UdpMessaging (85)
[2016.01.15-10.20.30:033][  0]LogModuleManager: Shutting down and abandoning module LightPropagationVolumeRuntime (84)
[2016.01.15-10.20.30:033][  0]LogModuleManager: Shutting down and abandoning module Paper2D (83)
[2016.01.15-10.20.30:033][  0]LogModuleManager: Shutting down and abandoning module WindowsMoviePlayer (82)
[2016.01.15-10.20.30:037][  0]LogModuleManager: Shutting down and abandoning module Media (81)
[2016.01.15-10.20.30:037][  0]LogModuleManager: Shutting down and abandoning module WmfMedia (80)
[2016.01.15-10.20.30:037][  0]LogModuleManager: Shutting down and abandoning module OnlineBlueprintSupport (79)
[2016.01.15-10.20.30:037][  0]LogModuleManager: Shutting down and abandoning module GameplayTasksEditor (78)
[2016.01.15-10.20.30:037][  0]LogModuleManager: Shutting down and abandoning module PropertyEditor (77)
[2016.01.15-10.20.30:037][  0]LogModuleManager: Shutting down and abandoning module BehaviorTreeEditor (76)
[2016.01.15-10.20.30:037][  0]LogModuleManager: Shutting down and abandoning module FunctionalTesting (75)
[2016.01.15-10.20.30:037][  0]LogModuleManager: Shutting down and abandoning module CollisionAnalyzer (74)
[2016.01.15-10.20.30:037][  0]LogModuleManager: Shutting down and abandoning module WorkspaceMenuStructure (73)
[2016.01.15-10.20.30:037][  0]LogModuleManager: Shutting down and abandoning module MessageLog (72)
[2016.01.15-10.20.30:037][  0]LogModuleManager: Shutting down and abandoning module Sequencer (71)
[2016.01.15-10.20.30:037][  0]LogModuleManager: Shutting down and abandoning module AssetTools (70)
[2016.01.15-10.20.30:037][  0]LogModuleManager: Shutting down and abandoning module UMGEditor (69)
[2016.01.15-10.20.30:037][  0]LogModuleManager: Shutting down and abandoning module UMG (68)
[2016.01.15-10.20.30:037][  0]LogModuleManager: Shutting down and abandoning module Slate (67)
[2016.01.15-10.20.30:037][  0]LogModuleManager: Shutting down and abandoning module EditorStyle (66)
[2016.01.15-10.20.30:042][  0]LogModuleManager: Shutting down and abandoning module SessionServices (65)
[2016.01.15-10.20.30:042][  0]LogModuleManager: Shutting down and abandoning module SourceCodeAccess (64)
[2016.01.15-10.20.30:042][  0]LogModuleManager: Shutting down and abandoning module HeadMountedDisplay (63)
[2016.01.15-10.20.30:042][  0]LogModuleManager: Shutting down and abandoning module XAudio2 (62)
[2016.01.15-10.20.30:042][  0]LogModuleManager: Shutting down and abandoning module Networking (60)
[2016.01.15-10.20.30:042][  0]LogModuleManager: Shutting down and abandoning module Core (59)
[2016.01.15-10.20.30:042][  0]LogModuleManager: Shutting down and abandoning module KismetCompiler (58)
[2016.01.15-10.20.30:042][  0]LogModuleManager: Shutting down and abandoning module PhysXFormats (57)
[2016.01.15-10.20.30:042][  0]LogModuleManager: Shutting down and abandoning module MeshUtilities (56)
[2016.01.15-10.20.30:042][  0]LogModuleManager: Shutting down and abandoning module CookingStats (55)
[2016.01.15-10.20.30:043][  0]LogModuleManager: Shutting down and abandoning module DerivedDataCache (54)
[2016.01.15-10.20.30:128][  0]LogDerivedDataCache: Shutdown
[2016.01.15-10.20.30:128][  0]LogModuleManager: Shutting down and abandoning module ShaderFormatOpenGL (53)
[2016.01.15-10.20.30:128][  0]LogModuleManager: Shutting down and abandoning module ShaderFormatD3D (52)
[2016.01.15-10.20.30:128][  0]LogModuleManager: Shutting down and abandoning module MetalShaderFormat (51)
[2016.01.15-10.20.30:128][  0]LogModuleManager: Shutting down and abandoning module TextureFormatUncompressed (50)
[2016.01.15-10.20.30:128][  0]LogModuleManager: Shutting down and abandoning module TextureFormatPVR (49)
[2016.01.15-10.20.30:128][  0]LogModuleManager: Shutting down and abandoning module TextureFormatIntelISPCTexComp (48)
[2016.01.15-10.20.30:128][  0]LogModuleManager: Shutting down and abandoning module TextureFormatDXT (47)
[2016.01.15-10.20.30:128][  0]LogModuleManager: Shutting down and abandoning module ImageWrapper (46)
[2016.01.15-10.20.30:128][  0]LogModuleManager: Shutting down and abandoning module TextureFormatASTC (45)
[2016.01.15-10.20.30:128][  0]LogModuleManager: Shutting down and abandoning module TextureFormatAndroid (44)
[2016.01.15-10.20.30:128][  0]LogModuleManager: Shutting down and abandoning module AudioFormatOpus (43)
[2016.01.15-10.20.30:128][  0]LogModuleManager: Shutting down and abandoning module AudioFormatOgg (42)
[2016.01.15-10.20.30:128][  0]LogModuleManager: Shutting down and abandoning module AudioFormatADPCM (41)
[2016.01.15-10.20.30:128][  0]LogModuleManager: Shutting down and abandoning module LinuxTargetPlatform (40)
[2016.01.15-10.20.30:128][  0]LogModuleManager: Shutting down and abandoning module LinuxServerTargetPlatform (39)
[2016.01.15-10.20.30:128][  0]LogModuleManager: Shutting down and abandoning module LinuxNoEditorTargetPlatform (38)
[2016.01.15-10.20.30:128][  0]LogModuleManager: Shutting down and abandoning module Messaging (37)
[2016.01.15-10.20.30:128][  0]LogModuleManager: Shutting down and abandoning module IOSTargetPlatform (36)
[2016.01.15-10.20.30:128][  0]LogModuleManager: Shutting down and abandoning module HTML5TargetPlatform (35)
[2016.01.15-10.20.30:128][  0]LogModuleManager: Shutting down and abandoning module Android_PVRTCTargetPlatform (34)
[2016.01.15-10.20.30:128][  0]LogModuleManager: Shutting down and abandoning module Android_ETC2TargetPlatform (33)
[2016.01.15-10.20.30:128][  0]LogModuleManager: Shutting down and abandoning module Android_ETC1TargetPlatform (32)
[2016.01.15-10.20.30:128][  0]LogModuleManager: Shutting down and abandoning module Android_DXTTargetPlatform (31)
[2016.01.15-10.20.30:128][  0]LogModuleManager: Shutting down and abandoning module Android_ATCTargetPlatform (30)
[2016.01.15-10.20.30:128][  0]LogModuleManager: Shutting down and abandoning module Android_ASTCTargetPlatform (29)
[2016.01.15-10.20.30:128][  0]LogModuleManager: Shutting down and abandoning module AndroidTargetPlatform (28)
[2016.01.15-10.20.30:128][  0]LogModuleManager: Shutting down and abandoning module WindowsTargetPlatform (27)
[2016.01.15-10.20.30:128][  0]LogModuleManager: Shutting down and abandoning module WindowsServerTargetPlatform (26)
[2016.01.15-10.20.30:128][  0]LogModuleManager: Shutting down and abandoning module WindowsNoEditorTargetPlatform (25)
[2016.01.15-10.20.30:128][  0]LogModuleManager: Shutting down and abandoning module WindowsClientTargetPlatform (24)
[2016.01.15-10.20.30:128][  0]LogModuleManager: Shutting down and abandoning module AllDesktopTargetPlatform (23)
[2016.01.15-10.20.30:128][  0]LogModuleManager: Shutting down and abandoning module TargetPlatform (22)
[2016.01.15-10.20.30:128][  0]LogModuleManager: Shutting down and abandoning module InputCore (21)
[2016.01.15-10.20.30:128][  0]LogModuleManager: Shutting down and abandoning module Settings (20)
[2016.01.15-10.20.30:128][  0]LogModuleManager: Shutting down and abandoning module OnlineSubsystem (18)
[2016.01.15-10.20.30:128][  0]LogModuleManager: Shutting down and abandoning module HTTP (17)
[2016.01.15-10.20.32:131][  0]LogModuleManager: Shutting down and abandoning module XMPP (16)
[2016.01.15-10.20.32:131][  0]LogModuleManager: Shutting down and abandoning module ExampleDeviceProfileSelector (15)
[2016.01.15-10.20.32:131][  0]LogModuleManager: Shutting down and abandoning module TextureCompressor (14)
[2016.01.15-10.20.32:132][  0]LogModuleManager: Shutting down and abandoning module ShaderCore (13)
[2016.01.15-10.20.32:132][  0]LogModuleManager: Shutting down and abandoning module Landscape (12)
[2016.01.15-10.20.32:132][  0]LogModuleManager: Shutting down and abandoning module SlateRHIRenderer (11)
[2016.01.15-10.20.32:140][  0]LogModuleManager: Shutting down and abandoning module OpenGLDrv (10)
[2016.01.15-10.20.32:140][  0]LogModuleManager: Shutting down and abandoning module D3D11RHI (9)
[2016.01.15-10.20.32:140][  0]LogModuleManager: Shutting down and abandoning module AnimGraphRuntime (8)
[2016.01.15-10.20.32:140][  0]LogModuleManager: Shutting down and abandoning module Renderer (7)
[2016.01.15-10.20.32:140][  0]LogModuleManager: Shutting down and abandoning module Engine (6)
[2016.01.15-10.20.32:140][  0]LogModuleManager: Shutting down and abandoning module CoreUObject (5)
[2016.01.15-10.20.32:140][  0]LogModuleManager: Shutting down and abandoning module NetworkFile (4)
[2016.01.15-10.20.32:140][  0]LogModuleManager: Shutting down and abandoning module StreamingFile (3)
[2016.01.15-10.20.32:140][  0]LogModuleManager: Shutting down and abandoning module SandboxFile (2)
[2016.01.15-10.20.32:140][  0]LogModuleManager: Shutting down and abandoning module PakFile (1)
[2016.01.15-10.20.32:142][  0]LogExit: Exiting.
[2016.01.15-10.20.32:194][  0]Log file closed, 01/15/16 05:20:32
